ARM GAS  /tmp/ccl2Cwbo.s 			page 1


   1              		.syntax unified
   2              		.cpu cortex-m4
   3              		.fpu softvfp
   4              		.eabi_attribute 20, 1
   5              		.eabi_attribute 21, 1
   6              		.eabi_attribute 23, 3
   7              		.eabi_attribute 24, 1
   8              		.eabi_attribute 25, 1
   9              		.eabi_attribute 26, 1
  10              		.eabi_attribute 30, 6
  11              		.eabi_attribute 34, 1
  12              		.eabi_attribute 18, 4
  13              		.thumb
  14              		.file	"AudioBV_Manager.c"
  15              		.text
  16              	.Ltext0:
  17              		.cfi_sections	.debug_frame
  18              		.global	osx_bv_license
  19              		.bss
  20              		.align	2
  21              		.type	osx_bv_license, %object
  22              		.size	osx_bv_license, 48
  23              	osx_bv_license:
  24 0000 00000000 		.space	48
  24      00000000 
  24      00000000 
  24      00000000 
  24      00000000 
  25              		.comm	SendBlueVoice,1,1
  26              		.align	2
  27              	led_toggle_count:
  28 0030 00000000 		.space	4
  29              		.comm	BLUEVOICE_Config,4,4
  30              		.comm	bvStat,1,1
  31              		.text
  32              		.align	2
  33              		.p2align 4,,15
  34              		.global	AudioBV_License_init
  35              		.thumb
  36              		.thumb_func
  37              		.type	AudioBV_License_init, %function
  38              	AudioBV_License_init:
  39              	.LFB125:
  40              		.file 1 "../../../../../Projects/Multi/Applications/BlueMicrosystem2/Src/AudioBV_Manager.c"
  41              		.loc 1 63 0
  42              		.cfi_startproc
  43              		@ args = 0, pretend = 0, frame = 8
  44              		@ frame_needed = 0, uses_anonymous_args = 0
  45 0000 00B5     		push	{lr}
  46              		.cfi_def_cfa_offset 4
  47              		.cfi_offset 14, -4
  48 0002 83B0     		sub	sp, sp, #12
  49              		.cfi_def_cfa_offset 16
  50 0004 0190     		str	r0, [sp, #4]
  51              		.loc 1 64 0
  52 0006 019B     		ldr	r3, [sp, #4]
  53 0008 2C33     		adds	r3, r3, #44
ARM GAS  /tmp/ccl2Cwbo.s 			page 2


  54 000a 1846     		mov	r0, r3
  55 000c 0349     		ldr	r1, .L2
  56 000e 3022     		movs	r2, #48
  57 0010 FFF7FEFF 		bl	memcpy
  58              		.loc 1 79 0
  59 0014 03B0     		add	sp, sp, #12
  60              		@ sp needed
  61 0016 5DF804FB 		ldr	pc, [sp], #4
  62              	.L3:
  63 001a 00BF     		.align	2
  64              	.L2:
  65 001c 00000000 		.word	osx_bv_license
  66              		.cfi_endproc
  67              	.LFE125:
  68              		.size	AudioBV_License_init, .-AudioBV_License_init
  69              		.align	2
  70              		.p2align 4,,15
  71              		.global	AudioBV_Manager_init
  72              		.thumb
  73              		.thumb_func
  74              		.type	AudioBV_Manager_init, %function
  75              	AudioBV_Manager_init:
  76              	.LFB126:
  77              		.loc 1 87 0
  78              		.cfi_startproc
  79              		@ args = 0, pretend = 0, frame = 0
  80              		@ frame_needed = 0, uses_anonymous_args = 0
  81              		@ link register save eliminated.
  82              		.loc 1 100 0
  83 0020 0C4B     		ldr	r3, .L10
  84 0022 4FF4FA52 		mov	r2, #8000
  85 0026 1A80     		strh	r2, [r3]	@ movhi
  86              		.loc 1 101 0
  87 0028 0A4B     		ldr	r3, .L10
  88 002a 0122     		movs	r2, #1
  89 002c DA70     		strb	r2, [r3, #3]
  90              		.loc 1 102 0
  91 002e 094B     		ldr	r3, .L10
  92 0030 0122     		movs	r2, #1
  93 0032 9A70     		strb	r2, [r3, #2]
  94              		.loc 1 104 0
  95 0034 084B     		ldr	r3, .L10+4
  96 0036 1B78     		ldrb	r3, [r3]	@ zero_extendqisi2
  97 0038 002B     		cmp	r3, #0
  98 003a 00D0     		beq	.L5
  99              		.loc 1 105 0
 100 003c 08E0     		b	.L6
 101              	.L5:
 102              		.loc 1 110 0
 103 003e 064B     		ldr	r3, .L10+4
 104 0040 1B78     		ldrb	r3, [r3]	@ zero_extendqisi2
 105 0042 002B     		cmp	r3, #0
 106 0044 00D0     		beq	.L7
 107              		.loc 1 111 0
 108 0046 03E0     		b	.L6
 109              	.L7:
 110              		.loc 1 115 0
ARM GAS  /tmp/ccl2Cwbo.s 			page 3


 111 0048 044B     		ldr	r3, .L10+8
 112 004a 0122     		movs	r2, #1
 113 004c 5A64     		str	r2, [r3, #68]
 114              		.loc 1 118 0
 115 004e 00E0     		b	.L9
 116              	.L6:
 117              		.loc 1 121 0 discriminator 1
 118 0050 FEE7     		b	.L6
 119              	.L9:
 120              		.loc 1 122 0
 121 0052 7047     		bx	lr
 122              	.L11:
 123              		.align	2
 124              	.L10:
 125 0054 00000000 		.word	BLUEVOICE_Config
 126 0058 00000000 		.word	bvStat
 127 005c 00000000 		.word	TargetBoardFeatures
 128              		.cfi_endproc
 129              	.LFE126:
 130              		.size	AudioBV_Manager_init, .-AudioBV_Manager_init
 131              		.align	2
 132              		.p2align 4,,15
 133              		.global	AudioProcess_BV
 134              		.thumb
 135              		.thumb_func
 136              		.type	AudioProcess_BV, %function
 137              	AudioProcess_BV:
 138              	.LFB127:
 139              		.loc 1 130 0
 140              		.cfi_startproc
 141              		@ args = 0, pretend = 0, frame = 0
 142              		@ frame_needed = 0, uses_anonymous_args = 0
 143              		@ link register save eliminated.
 144              		.loc 1 143 0
 145 0060 7047     		bx	lr
 146              		.cfi_endproc
 147              	.LFE127:
 148              		.size	AudioProcess_BV, .-AudioProcess_BV
 149              	.Letext0:
 150              		.file 2 "/nfs/nfs5/home/research/hardware/arm2/gcc-arm-embedded/gcc-arm-none-eabi-4_8-2014q2/arm-n
 151              		.file 3 "/nfs/nfs5/home/research/hardware/arm2/gcc-arm-embedded/gcc-arm-none-eabi-4_8-2014q2/arm-n
 152              		.file 4 "../../../../../Middlewares/ST/STM32_MetaDataManager/MetaDataManager.h"
 153              		.file 5 "../../../../../Middlewares/ST/STM32_OSX_BlueVoice_Library/Inc/osx_bluevoice.h"
 154              		.file 6 "../../../../../Projects/Multi/Applications/BlueMicrosystem2/Inc/TargetFeatures.h"
 155              		.file 7 "../../../../../../ChibiOS/os/ext/CMSIS/include/core_cm4.h"
 156              		.file 8 "../../../../../Projects/Multi/Applications/BlueMicrosystem2/Src/../../../../../Middleware
 157 0062 00BFAFF3 		.section	.debug_info,"",%progbits
 157      0080AFF3 
 157      0080AFF3 
 157      0080
 158              	.Ldebug_info0:
 159 0000 13040000 		.4byte	0x413
 160 0004 0400     		.2byte	0x4
 161 0006 00000000 		.4byte	.Ldebug_abbrev0
 162 000a 04       		.byte	0x4
 163 000b 01       		.uleb128 0x1
 164 000c 4F000000 		.4byte	.LASF78
ARM GAS  /tmp/ccl2Cwbo.s 			page 4


 165 0010 01       		.byte	0x1
 166 0011 58050000 		.4byte	.LASF79
 167 0015 B9010000 		.4byte	.LASF80
 168 0019 00000000 		.4byte	.Ltext0
 169 001d 62000000 		.4byte	.Letext0-.Ltext0
 170 0021 00000000 		.4byte	.Ldebug_line0
 171 0025 02       		.uleb128 0x2
 172 0026 04       		.byte	0x4
 173 0027 07       		.byte	0x7
 174 0028 CF030000 		.4byte	.LASF0
 175 002c 03       		.uleb128 0x3
 176 002d 04       		.byte	0x4
 177 002e 05       		.byte	0x5
 178 002f 696E7400 		.ascii	"int\000"
 179 0033 02       		.uleb128 0x2
 180 0034 01       		.byte	0x1
 181 0035 06       		.byte	0x6
 182 0036 A3030000 		.4byte	.LASF1
 183 003a 04       		.uleb128 0x4
 184 003b DD020000 		.4byte	.LASF5
 185 003f 02       		.byte	0x2
 186 0040 1C       		.byte	0x1c
 187 0041 45000000 		.4byte	0x45
 188 0045 02       		.uleb128 0x2
 189 0046 01       		.byte	0x1
 190 0047 08       		.byte	0x8
 191 0048 36030000 		.4byte	.LASF2
 192 004c 02       		.uleb128 0x2
 193 004d 02       		.byte	0x2
 194 004e 05       		.byte	0x5
 195 004f 5B010000 		.4byte	.LASF3
 196 0053 02       		.uleb128 0x2
 197 0054 02       		.byte	0x2
 198 0055 07       		.byte	0x7
 199 0056 EB030000 		.4byte	.LASF4
 200 005a 04       		.uleb128 0x4
 201 005b 35050000 		.4byte	.LASF6
 202 005f 02       		.byte	0x2
 203 0060 37       		.byte	0x37
 204 0061 65000000 		.4byte	0x65
 205 0065 02       		.uleb128 0x2
 206 0066 04       		.byte	0x4
 207 0067 05       		.byte	0x5
 208 0068 C6020000 		.4byte	.LASF7
 209 006c 04       		.uleb128 0x4
 210 006d 33010000 		.4byte	.LASF8
 211 0071 02       		.byte	0x2
 212 0072 38       		.byte	0x38
 213 0073 77000000 		.4byte	0x77
 214 0077 02       		.uleb128 0x2
 215 0078 04       		.byte	0x4
 216 0079 07       		.byte	0x7
 217 007a B0040000 		.4byte	.LASF9
 218 007e 02       		.uleb128 0x2
 219 007f 08       		.byte	0x8
 220 0080 05       		.byte	0x5
 221 0081 7C020000 		.4byte	.LASF10
ARM GAS  /tmp/ccl2Cwbo.s 			page 5


 222 0085 02       		.uleb128 0x2
 223 0086 08       		.byte	0x8
 224 0087 07       		.byte	0x7
 225 0088 AF030000 		.4byte	.LASF11
 226 008c 02       		.uleb128 0x2
 227 008d 04       		.byte	0x4
 228 008e 07       		.byte	0x7
 229 008f 1A010000 		.4byte	.LASF12
 230 0093 05       		.uleb128 0x5
 231 0094 04       		.byte	0x4
 232 0095 02       		.uleb128 0x2
 233 0096 01       		.byte	0x1
 234 0097 08       		.byte	0x8
 235 0098 23000000 		.4byte	.LASF13
 236 009c 04       		.uleb128 0x4
 237 009d 9A010000 		.4byte	.LASF14
 238 00a1 03       		.byte	0x3
 239 00a2 2A       		.byte	0x2a
 240 00a3 3A000000 		.4byte	0x3a
 241 00a7 04       		.uleb128 0x4
 242 00a8 46040000 		.4byte	.LASF15
 243 00ac 03       		.byte	0x3
 244 00ad 41       		.byte	0x41
 245 00ae 5A000000 		.4byte	0x5a
 246 00b2 04       		.uleb128 0x4
 247 00b3 C6030000 		.4byte	.LASF16
 248 00b7 03       		.byte	0x3
 249 00b8 42       		.byte	0x42
 250 00b9 6C000000 		.4byte	0x6c
 251 00bd 06       		.uleb128 0x6
 252 00be 9C000000 		.4byte	0x9c
 253 00c2 07       		.uleb128 0x7
 254 00c3 B2000000 		.4byte	0xb2
 255 00c7 D2000000 		.4byte	0xd2
 256 00cb 08       		.uleb128 0x8
 257 00cc 8C000000 		.4byte	0x8c
 258 00d0 0F       		.byte	0xf
 259 00d1 00       		.byte	0
 260 00d2 02       		.uleb128 0x2
 261 00d3 04       		.byte	0x4
 262 00d4 04       		.byte	0x4
 263 00d5 76020000 		.4byte	.LASF17
 264 00d9 07       		.uleb128 0x7
 265 00da 95000000 		.4byte	0x95
 266 00de E9000000 		.4byte	0xe9
 267 00e2 08       		.uleb128 0x8
 268 00e3 8C000000 		.4byte	0x8c
 269 00e7 23       		.byte	0x23
 270 00e8 00       		.byte	0
 271 00e9 09       		.uleb128 0x9
 272 00ea 9C       		.byte	0x9c
 273 00eb 04       		.byte	0x4
 274 00ec D6       		.byte	0xd6
 275 00ed 2E010000 		.4byte	0x12e
 276 00f1 0A       		.uleb128 0xa
 277 00f2 DC030000 		.4byte	.LASF18
 278 00f6 04       		.byte	0x4
ARM GAS  /tmp/ccl2Cwbo.s 			page 6


 279 00f7 D7       		.byte	0xd7
 280 00f8 B2000000 		.4byte	0xb2
 281 00fc 00       		.byte	0
 282 00fd 0A       		.uleb128 0xa
 283 00fe 7B030000 		.4byte	.LASF19
 284 0102 04       		.byte	0x4
 285 0103 D8       		.byte	0xd8
 286 0104 B2000000 		.4byte	0xb2
 287 0108 04       		.byte	0x4
 288 0109 0A       		.uleb128 0xa
 289 010a 8C010000 		.4byte	.LASF20
 290 010e 04       		.byte	0x4
 291 010f D9       		.byte	0xd9
 292 0110 D9000000 		.4byte	0xd9
 293 0114 08       		.byte	0x8
 294 0115 0A       		.uleb128 0xa
 295 0116 44030000 		.4byte	.LASF21
 296 011a 04       		.byte	0x4
 297 011b DA       		.byte	0xda
 298 011c 2E010000 		.4byte	0x12e
 299 0120 2C       		.byte	0x2c
 300 0121 0A       		.uleb128 0xa
 301 0122 D7040000 		.4byte	.LASF22
 302 0126 04       		.byte	0x4
 303 0127 DB       		.byte	0xdb
 304 0128 C2000000 		.4byte	0xc2
 305 012c 5C       		.byte	0x5c
 306 012d 00       		.byte	0
 307 012e 07       		.uleb128 0x7
 308 012f B2000000 		.4byte	0xb2
 309 0133 44010000 		.4byte	0x144
 310 0137 08       		.uleb128 0x8
 311 0138 8C000000 		.4byte	0x8c
 312 013c 02       		.byte	0x2
 313 013d 08       		.uleb128 0x8
 314 013e 8C000000 		.4byte	0x8c
 315 0142 03       		.byte	0x3
 316 0143 00       		.byte	0
 317 0144 04       		.uleb128 0x4
 318 0145 BF050000 		.4byte	.LASF23
 319 0149 04       		.byte	0x4
 320 014a DC       		.byte	0xdc
 321 014b E9000000 		.4byte	0xe9
 322 014f 0B       		.uleb128 0xb
 323 0150 02       		.byte	0x2
 324 0151 05       		.byte	0x5
 325 0152 48       		.byte	0x48
 326 0153 67010000 		.4byte	0x167
 327 0157 0C       		.uleb128 0xc
 328 0158 6A040000 		.4byte	.LASF24
 329 015c C03E     		.sleb128 8000
 330 015e 0C       		.uleb128 0xc
 331 015f 61040000 		.4byte	.LASF25
 332 0163 80FD00   		.sleb128 16000
 333 0166 00       		.byte	0
 334 0167 04       		.uleb128 0x4
 335 0168 CF020000 		.4byte	.LASF26
ARM GAS  /tmp/ccl2Cwbo.s 			page 7


 336 016c 05       		.byte	0x5
 337 016d 4B       		.byte	0x4b
 338 016e 4F010000 		.4byte	0x14f
 339 0172 0B       		.uleb128 0xb
 340 0173 01       		.byte	0x1
 341 0174 05       		.byte	0x5
 342 0175 58       		.byte	0x58
 343 0176 CE010000 		.4byte	0x1ce
 344 017a 0C       		.uleb128 0xc
 345 017b 15030000 		.4byte	.LASF27
 346 017f 00       		.sleb128 0
 347 0180 0C       		.uleb128 0xc
 348 0181 4B060000 		.4byte	.LASF28
 349 0185 11       		.sleb128 17
 350 0186 0C       		.uleb128 0xc
 351 0187 5D020000 		.4byte	.LASF29
 352 018b 01       		.sleb128 1
 353 018c 0C       		.uleb128 0xc
 354 018d 00000000 		.4byte	.LASF30
 355 0191 10       		.sleb128 16
 356 0192 0C       		.uleb128 0xc
 357 0193 4B020000 		.4byte	.LASF31
 358 0197 20       		.sleb128 32
 359 0198 0C       		.uleb128 0xc
 360 0199 77060000 		.4byte	.LASF32
 361 019d 30       		.sleb128 48
 362 019e 0C       		.uleb128 0xc
 363 019f D0050000 		.4byte	.LASF33
 364 01a3 31       		.sleb128 49
 365 01a4 0C       		.uleb128 0xc
 366 01a5 1F060000 		.4byte	.LASF34
 367 01a9 32       		.sleb128 50
 368 01aa 0C       		.uleb128 0xc
 369 01ab AA050000 		.4byte	.LASF35
 370 01af C000     		.sleb128 64
 371 01b1 0C       		.uleb128 0xc
 372 01b2 65010000 		.4byte	.LASF36
 373 01b6 C100     		.sleb128 65
 374 01b8 0C       		.uleb128 0xc
 375 01b9 08060000 		.4byte	.LASF37
 376 01bd D000     		.sleb128 80
 377 01bf 0C       		.uleb128 0xc
 378 01c0 66030000 		.4byte	.LASF38
 379 01c4 E000     		.sleb128 96
 380 01c6 0C       		.uleb128 0xc
 381 01c7 4C010000 		.4byte	.LASF39
 382 01cb F000     		.sleb128 112
 383 01cd 00       		.byte	0
 384 01ce 04       		.uleb128 0x4
 385 01cf 7E010000 		.4byte	.LASF40
 386 01d3 05       		.byte	0x5
 387 01d4 66       		.byte	0x66
 388 01d5 72010000 		.4byte	0x172
 389 01d9 09       		.uleb128 0x9
 390 01da 04       		.byte	0x4
 391 01db 05       		.byte	0x5
 392 01dc A0       		.byte	0xa0
ARM GAS  /tmp/ccl2Cwbo.s 			page 8


 393 01dd 06020000 		.4byte	0x206
 394 01e1 0A       		.uleb128 0xa
 395 01e2 4E040000 		.4byte	.LASF41
 396 01e6 05       		.byte	0x5
 397 01e7 A2       		.byte	0xa2
 398 01e8 67010000 		.4byte	0x167
 399 01ec 00       		.byte	0
 400 01ed 0A       		.uleb128 0xa
 401 01ee 6A020000 		.4byte	.LASF42
 402 01f2 05       		.byte	0x5
 403 01f3 A4       		.byte	0xa4
 404 01f4 9C000000 		.4byte	0x9c
 405 01f8 02       		.byte	0x2
 406 01f9 0A       		.uleb128 0xa
 407 01fa F9020000 		.4byte	.LASF43
 408 01fe 05       		.byte	0x5
 409 01ff A6       		.byte	0xa6
 410 0200 9C000000 		.4byte	0x9c
 411 0204 03       		.byte	0x3
 412 0205 00       		.byte	0
 413 0206 04       		.uleb128 0x4
 414 0207 A2010000 		.4byte	.LASF44
 415 020b 05       		.byte	0x5
 416 020c A8       		.byte	0xa8
 417 020d D9010000 		.4byte	0x1d9
 418 0211 0B       		.uleb128 0xb
 419 0212 01       		.byte	0x1
 420 0213 06       		.byte	0x6
 421 0214 B2       		.byte	0xb2
 422 0215 32020000 		.4byte	0x232
 423 0219 0C       		.uleb128 0xc
 424 021a B8020000 		.4byte	.LASF45
 425 021e 00       		.sleb128 0
 426 021f 0C       		.uleb128 0xc
 427 0220 3F000000 		.4byte	.LASF46
 428 0224 01       		.sleb128 1
 429 0225 0C       		.uleb128 0xc
 430 0226 FE030000 		.4byte	.LASF47
 431 022a 02       		.sleb128 2
 432 022b 0C       		.uleb128 0xc
 433 022c 15050000 		.4byte	.LASF48
 434 0230 03       		.sleb128 3
 435 0231 00       		.byte	0
 436 0232 04       		.uleb128 0x4
 437 0233 3E060000 		.4byte	.LASF49
 438 0237 06       		.byte	0x6
 439 0238 B7       		.byte	0xb7
 440 0239 11020000 		.4byte	0x211
 441 023d 09       		.uleb128 0x9
 442 023e 48       		.byte	0x48
 443 023f 06       		.byte	0x6
 444 0240 BC       		.byte	0xbc
 445 0241 1E030000 		.4byte	0x31e
 446 0245 0A       		.uleb128 0xa
 447 0246 37040000 		.4byte	.LASF50
 448 024a 06       		.byte	0x6
 449 024b BE       		.byte	0xbe
ARM GAS  /tmp/ccl2Cwbo.s 			page 9


 450 024c 32020000 		.4byte	0x232
 451 0250 00       		.byte	0
 452 0251 0A       		.uleb128 0xa
 453 0252 06050000 		.4byte	.LASF51
 454 0256 06       		.byte	0x6
 455 0257 BF       		.byte	0xbf
 456 0258 A7000000 		.4byte	0xa7
 457 025c 04       		.byte	0x4
 458 025d 0A       		.uleb128 0xa
 459 025e E7020000 		.4byte	.LASF52
 460 0262 06       		.byte	0x6
 461 0263 C0       		.byte	0xc0
 462 0264 1E030000 		.4byte	0x31e
 463 0268 08       		.byte	0x8
 464 0269 0A       		.uleb128 0xa
 465 026a 91030000 		.4byte	.LASF53
 466 026e 06       		.byte	0x6
 467 026f C2       		.byte	0xc2
 468 0270 93000000 		.4byte	0x93
 469 0274 10       		.byte	0x10
 470 0275 0A       		.uleb128 0xa
 471 0276 56030000 		.4byte	.LASF54
 472 027a 06       		.byte	0x6
 473 027b C3       		.byte	0xc3
 474 027c 93000000 		.4byte	0x93
 475 0280 14       		.byte	0x14
 476 0281 0A       		.uleb128 0xa
 477 0282 10040000 		.4byte	.LASF55
 478 0286 06       		.byte	0x6
 479 0287 C5       		.byte	0xc5
 480 0288 A7000000 		.4byte	0xa7
 481 028c 18       		.byte	0x18
 482 028d 0A       		.uleb128 0xa
 483 028e 23010000 		.4byte	.LASF56
 484 0292 06       		.byte	0x6
 485 0293 C6       		.byte	0xc6
 486 0294 93000000 		.4byte	0x93
 487 0298 1C       		.byte	0x1c
 488 0299 0A       		.uleb128 0xa
 489 029a 24050000 		.4byte	.LASF57
 490 029e 06       		.byte	0x6
 491 029f C7       		.byte	0xc7
 492 02a0 93000000 		.4byte	0x93
 493 02a4 20       		.byte	0x20
 494 02a5 0A       		.uleb128 0xa
 495 02a6 13000000 		.4byte	.LASF58
 496 02aa 06       		.byte	0x6
 497 02ab C8       		.byte	0xc8
 498 02ac 93000000 		.4byte	0x93
 499 02b0 24       		.byte	0x24
 500 02b1 0A       		.uleb128 0xa
 501 02b2 EB050000 		.4byte	.LASF59
 502 02b6 06       		.byte	0x6
 503 02b7 CA       		.byte	0xca
 504 02b8 A7000000 		.4byte	0xa7
 505 02bc 28       		.byte	0x28
 506 02bd 0A       		.uleb128 0xa
ARM GAS  /tmp/ccl2Cwbo.s 			page 10


 507 02be 8A020000 		.4byte	.LASF60
 508 02c2 06       		.byte	0x6
 509 02c3 CC       		.byte	0xcc
 510 02c4 9C000000 		.4byte	0x9c
 511 02c8 2C       		.byte	0x2c
 512 02c9 0A       		.uleb128 0xa
 513 02ca 22040000 		.4byte	.LASF61
 514 02ce 06       		.byte	0x6
 515 02cf CD       		.byte	0xcd
 516 02d0 9C000000 		.4byte	0x9c
 517 02d4 2D       		.byte	0x2d
 518 02d5 0A       		.uleb128 0xa
 519 02d6 24030000 		.4byte	.LASF62
 520 02da 06       		.byte	0x6
 521 02db D0       		.byte	0xd0
 522 02dc 93000000 		.4byte	0x93
 523 02e0 30       		.byte	0x30
 524 02e1 0A       		.uleb128 0xa
 525 02e2 5F060000 		.4byte	.LASF63
 526 02e6 06       		.byte	0x6
 527 02e7 D4       		.byte	0xd4
 528 02e8 B2000000 		.4byte	0xb2
 529 02ec 34       		.byte	0x34
 530 02ed 0A       		.uleb128 0xa
 531 02ee 02010000 		.4byte	.LASF64
 532 02f2 06       		.byte	0x6
 533 02f3 D8       		.byte	0xd8
 534 02f4 B2000000 		.4byte	0xb2
 535 02f8 38       		.byte	0x38
 536 02f9 0A       		.uleb128 0xa
 537 02fa E1040000 		.4byte	.LASF65
 538 02fe 06       		.byte	0x6
 539 02ff DC       		.byte	0xdc
 540 0300 B2000000 		.4byte	0xb2
 541 0304 3C       		.byte	0x3c
 542 0305 0A       		.uleb128 0xa
 543 0306 83040000 		.4byte	.LASF66
 544 030a 06       		.byte	0x6
 545 030b E0       		.byte	0xe0
 546 030c B2000000 		.4byte	0xb2
 547 0310 40       		.byte	0x40
 548 0311 0A       		.uleb128 0xa
 549 0312 28000000 		.4byte	.LASF67
 550 0316 06       		.byte	0x6
 551 0317 E4       		.byte	0xe4
 552 0318 B2000000 		.4byte	0xb2
 553 031c 44       		.byte	0x44
 554 031d 00       		.byte	0
 555 031e 07       		.uleb128 0x7
 556 031f 93000000 		.4byte	0x93
 557 0323 2E030000 		.4byte	0x32e
 558 0327 08       		.uleb128 0x8
 559 0328 8C000000 		.4byte	0x8c
 560 032c 01       		.byte	0x1
 561 032d 00       		.byte	0
 562 032e 04       		.uleb128 0x4
 563 032f 04030000 		.4byte	.LASF68
ARM GAS  /tmp/ccl2Cwbo.s 			page 11


 564 0333 06       		.byte	0x6
 565 0334 EB       		.byte	0xeb
 566 0335 3D020000 		.4byte	0x23d
 567 0339 0D       		.uleb128 0xd
 568 033a C2040000 		.4byte	.LASF69
 569 033e 01       		.byte	0x1
 570 033f 3E       		.byte	0x3e
 571 0340 00000000 		.4byte	.LFB125
 572 0344 20000000 		.4byte	.LFE125-.LFB125
 573 0348 01       		.uleb128 0x1
 574 0349 9C       		.byte	0x9c
 575 034a 5D030000 		.4byte	0x35d
 576 034e 0E       		.uleb128 0xe
 577 034f 3F050000 		.4byte	.LASF81
 578 0353 01       		.byte	0x1
 579 0354 3E       		.byte	0x3e
 580 0355 5D030000 		.4byte	0x35d
 581 0359 02       		.uleb128 0x2
 582 035a 91       		.byte	0x91
 583 035b 74       		.sleb128 -12
 584 035c 00       		.byte	0
 585 035d 0F       		.uleb128 0xf
 586 035e 04       		.byte	0x4
 587 035f 44010000 		.4byte	0x144
 588 0363 10       		.uleb128 0x10
 589 0364 9B040000 		.4byte	.LASF70
 590 0368 01       		.byte	0x1
 591 0369 56       		.byte	0x56
 592 036a 20000000 		.4byte	.LFB126
 593 036e 40000000 		.4byte	.LFE126-.LFB126
 594 0372 01       		.uleb128 0x1
 595 0373 9C       		.byte	0x9c
 596 0374 84030000 		.4byte	0x384
 597 0378 11       		.uleb128 0x11
 598 0379 41040000 		.4byte	.LASF82
 599 037d 01       		.byte	0x1
 600 037e 78       		.byte	0x78
 601 037f 50000000 		.4byte	.L6
 602 0383 00       		.byte	0
 603 0384 10       		.uleb128 0x10
 604 0385 A8020000 		.4byte	.LASF71
 605 0389 01       		.byte	0x1
 606 038a 81       		.byte	0x81
 607 038b 60000000 		.4byte	.LFB127
 608 038f 02000000 		.4byte	.LFE127-.LFB127
 609 0393 01       		.uleb128 0x1
 610 0394 9C       		.byte	0x9c
 611 0395 A5030000 		.4byte	0x3a5
 612 0399 12       		.uleb128 0x12
 613 039a E4030000 		.4byte	.LASF83
 614 039e 01       		.byte	0x1
 615 039f 83       		.byte	0x83
 616 03a0 CE010000 		.4byte	0x1ce
 617 03a4 00       		.byte	0
 618 03a5 13       		.uleb128 0x13
 619 03a6 72040000 		.4byte	.LASF84
 620 03aa 01       		.byte	0x1
ARM GAS  /tmp/ccl2Cwbo.s 			page 12


 621 03ab 32       		.byte	0x32
 622 03ac B2000000 		.4byte	0xb2
 623 03b0 05       		.uleb128 0x5
 624 03b1 03       		.byte	0x3
 625 03b2 30000000 		.4byte	led_toggle_count
 626 03b6 14       		.uleb128 0x14
 627 03b7 F9040000 		.4byte	.LASF72
 628 03bb 07       		.byte	0x7
 629 03bc FA06     		.2byte	0x6fa
 630 03be C2030000 		.4byte	0x3c2
 631 03c2 06       		.uleb128 0x6
 632 03c3 A7000000 		.4byte	0xa7
 633 03c7 15       		.uleb128 0x15
 634 03c8 3E010000 		.4byte	.LASF73
 635 03cc 01       		.byte	0x1
 636 03cd 31       		.byte	0x31
 637 03ce BD000000 		.4byte	0xbd
 638 03d2 05       		.uleb128 0x5
 639 03d3 03       		.byte	0x3
 640 03d4 00000000 		.4byte	SendBlueVoice
 641 03d8 16       		.uleb128 0x16
 642 03d9 94020000 		.4byte	.LASF74
 643 03dd 06       		.byte	0x6
 644 03de EE       		.byte	0xee
 645 03df 2E030000 		.4byte	0x32e
 646 03e3 15       		.uleb128 0x15
 647 03e4 F9050000 		.4byte	.LASF75
 648 03e8 08       		.byte	0x8
 649 03e9 1A       		.byte	0x1a
 650 03ea 2E010000 		.4byte	0x12e
 651 03ee 05       		.uleb128 0x5
 652 03ef 03       		.byte	0x3
 653 03f0 00000000 		.4byte	osx_bv_license
 654 03f4 15       		.uleb128 0x15
 655 03f5 47050000 		.4byte	.LASF76
 656 03f9 01       		.byte	0x1
 657 03fa 33       		.byte	0x33
 658 03fb 06020000 		.4byte	0x206
 659 03ff 05       		.uleb128 0x5
 660 0400 03       		.byte	0x3
 661 0401 00000000 		.4byte	BLUEVOICE_Config
 662 0405 15       		.uleb128 0x15
 663 0406 4F030000 		.4byte	.LASF77
 664 040a 01       		.byte	0x1
 665 040b 34       		.byte	0x34
 666 040c CE010000 		.4byte	0x1ce
 667 0410 05       		.uleb128 0x5
 668 0411 03       		.byte	0x3
 669 0412 00000000 		.4byte	bvStat
 670 0416 00       		.byte	0
 671              		.section	.debug_abbrev,"",%progbits
 672              	.Ldebug_abbrev0:
 673 0000 01       		.uleb128 0x1
 674 0001 11       		.uleb128 0x11
 675 0002 01       		.byte	0x1
 676 0003 25       		.uleb128 0x25
 677 0004 0E       		.uleb128 0xe
ARM GAS  /tmp/ccl2Cwbo.s 			page 13


 678 0005 13       		.uleb128 0x13
 679 0006 0B       		.uleb128 0xb
 680 0007 03       		.uleb128 0x3
 681 0008 0E       		.uleb128 0xe
 682 0009 1B       		.uleb128 0x1b
 683 000a 0E       		.uleb128 0xe
 684 000b 11       		.uleb128 0x11
 685 000c 01       		.uleb128 0x1
 686 000d 12       		.uleb128 0x12
 687 000e 06       		.uleb128 0x6
 688 000f 10       		.uleb128 0x10
 689 0010 17       		.uleb128 0x17
 690 0011 00       		.byte	0
 691 0012 00       		.byte	0
 692 0013 02       		.uleb128 0x2
 693 0014 24       		.uleb128 0x24
 694 0015 00       		.byte	0
 695 0016 0B       		.uleb128 0xb
 696 0017 0B       		.uleb128 0xb
 697 0018 3E       		.uleb128 0x3e
 698 0019 0B       		.uleb128 0xb
 699 001a 03       		.uleb128 0x3
 700 001b 0E       		.uleb128 0xe
 701 001c 00       		.byte	0
 702 001d 00       		.byte	0
 703 001e 03       		.uleb128 0x3
 704 001f 24       		.uleb128 0x24
 705 0020 00       		.byte	0
 706 0021 0B       		.uleb128 0xb
 707 0022 0B       		.uleb128 0xb
 708 0023 3E       		.uleb128 0x3e
 709 0024 0B       		.uleb128 0xb
 710 0025 03       		.uleb128 0x3
 711 0026 08       		.uleb128 0x8
 712 0027 00       		.byte	0
 713 0028 00       		.byte	0
 714 0029 04       		.uleb128 0x4
 715 002a 16       		.uleb128 0x16
 716 002b 00       		.byte	0
 717 002c 03       		.uleb128 0x3
 718 002d 0E       		.uleb128 0xe
 719 002e 3A       		.uleb128 0x3a
 720 002f 0B       		.uleb128 0xb
 721 0030 3B       		.uleb128 0x3b
 722 0031 0B       		.uleb128 0xb
 723 0032 49       		.uleb128 0x49
 724 0033 13       		.uleb128 0x13
 725 0034 00       		.byte	0
 726 0035 00       		.byte	0
 727 0036 05       		.uleb128 0x5
 728 0037 0F       		.uleb128 0xf
 729 0038 00       		.byte	0
 730 0039 0B       		.uleb128 0xb
 731 003a 0B       		.uleb128 0xb
 732 003b 00       		.byte	0
 733 003c 00       		.byte	0
 734 003d 06       		.uleb128 0x6
ARM GAS  /tmp/ccl2Cwbo.s 			page 14


 735 003e 35       		.uleb128 0x35
 736 003f 00       		.byte	0
 737 0040 49       		.uleb128 0x49
 738 0041 13       		.uleb128 0x13
 739 0042 00       		.byte	0
 740 0043 00       		.byte	0
 741 0044 07       		.uleb128 0x7
 742 0045 01       		.uleb128 0x1
 743 0046 01       		.byte	0x1
 744 0047 49       		.uleb128 0x49
 745 0048 13       		.uleb128 0x13
 746 0049 01       		.uleb128 0x1
 747 004a 13       		.uleb128 0x13
 748 004b 00       		.byte	0
 749 004c 00       		.byte	0
 750 004d 08       		.uleb128 0x8
 751 004e 21       		.uleb128 0x21
 752 004f 00       		.byte	0
 753 0050 49       		.uleb128 0x49
 754 0051 13       		.uleb128 0x13
 755 0052 2F       		.uleb128 0x2f
 756 0053 0B       		.uleb128 0xb
 757 0054 00       		.byte	0
 758 0055 00       		.byte	0
 759 0056 09       		.uleb128 0x9
 760 0057 13       		.uleb128 0x13
 761 0058 01       		.byte	0x1
 762 0059 0B       		.uleb128 0xb
 763 005a 0B       		.uleb128 0xb
 764 005b 3A       		.uleb128 0x3a
 765 005c 0B       		.uleb128 0xb
 766 005d 3B       		.uleb128 0x3b
 767 005e 0B       		.uleb128 0xb
 768 005f 01       		.uleb128 0x1
 769 0060 13       		.uleb128 0x13
 770 0061 00       		.byte	0
 771 0062 00       		.byte	0
 772 0063 0A       		.uleb128 0xa
 773 0064 0D       		.uleb128 0xd
 774 0065 00       		.byte	0
 775 0066 03       		.uleb128 0x3
 776 0067 0E       		.uleb128 0xe
 777 0068 3A       		.uleb128 0x3a
 778 0069 0B       		.uleb128 0xb
 779 006a 3B       		.uleb128 0x3b
 780 006b 0B       		.uleb128 0xb
 781 006c 49       		.uleb128 0x49
 782 006d 13       		.uleb128 0x13
 783 006e 38       		.uleb128 0x38
 784 006f 0B       		.uleb128 0xb
 785 0070 00       		.byte	0
 786 0071 00       		.byte	0
 787 0072 0B       		.uleb128 0xb
 788 0073 04       		.uleb128 0x4
 789 0074 01       		.byte	0x1
 790 0075 0B       		.uleb128 0xb
 791 0076 0B       		.uleb128 0xb
ARM GAS  /tmp/ccl2Cwbo.s 			page 15


 792 0077 3A       		.uleb128 0x3a
 793 0078 0B       		.uleb128 0xb
 794 0079 3B       		.uleb128 0x3b
 795 007a 0B       		.uleb128 0xb
 796 007b 01       		.uleb128 0x1
 797 007c 13       		.uleb128 0x13
 798 007d 00       		.byte	0
 799 007e 00       		.byte	0
 800 007f 0C       		.uleb128 0xc
 801 0080 28       		.uleb128 0x28
 802 0081 00       		.byte	0
 803 0082 03       		.uleb128 0x3
 804 0083 0E       		.uleb128 0xe
 805 0084 1C       		.uleb128 0x1c
 806 0085 0D       		.uleb128 0xd
 807 0086 00       		.byte	0
 808 0087 00       		.byte	0
 809 0088 0D       		.uleb128 0xd
 810 0089 2E       		.uleb128 0x2e
 811 008a 01       		.byte	0x1
 812 008b 3F       		.uleb128 0x3f
 813 008c 19       		.uleb128 0x19
 814 008d 03       		.uleb128 0x3
 815 008e 0E       		.uleb128 0xe
 816 008f 3A       		.uleb128 0x3a
 817 0090 0B       		.uleb128 0xb
 818 0091 3B       		.uleb128 0x3b
 819 0092 0B       		.uleb128 0xb
 820 0093 27       		.uleb128 0x27
 821 0094 19       		.uleb128 0x19
 822 0095 11       		.uleb128 0x11
 823 0096 01       		.uleb128 0x1
 824 0097 12       		.uleb128 0x12
 825 0098 06       		.uleb128 0x6
 826 0099 40       		.uleb128 0x40
 827 009a 18       		.uleb128 0x18
 828 009b 9642     		.uleb128 0x2116
 829 009d 19       		.uleb128 0x19
 830 009e 01       		.uleb128 0x1
 831 009f 13       		.uleb128 0x13
 832 00a0 00       		.byte	0
 833 00a1 00       		.byte	0
 834 00a2 0E       		.uleb128 0xe
 835 00a3 05       		.uleb128 0x5
 836 00a4 00       		.byte	0
 837 00a5 03       		.uleb128 0x3
 838 00a6 0E       		.uleb128 0xe
 839 00a7 3A       		.uleb128 0x3a
 840 00a8 0B       		.uleb128 0xb
 841 00a9 3B       		.uleb128 0x3b
 842 00aa 0B       		.uleb128 0xb
 843 00ab 49       		.uleb128 0x49
 844 00ac 13       		.uleb128 0x13
 845 00ad 02       		.uleb128 0x2
 846 00ae 18       		.uleb128 0x18
 847 00af 00       		.byte	0
 848 00b0 00       		.byte	0
ARM GAS  /tmp/ccl2Cwbo.s 			page 16


 849 00b1 0F       		.uleb128 0xf
 850 00b2 0F       		.uleb128 0xf
 851 00b3 00       		.byte	0
 852 00b4 0B       		.uleb128 0xb
 853 00b5 0B       		.uleb128 0xb
 854 00b6 49       		.uleb128 0x49
 855 00b7 13       		.uleb128 0x13
 856 00b8 00       		.byte	0
 857 00b9 00       		.byte	0
 858 00ba 10       		.uleb128 0x10
 859 00bb 2E       		.uleb128 0x2e
 860 00bc 01       		.byte	0x1
 861 00bd 3F       		.uleb128 0x3f
 862 00be 19       		.uleb128 0x19
 863 00bf 03       		.uleb128 0x3
 864 00c0 0E       		.uleb128 0xe
 865 00c1 3A       		.uleb128 0x3a
 866 00c2 0B       		.uleb128 0xb
 867 00c3 3B       		.uleb128 0x3b
 868 00c4 0B       		.uleb128 0xb
 869 00c5 27       		.uleb128 0x27
 870 00c6 19       		.uleb128 0x19
 871 00c7 11       		.uleb128 0x11
 872 00c8 01       		.uleb128 0x1
 873 00c9 12       		.uleb128 0x12
 874 00ca 06       		.uleb128 0x6
 875 00cb 40       		.uleb128 0x40
 876 00cc 18       		.uleb128 0x18
 877 00cd 9742     		.uleb128 0x2117
 878 00cf 19       		.uleb128 0x19
 879 00d0 01       		.uleb128 0x1
 880 00d1 13       		.uleb128 0x13
 881 00d2 00       		.byte	0
 882 00d3 00       		.byte	0
 883 00d4 11       		.uleb128 0x11
 884 00d5 0A       		.uleb128 0xa
 885 00d6 00       		.byte	0
 886 00d7 03       		.uleb128 0x3
 887 00d8 0E       		.uleb128 0xe
 888 00d9 3A       		.uleb128 0x3a
 889 00da 0B       		.uleb128 0xb
 890 00db 3B       		.uleb128 0x3b
 891 00dc 0B       		.uleb128 0xb
 892 00dd 11       		.uleb128 0x11
 893 00de 01       		.uleb128 0x1
 894 00df 00       		.byte	0
 895 00e0 00       		.byte	0
 896 00e1 12       		.uleb128 0x12
 897 00e2 34       		.uleb128 0x34
 898 00e3 00       		.byte	0
 899 00e4 03       		.uleb128 0x3
 900 00e5 0E       		.uleb128 0xe
 901 00e6 3A       		.uleb128 0x3a
 902 00e7 0B       		.uleb128 0xb
 903 00e8 3B       		.uleb128 0x3b
 904 00e9 0B       		.uleb128 0xb
 905 00ea 49       		.uleb128 0x49
ARM GAS  /tmp/ccl2Cwbo.s 			page 17


 906 00eb 13       		.uleb128 0x13
 907 00ec 00       		.byte	0
 908 00ed 00       		.byte	0
 909 00ee 13       		.uleb128 0x13
 910 00ef 34       		.uleb128 0x34
 911 00f0 00       		.byte	0
 912 00f1 03       		.uleb128 0x3
 913 00f2 0E       		.uleb128 0xe
 914 00f3 3A       		.uleb128 0x3a
 915 00f4 0B       		.uleb128 0xb
 916 00f5 3B       		.uleb128 0x3b
 917 00f6 0B       		.uleb128 0xb
 918 00f7 49       		.uleb128 0x49
 919 00f8 13       		.uleb128 0x13
 920 00f9 02       		.uleb128 0x2
 921 00fa 18       		.uleb128 0x18
 922 00fb 00       		.byte	0
 923 00fc 00       		.byte	0
 924 00fd 14       		.uleb128 0x14
 925 00fe 34       		.uleb128 0x34
 926 00ff 00       		.byte	0
 927 0100 03       		.uleb128 0x3
 928 0101 0E       		.uleb128 0xe
 929 0102 3A       		.uleb128 0x3a
 930 0103 0B       		.uleb128 0xb
 931 0104 3B       		.uleb128 0x3b
 932 0105 05       		.uleb128 0x5
 933 0106 49       		.uleb128 0x49
 934 0107 13       		.uleb128 0x13
 935 0108 3F       		.uleb128 0x3f
 936 0109 19       		.uleb128 0x19
 937 010a 3C       		.uleb128 0x3c
 938 010b 19       		.uleb128 0x19
 939 010c 00       		.byte	0
 940 010d 00       		.byte	0
 941 010e 15       		.uleb128 0x15
 942 010f 34       		.uleb128 0x34
 943 0110 00       		.byte	0
 944 0111 03       		.uleb128 0x3
 945 0112 0E       		.uleb128 0xe
 946 0113 3A       		.uleb128 0x3a
 947 0114 0B       		.uleb128 0xb
 948 0115 3B       		.uleb128 0x3b
 949 0116 0B       		.uleb128 0xb
 950 0117 49       		.uleb128 0x49
 951 0118 13       		.uleb128 0x13
 952 0119 3F       		.uleb128 0x3f
 953 011a 19       		.uleb128 0x19
 954 011b 02       		.uleb128 0x2
 955 011c 18       		.uleb128 0x18
 956 011d 00       		.byte	0
 957 011e 00       		.byte	0
 958 011f 16       		.uleb128 0x16
 959 0120 34       		.uleb128 0x34
 960 0121 00       		.byte	0
 961 0122 03       		.uleb128 0x3
 962 0123 0E       		.uleb128 0xe
ARM GAS  /tmp/ccl2Cwbo.s 			page 18


 963 0124 3A       		.uleb128 0x3a
 964 0125 0B       		.uleb128 0xb
 965 0126 3B       		.uleb128 0x3b
 966 0127 0B       		.uleb128 0xb
 967 0128 49       		.uleb128 0x49
 968 0129 13       		.uleb128 0x13
 969 012a 3F       		.uleb128 0x3f
 970 012b 19       		.uleb128 0x19
 971 012c 3C       		.uleb128 0x3c
 972 012d 19       		.uleb128 0x19
 973 012e 00       		.byte	0
 974 012f 00       		.byte	0
 975 0130 00       		.byte	0
 976              		.section	.debug_aranges,"",%progbits
 977 0000 1C000000 		.4byte	0x1c
 978 0004 0200     		.2byte	0x2
 979 0006 00000000 		.4byte	.Ldebug_info0
 980 000a 04       		.byte	0x4
 981 000b 00       		.byte	0
 982 000c 0000     		.2byte	0
 983 000e 0000     		.2byte	0
 984 0010 00000000 		.4byte	.Ltext0
 985 0014 62000000 		.4byte	.Letext0-.Ltext0
 986 0018 00000000 		.4byte	0
 987 001c 00000000 		.4byte	0
 988              		.section	.debug_line,"",%progbits
 989              	.Ldebug_line0:
 990 0000 49030000 		.section	.debug_str,"MS",%progbits,1
 990      02001A03 
 990      00000201 
 990      FB0E0D00 
 990      01010101 
 991              	.LASF30:
 992 0000 4F53585F 		.ascii	"OSX_BV_DISCONNETED\000"
 992      42565F44 
 992      4953434F 
 992      4E4E4554 
 992      454400
 993              	.LASF58:
 994 0013 48616E64 		.ascii	"HandleMagSensor\000"
 994      6C654D61 
 994      6753656E 
 994      736F7200 
 995              	.LASF13:
 996 0023 63686172 		.ascii	"char\000"
 996      00
 997              	.LASF67:
 998 0028 6F737841 		.ascii	"osxAudioBVIsInitalized\000"
 998      7564696F 
 998      42564973 
 998      496E6974 
 998      616C697A 
 999              	.LASF46:
 1000 003f 54415247 		.ascii	"TARGET_BLUECOIN\000"
 1000      45545F42 
 1000      4C554543 
 1000      4F494E00 
ARM GAS  /tmp/ccl2Cwbo.s 			page 19


 1001              	.LASF78:
 1002 004f 474E5520 		.ascii	"GNU C 4.8.4 20140526 (release) [ARM/embedded-4_8-br"
 1002      4320342E 
 1002      382E3420 
 1002      32303134 
 1002      30353236 
 1003 0082 616E6368 		.ascii	"anch revision 211358] -mcpu=cortex-m4 -mno-thumb-in"
 1003      20726576 
 1003      6973696F 
 1003      6E203231 
 1003      31333538 
 1004 00b5 74657277 		.ascii	"terwork -mthumb -ggdb -O0 -std=c99 -fomit-frame-poi"
 1004      6F726B20 
 1004      2D6D7468 
 1004      756D6220 
 1004      2D676764 
 1005 00e8 6E746572 		.ascii	"nter -falign-functions=16\000"
 1005      202D6661 
 1005      6C69676E 
 1005      2D66756E 
 1005      6374696F 
 1006              	.LASF64:
 1007 0102 6F73784D 		.ascii	"osxMotionARIsInitalized\000"
 1007      6F74696F 
 1007      6E415249 
 1007      73496E69 
 1007      74616C69 
 1008              	.LASF12:
 1009 011a 73697A65 		.ascii	"sizetype\000"
 1009      74797065 
 1009      00
 1010              	.LASF56:
 1011 0123 48616E64 		.ascii	"HandleAccSensor\000"
 1011      6C654163 
 1011      6353656E 
 1011      736F7200 
 1012              	.LASF8:
 1013 0133 5F5F7569 		.ascii	"__uint32_t\000"
 1013      6E743332 
 1013      5F7400
 1014              	.LASF73:
 1015 013e 53656E64 		.ascii	"SendBlueVoice\000"
 1015      426C7565 
 1015      566F6963 
 1015      6500
 1016              	.LASF39:
 1017 014c 4F53585F 		.ascii	"OSX_BV_TIMEOUT\000"
 1017      42565F54 
 1017      494D454F 
 1017      555400
 1018              	.LASF3:
 1019 015b 73686F72 		.ascii	"short int\000"
 1019      7420696E 
 1019      7400
 1020              	.LASF36:
 1021 0165 4F53585F 		.ascii	"OSX_BV_OUT_BUF_NOT_READY\000"
 1021      42565F4F 
ARM GAS  /tmp/ccl2Cwbo.s 			page 20


 1021      55545F42 
 1021      55465F4E 
 1021      4F545F52 
 1022              	.LASF40:
 1023 017e 4F53585F 		.ascii	"OSX_BV_Status\000"
 1023      42565F53 
 1023      74617475 
 1023      7300
 1024              	.LASF20:
 1025 018c 6F73784C 		.ascii	"osxLibVersion\000"
 1025      69625665 
 1025      7273696F 
 1025      6E00
 1026              	.LASF14:
 1027 019a 75696E74 		.ascii	"uint8_t\000"
 1027      385F7400 
 1028              	.LASF44:
 1029 01a2 4F53585F 		.ascii	"OSX_BLUEVOICE_Config_t\000"
 1029      424C5545 
 1029      564F4943 
 1029      455F436F 
 1029      6E666967 
 1030              	.LASF80:
 1031 01b9 2F752F65 		.ascii	"/u/elawton2/p442-submissions/sensortile/reference/b"
 1031      6C617774 
 1031      6F6E322F 
 1031      70343432 
 1031      2D737562 
 1032 01ec 6C75656D 		.ascii	"luemicrosystem2/BlueMicrosystem2_V2.2.0/Projects/Mu"
 1032      6963726F 
 1032      73797374 
 1032      656D322F 
 1032      426C7565 
 1033 021f 6C74692F 		.ascii	"lti/Applications/BlueMicrosystem2/bluechibi\000"
 1033      4170706C 
 1033      69636174 
 1033      696F6E73 
 1033      2F426C75 
 1034              	.LASF31:
 1035 024b 4F53585F 		.ascii	"OSX_BV_NOT_CONFIG\000"
 1035      42565F4E 
 1035      4F545F43 
 1035      4F4E4649 
 1035      4700
 1036              	.LASF29:
 1037 025d 4F53585F 		.ascii	"OSX_BV_ERROR\000"
 1037      42565F45 
 1037      52524F52 
 1037      00
 1038              	.LASF42:
 1039 026a 6368616E 		.ascii	"channel_tot\000"
 1039      6E656C5F 
 1039      746F7400 
 1040              	.LASF17:
 1041 0276 666C6F61 		.ascii	"float\000"
 1041      7400
 1042              	.LASF10:
ARM GAS  /tmp/ccl2Cwbo.s 			page 21


 1043 027c 6C6F6E67 		.ascii	"long long int\000"
 1043      206C6F6E 
 1043      6720696E 
 1043      7400
 1044              	.LASF60:
 1045 028a 4C656453 		.ascii	"LedStatus\000"
 1045      74617475 
 1045      7300
 1046              	.LASF74:
 1047 0294 54617267 		.ascii	"TargetBoardFeatures\000"
 1047      6574426F 
 1047      61726446 
 1047      65617475 
 1047      72657300 
 1048              	.LASF71:
 1049 02a8 41756469 		.ascii	"AudioProcess_BV\000"
 1049      6F50726F 
 1049      63657373 
 1049      5F425600 
 1050              	.LASF45:
 1051 02b8 54415247 		.ascii	"TARGET_NUCLEO\000"
 1051      45545F4E 
 1051      55434C45 
 1051      4F00
 1052              	.LASF7:
 1053 02c6 6C6F6E67 		.ascii	"long int\000"
 1053      20696E74 
 1053      00
 1054              	.LASF26:
 1055 02cf 53616D70 		.ascii	"Sampling_fr_t\000"
 1055      6C696E67 
 1055      5F66725F 
 1055      7400
 1056              	.LASF5:
 1057 02dd 5F5F7569 		.ascii	"__uint8_t\000"
 1057      6E74385F 
 1057      7400
 1058              	.LASF52:
 1059 02e7 48616E64 		.ascii	"HandleTempSensors\000"
 1059      6C655465 
 1059      6D705365 
 1059      6E736F72 
 1059      7300
 1060              	.LASF43:
 1061 02f9 6368616E 		.ascii	"channel_in\000"
 1061      6E656C5F 
 1061      696E00
 1062              	.LASF68:
 1063 0304 54617267 		.ascii	"TargetFeatures_t\000"
 1063      65744665 
 1063      61747572 
 1063      65735F74 
 1063      00
 1064              	.LASF27:
 1065 0315 4F53585F 		.ascii	"OSX_BV_SUCCESS\000"
 1065      42565F53 
 1065      55434345 
ARM GAS  /tmp/ccl2Cwbo.s 			page 22


 1065      535300
 1066              	.LASF62:
 1067 0324 48616E64 		.ascii	"HandleGGComponent\000"
 1067      6C654747 
 1067      436F6D70 
 1067      6F6E656E 
 1067      7400
 1068              	.LASF2:
 1069 0336 756E7369 		.ascii	"unsigned char\000"
 1069      676E6564 
 1069      20636861 
 1069      7200
 1070              	.LASF21:
 1071 0344 6F73784C 		.ascii	"osxLicense\000"
 1071      6963656E 
 1071      736500
 1072              	.LASF77:
 1073 034f 62765374 		.ascii	"bvStat\000"
 1073      617400
 1074              	.LASF54:
 1075 0356 48616E64 		.ascii	"HandleHumSensor\000"
 1075      6C654875 
 1075      6D53656E 
 1075      736F7200 
 1076              	.LASF38:
 1077 0366 4F53585F 		.ascii	"OSX_BV_NOTIF_DISABLE\000"
 1077      42565F4E 
 1077      4F544946 
 1077      5F444953 
 1077      41424C45 
 1078              	.LASF19:
 1079 037b 6F73784C 		.ascii	"osxLicenseInitialized\000"
 1079      6963656E 
 1079      7365496E 
 1079      69746961 
 1079      6C697A65 
 1080              	.LASF53:
 1081 0391 48616E64 		.ascii	"HandlePressSensor\000"
 1081      6C655072 
 1081      65737353 
 1081      656E736F 
 1081      7200
 1082              	.LASF1:
 1083 03a3 7369676E 		.ascii	"signed char\000"
 1083      65642063 
 1083      68617200 
 1084              	.LASF11:
 1085 03af 6C6F6E67 		.ascii	"long long unsigned int\000"
 1085      206C6F6E 
 1085      6720756E 
 1085      7369676E 
 1085      65642069 
 1086              	.LASF16:
 1087 03c6 75696E74 		.ascii	"uint32_t\000"
 1087      33325F74 
 1087      00
 1088              	.LASF0:
ARM GAS  /tmp/ccl2Cwbo.s 			page 23


 1089 03cf 756E7369 		.ascii	"unsigned int\000"
 1089      676E6564 
 1089      20696E74 
 1089      00
 1090              	.LASF18:
 1091 03dc 4C696345 		.ascii	"LicEnum\000"
 1091      6E756D00 
 1092              	.LASF83:
 1093 03e4 73746174 		.ascii	"status\000"
 1093      757300
 1094              	.LASF4:
 1095 03eb 73686F72 		.ascii	"short unsigned int\000"
 1095      7420756E 
 1095      7369676E 
 1095      65642069 
 1095      6E7400
 1096              	.LASF47:
 1097 03fe 54415247 		.ascii	"TARGET_SENSORTILE\000"
 1097      45545F53 
 1097      454E534F 
 1097      5254494C 
 1097      4500
 1098              	.LASF55:
 1099 0410 48574164 		.ascii	"HWAdvanceFeatures\000"
 1099      76616E63 
 1099      65466561 
 1099      74757265 
 1099      7300
 1100              	.LASF61:
 1101 0422 626E7267 		.ascii	"bnrg_expansion_board\000"
 1101      5F657870 
 1101      616E7369 
 1101      6F6E5F62 
 1101      6F617264 
 1102              	.LASF50:
 1103 0437 426F6172 		.ascii	"BoardType\000"
 1103      64547970 
 1103      6500
 1104              	.LASF82:
 1105 0441 6661696C 		.ascii	"fail\000"
 1105      00
 1106              	.LASF15:
 1107 0446 696E7433 		.ascii	"int32_t\000"
 1107      325F7400 
 1108              	.LASF41:
 1109 044e 73616D70 		.ascii	"sampling_frequency\000"
 1109      6C696E67 
 1109      5F667265 
 1109      7175656E 
 1109      637900
 1110              	.LASF25:
 1111 0461 46525F31 		.ascii	"FR_16000\000"
 1111      36303030 
 1111      00
 1112              	.LASF24:
 1113 046a 46525F38 		.ascii	"FR_8000\000"
 1113      30303000 
ARM GAS  /tmp/ccl2Cwbo.s 			page 24


 1114              	.LASF84:
 1115 0472 6C65645F 		.ascii	"led_toggle_count\000"
 1115      746F6767 
 1115      6C655F63 
 1115      6F756E74 
 1115      00
 1116              	.LASF66:
 1117 0483 6F73784D 		.ascii	"osxMotionGRIsInitalized\000"
 1117      6F74696F 
 1117      6E475249 
 1117      73496E69 
 1117      74616C69 
 1118              	.LASF70:
 1119 049b 41756469 		.ascii	"AudioBV_Manager_init\000"
 1119      6F42565F 
 1119      4D616E61 
 1119      6765725F 
 1119      696E6974 
 1120              	.LASF9:
 1121 04b0 6C6F6E67 		.ascii	"long unsigned int\000"
 1121      20756E73 
 1121      69676E65 
 1121      6420696E 
 1121      7400
 1122              	.LASF69:
 1123 04c2 41756469 		.ascii	"AudioBV_License_init\000"
 1123      6F42565F 
 1123      4C696365 
 1123      6E73655F 
 1123      696E6974 
 1124              	.LASF22:
 1125 04d7 45787472 		.ascii	"ExtraData\000"
 1125      61446174 
 1125      6100
 1126              	.LASF65:
 1127 04e1 6F73784D 		.ascii	"osxMotionCPIsInitalized\000"
 1127      6F74696F 
 1127      6E435049 
 1127      73496E69 
 1127      74616C69 
 1128              	.LASF72:
 1129 04f9 49544D5F 		.ascii	"ITM_RxBuffer\000"
 1129      52784275 
 1129      66666572 
 1129      00
 1130              	.LASF51:
 1131 0506 4E756D54 		.ascii	"NumTempSensors\000"
 1131      656D7053 
 1131      656E736F 
 1131      727300
 1132              	.LASF48:
 1133 0515 54415247 		.ascii	"TARGETS_NUMBER\000"
 1133      4554535F 
 1133      4E554D42 
 1133      455200
 1134              	.LASF57:
 1135 0524 48616E64 		.ascii	"HandleGyroSensor\000"
ARM GAS  /tmp/ccl2Cwbo.s 			page 25


 1135      6C654779 
 1135      726F5365 
 1135      6E736F72 
 1135      00
 1136              	.LASF6:
 1137 0535 5F5F696E 		.ascii	"__int32_t\000"
 1137      7433325F 
 1137      7400
 1138              	.LASF81:
 1139 053f 5061794C 		.ascii	"PayLoad\000"
 1139      6F616400 
 1140              	.LASF76:
 1141 0547 424C5545 		.ascii	"BLUEVOICE_Config\000"
 1141      564F4943 
 1141      455F436F 
 1141      6E666967 
 1141      00
 1142              	.LASF79:
 1143 0558 2E2E2F2E 		.ascii	"../../../../../Projects/Multi/Applications/BlueMicr"
 1143      2E2F2E2E 
 1143      2F2E2E2F 
 1143      2E2E2F50 
 1143      726F6A65 
 1144 058b 6F737973 		.ascii	"osystem2/Src/AudioBV_Manager.c\000"
 1144      74656D32 
 1144      2F537263 
 1144      2F417564 
 1144      696F4256 
 1145              	.LASF35:
 1146 05aa 4F53585F 		.ascii	"OSX_BV_OUT_BUF_READY\000"
 1146      42565F4F 
 1146      55545F42 
 1146      55465F52 
 1146      45414459 
 1147              	.LASF23:
 1148 05bf 4D444D5F 		.ascii	"MDM_PayLoadLic_t\000"
 1148      5061794C 
 1148      6F61644C 
 1148      69635F74 
 1148      00
 1149              	.LASF33:
 1150 05d0 4F53585F 		.ascii	"OSX_BV_TRANSMITTER_DISABLE\000"
 1150      42565F54 
 1150      52414E53 
 1150      4D495454 
 1150      45525F44 
 1151              	.LASF59:
 1152 05eb 4E756D4D 		.ascii	"NumMicSensors\000"
 1152      69635365 
 1152      6E736F72 
 1152      7300
 1153              	.LASF75:
 1154 05f9 6F73785F 		.ascii	"osx_bv_license\000"
 1154      62765F6C 
 1154      6963656E 
 1154      736500
 1155              	.LASF37:
ARM GAS  /tmp/ccl2Cwbo.s 			page 26


 1156 0608 4F53585F 		.ascii	"OSX_BV_PCM_SAMPLES_ERR\000"
 1156      42565F50 
 1156      434D5F53 
 1156      414D504C 
 1156      45535F45 
 1157              	.LASF34:
 1158 061f 4F53585F 		.ascii	"OSX_BV_RX_HANDLE_NOT_AVAILABLE\000"
 1158      42565F52 
 1158      585F4841 
 1158      4E444C45 
 1158      5F4E4F54 
 1159              	.LASF49:
 1160 063e 54617267 		.ascii	"TargetType_t\000"
 1160      65745479 
 1160      70655F74 
 1160      00
 1161              	.LASF28:
 1162 064b 4F53585F 		.ascii	"OSX_BV_LOCKER_ERROR\000"
 1162      42565F4C 
 1162      4F434B45 
 1162      525F4552 
 1162      524F5200 
 1163              	.LASF63:
 1164 065f 6F73784D 		.ascii	"osxMotionFXIsInitalized\000"
 1164      6F74696F 
 1164      6E465849 
 1164      73496E69 
 1164      74616C69 
 1165              	.LASF32:
 1166 0677 4F53585F 		.ascii	"OSX_BV_RECEIVER_DISABLE\000"
 1166      42565F52 
 1166      45434549 
 1166      5645525F 
 1166      44495341 
 1167              		.ident	"GCC: (GNU Tools for ARM Embedded Processors) 4.8.4 20140526 (release) [ARM/embedded-4_8-br
ARM GAS  /tmp/ccl2Cwbo.s 			page 27


DEFINED SYMBOLS
                            *ABS*:00000000 AudioBV_Manager.c
     /tmp/ccl2Cwbo.s:23     .bss:00000000 osx_bv_license
     /tmp/ccl2Cwbo.s:20     .bss:00000000 $d
                            *COM*:00000001 SendBlueVoice
     /tmp/ccl2Cwbo.s:27     .bss:00000030 led_toggle_count
                            *COM*:00000004 BLUEVOICE_Config
                            *COM*:00000001 bvStat
     /tmp/ccl2Cwbo.s:32     .text:00000000 $t
     /tmp/ccl2Cwbo.s:38     .text:00000000 AudioBV_License_init
     /tmp/ccl2Cwbo.s:65     .text:0000001c $d
     /tmp/ccl2Cwbo.s:69     .text:00000020 $t
     /tmp/ccl2Cwbo.s:75     .text:00000020 AudioBV_Manager_init
     /tmp/ccl2Cwbo.s:125    .text:00000054 $d
     /tmp/ccl2Cwbo.s:131    .text:00000060 $t
     /tmp/ccl2Cwbo.s:137    .text:00000060 AudioProcess_BV
                     .debug_frame:00000010 $d

UNDEFINED SYMBOLS
memcpy
TargetBoardFeatures
