ARM GAS  /tmp/ccII0dQH.s 			page 1


   1              		.syntax unified
   2              		.cpu cortex-m4
   3              		.fpu softvfp
   4              		.eabi_attribute 20, 1
   5              		.eabi_attribute 21, 1
   6              		.eabi_attribute 23, 3
   7              		.eabi_attribute 24, 1
   8              		.eabi_attribute 25, 1
   9              		.eabi_attribute 26, 1
  10              		.eabi_attribute 30, 6
  11              		.eabi_attribute 34, 1
  12              		.eabi_attribute 18, 4
  13              		.thumb
  14              		.file	"chheap.c"
  15              		.text
  16              	.Ltext0:
  17              		.cfi_sections	.debug_frame
  18              		.bss
  19              		.align	3
  20              	default_heap:
  21 0000 00000000 		.space	32
  21      00000000 
  21      00000000 
  21      00000000 
  21      00000000 
  22              		.text
  23              		.align	2
  24              		.p2align 4,,15
  25              		.global	_heap_init
  26              		.thumb
  27              		.thumb_func
  28              		.type	_heap_init, %function
  29              	_heap_init:
  30              	.LFB232:
  31              		.file 1 "../../../../../../ChibiOS/os/rt/src/chheap.c"
  32              		.loc 1 91 0
  33              		.cfi_startproc
  34              		@ args = 0, pretend = 0, frame = 0
  35              		@ frame_needed = 0, uses_anonymous_args = 0
  36 0000 08B5     		push	{r3, lr}
  37              		.cfi_def_cfa_offset 8
  38              		.cfi_offset 3, -8
  39              		.cfi_offset 14, -4
  40              		.loc 1 93 0
  41 0002 064B     		ldr	r3, .L2
  42 0004 064A     		ldr	r2, .L2+4
  43 0006 1A60     		str	r2, [r3]
  44              		.loc 1 94 0
  45 0008 044B     		ldr	r3, .L2
  46 000a 0022     		movs	r2, #0
  47 000c 9A60     		str	r2, [r3, #8]
  48              		.loc 1 95 0
  49 000e 034B     		ldr	r3, .L2
  50 0010 0022     		movs	r2, #0
  51 0012 DA60     		str	r2, [r3, #12]
  52              		.loc 1 97 0
  53 0014 0348     		ldr	r0, .L2+8
ARM GAS  /tmp/ccII0dQH.s 			page 2


  54 0016 FFF7FEFF 		bl	chMtxObjectInit
  55              		.loc 1 101 0
  56 001a 08BD     		pop	{r3, pc}
  57              	.L3:
  58              		.align	2
  59              	.L2:
  60 001c 00000000 		.word	default_heap
  61 0020 00000000 		.word	chCoreAlloc
  62 0024 10000000 		.word	default_heap+16
  63              		.cfi_endproc
  64              	.LFE232:
  65              		.size	_heap_init, .-_heap_init
  66              		.align	2
  67 0028 AFF30080 		.p2align 4,,15
  67      AFF30080 
  68              		.global	chHeapObjectInit
  69              		.thumb
  70              		.thumb_func
  71              		.type	chHeapObjectInit, %function
  72              	chHeapObjectInit:
  73              	.LFB233:
  74              		.loc 1 114 0
  75              		.cfi_startproc
  76              		@ args = 0, pretend = 0, frame = 24
  77              		@ frame_needed = 0, uses_anonymous_args = 0
  78 0030 00B5     		push	{lr}
  79              		.cfi_def_cfa_offset 4
  80              		.cfi_offset 14, -4
  81 0032 87B0     		sub	sp, sp, #28
  82              		.cfi_def_cfa_offset 32
  83 0034 0390     		str	r0, [sp, #12]
  84 0036 0291     		str	r1, [sp, #8]
  85 0038 0192     		str	r2, [sp, #4]
  86              		.loc 1 115 0
  87 003a 029B     		ldr	r3, [sp, #8]
  88 003c 0593     		str	r3, [sp, #20]
  89              		.loc 1 119 0
  90 003e 039B     		ldr	r3, [sp, #12]
  91 0040 0022     		movs	r2, #0
  92 0042 1A60     		str	r2, [r3]
  93              		.loc 1 120 0
  94 0044 039B     		ldr	r3, [sp, #12]
  95 0046 059A     		ldr	r2, [sp, #20]
  96 0048 9A60     		str	r2, [r3, #8]
  97              		.loc 1 121 0
  98 004a 039B     		ldr	r3, [sp, #12]
  99 004c 0022     		movs	r2, #0
 100 004e DA60     		str	r2, [r3, #12]
 101              		.loc 1 122 0
 102 0050 059B     		ldr	r3, [sp, #20]
 103 0052 0022     		movs	r2, #0
 104 0054 1A60     		str	r2, [r3]
 105              		.loc 1 123 0
 106 0056 019B     		ldr	r3, [sp, #4]
 107 0058 A3F10802 		sub	r2, r3, #8
 108 005c 059B     		ldr	r3, [sp, #20]
 109 005e 5A60     		str	r2, [r3, #4]
ARM GAS  /tmp/ccII0dQH.s 			page 3


 110              		.loc 1 125 0
 111 0060 039B     		ldr	r3, [sp, #12]
 112 0062 1033     		adds	r3, r3, #16
 113 0064 1846     		mov	r0, r3
 114 0066 FFF7FEFF 		bl	chMtxObjectInit
 115              		.loc 1 129 0
 116 006a 07B0     		add	sp, sp, #28
 117              		@ sp needed
 118 006c 5DF804FB 		ldr	pc, [sp], #4
 119              		.cfi_endproc
 120              	.LFE233:
 121              		.size	chHeapObjectInit, .-chHeapObjectInit
 122              		.align	2
 123              		.p2align 4,,15
 124              		.global	chHeapAlloc
 125              		.thumb
 126              		.thumb_func
 127              		.type	chHeapAlloc, %function
 128              	chHeapAlloc:
 129              	.LFB234:
 130              		.loc 1 147 0
 131              		.cfi_startproc
 132              		@ args = 0, pretend = 0, frame = 24
 133              		@ frame_needed = 0, uses_anonymous_args = 0
 134 0070 00B5     		push	{lr}
 135              		.cfi_def_cfa_offset 4
 136              		.cfi_offset 14, -4
 137 0072 87B0     		sub	sp, sp, #28
 138              		.cfi_def_cfa_offset 32
 139 0074 0190     		str	r0, [sp, #4]
 140 0076 0091     		str	r1, [sp]
 141              		.loc 1 150 0
 142 0078 019B     		ldr	r3, [sp, #4]
 143 007a 002B     		cmp	r3, #0
 144 007c 01D1     		bne	.L6
 145              		.loc 1 151 0
 146 007e 374B     		ldr	r3, .L14
 147 0080 0193     		str	r3, [sp, #4]
 148              	.L6:
 149              		.loc 1 154 0
 150 0082 009B     		ldr	r3, [sp]
 151 0084 0733     		adds	r3, r3, #7
 152 0086 23F00703 		bic	r3, r3, #7
 153 008a 0093     		str	r3, [sp]
 154              		.loc 1 155 0
 155 008c 019B     		ldr	r3, [sp, #4]
 156 008e 0833     		adds	r3, r3, #8
 157 0090 0593     		str	r3, [sp, #20]
 158              		.loc 1 157 0
 159 0092 019B     		ldr	r3, [sp, #4]
 160 0094 1033     		adds	r3, r3, #16
 161 0096 1846     		mov	r0, r3
 162 0098 FFF7FEFF 		bl	chMtxLock
 163              		.loc 1 158 0
 164 009c 36E0     		b	.L7
 165              	.L12:
 166              		.loc 1 159 0
ARM GAS  /tmp/ccII0dQH.s 			page 4


 167 009e 059B     		ldr	r3, [sp, #20]
 168 00a0 1B68     		ldr	r3, [r3]
 169 00a2 0493     		str	r3, [sp, #16]
 170              		.loc 1 160 0
 171 00a4 049B     		ldr	r3, [sp, #16]
 172 00a6 5A68     		ldr	r2, [r3, #4]
 173 00a8 009B     		ldr	r3, [sp]
 174 00aa 9A42     		cmp	r2, r3
 175 00ac 2CD3     		bcc	.L8
 176              		.loc 1 161 0
 177 00ae 049B     		ldr	r3, [sp, #16]
 178 00b0 5A68     		ldr	r2, [r3, #4]
 179 00b2 009B     		ldr	r3, [sp]
 180 00b4 0833     		adds	r3, r3, #8
 181 00b6 9A42     		cmp	r2, r3
 182 00b8 04D2     		bcs	.L9
 183              		.loc 1 165 0
 184 00ba 049B     		ldr	r3, [sp, #16]
 185 00bc 1A68     		ldr	r2, [r3]
 186 00be 059B     		ldr	r3, [sp, #20]
 187 00c0 1A60     		str	r2, [r3]
 188 00c2 16E0     		b	.L10
 189              	.L9:
 190              		.loc 1 170 0
 191 00c4 009B     		ldr	r3, [sp]
 192 00c6 0833     		adds	r3, r3, #8
 193 00c8 049A     		ldr	r2, [sp, #16]
 194 00ca 1344     		add	r3, r3, r2
 195 00cc 0393     		str	r3, [sp, #12]
 196              		.loc 1 172 0
 197 00ce 049B     		ldr	r3, [sp, #16]
 198 00d0 1A68     		ldr	r2, [r3]
 199 00d2 039B     		ldr	r3, [sp, #12]
 200 00d4 1A60     		str	r2, [r3]
 201              		.loc 1 173 0
 202 00d6 049B     		ldr	r3, [sp, #16]
 203 00d8 5A68     		ldr	r2, [r3, #4]
 204 00da 009B     		ldr	r3, [sp]
 205 00dc D31A     		subs	r3, r2, r3
 206 00de A3F10802 		sub	r2, r3, #8
 207 00e2 039B     		ldr	r3, [sp, #12]
 208 00e4 5A60     		str	r2, [r3, #4]
 209              		.loc 1 174 0
 210 00e6 059B     		ldr	r3, [sp, #20]
 211 00e8 039A     		ldr	r2, [sp, #12]
 212 00ea 1A60     		str	r2, [r3]
 213              		.loc 1 175 0
 214 00ec 049B     		ldr	r3, [sp, #16]
 215 00ee 009A     		ldr	r2, [sp]
 216 00f0 5A60     		str	r2, [r3, #4]
 217              	.L10:
 218              		.loc 1 177 0
 219 00f2 049B     		ldr	r3, [sp, #16]
 220 00f4 019A     		ldr	r2, [sp, #4]
 221 00f6 1A60     		str	r2, [r3]
 222              		.loc 1 178 0
 223 00f8 019B     		ldr	r3, [sp, #4]
ARM GAS  /tmp/ccII0dQH.s 			page 5


 224 00fa 1033     		adds	r3, r3, #16
 225 00fc 1846     		mov	r0, r3
 226 00fe FFF7FEFF 		bl	chMtxUnlock
 227              		.loc 1 181 0
 228 0102 049B     		ldr	r3, [sp, #16]
 229 0104 0833     		adds	r3, r3, #8
 230 0106 24E0     		b	.L11
 231              	.L8:
 232              		.loc 1 184 0
 233 0108 049B     		ldr	r3, [sp, #16]
 234 010a 0593     		str	r3, [sp, #20]
 235              	.L7:
 236              		.loc 1 158 0 discriminator 1
 237 010c 059B     		ldr	r3, [sp, #20]
 238 010e 1B68     		ldr	r3, [r3]
 239 0110 002B     		cmp	r3, #0
 240 0112 C4D1     		bne	.L12
 241              		.loc 1 186 0
 242 0114 019B     		ldr	r3, [sp, #4]
 243 0116 1033     		adds	r3, r3, #16
 244 0118 1846     		mov	r0, r3
 245 011a FFF7FEFF 		bl	chMtxUnlock
 246              		.loc 1 190 0
 247 011e 019B     		ldr	r3, [sp, #4]
 248 0120 1B68     		ldr	r3, [r3]
 249 0122 002B     		cmp	r3, #0
 250 0124 14D0     		beq	.L13
 251              		.loc 1 191 0
 252 0126 019B     		ldr	r3, [sp, #4]
 253 0128 1B68     		ldr	r3, [r3]
 254 012a 009A     		ldr	r2, [sp]
 255 012c 0832     		adds	r2, r2, #8
 256 012e 1046     		mov	r0, r2
 257 0130 9847     		blx	r3
 258 0132 0490     		str	r0, [sp, #16]
 259              		.loc 1 192 0
 260 0134 049B     		ldr	r3, [sp, #16]
 261 0136 002B     		cmp	r3, #0
 262 0138 0AD0     		beq	.L13
 263              		.loc 1 193 0
 264 013a 049B     		ldr	r3, [sp, #16]
 265 013c 019A     		ldr	r2, [sp, #4]
 266 013e 1A60     		str	r2, [r3]
 267              		.loc 1 194 0
 268 0140 049B     		ldr	r3, [sp, #16]
 269 0142 009A     		ldr	r2, [sp]
 270 0144 5A60     		str	r2, [r3, #4]
 271              		.loc 1 195 0
 272 0146 049B     		ldr	r3, [sp, #16]
 273 0148 0833     		adds	r3, r3, #8
 274 014a 0493     		str	r3, [sp, #16]
 275              		.loc 1 198 0
 276 014c 049B     		ldr	r3, [sp, #16]
 277 014e 00E0     		b	.L11
 278              	.L13:
 279              		.loc 1 203 0
 280 0150 0023     		movs	r3, #0
ARM GAS  /tmp/ccII0dQH.s 			page 6


 281              	.L11:
 282              		.loc 1 204 0
 283 0152 1846     		mov	r0, r3
 284 0154 07B0     		add	sp, sp, #28
 285              		@ sp needed
 286 0156 5DF804FB 		ldr	pc, [sp], #4
 287              	.L15:
 288 015a 00BF     		.align	2
 289              	.L14:
 290 015c 00000000 		.word	default_heap
 291              		.cfi_endproc
 292              	.LFE234:
 293              		.size	chHeapAlloc, .-chHeapAlloc
 294              		.align	2
 295              		.p2align 4,,15
 296              		.global	chHeapFree
 297              		.thumb
 298              		.thumb_func
 299              		.type	chHeapFree, %function
 300              	chHeapFree:
 301              	.LFB235:
 302              		.loc 1 213 0
 303              		.cfi_startproc
 304              		@ args = 0, pretend = 0, frame = 24
 305              		@ frame_needed = 0, uses_anonymous_args = 0
 306 0160 00B5     		push	{lr}
 307              		.cfi_def_cfa_offset 4
 308              		.cfi_offset 14, -4
 309 0162 87B0     		sub	sp, sp, #28
 310              		.cfi_def_cfa_offset 32
 311 0164 0190     		str	r0, [sp, #4]
 312              		.loc 1 220 0
 313 0166 019B     		ldr	r3, [sp, #4]
 314 0168 083B     		subs	r3, r3, #8
 315 016a 0493     		str	r3, [sp, #16]
 316              		.loc 1 222 0
 317 016c 049B     		ldr	r3, [sp, #16]
 318 016e 1B68     		ldr	r3, [r3]
 319 0170 0393     		str	r3, [sp, #12]
 320              		.loc 1 223 0
 321 0172 039B     		ldr	r3, [sp, #12]
 322 0174 0833     		adds	r3, r3, #8
 323 0176 0593     		str	r3, [sp, #20]
 324              		.loc 1 225 0
 325 0178 039B     		ldr	r3, [sp, #12]
 326 017a 1033     		adds	r3, r3, #16
 327 017c 1846     		mov	r0, r3
 328 017e FFF7FEFF 		bl	chMtxLock
 329              	.L23:
 330              		.loc 1 229 0
 331 0182 039B     		ldr	r3, [sp, #12]
 332 0184 03F10802 		add	r2, r3, #8
 333 0188 059B     		ldr	r3, [sp, #20]
 334 018a 9A42     		cmp	r2, r3
 335 018c 03D0     		beq	.L17
 336              		.loc 1 229 0 is_stmt 0 discriminator 2
 337 018e 049A     		ldr	r2, [sp, #16]
ARM GAS  /tmp/ccII0dQH.s 			page 7


 338 0190 059B     		ldr	r3, [sp, #20]
 339 0192 9A42     		cmp	r2, r3
 340 0194 3ED9     		bls	.L18
 341              	.L17:
 342              		.loc 1 230 0 is_stmt 1 discriminator 1
 343 0196 059B     		ldr	r3, [sp, #20]
 344 0198 1B68     		ldr	r3, [r3]
 345              		.loc 1 229 0 discriminator 1
 346 019a 002B     		cmp	r3, #0
 347 019c 04D0     		beq	.L19
 348              		.loc 1 230 0
 349 019e 059B     		ldr	r3, [sp, #20]
 350 01a0 1A68     		ldr	r2, [r3]
 351 01a2 049B     		ldr	r3, [sp, #16]
 352 01a4 9A42     		cmp	r2, r3
 353 01a6 35D9     		bls	.L18
 354              	.L19:
 355              		.loc 1 232 0
 356 01a8 059B     		ldr	r3, [sp, #20]
 357 01aa 1A68     		ldr	r2, [r3]
 358 01ac 049B     		ldr	r3, [sp, #16]
 359 01ae 1A60     		str	r2, [r3]
 360              		.loc 1 233 0
 361 01b0 059B     		ldr	r3, [sp, #20]
 362 01b2 049A     		ldr	r2, [sp, #16]
 363 01b4 1A60     		str	r2, [r3]
 364              		.loc 1 235 0
 365 01b6 049B     		ldr	r3, [sp, #16]
 366 01b8 5B68     		ldr	r3, [r3, #4]
 367 01ba 0833     		adds	r3, r3, #8
 368 01bc 049A     		ldr	r2, [sp, #16]
 369 01be 1A44     		add	r2, r2, r3
 370 01c0 049B     		ldr	r3, [sp, #16]
 371 01c2 1B68     		ldr	r3, [r3]
 372 01c4 9A42     		cmp	r2, r3
 373 01c6 0ED1     		bne	.L20
 374              		.loc 1 237 0
 375 01c8 049B     		ldr	r3, [sp, #16]
 376 01ca 5A68     		ldr	r2, [r3, #4]
 377 01cc 049B     		ldr	r3, [sp, #16]
 378 01ce 1B68     		ldr	r3, [r3]
 379 01d0 5B68     		ldr	r3, [r3, #4]
 380 01d2 1344     		add	r3, r3, r2
 381 01d4 03F10802 		add	r2, r3, #8
 382 01d8 049B     		ldr	r3, [sp, #16]
 383 01da 5A60     		str	r2, [r3, #4]
 384              		.loc 1 238 0
 385 01dc 049B     		ldr	r3, [sp, #16]
 386 01de 1B68     		ldr	r3, [r3]
 387 01e0 1A68     		ldr	r2, [r3]
 388 01e2 049B     		ldr	r3, [sp, #16]
 389 01e4 1A60     		str	r2, [r3]
 390              	.L20:
 391              		.loc 1 240 0
 392 01e6 059B     		ldr	r3, [sp, #20]
 393 01e8 5B68     		ldr	r3, [r3, #4]
 394 01ea 0833     		adds	r3, r3, #8
ARM GAS  /tmp/ccII0dQH.s 			page 8


 395 01ec 059A     		ldr	r2, [sp, #20]
 396 01ee 1A44     		add	r2, r2, r3
 397 01f0 049B     		ldr	r3, [sp, #16]
 398 01f2 9A42     		cmp	r2, r3
 399 01f4 0DD1     		bne	.L21
 400              		.loc 1 242 0
 401 01f6 059B     		ldr	r3, [sp, #20]
 402 01f8 5A68     		ldr	r2, [r3, #4]
 403 01fa 049B     		ldr	r3, [sp, #16]
 404 01fc 5B68     		ldr	r3, [r3, #4]
 405 01fe 1344     		add	r3, r3, r2
 406 0200 03F10802 		add	r2, r3, #8
 407 0204 059B     		ldr	r3, [sp, #20]
 408 0206 5A60     		str	r2, [r3, #4]
 409              		.loc 1 243 0
 410 0208 049B     		ldr	r3, [sp, #16]
 411 020a 1A68     		ldr	r2, [r3]
 412 020c 059B     		ldr	r3, [sp, #20]
 413 020e 1A60     		str	r2, [r3]
 414              		.loc 1 245 0
 415 0210 04E0     		b	.L22
 416              	.L21:
 417 0212 03E0     		b	.L22
 418              	.L18:
 419              		.loc 1 247 0
 420 0214 059B     		ldr	r3, [sp, #20]
 421 0216 1B68     		ldr	r3, [r3]
 422 0218 0593     		str	r3, [sp, #20]
 423              		.loc 1 248 0
 424 021a B2E7     		b	.L23
 425              	.L22:
 426              		.loc 1 249 0
 427 021c 039B     		ldr	r3, [sp, #12]
 428 021e 1033     		adds	r3, r3, #16
 429 0220 1846     		mov	r0, r3
 430 0222 FFF7FEFF 		bl	chMtxUnlock
 431              		.loc 1 251 0
 432 0226 00BF     		nop
 433              		.loc 1 252 0
 434 0228 07B0     		add	sp, sp, #28
 435              		@ sp needed
 436 022a 5DF804FB 		ldr	pc, [sp], #4
 437              		.cfi_endproc
 438              	.LFE235:
 439              		.size	chHeapFree, .-chHeapFree
 440 022e 00BF     		.align	2
 441              		.p2align 4,,15
 442              		.global	chHeapStatus
 443              		.thumb
 444              		.thumb_func
 445              		.type	chHeapStatus, %function
 446              	chHeapStatus:
 447              	.LFB236:
 448              		.loc 1 267 0
 449              		.cfi_startproc
 450              		@ args = 0, pretend = 0, frame = 24
 451              		@ frame_needed = 0, uses_anonymous_args = 0
ARM GAS  /tmp/ccII0dQH.s 			page 9


 452 0230 00B5     		push	{lr}
 453              		.cfi_def_cfa_offset 4
 454              		.cfi_offset 14, -4
 455 0232 87B0     		sub	sp, sp, #28
 456              		.cfi_def_cfa_offset 32
 457 0234 0190     		str	r0, [sp, #4]
 458 0236 0091     		str	r1, [sp]
 459              		.loc 1 271 0
 460 0238 019B     		ldr	r3, [sp, #4]
 461 023a 002B     		cmp	r3, #0
 462 023c 01D1     		bne	.L26
 463              		.loc 1 272 0
 464 023e 174B     		ldr	r3, .L31
 465 0240 0193     		str	r3, [sp, #4]
 466              	.L26:
 467              		.loc 1 275 0
 468 0242 019B     		ldr	r3, [sp, #4]
 469 0244 1033     		adds	r3, r3, #16
 470 0246 1846     		mov	r0, r3
 471 0248 FFF7FEFF 		bl	chMtxLock
 472              		.loc 1 276 0
 473 024c 0023     		movs	r3, #0
 474 024e 0393     		str	r3, [sp, #12]
 475              		.loc 1 277 0
 476 0250 0023     		movs	r3, #0
 477 0252 0493     		str	r3, [sp, #16]
 478              		.loc 1 278 0
 479 0254 019B     		ldr	r3, [sp, #4]
 480 0256 0833     		adds	r3, r3, #8
 481 0258 0593     		str	r3, [sp, #20]
 482              		.loc 1 279 0
 483 025a 0BE0     		b	.L27
 484              	.L28:
 485              		.loc 1 280 0
 486 025c 059B     		ldr	r3, [sp, #20]
 487 025e 1B68     		ldr	r3, [r3]
 488 0260 5B68     		ldr	r3, [r3, #4]
 489 0262 039A     		ldr	r2, [sp, #12]
 490 0264 1344     		add	r3, r3, r2
 491 0266 0393     		str	r3, [sp, #12]
 492              		.loc 1 281 0
 493 0268 049B     		ldr	r3, [sp, #16]
 494 026a 0133     		adds	r3, r3, #1
 495 026c 0493     		str	r3, [sp, #16]
 496              		.loc 1 282 0
 497 026e 059B     		ldr	r3, [sp, #20]
 498 0270 1B68     		ldr	r3, [r3]
 499 0272 0593     		str	r3, [sp, #20]
 500              	.L27:
 501              		.loc 1 279 0 discriminator 1
 502 0274 059B     		ldr	r3, [sp, #20]
 503 0276 1B68     		ldr	r3, [r3]
 504 0278 002B     		cmp	r3, #0
 505 027a EFD1     		bne	.L28
 506              		.loc 1 284 0
 507 027c 009B     		ldr	r3, [sp]
 508 027e 002B     		cmp	r3, #0
ARM GAS  /tmp/ccII0dQH.s 			page 10


 509 0280 02D0     		beq	.L29
 510              		.loc 1 285 0
 511 0282 009B     		ldr	r3, [sp]
 512 0284 039A     		ldr	r2, [sp, #12]
 513 0286 1A60     		str	r2, [r3]
 514              	.L29:
 515              		.loc 1 287 0
 516 0288 019B     		ldr	r3, [sp, #4]
 517 028a 1033     		adds	r3, r3, #16
 518 028c 1846     		mov	r0, r3
 519 028e FFF7FEFF 		bl	chMtxUnlock
 520              		.loc 1 289 0
 521 0292 049B     		ldr	r3, [sp, #16]
 522              		.loc 1 290 0
 523 0294 1846     		mov	r0, r3
 524 0296 07B0     		add	sp, sp, #28
 525              		@ sp needed
 526 0298 5DF804FB 		ldr	pc, [sp], #4
 527              	.L32:
 528              		.align	2
 529              	.L31:
 530 029c 00000000 		.word	default_heap
 531              		.cfi_endproc
 532              	.LFE236:
 533              		.size	chHeapStatus, .-chHeapStatus
 534              	.Letext0:
 535              		.file 2 "/nfs/nfs5/home/research/hardware/arm2/gcc-arm-embedded/gcc-arm-none-eabi-4_8-2014q2/lib/g
 536              		.file 3 "/nfs/nfs5/home/research/hardware/arm2/gcc-arm-embedded/gcc-arm-none-eabi-4_8-2014q2/arm-n
 537              		.file 4 "/nfs/nfs5/home/research/hardware/arm2/gcc-arm-embedded/gcc-arm-none-eabi-4_8-2014q2/arm-n
 538              		.file 5 "../../../../../../ChibiOS/os/rt/ports/ARMCMx/compilers/GCC/chtypes.h"
 539              		.file 6 "../../../../../../ChibiOS/os/rt/include/chsystypes.h"
 540              		.file 7 "../../../../../../ChibiOS/os/rt/include/chschd.h"
 541              		.file 8 "../../../../../../ChibiOS/os/rt/ports/ARMCMx/chcore.h"
 542              		.file 9 "../../../../../../ChibiOS/os/rt/ports/ARMCMx/chcore_v7m.h"
 543              		.file 10 "../../../../../../ChibiOS/os/rt/include/chtm.h"
 544              		.file 11 "../../../../../../ChibiOS/os/rt/include/chsem.h"
 545              		.file 12 "../../../../../../ChibiOS/os/rt/include/chmtx.h"
 546              		.file 13 "../../../../../../ChibiOS/os/rt/include/chmemcore.h"
 547              		.file 14 "../../../../../../ChibiOS/os/rt/include/chheap.h"
 548              		.file 15 "../../../../../../ChibiOS/os/ext/CMSIS/include/core_cm4.h"
 549              		.section	.debug_info,"",%progbits
 550              	.Ldebug_info0:
 551 0000 D7080000 		.4byte	0x8d7
 552 0004 0400     		.2byte	0x4
 553 0006 00000000 		.4byte	.Ldebug_abbrev0
 554 000a 04       		.byte	0x4
 555 000b 01       		.uleb128 0x1
 556 000c DD030000 		.4byte	.LASF123
 557 0010 01       		.byte	0x1
 558 0011 A8020000 		.4byte	.LASF124
 559 0015 65010000 		.4byte	.LASF125
 560 0019 00000000 		.4byte	.Ltext0
 561 001d A0020000 		.4byte	.Letext0-.Ltext0
 562 0021 00000000 		.4byte	.Ldebug_line0
 563 0025 02       		.uleb128 0x2
 564 0026 04       		.byte	0x4
 565 0027 05       		.byte	0x5
ARM GAS  /tmp/ccII0dQH.s 			page 11


 566 0028 696E7400 		.ascii	"int\000"
 567 002c 03       		.uleb128 0x3
 568 002d 0D000000 		.4byte	.LASF2
 569 0031 02       		.byte	0x2
 570 0032 D4       		.byte	0xd4
 571 0033 37000000 		.4byte	0x37
 572 0037 04       		.uleb128 0x4
 573 0038 04       		.byte	0x4
 574 0039 07       		.byte	0x7
 575 003a 21020000 		.4byte	.LASF0
 576 003e 04       		.uleb128 0x4
 577 003f 01       		.byte	0x1
 578 0040 06       		.byte	0x6
 579 0041 D1000000 		.4byte	.LASF1
 580 0045 03       		.uleb128 0x3
 581 0046 24000000 		.4byte	.LASF3
 582 004a 03       		.byte	0x3
 583 004b 1C       		.byte	0x1c
 584 004c 50000000 		.4byte	0x50
 585 0050 04       		.uleb128 0x4
 586 0051 01       		.byte	0x1
 587 0052 08       		.byte	0x8
 588 0053 C3030000 		.4byte	.LASF4
 589 0057 04       		.uleb128 0x4
 590 0058 02       		.byte	0x2
 591 0059 05       		.byte	0x5
 592 005a 9A040000 		.4byte	.LASF5
 593 005e 04       		.uleb128 0x4
 594 005f 02       		.byte	0x2
 595 0060 07       		.byte	0x7
 596 0061 69020000 		.4byte	.LASF6
 597 0065 03       		.uleb128 0x3
 598 0066 E1020000 		.4byte	.LASF7
 599 006a 03       		.byte	0x3
 600 006b 37       		.byte	0x37
 601 006c 70000000 		.4byte	0x70
 602 0070 04       		.uleb128 0x4
 603 0071 04       		.byte	0x4
 604 0072 05       		.byte	0x5
 605 0073 1C010000 		.4byte	.LASF8
 606 0077 03       		.uleb128 0x3
 607 0078 8F050000 		.4byte	.LASF9
 608 007c 03       		.byte	0x3
 609 007d 38       		.byte	0x38
 610 007e 82000000 		.4byte	0x82
 611 0082 04       		.uleb128 0x4
 612 0083 04       		.byte	0x4
 613 0084 07       		.byte	0x7
 614 0085 30050000 		.4byte	.LASF10
 615 0089 04       		.uleb128 0x4
 616 008a 08       		.byte	0x8
 617 008b 05       		.byte	0x5
 618 008c C3000000 		.4byte	.LASF11
 619 0090 03       		.uleb128 0x3
 620 0091 79030000 		.4byte	.LASF12
 621 0095 03       		.byte	0x3
 622 0096 4E       		.byte	0x4e
ARM GAS  /tmp/ccII0dQH.s 			page 12


 623 0097 9B000000 		.4byte	0x9b
 624 009b 04       		.uleb128 0x4
 625 009c 08       		.byte	0x8
 626 009d 07       		.byte	0x7
 627 009e 4E000000 		.4byte	.LASF13
 628 00a2 03       		.uleb128 0x3
 629 00a3 F3050000 		.4byte	.LASF14
 630 00a7 04       		.byte	0x4
 631 00a8 2A       		.byte	0x2a
 632 00a9 45000000 		.4byte	0x45
 633 00ad 03       		.uleb128 0x3
 634 00ae BB030000 		.4byte	.LASF15
 635 00b2 04       		.byte	0x4
 636 00b3 41       		.byte	0x41
 637 00b4 65000000 		.4byte	0x65
 638 00b8 03       		.uleb128 0x3
 639 00b9 F8040000 		.4byte	.LASF16
 640 00bd 04       		.byte	0x4
 641 00be 42       		.byte	0x42
 642 00bf 77000000 		.4byte	0x77
 643 00c3 03       		.uleb128 0x3
 644 00c4 1B000000 		.4byte	.LASF17
 645 00c8 04       		.byte	0x4
 646 00c9 4E       		.byte	0x4e
 647 00ca 90000000 		.4byte	0x90
 648 00ce 03       		.uleb128 0x3
 649 00cf 07030000 		.4byte	.LASF18
 650 00d3 05       		.byte	0x5
 651 00d4 39       		.byte	0x39
 652 00d5 B8000000 		.4byte	0xb8
 653 00d9 03       		.uleb128 0x3
 654 00da A0020000 		.4byte	.LASF19
 655 00de 05       		.byte	0x5
 656 00df 3C       		.byte	0x3c
 657 00e0 A2000000 		.4byte	0xa2
 658 00e4 03       		.uleb128 0x3
 659 00e5 25010000 		.4byte	.LASF20
 660 00e9 05       		.byte	0x5
 661 00ea 3D       		.byte	0x3d
 662 00eb A2000000 		.4byte	0xa2
 663 00ef 03       		.uleb128 0x3
 664 00f0 84030000 		.4byte	.LASF21
 665 00f4 05       		.byte	0x5
 666 00f5 3E       		.byte	0x3e
 667 00f6 A2000000 		.4byte	0xa2
 668 00fa 03       		.uleb128 0x3
 669 00fb 02010000 		.4byte	.LASF22
 670 00ff 05       		.byte	0x5
 671 0100 3F       		.byte	0x3f
 672 0101 A2000000 		.4byte	0xa2
 673 0105 03       		.uleb128 0x3
 674 0106 A3030000 		.4byte	.LASF23
 675 010a 05       		.byte	0x5
 676 010b 40       		.byte	0x40
 677 010c B8000000 		.4byte	0xb8
 678 0110 03       		.uleb128 0x3
 679 0111 8E020000 		.4byte	.LASF24
ARM GAS  /tmp/ccII0dQH.s 			page 13


 680 0115 05       		.byte	0x5
 681 0116 41       		.byte	0x41
 682 0117 AD000000 		.4byte	0xad
 683 011b 03       		.uleb128 0x3
 684 011c D5020000 		.4byte	.LASF25
 685 0120 05       		.byte	0x5
 686 0121 43       		.byte	0x43
 687 0122 B8000000 		.4byte	0xb8
 688 0126 03       		.uleb128 0x3
 689 0127 1B020000 		.4byte	.LASF26
 690 012b 05       		.byte	0x5
 691 012c 45       		.byte	0x45
 692 012d AD000000 		.4byte	0xad
 693 0131 03       		.uleb128 0x3
 694 0132 71050000 		.4byte	.LASF27
 695 0136 06       		.byte	0x6
 696 0137 33       		.byte	0x33
 697 0138 B8000000 		.4byte	0xb8
 698 013c 03       		.uleb128 0x3
 699 013d 54050000 		.4byte	.LASF28
 700 0141 06       		.byte	0x6
 701 0142 3F       		.byte	0x3f
 702 0143 47010000 		.4byte	0x147
 703 0147 05       		.uleb128 0x5
 704 0148 7C020000 		.4byte	.LASF49
 705 014c 44       		.byte	0x44
 706 014d 07       		.byte	0x7
 707 014e C2       		.byte	0xc2
 708 014f 40020000 		.4byte	0x240
 709 0153 06       		.uleb128 0x6
 710 0154 C4040000 		.4byte	.LASF29
 711 0158 07       		.byte	0x7
 712 0159 C3       		.byte	0xc3
 713 015a 4B020000 		.4byte	0x24b
 714 015e 00       		.byte	0
 715 015f 06       		.uleb128 0x6
 716 0160 9C030000 		.4byte	.LASF30
 717 0164 07       		.byte	0x7
 718 0165 C5       		.byte	0xc5
 719 0166 4B020000 		.4byte	0x24b
 720 016a 04       		.byte	0x4
 721 016b 06       		.uleb128 0x6
 722 016c 41030000 		.4byte	.LASF31
 723 0170 07       		.byte	0x7
 724 0171 C7       		.byte	0xc7
 725 0172 05010000 		.4byte	0x105
 726 0176 08       		.byte	0x8
 727 0177 06       		.uleb128 0x6
 728 0178 4A060000 		.4byte	.LASF32
 729 017c 07       		.byte	0x7
 730 017d C8       		.byte	0xc8
 731 017e 8D040000 		.4byte	0x48d
 732 0182 0C       		.byte	0xc
 733 0183 06       		.uleb128 0x6
 734 0184 3C010000 		.4byte	.LASF33
 735 0188 07       		.byte	0x7
 736 0189 CA       		.byte	0xca
ARM GAS  /tmp/ccII0dQH.s 			page 14


 737 018a 4B020000 		.4byte	0x24b
 738 018e 10       		.byte	0x10
 739 018f 06       		.uleb128 0x6
 740 0190 48030000 		.4byte	.LASF34
 741 0194 07       		.byte	0x7
 742 0195 CB       		.byte	0xcb
 743 0196 4B020000 		.4byte	0x24b
 744 019a 14       		.byte	0x14
 745 019b 06       		.uleb128 0x6
 746 019c 1E060000 		.4byte	.LASF35
 747 01a0 07       		.byte	0x7
 748 01a1 D2       		.byte	0xd2
 749 01a2 6C040000 		.4byte	0x46c
 750 01a6 18       		.byte	0x18
 751 01a7 06       		.uleb128 0x6
 752 01a8 A4040000 		.4byte	.LASF36
 753 01ac 07       		.byte	0x7
 754 01ad DD       		.byte	0xdd
 755 01ae E4000000 		.4byte	0xe4
 756 01b2 1C       		.byte	0x1c
 757 01b3 06       		.uleb128 0x6
 758 01b4 34060000 		.4byte	.LASF37
 759 01b8 07       		.byte	0x7
 760 01b9 E1       		.byte	0xe1
 761 01ba D9000000 		.4byte	0xd9
 762 01be 1D       		.byte	0x1d
 763 01bf 06       		.uleb128 0x6
 764 01c0 E6050000 		.4byte	.LASF38
 765 01c4 07       		.byte	0x7
 766 01c5 E6       		.byte	0xe6
 767 01c6 EF000000 		.4byte	0xef
 768 01ca 1E       		.byte	0x1e
 769 01cb 06       		.uleb128 0x6
 770 01cc AC040000 		.4byte	.LASF39
 771 01d0 07       		.byte	0x7
 772 01d1 EC       		.byte	0xec
 773 01d2 FA000000 		.4byte	0xfa
 774 01d6 1F       		.byte	0x1f
 775 01d7 07       		.uleb128 0x7
 776 01d8 705F7500 		.ascii	"p_u\000"
 777 01dc 07       		.byte	0x7
 778 01dd 3101     		.2byte	0x131
 779 01df 47050000 		.4byte	0x547
 780 01e3 20       		.byte	0x20
 781 01e4 08       		.uleb128 0x8
 782 01e5 50060000 		.4byte	.LASF40
 783 01e9 07       		.byte	0x7
 784 01ea 3601     		.2byte	0x136
 785 01ec 51020000 		.4byte	0x251
 786 01f0 24       		.byte	0x24
 787 01f1 08       		.uleb128 0x8
 788 01f2 C4050000 		.4byte	.LASF41
 789 01f6 07       		.byte	0x7
 790 01f7 3C01     		.2byte	0x13c
 791 01f9 75020000 		.4byte	0x275
 792 01fd 28       		.byte	0x28
 793 01fe 08       		.uleb128 0x8
ARM GAS  /tmp/ccII0dQH.s 			page 15


 794 01ff 3C060000 		.4byte	.LASF42
 795 0203 07       		.byte	0x7
 796 0204 4001     		.2byte	0x140
 797 0206 10010000 		.4byte	0x110
 798 020a 30       		.byte	0x30
 799 020b 08       		.uleb128 0x8
 800 020c ED040000 		.4byte	.LASF43
 801 0210 07       		.byte	0x7
 802 0211 4601     		.2byte	0x146
 803 0213 1B010000 		.4byte	0x11b
 804 0217 34       		.byte	0x34
 805 0218 08       		.uleb128 0x8
 806 0219 90040000 		.4byte	.LASF44
 807 021d 07       		.byte	0x7
 808 021e 4D01     		.2byte	0x14d
 809 0220 06060000 		.4byte	0x606
 810 0224 38       		.byte	0x38
 811 0225 08       		.uleb128 0x8
 812 0226 7B050000 		.4byte	.LASF45
 813 022a 07       		.byte	0x7
 814 022b 5101     		.2byte	0x151
 815 022d 05010000 		.4byte	0x105
 816 0231 3C       		.byte	0x3c
 817 0232 08       		.uleb128 0x8
 818 0233 86020000 		.4byte	.LASF46
 819 0237 07       		.byte	0x7
 820 0238 5801     		.2byte	0x158
 821 023a 28030000 		.4byte	0x328
 822 023e 40       		.byte	0x40
 823 023f 00       		.byte	0
 824 0240 03       		.uleb128 0x3
 825 0241 0F030000 		.4byte	.LASF47
 826 0245 06       		.byte	0x6
 827 0246 44       		.byte	0x44
 828 0247 4B020000 		.4byte	0x24b
 829 024b 09       		.uleb128 0x9
 830 024c 04       		.byte	0x4
 831 024d 3C010000 		.4byte	0x13c
 832 0251 03       		.uleb128 0x3
 833 0252 25060000 		.4byte	.LASF48
 834 0256 06       		.byte	0x6
 835 0257 49       		.byte	0x49
 836 0258 5C020000 		.4byte	0x25c
 837 025c 05       		.uleb128 0x5
 838 025d 1B050000 		.4byte	.LASF50
 839 0261 04       		.byte	0x4
 840 0262 07       		.byte	0x7
 841 0263 B0       		.byte	0xb0
 842 0264 75020000 		.4byte	0x275
 843 0268 06       		.uleb128 0x6
 844 0269 C4040000 		.4byte	.LASF29
 845 026d 07       		.byte	0x7
 846 026e B1       		.byte	0xb1
 847 026f 4B020000 		.4byte	0x24b
 848 0273 00       		.byte	0
 849 0274 00       		.byte	0
 850 0275 03       		.uleb128 0x3
ARM GAS  /tmp/ccII0dQH.s 			page 16


 851 0276 D6050000 		.4byte	.LASF51
 852 027a 06       		.byte	0x6
 853 027b 50       		.byte	0x50
 854 027c 80020000 		.4byte	0x280
 855 0280 05       		.uleb128 0x5
 856 0281 A7000000 		.4byte	.LASF52
 857 0285 08       		.byte	0x8
 858 0286 07       		.byte	0x7
 859 0287 B7       		.byte	0xb7
 860 0288 A5020000 		.4byte	0x2a5
 861 028c 06       		.uleb128 0x6
 862 028d C4040000 		.4byte	.LASF29
 863 0291 07       		.byte	0x7
 864 0292 B8       		.byte	0xb8
 865 0293 4B020000 		.4byte	0x24b
 866 0297 00       		.byte	0
 867 0298 06       		.uleb128 0x6
 868 0299 9C030000 		.4byte	.LASF30
 869 029d 07       		.byte	0x7
 870 029e B9       		.byte	0xb9
 871 029f 4B020000 		.4byte	0x24b
 872 02a3 04       		.byte	0x4
 873 02a4 00       		.byte	0
 874 02a5 03       		.uleb128 0x3
 875 02a6 00000000 		.4byte	.LASF53
 876 02aa 06       		.byte	0x6
 877 02ab 57       		.byte	0x57
 878 02ac B0020000 		.4byte	0x2b0
 879 02b0 0A       		.uleb128 0xa
 880 02b1 55020000 		.4byte	.LASF54
 881 02b5 1C       		.byte	0x1c
 882 02b6 07       		.byte	0x7
 883 02b7 9001     		.2byte	0x190
 884 02b9 0C030000 		.4byte	0x30c
 885 02bd 08       		.uleb128 0x8
 886 02be 08050000 		.4byte	.LASF55
 887 02c2 07       		.byte	0x7
 888 02c3 9101     		.2byte	0x191
 889 02c5 75020000 		.4byte	0x275
 890 02c9 00       		.byte	0
 891 02ca 08       		.uleb128 0x8
 892 02cb B6040000 		.4byte	.LASF56
 893 02cf 07       		.byte	0x7
 894 02d0 9201     		.2byte	0x192
 895 02d2 05010000 		.4byte	0x105
 896 02d6 08       		.byte	0x8
 897 02d7 08       		.uleb128 0x8
 898 02d8 50030000 		.4byte	.LASF57
 899 02dc 07       		.byte	0x7
 900 02dd 9401     		.2byte	0x194
 901 02df 8D040000 		.4byte	0x48d
 902 02e3 0C       		.byte	0xc
 903 02e4 08       		.uleb128 0x8
 904 02e5 4C010000 		.4byte	.LASF58
 905 02e9 07       		.byte	0x7
 906 02ea 9701     		.2byte	0x197
 907 02ec 4B020000 		.4byte	0x24b
ARM GAS  /tmp/ccII0dQH.s 			page 17


 908 02f0 10       		.byte	0x10
 909 02f1 08       		.uleb128 0x8
 910 02f2 71030000 		.4byte	.LASF59
 911 02f6 07       		.byte	0x7
 912 02f7 9801     		.2byte	0x198
 913 02f9 4B020000 		.4byte	0x24b
 914 02fd 14       		.byte	0x14
 915 02fe 08       		.uleb128 0x8
 916 02ff 67030000 		.4byte	.LASF60
 917 0303 07       		.byte	0x7
 918 0304 9B01     		.2byte	0x19b
 919 0306 4B020000 		.4byte	0x24b
 920 030a 18       		.byte	0x18
 921 030b 00       		.byte	0
 922 030c 03       		.uleb128 0x3
 923 030d 86050000 		.4byte	.LASF61
 924 0311 06       		.byte	0x6
 925 0312 5C       		.byte	0x5c
 926 0313 17030000 		.4byte	0x317
 927 0317 09       		.uleb128 0x9
 928 0318 04       		.byte	0x4
 929 0319 1D030000 		.4byte	0x31d
 930 031d 0B       		.uleb128 0xb
 931 031e 28030000 		.4byte	0x328
 932 0322 0C       		.uleb128 0xc
 933 0323 28030000 		.4byte	0x328
 934 0327 00       		.byte	0
 935 0328 0D       		.uleb128 0xd
 936 0329 04       		.byte	0x4
 937 032a 03       		.uleb128 0x3
 938 032b 8C030000 		.4byte	.LASF62
 939 032f 06       		.byte	0x6
 940 0330 61       		.byte	0x61
 941 0331 35030000 		.4byte	0x335
 942 0335 0A       		.uleb128 0xa
 943 0336 B3050000 		.4byte	.LASF63
 944 033a 14       		.byte	0x14
 945 033b 07       		.byte	0x7
 946 033c 6B01     		.2byte	0x16b
 947 033e 84030000 		.4byte	0x384
 948 0342 08       		.uleb128 0x8
 949 0343 4D020000 		.4byte	.LASF64
 950 0347 07       		.byte	0x7
 951 0348 6C01     		.2byte	0x16c
 952 034a 0C060000 		.4byte	0x60c
 953 034e 00       		.byte	0
 954 034f 08       		.uleb128 0x8
 955 0350 5D010000 		.4byte	.LASF65
 956 0354 07       		.byte	0x7
 957 0355 6D01     		.2byte	0x16d
 958 0357 0C060000 		.4byte	0x60c
 959 035b 04       		.byte	0x4
 960 035c 08       		.uleb128 0x8
 961 035d 35020000 		.4byte	.LASF66
 962 0361 07       		.byte	0x7
 963 0362 6E01     		.2byte	0x16e
 964 0364 31010000 		.4byte	0x131
ARM GAS  /tmp/ccII0dQH.s 			page 18


 965 0368 08       		.byte	0x8
 966 0369 08       		.uleb128 0x8
 967 036a 39030000 		.4byte	.LASF67
 968 036e 07       		.byte	0x7
 969 036f 6F01     		.2byte	0x16f
 970 0371 0C030000 		.4byte	0x30c
 971 0375 0C       		.byte	0xc
 972 0376 08       		.uleb128 0x8
 973 0377 CF050000 		.4byte	.LASF68
 974 037b 07       		.byte	0x7
 975 037c 7101     		.2byte	0x171
 976 037e 28030000 		.4byte	0x328
 977 0382 10       		.byte	0x10
 978 0383 00       		.byte	0
 979 0384 03       		.uleb128 0x3
 980 0385 79000000 		.4byte	.LASF69
 981 0389 06       		.byte	0x6
 982 038a 66       		.byte	0x66
 983 038b 8F030000 		.4byte	0x38f
 984 038f 0A       		.uleb128 0xa
 985 0390 22030000 		.4byte	.LASF70
 986 0394 10       		.byte	0x10
 987 0395 07       		.byte	0x7
 988 0396 7B01     		.2byte	0x17b
 989 0398 D1030000 		.4byte	0x3d1
 990 039c 08       		.uleb128 0x8
 991 039d 4D020000 		.4byte	.LASF64
 992 03a1 07       		.byte	0x7
 993 03a2 7C01     		.2byte	0x17c
 994 03a4 0C060000 		.4byte	0x60c
 995 03a8 00       		.byte	0
 996 03a9 08       		.uleb128 0x8
 997 03aa 5D010000 		.4byte	.LASF65
 998 03ae 07       		.byte	0x7
 999 03af 7E01     		.2byte	0x17e
 1000 03b1 0C060000 		.4byte	0x60c
 1001 03b5 04       		.byte	0x4
 1002 03b6 08       		.uleb128 0x8
 1003 03b7 35020000 		.4byte	.LASF66
 1004 03bb 07       		.byte	0x7
 1005 03bc 8001     		.2byte	0x180
 1006 03be 31010000 		.4byte	0x131
 1007 03c2 08       		.byte	0x8
 1008 03c3 08       		.uleb128 0x8
 1009 03c4 10050000 		.4byte	.LASF71
 1010 03c8 07       		.byte	0x7
 1011 03c9 8201     		.2byte	0x182
 1012 03cb 12060000 		.4byte	0x612
 1013 03cf 0C       		.byte	0xc
 1014 03d0 00       		.byte	0
 1015 03d1 03       		.uleb128 0x3
 1016 03d2 3E020000 		.4byte	.LASF72
 1017 03d6 06       		.byte	0x6
 1018 03d7 6B       		.byte	0x6b
 1019 03d8 DC030000 		.4byte	0x3dc
 1020 03dc 0A       		.uleb128 0xa
 1021 03dd AB030000 		.4byte	.LASF73
ARM GAS  /tmp/ccII0dQH.s 			page 19


 1022 03e1 04       		.byte	0x4
 1023 03e2 07       		.byte	0x7
 1024 03e3 A201     		.2byte	0x1a2
 1025 03e5 F7030000 		.4byte	0x3f7
 1026 03e9 08       		.uleb128 0x8
 1027 03ea 9A050000 		.4byte	.LASF74
 1028 03ee 07       		.byte	0x7
 1029 03ef AA01     		.2byte	0x1aa
 1030 03f1 17060000 		.4byte	0x617
 1031 03f5 00       		.byte	0
 1032 03f6 00       		.byte	0
 1033 03f7 03       		.uleb128 0x3
 1034 03f8 94020000 		.4byte	.LASF75
 1035 03fc 06       		.byte	0x6
 1036 03fd 70       		.byte	0x70
 1037 03fe 02040000 		.4byte	0x402
 1038 0402 0E       		.uleb128 0xe
 1039 0403 12010000 		.4byte	.LASF76
 1040 0407 5001     		.2byte	0x150
 1041 0409 07       		.byte	0x7
 1042 040a C201     		.2byte	0x1c2
 1043 040c 5E040000 		.4byte	0x45e
 1044 0410 08       		.uleb128 0x8
 1045 0411 ED050000 		.4byte	.LASF77
 1046 0415 07       		.byte	0x7
 1047 0416 C601     		.2byte	0x1c6
 1048 0418 A5020000 		.4byte	0x2a5
 1049 041c 00       		.byte	0
 1050 041d 08       		.uleb128 0x8
 1051 041e 3A000000 		.4byte	.LASF78
 1052 0422 07       		.byte	0x7
 1053 0423 CA01     		.2byte	0x1ca
 1054 0425 84030000 		.4byte	0x384
 1055 0429 1C       		.byte	0x1c
 1056 042a 07       		.uleb128 0x7
 1057 042b 64626700 		.ascii	"dbg\000"
 1058 042f 07       		.byte	0x7
 1059 0430 CE01     		.2byte	0x1ce
 1060 0432 D1030000 		.4byte	0x3d1
 1061 0436 2C       		.byte	0x2c
 1062 0437 08       		.uleb128 0x8
 1063 0438 6E000000 		.4byte	.LASF79
 1064 043c 07       		.byte	0x7
 1065 043d D201     		.2byte	0x1d2
 1066 043f 3C010000 		.4byte	0x13c
 1067 0443 30       		.byte	0x30
 1068 0444 07       		.uleb128 0x7
 1069 0445 746D00   		.ascii	"tm\000"
 1070 0448 07       		.byte	0x7
 1071 0449 D701     		.2byte	0x1d7
 1072 044b 3C050000 		.4byte	0x53c
 1073 044f 74       		.byte	0x74
 1074 0450 08       		.uleb128 0x8
 1075 0451 0C020000 		.4byte	.LASF80
 1076 0455 07       		.byte	0x7
 1077 0456 E301     		.2byte	0x1e3
 1078 0458 1C060000 		.4byte	0x61c
ARM GAS  /tmp/ccII0dQH.s 			page 20


 1079 045c 78       		.byte	0x78
 1080 045d 00       		.byte	0
 1081 045e 04       		.uleb128 0x4
 1082 045f 04       		.byte	0x4
 1083 0460 07       		.byte	0x7
 1084 0461 06060000 		.4byte	.LASF81
 1085 0465 04       		.uleb128 0x4
 1086 0466 01       		.byte	0x1
 1087 0467 08       		.byte	0x8
 1088 0468 4F050000 		.4byte	.LASF82
 1089 046c 09       		.uleb128 0x9
 1090 046d 04       		.byte	0x4
 1091 046e 72040000 		.4byte	0x472
 1092 0472 0F       		.uleb128 0xf
 1093 0473 65040000 		.4byte	0x465
 1094 0477 03       		.uleb128 0x3
 1095 0478 54010000 		.4byte	.LASF83
 1096 047c 08       		.byte	0x8
 1097 047d 65       		.byte	0x65
 1098 047e 28030000 		.4byte	0x328
 1099 0482 03       		.uleb128 0x3
 1100 0483 EB020000 		.4byte	.LASF84
 1101 0487 08       		.byte	0x8
 1102 0488 6D       		.byte	0x6d
 1103 0489 C3000000 		.4byte	0xc3
 1104 048d 05       		.uleb128 0x5
 1105 048e AB050000 		.4byte	.LASF85
 1106 0492 04       		.byte	0x4
 1107 0493 08       		.byte	0x8
 1108 0494 89       		.byte	0x89
 1109 0495 A6040000 		.4byte	0x4a6
 1110 0499 10       		.uleb128 0x10
 1111 049a 72313300 		.ascii	"r13\000"
 1112 049e 08       		.byte	0x8
 1113 049f 8A       		.byte	0x8a
 1114 04a0 21050000 		.4byte	0x521
 1115 04a4 00       		.byte	0
 1116 04a5 00       		.byte	0
 1117 04a6 05       		.uleb128 0x5
 1118 04a7 2E000000 		.4byte	.LASF86
 1119 04ab 24       		.byte	0x24
 1120 04ac 09       		.byte	0x9
 1121 04ad FD       		.byte	0xfd
 1122 04ae 21050000 		.4byte	0x521
 1123 04b2 07       		.uleb128 0x7
 1124 04b3 723400   		.ascii	"r4\000"
 1125 04b6 09       		.byte	0x9
 1126 04b7 1001     		.2byte	0x110
 1127 04b9 77040000 		.4byte	0x477
 1128 04bd 00       		.byte	0
 1129 04be 07       		.uleb128 0x7
 1130 04bf 723500   		.ascii	"r5\000"
 1131 04c2 09       		.byte	0x9
 1132 04c3 1101     		.2byte	0x111
 1133 04c5 77040000 		.4byte	0x477
 1134 04c9 04       		.byte	0x4
 1135 04ca 07       		.uleb128 0x7
ARM GAS  /tmp/ccII0dQH.s 			page 21


 1136 04cb 723600   		.ascii	"r6\000"
 1137 04ce 09       		.byte	0x9
 1138 04cf 1201     		.2byte	0x112
 1139 04d1 77040000 		.4byte	0x477
 1140 04d5 08       		.byte	0x8
 1141 04d6 07       		.uleb128 0x7
 1142 04d7 723700   		.ascii	"r7\000"
 1143 04da 09       		.byte	0x9
 1144 04db 1301     		.2byte	0x113
 1145 04dd 77040000 		.4byte	0x477
 1146 04e1 0C       		.byte	0xc
 1147 04e2 07       		.uleb128 0x7
 1148 04e3 723800   		.ascii	"r8\000"
 1149 04e6 09       		.byte	0x9
 1150 04e7 1401     		.2byte	0x114
 1151 04e9 77040000 		.4byte	0x477
 1152 04ed 10       		.byte	0x10
 1153 04ee 07       		.uleb128 0x7
 1154 04ef 723900   		.ascii	"r9\000"
 1155 04f2 09       		.byte	0x9
 1156 04f3 1501     		.2byte	0x115
 1157 04f5 77040000 		.4byte	0x477
 1158 04f9 14       		.byte	0x14
 1159 04fa 07       		.uleb128 0x7
 1160 04fb 72313000 		.ascii	"r10\000"
 1161 04ff 09       		.byte	0x9
 1162 0500 1601     		.2byte	0x116
 1163 0502 77040000 		.4byte	0x477
 1164 0506 18       		.byte	0x18
 1165 0507 07       		.uleb128 0x7
 1166 0508 72313100 		.ascii	"r11\000"
 1167 050c 09       		.byte	0x9
 1168 050d 1701     		.2byte	0x117
 1169 050f 77040000 		.4byte	0x477
 1170 0513 1C       		.byte	0x1c
 1171 0514 07       		.uleb128 0x7
 1172 0515 6C7200   		.ascii	"lr\000"
 1173 0518 09       		.byte	0x9
 1174 0519 1801     		.2byte	0x118
 1175 051b 77040000 		.4byte	0x477
 1176 051f 20       		.byte	0x20
 1177 0520 00       		.byte	0
 1178 0521 09       		.uleb128 0x9
 1179 0522 04       		.byte	0x4
 1180 0523 A6040000 		.4byte	0x4a6
 1181 0527 11       		.uleb128 0x11
 1182 0528 04       		.byte	0x4
 1183 0529 0A       		.byte	0xa
 1184 052a 38       		.byte	0x38
 1185 052b 3C050000 		.4byte	0x53c
 1186 052f 06       		.uleb128 0x6
 1187 0530 A4050000 		.4byte	.LASF87
 1188 0534 0A       		.byte	0xa
 1189 0535 3C       		.byte	0x3c
 1190 0536 CE000000 		.4byte	0xce
 1191 053a 00       		.byte	0
 1192 053b 00       		.byte	0
ARM GAS  /tmp/ccII0dQH.s 			page 22


 1193 053c 03       		.uleb128 0x3
 1194 053d 56030000 		.4byte	.LASF88
 1195 0541 0A       		.byte	0xa
 1196 0542 3D       		.byte	0x3d
 1197 0543 27050000 		.4byte	0x527
 1198 0547 12       		.uleb128 0x12
 1199 0548 04       		.byte	0x4
 1200 0549 07       		.byte	0x7
 1201 054a FA       		.byte	0xfa
 1202 054b A4050000 		.4byte	0x5a4
 1203 054f 13       		.uleb128 0x13
 1204 0550 14000000 		.4byte	.LASF89
 1205 0554 07       		.byte	0x7
 1206 0555 0101     		.2byte	0x101
 1207 0557 10010000 		.4byte	0x110
 1208 055b 13       		.uleb128 0x13
 1209 055c 65000000 		.4byte	.LASF90
 1210 0560 07       		.byte	0x7
 1211 0561 0801     		.2byte	0x108
 1212 0563 10010000 		.4byte	0x110
 1213 0567 13       		.uleb128 0x13
 1214 0568 FB000000 		.4byte	.LASF91
 1215 056c 07       		.byte	0x7
 1216 056d 0F01     		.2byte	0x10f
 1217 056f 28030000 		.4byte	0x328
 1218 0573 13       		.uleb128 0x13
 1219 0574 0C010000 		.4byte	.LASF92
 1220 0578 07       		.byte	0x7
 1221 0579 1601     		.2byte	0x116
 1222 057b A4050000 		.4byte	0x5a4
 1223 057f 13       		.uleb128 0x13
 1224 0580 2E020000 		.4byte	.LASF93
 1225 0584 07       		.byte	0x7
 1226 0585 1E01     		.2byte	0x11e
 1227 0587 CF050000 		.4byte	0x5cf
 1228 058b 13       		.uleb128 0x13
 1229 058c 01050000 		.4byte	.LASF94
 1230 0590 07       		.byte	0x7
 1231 0591 2701     		.2byte	0x127
 1232 0593 06060000 		.4byte	0x606
 1233 0597 13       		.uleb128 0x13
 1234 0598 BD040000 		.4byte	.LASF95
 1235 059c 07       		.byte	0x7
 1236 059d 2F01     		.2byte	0x12f
 1237 059f 1B010000 		.4byte	0x11b
 1238 05a3 00       		.byte	0
 1239 05a4 09       		.uleb128 0x9
 1240 05a5 04       		.byte	0x4
 1241 05a6 40020000 		.4byte	0x240
 1242 05aa 05       		.uleb128 0x5
 1243 05ab E0040000 		.4byte	.LASF96
 1244 05af 0C       		.byte	0xc
 1245 05b0 0B       		.byte	0xb
 1246 05b1 34       		.byte	0x34
 1247 05b2 CF050000 		.4byte	0x5cf
 1248 05b6 06       		.uleb128 0x6
 1249 05b7 44010000 		.4byte	.LASF97
ARM GAS  /tmp/ccII0dQH.s 			page 23


 1250 05bb 0B       		.byte	0xb
 1251 05bc 35       		.byte	0x35
 1252 05bd 75020000 		.4byte	0x275
 1253 05c1 00       		.byte	0
 1254 05c2 06       		.uleb128 0x6
 1255 05c3 63020000 		.4byte	.LASF98
 1256 05c7 0B       		.byte	0xb
 1257 05c8 37       		.byte	0x37
 1258 05c9 26010000 		.4byte	0x126
 1259 05cd 08       		.byte	0x8
 1260 05ce 00       		.byte	0
 1261 05cf 09       		.uleb128 0x9
 1262 05d0 04       		.byte	0x4
 1263 05d1 AA050000 		.4byte	0x5aa
 1264 05d5 05       		.uleb128 0x5
 1265 05d6 0F060000 		.4byte	.LASF99
 1266 05da 10       		.byte	0x10
 1267 05db 0C       		.byte	0xc
 1268 05dc 39       		.byte	0x39
 1269 05dd 06060000 		.4byte	0x606
 1270 05e1 06       		.uleb128 0x6
 1271 05e2 E8000000 		.4byte	.LASF100
 1272 05e6 0C       		.byte	0xc
 1273 05e7 3A       		.byte	0x3a
 1274 05e8 75020000 		.4byte	0x275
 1275 05ec 00       		.byte	0
 1276 05ed 06       		.uleb128 0x6
 1277 05ee 42060000 		.4byte	.LASF101
 1278 05f2 0C       		.byte	0xc
 1279 05f3 3C       		.byte	0x3c
 1280 05f4 4B020000 		.4byte	0x24b
 1281 05f8 08       		.byte	0x8
 1282 05f9 06       		.uleb128 0x6
 1283 05fa 6A050000 		.4byte	.LASF102
 1284 05fe 0C       		.byte	0xc
 1285 05ff 3E       		.byte	0x3e
 1286 0600 37060000 		.4byte	0x637
 1287 0604 0C       		.byte	0xc
 1288 0605 00       		.byte	0
 1289 0606 09       		.uleb128 0x9
 1290 0607 04       		.byte	0x4
 1291 0608 D5050000 		.4byte	0x5d5
 1292 060c 09       		.uleb128 0x9
 1293 060d 04       		.byte	0x4
 1294 060e 2A030000 		.4byte	0x32a
 1295 0612 14       		.uleb128 0x14
 1296 0613 31010000 		.4byte	0x131
 1297 0617 14       		.uleb128 0x14
 1298 0618 6C040000 		.4byte	0x46c
 1299 061c 15       		.uleb128 0x15
 1300 061d 82040000 		.4byte	0x482
 1301 0621 2C060000 		.4byte	0x62c
 1302 0625 16       		.uleb128 0x16
 1303 0626 5E040000 		.4byte	0x45e
 1304 062a 1A       		.byte	0x1a
 1305 062b 00       		.byte	0
 1306 062c 03       		.uleb128 0x3
ARM GAS  /tmp/ccII0dQH.s 			page 24


 1307 062d FE010000 		.4byte	.LASF103
 1308 0631 0C       		.byte	0xc
 1309 0632 34       		.byte	0x34
 1310 0633 D5050000 		.4byte	0x5d5
 1311 0637 09       		.uleb128 0x9
 1312 0638 04       		.byte	0x4
 1313 0639 2C060000 		.4byte	0x62c
 1314 063d 03       		.uleb128 0x3
 1315 063e 41000000 		.4byte	.LASF104
 1316 0642 0D       		.byte	0xd
 1317 0643 34       		.byte	0x34
 1318 0644 48060000 		.4byte	0x648
 1319 0648 09       		.uleb128 0x9
 1320 0649 04       		.byte	0x4
 1321 064a 4E060000 		.4byte	0x64e
 1322 064e 17       		.uleb128 0x17
 1323 064f 28030000 		.4byte	0x328
 1324 0653 5D060000 		.4byte	0x65d
 1325 0657 0C       		.uleb128 0xc
 1326 0658 2C000000 		.4byte	0x2c
 1327 065c 00       		.byte	0
 1328 065d 03       		.uleb128 0x3
 1329 065e 2E010000 		.4byte	.LASF105
 1330 0662 0E       		.byte	0xe
 1331 0663 3C       		.byte	0x3c
 1332 0664 68060000 		.4byte	0x668
 1333 0668 05       		.uleb128 0x5
 1334 0669 5A060000 		.4byte	.LASF106
 1335 066d 20       		.byte	0x20
 1336 066e 0E       		.byte	0xe
 1337 066f 4F       		.byte	0x4f
 1338 0670 99060000 		.4byte	0x699
 1339 0674 06       		.uleb128 0x6
 1340 0675 FB050000 		.4byte	.LASF107
 1341 0679 0E       		.byte	0xe
 1342 067a 50       		.byte	0x50
 1343 067b 3D060000 		.4byte	0x63d
 1344 067f 00       		.byte	0
 1345 0680 06       		.uleb128 0x6
 1346 0681 F7010000 		.4byte	.LASF108
 1347 0685 0E       		.byte	0xe
 1348 0686 52       		.byte	0x52
 1349 0687 B8060000 		.4byte	0x6b8
 1350 068b 08       		.byte	0x8
 1351 068c 06       		.uleb128 0x6
 1352 068d DD000000 		.4byte	.LASF109
 1353 0691 0E       		.byte	0xe
 1354 0692 54       		.byte	0x54
 1355 0693 2C060000 		.4byte	0x62c
 1356 0697 10       		.byte	0x10
 1357 0698 00       		.byte	0
 1358 0699 12       		.uleb128 0x12
 1359 069a 04       		.byte	0x4
 1360 069b 0E       		.byte	0xe
 1361 069c 44       		.byte	0x44
 1362 069d B8060000 		.4byte	0x6b8
 1363 06a1 18       		.uleb128 0x18
ARM GAS  /tmp/ccII0dQH.s 			page 25


 1364 06a2 A2000000 		.4byte	.LASF110
 1365 06a6 0E       		.byte	0xe
 1366 06a7 45       		.byte	0x45
 1367 06a8 D9060000 		.4byte	0x6d9
 1368 06ac 18       		.uleb128 0x18
 1369 06ad 2B050000 		.4byte	.LASF111
 1370 06b1 0E       		.byte	0xe
 1371 06b2 46       		.byte	0x46
 1372 06b3 DF060000 		.4byte	0x6df
 1373 06b7 00       		.byte	0
 1374 06b8 19       		.uleb128 0x19
 1375 06b9 D1030000 		.4byte	.LASF126
 1376 06bd 08       		.byte	0x8
 1377 06be 0E       		.byte	0xe
 1378 06bf 41       		.byte	0x41
 1379 06c0 D9060000 		.4byte	0x6d9
 1380 06c4 18       		.uleb128 0x18
 1381 06c5 06020000 		.4byte	.LASF112
 1382 06c9 0E       		.byte	0xe
 1383 06ca 42       		.byte	0x42
 1384 06cb 82040000 		.4byte	0x482
 1385 06cf 1A       		.uleb128 0x1a
 1386 06d0 6800     		.ascii	"h\000"
 1387 06d2 0E       		.byte	0xe
 1388 06d3 49       		.byte	0x49
 1389 06d4 E5060000 		.4byte	0x6e5
 1390 06d8 00       		.byte	0
 1391 06d9 09       		.uleb128 0x9
 1392 06da 04       		.byte	0x4
 1393 06db B8060000 		.4byte	0x6b8
 1394 06df 09       		.uleb128 0x9
 1395 06e0 04       		.byte	0x4
 1396 06e1 5D060000 		.4byte	0x65d
 1397 06e5 11       		.uleb128 0x11
 1398 06e6 08       		.byte	0x8
 1399 06e7 0E       		.byte	0xe
 1400 06e8 43       		.byte	0x43
 1401 06e9 04070000 		.4byte	0x704
 1402 06ed 10       		.uleb128 0x10
 1403 06ee 7500     		.ascii	"u\000"
 1404 06f0 0E       		.byte	0xe
 1405 06f1 47       		.byte	0x47
 1406 06f2 99060000 		.4byte	0x699
 1407 06f6 00       		.byte	0
 1408 06f7 06       		.uleb128 0x6
 1409 06f8 E3000000 		.4byte	.LASF113
 1410 06fc 0E       		.byte	0xe
 1411 06fd 48       		.byte	0x48
 1412 06fe 2C000000 		.4byte	0x2c
 1413 0702 04       		.byte	0x4
 1414 0703 00       		.byte	0
 1415 0704 1B       		.uleb128 0x1b
 1416 0705 B8000000 		.4byte	.LASF127
 1417 0709 01       		.byte	0x1
 1418 070a 5B       		.byte	0x5b
 1419 070b 00000000 		.4byte	.LFB232
 1420 070f 28000000 		.4byte	.LFE232-.LFB232
ARM GAS  /tmp/ccII0dQH.s 			page 26


 1421 0713 01       		.uleb128 0x1
 1422 0714 9C       		.byte	0x9c
 1423 0715 1C       		.uleb128 0x1c
 1424 0716 F6020000 		.4byte	.LASF115
 1425 071a 01       		.byte	0x1
 1426 071b 72       		.byte	0x72
 1427 071c 30000000 		.4byte	.LFB233
 1428 0720 40000000 		.4byte	.LFE233-.LFB233
 1429 0724 01       		.uleb128 0x1
 1430 0725 9C       		.byte	0x9c
 1431 0726 6B070000 		.4byte	0x76b
 1432 072a 1D       		.uleb128 0x1d
 1433 072b 9C000000 		.4byte	.LASF114
 1434 072f 01       		.byte	0x1
 1435 0730 72       		.byte	0x72
 1436 0731 DF060000 		.4byte	0x6df
 1437 0735 02       		.uleb128 0x2
 1438 0736 91       		.byte	0x91
 1439 0737 6C       		.sleb128 -20
 1440 0738 1E       		.uleb128 0x1e
 1441 0739 62756600 		.ascii	"buf\000"
 1442 073d 01       		.byte	0x1
 1443 073e 72       		.byte	0x72
 1444 073f 28030000 		.4byte	0x328
 1445 0743 02       		.uleb128 0x2
 1446 0744 91       		.byte	0x91
 1447 0745 68       		.sleb128 -24
 1448 0746 1D       		.uleb128 0x1d
 1449 0747 E3000000 		.4byte	.LASF113
 1450 074b 01       		.byte	0x1
 1451 074c 72       		.byte	0x72
 1452 074d 2C000000 		.4byte	0x2c
 1453 0751 02       		.uleb128 0x2
 1454 0752 91       		.byte	0x91
 1455 0753 64       		.sleb128 -28
 1456 0754 1F       		.uleb128 0x1f
 1457 0755 687000   		.ascii	"hp\000"
 1458 0758 01       		.byte	0x1
 1459 0759 73       		.byte	0x73
 1460 075a D9060000 		.4byte	0x6d9
 1461 075e 02       		.uleb128 0x2
 1462 075f 91       		.byte	0x91
 1463 0760 74       		.sleb128 -12
 1464 0761 20       		.uleb128 0x20
 1465 0762 CB040000 		.4byte	.LASF117
 1466 0766 7B070000 		.4byte	0x77b
 1467 076a 00       		.byte	0
 1468 076b 15       		.uleb128 0x15
 1469 076c 65040000 		.4byte	0x465
 1470 0770 7B070000 		.4byte	0x77b
 1471 0774 16       		.uleb128 0x16
 1472 0775 5E040000 		.4byte	0x45e
 1473 0779 10       		.byte	0x10
 1474 077a 00       		.byte	0
 1475 077b 0F       		.uleb128 0xf
 1476 077c 6B070000 		.4byte	0x76b
 1477 0780 21       		.uleb128 0x21
ARM GAS  /tmp/ccII0dQH.s 			page 27


 1478 0781 D4040000 		.4byte	.LASF118
 1479 0785 01       		.byte	0x1
 1480 0786 93       		.byte	0x93
 1481 0787 28030000 		.4byte	0x328
 1482 078b 70000000 		.4byte	.LFB234
 1483 078f F0000000 		.4byte	.LFE234-.LFB234
 1484 0793 01       		.uleb128 0x1
 1485 0794 9C       		.byte	0x9c
 1486 0795 DD070000 		.4byte	0x7dd
 1487 0799 1D       		.uleb128 0x1d
 1488 079a 9C000000 		.4byte	.LASF114
 1489 079e 01       		.byte	0x1
 1490 079f 93       		.byte	0x93
 1491 07a0 DF060000 		.4byte	0x6df
 1492 07a4 02       		.uleb128 0x2
 1493 07a5 91       		.byte	0x91
 1494 07a6 64       		.sleb128 -28
 1495 07a7 1D       		.uleb128 0x1d
 1496 07a8 E3000000 		.4byte	.LASF113
 1497 07ac 01       		.byte	0x1
 1498 07ad 93       		.byte	0x93
 1499 07ae 2C000000 		.4byte	0x2c
 1500 07b2 02       		.uleb128 0x2
 1501 07b3 91       		.byte	0x91
 1502 07b4 60       		.sleb128 -32
 1503 07b5 1F       		.uleb128 0x1f
 1504 07b6 717000   		.ascii	"qp\000"
 1505 07b9 01       		.byte	0x1
 1506 07ba 94       		.byte	0x94
 1507 07bb D9060000 		.4byte	0x6d9
 1508 07bf 02       		.uleb128 0x2
 1509 07c0 91       		.byte	0x91
 1510 07c1 74       		.sleb128 -12
 1511 07c2 1F       		.uleb128 0x1f
 1512 07c3 687000   		.ascii	"hp\000"
 1513 07c6 01       		.byte	0x1
 1514 07c7 94       		.byte	0x94
 1515 07c8 D9060000 		.4byte	0x6d9
 1516 07cc 02       		.uleb128 0x2
 1517 07cd 91       		.byte	0x91
 1518 07ce 70       		.sleb128 -16
 1519 07cf 1F       		.uleb128 0x1f
 1520 07d0 667000   		.ascii	"fp\000"
 1521 07d3 01       		.byte	0x1
 1522 07d4 94       		.byte	0x94
 1523 07d5 D9060000 		.4byte	0x6d9
 1524 07d9 02       		.uleb128 0x2
 1525 07da 91       		.byte	0x91
 1526 07db 6C       		.sleb128 -20
 1527 07dc 00       		.byte	0
 1528 07dd 1C       		.uleb128 0x1c
 1529 07de F0000000 		.4byte	.LASF116
 1530 07e2 01       		.byte	0x1
 1531 07e3 D5       		.byte	0xd5
 1532 07e4 60010000 		.4byte	.LFB235
 1533 07e8 CE000000 		.4byte	.LFE235-.LFB235
 1534 07ec 01       		.uleb128 0x1
ARM GAS  /tmp/ccII0dQH.s 			page 28


 1535 07ed 9C       		.byte	0x9c
 1536 07ee 30080000 		.4byte	0x830
 1537 07f2 1E       		.uleb128 0x1e
 1538 07f3 7000     		.ascii	"p\000"
 1539 07f5 01       		.byte	0x1
 1540 07f6 D5       		.byte	0xd5
 1541 07f7 28030000 		.4byte	0x328
 1542 07fb 02       		.uleb128 0x2
 1543 07fc 91       		.byte	0x91
 1544 07fd 64       		.sleb128 -28
 1545 07fe 1F       		.uleb128 0x1f
 1546 07ff 717000   		.ascii	"qp\000"
 1547 0802 01       		.byte	0x1
 1548 0803 D6       		.byte	0xd6
 1549 0804 D9060000 		.4byte	0x6d9
 1550 0808 02       		.uleb128 0x2
 1551 0809 91       		.byte	0x91
 1552 080a 74       		.sleb128 -12
 1553 080b 1F       		.uleb128 0x1f
 1554 080c 687000   		.ascii	"hp\000"
 1555 080f 01       		.byte	0x1
 1556 0810 D6       		.byte	0xd6
 1557 0811 D9060000 		.4byte	0x6d9
 1558 0815 02       		.uleb128 0x2
 1559 0816 91       		.byte	0x91
 1560 0817 70       		.sleb128 -16
 1561 0818 22       		.uleb128 0x22
 1562 0819 9C000000 		.4byte	.LASF114
 1563 081d 01       		.byte	0x1
 1564 081e D7       		.byte	0xd7
 1565 081f DF060000 		.4byte	0x6df
 1566 0823 02       		.uleb128 0x2
 1567 0824 91       		.byte	0x91
 1568 0825 6C       		.sleb128 -20
 1569 0826 20       		.uleb128 0x20
 1570 0827 CB040000 		.4byte	.LASF117
 1571 082b 40080000 		.4byte	0x840
 1572 082f 00       		.byte	0
 1573 0830 15       		.uleb128 0x15
 1574 0831 65040000 		.4byte	0x465
 1575 0835 40080000 		.4byte	0x840
 1576 0839 16       		.uleb128 0x16
 1577 083a 5E040000 		.4byte	0x45e
 1578 083e 0A       		.byte	0xa
 1579 083f 00       		.byte	0
 1580 0840 0F       		.uleb128 0xf
 1581 0841 30080000 		.4byte	0x830
 1582 0845 23       		.uleb128 0x23
 1583 0846 5D050000 		.4byte	.LASF119
 1584 084a 01       		.byte	0x1
 1585 084b 0B01     		.2byte	0x10b
 1586 084d 2C000000 		.4byte	0x2c
 1587 0851 30020000 		.4byte	.LFB236
 1588 0855 70000000 		.4byte	.LFE236-.LFB236
 1589 0859 01       		.uleb128 0x1
 1590 085a 9C       		.byte	0x9c
 1591 085b A7080000 		.4byte	0x8a7
ARM GAS  /tmp/ccII0dQH.s 			page 29


 1592 085f 24       		.uleb128 0x24
 1593 0860 9C000000 		.4byte	.LASF114
 1594 0864 01       		.byte	0x1
 1595 0865 0B01     		.2byte	0x10b
 1596 0867 DF060000 		.4byte	0x6df
 1597 086b 02       		.uleb128 0x2
 1598 086c 91       		.byte	0x91
 1599 086d 64       		.sleb128 -28
 1600 086e 24       		.uleb128 0x24
 1601 086f 18060000 		.4byte	.LASF120
 1602 0873 01       		.byte	0x1
 1603 0874 0B01     		.2byte	0x10b
 1604 0876 A7080000 		.4byte	0x8a7
 1605 087a 02       		.uleb128 0x2
 1606 087b 91       		.byte	0x91
 1607 087c 60       		.sleb128 -32
 1608 087d 25       		.uleb128 0x25
 1609 087e 717000   		.ascii	"qp\000"
 1610 0881 01       		.byte	0x1
 1611 0882 0C01     		.2byte	0x10c
 1612 0884 D9060000 		.4byte	0x6d9
 1613 0888 02       		.uleb128 0x2
 1614 0889 91       		.byte	0x91
 1615 088a 74       		.sleb128 -12
 1616 088b 25       		.uleb128 0x25
 1617 088c 6E00     		.ascii	"n\000"
 1618 088e 01       		.byte	0x1
 1619 088f 0D01     		.2byte	0x10d
 1620 0891 2C000000 		.4byte	0x2c
 1621 0895 02       		.uleb128 0x2
 1622 0896 91       		.byte	0x91
 1623 0897 70       		.sleb128 -16
 1624 0898 25       		.uleb128 0x25
 1625 0899 737A00   		.ascii	"sz\000"
 1626 089c 01       		.byte	0x1
 1627 089d 0D01     		.2byte	0x10d
 1628 089f 2C000000 		.4byte	0x2c
 1629 08a3 02       		.uleb128 0x2
 1630 08a4 91       		.byte	0x91
 1631 08a5 6C       		.sleb128 -20
 1632 08a6 00       		.byte	0
 1633 08a7 09       		.uleb128 0x9
 1634 08a8 04       		.byte	0x4
 1635 08a9 2C000000 		.4byte	0x2c
 1636 08ad 22       		.uleb128 0x22
 1637 08ae 42050000 		.4byte	.LASF121
 1638 08b2 01       		.byte	0x1
 1639 08b3 4C       		.byte	0x4c
 1640 08b4 5D060000 		.4byte	0x65d
 1641 08b8 05       		.uleb128 0x5
 1642 08b9 03       		.byte	0x3
 1643 08ba 00000000 		.4byte	default_heap
 1644 08be 26       		.uleb128 0x26
 1645 08bf 8F000000 		.4byte	.LASF122
 1646 08c3 0F       		.byte	0xf
 1647 08c4 FA06     		.2byte	0x6fa
 1648 08c6 CA080000 		.4byte	0x8ca
ARM GAS  /tmp/ccII0dQH.s 			page 30


 1649 08ca 14       		.uleb128 0x14
 1650 08cb AD000000 		.4byte	0xad
 1651 08cf 27       		.uleb128 0x27
 1652 08d0 636800   		.ascii	"ch\000"
 1653 08d3 07       		.byte	0x7
 1654 08d4 0902     		.2byte	0x209
 1655 08d6 F7030000 		.4byte	0x3f7
 1656 08da 00       		.byte	0
 1657              		.section	.debug_abbrev,"",%progbits
 1658              	.Ldebug_abbrev0:
 1659 0000 01       		.uleb128 0x1
 1660 0001 11       		.uleb128 0x11
 1661 0002 01       		.byte	0x1
 1662 0003 25       		.uleb128 0x25
 1663 0004 0E       		.uleb128 0xe
 1664 0005 13       		.uleb128 0x13
 1665 0006 0B       		.uleb128 0xb
 1666 0007 03       		.uleb128 0x3
 1667 0008 0E       		.uleb128 0xe
 1668 0009 1B       		.uleb128 0x1b
 1669 000a 0E       		.uleb128 0xe
 1670 000b 11       		.uleb128 0x11
 1671 000c 01       		.uleb128 0x1
 1672 000d 12       		.uleb128 0x12
 1673 000e 06       		.uleb128 0x6
 1674 000f 10       		.uleb128 0x10
 1675 0010 17       		.uleb128 0x17
 1676 0011 00       		.byte	0
 1677 0012 00       		.byte	0
 1678 0013 02       		.uleb128 0x2
 1679 0014 24       		.uleb128 0x24
 1680 0015 00       		.byte	0
 1681 0016 0B       		.uleb128 0xb
 1682 0017 0B       		.uleb128 0xb
 1683 0018 3E       		.uleb128 0x3e
 1684 0019 0B       		.uleb128 0xb
 1685 001a 03       		.uleb128 0x3
 1686 001b 08       		.uleb128 0x8
 1687 001c 00       		.byte	0
 1688 001d 00       		.byte	0
 1689 001e 03       		.uleb128 0x3
 1690 001f 16       		.uleb128 0x16
 1691 0020 00       		.byte	0
 1692 0021 03       		.uleb128 0x3
 1693 0022 0E       		.uleb128 0xe
 1694 0023 3A       		.uleb128 0x3a
 1695 0024 0B       		.uleb128 0xb
 1696 0025 3B       		.uleb128 0x3b
 1697 0026 0B       		.uleb128 0xb
 1698 0027 49       		.uleb128 0x49
 1699 0028 13       		.uleb128 0x13
 1700 0029 00       		.byte	0
 1701 002a 00       		.byte	0
 1702 002b 04       		.uleb128 0x4
 1703 002c 24       		.uleb128 0x24
 1704 002d 00       		.byte	0
 1705 002e 0B       		.uleb128 0xb
ARM GAS  /tmp/ccII0dQH.s 			page 31


 1706 002f 0B       		.uleb128 0xb
 1707 0030 3E       		.uleb128 0x3e
 1708 0031 0B       		.uleb128 0xb
 1709 0032 03       		.uleb128 0x3
 1710 0033 0E       		.uleb128 0xe
 1711 0034 00       		.byte	0
 1712 0035 00       		.byte	0
 1713 0036 05       		.uleb128 0x5
 1714 0037 13       		.uleb128 0x13
 1715 0038 01       		.byte	0x1
 1716 0039 03       		.uleb128 0x3
 1717 003a 0E       		.uleb128 0xe
 1718 003b 0B       		.uleb128 0xb
 1719 003c 0B       		.uleb128 0xb
 1720 003d 3A       		.uleb128 0x3a
 1721 003e 0B       		.uleb128 0xb
 1722 003f 3B       		.uleb128 0x3b
 1723 0040 0B       		.uleb128 0xb
 1724 0041 01       		.uleb128 0x1
 1725 0042 13       		.uleb128 0x13
 1726 0043 00       		.byte	0
 1727 0044 00       		.byte	0
 1728 0045 06       		.uleb128 0x6
 1729 0046 0D       		.uleb128 0xd
 1730 0047 00       		.byte	0
 1731 0048 03       		.uleb128 0x3
 1732 0049 0E       		.uleb128 0xe
 1733 004a 3A       		.uleb128 0x3a
 1734 004b 0B       		.uleb128 0xb
 1735 004c 3B       		.uleb128 0x3b
 1736 004d 0B       		.uleb128 0xb
 1737 004e 49       		.uleb128 0x49
 1738 004f 13       		.uleb128 0x13
 1739 0050 38       		.uleb128 0x38
 1740 0051 0B       		.uleb128 0xb
 1741 0052 00       		.byte	0
 1742 0053 00       		.byte	0
 1743 0054 07       		.uleb128 0x7
 1744 0055 0D       		.uleb128 0xd
 1745 0056 00       		.byte	0
 1746 0057 03       		.uleb128 0x3
 1747 0058 08       		.uleb128 0x8
 1748 0059 3A       		.uleb128 0x3a
 1749 005a 0B       		.uleb128 0xb
 1750 005b 3B       		.uleb128 0x3b
 1751 005c 05       		.uleb128 0x5
 1752 005d 49       		.uleb128 0x49
 1753 005e 13       		.uleb128 0x13
 1754 005f 38       		.uleb128 0x38
 1755 0060 0B       		.uleb128 0xb
 1756 0061 00       		.byte	0
 1757 0062 00       		.byte	0
 1758 0063 08       		.uleb128 0x8
 1759 0064 0D       		.uleb128 0xd
 1760 0065 00       		.byte	0
 1761 0066 03       		.uleb128 0x3
 1762 0067 0E       		.uleb128 0xe
ARM GAS  /tmp/ccII0dQH.s 			page 32


 1763 0068 3A       		.uleb128 0x3a
 1764 0069 0B       		.uleb128 0xb
 1765 006a 3B       		.uleb128 0x3b
 1766 006b 05       		.uleb128 0x5
 1767 006c 49       		.uleb128 0x49
 1768 006d 13       		.uleb128 0x13
 1769 006e 38       		.uleb128 0x38
 1770 006f 0B       		.uleb128 0xb
 1771 0070 00       		.byte	0
 1772 0071 00       		.byte	0
 1773 0072 09       		.uleb128 0x9
 1774 0073 0F       		.uleb128 0xf
 1775 0074 00       		.byte	0
 1776 0075 0B       		.uleb128 0xb
 1777 0076 0B       		.uleb128 0xb
 1778 0077 49       		.uleb128 0x49
 1779 0078 13       		.uleb128 0x13
 1780 0079 00       		.byte	0
 1781 007a 00       		.byte	0
 1782 007b 0A       		.uleb128 0xa
 1783 007c 13       		.uleb128 0x13
 1784 007d 01       		.byte	0x1
 1785 007e 03       		.uleb128 0x3
 1786 007f 0E       		.uleb128 0xe
 1787 0080 0B       		.uleb128 0xb
 1788 0081 0B       		.uleb128 0xb
 1789 0082 3A       		.uleb128 0x3a
 1790 0083 0B       		.uleb128 0xb
 1791 0084 3B       		.uleb128 0x3b
 1792 0085 05       		.uleb128 0x5
 1793 0086 01       		.uleb128 0x1
 1794 0087 13       		.uleb128 0x13
 1795 0088 00       		.byte	0
 1796 0089 00       		.byte	0
 1797 008a 0B       		.uleb128 0xb
 1798 008b 15       		.uleb128 0x15
 1799 008c 01       		.byte	0x1
 1800 008d 27       		.uleb128 0x27
 1801 008e 19       		.uleb128 0x19
 1802 008f 01       		.uleb128 0x1
 1803 0090 13       		.uleb128 0x13
 1804 0091 00       		.byte	0
 1805 0092 00       		.byte	0
 1806 0093 0C       		.uleb128 0xc
 1807 0094 05       		.uleb128 0x5
 1808 0095 00       		.byte	0
 1809 0096 49       		.uleb128 0x49
 1810 0097 13       		.uleb128 0x13
 1811 0098 00       		.byte	0
 1812 0099 00       		.byte	0
 1813 009a 0D       		.uleb128 0xd
 1814 009b 0F       		.uleb128 0xf
 1815 009c 00       		.byte	0
 1816 009d 0B       		.uleb128 0xb
 1817 009e 0B       		.uleb128 0xb
 1818 009f 00       		.byte	0
 1819 00a0 00       		.byte	0
ARM GAS  /tmp/ccII0dQH.s 			page 33


 1820 00a1 0E       		.uleb128 0xe
 1821 00a2 13       		.uleb128 0x13
 1822 00a3 01       		.byte	0x1
 1823 00a4 03       		.uleb128 0x3
 1824 00a5 0E       		.uleb128 0xe
 1825 00a6 0B       		.uleb128 0xb
 1826 00a7 05       		.uleb128 0x5
 1827 00a8 3A       		.uleb128 0x3a
 1828 00a9 0B       		.uleb128 0xb
 1829 00aa 3B       		.uleb128 0x3b
 1830 00ab 05       		.uleb128 0x5
 1831 00ac 01       		.uleb128 0x1
 1832 00ad 13       		.uleb128 0x13
 1833 00ae 00       		.byte	0
 1834 00af 00       		.byte	0
 1835 00b0 0F       		.uleb128 0xf
 1836 00b1 26       		.uleb128 0x26
 1837 00b2 00       		.byte	0
 1838 00b3 49       		.uleb128 0x49
 1839 00b4 13       		.uleb128 0x13
 1840 00b5 00       		.byte	0
 1841 00b6 00       		.byte	0
 1842 00b7 10       		.uleb128 0x10
 1843 00b8 0D       		.uleb128 0xd
 1844 00b9 00       		.byte	0
 1845 00ba 03       		.uleb128 0x3
 1846 00bb 08       		.uleb128 0x8
 1847 00bc 3A       		.uleb128 0x3a
 1848 00bd 0B       		.uleb128 0xb
 1849 00be 3B       		.uleb128 0x3b
 1850 00bf 0B       		.uleb128 0xb
 1851 00c0 49       		.uleb128 0x49
 1852 00c1 13       		.uleb128 0x13
 1853 00c2 38       		.uleb128 0x38
 1854 00c3 0B       		.uleb128 0xb
 1855 00c4 00       		.byte	0
 1856 00c5 00       		.byte	0
 1857 00c6 11       		.uleb128 0x11
 1858 00c7 13       		.uleb128 0x13
 1859 00c8 01       		.byte	0x1
 1860 00c9 0B       		.uleb128 0xb
 1861 00ca 0B       		.uleb128 0xb
 1862 00cb 3A       		.uleb128 0x3a
 1863 00cc 0B       		.uleb128 0xb
 1864 00cd 3B       		.uleb128 0x3b
 1865 00ce 0B       		.uleb128 0xb
 1866 00cf 01       		.uleb128 0x1
 1867 00d0 13       		.uleb128 0x13
 1868 00d1 00       		.byte	0
 1869 00d2 00       		.byte	0
 1870 00d3 12       		.uleb128 0x12
 1871 00d4 17       		.uleb128 0x17
 1872 00d5 01       		.byte	0x1
 1873 00d6 0B       		.uleb128 0xb
 1874 00d7 0B       		.uleb128 0xb
 1875 00d8 3A       		.uleb128 0x3a
 1876 00d9 0B       		.uleb128 0xb
ARM GAS  /tmp/ccII0dQH.s 			page 34


 1877 00da 3B       		.uleb128 0x3b
 1878 00db 0B       		.uleb128 0xb
 1879 00dc 01       		.uleb128 0x1
 1880 00dd 13       		.uleb128 0x13
 1881 00de 00       		.byte	0
 1882 00df 00       		.byte	0
 1883 00e0 13       		.uleb128 0x13
 1884 00e1 0D       		.uleb128 0xd
 1885 00e2 00       		.byte	0
 1886 00e3 03       		.uleb128 0x3
 1887 00e4 0E       		.uleb128 0xe
 1888 00e5 3A       		.uleb128 0x3a
 1889 00e6 0B       		.uleb128 0xb
 1890 00e7 3B       		.uleb128 0x3b
 1891 00e8 05       		.uleb128 0x5
 1892 00e9 49       		.uleb128 0x49
 1893 00ea 13       		.uleb128 0x13
 1894 00eb 00       		.byte	0
 1895 00ec 00       		.byte	0
 1896 00ed 14       		.uleb128 0x14
 1897 00ee 35       		.uleb128 0x35
 1898 00ef 00       		.byte	0
 1899 00f0 49       		.uleb128 0x49
 1900 00f1 13       		.uleb128 0x13
 1901 00f2 00       		.byte	0
 1902 00f3 00       		.byte	0
 1903 00f4 15       		.uleb128 0x15
 1904 00f5 01       		.uleb128 0x1
 1905 00f6 01       		.byte	0x1
 1906 00f7 49       		.uleb128 0x49
 1907 00f8 13       		.uleb128 0x13
 1908 00f9 01       		.uleb128 0x1
 1909 00fa 13       		.uleb128 0x13
 1910 00fb 00       		.byte	0
 1911 00fc 00       		.byte	0
 1912 00fd 16       		.uleb128 0x16
 1913 00fe 21       		.uleb128 0x21
 1914 00ff 00       		.byte	0
 1915 0100 49       		.uleb128 0x49
 1916 0101 13       		.uleb128 0x13
 1917 0102 2F       		.uleb128 0x2f
 1918 0103 0B       		.uleb128 0xb
 1919 0104 00       		.byte	0
 1920 0105 00       		.byte	0
 1921 0106 17       		.uleb128 0x17
 1922 0107 15       		.uleb128 0x15
 1923 0108 01       		.byte	0x1
 1924 0109 27       		.uleb128 0x27
 1925 010a 19       		.uleb128 0x19
 1926 010b 49       		.uleb128 0x49
 1927 010c 13       		.uleb128 0x13
 1928 010d 01       		.uleb128 0x1
 1929 010e 13       		.uleb128 0x13
 1930 010f 00       		.byte	0
 1931 0110 00       		.byte	0
 1932 0111 18       		.uleb128 0x18
 1933 0112 0D       		.uleb128 0xd
ARM GAS  /tmp/ccII0dQH.s 			page 35


 1934 0113 00       		.byte	0
 1935 0114 03       		.uleb128 0x3
 1936 0115 0E       		.uleb128 0xe
 1937 0116 3A       		.uleb128 0x3a
 1938 0117 0B       		.uleb128 0xb
 1939 0118 3B       		.uleb128 0x3b
 1940 0119 0B       		.uleb128 0xb
 1941 011a 49       		.uleb128 0x49
 1942 011b 13       		.uleb128 0x13
 1943 011c 00       		.byte	0
 1944 011d 00       		.byte	0
 1945 011e 19       		.uleb128 0x19
 1946 011f 17       		.uleb128 0x17
 1947 0120 01       		.byte	0x1
 1948 0121 03       		.uleb128 0x3
 1949 0122 0E       		.uleb128 0xe
 1950 0123 0B       		.uleb128 0xb
 1951 0124 0B       		.uleb128 0xb
 1952 0125 3A       		.uleb128 0x3a
 1953 0126 0B       		.uleb128 0xb
 1954 0127 3B       		.uleb128 0x3b
 1955 0128 0B       		.uleb128 0xb
 1956 0129 01       		.uleb128 0x1
 1957 012a 13       		.uleb128 0x13
 1958 012b 00       		.byte	0
 1959 012c 00       		.byte	0
 1960 012d 1A       		.uleb128 0x1a
 1961 012e 0D       		.uleb128 0xd
 1962 012f 00       		.byte	0
 1963 0130 03       		.uleb128 0x3
 1964 0131 08       		.uleb128 0x8
 1965 0132 3A       		.uleb128 0x3a
 1966 0133 0B       		.uleb128 0xb
 1967 0134 3B       		.uleb128 0x3b
 1968 0135 0B       		.uleb128 0xb
 1969 0136 49       		.uleb128 0x49
 1970 0137 13       		.uleb128 0x13
 1971 0138 00       		.byte	0
 1972 0139 00       		.byte	0
 1973 013a 1B       		.uleb128 0x1b
 1974 013b 2E       		.uleb128 0x2e
 1975 013c 00       		.byte	0
 1976 013d 3F       		.uleb128 0x3f
 1977 013e 19       		.uleb128 0x19
 1978 013f 03       		.uleb128 0x3
 1979 0140 0E       		.uleb128 0xe
 1980 0141 3A       		.uleb128 0x3a
 1981 0142 0B       		.uleb128 0xb
 1982 0143 3B       		.uleb128 0x3b
 1983 0144 0B       		.uleb128 0xb
 1984 0145 27       		.uleb128 0x27
 1985 0146 19       		.uleb128 0x19
 1986 0147 11       		.uleb128 0x11
 1987 0148 01       		.uleb128 0x1
 1988 0149 12       		.uleb128 0x12
 1989 014a 06       		.uleb128 0x6
 1990 014b 40       		.uleb128 0x40
ARM GAS  /tmp/ccII0dQH.s 			page 36


 1991 014c 18       		.uleb128 0x18
 1992 014d 9642     		.uleb128 0x2116
 1993 014f 19       		.uleb128 0x19
 1994 0150 00       		.byte	0
 1995 0151 00       		.byte	0
 1996 0152 1C       		.uleb128 0x1c
 1997 0153 2E       		.uleb128 0x2e
 1998 0154 01       		.byte	0x1
 1999 0155 3F       		.uleb128 0x3f
 2000 0156 19       		.uleb128 0x19
 2001 0157 03       		.uleb128 0x3
 2002 0158 0E       		.uleb128 0xe
 2003 0159 3A       		.uleb128 0x3a
 2004 015a 0B       		.uleb128 0xb
 2005 015b 3B       		.uleb128 0x3b
 2006 015c 0B       		.uleb128 0xb
 2007 015d 27       		.uleb128 0x27
 2008 015e 19       		.uleb128 0x19
 2009 015f 11       		.uleb128 0x11
 2010 0160 01       		.uleb128 0x1
 2011 0161 12       		.uleb128 0x12
 2012 0162 06       		.uleb128 0x6
 2013 0163 40       		.uleb128 0x40
 2014 0164 18       		.uleb128 0x18
 2015 0165 9642     		.uleb128 0x2116
 2016 0167 19       		.uleb128 0x19
 2017 0168 01       		.uleb128 0x1
 2018 0169 13       		.uleb128 0x13
 2019 016a 00       		.byte	0
 2020 016b 00       		.byte	0
 2021 016c 1D       		.uleb128 0x1d
 2022 016d 05       		.uleb128 0x5
 2023 016e 00       		.byte	0
 2024 016f 03       		.uleb128 0x3
 2025 0170 0E       		.uleb128 0xe
 2026 0171 3A       		.uleb128 0x3a
 2027 0172 0B       		.uleb128 0xb
 2028 0173 3B       		.uleb128 0x3b
 2029 0174 0B       		.uleb128 0xb
 2030 0175 49       		.uleb128 0x49
 2031 0176 13       		.uleb128 0x13
 2032 0177 02       		.uleb128 0x2
 2033 0178 18       		.uleb128 0x18
 2034 0179 00       		.byte	0
 2035 017a 00       		.byte	0
 2036 017b 1E       		.uleb128 0x1e
 2037 017c 05       		.uleb128 0x5
 2038 017d 00       		.byte	0
 2039 017e 03       		.uleb128 0x3
 2040 017f 08       		.uleb128 0x8
 2041 0180 3A       		.uleb128 0x3a
 2042 0181 0B       		.uleb128 0xb
 2043 0182 3B       		.uleb128 0x3b
 2044 0183 0B       		.uleb128 0xb
 2045 0184 49       		.uleb128 0x49
 2046 0185 13       		.uleb128 0x13
 2047 0186 02       		.uleb128 0x2
ARM GAS  /tmp/ccII0dQH.s 			page 37


 2048 0187 18       		.uleb128 0x18
 2049 0188 00       		.byte	0
 2050 0189 00       		.byte	0
 2051 018a 1F       		.uleb128 0x1f
 2052 018b 34       		.uleb128 0x34
 2053 018c 00       		.byte	0
 2054 018d 03       		.uleb128 0x3
 2055 018e 08       		.uleb128 0x8
 2056 018f 3A       		.uleb128 0x3a
 2057 0190 0B       		.uleb128 0xb
 2058 0191 3B       		.uleb128 0x3b
 2059 0192 0B       		.uleb128 0xb
 2060 0193 49       		.uleb128 0x49
 2061 0194 13       		.uleb128 0x13
 2062 0195 02       		.uleb128 0x2
 2063 0196 18       		.uleb128 0x18
 2064 0197 00       		.byte	0
 2065 0198 00       		.byte	0
 2066 0199 20       		.uleb128 0x20
 2067 019a 34       		.uleb128 0x34
 2068 019b 00       		.byte	0
 2069 019c 03       		.uleb128 0x3
 2070 019d 0E       		.uleb128 0xe
 2071 019e 49       		.uleb128 0x49
 2072 019f 13       		.uleb128 0x13
 2073 01a0 34       		.uleb128 0x34
 2074 01a1 19       		.uleb128 0x19
 2075 01a2 00       		.byte	0
 2076 01a3 00       		.byte	0
 2077 01a4 21       		.uleb128 0x21
 2078 01a5 2E       		.uleb128 0x2e
 2079 01a6 01       		.byte	0x1
 2080 01a7 3F       		.uleb128 0x3f
 2081 01a8 19       		.uleb128 0x19
 2082 01a9 03       		.uleb128 0x3
 2083 01aa 0E       		.uleb128 0xe
 2084 01ab 3A       		.uleb128 0x3a
 2085 01ac 0B       		.uleb128 0xb
 2086 01ad 3B       		.uleb128 0x3b
 2087 01ae 0B       		.uleb128 0xb
 2088 01af 27       		.uleb128 0x27
 2089 01b0 19       		.uleb128 0x19
 2090 01b1 49       		.uleb128 0x49
 2091 01b2 13       		.uleb128 0x13
 2092 01b3 11       		.uleb128 0x11
 2093 01b4 01       		.uleb128 0x1
 2094 01b5 12       		.uleb128 0x12
 2095 01b6 06       		.uleb128 0x6
 2096 01b7 40       		.uleb128 0x40
 2097 01b8 18       		.uleb128 0x18
 2098 01b9 9642     		.uleb128 0x2116
 2099 01bb 19       		.uleb128 0x19
 2100 01bc 01       		.uleb128 0x1
 2101 01bd 13       		.uleb128 0x13
 2102 01be 00       		.byte	0
 2103 01bf 00       		.byte	0
 2104 01c0 22       		.uleb128 0x22
ARM GAS  /tmp/ccII0dQH.s 			page 38


 2105 01c1 34       		.uleb128 0x34
 2106 01c2 00       		.byte	0
 2107 01c3 03       		.uleb128 0x3
 2108 01c4 0E       		.uleb128 0xe
 2109 01c5 3A       		.uleb128 0x3a
 2110 01c6 0B       		.uleb128 0xb
 2111 01c7 3B       		.uleb128 0x3b
 2112 01c8 0B       		.uleb128 0xb
 2113 01c9 49       		.uleb128 0x49
 2114 01ca 13       		.uleb128 0x13
 2115 01cb 02       		.uleb128 0x2
 2116 01cc 18       		.uleb128 0x18
 2117 01cd 00       		.byte	0
 2118 01ce 00       		.byte	0
 2119 01cf 23       		.uleb128 0x23
 2120 01d0 2E       		.uleb128 0x2e
 2121 01d1 01       		.byte	0x1
 2122 01d2 3F       		.uleb128 0x3f
 2123 01d3 19       		.uleb128 0x19
 2124 01d4 03       		.uleb128 0x3
 2125 01d5 0E       		.uleb128 0xe
 2126 01d6 3A       		.uleb128 0x3a
 2127 01d7 0B       		.uleb128 0xb
 2128 01d8 3B       		.uleb128 0x3b
 2129 01d9 05       		.uleb128 0x5
 2130 01da 27       		.uleb128 0x27
 2131 01db 19       		.uleb128 0x19
 2132 01dc 49       		.uleb128 0x49
 2133 01dd 13       		.uleb128 0x13
 2134 01de 11       		.uleb128 0x11
 2135 01df 01       		.uleb128 0x1
 2136 01e0 12       		.uleb128 0x12
 2137 01e1 06       		.uleb128 0x6
 2138 01e2 40       		.uleb128 0x40
 2139 01e3 18       		.uleb128 0x18
 2140 01e4 9642     		.uleb128 0x2116
 2141 01e6 19       		.uleb128 0x19
 2142 01e7 01       		.uleb128 0x1
 2143 01e8 13       		.uleb128 0x13
 2144 01e9 00       		.byte	0
 2145 01ea 00       		.byte	0
 2146 01eb 24       		.uleb128 0x24
 2147 01ec 05       		.uleb128 0x5
 2148 01ed 00       		.byte	0
 2149 01ee 03       		.uleb128 0x3
 2150 01ef 0E       		.uleb128 0xe
 2151 01f0 3A       		.uleb128 0x3a
 2152 01f1 0B       		.uleb128 0xb
 2153 01f2 3B       		.uleb128 0x3b
 2154 01f3 05       		.uleb128 0x5
 2155 01f4 49       		.uleb128 0x49
 2156 01f5 13       		.uleb128 0x13
 2157 01f6 02       		.uleb128 0x2
 2158 01f7 18       		.uleb128 0x18
 2159 01f8 00       		.byte	0
 2160 01f9 00       		.byte	0
 2161 01fa 25       		.uleb128 0x25
ARM GAS  /tmp/ccII0dQH.s 			page 39


 2162 01fb 34       		.uleb128 0x34
 2163 01fc 00       		.byte	0
 2164 01fd 03       		.uleb128 0x3
 2165 01fe 08       		.uleb128 0x8
 2166 01ff 3A       		.uleb128 0x3a
 2167 0200 0B       		.uleb128 0xb
 2168 0201 3B       		.uleb128 0x3b
 2169 0202 05       		.uleb128 0x5
 2170 0203 49       		.uleb128 0x49
 2171 0204 13       		.uleb128 0x13
 2172 0205 02       		.uleb128 0x2
 2173 0206 18       		.uleb128 0x18
 2174 0207 00       		.byte	0
 2175 0208 00       		.byte	0
 2176 0209 26       		.uleb128 0x26
 2177 020a 34       		.uleb128 0x34
 2178 020b 00       		.byte	0
 2179 020c 03       		.uleb128 0x3
 2180 020d 0E       		.uleb128 0xe
 2181 020e 3A       		.uleb128 0x3a
 2182 020f 0B       		.uleb128 0xb
 2183 0210 3B       		.uleb128 0x3b
 2184 0211 05       		.uleb128 0x5
 2185 0212 49       		.uleb128 0x49
 2186 0213 13       		.uleb128 0x13
 2187 0214 3F       		.uleb128 0x3f
 2188 0215 19       		.uleb128 0x19
 2189 0216 3C       		.uleb128 0x3c
 2190 0217 19       		.uleb128 0x19
 2191 0218 00       		.byte	0
 2192 0219 00       		.byte	0
 2193 021a 27       		.uleb128 0x27
 2194 021b 34       		.uleb128 0x34
 2195 021c 00       		.byte	0
 2196 021d 03       		.uleb128 0x3
 2197 021e 08       		.uleb128 0x8
 2198 021f 3A       		.uleb128 0x3a
 2199 0220 0B       		.uleb128 0xb
 2200 0221 3B       		.uleb128 0x3b
 2201 0222 05       		.uleb128 0x5
 2202 0223 49       		.uleb128 0x49
 2203 0224 13       		.uleb128 0x13
 2204 0225 3F       		.uleb128 0x3f
 2205 0226 19       		.uleb128 0x19
 2206 0227 3C       		.uleb128 0x3c
 2207 0228 19       		.uleb128 0x19
 2208 0229 00       		.byte	0
 2209 022a 00       		.byte	0
 2210 022b 00       		.byte	0
 2211              		.section	.debug_aranges,"",%progbits
 2212 0000 1C000000 		.4byte	0x1c
 2213 0004 0200     		.2byte	0x2
 2214 0006 00000000 		.4byte	.Ldebug_info0
 2215 000a 04       		.byte	0x4
 2216 000b 00       		.byte	0
 2217 000c 0000     		.2byte	0
 2218 000e 0000     		.2byte	0
ARM GAS  /tmp/ccII0dQH.s 			page 40


 2219 0010 00000000 		.4byte	.Ltext0
 2220 0014 A0020000 		.4byte	.Letext0-.Ltext0
 2221 0018 00000000 		.4byte	0
 2222 001c 00000000 		.4byte	0
 2223              		.section	.debug_line,"",%progbits
 2224              	.Ldebug_line0:
 2225 0000 9E030000 		.section	.debug_str,"MS",%progbits,1
 2225      02001003 
 2225      00000201 
 2225      FB0E0D00 
 2225      01010101 
 2226              	.LASF53:
 2227 0000 72656164 		.ascii	"ready_list_t\000"
 2227      795F6C69 
 2227      73745F74 
 2227      00
 2228              	.LASF2:
 2229 000d 73697A65 		.ascii	"size_t\000"
 2229      5F7400
 2230              	.LASF89:
 2231 0014 7264796D 		.ascii	"rdymsg\000"
 2231      736700
 2232              	.LASF17:
 2233 001b 75696E74 		.ascii	"uint64_t\000"
 2233      36345F74 
 2233      00
 2234              	.LASF3:
 2235 0024 5F5F7569 		.ascii	"__uint8_t\000"
 2235      6E74385F 
 2235      7400
 2236              	.LASF86:
 2237 002e 706F7274 		.ascii	"port_intctx\000"
 2237      5F696E74 
 2237      63747800 
 2238              	.LASF78:
 2239 003a 76746C69 		.ascii	"vtlist\000"
 2239      737400
 2240              	.LASF104:
 2241 0041 6D656D67 		.ascii	"memgetfunc_t\000"
 2241      65746675 
 2241      6E635F74 
 2241      00
 2242              	.LASF13:
 2243 004e 6C6F6E67 		.ascii	"long long unsigned int\000"
 2243      206C6F6E 
 2243      6720756E 
 2243      7369676E 
 2243      65642069 
 2244              	.LASF90:
 2245 0065 65786974 		.ascii	"exitcode\000"
 2245      636F6465 
 2245      00
 2246              	.LASF79:
 2247 006e 6D61696E 		.ascii	"mainthread\000"
 2247      74687265 
 2247      616400
 2248              	.LASF69:
ARM GAS  /tmp/ccII0dQH.s 			page 41


 2249 0079 76697274 		.ascii	"virtual_timers_list_t\000"
 2249      75616C5F 
 2249      74696D65 
 2249      72735F6C 
 2249      6973745F 
 2250              	.LASF122:
 2251 008f 49544D5F 		.ascii	"ITM_RxBuffer\000"
 2251      52784275 
 2251      66666572 
 2251      00
 2252              	.LASF114:
 2253 009c 68656170 		.ascii	"heapp\000"
 2253      7000
 2254              	.LASF110:
 2255 00a2 6E657874 		.ascii	"next\000"
 2255      00
 2256              	.LASF52:
 2257 00a7 63685F74 		.ascii	"ch_threads_queue\000"
 2257      68726561 
 2257      64735F71 
 2257      75657565 
 2257      00
 2258              	.LASF127:
 2259 00b8 5F686561 		.ascii	"_heap_init\000"
 2259      705F696E 
 2259      697400
 2260              	.LASF11:
 2261 00c3 6C6F6E67 		.ascii	"long long int\000"
 2261      206C6F6E 
 2261      6720696E 
 2261      7400
 2262              	.LASF1:
 2263 00d1 7369676E 		.ascii	"signed char\000"
 2263      65642063 
 2263      68617200 
 2264              	.LASF109:
 2265 00dd 685F6D74 		.ascii	"h_mtx\000"
 2265      7800
 2266              	.LASF113:
 2267 00e3 73697A65 		.ascii	"size\000"
 2267      00
 2268              	.LASF100:
 2269 00e8 6D5F7175 		.ascii	"m_queue\000"
 2269      65756500 
 2270              	.LASF116:
 2271 00f0 63684865 		.ascii	"chHeapFree\000"
 2271      61704672 
 2271      656500
 2272              	.LASF91:
 2273 00fb 77746F62 		.ascii	"wtobjp\000"
 2273      6A7000
 2274              	.LASF22:
 2275 0102 74736C69 		.ascii	"tslices_t\000"
 2275      6365735F 
 2275      7400
 2276              	.LASF92:
 2277 010c 77747472 		.ascii	"wttrp\000"
ARM GAS  /tmp/ccII0dQH.s 			page 42


 2277      7000
 2278              	.LASF76:
 2279 0112 63685F73 		.ascii	"ch_system\000"
 2279      79737465 
 2279      6D00
 2280              	.LASF8:
 2281 011c 6C6F6E67 		.ascii	"long int\000"
 2281      20696E74 
 2281      00
 2282              	.LASF20:
 2283 0125 74737461 		.ascii	"tstate_t\000"
 2283      74655F74 
 2283      00
 2284              	.LASF105:
 2285 012e 6D656D6F 		.ascii	"memory_heap_t\000"
 2285      72795F68 
 2285      6561705F 
 2285      7400
 2286              	.LASF33:
 2287 013c 705F6E65 		.ascii	"p_newer\000"
 2287      77657200 
 2288              	.LASF97:
 2289 0144 735F7175 		.ascii	"s_queue\000"
 2289      65756500 
 2290              	.LASF58:
 2291 014c 725F6E65 		.ascii	"r_newer\000"
 2291      77657200 
 2292              	.LASF83:
 2293 0154 72656761 		.ascii	"regarm_t\000"
 2293      726D5F74 
 2293      00
 2294              	.LASF65:
 2295 015d 76745F70 		.ascii	"vt_prev\000"
 2295      72657600 
 2296              	.LASF125:
 2297 0165 2F752F65 		.ascii	"/u/elawton2/p442-submissions/sensortile/reference/b"
 2297      6C617774 
 2297      6F6E322F 
 2297      70343432 
 2297      2D737562 
 2298 0198 6C75656D 		.ascii	"luemicrosystem2/BlueMicrosystem2_V2.2.0/Projects/Mu"
 2298      6963726F 
 2298      73797374 
 2298      656D322F 
 2298      426C7565 
 2299 01cb 6C74692F 		.ascii	"lti/Applications/BlueMicrosystem2/bluechibi\000"
 2299      4170706C 
 2299      69636174 
 2299      696F6E73 
 2299      2F426C75 
 2300              	.LASF108:
 2301 01f7 685F6672 		.ascii	"h_free\000"
 2301      656500
 2302              	.LASF103:
 2303 01fe 6D757465 		.ascii	"mutex_t\000"
 2303      785F7400 
 2304              	.LASF112:
ARM GAS  /tmp/ccII0dQH.s 			page 43


 2305 0206 616C6967 		.ascii	"align\000"
 2305      6E00
 2306              	.LASF80:
 2307 020c 69646C65 		.ascii	"idle_thread_wa\000"
 2307      5F746872 
 2307      6561645F 
 2307      776100
 2308              	.LASF26:
 2309 021b 636E745F 		.ascii	"cnt_t\000"
 2309      7400
 2310              	.LASF0:
 2311 0221 756E7369 		.ascii	"unsigned int\000"
 2311      676E6564 
 2311      20696E74 
 2311      00
 2312              	.LASF93:
 2313 022e 77747365 		.ascii	"wtsemp\000"
 2313      6D7000
 2314              	.LASF66:
 2315 0235 76745F64 		.ascii	"vt_delta\000"
 2315      656C7461 
 2315      00
 2316              	.LASF72:
 2317 023e 73797374 		.ascii	"system_debug_t\000"
 2317      656D5F64 
 2317      65627567 
 2317      5F7400
 2318              	.LASF64:
 2319 024d 76745F6E 		.ascii	"vt_next\000"
 2319      65787400 
 2320              	.LASF54:
 2321 0255 63685F72 		.ascii	"ch_ready_list\000"
 2321      65616479 
 2321      5F6C6973 
 2321      7400
 2322              	.LASF98:
 2323 0263 735F636E 		.ascii	"s_cnt\000"
 2323      7400
 2324              	.LASF6:
 2325 0269 73686F72 		.ascii	"short unsigned int\000"
 2325      7420756E 
 2325      7369676E 
 2325      65642069 
 2325      6E7400
 2326              	.LASF49:
 2327 027c 63685F74 		.ascii	"ch_thread\000"
 2327      68726561 
 2327      6400
 2328              	.LASF46:
 2329 0286 705F6D70 		.ascii	"p_mpool\000"
 2329      6F6F6C00 
 2330              	.LASF24:
 2331 028e 6D73675F 		.ascii	"msg_t\000"
 2331      7400
 2332              	.LASF75:
 2333 0294 63685F73 		.ascii	"ch_system_t\000"
 2333      79737465 
ARM GAS  /tmp/ccII0dQH.s 			page 44


 2333      6D5F7400 
 2334              	.LASF19:
 2335 02a0 746D6F64 		.ascii	"tmode_t\000"
 2335      655F7400 
 2336              	.LASF124:
 2337 02a8 2E2E2F2E 		.ascii	"../../../../../../ChibiOS/os/rt/src/chheap.c\000"
 2337      2E2F2E2E 
 2337      2F2E2E2F 
 2337      2E2E2F2E 
 2337      2E2F4368 
 2338              	.LASF25:
 2339 02d5 6576656E 		.ascii	"eventmask_t\000"
 2339      746D6173 
 2339      6B5F7400 
 2340              	.LASF7:
 2341 02e1 5F5F696E 		.ascii	"__int32_t\000"
 2341      7433325F 
 2341      7400
 2342              	.LASF84:
 2343 02eb 73746B61 		.ascii	"stkalign_t\000"
 2343      6C69676E 
 2343      5F7400
 2344              	.LASF115:
 2345 02f6 63684865 		.ascii	"chHeapObjectInit\000"
 2345      61704F62 
 2345      6A656374 
 2345      496E6974 
 2345      00
 2346              	.LASF18:
 2347 0307 7274636E 		.ascii	"rtcnt_t\000"
 2347      745F7400 
 2348              	.LASF47:
 2349 030f 74687265 		.ascii	"thread_reference_t\000"
 2349      61645F72 
 2349      65666572 
 2349      656E6365 
 2349      5F7400
 2350              	.LASF70:
 2351 0322 63685F76 		.ascii	"ch_virtual_timers_list\000"
 2351      69727475 
 2351      616C5F74 
 2351      696D6572 
 2351      735F6C69 
 2352              	.LASF67:
 2353 0339 76745F66 		.ascii	"vt_func\000"
 2353      756E6300 
 2354              	.LASF31:
 2355 0341 705F7072 		.ascii	"p_prio\000"
 2355      696F00
 2356              	.LASF34:
 2357 0348 705F6F6C 		.ascii	"p_older\000"
 2357      64657200 
 2358              	.LASF57:
 2359 0350 725F6374 		.ascii	"r_ctx\000"
 2359      7800
 2360              	.LASF88:
 2361 0356 746D5F63 		.ascii	"tm_calibration_t\000"
ARM GAS  /tmp/ccII0dQH.s 			page 45


 2361      616C6962 
 2361      72617469 
 2361      6F6E5F74 
 2361      00
 2362              	.LASF60:
 2363 0367 725F6375 		.ascii	"r_current\000"
 2363      7272656E 
 2363      7400
 2364              	.LASF59:
 2365 0371 725F6F6C 		.ascii	"r_older\000"
 2365      64657200 
 2366              	.LASF12:
 2367 0379 5F5F7569 		.ascii	"__uint64_t\000"
 2367      6E743634 
 2367      5F7400
 2368              	.LASF21:
 2369 0384 74726566 		.ascii	"trefs_t\000"
 2369      735F7400 
 2370              	.LASF62:
 2371 038c 76697274 		.ascii	"virtual_timer_t\000"
 2371      75616C5F 
 2371      74696D65 
 2371      725F7400 
 2372              	.LASF30:
 2373 039c 705F7072 		.ascii	"p_prev\000"
 2373      657600
 2374              	.LASF23:
 2375 03a3 74707269 		.ascii	"tprio_t\000"
 2375      6F5F7400 
 2376              	.LASF73:
 2377 03ab 63685F73 		.ascii	"ch_system_debug\000"
 2377      79737465 
 2377      6D5F6465 
 2377      62756700 
 2378              	.LASF15:
 2379 03bb 696E7433 		.ascii	"int32_t\000"
 2379      325F7400 
 2380              	.LASF4:
 2381 03c3 756E7369 		.ascii	"unsigned char\000"
 2381      676E6564 
 2381      20636861 
 2381      7200
 2382              	.LASF126:
 2383 03d1 68656170 		.ascii	"heap_header\000"
 2383      5F686561 
 2383      64657200 
 2384              	.LASF123:
 2385 03dd 474E5520 		.ascii	"GNU C 4.8.4 20140526 (release) [ARM/embedded-4_8-br"
 2385      4320342E 
 2385      382E3420 
 2385      32303134 
 2385      30353236 
 2386 0410 616E6368 		.ascii	"anch revision 211358] -mcpu=cortex-m4 -mno-thumb-in"
 2386      20726576 
 2386      6973696F 
 2386      6E203231 
 2386      31333538 
ARM GAS  /tmp/ccII0dQH.s 			page 46


 2387 0443 74657277 		.ascii	"terwork -mthumb -ggdb -O0 -std=c99 -fomit-frame-poi"
 2387      6F726B20 
 2387      2D6D7468 
 2387      756D6220 
 2387      2D676764 
 2388 0476 6E746572 		.ascii	"nter -falign-functions=16\000"
 2388      202D6661 
 2388      6C69676E 
 2388      2D66756E 
 2388      6374696F 
 2389              	.LASF44:
 2390 0490 705F6D74 		.ascii	"p_mtxlist\000"
 2390      786C6973 
 2390      7400
 2391              	.LASF5:
 2392 049a 73686F72 		.ascii	"short int\000"
 2392      7420696E 
 2392      7400
 2393              	.LASF36:
 2394 04a4 705F7374 		.ascii	"p_state\000"
 2394      61746500 
 2395              	.LASF39:
 2396 04ac 705F7072 		.ascii	"p_preempt\000"
 2396      65656D70 
 2396      7400
 2397              	.LASF56:
 2398 04b6 725F7072 		.ascii	"r_prio\000"
 2398      696F00
 2399              	.LASF95:
 2400 04bd 65776D61 		.ascii	"ewmask\000"
 2400      736B00
 2401              	.LASF29:
 2402 04c4 705F6E65 		.ascii	"p_next\000"
 2402      787400
 2403              	.LASF117:
 2404 04cb 5F5F6675 		.ascii	"__func__\000"
 2404      6E635F5F 
 2404      00
 2405              	.LASF118:
 2406 04d4 63684865 		.ascii	"chHeapAlloc\000"
 2406      6170416C 
 2406      6C6F6300 
 2407              	.LASF96:
 2408 04e0 63685F73 		.ascii	"ch_semaphore\000"
 2408      656D6170 
 2408      686F7265 
 2408      00
 2409              	.LASF43:
 2410 04ed 705F6570 		.ascii	"p_epending\000"
 2410      656E6469 
 2410      6E6700
 2411              	.LASF16:
 2412 04f8 75696E74 		.ascii	"uint32_t\000"
 2412      33325F74 
 2412      00
 2413              	.LASF94:
 2414 0501 77746D74 		.ascii	"wtmtxp\000"
ARM GAS  /tmp/ccII0dQH.s 			page 47


 2414      787000
 2415              	.LASF55:
 2416 0508 725F7175 		.ascii	"r_queue\000"
 2416      65756500 
 2417              	.LASF71:
 2418 0510 76745F73 		.ascii	"vt_systime\000"
 2418      79737469 
 2418      6D6500
 2419              	.LASF50:
 2420 051b 63685F74 		.ascii	"ch_threads_list\000"
 2420      68726561 
 2420      64735F6C 
 2420      69737400 
 2421              	.LASF111:
 2422 052b 68656170 		.ascii	"heap\000"
 2422      00
 2423              	.LASF10:
 2424 0530 6C6F6E67 		.ascii	"long unsigned int\000"
 2424      20756E73 
 2424      69676E65 
 2424      6420696E 
 2424      7400
 2425              	.LASF121:
 2426 0542 64656661 		.ascii	"default_heap\000"
 2426      756C745F 
 2426      68656170 
 2426      00
 2427              	.LASF82:
 2428 054f 63686172 		.ascii	"char\000"
 2428      00
 2429              	.LASF28:
 2430 0554 74687265 		.ascii	"thread_t\000"
 2430      61645F74 
 2430      00
 2431              	.LASF119:
 2432 055d 63684865 		.ascii	"chHeapStatus\000"
 2432      61705374 
 2432      61747573 
 2432      00
 2433              	.LASF102:
 2434 056a 6D5F6E65 		.ascii	"m_next\000"
 2434      787400
 2435              	.LASF27:
 2436 0571 73797374 		.ascii	"systime_t\000"
 2436      696D655F 
 2436      7400
 2437              	.LASF45:
 2438 057b 705F7265 		.ascii	"p_realprio\000"
 2438      616C7072 
 2438      696F00
 2439              	.LASF61:
 2440 0586 76746675 		.ascii	"vtfunc_t\000"
 2440      6E635F74 
 2440      00
 2441              	.LASF9:
 2442 058f 5F5F7569 		.ascii	"__uint32_t\000"
 2442      6E743332 
ARM GAS  /tmp/ccII0dQH.s 			page 48


 2442      5F7400
 2443              	.LASF74:
 2444 059a 70616E69 		.ascii	"panic_msg\000"
 2444      635F6D73 
 2444      6700
 2445              	.LASF87:
 2446 05a4 6F666673 		.ascii	"offset\000"
 2446      657400
 2447              	.LASF85:
 2448 05ab 636F6E74 		.ascii	"context\000"
 2448      65787400 
 2449              	.LASF63:
 2450 05b3 63685F76 		.ascii	"ch_virtual_timer\000"
 2450      69727475 
 2450      616C5F74 
 2450      696D6572 
 2450      00
 2451              	.LASF41:
 2452 05c4 705F6D73 		.ascii	"p_msgqueue\000"
 2452      67717565 
 2452      756500
 2453              	.LASF68:
 2454 05cf 76745F70 		.ascii	"vt_par\000"
 2454      617200
 2455              	.LASF51:
 2456 05d6 74687265 		.ascii	"threads_queue_t\000"
 2456      6164735F 
 2456      71756575 
 2456      655F7400 
 2457              	.LASF38:
 2458 05e6 705F7265 		.ascii	"p_refs\000"
 2458      667300
 2459              	.LASF77:
 2460 05ed 726C6973 		.ascii	"rlist\000"
 2460      7400
 2461              	.LASF14:
 2462 05f3 75696E74 		.ascii	"uint8_t\000"
 2462      385F7400 
 2463              	.LASF107:
 2464 05fb 685F7072 		.ascii	"h_provider\000"
 2464      6F766964 
 2464      657200
 2465              	.LASF81:
 2466 0606 73697A65 		.ascii	"sizetype\000"
 2466      74797065 
 2466      00
 2467              	.LASF99:
 2468 060f 63685F6D 		.ascii	"ch_mutex\000"
 2468      75746578 
 2468      00
 2469              	.LASF120:
 2470 0618 73697A65 		.ascii	"sizep\000"
 2470      7000
 2471              	.LASF35:
 2472 061e 705F6E61 		.ascii	"p_name\000"
 2472      6D6500
 2473              	.LASF48:
ARM GAS  /tmp/ccII0dQH.s 			page 49


 2474 0625 74687265 		.ascii	"threads_list_t\000"
 2474      6164735F 
 2474      6C697374 
 2474      5F7400
 2475              	.LASF37:
 2476 0634 705F666C 		.ascii	"p_flags\000"
 2476      61677300 
 2477              	.LASF42:
 2478 063c 705F6D73 		.ascii	"p_msg\000"
 2478      6700
 2479              	.LASF101:
 2480 0642 6D5F6F77 		.ascii	"m_owner\000"
 2480      6E657200 
 2481              	.LASF32:
 2482 064a 705F6374 		.ascii	"p_ctx\000"
 2482      7800
 2483              	.LASF40:
 2484 0650 705F7761 		.ascii	"p_waiting\000"
 2484      6974696E 
 2484      6700
 2485              	.LASF106:
 2486 065a 6D656D6F 		.ascii	"memory_heap\000"
 2486      72795F68 
 2486      65617000 
 2487              		.ident	"GCC: (GNU Tools for ARM Embedded Processors) 4.8.4 20140526 (release) [ARM/embedded-4_8-br
ARM GAS  /tmp/ccII0dQH.s 			page 50


DEFINED SYMBOLS
                            *ABS*:00000000 chheap.c
     /tmp/ccII0dQH.s:19     .bss:00000000 $d
     /tmp/ccII0dQH.s:20     .bss:00000000 default_heap
     /tmp/ccII0dQH.s:23     .text:00000000 $t
     /tmp/ccII0dQH.s:29     .text:00000000 _heap_init
     /tmp/ccII0dQH.s:60     .text:0000001c $d
     /tmp/ccII0dQH.s:66     .text:00000028 $t
     /tmp/ccII0dQH.s:72     .text:00000030 chHeapObjectInit
     /tmp/ccII0dQH.s:128    .text:00000070 chHeapAlloc
     /tmp/ccII0dQH.s:290    .text:0000015c $d
     /tmp/ccII0dQH.s:294    .text:00000160 $t
     /tmp/ccII0dQH.s:300    .text:00000160 chHeapFree
     /tmp/ccII0dQH.s:446    .text:00000230 chHeapStatus
     /tmp/ccII0dQH.s:530    .text:0000029c $d
                     .debug_frame:00000010 $d

UNDEFINED SYMBOLS
chMtxObjectInit
chCoreAlloc
chMtxLock
chMtxUnlock
