ARM GAS  /tmp/ccYagMuE.s 			page 1


   1              		.syntax unified
   2              		.cpu cortex-m4
   3              		.fpu softvfp
   4              		.eabi_attribute 20, 1
   5              		.eabi_attribute 21, 1
   6              		.eabi_attribute 23, 3
   7              		.eabi_attribute 24, 1
   8              		.eabi_attribute 25, 1
   9              		.eabi_attribute 26, 1
  10              		.eabi_attribute 30, 6
  11              		.eabi_attribute 34, 1
  12              		.eabi_attribute 18, 4
  13              		.thumb
  14              		.file	"chmemcore.c"
  15              		.text
  16              	.Ltext0:
  17              		.cfi_sections	.debug_frame
  18              		.align	2
  19              		.p2align 4,,15
  20              		.thumb
  21              		.thumb_func
  22              		.type	port_lock, %function
  23              	port_lock:
  24              	.LFB129:
  25              		.file 1 "../../../../../../ChibiOS/os/rt/ports/ARMCMx/chcore_v7m.h"
  26              		.loc 1 456 0
  27              		.cfi_startproc
  28              		@ args = 0, pretend = 0, frame = 8
  29              		@ frame_needed = 0, uses_anonymous_args = 0
  30              		@ link register save eliminated.
  31 0000 82B0     		sub	sp, sp, #8
  32              		.cfi_def_cfa_offset 8
  33 0002 2023     		movs	r3, #32
  34 0004 0193     		str	r3, [sp, #4]
  35              	.LBB6:
  36              	.LBB7:
  37              		.file 2 "../../../../../../ChibiOS/os/ext/CMSIS/include/core_cmFunc.h"
  38              		.loc 2 548 0
  39 0006 019B     		ldr	r3, [sp, #4]
  40              	@ 548 "../../../../../../ChibiOS/os/ext/CMSIS/include/core_cmFunc.h" 1
  41 0008 83F31188 		MSR basepri, r3
  42              	@ 0 "" 2
  43              		.thumb
  44              	.LBE7:
  45              	.LBE6:
  46              		.loc 1 473 0
  47 000c 02B0     		add	sp, sp, #8
  48              		@ sp needed
  49 000e 7047     		bx	lr
  50              		.cfi_endproc
  51              	.LFE129:
  52              		.size	port_lock, .-port_lock
  53              		.align	2
  54              		.p2align 4,,15
  55              		.thumb
  56              		.thumb_func
  57              		.type	port_unlock, %function
ARM GAS  /tmp/ccYagMuE.s 			page 2


  58              	port_unlock:
  59              	.LFB130:
  60              		.loc 1 480 0
  61              		.cfi_startproc
  62              		@ args = 0, pretend = 0, frame = 8
  63              		@ frame_needed = 0, uses_anonymous_args = 0
  64              		@ link register save eliminated.
  65 0010 82B0     		sub	sp, sp, #8
  66              		.cfi_def_cfa_offset 8
  67 0012 0023     		movs	r3, #0
  68 0014 0193     		str	r3, [sp, #4]
  69              	.LBB8:
  70              	.LBB9:
  71              		.loc 2 548 0
  72 0016 019B     		ldr	r3, [sp, #4]
  73              	@ 548 "../../../../../../ChibiOS/os/ext/CMSIS/include/core_cmFunc.h" 1
  74 0018 83F31188 		MSR basepri, r3
  75              	@ 0 "" 2
  76              		.thumb
  77              	.LBE9:
  78              	.LBE8:
  79              		.loc 1 487 0
  80 001c 02B0     		add	sp, sp, #8
  81              		@ sp needed
  82 001e 7047     		bx	lr
  83              		.cfi_endproc
  84              	.LFE130:
  85              		.size	port_unlock, .-port_unlock
  86              		.align	2
  87              		.p2align 4,,15
  88              		.thumb
  89              		.thumb_func
  90              		.type	chSysLock, %function
  91              	chSysLock:
  92              	.LFB158:
  93              		.file 3 "../../../../../../ChibiOS/os/rt/include/chsys.h"
  94              		.loc 3 346 0
  95              		.cfi_startproc
  96              		@ args = 0, pretend = 0, frame = 0
  97              		@ frame_needed = 0, uses_anonymous_args = 0
  98 0020 08B5     		push	{r3, lr}
  99              		.cfi_def_cfa_offset 8
 100              		.cfi_offset 3, -8
 101              		.cfi_offset 14, -4
 102              		.loc 3 348 0
 103 0022 FFF7EDFF 		bl	port_lock
 104              		.loc 3 351 0
 105 0026 08BD     		pop	{r3, pc}
 106              		.cfi_endproc
 107              	.LFE158:
 108              		.size	chSysLock, .-chSysLock
 109              		.align	2
 110 0028 AFF30080 		.p2align 4,,15
 110      AFF30080 
 111              		.thumb
 112              		.thumb_func
 113              		.type	chSysUnlock, %function
ARM GAS  /tmp/ccYagMuE.s 			page 3


 114              	chSysUnlock:
 115              	.LFB159:
 116              		.loc 3 358 0
 117              		.cfi_startproc
 118              		@ args = 0, pretend = 0, frame = 0
 119              		@ frame_needed = 0, uses_anonymous_args = 0
 120 0030 08B5     		push	{r3, lr}
 121              		.cfi_def_cfa_offset 8
 122              		.cfi_offset 3, -8
 123              		.cfi_offset 14, -4
 124              		.loc 3 371 0
 125 0032 FFF7EDFF 		bl	port_unlock
 126              		.loc 3 372 0
 127 0036 08BD     		pop	{r3, pc}
 128              		.cfi_endproc
 129              	.LFE159:
 130              		.size	chSysUnlock, .-chSysUnlock
 131              		.bss
 132              		.align	2
 133              	nextmem:
 134 0000 00000000 		.space	4
 135              		.align	2
 136              	endmem:
 137 0004 00000000 		.space	4
 138              		.text
 139              		.align	2
 140 0038 AFF30080 		.p2align 4,,15
 140      AFF30080 
 141              		.global	_core_init
 142              		.thumb
 143              		.thumb_func
 144              		.type	_core_init, %function
 145              	_core_init:
 146              	.LFB232:
 147              		.file 4 "../../../../../../ChibiOS/os/rt/src/chmemcore.c"
 148              		.loc 4 78 0
 149              		.cfi_startproc
 150              		@ args = 0, pretend = 0, frame = 0
 151              		@ frame_needed = 0, uses_anonymous_args = 0
 152              		@ link register save eliminated.
 153              		.loc 4 84 0
 154 0040 064B     		ldr	r3, .L6
 155 0042 0733     		adds	r3, r3, #7
 156 0044 23F00703 		bic	r3, r3, #7
 157 0048 1A46     		mov	r2, r3
 158 004a 054B     		ldr	r3, .L6+4
 159 004c 1A60     		str	r2, [r3]
 160              		.loc 4 85 0
 161 004e 054B     		ldr	r3, .L6+8
 162 0050 23F00703 		bic	r3, r3, #7
 163 0054 1A46     		mov	r2, r3
 164 0056 044B     		ldr	r3, .L6+12
 165 0058 1A60     		str	r2, [r3]
 166              		.loc 4 95 0
 167 005a 7047     		bx	lr
 168              	.L7:
 169              		.align	2
ARM GAS  /tmp/ccYagMuE.s 			page 4


 170              	.L6:
 171 005c 00000000 		.word	__heap_base__
 172 0060 00000000 		.word	nextmem
 173 0064 00000000 		.word	__heap_end__
 174 0068 04000000 		.word	endmem
 175              		.cfi_endproc
 176              	.LFE232:
 177              		.size	_core_init, .-_core_init
 178              		.align	2
 179 006c AFF30080 		.p2align 4,,15
 180              		.global	chCoreAlloc
 181              		.thumb
 182              		.thumb_func
 183              		.type	chCoreAlloc, %function
 184              	chCoreAlloc:
 185              	.LFB233:
 186              		.loc 4 109 0
 187              		.cfi_startproc
 188              		@ args = 0, pretend = 0, frame = 16
 189              		@ frame_needed = 0, uses_anonymous_args = 0
 190 0070 00B5     		push	{lr}
 191              		.cfi_def_cfa_offset 4
 192              		.cfi_offset 14, -4
 193 0072 85B0     		sub	sp, sp, #20
 194              		.cfi_def_cfa_offset 24
 195 0074 0190     		str	r0, [sp, #4]
 196              		.loc 4 112 0
 197 0076 FFF7D3FF 		bl	chSysLock
 198              		.loc 4 113 0
 199 007a 0198     		ldr	r0, [sp, #4]
 200 007c FFF7FEFF 		bl	chCoreAllocI
 201 0080 0390     		str	r0, [sp, #12]
 202              		.loc 4 114 0
 203 0082 FFF7D5FF 		bl	chSysUnlock
 204              		.loc 4 116 0
 205 0086 039B     		ldr	r3, [sp, #12]
 206              		.loc 4 117 0
 207 0088 1846     		mov	r0, r3
 208 008a 05B0     		add	sp, sp, #20
 209              		@ sp needed
 210 008c 5DF804FB 		ldr	pc, [sp], #4
 211              		.cfi_endproc
 212              	.LFE233:
 213              		.size	chCoreAlloc, .-chCoreAlloc
 214              		.align	2
 215              		.p2align 4,,15
 216              		.global	chCoreAllocI
 217              		.thumb
 218              		.thumb_func
 219              		.type	chCoreAllocI, %function
 220              	chCoreAllocI:
 221              	.LFB234:
 222              		.loc 4 131 0
 223              		.cfi_startproc
 224              		@ args = 0, pretend = 0, frame = 16
 225              		@ frame_needed = 0, uses_anonymous_args = 0
 226              		@ link register save eliminated.
ARM GAS  /tmp/ccYagMuE.s 			page 5


 227 0090 84B0     		sub	sp, sp, #16
 228              		.cfi_def_cfa_offset 16
 229 0092 0190     		str	r0, [sp, #4]
 230              		.loc 4 136 0
 231 0094 019B     		ldr	r3, [sp, #4]
 232 0096 0733     		adds	r3, r3, #7
 233 0098 23F00703 		bic	r3, r3, #7
 234 009c 0193     		str	r3, [sp, #4]
 235              		.loc 4 138 0
 236 009e 0C4B     		ldr	r3, .L13
 237 00a0 1B68     		ldr	r3, [r3]
 238 00a2 1A46     		mov	r2, r3
 239 00a4 0B4B     		ldr	r3, .L13+4
 240 00a6 1B68     		ldr	r3, [r3]
 241 00a8 D31A     		subs	r3, r2, r3
 242 00aa 1A46     		mov	r2, r3
 243 00ac 019B     		ldr	r3, [sp, #4]
 244 00ae 9A42     		cmp	r2, r3
 245 00b0 01D2     		bcs	.L11
 246              		.loc 4 140 0
 247 00b2 0023     		movs	r3, #0
 248 00b4 09E0     		b	.L12
 249              	.L11:
 250              		.loc 4 142 0
 251 00b6 074B     		ldr	r3, .L13+4
 252 00b8 1B68     		ldr	r3, [r3]
 253 00ba 0393     		str	r3, [sp, #12]
 254              		.loc 4 143 0
 255 00bc 054B     		ldr	r3, .L13+4
 256 00be 1A68     		ldr	r2, [r3]
 257 00c0 019B     		ldr	r3, [sp, #4]
 258 00c2 1A44     		add	r2, r2, r3
 259 00c4 034B     		ldr	r3, .L13+4
 260 00c6 1A60     		str	r2, [r3]
 261              		.loc 4 145 0
 262 00c8 039B     		ldr	r3, [sp, #12]
 263              	.L12:
 264              		.loc 4 146 0
 265 00ca 1846     		mov	r0, r3
 266 00cc 04B0     		add	sp, sp, #16
 267              		@ sp needed
 268 00ce 7047     		bx	lr
 269              	.L14:
 270              		.align	2
 271              	.L13:
 272 00d0 04000000 		.word	endmem
 273 00d4 00000000 		.word	nextmem
 274              		.cfi_endproc
 275              	.LFE234:
 276              		.size	chCoreAllocI, .-chCoreAllocI
 277              		.align	2
 278 00d8 AFF30080 		.p2align 4,,15
 278      AFF30080 
 279              		.global	chCoreGetStatusX
 280              		.thumb
 281              		.thumb_func
 282              		.type	chCoreGetStatusX, %function
ARM GAS  /tmp/ccYagMuE.s 			page 6


 283              	chCoreGetStatusX:
 284              	.LFB235:
 285              		.loc 4 155 0
 286              		.cfi_startproc
 287              		@ args = 0, pretend = 0, frame = 0
 288              		@ frame_needed = 0, uses_anonymous_args = 0
 289              		@ link register save eliminated.
 290              		.loc 4 158 0
 291 00e0 034B     		ldr	r3, .L17
 292 00e2 1B68     		ldr	r3, [r3]
 293 00e4 1A46     		mov	r2, r3
 294 00e6 034B     		ldr	r3, .L17+4
 295 00e8 1B68     		ldr	r3, [r3]
 296 00ea D31A     		subs	r3, r2, r3
 297              		.loc 4 160 0
 298 00ec 1846     		mov	r0, r3
 299 00ee 7047     		bx	lr
 300              	.L18:
 301              		.align	2
 302              	.L17:
 303 00f0 04000000 		.word	endmem
 304 00f4 00000000 		.word	nextmem
 305              		.cfi_endproc
 306              	.LFE235:
 307              		.size	chCoreGetStatusX, .-chCoreGetStatusX
 308              	.Letext0:
 309              		.file 5 "/nfs/nfs5/home/research/hardware/arm2/gcc-arm-embedded/gcc-arm-none-eabi-4_8-2014q2/lib/g
 310              		.file 6 "/nfs/nfs5/home/research/hardware/arm2/gcc-arm-embedded/gcc-arm-none-eabi-4_8-2014q2/arm-n
 311              		.file 7 "/nfs/nfs5/home/research/hardware/arm2/gcc-arm-embedded/gcc-arm-none-eabi-4_8-2014q2/arm-n
 312              		.file 8 "../../../../../../ChibiOS/os/rt/ports/ARMCMx/compilers/GCC/chtypes.h"
 313              		.file 9 "../../../../../../ChibiOS/os/rt/include/chsystypes.h"
 314              		.file 10 "../../../../../../ChibiOS/os/rt/include/chschd.h"
 315              		.file 11 "../../../../../../ChibiOS/os/rt/ports/ARMCMx/chcore.h"
 316              		.file 12 "../../../../../../ChibiOS/os/rt/include/chtm.h"
 317              		.file 13 "../../../../../../ChibiOS/os/rt/include/chsem.h"
 318              		.file 14 "../../../../../../ChibiOS/os/rt/include/chmtx.h"
 319              		.file 15 "../../../../../../ChibiOS/os/ext/CMSIS/include/core_cm4.h"
 320 00f8 AFF30080 		.section	.debug_info,"",%progbits
 320      AFF30080 
 321              	.Ldebug_info0:
 322 0000 09080000 		.4byte	0x809
 323 0004 0400     		.2byte	0x4
 324 0006 00000000 		.4byte	.Ldebug_abbrev0
 325 000a 04       		.byte	0x4
 326 000b 01       		.uleb128 0x1
 327 000c 8F030000 		.4byte	.LASF115
 328 0010 01       		.byte	0x1
 329 0011 25050000 		.4byte	.LASF116
 330 0015 61010000 		.4byte	.LASF117
 331 0019 00000000 		.4byte	.Ltext0
 332 001d F8000000 		.4byte	.Letext0-.Ltext0
 333 0021 00000000 		.4byte	.Ldebug_line0
 334 0025 02       		.uleb128 0x2
 335 0026 04       		.byte	0x4
 336 0027 05       		.byte	0x5
 337 0028 696E7400 		.ascii	"int\000"
 338 002c 03       		.uleb128 0x3
ARM GAS  /tmp/ccYagMuE.s 			page 7


 339 002d 14000000 		.4byte	.LASF2
 340 0031 05       		.byte	0x5
 341 0032 D4       		.byte	0xd4
 342 0033 37000000 		.4byte	0x37
 343 0037 04       		.uleb128 0x4
 344 0038 04       		.byte	0x4
 345 0039 07       		.byte	0x7
 346 003a 16020000 		.4byte	.LASF0
 347 003e 04       		.uleb128 0x4
 348 003f 01       		.byte	0x1
 349 0040 06       		.byte	0x6
 350 0041 D2000000 		.4byte	.LASF1
 351 0045 03       		.uleb128 0x3
 352 0046 37000000 		.4byte	.LASF3
 353 004a 06       		.byte	0x6
 354 004b 1C       		.byte	0x1c
 355 004c 50000000 		.4byte	0x50
 356 0050 04       		.uleb128 0x4
 357 0051 01       		.byte	0x1
 358 0052 08       		.byte	0x8
 359 0053 76030000 		.4byte	.LASF4
 360 0057 04       		.uleb128 0x4
 361 0058 02       		.byte	0x2
 362 0059 05       		.byte	0x5
 363 005a 4C040000 		.4byte	.LASF5
 364 005e 04       		.uleb128 0x4
 365 005f 02       		.byte	0x2
 366 0060 07       		.byte	0x7
 367 0061 50020000 		.4byte	.LASF6
 368 0065 03       		.uleb128 0x3
 369 0066 A1020000 		.4byte	.LASF7
 370 006a 06       		.byte	0x6
 371 006b 37       		.byte	0x37
 372 006c 70000000 		.4byte	0x70
 373 0070 04       		.uleb128 0x4
 374 0071 04       		.byte	0x4
 375 0072 05       		.byte	0x5
 376 0073 11010000 		.4byte	.LASF8
 377 0077 03       		.uleb128 0x3
 378 0078 8B050000 		.4byte	.LASF9
 379 007c 06       		.byte	0x6
 380 007d 38       		.byte	0x38
 381 007e 82000000 		.4byte	0x82
 382 0082 04       		.uleb128 0x4
 383 0083 04       		.byte	0x4
 384 0084 07       		.byte	0x7
 385 0085 0E050000 		.4byte	.LASF10
 386 0089 04       		.uleb128 0x4
 387 008a 08       		.byte	0x8
 388 008b 05       		.byte	0x5
 389 008c C4000000 		.4byte	.LASF11
 390 0090 03       		.uleb128 0x3
 391 0091 2C030000 		.4byte	.LASF12
 392 0095 06       		.byte	0x6
 393 0096 4E       		.byte	0x4e
 394 0097 9B000000 		.4byte	0x9b
 395 009b 04       		.uleb128 0x4
ARM GAS  /tmp/ccYagMuE.s 			page 8


 396 009c 08       		.byte	0x8
 397 009d 07       		.byte	0x7
 398 009e 5E000000 		.4byte	.LASF13
 399 00a2 03       		.uleb128 0x3
 400 00a3 FA050000 		.4byte	.LASF14
 401 00a7 07       		.byte	0x7
 402 00a8 2A       		.byte	0x2a
 403 00a9 45000000 		.4byte	0x45
 404 00ad 03       		.uleb128 0x3
 405 00ae 6E030000 		.4byte	.LASF15
 406 00b2 07       		.byte	0x7
 407 00b3 41       		.byte	0x41
 408 00b4 65000000 		.4byte	0x65
 409 00b8 03       		.uleb128 0x3
 410 00b9 DB040000 		.4byte	.LASF16
 411 00bd 07       		.byte	0x7
 412 00be 42       		.byte	0x42
 413 00bf 77000000 		.4byte	0x77
 414 00c3 03       		.uleb128 0x3
 415 00c4 22000000 		.4byte	.LASF17
 416 00c8 07       		.byte	0x7
 417 00c9 4E       		.byte	0x4e
 418 00ca 90000000 		.4byte	0x90
 419 00ce 03       		.uleb128 0x3
 420 00cf B6020000 		.4byte	.LASF18
 421 00d3 08       		.byte	0x8
 422 00d4 39       		.byte	0x39
 423 00d5 B8000000 		.4byte	0xb8
 424 00d9 03       		.uleb128 0x3
 425 00da 7F020000 		.4byte	.LASF19
 426 00de 08       		.byte	0x8
 427 00df 3C       		.byte	0x3c
 428 00e0 A2000000 		.4byte	0xa2
 429 00e4 03       		.uleb128 0x3
 430 00e5 1A010000 		.4byte	.LASF20
 431 00e9 08       		.byte	0x8
 432 00ea 3D       		.byte	0x3d
 433 00eb A2000000 		.4byte	0xa2
 434 00ef 03       		.uleb128 0x3
 435 00f0 37030000 		.4byte	.LASF21
 436 00f4 08       		.byte	0x8
 437 00f5 3E       		.byte	0x3e
 438 00f6 A2000000 		.4byte	0xa2
 439 00fa 03       		.uleb128 0x3
 440 00fb F7000000 		.4byte	.LASF22
 441 00ff 08       		.byte	0x8
 442 0100 3F       		.byte	0x3f
 443 0101 A2000000 		.4byte	0xa2
 444 0105 03       		.uleb128 0x3
 445 0106 56030000 		.4byte	.LASF23
 446 010a 08       		.byte	0x8
 447 010b 40       		.byte	0x40
 448 010c B8000000 		.4byte	0xb8
 449 0110 03       		.uleb128 0x3
 450 0111 6D020000 		.4byte	.LASF24
 451 0115 08       		.byte	0x8
 452 0116 41       		.byte	0x41
ARM GAS  /tmp/ccYagMuE.s 			page 9


 453 0117 AD000000 		.4byte	0xad
 454 011b 03       		.uleb128 0x3
 455 011c 95020000 		.4byte	.LASF25
 456 0120 08       		.byte	0x8
 457 0121 43       		.byte	0x43
 458 0122 B8000000 		.4byte	0xb8
 459 0126 03       		.uleb128 0x3
 460 0127 10020000 		.4byte	.LASF26
 461 012b 08       		.byte	0x8
 462 012c 45       		.byte	0x45
 463 012d AD000000 		.4byte	0xad
 464 0131 03       		.uleb128 0x3
 465 0132 6D050000 		.4byte	.LASF27
 466 0136 09       		.byte	0x9
 467 0137 33       		.byte	0x33
 468 0138 B8000000 		.4byte	0xb8
 469 013c 03       		.uleb128 0x3
 470 013d 55050000 		.4byte	.LASF28
 471 0141 09       		.byte	0x9
 472 0142 3F       		.byte	0x3f
 473 0143 47010000 		.4byte	0x147
 474 0147 05       		.uleb128 0x5
 475 0148 63020000 		.4byte	.LASF49
 476 014c 44       		.byte	0x44
 477 014d 0A       		.byte	0xa
 478 014e C2       		.byte	0xc2
 479 014f 40020000 		.4byte	0x240
 480 0153 06       		.uleb128 0x6
 481 0154 8A040000 		.4byte	.LASF29
 482 0158 0A       		.byte	0xa
 483 0159 C3       		.byte	0xc3
 484 015a 4B020000 		.4byte	0x24b
 485 015e 00       		.byte	0
 486 015f 06       		.uleb128 0x6
 487 0160 4F030000 		.4byte	.LASF30
 488 0164 0A       		.byte	0xa
 489 0165 C5       		.byte	0xc5
 490 0166 4B020000 		.4byte	0x24b
 491 016a 04       		.byte	0x4
 492 016b 06       		.uleb128 0x6
 493 016c BD000000 		.4byte	.LASF31
 494 0170 0A       		.byte	0xa
 495 0171 C7       		.byte	0xc7
 496 0172 05010000 		.4byte	0x105
 497 0176 08       		.byte	0x8
 498 0177 06       		.uleb128 0x6
 499 0178 44060000 		.4byte	.LASF32
 500 017c 0A       		.byte	0xa
 501 017d C8       		.byte	0xc8
 502 017e 93040000 		.4byte	0x493
 503 0182 0C       		.byte	0xc
 504 0183 06       		.uleb128 0x6
 505 0184 23010000 		.4byte	.LASF33
 506 0188 0A       		.byte	0xa
 507 0189 CA       		.byte	0xca
 508 018a 4B020000 		.4byte	0x24b
 509 018e 10       		.byte	0x10
ARM GAS  /tmp/ccYagMuE.s 			page 10


 510 018f 06       		.uleb128 0x6
 511 0190 FB020000 		.4byte	.LASF34
 512 0194 0A       		.byte	0xa
 513 0195 CB       		.byte	0xcb
 514 0196 4B020000 		.4byte	0x24b
 515 019a 14       		.byte	0x14
 516 019b 06       		.uleb128 0x6
 517 019c 14060000 		.4byte	.LASF35
 518 01a0 0A       		.byte	0xa
 519 01a1 D2       		.byte	0xd2
 520 01a2 6C040000 		.4byte	0x46c
 521 01a6 18       		.byte	0x18
 522 01a7 06       		.uleb128 0x6
 523 01a8 56040000 		.4byte	.LASF36
 524 01ac 0A       		.byte	0xa
 525 01ad DD       		.byte	0xdd
 526 01ae E4000000 		.4byte	0xe4
 527 01b2 1C       		.byte	0x1c
 528 01b3 06       		.uleb128 0x6
 529 01b4 91040000 		.4byte	.LASF37
 530 01b8 0A       		.byte	0xa
 531 01b9 E1       		.byte	0xe1
 532 01ba D9000000 		.4byte	0xd9
 533 01be 1D       		.byte	0x1d
 534 01bf 06       		.uleb128 0x6
 535 01c0 ED050000 		.4byte	.LASF38
 536 01c4 0A       		.byte	0xa
 537 01c5 E6       		.byte	0xe6
 538 01c6 EF000000 		.4byte	0xef
 539 01ca 1E       		.byte	0x1e
 540 01cb 06       		.uleb128 0x6
 541 01cc 5E040000 		.4byte	.LASF39
 542 01d0 0A       		.byte	0xa
 543 01d1 EC       		.byte	0xec
 544 01d2 FA000000 		.4byte	0xfa
 545 01d6 1F       		.byte	0x1f
 546 01d7 07       		.uleb128 0x7
 547 01d8 705F7500 		.ascii	"p_u\000"
 548 01dc 0A       		.byte	0xa
 549 01dd 3101     		.2byte	0x131
 550 01df 4D050000 		.4byte	0x54d
 551 01e3 20       		.byte	0x20
 552 01e4 08       		.uleb128 0x8
 553 01e5 4A060000 		.4byte	.LASF40
 554 01e9 0A       		.byte	0xa
 555 01ea 3601     		.2byte	0x136
 556 01ec 51020000 		.4byte	0x251
 557 01f0 24       		.byte	0x24
 558 01f1 08       		.uleb128 0x8
 559 01f2 BD050000 		.4byte	.LASF41
 560 01f6 0A       		.byte	0xa
 561 01f7 3C01     		.2byte	0x13c
 562 01f9 75020000 		.4byte	0x275
 563 01fd 28       		.byte	0x28
 564 01fe 08       		.uleb128 0x8
 565 01ff 36060000 		.4byte	.LASF42
 566 0203 0A       		.byte	0xa
ARM GAS  /tmp/ccYagMuE.s 			page 11


 567 0204 4001     		.2byte	0x140
 568 0206 10010000 		.4byte	0x110
 569 020a 30       		.byte	0x30
 570 020b 08       		.uleb128 0x8
 571 020c F0020000 		.4byte	.LASF43
 572 0210 0A       		.byte	0xa
 573 0211 4601     		.2byte	0x146
 574 0213 1B010000 		.4byte	0x11b
 575 0217 34       		.byte	0x34
 576 0218 08       		.uleb128 0x8
 577 0219 42040000 		.4byte	.LASF44
 578 021d 0A       		.byte	0xa
 579 021e 4D01     		.2byte	0x14d
 580 0220 0C060000 		.4byte	0x60c
 581 0224 38       		.byte	0x38
 582 0225 08       		.uleb128 0x8
 583 0226 77050000 		.4byte	.LASF45
 584 022a 0A       		.byte	0xa
 585 022b 5101     		.2byte	0x151
 586 022d 05010000 		.4byte	0x105
 587 0231 3C       		.byte	0x3c
 588 0232 08       		.uleb128 0x8
 589 0233 48010000 		.4byte	.LASF46
 590 0237 0A       		.byte	0xa
 591 0238 5801     		.2byte	0x158
 592 023a 28030000 		.4byte	0x328
 593 023e 40       		.byte	0x40
 594 023f 00       		.byte	0
 595 0240 03       		.uleb128 0x3
 596 0241 BE020000 		.4byte	.LASF47
 597 0245 09       		.byte	0x9
 598 0246 44       		.byte	0x44
 599 0247 4B020000 		.4byte	0x24b
 600 024b 09       		.uleb128 0x9
 601 024c 04       		.byte	0x4
 602 024d 3C010000 		.4byte	0x13c
 603 0251 03       		.uleb128 0x3
 604 0252 1B060000 		.4byte	.LASF48
 605 0256 09       		.byte	0x9
 606 0257 49       		.byte	0x49
 607 0258 5C020000 		.4byte	0x25c
 608 025c 05       		.uleb128 0x5
 609 025d FE040000 		.4byte	.LASF50
 610 0261 04       		.byte	0x4
 611 0262 0A       		.byte	0xa
 612 0263 B0       		.byte	0xb0
 613 0264 75020000 		.4byte	0x275
 614 0268 06       		.uleb128 0x6
 615 0269 8A040000 		.4byte	.LASF29
 616 026d 0A       		.byte	0xa
 617 026e B1       		.byte	0xb1
 618 026f 4B020000 		.4byte	0x24b
 619 0273 00       		.byte	0
 620 0274 00       		.byte	0
 621 0275 03       		.uleb128 0x3
 622 0276 DD050000 		.4byte	.LASF51
 623 027a 09       		.byte	0x9
ARM GAS  /tmp/ccYagMuE.s 			page 12


 624 027b 50       		.byte	0x50
 625 027c 80020000 		.4byte	0x280
 626 0280 05       		.uleb128 0x5
 627 0281 AC000000 		.4byte	.LASF52
 628 0285 08       		.byte	0x8
 629 0286 0A       		.byte	0xa
 630 0287 B7       		.byte	0xb7
 631 0288 A5020000 		.4byte	0x2a5
 632 028c 06       		.uleb128 0x6
 633 028d 8A040000 		.4byte	.LASF29
 634 0291 0A       		.byte	0xa
 635 0292 B8       		.byte	0xb8
 636 0293 4B020000 		.4byte	0x24b
 637 0297 00       		.byte	0
 638 0298 06       		.uleb128 0x6
 639 0299 4F030000 		.4byte	.LASF30
 640 029d 0A       		.byte	0xa
 641 029e B9       		.byte	0xb9
 642 029f 4B020000 		.4byte	0x24b
 643 02a3 04       		.byte	0x4
 644 02a4 00       		.byte	0
 645 02a5 03       		.uleb128 0x3
 646 02a6 07000000 		.4byte	.LASF53
 647 02aa 09       		.byte	0x9
 648 02ab 57       		.byte	0x57
 649 02ac B0020000 		.4byte	0x2b0
 650 02b0 0A       		.uleb128 0xa
 651 02b1 87020000 		.4byte	.LASF54
 652 02b5 1C       		.byte	0x1c
 653 02b6 0A       		.byte	0xa
 654 02b7 9001     		.2byte	0x190
 655 02b9 0C030000 		.4byte	0x30c
 656 02bd 08       		.uleb128 0x8
 657 02be EB040000 		.4byte	.LASF55
 658 02c2 0A       		.byte	0xa
 659 02c3 9101     		.2byte	0x191
 660 02c5 75020000 		.4byte	0x275
 661 02c9 00       		.byte	0
 662 02ca 08       		.uleb128 0x8
 663 02cb 75040000 		.4byte	.LASF56
 664 02cf 0A       		.byte	0xa
 665 02d0 9201     		.2byte	0x192
 666 02d2 05010000 		.4byte	0x105
 667 02d6 08       		.byte	0x8
 668 02d7 08       		.uleb128 0x8
 669 02d8 03030000 		.4byte	.LASF57
 670 02dc 0A       		.byte	0xa
 671 02dd 9401     		.2byte	0x194
 672 02df 93040000 		.4byte	0x493
 673 02e3 0C       		.byte	0xc
 674 02e4 08       		.uleb128 0x8
 675 02e5 40010000 		.4byte	.LASF58
 676 02e9 0A       		.byte	0xa
 677 02ea 9701     		.2byte	0x197
 678 02ec 4B020000 		.4byte	0x24b
 679 02f0 10       		.byte	0x10
 680 02f1 08       		.uleb128 0x8
ARM GAS  /tmp/ccYagMuE.s 			page 13


 681 02f2 24030000 		.4byte	.LASF59
 682 02f6 0A       		.byte	0xa
 683 02f7 9801     		.2byte	0x198
 684 02f9 4B020000 		.4byte	0x24b
 685 02fd 14       		.byte	0x14
 686 02fe 08       		.uleb128 0x8
 687 02ff 1A030000 		.4byte	.LASF60
 688 0303 0A       		.byte	0xa
 689 0304 9B01     		.2byte	0x19b
 690 0306 4B020000 		.4byte	0x24b
 691 030a 18       		.byte	0x18
 692 030b 00       		.byte	0
 693 030c 03       		.uleb128 0x3
 694 030d 82050000 		.4byte	.LASF61
 695 0311 09       		.byte	0x9
 696 0312 5C       		.byte	0x5c
 697 0313 17030000 		.4byte	0x317
 698 0317 09       		.uleb128 0x9
 699 0318 04       		.byte	0x4
 700 0319 1D030000 		.4byte	0x31d
 701 031d 0B       		.uleb128 0xb
 702 031e 28030000 		.4byte	0x328
 703 0322 0C       		.uleb128 0xc
 704 0323 28030000 		.4byte	0x328
 705 0327 00       		.byte	0
 706 0328 0D       		.uleb128 0xd
 707 0329 04       		.byte	0x4
 708 032a 03       		.uleb128 0x3
 709 032b 3F030000 		.4byte	.LASF62
 710 032f 09       		.byte	0x9
 711 0330 61       		.byte	0x61
 712 0331 35030000 		.4byte	0x335
 713 0335 0A       		.uleb128 0xa
 714 0336 AC040000 		.4byte	.LASF63
 715 033a 14       		.byte	0x14
 716 033b 0A       		.byte	0xa
 717 033c 6B01     		.2byte	0x16b
 718 033e 84030000 		.4byte	0x384
 719 0342 08       		.uleb128 0x8
 720 0343 42020000 		.4byte	.LASF64
 721 0347 0A       		.byte	0xa
 722 0348 6C01     		.2byte	0x16c
 723 034a 12060000 		.4byte	0x612
 724 034e 00       		.byte	0
 725 034f 08       		.uleb128 0x8
 726 0350 59010000 		.4byte	.LASF65
 727 0354 0A       		.byte	0xa
 728 0355 6D01     		.2byte	0x16d
 729 0357 12060000 		.4byte	0x612
 730 035b 04       		.byte	0x4
 731 035c 08       		.uleb128 0x8
 732 035d 2A020000 		.4byte	.LASF66
 733 0361 0A       		.byte	0xa
 734 0362 6E01     		.2byte	0x16e
 735 0364 31010000 		.4byte	0x131
 736 0368 08       		.byte	0x8
 737 0369 08       		.uleb128 0x8
ARM GAS  /tmp/ccYagMuE.s 			page 14


 738 036a E8020000 		.4byte	.LASF67
 739 036e 0A       		.byte	0xa
 740 036f 6F01     		.2byte	0x16f
 741 0371 0C030000 		.4byte	0x30c
 742 0375 0C       		.byte	0xc
 743 0376 08       		.uleb128 0x8
 744 0377 C8050000 		.4byte	.LASF68
 745 037b 0A       		.byte	0xa
 746 037c 7101     		.2byte	0x171
 747 037e 28030000 		.4byte	0x328
 748 0382 10       		.byte	0x10
 749 0383 00       		.byte	0
 750 0384 03       		.uleb128 0x3
 751 0385 89000000 		.4byte	.LASF69
 752 0389 09       		.byte	0x9
 753 038a 66       		.byte	0x66
 754 038b 8F030000 		.4byte	0x38f
 755 038f 0A       		.uleb128 0xa
 756 0390 D1020000 		.4byte	.LASF70
 757 0394 10       		.byte	0x10
 758 0395 0A       		.byte	0xa
 759 0396 7B01     		.2byte	0x17b
 760 0398 D1030000 		.4byte	0x3d1
 761 039c 08       		.uleb128 0x8
 762 039d 42020000 		.4byte	.LASF64
 763 03a1 0A       		.byte	0xa
 764 03a2 7C01     		.2byte	0x17c
 765 03a4 12060000 		.4byte	0x612
 766 03a8 00       		.byte	0
 767 03a9 08       		.uleb128 0x8
 768 03aa 59010000 		.4byte	.LASF65
 769 03ae 0A       		.byte	0xa
 770 03af 7E01     		.2byte	0x17e
 771 03b1 12060000 		.4byte	0x612
 772 03b5 04       		.byte	0x4
 773 03b6 08       		.uleb128 0x8
 774 03b7 2A020000 		.4byte	.LASF66
 775 03bb 0A       		.byte	0xa
 776 03bc 8001     		.2byte	0x180
 777 03be 31010000 		.4byte	0x131
 778 03c2 08       		.byte	0x8
 779 03c3 08       		.uleb128 0x8
 780 03c4 F3040000 		.4byte	.LASF71
 781 03c8 0A       		.byte	0xa
 782 03c9 8201     		.2byte	0x182
 783 03cb 18060000 		.4byte	0x618
 784 03cf 0C       		.byte	0xc
 785 03d0 00       		.byte	0
 786 03d1 03       		.uleb128 0x3
 787 03d2 33020000 		.4byte	.LASF72
 788 03d6 09       		.byte	0x9
 789 03d7 6B       		.byte	0x6b
 790 03d8 DC030000 		.4byte	0x3dc
 791 03dc 0A       		.uleb128 0xa
 792 03dd 5E030000 		.4byte	.LASF73
 793 03e1 04       		.byte	0x4
 794 03e2 0A       		.byte	0xa
ARM GAS  /tmp/ccYagMuE.s 			page 15


 795 03e3 A201     		.2byte	0x1a2
 796 03e5 F7030000 		.4byte	0x3f7
 797 03e9 08       		.uleb128 0x8
 798 03ea A4050000 		.4byte	.LASF74
 799 03ee 0A       		.byte	0xa
 800 03ef AA01     		.2byte	0x1aa
 801 03f1 1D060000 		.4byte	0x61d
 802 03f5 00       		.byte	0
 803 03f6 00       		.byte	0
 804 03f7 03       		.uleb128 0x3
 805 03f8 73020000 		.4byte	.LASF75
 806 03fc 09       		.byte	0x9
 807 03fd 70       		.byte	0x70
 808 03fe 02040000 		.4byte	0x402
 809 0402 0E       		.uleb128 0xe
 810 0403 07010000 		.4byte	.LASF76
 811 0407 5001     		.2byte	0x150
 812 0409 0A       		.byte	0xa
 813 040a C201     		.2byte	0x1c2
 814 040c 5E040000 		.4byte	0x45e
 815 0410 08       		.uleb128 0x8
 816 0411 F4050000 		.4byte	.LASF77
 817 0415 0A       		.byte	0xa
 818 0416 C601     		.2byte	0x1c6
 819 0418 A5020000 		.4byte	0x2a5
 820 041c 00       		.byte	0
 821 041d 08       		.uleb128 0x8
 822 041e 4D000000 		.4byte	.LASF78
 823 0422 0A       		.byte	0xa
 824 0423 CA01     		.2byte	0x1ca
 825 0425 84030000 		.4byte	0x384
 826 0429 1C       		.byte	0x1c
 827 042a 07       		.uleb128 0x7
 828 042b 64626700 		.ascii	"dbg\000"
 829 042f 0A       		.byte	0xa
 830 0430 CE01     		.2byte	0x1ce
 831 0432 D1030000 		.4byte	0x3d1
 832 0436 2C       		.byte	0x2c
 833 0437 08       		.uleb128 0x8
 834 0438 7E000000 		.4byte	.LASF79
 835 043c 0A       		.byte	0xa
 836 043d D201     		.2byte	0x1d2
 837 043f 3C010000 		.4byte	0x13c
 838 0443 30       		.byte	0x30
 839 0444 07       		.uleb128 0x7
 840 0445 746D00   		.ascii	"tm\000"
 841 0448 0A       		.byte	0xa
 842 0449 D701     		.2byte	0x1d7
 843 044b 42050000 		.4byte	0x542
 844 044f 74       		.byte	0x74
 845 0450 08       		.uleb128 0x8
 846 0451 01020000 		.4byte	.LASF80
 847 0455 0A       		.byte	0xa
 848 0456 E301     		.2byte	0x1e3
 849 0458 22060000 		.4byte	0x622
 850 045c 78       		.byte	0x78
 851 045d 00       		.byte	0
ARM GAS  /tmp/ccYagMuE.s 			page 16


 852 045e 04       		.uleb128 0x4
 853 045f 04       		.byte	0x4
 854 0460 07       		.byte	0x7
 855 0461 02060000 		.4byte	.LASF81
 856 0465 04       		.uleb128 0x4
 857 0466 01       		.byte	0x1
 858 0467 08       		.byte	0x8
 859 0468 20050000 		.4byte	.LASF82
 860 046c 09       		.uleb128 0x9
 861 046d 04       		.byte	0x4
 862 046e 72040000 		.4byte	0x472
 863 0472 0F       		.uleb128 0xf
 864 0473 65040000 		.4byte	0x465
 865 0477 09       		.uleb128 0x9
 866 0478 04       		.byte	0x4
 867 0479 A2000000 		.4byte	0xa2
 868 047d 03       		.uleb128 0x3
 869 047e 50010000 		.4byte	.LASF83
 870 0482 0B       		.byte	0xb
 871 0483 65       		.byte	0x65
 872 0484 28030000 		.4byte	0x328
 873 0488 03       		.uleb128 0x3
 874 0489 AB020000 		.4byte	.LASF84
 875 048d 0B       		.byte	0xb
 876 048e 6D       		.byte	0x6d
 877 048f C3000000 		.4byte	0xc3
 878 0493 05       		.uleb128 0x5
 879 0494 B5050000 		.4byte	.LASF85
 880 0498 04       		.byte	0x4
 881 0499 0B       		.byte	0xb
 882 049a 89       		.byte	0x89
 883 049b AC040000 		.4byte	0x4ac
 884 049f 10       		.uleb128 0x10
 885 04a0 72313300 		.ascii	"r13\000"
 886 04a4 0B       		.byte	0xb
 887 04a5 8A       		.byte	0x8a
 888 04a6 27050000 		.4byte	0x527
 889 04aa 00       		.byte	0
 890 04ab 00       		.byte	0
 891 04ac 05       		.uleb128 0x5
 892 04ad 41000000 		.4byte	.LASF86
 893 04b1 24       		.byte	0x24
 894 04b2 01       		.byte	0x1
 895 04b3 FD       		.byte	0xfd
 896 04b4 27050000 		.4byte	0x527
 897 04b8 07       		.uleb128 0x7
 898 04b9 723400   		.ascii	"r4\000"
 899 04bc 01       		.byte	0x1
 900 04bd 1001     		.2byte	0x110
 901 04bf 7D040000 		.4byte	0x47d
 902 04c3 00       		.byte	0
 903 04c4 07       		.uleb128 0x7
 904 04c5 723500   		.ascii	"r5\000"
 905 04c8 01       		.byte	0x1
 906 04c9 1101     		.2byte	0x111
 907 04cb 7D040000 		.4byte	0x47d
 908 04cf 04       		.byte	0x4
ARM GAS  /tmp/ccYagMuE.s 			page 17


 909 04d0 07       		.uleb128 0x7
 910 04d1 723600   		.ascii	"r6\000"
 911 04d4 01       		.byte	0x1
 912 04d5 1201     		.2byte	0x112
 913 04d7 7D040000 		.4byte	0x47d
 914 04db 08       		.byte	0x8
 915 04dc 07       		.uleb128 0x7
 916 04dd 723700   		.ascii	"r7\000"
 917 04e0 01       		.byte	0x1
 918 04e1 1301     		.2byte	0x113
 919 04e3 7D040000 		.4byte	0x47d
 920 04e7 0C       		.byte	0xc
 921 04e8 07       		.uleb128 0x7
 922 04e9 723800   		.ascii	"r8\000"
 923 04ec 01       		.byte	0x1
 924 04ed 1401     		.2byte	0x114
 925 04ef 7D040000 		.4byte	0x47d
 926 04f3 10       		.byte	0x10
 927 04f4 07       		.uleb128 0x7
 928 04f5 723900   		.ascii	"r9\000"
 929 04f8 01       		.byte	0x1
 930 04f9 1501     		.2byte	0x115
 931 04fb 7D040000 		.4byte	0x47d
 932 04ff 14       		.byte	0x14
 933 0500 07       		.uleb128 0x7
 934 0501 72313000 		.ascii	"r10\000"
 935 0505 01       		.byte	0x1
 936 0506 1601     		.2byte	0x116
 937 0508 7D040000 		.4byte	0x47d
 938 050c 18       		.byte	0x18
 939 050d 07       		.uleb128 0x7
 940 050e 72313100 		.ascii	"r11\000"
 941 0512 01       		.byte	0x1
 942 0513 1701     		.2byte	0x117
 943 0515 7D040000 		.4byte	0x47d
 944 0519 1C       		.byte	0x1c
 945 051a 07       		.uleb128 0x7
 946 051b 6C7200   		.ascii	"lr\000"
 947 051e 01       		.byte	0x1
 948 051f 1801     		.2byte	0x118
 949 0521 7D040000 		.4byte	0x47d
 950 0525 20       		.byte	0x20
 951 0526 00       		.byte	0
 952 0527 09       		.uleb128 0x9
 953 0528 04       		.byte	0x4
 954 0529 AC040000 		.4byte	0x4ac
 955 052d 11       		.uleb128 0x11
 956 052e 04       		.byte	0x4
 957 052f 0C       		.byte	0xc
 958 0530 38       		.byte	0x38
 959 0531 42050000 		.4byte	0x542
 960 0535 06       		.uleb128 0x6
 961 0536 AE050000 		.4byte	.LASF87
 962 053a 0C       		.byte	0xc
 963 053b 3C       		.byte	0x3c
 964 053c CE000000 		.4byte	0xce
 965 0540 00       		.byte	0
ARM GAS  /tmp/ccYagMuE.s 			page 18


 966 0541 00       		.byte	0
 967 0542 03       		.uleb128 0x3
 968 0543 09030000 		.4byte	.LASF88
 969 0547 0C       		.byte	0xc
 970 0548 3D       		.byte	0x3d
 971 0549 2D050000 		.4byte	0x52d
 972 054d 12       		.uleb128 0x12
 973 054e 04       		.byte	0x4
 974 054f 0A       		.byte	0xa
 975 0550 FA       		.byte	0xfa
 976 0551 AA050000 		.4byte	0x5aa
 977 0555 13       		.uleb128 0x13
 978 0556 1B000000 		.4byte	.LASF89
 979 055a 0A       		.byte	0xa
 980 055b 0101     		.2byte	0x101
 981 055d 10010000 		.4byte	0x110
 982 0561 13       		.uleb128 0x13
 983 0562 75000000 		.4byte	.LASF90
 984 0566 0A       		.byte	0xa
 985 0567 0801     		.2byte	0x108
 986 0569 10010000 		.4byte	0x110
 987 056d 13       		.uleb128 0x13
 988 056e 7C040000 		.4byte	.LASF91
 989 0572 0A       		.byte	0xa
 990 0573 0F01     		.2byte	0x10f
 991 0575 28030000 		.4byte	0x328
 992 0579 13       		.uleb128 0x13
 993 057a 01010000 		.4byte	.LASF92
 994 057e 0A       		.byte	0xa
 995 057f 1601     		.2byte	0x116
 996 0581 AA050000 		.4byte	0x5aa
 997 0585 13       		.uleb128 0x13
 998 0586 23020000 		.4byte	.LASF93
 999 058a 0A       		.byte	0xa
 1000 058b 1E01     		.2byte	0x11e
 1001 058d D5050000 		.4byte	0x5d5
 1002 0591 13       		.uleb128 0x13
 1003 0592 E4040000 		.4byte	.LASF94
 1004 0596 0A       		.byte	0xa
 1005 0597 2701     		.2byte	0x127
 1006 0599 0C060000 		.4byte	0x60c
 1007 059d 13       		.uleb128 0x13
 1008 059e 83040000 		.4byte	.LASF95
 1009 05a2 0A       		.byte	0xa
 1010 05a3 2F01     		.2byte	0x12f
 1011 05a5 1B010000 		.4byte	0x11b
 1012 05a9 00       		.byte	0
 1013 05aa 09       		.uleb128 0x9
 1014 05ab 04       		.byte	0x4
 1015 05ac 40020000 		.4byte	0x240
 1016 05b0 05       		.uleb128 0x5
 1017 05b1 BD040000 		.4byte	.LASF96
 1018 05b5 0C       		.byte	0xc
 1019 05b6 0D       		.byte	0xd
 1020 05b7 34       		.byte	0x34
 1021 05b8 D5050000 		.4byte	0x5d5
 1022 05bc 06       		.uleb128 0x6
ARM GAS  /tmp/ccYagMuE.s 			page 19


 1023 05bd 2B010000 		.4byte	.LASF97
 1024 05c1 0D       		.byte	0xd
 1025 05c2 35       		.byte	0x35
 1026 05c3 75020000 		.4byte	0x275
 1027 05c7 00       		.byte	0
 1028 05c8 06       		.uleb128 0x6
 1029 05c9 4A020000 		.4byte	.LASF98
 1030 05cd 0D       		.byte	0xd
 1031 05ce 37       		.byte	0x37
 1032 05cf 26010000 		.4byte	0x126
 1033 05d3 08       		.byte	0x8
 1034 05d4 00       		.byte	0
 1035 05d5 09       		.uleb128 0x9
 1036 05d6 04       		.byte	0x4
 1037 05d7 B0050000 		.4byte	0x5b0
 1038 05db 05       		.uleb128 0x5
 1039 05dc 0B060000 		.4byte	.LASF99
 1040 05e0 10       		.byte	0x10
 1041 05e1 0E       		.byte	0xe
 1042 05e2 39       		.byte	0x39
 1043 05e3 0C060000 		.4byte	0x60c
 1044 05e7 06       		.uleb128 0x6
 1045 05e8 E3000000 		.4byte	.LASF100
 1046 05ec 0E       		.byte	0xe
 1047 05ed 3A       		.byte	0x3a
 1048 05ee 75020000 		.4byte	0x275
 1049 05f2 00       		.byte	0
 1050 05f3 06       		.uleb128 0x6
 1051 05f4 3C060000 		.4byte	.LASF101
 1052 05f8 0E       		.byte	0xe
 1053 05f9 3C       		.byte	0x3c
 1054 05fa 4B020000 		.4byte	0x24b
 1055 05fe 08       		.byte	0x8
 1056 05ff 06       		.uleb128 0x6
 1057 0600 66050000 		.4byte	.LASF102
 1058 0604 0E       		.byte	0xe
 1059 0605 3E       		.byte	0x3e
 1060 0606 3D060000 		.4byte	0x63d
 1061 060a 0C       		.byte	0xc
 1062 060b 00       		.byte	0
 1063 060c 09       		.uleb128 0x9
 1064 060d 04       		.byte	0x4
 1065 060e DB050000 		.4byte	0x5db
 1066 0612 09       		.uleb128 0x9
 1067 0613 04       		.byte	0x4
 1068 0614 2A030000 		.4byte	0x32a
 1069 0618 14       		.uleb128 0x14
 1070 0619 31010000 		.4byte	0x131
 1071 061d 14       		.uleb128 0x14
 1072 061e 6C040000 		.4byte	0x46c
 1073 0622 15       		.uleb128 0x15
 1074 0623 88040000 		.4byte	0x488
 1075 0627 32060000 		.4byte	0x632
 1076 062b 16       		.uleb128 0x16
 1077 062c 5E040000 		.4byte	0x45e
 1078 0630 1A       		.byte	0x1a
 1079 0631 00       		.byte	0
ARM GAS  /tmp/ccYagMuE.s 			page 20


 1080 0632 03       		.uleb128 0x3
 1081 0633 F3010000 		.4byte	.LASF103
 1082 0637 0E       		.byte	0xe
 1083 0638 34       		.byte	0x34
 1084 0639 DB050000 		.4byte	0x5db
 1085 063d 09       		.uleb128 0x9
 1086 063e 04       		.byte	0x4
 1087 063f 32060000 		.4byte	0x632
 1088 0643 17       		.uleb128 0x17
 1089 0644 96050000 		.4byte	.LASF118
 1090 0648 02       		.byte	0x2
 1091 0649 2202     		.2byte	0x222
 1092 064b 03       		.byte	0x3
 1093 064c 5D060000 		.4byte	0x65d
 1094 0650 18       		.uleb128 0x18
 1095 0651 FB010000 		.4byte	.LASF119
 1096 0655 02       		.byte	0x2
 1097 0656 2202     		.2byte	0x222
 1098 0658 B8000000 		.4byte	0xb8
 1099 065c 00       		.byte	0
 1100 065d 19       		.uleb128 0x19
 1101 065e 54000000 		.4byte	.LASF104
 1102 0662 01       		.byte	0x1
 1103 0663 C801     		.2byte	0x1c8
 1104 0665 00000000 		.4byte	.LFB129
 1105 0669 10000000 		.4byte	.LFE129-.LFB129
 1106 066d 01       		.uleb128 0x1
 1107 066e 9C       		.byte	0x9c
 1108 066f 8D060000 		.4byte	0x68d
 1109 0673 1A       		.uleb128 0x1a
 1110 0674 43060000 		.4byte	0x643
 1111 0678 06000000 		.4byte	.LBB6
 1112 067c 06000000 		.4byte	.LBE6-.LBB6
 1113 0680 01       		.byte	0x1
 1114 0681 D001     		.2byte	0x1d0
 1115 0683 1B       		.uleb128 0x1b
 1116 0684 50060000 		.4byte	0x650
 1117 0688 02       		.uleb128 0x2
 1118 0689 91       		.byte	0x91
 1119 068a 7C       		.sleb128 -4
 1120 068b 00       		.byte	0
 1121 068c 00       		.byte	0
 1122 068d 19       		.uleb128 0x19
 1123 068e EB000000 		.4byte	.LASF105
 1124 0692 01       		.byte	0x1
 1125 0693 E001     		.2byte	0x1e0
 1126 0695 10000000 		.4byte	.LFB130
 1127 0699 10000000 		.4byte	.LFE130-.LFB130
 1128 069d 01       		.uleb128 0x1
 1129 069e 9C       		.byte	0x9c
 1130 069f BD060000 		.4byte	0x6bd
 1131 06a3 1A       		.uleb128 0x1a
 1132 06a4 43060000 		.4byte	0x643
 1133 06a8 16000000 		.4byte	.LBB8
 1134 06ac 06000000 		.4byte	.LBE8-.LBB8
 1135 06b0 01       		.byte	0x1
 1136 06b1 E301     		.2byte	0x1e3
ARM GAS  /tmp/ccYagMuE.s 			page 21


 1137 06b3 1B       		.uleb128 0x1b
 1138 06b4 50060000 		.4byte	0x650
 1139 06b8 02       		.uleb128 0x2
 1140 06b9 91       		.byte	0x91
 1141 06ba 7C       		.sleb128 -4
 1142 06bb 00       		.byte	0
 1143 06bc 00       		.byte	0
 1144 06bd 1C       		.uleb128 0x1c
 1145 06be A2040000 		.4byte	.LASF120
 1146 06c2 03       		.byte	0x3
 1147 06c3 5A01     		.2byte	0x15a
 1148 06c5 20000000 		.4byte	.LFB158
 1149 06c9 08000000 		.4byte	.LFE158-.LFB158
 1150 06cd 01       		.uleb128 0x1
 1151 06ce 9C       		.byte	0x9c
 1152 06cf 1D       		.uleb128 0x1d
 1153 06d0 2A060000 		.4byte	.LASF106
 1154 06d4 03       		.byte	0x3
 1155 06d5 6601     		.2byte	0x166
 1156 06d7 30000000 		.4byte	.LFB159
 1157 06db 08000000 		.4byte	.LFE159-.LFB159
 1158 06df 01       		.uleb128 0x1
 1159 06e0 9C       		.byte	0x9c
 1160 06e1 EF060000 		.4byte	0x6ef
 1161 06e5 1E       		.uleb128 0x1e
 1162 06e6 99040000 		.4byte	.LASF121
 1163 06ea FF060000 		.4byte	0x6ff
 1164 06ee 00       		.byte	0
 1165 06ef 15       		.uleb128 0x15
 1166 06f0 65040000 		.4byte	0x465
 1167 06f4 FF060000 		.4byte	0x6ff
 1168 06f8 16       		.uleb128 0x16
 1169 06f9 5E040000 		.4byte	0x45e
 1170 06fd 0B       		.byte	0xb
 1171 06fe 00       		.byte	0
 1172 06ff 0F       		.uleb128 0xf
 1173 0700 EF060000 		.4byte	0x6ef
 1174 0704 1F       		.uleb128 0x1f
 1175 0705 84030000 		.4byte	.LASF122
 1176 0709 04       		.byte	0x4
 1177 070a 4E       		.byte	0x4e
 1178 070b 40000000 		.4byte	.LFB232
 1179 070f 2C000000 		.4byte	.LFE232-.LFB232
 1180 0713 01       		.uleb128 0x1
 1181 0714 9C       		.byte	0x9c
 1182 0715 30070000 		.4byte	0x730
 1183 0719 20       		.uleb128 0x20
 1184 071a CF050000 		.4byte	.LASF107
 1185 071e 04       		.byte	0x4
 1186 071f 50       		.byte	0x50
 1187 0720 30070000 		.4byte	0x730
 1188 0724 20       		.uleb128 0x20
 1189 0725 68040000 		.4byte	.LASF108
 1190 0729 04       		.byte	0x4
 1191 072a 51       		.byte	0x51
 1192 072b 30070000 		.4byte	0x730
 1193 072f 00       		.byte	0
ARM GAS  /tmp/ccYagMuE.s 			page 22


 1194 0730 15       		.uleb128 0x15
 1195 0731 A2000000 		.4byte	0xa2
 1196 0735 3B070000 		.4byte	0x73b
 1197 0739 21       		.uleb128 0x21
 1198 073a 00       		.byte	0
 1199 073b 22       		.uleb128 0x22
 1200 073c 2B000000 		.4byte	.LASF109
 1201 0740 04       		.byte	0x4
 1202 0741 6D       		.byte	0x6d
 1203 0742 28030000 		.4byte	0x328
 1204 0746 70000000 		.4byte	.LFB233
 1205 074a 20000000 		.4byte	.LFE233-.LFB233
 1206 074e 01       		.uleb128 0x1
 1207 074f 9C       		.byte	0x9c
 1208 0750 6F070000 		.4byte	0x76f
 1209 0754 23       		.uleb128 0x23
 1210 0755 DE000000 		.4byte	.LASF111
 1211 0759 04       		.byte	0x4
 1212 075a 6D       		.byte	0x6d
 1213 075b 2C000000 		.4byte	0x2c
 1214 075f 02       		.uleb128 0x2
 1215 0760 91       		.byte	0x91
 1216 0761 6C       		.sleb128 -20
 1217 0762 24       		.uleb128 0x24
 1218 0763 7000     		.ascii	"p\000"
 1219 0765 04       		.byte	0x4
 1220 0766 6E       		.byte	0x6e
 1221 0767 28030000 		.4byte	0x328
 1222 076b 02       		.uleb128 0x2
 1223 076c 91       		.byte	0x91
 1224 076d 74       		.sleb128 -12
 1225 076e 00       		.byte	0
 1226 076f 25       		.uleb128 0x25
 1227 0770 33010000 		.4byte	.LASF110
 1228 0774 04       		.byte	0x4
 1229 0775 83       		.byte	0x83
 1230 0776 28030000 		.4byte	0x328
 1231 077a 90000000 		.4byte	.LFB234
 1232 077e 48000000 		.4byte	.LFE234-.LFB234
 1233 0782 01       		.uleb128 0x1
 1234 0783 9C       		.byte	0x9c
 1235 0784 A3070000 		.4byte	0x7a3
 1236 0788 23       		.uleb128 0x23
 1237 0789 DE000000 		.4byte	.LASF111
 1238 078d 04       		.byte	0x4
 1239 078e 83       		.byte	0x83
 1240 078f 2C000000 		.4byte	0x2c
 1241 0793 02       		.uleb128 0x2
 1242 0794 91       		.byte	0x91
 1243 0795 74       		.sleb128 -12
 1244 0796 24       		.uleb128 0x24
 1245 0797 7000     		.ascii	"p\000"
 1246 0799 04       		.byte	0x4
 1247 079a 84       		.byte	0x84
 1248 079b 28030000 		.4byte	0x328
 1249 079f 02       		.uleb128 0x2
 1250 07a0 91       		.byte	0x91
ARM GAS  /tmp/ccYagMuE.s 			page 23


 1251 07a1 7C       		.sleb128 -4
 1252 07a2 00       		.byte	0
 1253 07a3 26       		.uleb128 0x26
 1254 07a4 CA040000 		.4byte	.LASF123
 1255 07a8 04       		.byte	0x4
 1256 07a9 9B       		.byte	0x9b
 1257 07aa 2C000000 		.4byte	0x2c
 1258 07ae E0000000 		.4byte	.LFB235
 1259 07b2 18000000 		.4byte	.LFE235-.LFB235
 1260 07b6 01       		.uleb128 0x1
 1261 07b7 9C       		.byte	0x9c
 1262 07b8 27       		.uleb128 0x27
 1263 07b9 5E050000 		.4byte	.LASF112
 1264 07bd 04       		.byte	0x4
 1265 07be 3E       		.byte	0x3e
 1266 07bf 77040000 		.4byte	0x477
 1267 07c3 05       		.uleb128 0x5
 1268 07c4 03       		.byte	0x3
 1269 07c5 00000000 		.4byte	nextmem
 1270 07c9 27       		.uleb128 0x27
 1271 07ca 00000000 		.4byte	.LASF113
 1272 07ce 04       		.byte	0x4
 1273 07cf 3F       		.byte	0x3f
 1274 07d0 77040000 		.4byte	0x477
 1275 07d4 05       		.uleb128 0x5
 1276 07d5 03       		.byte	0x3
 1277 07d6 04000000 		.4byte	endmem
 1278 07da 28       		.uleb128 0x28
 1279 07db 9F000000 		.4byte	.LASF114
 1280 07df 0F       		.byte	0xf
 1281 07e0 FA06     		.2byte	0x6fa
 1282 07e2 E6070000 		.4byte	0x7e6
 1283 07e6 14       		.uleb128 0x14
 1284 07e7 AD000000 		.4byte	0xad
 1285 07eb 29       		.uleb128 0x29
 1286 07ec 636800   		.ascii	"ch\000"
 1287 07ef 0A       		.byte	0xa
 1288 07f0 0902     		.2byte	0x209
 1289 07f2 F7030000 		.4byte	0x3f7
 1290 07f6 20       		.uleb128 0x20
 1291 07f7 CF050000 		.4byte	.LASF107
 1292 07fb 04       		.byte	0x4
 1293 07fc 50       		.byte	0x50
 1294 07fd 30070000 		.4byte	0x730
 1295 0801 20       		.uleb128 0x20
 1296 0802 68040000 		.4byte	.LASF108
 1297 0806 04       		.byte	0x4
 1298 0807 51       		.byte	0x51
 1299 0808 30070000 		.4byte	0x730
 1300 080c 00       		.byte	0
 1301              		.section	.debug_abbrev,"",%progbits
 1302              	.Ldebug_abbrev0:
 1303 0000 01       		.uleb128 0x1
 1304 0001 11       		.uleb128 0x11
 1305 0002 01       		.byte	0x1
 1306 0003 25       		.uleb128 0x25
 1307 0004 0E       		.uleb128 0xe
ARM GAS  /tmp/ccYagMuE.s 			page 24


 1308 0005 13       		.uleb128 0x13
 1309 0006 0B       		.uleb128 0xb
 1310 0007 03       		.uleb128 0x3
 1311 0008 0E       		.uleb128 0xe
 1312 0009 1B       		.uleb128 0x1b
 1313 000a 0E       		.uleb128 0xe
 1314 000b 11       		.uleb128 0x11
 1315 000c 01       		.uleb128 0x1
 1316 000d 12       		.uleb128 0x12
 1317 000e 06       		.uleb128 0x6
 1318 000f 10       		.uleb128 0x10
 1319 0010 17       		.uleb128 0x17
 1320 0011 00       		.byte	0
 1321 0012 00       		.byte	0
 1322 0013 02       		.uleb128 0x2
 1323 0014 24       		.uleb128 0x24
 1324 0015 00       		.byte	0
 1325 0016 0B       		.uleb128 0xb
 1326 0017 0B       		.uleb128 0xb
 1327 0018 3E       		.uleb128 0x3e
 1328 0019 0B       		.uleb128 0xb
 1329 001a 03       		.uleb128 0x3
 1330 001b 08       		.uleb128 0x8
 1331 001c 00       		.byte	0
 1332 001d 00       		.byte	0
 1333 001e 03       		.uleb128 0x3
 1334 001f 16       		.uleb128 0x16
 1335 0020 00       		.byte	0
 1336 0021 03       		.uleb128 0x3
 1337 0022 0E       		.uleb128 0xe
 1338 0023 3A       		.uleb128 0x3a
 1339 0024 0B       		.uleb128 0xb
 1340 0025 3B       		.uleb128 0x3b
 1341 0026 0B       		.uleb128 0xb
 1342 0027 49       		.uleb128 0x49
 1343 0028 13       		.uleb128 0x13
 1344 0029 00       		.byte	0
 1345 002a 00       		.byte	0
 1346 002b 04       		.uleb128 0x4
 1347 002c 24       		.uleb128 0x24
 1348 002d 00       		.byte	0
 1349 002e 0B       		.uleb128 0xb
 1350 002f 0B       		.uleb128 0xb
 1351 0030 3E       		.uleb128 0x3e
 1352 0031 0B       		.uleb128 0xb
 1353 0032 03       		.uleb128 0x3
 1354 0033 0E       		.uleb128 0xe
 1355 0034 00       		.byte	0
 1356 0035 00       		.byte	0
 1357 0036 05       		.uleb128 0x5
 1358 0037 13       		.uleb128 0x13
 1359 0038 01       		.byte	0x1
 1360 0039 03       		.uleb128 0x3
 1361 003a 0E       		.uleb128 0xe
 1362 003b 0B       		.uleb128 0xb
 1363 003c 0B       		.uleb128 0xb
 1364 003d 3A       		.uleb128 0x3a
ARM GAS  /tmp/ccYagMuE.s 			page 25


 1365 003e 0B       		.uleb128 0xb
 1366 003f 3B       		.uleb128 0x3b
 1367 0040 0B       		.uleb128 0xb
 1368 0041 01       		.uleb128 0x1
 1369 0042 13       		.uleb128 0x13
 1370 0043 00       		.byte	0
 1371 0044 00       		.byte	0
 1372 0045 06       		.uleb128 0x6
 1373 0046 0D       		.uleb128 0xd
 1374 0047 00       		.byte	0
 1375 0048 03       		.uleb128 0x3
 1376 0049 0E       		.uleb128 0xe
 1377 004a 3A       		.uleb128 0x3a
 1378 004b 0B       		.uleb128 0xb
 1379 004c 3B       		.uleb128 0x3b
 1380 004d 0B       		.uleb128 0xb
 1381 004e 49       		.uleb128 0x49
 1382 004f 13       		.uleb128 0x13
 1383 0050 38       		.uleb128 0x38
 1384 0051 0B       		.uleb128 0xb
 1385 0052 00       		.byte	0
 1386 0053 00       		.byte	0
 1387 0054 07       		.uleb128 0x7
 1388 0055 0D       		.uleb128 0xd
 1389 0056 00       		.byte	0
 1390 0057 03       		.uleb128 0x3
 1391 0058 08       		.uleb128 0x8
 1392 0059 3A       		.uleb128 0x3a
 1393 005a 0B       		.uleb128 0xb
 1394 005b 3B       		.uleb128 0x3b
 1395 005c 05       		.uleb128 0x5
 1396 005d 49       		.uleb128 0x49
 1397 005e 13       		.uleb128 0x13
 1398 005f 38       		.uleb128 0x38
 1399 0060 0B       		.uleb128 0xb
 1400 0061 00       		.byte	0
 1401 0062 00       		.byte	0
 1402 0063 08       		.uleb128 0x8
 1403 0064 0D       		.uleb128 0xd
 1404 0065 00       		.byte	0
 1405 0066 03       		.uleb128 0x3
 1406 0067 0E       		.uleb128 0xe
 1407 0068 3A       		.uleb128 0x3a
 1408 0069 0B       		.uleb128 0xb
 1409 006a 3B       		.uleb128 0x3b
 1410 006b 05       		.uleb128 0x5
 1411 006c 49       		.uleb128 0x49
 1412 006d 13       		.uleb128 0x13
 1413 006e 38       		.uleb128 0x38
 1414 006f 0B       		.uleb128 0xb
 1415 0070 00       		.byte	0
 1416 0071 00       		.byte	0
 1417 0072 09       		.uleb128 0x9
 1418 0073 0F       		.uleb128 0xf
 1419 0074 00       		.byte	0
 1420 0075 0B       		.uleb128 0xb
 1421 0076 0B       		.uleb128 0xb
ARM GAS  /tmp/ccYagMuE.s 			page 26


 1422 0077 49       		.uleb128 0x49
 1423 0078 13       		.uleb128 0x13
 1424 0079 00       		.byte	0
 1425 007a 00       		.byte	0
 1426 007b 0A       		.uleb128 0xa
 1427 007c 13       		.uleb128 0x13
 1428 007d 01       		.byte	0x1
 1429 007e 03       		.uleb128 0x3
 1430 007f 0E       		.uleb128 0xe
 1431 0080 0B       		.uleb128 0xb
 1432 0081 0B       		.uleb128 0xb
 1433 0082 3A       		.uleb128 0x3a
 1434 0083 0B       		.uleb128 0xb
 1435 0084 3B       		.uleb128 0x3b
 1436 0085 05       		.uleb128 0x5
 1437 0086 01       		.uleb128 0x1
 1438 0087 13       		.uleb128 0x13
 1439 0088 00       		.byte	0
 1440 0089 00       		.byte	0
 1441 008a 0B       		.uleb128 0xb
 1442 008b 15       		.uleb128 0x15
 1443 008c 01       		.byte	0x1
 1444 008d 27       		.uleb128 0x27
 1445 008e 19       		.uleb128 0x19
 1446 008f 01       		.uleb128 0x1
 1447 0090 13       		.uleb128 0x13
 1448 0091 00       		.byte	0
 1449 0092 00       		.byte	0
 1450 0093 0C       		.uleb128 0xc
 1451 0094 05       		.uleb128 0x5
 1452 0095 00       		.byte	0
 1453 0096 49       		.uleb128 0x49
 1454 0097 13       		.uleb128 0x13
 1455 0098 00       		.byte	0
 1456 0099 00       		.byte	0
 1457 009a 0D       		.uleb128 0xd
 1458 009b 0F       		.uleb128 0xf
 1459 009c 00       		.byte	0
 1460 009d 0B       		.uleb128 0xb
 1461 009e 0B       		.uleb128 0xb
 1462 009f 00       		.byte	0
 1463 00a0 00       		.byte	0
 1464 00a1 0E       		.uleb128 0xe
 1465 00a2 13       		.uleb128 0x13
 1466 00a3 01       		.byte	0x1
 1467 00a4 03       		.uleb128 0x3
 1468 00a5 0E       		.uleb128 0xe
 1469 00a6 0B       		.uleb128 0xb
 1470 00a7 05       		.uleb128 0x5
 1471 00a8 3A       		.uleb128 0x3a
 1472 00a9 0B       		.uleb128 0xb
 1473 00aa 3B       		.uleb128 0x3b
 1474 00ab 05       		.uleb128 0x5
 1475 00ac 01       		.uleb128 0x1
 1476 00ad 13       		.uleb128 0x13
 1477 00ae 00       		.byte	0
 1478 00af 00       		.byte	0
ARM GAS  /tmp/ccYagMuE.s 			page 27


 1479 00b0 0F       		.uleb128 0xf
 1480 00b1 26       		.uleb128 0x26
 1481 00b2 00       		.byte	0
 1482 00b3 49       		.uleb128 0x49
 1483 00b4 13       		.uleb128 0x13
 1484 00b5 00       		.byte	0
 1485 00b6 00       		.byte	0
 1486 00b7 10       		.uleb128 0x10
 1487 00b8 0D       		.uleb128 0xd
 1488 00b9 00       		.byte	0
 1489 00ba 03       		.uleb128 0x3
 1490 00bb 08       		.uleb128 0x8
 1491 00bc 3A       		.uleb128 0x3a
 1492 00bd 0B       		.uleb128 0xb
 1493 00be 3B       		.uleb128 0x3b
 1494 00bf 0B       		.uleb128 0xb
 1495 00c0 49       		.uleb128 0x49
 1496 00c1 13       		.uleb128 0x13
 1497 00c2 38       		.uleb128 0x38
 1498 00c3 0B       		.uleb128 0xb
 1499 00c4 00       		.byte	0
 1500 00c5 00       		.byte	0
 1501 00c6 11       		.uleb128 0x11
 1502 00c7 13       		.uleb128 0x13
 1503 00c8 01       		.byte	0x1
 1504 00c9 0B       		.uleb128 0xb
 1505 00ca 0B       		.uleb128 0xb
 1506 00cb 3A       		.uleb128 0x3a
 1507 00cc 0B       		.uleb128 0xb
 1508 00cd 3B       		.uleb128 0x3b
 1509 00ce 0B       		.uleb128 0xb
 1510 00cf 01       		.uleb128 0x1
 1511 00d0 13       		.uleb128 0x13
 1512 00d1 00       		.byte	0
 1513 00d2 00       		.byte	0
 1514 00d3 12       		.uleb128 0x12
 1515 00d4 17       		.uleb128 0x17
 1516 00d5 01       		.byte	0x1
 1517 00d6 0B       		.uleb128 0xb
 1518 00d7 0B       		.uleb128 0xb
 1519 00d8 3A       		.uleb128 0x3a
 1520 00d9 0B       		.uleb128 0xb
 1521 00da 3B       		.uleb128 0x3b
 1522 00db 0B       		.uleb128 0xb
 1523 00dc 01       		.uleb128 0x1
 1524 00dd 13       		.uleb128 0x13
 1525 00de 00       		.byte	0
 1526 00df 00       		.byte	0
 1527 00e0 13       		.uleb128 0x13
 1528 00e1 0D       		.uleb128 0xd
 1529 00e2 00       		.byte	0
 1530 00e3 03       		.uleb128 0x3
 1531 00e4 0E       		.uleb128 0xe
 1532 00e5 3A       		.uleb128 0x3a
 1533 00e6 0B       		.uleb128 0xb
 1534 00e7 3B       		.uleb128 0x3b
 1535 00e8 05       		.uleb128 0x5
ARM GAS  /tmp/ccYagMuE.s 			page 28


 1536 00e9 49       		.uleb128 0x49
 1537 00ea 13       		.uleb128 0x13
 1538 00eb 00       		.byte	0
 1539 00ec 00       		.byte	0
 1540 00ed 14       		.uleb128 0x14
 1541 00ee 35       		.uleb128 0x35
 1542 00ef 00       		.byte	0
 1543 00f0 49       		.uleb128 0x49
 1544 00f1 13       		.uleb128 0x13
 1545 00f2 00       		.byte	0
 1546 00f3 00       		.byte	0
 1547 00f4 15       		.uleb128 0x15
 1548 00f5 01       		.uleb128 0x1
 1549 00f6 01       		.byte	0x1
 1550 00f7 49       		.uleb128 0x49
 1551 00f8 13       		.uleb128 0x13
 1552 00f9 01       		.uleb128 0x1
 1553 00fa 13       		.uleb128 0x13
 1554 00fb 00       		.byte	0
 1555 00fc 00       		.byte	0
 1556 00fd 16       		.uleb128 0x16
 1557 00fe 21       		.uleb128 0x21
 1558 00ff 00       		.byte	0
 1559 0100 49       		.uleb128 0x49
 1560 0101 13       		.uleb128 0x13
 1561 0102 2F       		.uleb128 0x2f
 1562 0103 0B       		.uleb128 0xb
 1563 0104 00       		.byte	0
 1564 0105 00       		.byte	0
 1565 0106 17       		.uleb128 0x17
 1566 0107 2E       		.uleb128 0x2e
 1567 0108 01       		.byte	0x1
 1568 0109 03       		.uleb128 0x3
 1569 010a 0E       		.uleb128 0xe
 1570 010b 3A       		.uleb128 0x3a
 1571 010c 0B       		.uleb128 0xb
 1572 010d 3B       		.uleb128 0x3b
 1573 010e 05       		.uleb128 0x5
 1574 010f 27       		.uleb128 0x27
 1575 0110 19       		.uleb128 0x19
 1576 0111 20       		.uleb128 0x20
 1577 0112 0B       		.uleb128 0xb
 1578 0113 01       		.uleb128 0x1
 1579 0114 13       		.uleb128 0x13
 1580 0115 00       		.byte	0
 1581 0116 00       		.byte	0
 1582 0117 18       		.uleb128 0x18
 1583 0118 05       		.uleb128 0x5
 1584 0119 00       		.byte	0
 1585 011a 03       		.uleb128 0x3
 1586 011b 0E       		.uleb128 0xe
 1587 011c 3A       		.uleb128 0x3a
 1588 011d 0B       		.uleb128 0xb
 1589 011e 3B       		.uleb128 0x3b
 1590 011f 05       		.uleb128 0x5
 1591 0120 49       		.uleb128 0x49
 1592 0121 13       		.uleb128 0x13
ARM GAS  /tmp/ccYagMuE.s 			page 29


 1593 0122 00       		.byte	0
 1594 0123 00       		.byte	0
 1595 0124 19       		.uleb128 0x19
 1596 0125 2E       		.uleb128 0x2e
 1597 0126 01       		.byte	0x1
 1598 0127 03       		.uleb128 0x3
 1599 0128 0E       		.uleb128 0xe
 1600 0129 3A       		.uleb128 0x3a
 1601 012a 0B       		.uleb128 0xb
 1602 012b 3B       		.uleb128 0x3b
 1603 012c 05       		.uleb128 0x5
 1604 012d 27       		.uleb128 0x27
 1605 012e 19       		.uleb128 0x19
 1606 012f 11       		.uleb128 0x11
 1607 0130 01       		.uleb128 0x1
 1608 0131 12       		.uleb128 0x12
 1609 0132 06       		.uleb128 0x6
 1610 0133 40       		.uleb128 0x40
 1611 0134 18       		.uleb128 0x18
 1612 0135 9742     		.uleb128 0x2117
 1613 0137 19       		.uleb128 0x19
 1614 0138 01       		.uleb128 0x1
 1615 0139 13       		.uleb128 0x13
 1616 013a 00       		.byte	0
 1617 013b 00       		.byte	0
 1618 013c 1A       		.uleb128 0x1a
 1619 013d 1D       		.uleb128 0x1d
 1620 013e 01       		.byte	0x1
 1621 013f 31       		.uleb128 0x31
 1622 0140 13       		.uleb128 0x13
 1623 0141 11       		.uleb128 0x11
 1624 0142 01       		.uleb128 0x1
 1625 0143 12       		.uleb128 0x12
 1626 0144 06       		.uleb128 0x6
 1627 0145 58       		.uleb128 0x58
 1628 0146 0B       		.uleb128 0xb
 1629 0147 59       		.uleb128 0x59
 1630 0148 05       		.uleb128 0x5
 1631 0149 00       		.byte	0
 1632 014a 00       		.byte	0
 1633 014b 1B       		.uleb128 0x1b
 1634 014c 05       		.uleb128 0x5
 1635 014d 00       		.byte	0
 1636 014e 31       		.uleb128 0x31
 1637 014f 13       		.uleb128 0x13
 1638 0150 02       		.uleb128 0x2
 1639 0151 18       		.uleb128 0x18
 1640 0152 00       		.byte	0
 1641 0153 00       		.byte	0
 1642 0154 1C       		.uleb128 0x1c
 1643 0155 2E       		.uleb128 0x2e
 1644 0156 00       		.byte	0
 1645 0157 03       		.uleb128 0x3
 1646 0158 0E       		.uleb128 0xe
 1647 0159 3A       		.uleb128 0x3a
 1648 015a 0B       		.uleb128 0xb
 1649 015b 3B       		.uleb128 0x3b
ARM GAS  /tmp/ccYagMuE.s 			page 30


 1650 015c 05       		.uleb128 0x5
 1651 015d 27       		.uleb128 0x27
 1652 015e 19       		.uleb128 0x19
 1653 015f 11       		.uleb128 0x11
 1654 0160 01       		.uleb128 0x1
 1655 0161 12       		.uleb128 0x12
 1656 0162 06       		.uleb128 0x6
 1657 0163 40       		.uleb128 0x40
 1658 0164 18       		.uleb128 0x18
 1659 0165 9642     		.uleb128 0x2116
 1660 0167 19       		.uleb128 0x19
 1661 0168 00       		.byte	0
 1662 0169 00       		.byte	0
 1663 016a 1D       		.uleb128 0x1d
 1664 016b 2E       		.uleb128 0x2e
 1665 016c 01       		.byte	0x1
 1666 016d 03       		.uleb128 0x3
 1667 016e 0E       		.uleb128 0xe
 1668 016f 3A       		.uleb128 0x3a
 1669 0170 0B       		.uleb128 0xb
 1670 0171 3B       		.uleb128 0x3b
 1671 0172 05       		.uleb128 0x5
 1672 0173 27       		.uleb128 0x27
 1673 0174 19       		.uleb128 0x19
 1674 0175 11       		.uleb128 0x11
 1675 0176 01       		.uleb128 0x1
 1676 0177 12       		.uleb128 0x12
 1677 0178 06       		.uleb128 0x6
 1678 0179 40       		.uleb128 0x40
 1679 017a 18       		.uleb128 0x18
 1680 017b 9642     		.uleb128 0x2116
 1681 017d 19       		.uleb128 0x19
 1682 017e 01       		.uleb128 0x1
 1683 017f 13       		.uleb128 0x13
 1684 0180 00       		.byte	0
 1685 0181 00       		.byte	0
 1686 0182 1E       		.uleb128 0x1e
 1687 0183 34       		.uleb128 0x34
 1688 0184 00       		.byte	0
 1689 0185 03       		.uleb128 0x3
 1690 0186 0E       		.uleb128 0xe
 1691 0187 49       		.uleb128 0x49
 1692 0188 13       		.uleb128 0x13
 1693 0189 34       		.uleb128 0x34
 1694 018a 19       		.uleb128 0x19
 1695 018b 00       		.byte	0
 1696 018c 00       		.byte	0
 1697 018d 1F       		.uleb128 0x1f
 1698 018e 2E       		.uleb128 0x2e
 1699 018f 01       		.byte	0x1
 1700 0190 3F       		.uleb128 0x3f
 1701 0191 19       		.uleb128 0x19
 1702 0192 03       		.uleb128 0x3
 1703 0193 0E       		.uleb128 0xe
 1704 0194 3A       		.uleb128 0x3a
 1705 0195 0B       		.uleb128 0xb
 1706 0196 3B       		.uleb128 0x3b
ARM GAS  /tmp/ccYagMuE.s 			page 31


 1707 0197 0B       		.uleb128 0xb
 1708 0198 27       		.uleb128 0x27
 1709 0199 19       		.uleb128 0x19
 1710 019a 11       		.uleb128 0x11
 1711 019b 01       		.uleb128 0x1
 1712 019c 12       		.uleb128 0x12
 1713 019d 06       		.uleb128 0x6
 1714 019e 40       		.uleb128 0x40
 1715 019f 18       		.uleb128 0x18
 1716 01a0 9742     		.uleb128 0x2117
 1717 01a2 19       		.uleb128 0x19
 1718 01a3 01       		.uleb128 0x1
 1719 01a4 13       		.uleb128 0x13
 1720 01a5 00       		.byte	0
 1721 01a6 00       		.byte	0
 1722 01a7 20       		.uleb128 0x20
 1723 01a8 34       		.uleb128 0x34
 1724 01a9 00       		.byte	0
 1725 01aa 03       		.uleb128 0x3
 1726 01ab 0E       		.uleb128 0xe
 1727 01ac 3A       		.uleb128 0x3a
 1728 01ad 0B       		.uleb128 0xb
 1729 01ae 3B       		.uleb128 0x3b
 1730 01af 0B       		.uleb128 0xb
 1731 01b0 49       		.uleb128 0x49
 1732 01b1 13       		.uleb128 0x13
 1733 01b2 3F       		.uleb128 0x3f
 1734 01b3 19       		.uleb128 0x19
 1735 01b4 3C       		.uleb128 0x3c
 1736 01b5 19       		.uleb128 0x19
 1737 01b6 00       		.byte	0
 1738 01b7 00       		.byte	0
 1739 01b8 21       		.uleb128 0x21
 1740 01b9 21       		.uleb128 0x21
 1741 01ba 00       		.byte	0
 1742 01bb 00       		.byte	0
 1743 01bc 00       		.byte	0
 1744 01bd 22       		.uleb128 0x22
 1745 01be 2E       		.uleb128 0x2e
 1746 01bf 01       		.byte	0x1
 1747 01c0 3F       		.uleb128 0x3f
 1748 01c1 19       		.uleb128 0x19
 1749 01c2 03       		.uleb128 0x3
 1750 01c3 0E       		.uleb128 0xe
 1751 01c4 3A       		.uleb128 0x3a
 1752 01c5 0B       		.uleb128 0xb
 1753 01c6 3B       		.uleb128 0x3b
 1754 01c7 0B       		.uleb128 0xb
 1755 01c8 27       		.uleb128 0x27
 1756 01c9 19       		.uleb128 0x19
 1757 01ca 49       		.uleb128 0x49
 1758 01cb 13       		.uleb128 0x13
 1759 01cc 11       		.uleb128 0x11
 1760 01cd 01       		.uleb128 0x1
 1761 01ce 12       		.uleb128 0x12
 1762 01cf 06       		.uleb128 0x6
 1763 01d0 40       		.uleb128 0x40
ARM GAS  /tmp/ccYagMuE.s 			page 32


 1764 01d1 18       		.uleb128 0x18
 1765 01d2 9642     		.uleb128 0x2116
 1766 01d4 19       		.uleb128 0x19
 1767 01d5 01       		.uleb128 0x1
 1768 01d6 13       		.uleb128 0x13
 1769 01d7 00       		.byte	0
 1770 01d8 00       		.byte	0
 1771 01d9 23       		.uleb128 0x23
 1772 01da 05       		.uleb128 0x5
 1773 01db 00       		.byte	0
 1774 01dc 03       		.uleb128 0x3
 1775 01dd 0E       		.uleb128 0xe
 1776 01de 3A       		.uleb128 0x3a
 1777 01df 0B       		.uleb128 0xb
 1778 01e0 3B       		.uleb128 0x3b
 1779 01e1 0B       		.uleb128 0xb
 1780 01e2 49       		.uleb128 0x49
 1781 01e3 13       		.uleb128 0x13
 1782 01e4 02       		.uleb128 0x2
 1783 01e5 18       		.uleb128 0x18
 1784 01e6 00       		.byte	0
 1785 01e7 00       		.byte	0
 1786 01e8 24       		.uleb128 0x24
 1787 01e9 34       		.uleb128 0x34
 1788 01ea 00       		.byte	0
 1789 01eb 03       		.uleb128 0x3
 1790 01ec 08       		.uleb128 0x8
 1791 01ed 3A       		.uleb128 0x3a
 1792 01ee 0B       		.uleb128 0xb
 1793 01ef 3B       		.uleb128 0x3b
 1794 01f0 0B       		.uleb128 0xb
 1795 01f1 49       		.uleb128 0x49
 1796 01f2 13       		.uleb128 0x13
 1797 01f3 02       		.uleb128 0x2
 1798 01f4 18       		.uleb128 0x18
 1799 01f5 00       		.byte	0
 1800 01f6 00       		.byte	0
 1801 01f7 25       		.uleb128 0x25
 1802 01f8 2E       		.uleb128 0x2e
 1803 01f9 01       		.byte	0x1
 1804 01fa 3F       		.uleb128 0x3f
 1805 01fb 19       		.uleb128 0x19
 1806 01fc 03       		.uleb128 0x3
 1807 01fd 0E       		.uleb128 0xe
 1808 01fe 3A       		.uleb128 0x3a
 1809 01ff 0B       		.uleb128 0xb
 1810 0200 3B       		.uleb128 0x3b
 1811 0201 0B       		.uleb128 0xb
 1812 0202 27       		.uleb128 0x27
 1813 0203 19       		.uleb128 0x19
 1814 0204 49       		.uleb128 0x49
 1815 0205 13       		.uleb128 0x13
 1816 0206 11       		.uleb128 0x11
 1817 0207 01       		.uleb128 0x1
 1818 0208 12       		.uleb128 0x12
 1819 0209 06       		.uleb128 0x6
 1820 020a 40       		.uleb128 0x40
ARM GAS  /tmp/ccYagMuE.s 			page 33


 1821 020b 18       		.uleb128 0x18
 1822 020c 9742     		.uleb128 0x2117
 1823 020e 19       		.uleb128 0x19
 1824 020f 01       		.uleb128 0x1
 1825 0210 13       		.uleb128 0x13
 1826 0211 00       		.byte	0
 1827 0212 00       		.byte	0
 1828 0213 26       		.uleb128 0x26
 1829 0214 2E       		.uleb128 0x2e
 1830 0215 00       		.byte	0
 1831 0216 3F       		.uleb128 0x3f
 1832 0217 19       		.uleb128 0x19
 1833 0218 03       		.uleb128 0x3
 1834 0219 0E       		.uleb128 0xe
 1835 021a 3A       		.uleb128 0x3a
 1836 021b 0B       		.uleb128 0xb
 1837 021c 3B       		.uleb128 0x3b
 1838 021d 0B       		.uleb128 0xb
 1839 021e 27       		.uleb128 0x27
 1840 021f 19       		.uleb128 0x19
 1841 0220 49       		.uleb128 0x49
 1842 0221 13       		.uleb128 0x13
 1843 0222 11       		.uleb128 0x11
 1844 0223 01       		.uleb128 0x1
 1845 0224 12       		.uleb128 0x12
 1846 0225 06       		.uleb128 0x6
 1847 0226 40       		.uleb128 0x40
 1848 0227 18       		.uleb128 0x18
 1849 0228 9742     		.uleb128 0x2117
 1850 022a 19       		.uleb128 0x19
 1851 022b 00       		.byte	0
 1852 022c 00       		.byte	0
 1853 022d 27       		.uleb128 0x27
 1854 022e 34       		.uleb128 0x34
 1855 022f 00       		.byte	0
 1856 0230 03       		.uleb128 0x3
 1857 0231 0E       		.uleb128 0xe
 1858 0232 3A       		.uleb128 0x3a
 1859 0233 0B       		.uleb128 0xb
 1860 0234 3B       		.uleb128 0x3b
 1861 0235 0B       		.uleb128 0xb
 1862 0236 49       		.uleb128 0x49
 1863 0237 13       		.uleb128 0x13
 1864 0238 02       		.uleb128 0x2
 1865 0239 18       		.uleb128 0x18
 1866 023a 00       		.byte	0
 1867 023b 00       		.byte	0
 1868 023c 28       		.uleb128 0x28
 1869 023d 34       		.uleb128 0x34
 1870 023e 00       		.byte	0
 1871 023f 03       		.uleb128 0x3
 1872 0240 0E       		.uleb128 0xe
 1873 0241 3A       		.uleb128 0x3a
 1874 0242 0B       		.uleb128 0xb
 1875 0243 3B       		.uleb128 0x3b
 1876 0244 05       		.uleb128 0x5
 1877 0245 49       		.uleb128 0x49
ARM GAS  /tmp/ccYagMuE.s 			page 34


 1878 0246 13       		.uleb128 0x13
 1879 0247 3F       		.uleb128 0x3f
 1880 0248 19       		.uleb128 0x19
 1881 0249 3C       		.uleb128 0x3c
 1882 024a 19       		.uleb128 0x19
 1883 024b 00       		.byte	0
 1884 024c 00       		.byte	0
 1885 024d 29       		.uleb128 0x29
 1886 024e 34       		.uleb128 0x34
 1887 024f 00       		.byte	0
 1888 0250 03       		.uleb128 0x3
 1889 0251 08       		.uleb128 0x8
 1890 0252 3A       		.uleb128 0x3a
 1891 0253 0B       		.uleb128 0xb
 1892 0254 3B       		.uleb128 0x3b
 1893 0255 05       		.uleb128 0x5
 1894 0256 49       		.uleb128 0x49
 1895 0257 13       		.uleb128 0x13
 1896 0258 3F       		.uleb128 0x3f
 1897 0259 19       		.uleb128 0x19
 1898 025a 3C       		.uleb128 0x3c
 1899 025b 19       		.uleb128 0x19
 1900 025c 00       		.byte	0
 1901 025d 00       		.byte	0
 1902 025e 00       		.byte	0
 1903              		.section	.debug_aranges,"",%progbits
 1904 0000 1C000000 		.4byte	0x1c
 1905 0004 0200     		.2byte	0x2
 1906 0006 00000000 		.4byte	.Ldebug_info0
 1907 000a 04       		.byte	0x4
 1908 000b 00       		.byte	0
 1909 000c 0000     		.2byte	0
 1910 000e 0000     		.2byte	0
 1911 0010 00000000 		.4byte	.Ltext0
 1912 0014 F8000000 		.4byte	.Letext0-.Ltext0
 1913 0018 00000000 		.4byte	0
 1914 001c 00000000 		.4byte	0
 1915              		.section	.debug_line,"",%progbits
 1916              	.Ldebug_line0:
 1917 0000 71030000 		.section	.debug_str,"MS",%progbits,1
 1917      02001403 
 1917      00000201 
 1917      FB0E0D00 
 1917      01010101 
 1918              	.LASF113:
 1919 0000 656E646D 		.ascii	"endmem\000"
 1919      656D00
 1920              	.LASF53:
 1921 0007 72656164 		.ascii	"ready_list_t\000"
 1921      795F6C69 
 1921      73745F74 
 1921      00
 1922              	.LASF2:
 1923 0014 73697A65 		.ascii	"size_t\000"
 1923      5F7400
 1924              	.LASF89:
 1925 001b 7264796D 		.ascii	"rdymsg\000"
ARM GAS  /tmp/ccYagMuE.s 			page 35


 1925      736700
 1926              	.LASF17:
 1927 0022 75696E74 		.ascii	"uint64_t\000"
 1927      36345F74 
 1927      00
 1928              	.LASF109:
 1929 002b 6368436F 		.ascii	"chCoreAlloc\000"
 1929      7265416C 
 1929      6C6F6300 
 1930              	.LASF3:
 1931 0037 5F5F7569 		.ascii	"__uint8_t\000"
 1931      6E74385F 
 1931      7400
 1932              	.LASF86:
 1933 0041 706F7274 		.ascii	"port_intctx\000"
 1933      5F696E74 
 1933      63747800 
 1934              	.LASF78:
 1935 004d 76746C69 		.ascii	"vtlist\000"
 1935      737400
 1936              	.LASF104:
 1937 0054 706F7274 		.ascii	"port_lock\000"
 1937      5F6C6F63 
 1937      6B00
 1938              	.LASF13:
 1939 005e 6C6F6E67 		.ascii	"long long unsigned int\000"
 1939      206C6F6E 
 1939      6720756E 
 1939      7369676E 
 1939      65642069 
 1940              	.LASF90:
 1941 0075 65786974 		.ascii	"exitcode\000"
 1941      636F6465 
 1941      00
 1942              	.LASF79:
 1943 007e 6D61696E 		.ascii	"mainthread\000"
 1943      74687265 
 1943      616400
 1944              	.LASF69:
 1945 0089 76697274 		.ascii	"virtual_timers_list_t\000"
 1945      75616C5F 
 1945      74696D65 
 1945      72735F6C 
 1945      6973745F 
 1946              	.LASF114:
 1947 009f 49544D5F 		.ascii	"ITM_RxBuffer\000"
 1947      52784275 
 1947      66666572 
 1947      00
 1948              	.LASF52:
 1949 00ac 63685F74 		.ascii	"ch_threads_queue\000"
 1949      68726561 
 1949      64735F71 
 1949      75657565 
 1949      00
 1950              	.LASF31:
 1951 00bd 705F7072 		.ascii	"p_prio\000"
ARM GAS  /tmp/ccYagMuE.s 			page 36


 1951      696F00
 1952              	.LASF11:
 1953 00c4 6C6F6E67 		.ascii	"long long int\000"
 1953      206C6F6E 
 1953      6720696E 
 1953      7400
 1954              	.LASF1:
 1955 00d2 7369676E 		.ascii	"signed char\000"
 1955      65642063 
 1955      68617200 
 1956              	.LASF111:
 1957 00de 73697A65 		.ascii	"size\000"
 1957      00
 1958              	.LASF100:
 1959 00e3 6D5F7175 		.ascii	"m_queue\000"
 1959      65756500 
 1960              	.LASF105:
 1961 00eb 706F7274 		.ascii	"port_unlock\000"
 1961      5F756E6C 
 1961      6F636B00 
 1962              	.LASF22:
 1963 00f7 74736C69 		.ascii	"tslices_t\000"
 1963      6365735F 
 1963      7400
 1964              	.LASF92:
 1965 0101 77747472 		.ascii	"wttrp\000"
 1965      7000
 1966              	.LASF76:
 1967 0107 63685F73 		.ascii	"ch_system\000"
 1967      79737465 
 1967      6D00
 1968              	.LASF8:
 1969 0111 6C6F6E67 		.ascii	"long int\000"
 1969      20696E74 
 1969      00
 1970              	.LASF20:
 1971 011a 74737461 		.ascii	"tstate_t\000"
 1971      74655F74 
 1971      00
 1972              	.LASF33:
 1973 0123 705F6E65 		.ascii	"p_newer\000"
 1973      77657200 
 1974              	.LASF97:
 1975 012b 735F7175 		.ascii	"s_queue\000"
 1975      65756500 
 1976              	.LASF110:
 1977 0133 6368436F 		.ascii	"chCoreAllocI\000"
 1977      7265416C 
 1977      6C6F6349 
 1977      00
 1978              	.LASF58:
 1979 0140 725F6E65 		.ascii	"r_newer\000"
 1979      77657200 
 1980              	.LASF46:
 1981 0148 705F6D70 		.ascii	"p_mpool\000"
 1981      6F6F6C00 
 1982              	.LASF83:
ARM GAS  /tmp/ccYagMuE.s 			page 37


 1983 0150 72656761 		.ascii	"regarm_t\000"
 1983      726D5F74 
 1983      00
 1984              	.LASF65:
 1985 0159 76745F70 		.ascii	"vt_prev\000"
 1985      72657600 
 1986              	.LASF117:
 1987 0161 2F752F65 		.ascii	"/u/elawton2/p442-submissions/sensortile/reference/b"
 1987      6C617774 
 1987      6F6E322F 
 1987      70343432 
 1987      2D737562 
 1988 0194 6C75656D 		.ascii	"luemicrosystem2/BlueMicrosystem2_V2.2.0/Projects/Mu"
 1988      6963726F 
 1988      73797374 
 1988      656D322F 
 1988      426C7565 
 1989 01c7 6C74692F 		.ascii	"lti/Applications/BlueMicrosystem2/bluechibi\000"
 1989      4170706C 
 1989      69636174 
 1989      696F6E73 
 1989      2F426C75 
 1990              	.LASF103:
 1991 01f3 6D757465 		.ascii	"mutex_t\000"
 1991      785F7400 
 1992              	.LASF119:
 1993 01fb 76616C75 		.ascii	"value\000"
 1993      6500
 1994              	.LASF80:
 1995 0201 69646C65 		.ascii	"idle_thread_wa\000"
 1995      5F746872 
 1995      6561645F 
 1995      776100
 1996              	.LASF26:
 1997 0210 636E745F 		.ascii	"cnt_t\000"
 1997      7400
 1998              	.LASF0:
 1999 0216 756E7369 		.ascii	"unsigned int\000"
 1999      676E6564 
 1999      20696E74 
 1999      00
 2000              	.LASF93:
 2001 0223 77747365 		.ascii	"wtsemp\000"
 2001      6D7000
 2002              	.LASF66:
 2003 022a 76745F64 		.ascii	"vt_delta\000"
 2003      656C7461 
 2003      00
 2004              	.LASF72:
 2005 0233 73797374 		.ascii	"system_debug_t\000"
 2005      656D5F64 
 2005      65627567 
 2005      5F7400
 2006              	.LASF64:
 2007 0242 76745F6E 		.ascii	"vt_next\000"
 2007      65787400 
 2008              	.LASF98:
ARM GAS  /tmp/ccYagMuE.s 			page 38


 2009 024a 735F636E 		.ascii	"s_cnt\000"
 2009      7400
 2010              	.LASF6:
 2011 0250 73686F72 		.ascii	"short unsigned int\000"
 2011      7420756E 
 2011      7369676E 
 2011      65642069 
 2011      6E7400
 2012              	.LASF49:
 2013 0263 63685F74 		.ascii	"ch_thread\000"
 2013      68726561 
 2013      6400
 2014              	.LASF24:
 2015 026d 6D73675F 		.ascii	"msg_t\000"
 2015      7400
 2016              	.LASF75:
 2017 0273 63685F73 		.ascii	"ch_system_t\000"
 2017      79737465 
 2017      6D5F7400 
 2018              	.LASF19:
 2019 027f 746D6F64 		.ascii	"tmode_t\000"
 2019      655F7400 
 2020              	.LASF54:
 2021 0287 63685F72 		.ascii	"ch_ready_list\000"
 2021      65616479 
 2021      5F6C6973 
 2021      7400
 2022              	.LASF25:
 2023 0295 6576656E 		.ascii	"eventmask_t\000"
 2023      746D6173 
 2023      6B5F7400 
 2024              	.LASF7:
 2025 02a1 5F5F696E 		.ascii	"__int32_t\000"
 2025      7433325F 
 2025      7400
 2026              	.LASF84:
 2027 02ab 73746B61 		.ascii	"stkalign_t\000"
 2027      6C69676E 
 2027      5F7400
 2028              	.LASF18:
 2029 02b6 7274636E 		.ascii	"rtcnt_t\000"
 2029      745F7400 
 2030              	.LASF47:
 2031 02be 74687265 		.ascii	"thread_reference_t\000"
 2031      61645F72 
 2031      65666572 
 2031      656E6365 
 2031      5F7400
 2032              	.LASF70:
 2033 02d1 63685F76 		.ascii	"ch_virtual_timers_list\000"
 2033      69727475 
 2033      616C5F74 
 2033      696D6572 
 2033      735F6C69 
 2034              	.LASF67:
 2035 02e8 76745F66 		.ascii	"vt_func\000"
 2035      756E6300 
ARM GAS  /tmp/ccYagMuE.s 			page 39


 2036              	.LASF43:
 2037 02f0 705F6570 		.ascii	"p_epending\000"
 2037      656E6469 
 2037      6E6700
 2038              	.LASF34:
 2039 02fb 705F6F6C 		.ascii	"p_older\000"
 2039      64657200 
 2040              	.LASF57:
 2041 0303 725F6374 		.ascii	"r_ctx\000"
 2041      7800
 2042              	.LASF88:
 2043 0309 746D5F63 		.ascii	"tm_calibration_t\000"
 2043      616C6962 
 2043      72617469 
 2043      6F6E5F74 
 2043      00
 2044              	.LASF60:
 2045 031a 725F6375 		.ascii	"r_current\000"
 2045      7272656E 
 2045      7400
 2046              	.LASF59:
 2047 0324 725F6F6C 		.ascii	"r_older\000"
 2047      64657200 
 2048              	.LASF12:
 2049 032c 5F5F7569 		.ascii	"__uint64_t\000"
 2049      6E743634 
 2049      5F7400
 2050              	.LASF21:
 2051 0337 74726566 		.ascii	"trefs_t\000"
 2051      735F7400 
 2052              	.LASF62:
 2053 033f 76697274 		.ascii	"virtual_timer_t\000"
 2053      75616C5F 
 2053      74696D65 
 2053      725F7400 
 2054              	.LASF30:
 2055 034f 705F7072 		.ascii	"p_prev\000"
 2055      657600
 2056              	.LASF23:
 2057 0356 74707269 		.ascii	"tprio_t\000"
 2057      6F5F7400 
 2058              	.LASF73:
 2059 035e 63685F73 		.ascii	"ch_system_debug\000"
 2059      79737465 
 2059      6D5F6465 
 2059      62756700 
 2060              	.LASF15:
 2061 036e 696E7433 		.ascii	"int32_t\000"
 2061      325F7400 
 2062              	.LASF4:
 2063 0376 756E7369 		.ascii	"unsigned char\000"
 2063      676E6564 
 2063      20636861 
 2063      7200
 2064              	.LASF122:
 2065 0384 5F636F72 		.ascii	"_core_init\000"
 2065      655F696E 
ARM GAS  /tmp/ccYagMuE.s 			page 40


 2065      697400
 2066              	.LASF115:
 2067 038f 474E5520 		.ascii	"GNU C 4.8.4 20140526 (release) [ARM/embedded-4_8-br"
 2067      4320342E 
 2067      382E3420 
 2067      32303134 
 2067      30353236 
 2068 03c2 616E6368 		.ascii	"anch revision 211358] -mcpu=cortex-m4 -mno-thumb-in"
 2068      20726576 
 2068      6973696F 
 2068      6E203231 
 2068      31333538 
 2069 03f5 74657277 		.ascii	"terwork -mthumb -ggdb -O0 -std=c99 -fomit-frame-poi"
 2069      6F726B20 
 2069      2D6D7468 
 2069      756D6220 
 2069      2D676764 
 2070 0428 6E746572 		.ascii	"nter -falign-functions=16\000"
 2070      202D6661 
 2070      6C69676E 
 2070      2D66756E 
 2070      6374696F 
 2071              	.LASF44:
 2072 0442 705F6D74 		.ascii	"p_mtxlist\000"
 2072      786C6973 
 2072      7400
 2073              	.LASF5:
 2074 044c 73686F72 		.ascii	"short int\000"
 2074      7420696E 
 2074      7400
 2075              	.LASF36:
 2076 0456 705F7374 		.ascii	"p_state\000"
 2076      61746500 
 2077              	.LASF39:
 2078 045e 705F7072 		.ascii	"p_preempt\000"
 2078      65656D70 
 2078      7400
 2079              	.LASF108:
 2080 0468 5F5F6865 		.ascii	"__heap_end__\000"
 2080      61705F65 
 2080      6E645F5F 
 2080      00
 2081              	.LASF56:
 2082 0475 725F7072 		.ascii	"r_prio\000"
 2082      696F00
 2083              	.LASF91:
 2084 047c 77746F62 		.ascii	"wtobjp\000"
 2084      6A7000
 2085              	.LASF95:
 2086 0483 65776D61 		.ascii	"ewmask\000"
 2086      736B00
 2087              	.LASF29:
 2088 048a 705F6E65 		.ascii	"p_next\000"
 2088      787400
 2089              	.LASF37:
 2090 0491 705F666C 		.ascii	"p_flags\000"
 2090      61677300 
ARM GAS  /tmp/ccYagMuE.s 			page 41


 2091              	.LASF121:
 2092 0499 5F5F6675 		.ascii	"__func__\000"
 2092      6E635F5F 
 2092      00
 2093              	.LASF120:
 2094 04a2 63685379 		.ascii	"chSysLock\000"
 2094      734C6F63 
 2094      6B00
 2095              	.LASF63:
 2096 04ac 63685F76 		.ascii	"ch_virtual_timer\000"
 2096      69727475 
 2096      616C5F74 
 2096      696D6572 
 2096      00
 2097              	.LASF96:
 2098 04bd 63685F73 		.ascii	"ch_semaphore\000"
 2098      656D6170 
 2098      686F7265 
 2098      00
 2099              	.LASF123:
 2100 04ca 6368436F 		.ascii	"chCoreGetStatusX\000"
 2100      72654765 
 2100      74537461 
 2100      74757358 
 2100      00
 2101              	.LASF16:
 2102 04db 75696E74 		.ascii	"uint32_t\000"
 2102      33325F74 
 2102      00
 2103              	.LASF94:
 2104 04e4 77746D74 		.ascii	"wtmtxp\000"
 2104      787000
 2105              	.LASF55:
 2106 04eb 725F7175 		.ascii	"r_queue\000"
 2106      65756500 
 2107              	.LASF71:
 2108 04f3 76745F73 		.ascii	"vt_systime\000"
 2108      79737469 
 2108      6D6500
 2109              	.LASF50:
 2110 04fe 63685F74 		.ascii	"ch_threads_list\000"
 2110      68726561 
 2110      64735F6C 
 2110      69737400 
 2111              	.LASF10:
 2112 050e 6C6F6E67 		.ascii	"long unsigned int\000"
 2112      20756E73 
 2112      69676E65 
 2112      6420696E 
 2112      7400
 2113              	.LASF82:
 2114 0520 63686172 		.ascii	"char\000"
 2114      00
 2115              	.LASF116:
 2116 0525 2E2E2F2E 		.ascii	"../../../../../../ChibiOS/os/rt/src/chmemcore.c\000"
 2116      2E2F2E2E 
 2116      2F2E2E2F 
ARM GAS  /tmp/ccYagMuE.s 			page 42


 2116      2E2E2F2E 
 2116      2E2F4368 
 2117              	.LASF28:
 2118 0555 74687265 		.ascii	"thread_t\000"
 2118      61645F74 
 2118      00
 2119              	.LASF112:
 2120 055e 6E657874 		.ascii	"nextmem\000"
 2120      6D656D00 
 2121              	.LASF102:
 2122 0566 6D5F6E65 		.ascii	"m_next\000"
 2122      787400
 2123              	.LASF27:
 2124 056d 73797374 		.ascii	"systime_t\000"
 2124      696D655F 
 2124      7400
 2125              	.LASF45:
 2126 0577 705F7265 		.ascii	"p_realprio\000"
 2126      616C7072 
 2126      696F00
 2127              	.LASF61:
 2128 0582 76746675 		.ascii	"vtfunc_t\000"
 2128      6E635F74 
 2128      00
 2129              	.LASF9:
 2130 058b 5F5F7569 		.ascii	"__uint32_t\000"
 2130      6E743332 
 2130      5F7400
 2131              	.LASF118:
 2132 0596 5F5F7365 		.ascii	"__set_BASEPRI\000"
 2132      745F4241 
 2132      53455052 
 2132      4900
 2133              	.LASF74:
 2134 05a4 70616E69 		.ascii	"panic_msg\000"
 2134      635F6D73 
 2134      6700
 2135              	.LASF87:
 2136 05ae 6F666673 		.ascii	"offset\000"
 2136      657400
 2137              	.LASF85:
 2138 05b5 636F6E74 		.ascii	"context\000"
 2138      65787400 
 2139              	.LASF41:
 2140 05bd 705F6D73 		.ascii	"p_msgqueue\000"
 2140      67717565 
 2140      756500
 2141              	.LASF68:
 2142 05c8 76745F70 		.ascii	"vt_par\000"
 2142      617200
 2143              	.LASF107:
 2144 05cf 5F5F6865 		.ascii	"__heap_base__\000"
 2144      61705F62 
 2144      6173655F 
 2144      5F00
 2145              	.LASF51:
 2146 05dd 74687265 		.ascii	"threads_queue_t\000"
ARM GAS  /tmp/ccYagMuE.s 			page 43


 2146      6164735F 
 2146      71756575 
 2146      655F7400 
 2147              	.LASF38:
 2148 05ed 705F7265 		.ascii	"p_refs\000"
 2148      667300
 2149              	.LASF77:
 2150 05f4 726C6973 		.ascii	"rlist\000"
 2150      7400
 2151              	.LASF14:
 2152 05fa 75696E74 		.ascii	"uint8_t\000"
 2152      385F7400 
 2153              	.LASF81:
 2154 0602 73697A65 		.ascii	"sizetype\000"
 2154      74797065 
 2154      00
 2155              	.LASF99:
 2156 060b 63685F6D 		.ascii	"ch_mutex\000"
 2156      75746578 
 2156      00
 2157              	.LASF35:
 2158 0614 705F6E61 		.ascii	"p_name\000"
 2158      6D6500
 2159              	.LASF48:
 2160 061b 74687265 		.ascii	"threads_list_t\000"
 2160      6164735F 
 2160      6C697374 
 2160      5F7400
 2161              	.LASF106:
 2162 062a 63685379 		.ascii	"chSysUnlock\000"
 2162      73556E6C 
 2162      6F636B00 
 2163              	.LASF42:
 2164 0636 705F6D73 		.ascii	"p_msg\000"
 2164      6700
 2165              	.LASF101:
 2166 063c 6D5F6F77 		.ascii	"m_owner\000"
 2166      6E657200 
 2167              	.LASF32:
 2168 0644 705F6374 		.ascii	"p_ctx\000"
 2168      7800
 2169              	.LASF40:
 2170 064a 705F7761 		.ascii	"p_waiting\000"
 2170      6974696E 
 2170      6700
 2171              		.ident	"GCC: (GNU Tools for ARM Embedded Processors) 4.8.4 20140526 (release) [ARM/embedded-4_8-br
ARM GAS  /tmp/ccYagMuE.s 			page 44


DEFINED SYMBOLS
                            *ABS*:00000000 chmemcore.c
     /tmp/ccYagMuE.s:18     .text:00000000 $t
     /tmp/ccYagMuE.s:23     .text:00000000 port_lock
     /tmp/ccYagMuE.s:58     .text:00000010 port_unlock
     /tmp/ccYagMuE.s:91     .text:00000020 chSysLock
     /tmp/ccYagMuE.s:114    .text:00000030 chSysUnlock
     /tmp/ccYagMuE.s:132    .bss:00000000 $d
     /tmp/ccYagMuE.s:133    .bss:00000000 nextmem
     /tmp/ccYagMuE.s:136    .bss:00000004 endmem
     /tmp/ccYagMuE.s:145    .text:00000040 _core_init
     /tmp/ccYagMuE.s:171    .text:0000005c $d
     /tmp/ccYagMuE.s:178    .text:0000006c $t
     /tmp/ccYagMuE.s:184    .text:00000070 chCoreAlloc
     /tmp/ccYagMuE.s:220    .text:00000090 chCoreAllocI
     /tmp/ccYagMuE.s:272    .text:000000d0 $d
     /tmp/ccYagMuE.s:277    .text:000000d8 $t
     /tmp/ccYagMuE.s:283    .text:000000e0 chCoreGetStatusX
     /tmp/ccYagMuE.s:303    .text:000000f0 $d
                     .debug_frame:00000010 $d
     /tmp/ccYagMuE.s:320    .text:000000f8 $t

UNDEFINED SYMBOLS
__heap_base__
__heap_end__
