ARM GAS  /tmp/ccPglVLE.s 			page 1


   1              		.syntax unified
   2              		.cpu cortex-m4
   3              		.fpu softvfp
   4              		.eabi_attribute 20, 1
   5              		.eabi_attribute 21, 1
   6              		.eabi_attribute 23, 3
   7              		.eabi_attribute 24, 1
   8              		.eabi_attribute 25, 1
   9              		.eabi_attribute 26, 1
  10              		.eabi_attribute 30, 6
  11              		.eabi_attribute 34, 1
  12              		.eabi_attribute 18, 4
  13              		.thumb
  14              		.file	"chtm.c"
  15              		.text
  16              	.Ltext0:
  17              		.cfi_sections	.debug_frame
  18              		.align	2
  19              		.p2align 4,,15
  20              		.thumb
  21              		.thumb_func
  22              		.type	port_rt_get_counter_value, %function
  23              	port_rt_get_counter_value:
  24              	.LFB137:
  25              		.file 1 "../../../../../../ChibiOS/os/rt/ports/ARMCMx/chcore_v7m.h"
  26              		.loc 1 568 0
  27              		.cfi_startproc
  28              		@ args = 0, pretend = 0, frame = 0
  29              		@ frame_needed = 0, uses_anonymous_args = 0
  30              		@ link register save eliminated.
  31              		.loc 1 570 0
  32 0000 014B     		ldr	r3, .L3
  33 0002 5B68     		ldr	r3, [r3, #4]
  34              		.loc 1 571 0
  35 0004 1846     		mov	r0, r3
  36 0006 7047     		bx	lr
  37              	.L4:
  38              		.align	2
  39              	.L3:
  40 0008 001000E0 		.word	-536866816
  41              		.cfi_endproc
  42              	.LFE137:
  43              		.size	port_rt_get_counter_value, .-port_rt_get_counter_value
  44              		.align	2
  45 000c AFF30080 		.p2align 4,,15
  46              		.thumb
  47              		.thumb_func
  48              		.type	tm_stop, %function
  49              	tm_stop:
  50              	.LFB232:
  51              		.file 2 "../../../../../../ChibiOS/os/rt/src/chtm.c"
  52              		.loc 2 55 0
  53              		.cfi_startproc
  54              		@ args = 0, pretend = 0, frame = 16
  55              		@ frame_needed = 0, uses_anonymous_args = 0
  56              		@ link register save eliminated.
  57 0010 84B0     		sub	sp, sp, #16
ARM GAS  /tmp/ccPglVLE.s 			page 2


  58              		.cfi_def_cfa_offset 16
  59 0012 0390     		str	r0, [sp, #12]
  60 0014 0291     		str	r1, [sp, #8]
  61 0016 0192     		str	r2, [sp, #4]
  62              		.loc 2 57 0
  63 0018 039B     		ldr	r3, [sp, #12]
  64 001a DB68     		ldr	r3, [r3, #12]
  65 001c 5A1C     		adds	r2, r3, #1
  66 001e 039B     		ldr	r3, [sp, #12]
  67 0020 DA60     		str	r2, [r3, #12]
  68              		.loc 2 58 0
  69 0022 039B     		ldr	r3, [sp, #12]
  70 0024 9B68     		ldr	r3, [r3, #8]
  71 0026 029A     		ldr	r2, [sp, #8]
  72 0028 D21A     		subs	r2, r2, r3
  73 002a 019B     		ldr	r3, [sp, #4]
  74 002c D21A     		subs	r2, r2, r3
  75 002e 039B     		ldr	r3, [sp, #12]
  76 0030 9A60     		str	r2, [r3, #8]
  77              		.loc 2 59 0
  78 0032 039B     		ldr	r3, [sp, #12]
  79 0034 D3E90401 		ldrd	r0, [r3, #16]
  80 0038 039B     		ldr	r3, [sp, #12]
  81 003a 9B68     		ldr	r3, [r3, #8]
  82 003c 1A46     		mov	r2, r3
  83 003e 4FF00003 		mov	r3, #0
  84 0042 1218     		adds	r2, r2, r0
  85 0044 43EB0103 		adc	r3, r3, r1
  86 0048 0399     		ldr	r1, [sp, #12]
  87 004a C1E90423 		strd	r2, [r1, #16]
  88              		.loc 2 60 0
  89 004e 039B     		ldr	r3, [sp, #12]
  90 0050 9A68     		ldr	r2, [r3, #8]
  91 0052 039B     		ldr	r3, [sp, #12]
  92 0054 5B68     		ldr	r3, [r3, #4]
  93 0056 9A42     		cmp	r2, r3
  94 0058 03D9     		bls	.L6
  95              		.loc 2 61 0
  96 005a 039B     		ldr	r3, [sp, #12]
  97 005c 9A68     		ldr	r2, [r3, #8]
  98 005e 039B     		ldr	r3, [sp, #12]
  99 0060 5A60     		str	r2, [r3, #4]
 100              	.L6:
 101              		.loc 2 63 0
 102 0062 039B     		ldr	r3, [sp, #12]
 103 0064 9A68     		ldr	r2, [r3, #8]
 104 0066 039B     		ldr	r3, [sp, #12]
 105 0068 1B68     		ldr	r3, [r3]
 106 006a 9A42     		cmp	r2, r3
 107 006c 03D2     		bcs	.L5
 108              		.loc 2 64 0
 109 006e 039B     		ldr	r3, [sp, #12]
 110 0070 9A68     		ldr	r2, [r3, #8]
 111 0072 039B     		ldr	r3, [sp, #12]
 112 0074 1A60     		str	r2, [r3]
 113              	.L5:
 114              		.loc 2 66 0
ARM GAS  /tmp/ccPglVLE.s 			page 3


 115 0076 04B0     		add	sp, sp, #16
 116              		@ sp needed
 117 0078 7047     		bx	lr
 118              		.cfi_endproc
 119              	.LFE232:
 120              		.size	tm_stop, .-tm_stop
 121 007a 00BF     		.align	2
 122 007c AFF30080 		.p2align 4,,15
 123              		.global	_tm_init
 124              		.thumb
 125              		.thumb_func
 126              		.type	_tm_init, %function
 127              	_tm_init:
 128              	.LFB233:
 129              		.loc 2 77 0
 130              		.cfi_startproc
 131              		@ args = 0, pretend = 0, frame = 24
 132              		@ frame_needed = 0, uses_anonymous_args = 0
 133 0080 00B5     		push	{lr}
 134              		.cfi_def_cfa_offset 4
 135              		.cfi_offset 14, -4
 136 0082 87B0     		sub	sp, sp, #28
 137              		.cfi_def_cfa_offset 32
 138              		.loc 2 83 0
 139 0084 0A4B     		ldr	r3, .L9
 140 0086 0022     		movs	r2, #0
 141 0088 5A67     		str	r2, [r3, #116]
 142              		.loc 2 84 0
 143 008a 6B46     		mov	r3, sp
 144 008c 1846     		mov	r0, r3
 145 008e FFF7FEFF 		bl	chTMObjectInit
 146              		.loc 2 85 0
 147 0092 6B46     		mov	r3, sp
 148 0094 1846     		mov	r0, r3
 149 0096 FFF7FEFF 		bl	chTMStartMeasurementX
 150              		.loc 2 86 0
 151 009a 6B46     		mov	r3, sp
 152 009c 1846     		mov	r0, r3
 153 009e FFF7FEFF 		bl	chTMStopMeasurementX
 154              		.loc 2 87 0
 155 00a2 029A     		ldr	r2, [sp, #8]
 156 00a4 024B     		ldr	r3, .L9
 157 00a6 5A67     		str	r2, [r3, #116]
 158              		.loc 2 88 0
 159 00a8 07B0     		add	sp, sp, #28
 160              		@ sp needed
 161 00aa 5DF804FB 		ldr	pc, [sp], #4
 162              	.L10:
 163 00ae 00BF     		.align	2
 164              	.L9:
 165 00b0 00000000 		.word	ch
 166              		.cfi_endproc
 167              	.LFE233:
 168              		.size	_tm_init, .-_tm_init
 169              		.align	2
 170 00b4 AFF30080 		.p2align 4,,15
 170      AFF30080 
ARM GAS  /tmp/ccPglVLE.s 			page 4


 170      AFF30080 
 171              		.global	chTMObjectInit
 172              		.thumb
 173              		.thumb_func
 174              		.type	chTMObjectInit, %function
 175              	chTMObjectInit:
 176              	.LFB234:
 177              		.loc 2 97 0
 178              		.cfi_startproc
 179              		@ args = 0, pretend = 0, frame = 8
 180              		@ frame_needed = 0, uses_anonymous_args = 0
 181              		@ link register save eliminated.
 182 00c0 82B0     		sub	sp, sp, #8
 183              		.cfi_def_cfa_offset 8
 184 00c2 0190     		str	r0, [sp, #4]
 185              		.loc 2 99 0
 186 00c4 019B     		ldr	r3, [sp, #4]
 187 00c6 4FF0FF32 		mov	r2, #-1
 188 00ca 1A60     		str	r2, [r3]
 189              		.loc 2 100 0
 190 00cc 019B     		ldr	r3, [sp, #4]
 191 00ce 0022     		movs	r2, #0
 192 00d0 5A60     		str	r2, [r3, #4]
 193              		.loc 2 101 0
 194 00d2 019B     		ldr	r3, [sp, #4]
 195 00d4 0022     		movs	r2, #0
 196 00d6 9A60     		str	r2, [r3, #8]
 197              		.loc 2 102 0
 198 00d8 019B     		ldr	r3, [sp, #4]
 199 00da 0022     		movs	r2, #0
 200 00dc DA60     		str	r2, [r3, #12]
 201              		.loc 2 103 0
 202 00de 0199     		ldr	r1, [sp, #4]
 203 00e0 4FF00002 		mov	r2, #0
 204 00e4 4FF00003 		mov	r3, #0
 205 00e8 C1E90423 		strd	r2, [r1, #16]
 206              		.loc 2 104 0
 207 00ec 02B0     		add	sp, sp, #8
 208              		@ sp needed
 209 00ee 7047     		bx	lr
 210              		.cfi_endproc
 211              	.LFE234:
 212              		.size	chTMObjectInit, .-chTMObjectInit
 213              		.align	2
 214              		.p2align 4,,15
 215              		.global	chTMStartMeasurementX
 216              		.thumb
 217              		.thumb_func
 218              		.type	chTMStartMeasurementX, %function
 219              	chTMStartMeasurementX:
 220              	.LFB235:
 221              		.loc 2 114 0
 222              		.cfi_startproc
 223              		@ args = 0, pretend = 0, frame = 8
 224              		@ frame_needed = 0, uses_anonymous_args = 0
 225 00f0 00B5     		push	{lr}
 226              		.cfi_def_cfa_offset 4
ARM GAS  /tmp/ccPglVLE.s 			page 5


 227              		.cfi_offset 14, -4
 228 00f2 83B0     		sub	sp, sp, #12
 229              		.cfi_def_cfa_offset 16
 230 00f4 0190     		str	r0, [sp, #4]
 231              		.loc 2 116 0
 232 00f6 FFF783FF 		bl	port_rt_get_counter_value
 233 00fa 0246     		mov	r2, r0
 234 00fc 019B     		ldr	r3, [sp, #4]
 235 00fe 9A60     		str	r2, [r3, #8]
 236              		.loc 2 117 0
 237 0100 03B0     		add	sp, sp, #12
 238              		@ sp needed
 239 0102 5DF804FB 		ldr	pc, [sp], #4
 240              		.cfi_endproc
 241              	.LFE235:
 242              		.size	chTMStartMeasurementX, .-chTMStartMeasurementX
 243 0106 00BF     		.align	2
 244 0108 AFF30080 		.p2align 4,,15
 244      AFF30080 
 245              		.global	chTMStopMeasurementX
 246              		.thumb
 247              		.thumb_func
 248              		.type	chTMStopMeasurementX, %function
 249              	chTMStopMeasurementX:
 250              	.LFB236:
 251              		.loc 2 127 0
 252              		.cfi_startproc
 253              		@ args = 0, pretend = 0, frame = 8
 254              		@ frame_needed = 0, uses_anonymous_args = 0
 255 0110 00B5     		push	{lr}
 256              		.cfi_def_cfa_offset 4
 257              		.cfi_offset 14, -4
 258 0112 83B0     		sub	sp, sp, #12
 259              		.cfi_def_cfa_offset 16
 260 0114 0190     		str	r0, [sp, #4]
 261              		.loc 2 129 0
 262 0116 FFF773FF 		bl	port_rt_get_counter_value
 263 011a 0246     		mov	r2, r0
 264 011c 044B     		ldr	r3, .L14
 265 011e 5B6F     		ldr	r3, [r3, #116]
 266 0120 0198     		ldr	r0, [sp, #4]
 267 0122 1146     		mov	r1, r2
 268 0124 1A46     		mov	r2, r3
 269 0126 FFF773FF 		bl	tm_stop
 270              		.loc 2 130 0
 271 012a 03B0     		add	sp, sp, #12
 272              		@ sp needed
 273 012c 5DF804FB 		ldr	pc, [sp], #4
 274              	.L15:
 275              		.align	2
 276              	.L14:
 277 0130 00000000 		.word	ch
 278              		.cfi_endproc
 279              	.LFE236:
 280              		.size	chTMStopMeasurementX, .-chTMStopMeasurementX
 281              		.align	2
 282 0134 AFF30080 		.p2align 4,,15
ARM GAS  /tmp/ccPglVLE.s 			page 6


 282      AFF30080 
 282      AFF30080 
 283              		.global	chTMChainMeasurementToX
 284              		.thumb
 285              		.thumb_func
 286              		.type	chTMChainMeasurementToX, %function
 287              	chTMChainMeasurementToX:
 288              	.LFB237:
 289              		.loc 2 145 0
 290              		.cfi_startproc
 291              		@ args = 0, pretend = 0, frame = 8
 292              		@ frame_needed = 0, uses_anonymous_args = 0
 293 0140 00B5     		push	{lr}
 294              		.cfi_def_cfa_offset 4
 295              		.cfi_offset 14, -4
 296 0142 83B0     		sub	sp, sp, #12
 297              		.cfi_def_cfa_offset 16
 298 0144 0190     		str	r0, [sp, #4]
 299 0146 0091     		str	r1, [sp]
 300              		.loc 2 148 0
 301 0148 FFF75AFF 		bl	port_rt_get_counter_value
 302 014c 0246     		mov	r2, r0
 303 014e 009B     		ldr	r3, [sp]
 304 0150 9A60     		str	r2, [r3, #8]
 305              		.loc 2 151 0
 306 0152 009B     		ldr	r3, [sp]
 307 0154 9B68     		ldr	r3, [r3, #8]
 308 0156 0198     		ldr	r0, [sp, #4]
 309 0158 1946     		mov	r1, r3
 310 015a 0022     		movs	r2, #0
 311 015c FFF758FF 		bl	tm_stop
 312              		.loc 2 152 0
 313 0160 03B0     		add	sp, sp, #12
 314              		@ sp needed
 315 0162 5DF804FB 		ldr	pc, [sp], #4
 316              		.cfi_endproc
 317              	.LFE237:
 318              		.size	chTMChainMeasurementToX, .-chTMChainMeasurementToX
 319              	.Letext0:
 320              		.file 3 "/nfs/nfs5/home/research/hardware/arm2/gcc-arm-embedded/gcc-arm-none-eabi-4_8-2014q2/arm-n
 321              		.file 4 "/nfs/nfs5/home/research/hardware/arm2/gcc-arm-embedded/gcc-arm-none-eabi-4_8-2014q2/arm-n
 322              		.file 5 "../../../../../../ChibiOS/os/rt/ports/ARMCMx/compilers/GCC/chtypes.h"
 323              		.file 6 "../../../../../../ChibiOS/os/rt/include/chsystypes.h"
 324              		.file 7 "../../../../../../ChibiOS/os/rt/include/chschd.h"
 325              		.file 8 "../../../../../../ChibiOS/os/ext/CMSIS/include/core_cm4.h"
 326              		.file 9 "../../../../../../ChibiOS/os/rt/ports/ARMCMx/chcore.h"
 327              		.file 10 "../../../../../../ChibiOS/os/rt/include/chtm.h"
 328              		.file 11 "../../../../../../ChibiOS/os/rt/include/chsem.h"
 329              		.file 12 "../../../../../../ChibiOS/os/rt/include/chmtx.h"
 330 0166 00BFAFF3 		.section	.debug_info,"",%progbits
 330      0080AFF3 
 330      0080
 331              	.Ldebug_info0:
 332 0000 27090000 		.4byte	0x927
 333 0004 0400     		.2byte	0x4
 334 0006 00000000 		.4byte	.Ldebug_abbrev0
 335 000a 04       		.byte	0x4
ARM GAS  /tmp/ccPglVLE.s 			page 7


 336 000b 01       		.uleb128 0x1
 337 000c F0050000 		.4byte	.LASF142
 338 0010 01       		.byte	0x1
 339 0011 32030000 		.4byte	.LASF143
 340 0015 95010000 		.4byte	.LASF144
 341 0019 00000000 		.4byte	.Ltext0
 342 001d 66010000 		.4byte	.Letext0-.Ltext0
 343 0021 00000000 		.4byte	.Ldebug_line0
 344 0025 02       		.uleb128 0x2
 345 0026 04       		.byte	0x4
 346 0027 05       		.byte	0x5
 347 0028 696E7400 		.ascii	"int\000"
 348 002c 03       		.uleb128 0x3
 349 002d 04       		.byte	0x4
 350 002e 07       		.byte	0x7
 351 002f 54020000 		.4byte	.LASF0
 352 0033 03       		.uleb128 0x3
 353 0034 01       		.byte	0x1
 354 0035 06       		.byte	0x6
 355 0036 E8000000 		.4byte	.LASF1
 356 003a 04       		.uleb128 0x4
 357 003b 2C000000 		.4byte	.LASF5
 358 003f 03       		.byte	0x3
 359 0040 1C       		.byte	0x1c
 360 0041 45000000 		.4byte	0x45
 361 0045 03       		.uleb128 0x3
 362 0046 01       		.byte	0x1
 363 0047 08       		.byte	0x8
 364 0048 63040000 		.4byte	.LASF2
 365 004c 03       		.uleb128 0x3
 366 004d 02       		.byte	0x2
 367 004e 05       		.byte	0x5
 368 004f 99040000 		.4byte	.LASF3
 369 0053 03       		.uleb128 0x3
 370 0054 02       		.byte	0x2
 371 0055 07       		.byte	0x7
 372 0056 9A020000 		.4byte	.LASF4
 373 005a 04       		.uleb128 0x4
 374 005b FE020000 		.4byte	.LASF6
 375 005f 03       		.byte	0x3
 376 0060 37       		.byte	0x37
 377 0061 65000000 		.4byte	0x65
 378 0065 03       		.uleb128 0x3
 379 0066 04       		.byte	0x4
 380 0067 05       		.byte	0x5
 381 0068 47010000 		.4byte	.LASF7
 382 006c 04       		.uleb128 0x4
 383 006d 81050000 		.4byte	.LASF8
 384 0071 03       		.byte	0x3
 385 0072 38       		.byte	0x38
 386 0073 77000000 		.4byte	0x77
 387 0077 03       		.uleb128 0x3
 388 0078 04       		.byte	0x4
 389 0079 07       		.byte	0x7
 390 007a 37050000 		.4byte	.LASF9
 391 007e 03       		.uleb128 0x3
 392 007f 08       		.byte	0x8
ARM GAS  /tmp/ccPglVLE.s 			page 8


 393 0080 05       		.byte	0x5
 394 0081 DA000000 		.4byte	.LASF10
 395 0085 04       		.uleb128 0x4
 396 0086 EF030000 		.4byte	.LASF11
 397 008a 03       		.byte	0x3
 398 008b 4E       		.byte	0x4e
 399 008c 90000000 		.4byte	0x90
 400 0090 03       		.uleb128 0x3
 401 0091 08       		.byte	0x8
 402 0092 07       		.byte	0x7
 403 0093 62000000 		.4byte	.LASF12
 404 0097 04       		.uleb128 0x4
 405 0098 E8050000 		.4byte	.LASF13
 406 009c 04       		.byte	0x4
 407 009d 2A       		.byte	0x2a
 408 009e 3A000000 		.4byte	0x3a
 409 00a2 04       		.uleb128 0x4
 410 00a3 5B040000 		.4byte	.LASF14
 411 00a7 04       		.byte	0x4
 412 00a8 41       		.byte	0x41
 413 00a9 5A000000 		.4byte	0x5a
 414 00ad 04       		.uleb128 0x4
 415 00ae 04050000 		.4byte	.LASF15
 416 00b2 04       		.byte	0x4
 417 00b3 42       		.byte	0x42
 418 00b4 6C000000 		.4byte	0x6c
 419 00b8 04       		.uleb128 0x4
 420 00b9 23000000 		.4byte	.LASF16
 421 00bd 04       		.byte	0x4
 422 00be 4E       		.byte	0x4e
 423 00bf 85000000 		.4byte	0x85
 424 00c3 04       		.uleb128 0x4
 425 00c4 5D030000 		.4byte	.LASF17
 426 00c8 05       		.byte	0x5
 427 00c9 39       		.byte	0x39
 428 00ca AD000000 		.4byte	0xad
 429 00ce 04       		.uleb128 0x4
 430 00cf 00000000 		.4byte	.LASF18
 431 00d3 05       		.byte	0x5
 432 00d4 3A       		.byte	0x3a
 433 00d5 B8000000 		.4byte	0xb8
 434 00d9 04       		.uleb128 0x4
 435 00da DC020000 		.4byte	.LASF19
 436 00de 05       		.byte	0x5
 437 00df 3C       		.byte	0x3c
 438 00e0 97000000 		.4byte	0x97
 439 00e4 04       		.uleb128 0x4
 440 00e5 50010000 		.4byte	.LASF20
 441 00e9 05       		.byte	0x5
 442 00ea 3D       		.byte	0x3d
 443 00eb 97000000 		.4byte	0x97
 444 00ef 04       		.uleb128 0x4
 445 00f0 05040000 		.4byte	.LASF21
 446 00f4 05       		.byte	0x5
 447 00f5 3E       		.byte	0x3e
 448 00f6 97000000 		.4byte	0x97
 449 00fa 04       		.uleb128 0x4
ARM GAS  /tmp/ccPglVLE.s 			page 9


 450 00fb 12010000 		.4byte	.LASF22
 451 00ff 05       		.byte	0x5
 452 0100 3F       		.byte	0x3f
 453 0101 97000000 		.4byte	0x97
 454 0105 04       		.uleb128 0x4
 455 0106 42040000 		.4byte	.LASF23
 456 010a 05       		.byte	0x5
 457 010b 40       		.byte	0x40
 458 010c AD000000 		.4byte	0xad
 459 0110 04       		.uleb128 0x4
 460 0111 BE020000 		.4byte	.LASF24
 461 0115 05       		.byte	0x5
 462 0116 41       		.byte	0x41
 463 0117 A2000000 		.4byte	0xa2
 464 011b 04       		.uleb128 0x4
 465 011c F2020000 		.4byte	.LASF25
 466 0120 05       		.byte	0x5
 467 0121 43       		.byte	0x43
 468 0122 AD000000 		.4byte	0xad
 469 0126 04       		.uleb128 0x4
 470 0127 4E020000 		.4byte	.LASF26
 471 012b 05       		.byte	0x5
 472 012c 45       		.byte	0x45
 473 012d A2000000 		.4byte	0xa2
 474 0131 04       		.uleb128 0x4
 475 0132 C9020000 		.4byte	.LASF27
 476 0136 05       		.byte	0x5
 477 0137 46       		.byte	0x46
 478 0138 AD000000 		.4byte	0xad
 479 013c 04       		.uleb128 0x4
 480 013d 63050000 		.4byte	.LASF28
 481 0141 06       		.byte	0x6
 482 0142 33       		.byte	0x33
 483 0143 AD000000 		.4byte	0xad
 484 0147 04       		.uleb128 0x4
 485 0148 4E050000 		.4byte	.LASF29
 486 014c 06       		.byte	0x6
 487 014d 3F       		.byte	0x3f
 488 014e 52010000 		.4byte	0x152
 489 0152 05       		.uleb128 0x5
 490 0153 AD020000 		.4byte	.LASF50
 491 0157 44       		.byte	0x44
 492 0158 07       		.byte	0x7
 493 0159 C2       		.byte	0xc2
 494 015a 4B020000 		.4byte	0x24b
 495 015e 06       		.uleb128 0x6
 496 015f C3040000 		.4byte	.LASF30
 497 0163 07       		.byte	0x7
 498 0164 C3       		.byte	0xc3
 499 0165 56020000 		.4byte	0x256
 500 0169 00       		.byte	0
 501 016a 06       		.uleb128 0x6
 502 016b 3B040000 		.4byte	.LASF31
 503 016f 07       		.byte	0x7
 504 0170 C5       		.byte	0xc5
 505 0171 56020000 		.4byte	0x256
 506 0175 04       		.byte	0x4
ARM GAS  /tmp/ccPglVLE.s 			page 10


 507 0176 06       		.uleb128 0x6
 508 0177 C9000000 		.4byte	.LASF32
 509 017b 07       		.byte	0x7
 510 017c C7       		.byte	0xc7
 511 017d 05010000 		.4byte	0x105
 512 0181 08       		.byte	0x8
 513 0182 06       		.uleb128 0x6
 514 0183 C5030000 		.4byte	.LASF33
 515 0187 07       		.byte	0x7
 516 0188 C8       		.byte	0xc8
 517 0189 F3050000 		.4byte	0x5f3
 518 018d 0C       		.byte	0xc
 519 018e 06       		.uleb128 0x6
 520 018f 6C010000 		.4byte	.LASF34
 521 0193 07       		.byte	0x7
 522 0194 CA       		.byte	0xca
 523 0195 56020000 		.4byte	0x256
 524 0199 10       		.byte	0x10
 525 019a 06       		.uleb128 0x6
 526 019b B7030000 		.4byte	.LASF35
 527 019f 07       		.byte	0x7
 528 01a0 CB       		.byte	0xcb
 529 01a1 56020000 		.4byte	0x256
 530 01a5 14       		.byte	0x14
 531 01a6 06       		.uleb128 0x6
 532 01a7 BD060000 		.4byte	.LASF36
 533 01ab 07       		.byte	0x7
 534 01ac D2       		.byte	0xd2
 535 01ad D2050000 		.4byte	0x5d2
 536 01b1 18       		.byte	0x18
 537 01b2 06       		.uleb128 0x6
 538 01b3 A3040000 		.4byte	.LASF37
 539 01b7 07       		.byte	0x7
 540 01b8 DD       		.byte	0xdd
 541 01b9 E4000000 		.4byte	0xe4
 542 01bd 1C       		.byte	0x1c
 543 01be 06       		.uleb128 0x6
 544 01bf ED060000 		.4byte	.LASF38
 545 01c3 07       		.byte	0x7
 546 01c4 E1       		.byte	0xe1
 547 01c5 D9000000 		.4byte	0xd9
 548 01c9 1D       		.byte	0x1d
 549 01ca 06       		.uleb128 0x6
 550 01cb DB050000 		.4byte	.LASF39
 551 01cf 07       		.byte	0x7
 552 01d0 E6       		.byte	0xe6
 553 01d1 EF000000 		.4byte	0xef
 554 01d5 1E       		.byte	0x1e
 555 01d6 06       		.uleb128 0x6
 556 01d7 AB040000 		.4byte	.LASF40
 557 01db 07       		.byte	0x7
 558 01dc EC       		.byte	0xec
 559 01dd FA000000 		.4byte	0xfa
 560 01e1 1F       		.byte	0x1f
 561 01e2 07       		.uleb128 0x7
 562 01e3 705F7500 		.ascii	"p_u\000"
 563 01e7 07       		.byte	0x7
ARM GAS  /tmp/ccPglVLE.s 			page 11


 564 01e8 3101     		.2byte	0x131
 565 01ea FB060000 		.4byte	0x6fb
 566 01ee 20       		.byte	0x20
 567 01ef 08       		.uleb128 0x8
 568 01f0 03070000 		.4byte	.LASF41
 569 01f4 07       		.byte	0x7
 570 01f5 3601     		.2byte	0x136
 571 01f7 5C020000 		.4byte	0x25c
 572 01fb 24       		.byte	0x24
 573 01fc 08       		.uleb128 0x8
 574 01fd AE050000 		.4byte	.LASF42
 575 0201 07       		.byte	0x7
 576 0202 3C01     		.2byte	0x13c
 577 0204 80020000 		.4byte	0x280
 578 0208 28       		.byte	0x28
 579 0209 08       		.uleb128 0x8
 580 020a F5060000 		.4byte	.LASF43
 581 020e 07       		.byte	0x7
 582 020f 4001     		.2byte	0x140
 583 0211 10010000 		.4byte	0x110
 584 0215 30       		.byte	0x30
 585 0216 08       		.uleb128 0x8
 586 0217 F2040000 		.4byte	.LASF44
 587 021b 07       		.byte	0x7
 588 021c 4601     		.2byte	0x146
 589 021e 1B010000 		.4byte	0x11b
 590 0222 34       		.byte	0x34
 591 0223 08       		.uleb128 0x8
 592 0224 59010000 		.4byte	.LASF45
 593 0228 07       		.byte	0x7
 594 0229 4D01     		.2byte	0x14d
 595 022b BA070000 		.4byte	0x7ba
 596 022f 38       		.byte	0x38
 597 0230 08       		.uleb128 0x8
 598 0231 6D050000 		.4byte	.LASF46
 599 0235 07       		.byte	0x7
 600 0236 5101     		.2byte	0x151
 601 0238 05010000 		.4byte	0x105
 602 023c 3C       		.byte	0x3c
 603 023d 08       		.uleb128 0x8
 604 023e F4000000 		.4byte	.LASF47
 605 0242 07       		.byte	0x7
 606 0243 5801     		.2byte	0x158
 607 0245 33030000 		.4byte	0x333
 608 0249 40       		.byte	0x40
 609 024a 00       		.byte	0
 610 024b 04       		.uleb128 0x4
 611 024c 65030000 		.4byte	.LASF48
 612 0250 06       		.byte	0x6
 613 0251 44       		.byte	0x44
 614 0252 56020000 		.4byte	0x256
 615 0256 09       		.uleb128 0x9
 616 0257 04       		.byte	0x4
 617 0258 47010000 		.4byte	0x147
 618 025c 04       		.uleb128 0x4
 619 025d C4060000 		.4byte	.LASF49
 620 0261 06       		.byte	0x6
ARM GAS  /tmp/ccPglVLE.s 			page 12


 621 0262 49       		.byte	0x49
 622 0263 67020000 		.4byte	0x267
 623 0267 05       		.uleb128 0x5
 624 0268 27050000 		.4byte	.LASF51
 625 026c 04       		.byte	0x4
 626 026d 07       		.byte	0x7
 627 026e B0       		.byte	0xb0
 628 026f 80020000 		.4byte	0x280
 629 0273 06       		.uleb128 0x6
 630 0274 C3040000 		.4byte	.LASF30
 631 0278 07       		.byte	0x7
 632 0279 B1       		.byte	0xb1
 633 027a 56020000 		.4byte	0x256
 634 027e 00       		.byte	0
 635 027f 00       		.byte	0
 636 0280 04       		.uleb128 0x4
 637 0281 CB050000 		.4byte	.LASF52
 638 0285 06       		.byte	0x6
 639 0286 50       		.byte	0x50
 640 0287 8B020000 		.4byte	0x28b
 641 028b 05       		.uleb128 0x5
 642 028c B8000000 		.4byte	.LASF53
 643 0290 08       		.byte	0x8
 644 0291 07       		.byte	0x7
 645 0292 B7       		.byte	0xb7
 646 0293 B0020000 		.4byte	0x2b0
 647 0297 06       		.uleb128 0x6
 648 0298 C3040000 		.4byte	.LASF30
 649 029c 07       		.byte	0x7
 650 029d B8       		.byte	0xb8
 651 029e 56020000 		.4byte	0x256
 652 02a2 00       		.byte	0
 653 02a3 06       		.uleb128 0x6
 654 02a4 3B040000 		.4byte	.LASF31
 655 02a8 07       		.byte	0x7
 656 02a9 B9       		.byte	0xb9
 657 02aa 56020000 		.4byte	0x256
 658 02ae 04       		.byte	0x4
 659 02af 00       		.byte	0
 660 02b0 04       		.uleb128 0x4
 661 02b1 09000000 		.4byte	.LASF54
 662 02b5 06       		.byte	0x6
 663 02b6 57       		.byte	0x57
 664 02b7 BB020000 		.4byte	0x2bb
 665 02bb 0A       		.uleb128 0xa
 666 02bc E4020000 		.4byte	.LASF55
 667 02c0 1C       		.byte	0x1c
 668 02c1 07       		.byte	0x7
 669 02c2 9001     		.2byte	0x190
 670 02c4 17030000 		.4byte	0x317
 671 02c8 08       		.uleb128 0x8
 672 02c9 14050000 		.4byte	.LASF56
 673 02cd 07       		.byte	0x7
 674 02ce 9101     		.2byte	0x191
 675 02d0 80020000 		.4byte	0x280
 676 02d4 00       		.byte	0
 677 02d5 08       		.uleb128 0x8
ARM GAS  /tmp/ccPglVLE.s 			page 13


 678 02d6 B5040000 		.4byte	.LASF57
 679 02da 07       		.byte	0x7
 680 02db 9201     		.2byte	0x192
 681 02dd 05010000 		.4byte	0x105
 682 02e1 08       		.byte	0x8
 683 02e2 08       		.uleb128 0x8
 684 02e3 BF030000 		.4byte	.LASF58
 685 02e7 07       		.byte	0x7
 686 02e8 9401     		.2byte	0x194
 687 02ea F3050000 		.4byte	0x5f3
 688 02ee 0C       		.byte	0xc
 689 02ef 08       		.uleb128 0x8
 690 02f0 7C010000 		.4byte	.LASF59
 691 02f4 07       		.byte	0x7
 692 02f5 9701     		.2byte	0x197
 693 02f7 56020000 		.4byte	0x256
 694 02fb 10       		.byte	0x10
 695 02fc 08       		.uleb128 0x8
 696 02fd E7030000 		.4byte	.LASF60
 697 0301 07       		.byte	0x7
 698 0302 9801     		.2byte	0x198
 699 0304 56020000 		.4byte	0x256
 700 0308 14       		.byte	0x14
 701 0309 08       		.uleb128 0x8
 702 030a DD030000 		.4byte	.LASF61
 703 030e 07       		.byte	0x7
 704 030f 9B01     		.2byte	0x19b
 705 0311 56020000 		.4byte	0x256
 706 0315 18       		.byte	0x18
 707 0316 00       		.byte	0
 708 0317 04       		.uleb128 0x4
 709 0318 78050000 		.4byte	.LASF62
 710 031c 06       		.byte	0x6
 711 031d 5C       		.byte	0x5c
 712 031e 22030000 		.4byte	0x322
 713 0322 09       		.uleb128 0x9
 714 0323 04       		.byte	0x4
 715 0324 28030000 		.4byte	0x328
 716 0328 0B       		.uleb128 0xb
 717 0329 33030000 		.4byte	0x333
 718 032d 0C       		.uleb128 0xc
 719 032e 33030000 		.4byte	0x333
 720 0332 00       		.byte	0
 721 0333 0D       		.uleb128 0xd
 722 0334 04       		.byte	0x4
 723 0335 04       		.uleb128 0x4
 724 0336 2B040000 		.4byte	.LASF63
 725 033a 06       		.byte	0x6
 726 033b 61       		.byte	0x61
 727 033c 40030000 		.4byte	0x340
 728 0340 0A       		.uleb128 0xa
 729 0341 D4040000 		.4byte	.LASF64
 730 0345 14       		.byte	0x14
 731 0346 07       		.byte	0x7
 732 0347 6B01     		.2byte	0x16b
 733 0349 8F030000 		.4byte	0x38f
 734 034d 08       		.uleb128 0x8
ARM GAS  /tmp/ccPglVLE.s 			page 14


 735 034e 8C020000 		.4byte	.LASF65
 736 0352 07       		.byte	0x7
 737 0353 6C01     		.2byte	0x16c
 738 0355 C0070000 		.4byte	0x7c0
 739 0359 00       		.byte	0
 740 035a 08       		.uleb128 0x8
 741 035b 8D010000 		.4byte	.LASF66
 742 035f 07       		.byte	0x7
 743 0360 6D01     		.2byte	0x16d
 744 0362 C0070000 		.4byte	0x7c0
 745 0366 04       		.byte	0x4
 746 0367 08       		.uleb128 0x8
 747 0368 74020000 		.4byte	.LASF67
 748 036c 07       		.byte	0x7
 749 036d 6E01     		.2byte	0x16e
 750 036f 3C010000 		.4byte	0x13c
 751 0373 08       		.byte	0x8
 752 0374 08       		.uleb128 0x8
 753 0375 8F030000 		.4byte	.LASF68
 754 0379 07       		.byte	0x7
 755 037a 6F01     		.2byte	0x16f
 756 037c 17030000 		.4byte	0x317
 757 0380 0C       		.byte	0xc
 758 0381 08       		.uleb128 0x8
 759 0382 BE050000 		.4byte	.LASF69
 760 0386 07       		.byte	0x7
 761 0387 7101     		.2byte	0x171
 762 0389 33030000 		.4byte	0x333
 763 038d 10       		.byte	0x10
 764 038e 00       		.byte	0
 765 038f 04       		.uleb128 0x4
 766 0390 95000000 		.4byte	.LASF70
 767 0394 06       		.byte	0x6
 768 0395 66       		.byte	0x66
 769 0396 9A030000 		.4byte	0x39a
 770 039a 0A       		.uleb128 0xa
 771 039b 78030000 		.4byte	.LASF71
 772 039f 10       		.byte	0x10
 773 03a0 07       		.byte	0x7
 774 03a1 7B01     		.2byte	0x17b
 775 03a3 DC030000 		.4byte	0x3dc
 776 03a7 08       		.uleb128 0x8
 777 03a8 8C020000 		.4byte	.LASF65
 778 03ac 07       		.byte	0x7
 779 03ad 7C01     		.2byte	0x17c
 780 03af C0070000 		.4byte	0x7c0
 781 03b3 00       		.byte	0
 782 03b4 08       		.uleb128 0x8
 783 03b5 8D010000 		.4byte	.LASF66
 784 03b9 07       		.byte	0x7
 785 03ba 7E01     		.2byte	0x17e
 786 03bc C0070000 		.4byte	0x7c0
 787 03c0 04       		.byte	0x4
 788 03c1 08       		.uleb128 0x8
 789 03c2 74020000 		.4byte	.LASF67
 790 03c6 07       		.byte	0x7
 791 03c7 8001     		.2byte	0x180
ARM GAS  /tmp/ccPglVLE.s 			page 15


 792 03c9 3C010000 		.4byte	0x13c
 793 03cd 08       		.byte	0x8
 794 03ce 08       		.uleb128 0x8
 795 03cf 1C050000 		.4byte	.LASF72
 796 03d3 07       		.byte	0x7
 797 03d4 8201     		.2byte	0x182
 798 03d6 C6070000 		.4byte	0x7c6
 799 03da 0C       		.byte	0xc
 800 03db 00       		.byte	0
 801 03dc 04       		.uleb128 0x4
 802 03dd 7D020000 		.4byte	.LASF73
 803 03e1 06       		.byte	0x6
 804 03e2 6B       		.byte	0x6b
 805 03e3 E7030000 		.4byte	0x3e7
 806 03e7 0A       		.uleb128 0xa
 807 03e8 27020000 		.4byte	.LASF74
 808 03ec 04       		.byte	0x4
 809 03ed 07       		.byte	0x7
 810 03ee A201     		.2byte	0x1a2
 811 03f0 02040000 		.4byte	0x402
 812 03f4 08       		.uleb128 0x8
 813 03f5 8C050000 		.4byte	.LASF75
 814 03f9 07       		.byte	0x7
 815 03fa AA01     		.2byte	0x1aa
 816 03fc CB070000 		.4byte	0x7cb
 817 0400 00       		.byte	0
 818 0401 00       		.byte	0
 819 0402 04       		.uleb128 0x4
 820 0403 D0020000 		.4byte	.LASF76
 821 0407 06       		.byte	0x6
 822 0408 70       		.byte	0x70
 823 0409 0D040000 		.4byte	0x40d
 824 040d 0E       		.uleb128 0xe
 825 040e CA040000 		.4byte	.LASF77
 826 0412 5001     		.2byte	0x150
 827 0414 07       		.byte	0x7
 828 0415 C201     		.2byte	0x1c2
 829 0417 69040000 		.4byte	0x469
 830 041b 08       		.uleb128 0x8
 831 041c E2050000 		.4byte	.LASF78
 832 0420 07       		.byte	0x7
 833 0421 C601     		.2byte	0x1c6
 834 0423 B0020000 		.4byte	0x2b0
 835 0427 00       		.byte	0
 836 0428 08       		.uleb128 0x8
 837 0429 42000000 		.4byte	.LASF79
 838 042d 07       		.byte	0x7
 839 042e CA01     		.2byte	0x1ca
 840 0430 8F030000 		.4byte	0x38f
 841 0434 1C       		.byte	0x1c
 842 0435 07       		.uleb128 0x7
 843 0436 64626700 		.ascii	"dbg\000"
 844 043a 07       		.byte	0x7
 845 043b CE01     		.2byte	0x1ce
 846 043d DC030000 		.4byte	0x3dc
 847 0441 2C       		.byte	0x2c
 848 0442 08       		.uleb128 0x8
ARM GAS  /tmp/ccPglVLE.s 			page 16


 849 0443 82000000 		.4byte	.LASF80
 850 0447 07       		.byte	0x7
 851 0448 D201     		.2byte	0x1d2
 852 044a 47010000 		.4byte	0x147
 853 044e 30       		.byte	0x30
 854 044f 07       		.uleb128 0x7
 855 0450 746D00   		.ascii	"tm\000"
 856 0453 07       		.byte	0x7
 857 0454 D701     		.2byte	0x1d7
 858 0456 A2060000 		.4byte	0x6a2
 859 045a 74       		.byte	0x74
 860 045b 08       		.uleb128 0x8
 861 045c 3F020000 		.4byte	.LASF81
 862 0460 07       		.byte	0x7
 863 0461 E301     		.2byte	0x1e3
 864 0463 D0070000 		.4byte	0x7d0
 865 0467 78       		.byte	0x78
 866 0468 00       		.byte	0
 867 0469 03       		.uleb128 0x3
 868 046a 04       		.byte	0x4
 869 046b 07       		.byte	0x7
 870 046c A3060000 		.4byte	.LASF82
 871 0470 0F       		.uleb128 0xf
 872 0471 AD000000 		.4byte	0xad
 873 0475 10       		.uleb128 0x10
 874 0476 70040000 		.4byte	0x470
 875 047a 11       		.uleb128 0x11
 876 047b AD000000 		.4byte	0xad
 877 047f 8A040000 		.4byte	0x48a
 878 0483 12       		.uleb128 0x12
 879 0484 69040000 		.4byte	0x469
 880 0488 00       		.byte	0
 881 0489 00       		.byte	0
 882 048a 13       		.uleb128 0x13
 883 048b 5C       		.byte	0x5c
 884 048c 08       		.byte	0x8
 885 048d 5603     		.2byte	0x356
 886 048f BF050000 		.4byte	0x5bf
 887 0493 08       		.uleb128 0x8
 888 0494 B9050000 		.4byte	.LASF83
 889 0498 08       		.byte	0x8
 890 0499 5803     		.2byte	0x358
 891 049b 70040000 		.4byte	0x470
 892 049f 00       		.byte	0
 893 04a0 08       		.uleb128 0x8
 894 04a1 2B030000 		.4byte	.LASF84
 895 04a5 08       		.byte	0x8
 896 04a6 5903     		.2byte	0x359
 897 04a8 70040000 		.4byte	0x470
 898 04ac 04       		.byte	0x4
 899 04ad 08       		.uleb128 0x8
 900 04ae FC000000 		.4byte	.LASF85
 901 04b2 08       		.byte	0x8
 902 04b3 5A03     		.2byte	0x35a
 903 04b5 70040000 		.4byte	0x470
 904 04b9 08       		.byte	0x8
 905 04ba 08       		.uleb128 0x8
ARM GAS  /tmp/ccPglVLE.s 			page 17


 906 04bb B7020000 		.4byte	.LASF86
 907 04bf 08       		.byte	0x8
 908 04c0 5B03     		.2byte	0x35b
 909 04c2 70040000 		.4byte	0x470
 910 04c6 0C       		.byte	0xc
 911 04c7 08       		.uleb128 0x8
 912 04c8 63010000 		.4byte	.LASF87
 913 04cc 08       		.byte	0x8
 914 04cd 5C03     		.2byte	0x35c
 915 04cf 70040000 		.4byte	0x470
 916 04d3 10       		.byte	0x10
 917 04d4 08       		.uleb128 0x8
 918 04d5 FD040000 		.4byte	.LASF88
 919 04d9 08       		.byte	0x8
 920 04da 5D03     		.2byte	0x35d
 921 04dc 70040000 		.4byte	0x470
 922 04e0 14       		.byte	0x14
 923 04e1 08       		.uleb128 0x8
 924 04e2 AC060000 		.4byte	.LASF89
 925 04e6 08       		.byte	0x8
 926 04e7 5E03     		.2byte	0x35e
 927 04e9 70040000 		.4byte	0x470
 928 04ed 18       		.byte	0x18
 929 04ee 08       		.uleb128 0x8
 930 04ef 4A040000 		.4byte	.LASF90
 931 04f3 08       		.byte	0x8
 932 04f4 5F03     		.2byte	0x35f
 933 04f6 75040000 		.4byte	0x475
 934 04fa 1C       		.byte	0x1c
 935 04fb 08       		.uleb128 0x8
 936 04fc C5050000 		.4byte	.LASF91
 937 0500 08       		.byte	0x8
 938 0501 6003     		.2byte	0x360
 939 0503 70040000 		.4byte	0x470
 940 0507 20       		.byte	0x20
 941 0508 08       		.uleb128 0x8
 942 0509 4F040000 		.4byte	.LASF92
 943 050d 08       		.byte	0x8
 944 050e 6103     		.2byte	0x361
 945 0510 70040000 		.4byte	0x470
 946 0514 24       		.byte	0x24
 947 0515 08       		.uleb128 0x8
 948 0516 71040000 		.4byte	.LASF93
 949 051a 08       		.byte	0x8
 950 051b 6203     		.2byte	0x362
 951 051d 70040000 		.4byte	0x470
 952 0521 28       		.byte	0x28
 953 0522 08       		.uleb128 0x8
 954 0523 0D040000 		.4byte	.LASF94
 955 0527 08       		.byte	0x8
 956 0528 6303     		.2byte	0x363
 957 052a 7A040000 		.4byte	0x47a
 958 052e 2C       		.byte	0x2c
 959 052f 08       		.uleb128 0x8
 960 0530 CB030000 		.4byte	.LASF95
 961 0534 08       		.byte	0x8
 962 0535 6403     		.2byte	0x364
ARM GAS  /tmp/ccPglVLE.s 			page 18


 963 0537 70040000 		.4byte	0x470
 964 053b 30       		.byte	0x30
 965 053c 08       		.uleb128 0x8
 966 053d 55040000 		.4byte	.LASF96
 967 0541 08       		.byte	0x8
 968 0542 6503     		.2byte	0x365
 969 0544 70040000 		.4byte	0x470
 970 0548 34       		.byte	0x34
 971 0549 08       		.uleb128 0x8
 972 054a 7B040000 		.4byte	.LASF97
 973 054e 08       		.byte	0x8
 974 054f 6603     		.2byte	0x366
 975 0551 70040000 		.4byte	0x470
 976 0555 38       		.byte	0x38
 977 0556 08       		.uleb128 0x8
 978 0557 17040000 		.4byte	.LASF98
 979 055b 08       		.byte	0x8
 980 055c 6703     		.2byte	0x367
 981 055e 7A040000 		.4byte	0x47a
 982 0562 3C       		.byte	0x3c
 983 0563 08       		.uleb128 0x8
 984 0564 D1030000 		.4byte	.LASF99
 985 0568 08       		.byte	0x8
 986 0569 6803     		.2byte	0x368
 987 056b 70040000 		.4byte	0x470
 988 056f 40       		.byte	0x40
 989 0570 08       		.uleb128 0x8
 990 0571 61020000 		.4byte	.LASF100
 991 0575 08       		.byte	0x8
 992 0576 6903     		.2byte	0x369
 993 0578 70040000 		.4byte	0x470
 994 057c 44       		.byte	0x44
 995 057d 08       		.uleb128 0x8
 996 057e 85040000 		.4byte	.LASF101
 997 0582 08       		.byte	0x8
 998 0583 6A03     		.2byte	0x36a
 999 0585 70040000 		.4byte	0x470
 1000 0589 48       		.byte	0x48
 1001 058a 08       		.uleb128 0x8
 1002 058b 21040000 		.4byte	.LASF102
 1003 058f 08       		.byte	0x8
 1004 0590 6B03     		.2byte	0x36b
 1005 0592 7A040000 		.4byte	0x47a
 1006 0596 4C       		.byte	0x4c
 1007 0597 08       		.uleb128 0x8
 1008 0598 D7030000 		.4byte	.LASF103
 1009 059c 08       		.byte	0x8
 1010 059d 6C03     		.2byte	0x36c
 1011 059f 70040000 		.4byte	0x470
 1012 05a3 50       		.byte	0x50
 1013 05a4 08       		.uleb128 0x8
 1014 05a5 67020000 		.4byte	.LASF104
 1015 05a9 08       		.byte	0x8
 1016 05aa 6D03     		.2byte	0x36d
 1017 05ac 70040000 		.4byte	0x470
 1018 05b0 54       		.byte	0x54
 1019 05b1 08       		.uleb128 0x8
ARM GAS  /tmp/ccPglVLE.s 			page 19


 1020 05b2 8F040000 		.4byte	.LASF105
 1021 05b6 08       		.byte	0x8
 1022 05b7 6E03     		.2byte	0x36e
 1023 05b9 70040000 		.4byte	0x470
 1024 05bd 58       		.byte	0x58
 1025 05be 00       		.byte	0
 1026 05bf 14       		.uleb128 0x14
 1027 05c0 A5050000 		.4byte	.LASF106
 1028 05c4 08       		.byte	0x8
 1029 05c5 6F03     		.2byte	0x36f
 1030 05c7 8A040000 		.4byte	0x48a
 1031 05cb 03       		.uleb128 0x3
 1032 05cc 01       		.byte	0x1
 1033 05cd 08       		.byte	0x8
 1034 05ce 49050000 		.4byte	.LASF107
 1035 05d2 09       		.uleb128 0x9
 1036 05d3 04       		.byte	0x4
 1037 05d4 D8050000 		.4byte	0x5d8
 1038 05d8 10       		.uleb128 0x10
 1039 05d9 CB050000 		.4byte	0x5cb
 1040 05dd 04       		.uleb128 0x4
 1041 05de 84010000 		.4byte	.LASF108
 1042 05e2 09       		.byte	0x9
 1043 05e3 65       		.byte	0x65
 1044 05e4 33030000 		.4byte	0x333
 1045 05e8 04       		.uleb128 0x4
 1046 05e9 20030000 		.4byte	.LASF109
 1047 05ed 09       		.byte	0x9
 1048 05ee 6D       		.byte	0x6d
 1049 05ef B8000000 		.4byte	0xb8
 1050 05f3 05       		.uleb128 0x5
 1051 05f4 9D050000 		.4byte	.LASF110
 1052 05f8 04       		.byte	0x4
 1053 05f9 09       		.byte	0x9
 1054 05fa 89       		.byte	0x89
 1055 05fb 0C060000 		.4byte	0x60c
 1056 05ff 15       		.uleb128 0x15
 1057 0600 72313300 		.ascii	"r13\000"
 1058 0604 09       		.byte	0x9
 1059 0605 8A       		.byte	0x8a
 1060 0606 87060000 		.4byte	0x687
 1061 060a 00       		.byte	0
 1062 060b 00       		.byte	0
 1063 060c 05       		.uleb128 0x5
 1064 060d 36000000 		.4byte	.LASF111
 1065 0611 24       		.byte	0x24
 1066 0612 01       		.byte	0x1
 1067 0613 FD       		.byte	0xfd
 1068 0614 87060000 		.4byte	0x687
 1069 0618 07       		.uleb128 0x7
 1070 0619 723400   		.ascii	"r4\000"
 1071 061c 01       		.byte	0x1
 1072 061d 1001     		.2byte	0x110
 1073 061f DD050000 		.4byte	0x5dd
 1074 0623 00       		.byte	0
 1075 0624 07       		.uleb128 0x7
 1076 0625 723500   		.ascii	"r5\000"
ARM GAS  /tmp/ccPglVLE.s 			page 20


 1077 0628 01       		.byte	0x1
 1078 0629 1101     		.2byte	0x111
 1079 062b DD050000 		.4byte	0x5dd
 1080 062f 04       		.byte	0x4
 1081 0630 07       		.uleb128 0x7
 1082 0631 723600   		.ascii	"r6\000"
 1083 0634 01       		.byte	0x1
 1084 0635 1201     		.2byte	0x112
 1085 0637 DD050000 		.4byte	0x5dd
 1086 063b 08       		.byte	0x8
 1087 063c 07       		.uleb128 0x7
 1088 063d 723700   		.ascii	"r7\000"
 1089 0640 01       		.byte	0x1
 1090 0641 1301     		.2byte	0x113
 1091 0643 DD050000 		.4byte	0x5dd
 1092 0647 0C       		.byte	0xc
 1093 0648 07       		.uleb128 0x7
 1094 0649 723800   		.ascii	"r8\000"
 1095 064c 01       		.byte	0x1
 1096 064d 1401     		.2byte	0x114
 1097 064f DD050000 		.4byte	0x5dd
 1098 0653 10       		.byte	0x10
 1099 0654 07       		.uleb128 0x7
 1100 0655 723900   		.ascii	"r9\000"
 1101 0658 01       		.byte	0x1
 1102 0659 1501     		.2byte	0x115
 1103 065b DD050000 		.4byte	0x5dd
 1104 065f 14       		.byte	0x14
 1105 0660 07       		.uleb128 0x7
 1106 0661 72313000 		.ascii	"r10\000"
 1107 0665 01       		.byte	0x1
 1108 0666 1601     		.2byte	0x116
 1109 0668 DD050000 		.4byte	0x5dd
 1110 066c 18       		.byte	0x18
 1111 066d 07       		.uleb128 0x7
 1112 066e 72313100 		.ascii	"r11\000"
 1113 0672 01       		.byte	0x1
 1114 0673 1701     		.2byte	0x117
 1115 0675 DD050000 		.4byte	0x5dd
 1116 0679 1C       		.byte	0x1c
 1117 067a 07       		.uleb128 0x7
 1118 067b 6C7200   		.ascii	"lr\000"
 1119 067e 01       		.byte	0x1
 1120 067f 1801     		.2byte	0x118
 1121 0681 DD050000 		.4byte	0x5dd
 1122 0685 20       		.byte	0x20
 1123 0686 00       		.byte	0
 1124 0687 09       		.uleb128 0x9
 1125 0688 04       		.byte	0x4
 1126 0689 0C060000 		.4byte	0x60c
 1127 068d 16       		.uleb128 0x16
 1128 068e 04       		.byte	0x4
 1129 068f 0A       		.byte	0xa
 1130 0690 38       		.byte	0x38
 1131 0691 A2060000 		.4byte	0x6a2
 1132 0695 06       		.uleb128 0x6
 1133 0696 96050000 		.4byte	.LASF112
ARM GAS  /tmp/ccPglVLE.s 			page 21


 1134 069a 0A       		.byte	0xa
 1135 069b 3C       		.byte	0x3c
 1136 069c C3000000 		.4byte	0xc3
 1137 06a0 00       		.byte	0
 1138 06a1 00       		.byte	0
 1139 06a2 04       		.uleb128 0x4
 1140 06a3 97030000 		.4byte	.LASF113
 1141 06a7 0A       		.byte	0xa
 1142 06a8 3D       		.byte	0x3d
 1143 06a9 8D060000 		.4byte	0x68d
 1144 06ad 16       		.uleb128 0x16
 1145 06ae 18       		.byte	0x18
 1146 06af 0A       		.byte	0xa
 1147 06b0 48       		.byte	0x48
 1148 06b1 F0060000 		.4byte	0x6f0
 1149 06b5 06       		.uleb128 0x6
 1150 06b6 57050000 		.4byte	.LASF114
 1151 06ba 0A       		.byte	0xa
 1152 06bb 49       		.byte	0x49
 1153 06bc C3000000 		.4byte	0xc3
 1154 06c0 00       		.byte	0
 1155 06c1 06       		.uleb128 0x6
 1156 06c2 49000000 		.4byte	.LASF115
 1157 06c6 0A       		.byte	0xa
 1158 06c7 4A       		.byte	0x4a
 1159 06c8 C3000000 		.4byte	0xc3
 1160 06cc 04       		.byte	0x4
 1161 06cd 06       		.uleb128 0x6
 1162 06ce C4020000 		.4byte	.LASF116
 1163 06d2 0A       		.byte	0xa
 1164 06d3 4B       		.byte	0x4b
 1165 06d4 C3000000 		.4byte	0xc3
 1166 06d8 08       		.byte	0x8
 1167 06d9 15       		.uleb128 0x15
 1168 06da 6E00     		.ascii	"n\000"
 1169 06dc 0A       		.byte	0xa
 1170 06dd 4C       		.byte	0x4c
 1171 06de 31010000 		.4byte	0x131
 1172 06e2 0C       		.byte	0xc
 1173 06e3 06       		.uleb128 0x6
 1174 06e4 FA030000 		.4byte	.LASF117
 1175 06e8 0A       		.byte	0xa
 1176 06e9 4D       		.byte	0x4d
 1177 06ea CE000000 		.4byte	0xce
 1178 06ee 10       		.byte	0x10
 1179 06ef 00       		.byte	0
 1180 06f0 04       		.uleb128 0x4
 1181 06f1 4F000000 		.4byte	.LASF118
 1182 06f5 0A       		.byte	0xa
 1183 06f6 4E       		.byte	0x4e
 1184 06f7 AD060000 		.4byte	0x6ad
 1185 06fb 17       		.uleb128 0x17
 1186 06fc 04       		.byte	0x4
 1187 06fd 07       		.byte	0x7
 1188 06fe FA       		.byte	0xfa
 1189 06ff 58070000 		.4byte	0x758
 1190 0703 18       		.uleb128 0x18
ARM GAS  /tmp/ccPglVLE.s 			page 22


 1191 0704 1C000000 		.4byte	.LASF119
 1192 0708 07       		.byte	0x7
 1193 0709 0101     		.2byte	0x101
 1194 070b 10010000 		.4byte	0x110
 1195 070f 18       		.uleb128 0x18
 1196 0710 79000000 		.4byte	.LASF120
 1197 0714 07       		.byte	0x7
 1198 0715 0801     		.2byte	0x108
 1199 0717 10010000 		.4byte	0x110
 1200 071b 18       		.uleb128 0x18
 1201 071c 0B010000 		.4byte	.LASF121
 1202 0720 07       		.byte	0x7
 1203 0721 0F01     		.2byte	0x10f
 1204 0723 33030000 		.4byte	0x333
 1205 0727 18       		.uleb128 0x18
 1206 0728 16000000 		.4byte	.LASF122
 1207 072c 07       		.byte	0x7
 1208 072d 1601     		.2byte	0x116
 1209 072f 58070000 		.4byte	0x758
 1210 0733 18       		.uleb128 0x18
 1211 0734 6D020000 		.4byte	.LASF123
 1212 0738 07       		.byte	0x7
 1213 0739 1E01     		.2byte	0x11e
 1214 073b 83070000 		.4byte	0x783
 1215 073f 18       		.uleb128 0x18
 1216 0740 0D050000 		.4byte	.LASF124
 1217 0744 07       		.byte	0x7
 1218 0745 2701     		.2byte	0x127
 1219 0747 BA070000 		.4byte	0x7ba
 1220 074b 18       		.uleb128 0x18
 1221 074c BC040000 		.4byte	.LASF125
 1222 0750 07       		.byte	0x7
 1223 0751 2F01     		.2byte	0x12f
 1224 0753 1B010000 		.4byte	0x11b
 1225 0757 00       		.byte	0
 1226 0758 09       		.uleb128 0x9
 1227 0759 04       		.byte	0x4
 1228 075a 4B020000 		.4byte	0x24b
 1229 075e 05       		.uleb128 0x5
 1230 075f E5040000 		.4byte	.LASF126
 1231 0763 0C       		.byte	0xc
 1232 0764 0B       		.byte	0xb
 1233 0765 34       		.byte	0x34
 1234 0766 83070000 		.4byte	0x783
 1235 076a 06       		.uleb128 0x6
 1236 076b 74010000 		.4byte	.LASF127
 1237 076f 0B       		.byte	0xb
 1238 0770 35       		.byte	0x35
 1239 0771 80020000 		.4byte	0x280
 1240 0775 00       		.byte	0
 1241 0776 06       		.uleb128 0x6
 1242 0777 94020000 		.4byte	.LASF128
 1243 077b 0B       		.byte	0xb
 1244 077c 37       		.byte	0x37
 1245 077d 26010000 		.4byte	0x126
 1246 0781 08       		.byte	0x8
 1247 0782 00       		.byte	0
ARM GAS  /tmp/ccPglVLE.s 			page 23


 1248 0783 09       		.uleb128 0x9
 1249 0784 04       		.byte	0x4
 1250 0785 5E070000 		.4byte	0x75e
 1251 0789 05       		.uleb128 0x5
 1252 078a B4060000 		.4byte	.LASF129
 1253 078e 10       		.byte	0x10
 1254 078f 0C       		.byte	0xc
 1255 0790 39       		.byte	0x39
 1256 0791 BA070000 		.4byte	0x7ba
 1257 0795 06       		.uleb128 0x6
 1258 0796 03010000 		.4byte	.LASF130
 1259 079a 0C       		.byte	0xc
 1260 079b 3A       		.byte	0x3a
 1261 079c 80020000 		.4byte	0x280
 1262 07a0 00       		.byte	0
 1263 07a1 06       		.uleb128 0x6
 1264 07a2 FB060000 		.4byte	.LASF131
 1265 07a6 0C       		.byte	0xc
 1266 07a7 3C       		.byte	0x3c
 1267 07a8 56020000 		.4byte	0x256
 1268 07ac 08       		.byte	0x8
 1269 07ad 06       		.uleb128 0x6
 1270 07ae 5C050000 		.4byte	.LASF132
 1271 07b2 0C       		.byte	0xc
 1272 07b3 3E       		.byte	0x3e
 1273 07b4 EB070000 		.4byte	0x7eb
 1274 07b8 0C       		.byte	0xc
 1275 07b9 00       		.byte	0
 1276 07ba 09       		.uleb128 0x9
 1277 07bb 04       		.byte	0x4
 1278 07bc 89070000 		.4byte	0x789
 1279 07c0 09       		.uleb128 0x9
 1280 07c1 04       		.byte	0x4
 1281 07c2 35030000 		.4byte	0x335
 1282 07c6 0F       		.uleb128 0xf
 1283 07c7 3C010000 		.4byte	0x13c
 1284 07cb 0F       		.uleb128 0xf
 1285 07cc D2050000 		.4byte	0x5d2
 1286 07d0 11       		.uleb128 0x11
 1287 07d1 E8050000 		.4byte	0x5e8
 1288 07d5 E0070000 		.4byte	0x7e0
 1289 07d9 12       		.uleb128 0x12
 1290 07da 69040000 		.4byte	0x469
 1291 07de 1A       		.byte	0x1a
 1292 07df 00       		.byte	0
 1293 07e0 04       		.uleb128 0x4
 1294 07e1 37020000 		.4byte	.LASF133
 1295 07e5 0C       		.byte	0xc
 1296 07e6 34       		.byte	0x34
 1297 07e7 89070000 		.4byte	0x789
 1298 07eb 09       		.uleb128 0x9
 1299 07ec 04       		.byte	0x4
 1300 07ed E0070000 		.4byte	0x7e0
 1301 07f1 19       		.uleb128 0x19
 1302 07f2 D3060000 		.4byte	.LASF145
 1303 07f6 01       		.byte	0x1
 1304 07f7 3802     		.2byte	0x238
ARM GAS  /tmp/ccPglVLE.s 			page 24


 1305 07f9 C3000000 		.4byte	0xc3
 1306 07fd 00000000 		.4byte	.LFB137
 1307 0801 0C000000 		.4byte	.LFE137-.LFB137
 1308 0805 01       		.uleb128 0x1
 1309 0806 9C       		.byte	0x9c
 1310 0807 1A       		.uleb128 0x1a
 1311 0808 8D000000 		.4byte	.LASF146
 1312 080c 02       		.byte	0x2
 1313 080d 35       		.byte	0x35
 1314 080e 10000000 		.4byte	.LFB232
 1315 0812 6A000000 		.4byte	.LFE232-.LFB232
 1316 0816 01       		.uleb128 0x1
 1317 0817 9C       		.byte	0x9c
 1318 0818 47080000 		.4byte	0x847
 1319 081c 1B       		.uleb128 0x1b
 1320 081d 746D7000 		.ascii	"tmp\000"
 1321 0821 02       		.byte	0x2
 1322 0822 35       		.byte	0x35
 1323 0823 47080000 		.4byte	0x847
 1324 0827 02       		.uleb128 0x2
 1325 0828 91       		.byte	0x91
 1326 0829 7C       		.sleb128 -4
 1327 082a 1B       		.uleb128 0x1b
 1328 082b 6E6F7700 		.ascii	"now\000"
 1329 082f 02       		.byte	0x2
 1330 0830 36       		.byte	0x36
 1331 0831 C3000000 		.4byte	0xc3
 1332 0835 02       		.uleb128 0x2
 1333 0836 91       		.byte	0x91
 1334 0837 78       		.sleb128 -8
 1335 0838 1C       		.uleb128 0x1c
 1336 0839 96050000 		.4byte	.LASF112
 1337 083d 02       		.byte	0x2
 1338 083e 37       		.byte	0x37
 1339 083f C3000000 		.4byte	0xc3
 1340 0843 02       		.uleb128 0x2
 1341 0844 91       		.byte	0x91
 1342 0845 74       		.sleb128 -12
 1343 0846 00       		.byte	0
 1344 0847 09       		.uleb128 0x9
 1345 0848 04       		.byte	0x4
 1346 0849 F0060000 		.4byte	0x6f0
 1347 084d 1D       		.uleb128 0x1d
 1348 084e 0D070000 		.4byte	.LASF134
 1349 0852 02       		.byte	0x2
 1350 0853 4D       		.byte	0x4d
 1351 0854 80000000 		.4byte	.LFB233
 1352 0858 34000000 		.4byte	.LFE233-.LFB233
 1353 085c 01       		.uleb128 0x1
 1354 085d 9C       		.byte	0x9c
 1355 085e 70080000 		.4byte	0x870
 1356 0862 1E       		.uleb128 0x1e
 1357 0863 746D00   		.ascii	"tm\000"
 1358 0866 02       		.byte	0x2
 1359 0867 4E       		.byte	0x4e
 1360 0868 F0060000 		.4byte	0x6f0
 1361 086c 02       		.uleb128 0x2
ARM GAS  /tmp/ccPglVLE.s 			page 25


 1362 086d 91       		.byte	0x91
 1363 086e 60       		.sleb128 -32
 1364 086f 00       		.byte	0
 1365 0870 1F       		.uleb128 0x1f
 1366 0871 A8030000 		.4byte	.LASF135
 1367 0875 02       		.byte	0x2
 1368 0876 61       		.byte	0x61
 1369 0877 C0000000 		.4byte	.LFB234
 1370 087b 30000000 		.4byte	.LFE234-.LFB234
 1371 087f 01       		.uleb128 0x1
 1372 0880 9C       		.byte	0x9c
 1373 0881 94080000 		.4byte	0x894
 1374 0885 1B       		.uleb128 0x1b
 1375 0886 746D7000 		.ascii	"tmp\000"
 1376 088a 02       		.byte	0x2
 1377 088b 61       		.byte	0x61
 1378 088c 47080000 		.4byte	0x847
 1379 0890 02       		.uleb128 0x2
 1380 0891 91       		.byte	0x91
 1381 0892 7C       		.sleb128 -4
 1382 0893 00       		.byte	0
 1383 0894 1D       		.uleb128 0x1d
 1384 0895 1C010000 		.4byte	.LASF136
 1385 0899 02       		.byte	0x2
 1386 089a 72       		.byte	0x72
 1387 089b F0000000 		.4byte	.LFB235
 1388 089f 16000000 		.4byte	.LFE235-.LFB235
 1389 08a3 01       		.uleb128 0x1
 1390 08a4 9C       		.byte	0x9c
 1391 08a5 B8080000 		.4byte	0x8b8
 1392 08a9 1B       		.uleb128 0x1b
 1393 08aa 746D7000 		.ascii	"tmp\000"
 1394 08ae 02       		.byte	0x2
 1395 08af 72       		.byte	0x72
 1396 08b0 47080000 		.4byte	0x847
 1397 08b4 02       		.uleb128 0x2
 1398 08b5 91       		.byte	0x91
 1399 08b6 74       		.sleb128 -12
 1400 08b7 00       		.byte	0
 1401 08b8 1D       		.uleb128 0x1d
 1402 08b9 32010000 		.4byte	.LASF137
 1403 08bd 02       		.byte	0x2
 1404 08be 7F       		.byte	0x7f
 1405 08bf 10010000 		.4byte	.LFB236
 1406 08c3 24000000 		.4byte	.LFE236-.LFB236
 1407 08c7 01       		.uleb128 0x1
 1408 08c8 9C       		.byte	0x9c
 1409 08c9 DC080000 		.4byte	0x8dc
 1410 08cd 1B       		.uleb128 0x1b
 1411 08ce 746D7000 		.ascii	"tmp\000"
 1412 08d2 02       		.byte	0x2
 1413 08d3 7F       		.byte	0x7f
 1414 08d4 47080000 		.4byte	0x847
 1415 08d8 02       		.uleb128 0x2
 1416 08d9 91       		.byte	0x91
 1417 08da 74       		.sleb128 -12
 1418 08db 00       		.byte	0
ARM GAS  /tmp/ccPglVLE.s 			page 26


 1419 08dc 1D       		.uleb128 0x1d
 1420 08dd 08030000 		.4byte	.LASF138
 1421 08e1 02       		.byte	0x2
 1422 08e2 90       		.byte	0x90
 1423 08e3 40010000 		.4byte	.LFB237
 1424 08e7 26000000 		.4byte	.LFE237-.LFB237
 1425 08eb 01       		.uleb128 0x1
 1426 08ec 9C       		.byte	0x9c
 1427 08ed 0E090000 		.4byte	0x90e
 1428 08f1 1C       		.uleb128 0x1c
 1429 08f2 D0000000 		.4byte	.LASF139
 1430 08f6 02       		.byte	0x2
 1431 08f7 90       		.byte	0x90
 1432 08f8 47080000 		.4byte	0x847
 1433 08fc 02       		.uleb128 0x2
 1434 08fd 91       		.byte	0x91
 1435 08fe 74       		.sleb128 -12
 1436 08ff 1C       		.uleb128 0x1c
 1437 0900 D5000000 		.4byte	.LASF140
 1438 0904 02       		.byte	0x2
 1439 0905 91       		.byte	0x91
 1440 0906 47080000 		.4byte	0x847
 1441 090a 02       		.uleb128 0x2
 1442 090b 91       		.byte	0x91
 1443 090c 70       		.sleb128 -16
 1444 090d 00       		.byte	0
 1445 090e 20       		.uleb128 0x20
 1446 090f AB000000 		.4byte	.LASF141
 1447 0913 08       		.byte	0x8
 1448 0914 FA06     		.2byte	0x6fa
 1449 0916 1A090000 		.4byte	0x91a
 1450 091a 0F       		.uleb128 0xf
 1451 091b A2000000 		.4byte	0xa2
 1452 091f 21       		.uleb128 0x21
 1453 0920 636800   		.ascii	"ch\000"
 1454 0923 07       		.byte	0x7
 1455 0924 0902     		.2byte	0x209
 1456 0926 02040000 		.4byte	0x402
 1457 092a 00       		.byte	0
 1458              		.section	.debug_abbrev,"",%progbits
 1459              	.Ldebug_abbrev0:
 1460 0000 01       		.uleb128 0x1
 1461 0001 11       		.uleb128 0x11
 1462 0002 01       		.byte	0x1
 1463 0003 25       		.uleb128 0x25
 1464 0004 0E       		.uleb128 0xe
 1465 0005 13       		.uleb128 0x13
 1466 0006 0B       		.uleb128 0xb
 1467 0007 03       		.uleb128 0x3
 1468 0008 0E       		.uleb128 0xe
 1469 0009 1B       		.uleb128 0x1b
 1470 000a 0E       		.uleb128 0xe
 1471 000b 11       		.uleb128 0x11
 1472 000c 01       		.uleb128 0x1
 1473 000d 12       		.uleb128 0x12
 1474 000e 06       		.uleb128 0x6
 1475 000f 10       		.uleb128 0x10
ARM GAS  /tmp/ccPglVLE.s 			page 27


 1476 0010 17       		.uleb128 0x17
 1477 0011 00       		.byte	0
 1478 0012 00       		.byte	0
 1479 0013 02       		.uleb128 0x2
 1480 0014 24       		.uleb128 0x24
 1481 0015 00       		.byte	0
 1482 0016 0B       		.uleb128 0xb
 1483 0017 0B       		.uleb128 0xb
 1484 0018 3E       		.uleb128 0x3e
 1485 0019 0B       		.uleb128 0xb
 1486 001a 03       		.uleb128 0x3
 1487 001b 08       		.uleb128 0x8
 1488 001c 00       		.byte	0
 1489 001d 00       		.byte	0
 1490 001e 03       		.uleb128 0x3
 1491 001f 24       		.uleb128 0x24
 1492 0020 00       		.byte	0
 1493 0021 0B       		.uleb128 0xb
 1494 0022 0B       		.uleb128 0xb
 1495 0023 3E       		.uleb128 0x3e
 1496 0024 0B       		.uleb128 0xb
 1497 0025 03       		.uleb128 0x3
 1498 0026 0E       		.uleb128 0xe
 1499 0027 00       		.byte	0
 1500 0028 00       		.byte	0
 1501 0029 04       		.uleb128 0x4
 1502 002a 16       		.uleb128 0x16
 1503 002b 00       		.byte	0
 1504 002c 03       		.uleb128 0x3
 1505 002d 0E       		.uleb128 0xe
 1506 002e 3A       		.uleb128 0x3a
 1507 002f 0B       		.uleb128 0xb
 1508 0030 3B       		.uleb128 0x3b
 1509 0031 0B       		.uleb128 0xb
 1510 0032 49       		.uleb128 0x49
 1511 0033 13       		.uleb128 0x13
 1512 0034 00       		.byte	0
 1513 0035 00       		.byte	0
 1514 0036 05       		.uleb128 0x5
 1515 0037 13       		.uleb128 0x13
 1516 0038 01       		.byte	0x1
 1517 0039 03       		.uleb128 0x3
 1518 003a 0E       		.uleb128 0xe
 1519 003b 0B       		.uleb128 0xb
 1520 003c 0B       		.uleb128 0xb
 1521 003d 3A       		.uleb128 0x3a
 1522 003e 0B       		.uleb128 0xb
 1523 003f 3B       		.uleb128 0x3b
 1524 0040 0B       		.uleb128 0xb
 1525 0041 01       		.uleb128 0x1
 1526 0042 13       		.uleb128 0x13
 1527 0043 00       		.byte	0
 1528 0044 00       		.byte	0
 1529 0045 06       		.uleb128 0x6
 1530 0046 0D       		.uleb128 0xd
 1531 0047 00       		.byte	0
 1532 0048 03       		.uleb128 0x3
ARM GAS  /tmp/ccPglVLE.s 			page 28


 1533 0049 0E       		.uleb128 0xe
 1534 004a 3A       		.uleb128 0x3a
 1535 004b 0B       		.uleb128 0xb
 1536 004c 3B       		.uleb128 0x3b
 1537 004d 0B       		.uleb128 0xb
 1538 004e 49       		.uleb128 0x49
 1539 004f 13       		.uleb128 0x13
 1540 0050 38       		.uleb128 0x38
 1541 0051 0B       		.uleb128 0xb
 1542 0052 00       		.byte	0
 1543 0053 00       		.byte	0
 1544 0054 07       		.uleb128 0x7
 1545 0055 0D       		.uleb128 0xd
 1546 0056 00       		.byte	0
 1547 0057 03       		.uleb128 0x3
 1548 0058 08       		.uleb128 0x8
 1549 0059 3A       		.uleb128 0x3a
 1550 005a 0B       		.uleb128 0xb
 1551 005b 3B       		.uleb128 0x3b
 1552 005c 05       		.uleb128 0x5
 1553 005d 49       		.uleb128 0x49
 1554 005e 13       		.uleb128 0x13
 1555 005f 38       		.uleb128 0x38
 1556 0060 0B       		.uleb128 0xb
 1557 0061 00       		.byte	0
 1558 0062 00       		.byte	0
 1559 0063 08       		.uleb128 0x8
 1560 0064 0D       		.uleb128 0xd
 1561 0065 00       		.byte	0
 1562 0066 03       		.uleb128 0x3
 1563 0067 0E       		.uleb128 0xe
 1564 0068 3A       		.uleb128 0x3a
 1565 0069 0B       		.uleb128 0xb
 1566 006a 3B       		.uleb128 0x3b
 1567 006b 05       		.uleb128 0x5
 1568 006c 49       		.uleb128 0x49
 1569 006d 13       		.uleb128 0x13
 1570 006e 38       		.uleb128 0x38
 1571 006f 0B       		.uleb128 0xb
 1572 0070 00       		.byte	0
 1573 0071 00       		.byte	0
 1574 0072 09       		.uleb128 0x9
 1575 0073 0F       		.uleb128 0xf
 1576 0074 00       		.byte	0
 1577 0075 0B       		.uleb128 0xb
 1578 0076 0B       		.uleb128 0xb
 1579 0077 49       		.uleb128 0x49
 1580 0078 13       		.uleb128 0x13
 1581 0079 00       		.byte	0
 1582 007a 00       		.byte	0
 1583 007b 0A       		.uleb128 0xa
 1584 007c 13       		.uleb128 0x13
 1585 007d 01       		.byte	0x1
 1586 007e 03       		.uleb128 0x3
 1587 007f 0E       		.uleb128 0xe
 1588 0080 0B       		.uleb128 0xb
 1589 0081 0B       		.uleb128 0xb
ARM GAS  /tmp/ccPglVLE.s 			page 29


 1590 0082 3A       		.uleb128 0x3a
 1591 0083 0B       		.uleb128 0xb
 1592 0084 3B       		.uleb128 0x3b
 1593 0085 05       		.uleb128 0x5
 1594 0086 01       		.uleb128 0x1
 1595 0087 13       		.uleb128 0x13
 1596 0088 00       		.byte	0
 1597 0089 00       		.byte	0
 1598 008a 0B       		.uleb128 0xb
 1599 008b 15       		.uleb128 0x15
 1600 008c 01       		.byte	0x1
 1601 008d 27       		.uleb128 0x27
 1602 008e 19       		.uleb128 0x19
 1603 008f 01       		.uleb128 0x1
 1604 0090 13       		.uleb128 0x13
 1605 0091 00       		.byte	0
 1606 0092 00       		.byte	0
 1607 0093 0C       		.uleb128 0xc
 1608 0094 05       		.uleb128 0x5
 1609 0095 00       		.byte	0
 1610 0096 49       		.uleb128 0x49
 1611 0097 13       		.uleb128 0x13
 1612 0098 00       		.byte	0
 1613 0099 00       		.byte	0
 1614 009a 0D       		.uleb128 0xd
 1615 009b 0F       		.uleb128 0xf
 1616 009c 00       		.byte	0
 1617 009d 0B       		.uleb128 0xb
 1618 009e 0B       		.uleb128 0xb
 1619 009f 00       		.byte	0
 1620 00a0 00       		.byte	0
 1621 00a1 0E       		.uleb128 0xe
 1622 00a2 13       		.uleb128 0x13
 1623 00a3 01       		.byte	0x1
 1624 00a4 03       		.uleb128 0x3
 1625 00a5 0E       		.uleb128 0xe
 1626 00a6 0B       		.uleb128 0xb
 1627 00a7 05       		.uleb128 0x5
 1628 00a8 3A       		.uleb128 0x3a
 1629 00a9 0B       		.uleb128 0xb
 1630 00aa 3B       		.uleb128 0x3b
 1631 00ab 05       		.uleb128 0x5
 1632 00ac 01       		.uleb128 0x1
 1633 00ad 13       		.uleb128 0x13
 1634 00ae 00       		.byte	0
 1635 00af 00       		.byte	0
 1636 00b0 0F       		.uleb128 0xf
 1637 00b1 35       		.uleb128 0x35
 1638 00b2 00       		.byte	0
 1639 00b3 49       		.uleb128 0x49
 1640 00b4 13       		.uleb128 0x13
 1641 00b5 00       		.byte	0
 1642 00b6 00       		.byte	0
 1643 00b7 10       		.uleb128 0x10
 1644 00b8 26       		.uleb128 0x26
 1645 00b9 00       		.byte	0
 1646 00ba 49       		.uleb128 0x49
ARM GAS  /tmp/ccPglVLE.s 			page 30


 1647 00bb 13       		.uleb128 0x13
 1648 00bc 00       		.byte	0
 1649 00bd 00       		.byte	0
 1650 00be 11       		.uleb128 0x11
 1651 00bf 01       		.uleb128 0x1
 1652 00c0 01       		.byte	0x1
 1653 00c1 49       		.uleb128 0x49
 1654 00c2 13       		.uleb128 0x13
 1655 00c3 01       		.uleb128 0x1
 1656 00c4 13       		.uleb128 0x13
 1657 00c5 00       		.byte	0
 1658 00c6 00       		.byte	0
 1659 00c7 12       		.uleb128 0x12
 1660 00c8 21       		.uleb128 0x21
 1661 00c9 00       		.byte	0
 1662 00ca 49       		.uleb128 0x49
 1663 00cb 13       		.uleb128 0x13
 1664 00cc 2F       		.uleb128 0x2f
 1665 00cd 0B       		.uleb128 0xb
 1666 00ce 00       		.byte	0
 1667 00cf 00       		.byte	0
 1668 00d0 13       		.uleb128 0x13
 1669 00d1 13       		.uleb128 0x13
 1670 00d2 01       		.byte	0x1
 1671 00d3 0B       		.uleb128 0xb
 1672 00d4 0B       		.uleb128 0xb
 1673 00d5 3A       		.uleb128 0x3a
 1674 00d6 0B       		.uleb128 0xb
 1675 00d7 3B       		.uleb128 0x3b
 1676 00d8 05       		.uleb128 0x5
 1677 00d9 01       		.uleb128 0x1
 1678 00da 13       		.uleb128 0x13
 1679 00db 00       		.byte	0
 1680 00dc 00       		.byte	0
 1681 00dd 14       		.uleb128 0x14
 1682 00de 16       		.uleb128 0x16
 1683 00df 00       		.byte	0
 1684 00e0 03       		.uleb128 0x3
 1685 00e1 0E       		.uleb128 0xe
 1686 00e2 3A       		.uleb128 0x3a
 1687 00e3 0B       		.uleb128 0xb
 1688 00e4 3B       		.uleb128 0x3b
 1689 00e5 05       		.uleb128 0x5
 1690 00e6 49       		.uleb128 0x49
 1691 00e7 13       		.uleb128 0x13
 1692 00e8 00       		.byte	0
 1693 00e9 00       		.byte	0
 1694 00ea 15       		.uleb128 0x15
 1695 00eb 0D       		.uleb128 0xd
 1696 00ec 00       		.byte	0
 1697 00ed 03       		.uleb128 0x3
 1698 00ee 08       		.uleb128 0x8
 1699 00ef 3A       		.uleb128 0x3a
 1700 00f0 0B       		.uleb128 0xb
 1701 00f1 3B       		.uleb128 0x3b
 1702 00f2 0B       		.uleb128 0xb
 1703 00f3 49       		.uleb128 0x49
ARM GAS  /tmp/ccPglVLE.s 			page 31


 1704 00f4 13       		.uleb128 0x13
 1705 00f5 38       		.uleb128 0x38
 1706 00f6 0B       		.uleb128 0xb
 1707 00f7 00       		.byte	0
 1708 00f8 00       		.byte	0
 1709 00f9 16       		.uleb128 0x16
 1710 00fa 13       		.uleb128 0x13
 1711 00fb 01       		.byte	0x1
 1712 00fc 0B       		.uleb128 0xb
 1713 00fd 0B       		.uleb128 0xb
 1714 00fe 3A       		.uleb128 0x3a
 1715 00ff 0B       		.uleb128 0xb
 1716 0100 3B       		.uleb128 0x3b
 1717 0101 0B       		.uleb128 0xb
 1718 0102 01       		.uleb128 0x1
 1719 0103 13       		.uleb128 0x13
 1720 0104 00       		.byte	0
 1721 0105 00       		.byte	0
 1722 0106 17       		.uleb128 0x17
 1723 0107 17       		.uleb128 0x17
 1724 0108 01       		.byte	0x1
 1725 0109 0B       		.uleb128 0xb
 1726 010a 0B       		.uleb128 0xb
 1727 010b 3A       		.uleb128 0x3a
 1728 010c 0B       		.uleb128 0xb
 1729 010d 3B       		.uleb128 0x3b
 1730 010e 0B       		.uleb128 0xb
 1731 010f 01       		.uleb128 0x1
 1732 0110 13       		.uleb128 0x13
 1733 0111 00       		.byte	0
 1734 0112 00       		.byte	0
 1735 0113 18       		.uleb128 0x18
 1736 0114 0D       		.uleb128 0xd
 1737 0115 00       		.byte	0
 1738 0116 03       		.uleb128 0x3
 1739 0117 0E       		.uleb128 0xe
 1740 0118 3A       		.uleb128 0x3a
 1741 0119 0B       		.uleb128 0xb
 1742 011a 3B       		.uleb128 0x3b
 1743 011b 05       		.uleb128 0x5
 1744 011c 49       		.uleb128 0x49
 1745 011d 13       		.uleb128 0x13
 1746 011e 00       		.byte	0
 1747 011f 00       		.byte	0
 1748 0120 19       		.uleb128 0x19
 1749 0121 2E       		.uleb128 0x2e
 1750 0122 00       		.byte	0
 1751 0123 03       		.uleb128 0x3
 1752 0124 0E       		.uleb128 0xe
 1753 0125 3A       		.uleb128 0x3a
 1754 0126 0B       		.uleb128 0xb
 1755 0127 3B       		.uleb128 0x3b
 1756 0128 05       		.uleb128 0x5
 1757 0129 27       		.uleb128 0x27
 1758 012a 19       		.uleb128 0x19
 1759 012b 49       		.uleb128 0x49
 1760 012c 13       		.uleb128 0x13
ARM GAS  /tmp/ccPglVLE.s 			page 32


 1761 012d 11       		.uleb128 0x11
 1762 012e 01       		.uleb128 0x1
 1763 012f 12       		.uleb128 0x12
 1764 0130 06       		.uleb128 0x6
 1765 0131 40       		.uleb128 0x40
 1766 0132 18       		.uleb128 0x18
 1767 0133 9742     		.uleb128 0x2117
 1768 0135 19       		.uleb128 0x19
 1769 0136 00       		.byte	0
 1770 0137 00       		.byte	0
 1771 0138 1A       		.uleb128 0x1a
 1772 0139 2E       		.uleb128 0x2e
 1773 013a 01       		.byte	0x1
 1774 013b 03       		.uleb128 0x3
 1775 013c 0E       		.uleb128 0xe
 1776 013d 3A       		.uleb128 0x3a
 1777 013e 0B       		.uleb128 0xb
 1778 013f 3B       		.uleb128 0x3b
 1779 0140 0B       		.uleb128 0xb
 1780 0141 27       		.uleb128 0x27
 1781 0142 19       		.uleb128 0x19
 1782 0143 11       		.uleb128 0x11
 1783 0144 01       		.uleb128 0x1
 1784 0145 12       		.uleb128 0x12
 1785 0146 06       		.uleb128 0x6
 1786 0147 40       		.uleb128 0x40
 1787 0148 18       		.uleb128 0x18
 1788 0149 9742     		.uleb128 0x2117
 1789 014b 19       		.uleb128 0x19
 1790 014c 01       		.uleb128 0x1
 1791 014d 13       		.uleb128 0x13
 1792 014e 00       		.byte	0
 1793 014f 00       		.byte	0
 1794 0150 1B       		.uleb128 0x1b
 1795 0151 05       		.uleb128 0x5
 1796 0152 00       		.byte	0
 1797 0153 03       		.uleb128 0x3
 1798 0154 08       		.uleb128 0x8
 1799 0155 3A       		.uleb128 0x3a
 1800 0156 0B       		.uleb128 0xb
 1801 0157 3B       		.uleb128 0x3b
 1802 0158 0B       		.uleb128 0xb
 1803 0159 49       		.uleb128 0x49
 1804 015a 13       		.uleb128 0x13
 1805 015b 02       		.uleb128 0x2
 1806 015c 18       		.uleb128 0x18
 1807 015d 00       		.byte	0
 1808 015e 00       		.byte	0
 1809 015f 1C       		.uleb128 0x1c
 1810 0160 05       		.uleb128 0x5
 1811 0161 00       		.byte	0
 1812 0162 03       		.uleb128 0x3
 1813 0163 0E       		.uleb128 0xe
 1814 0164 3A       		.uleb128 0x3a
 1815 0165 0B       		.uleb128 0xb
 1816 0166 3B       		.uleb128 0x3b
 1817 0167 0B       		.uleb128 0xb
ARM GAS  /tmp/ccPglVLE.s 			page 33


 1818 0168 49       		.uleb128 0x49
 1819 0169 13       		.uleb128 0x13
 1820 016a 02       		.uleb128 0x2
 1821 016b 18       		.uleb128 0x18
 1822 016c 00       		.byte	0
 1823 016d 00       		.byte	0
 1824 016e 1D       		.uleb128 0x1d
 1825 016f 2E       		.uleb128 0x2e
 1826 0170 01       		.byte	0x1
 1827 0171 3F       		.uleb128 0x3f
 1828 0172 19       		.uleb128 0x19
 1829 0173 03       		.uleb128 0x3
 1830 0174 0E       		.uleb128 0xe
 1831 0175 3A       		.uleb128 0x3a
 1832 0176 0B       		.uleb128 0xb
 1833 0177 3B       		.uleb128 0x3b
 1834 0178 0B       		.uleb128 0xb
 1835 0179 27       		.uleb128 0x27
 1836 017a 19       		.uleb128 0x19
 1837 017b 11       		.uleb128 0x11
 1838 017c 01       		.uleb128 0x1
 1839 017d 12       		.uleb128 0x12
 1840 017e 06       		.uleb128 0x6
 1841 017f 40       		.uleb128 0x40
 1842 0180 18       		.uleb128 0x18
 1843 0181 9642     		.uleb128 0x2116
 1844 0183 19       		.uleb128 0x19
 1845 0184 01       		.uleb128 0x1
 1846 0185 13       		.uleb128 0x13
 1847 0186 00       		.byte	0
 1848 0187 00       		.byte	0
 1849 0188 1E       		.uleb128 0x1e
 1850 0189 34       		.uleb128 0x34
 1851 018a 00       		.byte	0
 1852 018b 03       		.uleb128 0x3
 1853 018c 08       		.uleb128 0x8
 1854 018d 3A       		.uleb128 0x3a
 1855 018e 0B       		.uleb128 0xb
 1856 018f 3B       		.uleb128 0x3b
 1857 0190 0B       		.uleb128 0xb
 1858 0191 49       		.uleb128 0x49
 1859 0192 13       		.uleb128 0x13
 1860 0193 02       		.uleb128 0x2
 1861 0194 18       		.uleb128 0x18
 1862 0195 00       		.byte	0
 1863 0196 00       		.byte	0
 1864 0197 1F       		.uleb128 0x1f
 1865 0198 2E       		.uleb128 0x2e
 1866 0199 01       		.byte	0x1
 1867 019a 3F       		.uleb128 0x3f
 1868 019b 19       		.uleb128 0x19
 1869 019c 03       		.uleb128 0x3
 1870 019d 0E       		.uleb128 0xe
 1871 019e 3A       		.uleb128 0x3a
 1872 019f 0B       		.uleb128 0xb
 1873 01a0 3B       		.uleb128 0x3b
 1874 01a1 0B       		.uleb128 0xb
ARM GAS  /tmp/ccPglVLE.s 			page 34


 1875 01a2 27       		.uleb128 0x27
 1876 01a3 19       		.uleb128 0x19
 1877 01a4 11       		.uleb128 0x11
 1878 01a5 01       		.uleb128 0x1
 1879 01a6 12       		.uleb128 0x12
 1880 01a7 06       		.uleb128 0x6
 1881 01a8 40       		.uleb128 0x40
 1882 01a9 18       		.uleb128 0x18
 1883 01aa 9742     		.uleb128 0x2117
 1884 01ac 19       		.uleb128 0x19
 1885 01ad 01       		.uleb128 0x1
 1886 01ae 13       		.uleb128 0x13
 1887 01af 00       		.byte	0
 1888 01b0 00       		.byte	0
 1889 01b1 20       		.uleb128 0x20
 1890 01b2 34       		.uleb128 0x34
 1891 01b3 00       		.byte	0
 1892 01b4 03       		.uleb128 0x3
 1893 01b5 0E       		.uleb128 0xe
 1894 01b6 3A       		.uleb128 0x3a
 1895 01b7 0B       		.uleb128 0xb
 1896 01b8 3B       		.uleb128 0x3b
 1897 01b9 05       		.uleb128 0x5
 1898 01ba 49       		.uleb128 0x49
 1899 01bb 13       		.uleb128 0x13
 1900 01bc 3F       		.uleb128 0x3f
 1901 01bd 19       		.uleb128 0x19
 1902 01be 3C       		.uleb128 0x3c
 1903 01bf 19       		.uleb128 0x19
 1904 01c0 00       		.byte	0
 1905 01c1 00       		.byte	0
 1906 01c2 21       		.uleb128 0x21
 1907 01c3 34       		.uleb128 0x34
 1908 01c4 00       		.byte	0
 1909 01c5 03       		.uleb128 0x3
 1910 01c6 08       		.uleb128 0x8
 1911 01c7 3A       		.uleb128 0x3a
 1912 01c8 0B       		.uleb128 0xb
 1913 01c9 3B       		.uleb128 0x3b
 1914 01ca 05       		.uleb128 0x5
 1915 01cb 49       		.uleb128 0x49
 1916 01cc 13       		.uleb128 0x13
 1917 01cd 3F       		.uleb128 0x3f
 1918 01ce 19       		.uleb128 0x19
 1919 01cf 3C       		.uleb128 0x3c
 1920 01d0 19       		.uleb128 0x19
 1921 01d1 00       		.byte	0
 1922 01d2 00       		.byte	0
 1923 01d3 00       		.byte	0
 1924              		.section	.debug_aranges,"",%progbits
 1925 0000 1C000000 		.4byte	0x1c
 1926 0004 0200     		.2byte	0x2
 1927 0006 00000000 		.4byte	.Ldebug_info0
 1928 000a 04       		.byte	0x4
 1929 000b 00       		.byte	0
 1930 000c 0000     		.2byte	0
 1931 000e 0000     		.2byte	0
ARM GAS  /tmp/ccPglVLE.s 			page 35


 1932 0010 00000000 		.4byte	.Ltext0
 1933 0014 66010000 		.4byte	.Letext0-.Ltext0
 1934 0018 00000000 		.4byte	0
 1935 001c 00000000 		.4byte	0
 1936              		.section	.debug_line,"",%progbits
 1937              	.Ldebug_line0:
 1938 0000 B7020000 		.section	.debug_str,"MS",%progbits,1
 1938      02006F02 
 1938      00000201 
 1938      FB0E0D00 
 1938      01010101 
 1939              	.LASF18:
 1940 0000 72747469 		.ascii	"rttime_t\000"
 1940      6D655F74 
 1940      00
 1941              	.LASF54:
 1942 0009 72656164 		.ascii	"ready_list_t\000"
 1942      795F6C69 
 1942      73745F74 
 1942      00
 1943              	.LASF122:
 1944 0016 77747472 		.ascii	"wttrp\000"
 1944      7000
 1945              	.LASF119:
 1946 001c 7264796D 		.ascii	"rdymsg\000"
 1946      736700
 1947              	.LASF16:
 1948 0023 75696E74 		.ascii	"uint64_t\000"
 1948      36345F74 
 1948      00
 1949              	.LASF5:
 1950 002c 5F5F7569 		.ascii	"__uint8_t\000"
 1950      6E74385F 
 1950      7400
 1951              	.LASF111:
 1952 0036 706F7274 		.ascii	"port_intctx\000"
 1952      5F696E74 
 1952      63747800 
 1953              	.LASF79:
 1954 0042 76746C69 		.ascii	"vtlist\000"
 1954      737400
 1955              	.LASF115:
 1956 0049 776F7273 		.ascii	"worst\000"
 1956      7400
 1957              	.LASF118:
 1958 004f 74696D65 		.ascii	"time_measurement_t\000"
 1958      5F6D6561 
 1958      73757265 
 1958      6D656E74 
 1958      5F7400
 1959              	.LASF12:
 1960 0062 6C6F6E67 		.ascii	"long long unsigned int\000"
 1960      206C6F6E 
 1960      6720756E 
 1960      7369676E 
 1960      65642069 
 1961              	.LASF120:
ARM GAS  /tmp/ccPglVLE.s 			page 36


 1962 0079 65786974 		.ascii	"exitcode\000"
 1962      636F6465 
 1962      00
 1963              	.LASF80:
 1964 0082 6D61696E 		.ascii	"mainthread\000"
 1964      74687265 
 1964      616400
 1965              	.LASF146:
 1966 008d 746D5F73 		.ascii	"tm_stop\000"
 1966      746F7000 
 1967              	.LASF70:
 1968 0095 76697274 		.ascii	"virtual_timers_list_t\000"
 1968      75616C5F 
 1968      74696D65 
 1968      72735F6C 
 1968      6973745F 
 1969              	.LASF141:
 1970 00ab 49544D5F 		.ascii	"ITM_RxBuffer\000"
 1970      52784275 
 1970      66666572 
 1970      00
 1971              	.LASF53:
 1972 00b8 63685F74 		.ascii	"ch_threads_queue\000"
 1972      68726561 
 1972      64735F71 
 1972      75657565 
 1972      00
 1973              	.LASF32:
 1974 00c9 705F7072 		.ascii	"p_prio\000"
 1974      696F00
 1975              	.LASF139:
 1976 00d0 746D7031 		.ascii	"tmp1\000"
 1976      00
 1977              	.LASF140:
 1978 00d5 746D7032 		.ascii	"tmp2\000"
 1978      00
 1979              	.LASF10:
 1980 00da 6C6F6E67 		.ascii	"long long int\000"
 1980      206C6F6E 
 1980      6720696E 
 1980      7400
 1981              	.LASF1:
 1982 00e8 7369676E 		.ascii	"signed char\000"
 1982      65642063 
 1982      68617200 
 1983              	.LASF47:
 1984 00f4 705F6D70 		.ascii	"p_mpool\000"
 1984      6F6F6C00 
 1985              	.LASF85:
 1986 00fc 43504943 		.ascii	"CPICNT\000"
 1986      4E5400
 1987              	.LASF130:
 1988 0103 6D5F7175 		.ascii	"m_queue\000"
 1988      65756500 
 1989              	.LASF121:
 1990 010b 77746F62 		.ascii	"wtobjp\000"
 1990      6A7000
ARM GAS  /tmp/ccPglVLE.s 			page 37


 1991              	.LASF22:
 1992 0112 74736C69 		.ascii	"tslices_t\000"
 1992      6365735F 
 1992      7400
 1993              	.LASF136:
 1994 011c 6368544D 		.ascii	"chTMStartMeasurementX\000"
 1994      53746172 
 1994      744D6561 
 1994      73757265 
 1994      6D656E74 
 1995              	.LASF137:
 1996 0132 6368544D 		.ascii	"chTMStopMeasurementX\000"
 1996      53746F70 
 1996      4D656173 
 1996      7572656D 
 1996      656E7458 
 1997              	.LASF7:
 1998 0147 6C6F6E67 		.ascii	"long int\000"
 1998      20696E74 
 1998      00
 1999              	.LASF20:
 2000 0150 74737461 		.ascii	"tstate_t\000"
 2000      74655F74 
 2000      00
 2001              	.LASF45:
 2002 0159 705F6D74 		.ascii	"p_mtxlist\000"
 2002      786C6973 
 2002      7400
 2003              	.LASF87:
 2004 0163 534C4545 		.ascii	"SLEEPCNT\000"
 2004      50434E54 
 2004      00
 2005              	.LASF34:
 2006 016c 705F6E65 		.ascii	"p_newer\000"
 2006      77657200 
 2007              	.LASF127:
 2008 0174 735F7175 		.ascii	"s_queue\000"
 2008      65756500 
 2009              	.LASF59:
 2010 017c 725F6E65 		.ascii	"r_newer\000"
 2010      77657200 
 2011              	.LASF108:
 2012 0184 72656761 		.ascii	"regarm_t\000"
 2012      726D5F74 
 2012      00
 2013              	.LASF66:
 2014 018d 76745F70 		.ascii	"vt_prev\000"
 2014      72657600 
 2015              	.LASF144:
 2016 0195 2F752F65 		.ascii	"/u/elawton2/p442-submissions/sensortile/reference/b"
 2016      6C617774 
 2016      6F6E322F 
 2016      70343432 
 2016      2D737562 
 2017 01c8 6C75656D 		.ascii	"luemicrosystem2/BlueMicrosystem2_V2.2.0/Projects/Mu"
 2017      6963726F 
 2017      73797374 
ARM GAS  /tmp/ccPglVLE.s 			page 38


 2017      656D322F 
 2017      426C7565 
 2018 01fb 6C74692F 		.ascii	"lti/Applications/BlueMicrosystem2/bluechibi\000"
 2018      4170706C 
 2018      69636174 
 2018      696F6E73 
 2018      2F426C75 
 2019              	.LASF74:
 2020 0227 63685F73 		.ascii	"ch_system_debug\000"
 2020      79737465 
 2020      6D5F6465 
 2020      62756700 
 2021              	.LASF133:
 2022 0237 6D757465 		.ascii	"mutex_t\000"
 2022      785F7400 
 2023              	.LASF81:
 2024 023f 69646C65 		.ascii	"idle_thread_wa\000"
 2024      5F746872 
 2024      6561645F 
 2024      776100
 2025              	.LASF26:
 2026 024e 636E745F 		.ascii	"cnt_t\000"
 2026      7400
 2027              	.LASF0:
 2028 0254 756E7369 		.ascii	"unsigned int\000"
 2028      676E6564 
 2028      20696E74 
 2028      00
 2029              	.LASF100:
 2030 0261 4D41534B 		.ascii	"MASK2\000"
 2030      3200
 2031              	.LASF104:
 2032 0267 4D41534B 		.ascii	"MASK3\000"
 2032      3300
 2033              	.LASF123:
 2034 026d 77747365 		.ascii	"wtsemp\000"
 2034      6D7000
 2035              	.LASF67:
 2036 0274 76745F64 		.ascii	"vt_delta\000"
 2036      656C7461 
 2036      00
 2037              	.LASF73:
 2038 027d 73797374 		.ascii	"system_debug_t\000"
 2038      656D5F64 
 2038      65627567 
 2038      5F7400
 2039              	.LASF65:
 2040 028c 76745F6E 		.ascii	"vt_next\000"
 2040      65787400 
 2041              	.LASF128:
 2042 0294 735F636E 		.ascii	"s_cnt\000"
 2042      7400
 2043              	.LASF4:
 2044 029a 73686F72 		.ascii	"short unsigned int\000"
 2044      7420756E 
 2044      7369676E 
 2044      65642069 
ARM GAS  /tmp/ccPglVLE.s 			page 39


 2044      6E7400
 2045              	.LASF50:
 2046 02ad 63685F74 		.ascii	"ch_thread\000"
 2046      68726561 
 2046      6400
 2047              	.LASF86:
 2048 02b7 45584343 		.ascii	"EXCCNT\000"
 2048      4E5400
 2049              	.LASF24:
 2050 02be 6D73675F 		.ascii	"msg_t\000"
 2050      7400
 2051              	.LASF116:
 2052 02c4 6C617374 		.ascii	"last\000"
 2052      00
 2053              	.LASF27:
 2054 02c9 75636E74 		.ascii	"ucnt_t\000"
 2054      5F7400
 2055              	.LASF76:
 2056 02d0 63685F73 		.ascii	"ch_system_t\000"
 2056      79737465 
 2056      6D5F7400 
 2057              	.LASF19:
 2058 02dc 746D6F64 		.ascii	"tmode_t\000"
 2058      655F7400 
 2059              	.LASF55:
 2060 02e4 63685F72 		.ascii	"ch_ready_list\000"
 2060      65616479 
 2060      5F6C6973 
 2060      7400
 2061              	.LASF25:
 2062 02f2 6576656E 		.ascii	"eventmask_t\000"
 2062      746D6173 
 2062      6B5F7400 
 2063              	.LASF6:
 2064 02fe 5F5F696E 		.ascii	"__int32_t\000"
 2064      7433325F 
 2064      7400
 2065              	.LASF138:
 2066 0308 6368544D 		.ascii	"chTMChainMeasurementToX\000"
 2066      43686169 
 2066      6E4D6561 
 2066      73757265 
 2066      6D656E74 
 2067              	.LASF109:
 2068 0320 73746B61 		.ascii	"stkalign_t\000"
 2068      6C69676E 
 2068      5F7400
 2069              	.LASF84:
 2070 032b 43594343 		.ascii	"CYCCNT\000"
 2070      4E5400
 2071              	.LASF143:
 2072 0332 2E2E2F2E 		.ascii	"../../../../../../ChibiOS/os/rt/src/chtm.c\000"
 2072      2E2F2E2E 
 2072      2F2E2E2F 
 2072      2E2E2F2E 
 2072      2E2F4368 
 2073              	.LASF17:
ARM GAS  /tmp/ccPglVLE.s 			page 40


 2074 035d 7274636E 		.ascii	"rtcnt_t\000"
 2074      745F7400 
 2075              	.LASF48:
 2076 0365 74687265 		.ascii	"thread_reference_t\000"
 2076      61645F72 
 2076      65666572 
 2076      656E6365 
 2076      5F7400
 2077              	.LASF71:
 2078 0378 63685F76 		.ascii	"ch_virtual_timers_list\000"
 2078      69727475 
 2078      616C5F74 
 2078      696D6572 
 2078      735F6C69 
 2079              	.LASF68:
 2080 038f 76745F66 		.ascii	"vt_func\000"
 2080      756E6300 
 2081              	.LASF113:
 2082 0397 746D5F63 		.ascii	"tm_calibration_t\000"
 2082      616C6962 
 2082      72617469 
 2082      6F6E5F74 
 2082      00
 2083              	.LASF135:
 2084 03a8 6368544D 		.ascii	"chTMObjectInit\000"
 2084      4F626A65 
 2084      6374496E 
 2084      697400
 2085              	.LASF35:
 2086 03b7 705F6F6C 		.ascii	"p_older\000"
 2086      64657200 
 2087              	.LASF58:
 2088 03bf 725F6374 		.ascii	"r_ctx\000"
 2088      7800
 2089              	.LASF33:
 2090 03c5 705F6374 		.ascii	"p_ctx\000"
 2090      7800
 2091              	.LASF95:
 2092 03cb 434F4D50 		.ascii	"COMP1\000"
 2092      3100
 2093              	.LASF99:
 2094 03d1 434F4D50 		.ascii	"COMP2\000"
 2094      3200
 2095              	.LASF103:
 2096 03d7 434F4D50 		.ascii	"COMP3\000"
 2096      3300
 2097              	.LASF61:
 2098 03dd 725F6375 		.ascii	"r_current\000"
 2098      7272656E 
 2098      7400
 2099              	.LASF60:
 2100 03e7 725F6F6C 		.ascii	"r_older\000"
 2100      64657200 
 2101              	.LASF11:
 2102 03ef 5F5F7569 		.ascii	"__uint64_t\000"
 2102      6E743634 
 2102      5F7400
ARM GAS  /tmp/ccPglVLE.s 			page 41


 2103              	.LASF117:
 2104 03fa 63756D75 		.ascii	"cumulative\000"
 2104      6C617469 
 2104      766500
 2105              	.LASF21:
 2106 0405 74726566 		.ascii	"trefs_t\000"
 2106      735F7400 
 2107              	.LASF94:
 2108 040d 52455345 		.ascii	"RESERVED0\000"
 2108      52564544 
 2108      3000
 2109              	.LASF98:
 2110 0417 52455345 		.ascii	"RESERVED1\000"
 2110      52564544 
 2110      3100
 2111              	.LASF102:
 2112 0421 52455345 		.ascii	"RESERVED2\000"
 2112      52564544 
 2112      3200
 2113              	.LASF63:
 2114 042b 76697274 		.ascii	"virtual_timer_t\000"
 2114      75616C5F 
 2114      74696D65 
 2114      725F7400 
 2115              	.LASF31:
 2116 043b 705F7072 		.ascii	"p_prev\000"
 2116      657600
 2117              	.LASF23:
 2118 0442 74707269 		.ascii	"tprio_t\000"
 2118      6F5F7400 
 2119              	.LASF90:
 2120 044a 50435352 		.ascii	"PCSR\000"
 2120      00
 2121              	.LASF92:
 2122 044f 4D41534B 		.ascii	"MASK0\000"
 2122      3000
 2123              	.LASF96:
 2124 0455 4D41534B 		.ascii	"MASK1\000"
 2124      3100
 2125              	.LASF14:
 2126 045b 696E7433 		.ascii	"int32_t\000"
 2126      325F7400 
 2127              	.LASF2:
 2128 0463 756E7369 		.ascii	"unsigned char\000"
 2128      676E6564 
 2128      20636861 
 2128      7200
 2129              	.LASF93:
 2130 0471 46554E43 		.ascii	"FUNCTION0\000"
 2130      54494F4E 
 2130      3000
 2131              	.LASF97:
 2132 047b 46554E43 		.ascii	"FUNCTION1\000"
 2132      54494F4E 
 2132      3100
 2133              	.LASF101:
 2134 0485 46554E43 		.ascii	"FUNCTION2\000"
ARM GAS  /tmp/ccPglVLE.s 			page 42


 2134      54494F4E 
 2134      3200
 2135              	.LASF105:
 2136 048f 46554E43 		.ascii	"FUNCTION3\000"
 2136      54494F4E 
 2136      3300
 2137              	.LASF3:
 2138 0499 73686F72 		.ascii	"short int\000"
 2138      7420696E 
 2138      7400
 2139              	.LASF37:
 2140 04a3 705F7374 		.ascii	"p_state\000"
 2140      61746500 
 2141              	.LASF40:
 2142 04ab 705F7072 		.ascii	"p_preempt\000"
 2142      65656D70 
 2142      7400
 2143              	.LASF57:
 2144 04b5 725F7072 		.ascii	"r_prio\000"
 2144      696F00
 2145              	.LASF125:
 2146 04bc 65776D61 		.ascii	"ewmask\000"
 2146      736B00
 2147              	.LASF30:
 2148 04c3 705F6E65 		.ascii	"p_next\000"
 2148      787400
 2149              	.LASF77:
 2150 04ca 63685F73 		.ascii	"ch_system\000"
 2150      79737465 
 2150      6D00
 2151              	.LASF64:
 2152 04d4 63685F76 		.ascii	"ch_virtual_timer\000"
 2152      69727475 
 2152      616C5F74 
 2152      696D6572 
 2152      00
 2153              	.LASF126:
 2154 04e5 63685F73 		.ascii	"ch_semaphore\000"
 2154      656D6170 
 2154      686F7265 
 2154      00
 2155              	.LASF44:
 2156 04f2 705F6570 		.ascii	"p_epending\000"
 2156      656E6469 
 2156      6E6700
 2157              	.LASF88:
 2158 04fd 4C535543 		.ascii	"LSUCNT\000"
 2158      4E5400
 2159              	.LASF15:
 2160 0504 75696E74 		.ascii	"uint32_t\000"
 2160      33325F74 
 2160      00
 2161              	.LASF124:
 2162 050d 77746D74 		.ascii	"wtmtxp\000"
 2162      787000
 2163              	.LASF56:
 2164 0514 725F7175 		.ascii	"r_queue\000"
ARM GAS  /tmp/ccPglVLE.s 			page 43


 2164      65756500 
 2165              	.LASF72:
 2166 051c 76745F73 		.ascii	"vt_systime\000"
 2166      79737469 
 2166      6D6500
 2167              	.LASF51:
 2168 0527 63685F74 		.ascii	"ch_threads_list\000"
 2168      68726561 
 2168      64735F6C 
 2168      69737400 
 2169              	.LASF9:
 2170 0537 6C6F6E67 		.ascii	"long unsigned int\000"
 2170      20756E73 
 2170      69676E65 
 2170      6420696E 
 2170      7400
 2171              	.LASF107:
 2172 0549 63686172 		.ascii	"char\000"
 2172      00
 2173              	.LASF29:
 2174 054e 74687265 		.ascii	"thread_t\000"
 2174      61645F74 
 2174      00
 2175              	.LASF114:
 2176 0557 62657374 		.ascii	"best\000"
 2176      00
 2177              	.LASF132:
 2178 055c 6D5F6E65 		.ascii	"m_next\000"
 2178      787400
 2179              	.LASF28:
 2180 0563 73797374 		.ascii	"systime_t\000"
 2180      696D655F 
 2180      7400
 2181              	.LASF46:
 2182 056d 705F7265 		.ascii	"p_realprio\000"
 2182      616C7072 
 2182      696F00
 2183              	.LASF62:
 2184 0578 76746675 		.ascii	"vtfunc_t\000"
 2184      6E635F74 
 2184      00
 2185              	.LASF8:
 2186 0581 5F5F7569 		.ascii	"__uint32_t\000"
 2186      6E743332 
 2186      5F7400
 2187              	.LASF75:
 2188 058c 70616E69 		.ascii	"panic_msg\000"
 2188      635F6D73 
 2188      6700
 2189              	.LASF112:
 2190 0596 6F666673 		.ascii	"offset\000"
 2190      657400
 2191              	.LASF110:
 2192 059d 636F6E74 		.ascii	"context\000"
 2192      65787400 
 2193              	.LASF106:
 2194 05a5 4457545F 		.ascii	"DWT_Type\000"
ARM GAS  /tmp/ccPglVLE.s 			page 44


 2194      54797065 
 2194      00
 2195              	.LASF42:
 2196 05ae 705F6D73 		.ascii	"p_msgqueue\000"
 2196      67717565 
 2196      756500
 2197              	.LASF83:
 2198 05b9 4354524C 		.ascii	"CTRL\000"
 2198      00
 2199              	.LASF69:
 2200 05be 76745F70 		.ascii	"vt_par\000"
 2200      617200
 2201              	.LASF91:
 2202 05c5 434F4D50 		.ascii	"COMP0\000"
 2202      3000
 2203              	.LASF52:
 2204 05cb 74687265 		.ascii	"threads_queue_t\000"
 2204      6164735F 
 2204      71756575 
 2204      655F7400 
 2205              	.LASF39:
 2206 05db 705F7265 		.ascii	"p_refs\000"
 2206      667300
 2207              	.LASF78:
 2208 05e2 726C6973 		.ascii	"rlist\000"
 2208      7400
 2209              	.LASF13:
 2210 05e8 75696E74 		.ascii	"uint8_t\000"
 2210      385F7400 
 2211              	.LASF142:
 2212 05f0 474E5520 		.ascii	"GNU C 4.8.4 20140526 (release) [ARM/embedded-4_8-br"
 2212      4320342E 
 2212      382E3420 
 2212      32303134 
 2212      30353236 
 2213 0623 616E6368 		.ascii	"anch revision 211358] -mcpu=cortex-m4 -mno-thumb-in"
 2213      20726576 
 2213      6973696F 
 2213      6E203231 
 2213      31333538 
 2214 0656 74657277 		.ascii	"terwork -mthumb -ggdb -O0 -std=c99 -fomit-frame-poi"
 2214      6F726B20 
 2214      2D6D7468 
 2214      756D6220 
 2214      2D676764 
 2215 0689 6E746572 		.ascii	"nter -falign-functions=16\000"
 2215      202D6661 
 2215      6C69676E 
 2215      2D66756E 
 2215      6374696F 
 2216              	.LASF82:
 2217 06a3 73697A65 		.ascii	"sizetype\000"
 2217      74797065 
 2217      00
 2218              	.LASF89:
 2219 06ac 464F4C44 		.ascii	"FOLDCNT\000"
 2219      434E5400 
ARM GAS  /tmp/ccPglVLE.s 			page 45


 2220              	.LASF129:
 2221 06b4 63685F6D 		.ascii	"ch_mutex\000"
 2221      75746578 
 2221      00
 2222              	.LASF36:
 2223 06bd 705F6E61 		.ascii	"p_name\000"
 2223      6D6500
 2224              	.LASF49:
 2225 06c4 74687265 		.ascii	"threads_list_t\000"
 2225      6164735F 
 2225      6C697374 
 2225      5F7400
 2226              	.LASF145:
 2227 06d3 706F7274 		.ascii	"port_rt_get_counter_value\000"
 2227      5F72745F 
 2227      6765745F 
 2227      636F756E 
 2227      7465725F 
 2228              	.LASF38:
 2229 06ed 705F666C 		.ascii	"p_flags\000"
 2229      61677300 
 2230              	.LASF43:
 2231 06f5 705F6D73 		.ascii	"p_msg\000"
 2231      6700
 2232              	.LASF131:
 2233 06fb 6D5F6F77 		.ascii	"m_owner\000"
 2233      6E657200 
 2234              	.LASF41:
 2235 0703 705F7761 		.ascii	"p_waiting\000"
 2235      6974696E 
 2235      6700
 2236              	.LASF134:
 2237 070d 5F746D5F 		.ascii	"_tm_init\000"
 2237      696E6974 
 2237      00
 2238              		.ident	"GCC: (GNU Tools for ARM Embedded Processors) 4.8.4 20140526 (release) [ARM/embedded-4_8-br
ARM GAS  /tmp/ccPglVLE.s 			page 46


DEFINED SYMBOLS
                            *ABS*:00000000 chtm.c
     /tmp/ccPglVLE.s:18     .text:00000000 $t
     /tmp/ccPglVLE.s:23     .text:00000000 port_rt_get_counter_value
     /tmp/ccPglVLE.s:40     .text:00000008 $d
     /tmp/ccPglVLE.s:44     .text:0000000c $t
     /tmp/ccPglVLE.s:49     .text:00000010 tm_stop
     /tmp/ccPglVLE.s:127    .text:00000080 _tm_init
     /tmp/ccPglVLE.s:175    .text:000000c0 chTMObjectInit
     /tmp/ccPglVLE.s:219    .text:000000f0 chTMStartMeasurementX
     /tmp/ccPglVLE.s:249    .text:00000110 chTMStopMeasurementX
     /tmp/ccPglVLE.s:165    .text:000000b0 $d
     /tmp/ccPglVLE.s:169    .text:000000b4 $t
     /tmp/ccPglVLE.s:277    .text:00000130 $d
     /tmp/ccPglVLE.s:281    .text:00000134 $t
     /tmp/ccPglVLE.s:287    .text:00000140 chTMChainMeasurementToX
                     .debug_frame:00000010 $d

UNDEFINED SYMBOLS
ch
