ARM GAS  /tmp/ccDkhlCj.s 			page 1


   1              		.syntax unified
   2              		.cpu cortex-m4
   3              		.fpu softvfp
   4              		.eabi_attribute 20, 1
   5              		.eabi_attribute 21, 1
   6              		.eabi_attribute 23, 3
   7              		.eabi_attribute 24, 1
   8              		.eabi_attribute 25, 1
   9              		.eabi_attribute 26, 1
  10              		.eabi_attribute 30, 6
  11              		.eabi_attribute 34, 1
  12              		.eabi_attribute 18, 4
  13              		.thumb
  14              		.file	"chvt.c"
  15              		.text
  16              	.Ltext0:
  17              		.cfi_sections	.debug_frame
  18              		.align	2
  19              		.p2align 4,,15
  20              		.global	_vt_init
  21              		.thumb
  22              		.thumb_func
  23              		.type	_vt_init, %function
  24              	_vt_init:
  25              	.LFB232:
  26              		.file 1 "../../../../../../ChibiOS/os/rt/src/chvt.c"
  27              		.loc 1 61 0
  28              		.cfi_startproc
  29              		@ args = 0, pretend = 0, frame = 0
  30              		@ frame_needed = 0, uses_anonymous_args = 0
  31              		@ link register save eliminated.
  32              		.loc 1 63 0
  33 0000 064B     		ldr	r3, .L2
  34 0002 074A     		ldr	r2, .L2+4
  35 0004 DA61     		str	r2, [r3, #28]
  36              		.loc 1 64 0
  37 0006 054B     		ldr	r3, .L2
  38 0008 054A     		ldr	r2, .L2+4
  39 000a 1A62     		str	r2, [r3, #32]
  40              		.loc 1 65 0
  41 000c 034B     		ldr	r3, .L2
  42 000e 4FF0FF32 		mov	r2, #-1
  43 0012 5A62     		str	r2, [r3, #36]
  44              		.loc 1 67 0
  45 0014 014B     		ldr	r3, .L2
  46 0016 0022     		movs	r2, #0
  47 0018 9A62     		str	r2, [r3, #40]
  48              		.loc 1 71 0
  49 001a 7047     		bx	lr
  50              	.L3:
  51              		.align	2
  52              	.L2:
  53 001c 00000000 		.word	ch
  54 0020 1C000000 		.word	ch+28
  55              		.cfi_endproc
  56              	.LFE232:
  57              		.size	_vt_init, .-_vt_init
ARM GAS  /tmp/ccDkhlCj.s 			page 2


  58              		.align	2
  59 0024 AFF30080 		.p2align 4,,15
  59      AFF30080 
  59      AFF30080 
  60              		.global	chVTDoSetI
  61              		.thumb
  62              		.thumb_func
  63              		.type	chVTDoSetI, %function
  64              	chVTDoSetI:
  65              	.LFB233:
  66              		.loc 1 96 0
  67              		.cfi_startproc
  68              		@ args = 0, pretend = 0, frame = 24
  69              		@ frame_needed = 0, uses_anonymous_args = 0
  70              		@ link register save eliminated.
  71 0030 86B0     		sub	sp, sp, #24
  72              		.cfi_def_cfa_offset 24
  73 0032 0390     		str	r0, [sp, #12]
  74 0034 0291     		str	r1, [sp, #8]
  75 0036 0192     		str	r2, [sp, #4]
  76 0038 0093     		str	r3, [sp]
  77              		.loc 1 103 0
  78 003a 039B     		ldr	r3, [sp, #12]
  79 003c 009A     		ldr	r2, [sp]
  80 003e 1A61     		str	r2, [r3, #16]
  81              		.loc 1 104 0
  82 0040 039B     		ldr	r3, [sp, #12]
  83 0042 019A     		ldr	r2, [sp, #4]
  84 0044 DA60     		str	r2, [r3, #12]
  85              		.loc 1 156 0
  86 0046 029B     		ldr	r3, [sp, #8]
  87 0048 0493     		str	r3, [sp, #16]
  88              		.loc 1 159 0
  89 004a 174B     		ldr	r3, .L7
  90 004c DB69     		ldr	r3, [r3, #28]
  91 004e 0593     		str	r3, [sp, #20]
  92              		.loc 1 164 0
  93 0050 07E0     		b	.L5
  94              	.L6:
  95              		.loc 1 165 0
  96 0052 059B     		ldr	r3, [sp, #20]
  97 0054 9B68     		ldr	r3, [r3, #8]
  98 0056 049A     		ldr	r2, [sp, #16]
  99 0058 D31A     		subs	r3, r2, r3
 100 005a 0493     		str	r3, [sp, #16]
 101              		.loc 1 166 0
 102 005c 059B     		ldr	r3, [sp, #20]
 103 005e 1B68     		ldr	r3, [r3]
 104 0060 0593     		str	r3, [sp, #20]
 105              	.L5:
 106              		.loc 1 164 0 discriminator 1
 107 0062 059B     		ldr	r3, [sp, #20]
 108 0064 9A68     		ldr	r2, [r3, #8]
 109 0066 049B     		ldr	r3, [sp, #16]
 110 0068 9A42     		cmp	r2, r3
 111 006a F2D3     		bcc	.L6
 112              		.loc 1 170 0
ARM GAS  /tmp/ccDkhlCj.s 			page 3


 113 006c 039B     		ldr	r3, [sp, #12]
 114 006e 059A     		ldr	r2, [sp, #20]
 115 0070 1A60     		str	r2, [r3]
 116              		.loc 1 171 0
 117 0072 039B     		ldr	r3, [sp, #12]
 118 0074 1B68     		ldr	r3, [r3]
 119 0076 5A68     		ldr	r2, [r3, #4]
 120 0078 039B     		ldr	r3, [sp, #12]
 121 007a 5A60     		str	r2, [r3, #4]
 122              		.loc 1 172 0
 123 007c 039B     		ldr	r3, [sp, #12]
 124 007e 5B68     		ldr	r3, [r3, #4]
 125 0080 039A     		ldr	r2, [sp, #12]
 126 0082 1A60     		str	r2, [r3]
 127              		.loc 1 173 0
 128 0084 059B     		ldr	r3, [sp, #20]
 129 0086 039A     		ldr	r2, [sp, #12]
 130 0088 5A60     		str	r2, [r3, #4]
 131              		.loc 1 174 0
 132 008a 039B     		ldr	r3, [sp, #12]
 133 008c 049A     		ldr	r2, [sp, #16]
 134 008e 9A60     		str	r2, [r3, #8]
 135              		.loc 1 178 0
 136 0090 059B     		ldr	r3, [sp, #20]
 137 0092 9A68     		ldr	r2, [r3, #8]
 138 0094 049B     		ldr	r3, [sp, #16]
 139 0096 D21A     		subs	r2, r2, r3
 140 0098 059B     		ldr	r3, [sp, #20]
 141 009a 9A60     		str	r2, [r3, #8]
 142              		.loc 1 179 0
 143 009c 024B     		ldr	r3, .L7
 144 009e 4FF0FF32 		mov	r2, #-1
 145 00a2 5A62     		str	r2, [r3, #36]
 146              		.loc 1 180 0
 147 00a4 06B0     		add	sp, sp, #24
 148              		@ sp needed
 149 00a6 7047     		bx	lr
 150              	.L8:
 151              		.align	2
 152              	.L7:
 153 00a8 00000000 		.word	ch
 154              		.cfi_endproc
 155              	.LFE233:
 156              		.size	chVTDoSetI, .-chVTDoSetI
 157              		.align	2
 158 00ac AFF30080 		.p2align 4,,15
 159              		.global	chVTDoResetI
 160              		.thumb
 161              		.thumb_func
 162              		.type	chVTDoResetI, %function
 163              	chVTDoResetI:
 164              	.LFB234:
 165              		.loc 1 190 0
 166              		.cfi_startproc
 167              		@ args = 0, pretend = 0, frame = 8
 168              		@ frame_needed = 0, uses_anonymous_args = 0
 169              		@ link register save eliminated.
ARM GAS  /tmp/ccDkhlCj.s 			page 4


 170 00b0 82B0     		sub	sp, sp, #8
 171              		.cfi_def_cfa_offset 8
 172 00b2 0190     		str	r0, [sp, #4]
 173              		.loc 1 199 0
 174 00b4 019B     		ldr	r3, [sp, #4]
 175 00b6 1B68     		ldr	r3, [r3]
 176 00b8 019A     		ldr	r2, [sp, #4]
 177 00ba 1268     		ldr	r2, [r2]
 178 00bc 9168     		ldr	r1, [r2, #8]
 179 00be 019A     		ldr	r2, [sp, #4]
 180 00c0 9268     		ldr	r2, [r2, #8]
 181 00c2 0A44     		add	r2, r2, r1
 182 00c4 9A60     		str	r2, [r3, #8]
 183              		.loc 1 202 0
 184 00c6 019B     		ldr	r3, [sp, #4]
 185 00c8 5B68     		ldr	r3, [r3, #4]
 186 00ca 019A     		ldr	r2, [sp, #4]
 187 00cc 1268     		ldr	r2, [r2]
 188 00ce 1A60     		str	r2, [r3]
 189              		.loc 1 203 0
 190 00d0 019B     		ldr	r3, [sp, #4]
 191 00d2 1B68     		ldr	r3, [r3]
 192 00d4 019A     		ldr	r2, [sp, #4]
 193 00d6 5268     		ldr	r2, [r2, #4]
 194 00d8 5A60     		str	r2, [r3, #4]
 195              		.loc 1 204 0
 196 00da 019B     		ldr	r3, [sp, #4]
 197 00dc 0022     		movs	r2, #0
 198 00de DA60     		str	r2, [r3, #12]
 199              		.loc 1 208 0
 200 00e0 024B     		ldr	r3, .L10
 201 00e2 4FF0FF32 		mov	r2, #-1
 202 00e6 5A62     		str	r2, [r3, #36]
 203              		.loc 1 268 0
 204 00e8 02B0     		add	sp, sp, #8
 205              		@ sp needed
 206 00ea 7047     		bx	lr
 207              	.L11:
 208              		.align	2
 209              	.L10:
 210 00ec 00000000 		.word	ch
 211              		.cfi_endproc
 212              	.LFE234:
 213              		.size	chVTDoResetI, .-chVTDoResetI
 214              	.Letext0:
 215              		.file 2 "/nfs/nfs5/home/research/hardware/arm2/gcc-arm-embedded/gcc-arm-none-eabi-4_8-2014q2/arm-n
 216              		.file 3 "/nfs/nfs5/home/research/hardware/arm2/gcc-arm-embedded/gcc-arm-none-eabi-4_8-2014q2/arm-n
 217              		.file 4 "../../../../../../ChibiOS/os/rt/ports/ARMCMx/compilers/GCC/chtypes.h"
 218              		.file 5 "../../../../../../ChibiOS/os/rt/include/chsystypes.h"
 219              		.file 6 "../../../../../../ChibiOS/os/rt/include/chschd.h"
 220              		.file 7 "../../../../../../ChibiOS/os/rt/ports/ARMCMx/chcore.h"
 221              		.file 8 "../../../../../../ChibiOS/os/rt/ports/ARMCMx/chcore_v7m.h"
 222              		.file 9 "../../../../../../ChibiOS/os/rt/include/chtm.h"
 223              		.file 10 "../../../../../../ChibiOS/os/rt/include/chsem.h"
 224              		.file 11 "../../../../../../ChibiOS/os/rt/include/chmtx.h"
 225              		.file 12 "../../../../../../ChibiOS/os/ext/CMSIS/include/core_cm4.h"
 226              		.section	.debug_info,"",%progbits
ARM GAS  /tmp/ccDkhlCj.s 			page 5


 227              	.Ldebug_info0:
 228 0000 24070000 		.4byte	0x724
 229 0004 0400     		.2byte	0x4
 230 0006 00000000 		.4byte	.Ldebug_abbrev0
 231 000a 04       		.byte	0x4
 232 000b 01       		.uleb128 0x1
 233 000c 90030000 		.4byte	.LASF110
 234 0010 01       		.byte	0x1
 235 0011 06010000 		.4byte	.LASF111
 236 0015 63010000 		.4byte	.LASF112
 237 0019 00000000 		.4byte	.Ltext0
 238 001d F0000000 		.4byte	.Letext0-.Ltext0
 239 0021 00000000 		.4byte	.Ldebug_line0
 240 0025 02       		.uleb128 0x2
 241 0026 04       		.byte	0x4
 242 0027 05       		.byte	0x5
 243 0028 696E7400 		.ascii	"int\000"
 244 002c 03       		.uleb128 0x3
 245 002d 04       		.byte	0x4
 246 002e 07       		.byte	0x7
 247 002f 12020000 		.4byte	.LASF0
 248 0033 03       		.uleb128 0x3
 249 0034 01       		.byte	0x1
 250 0035 06       		.byte	0x6
 251 0036 C6000000 		.4byte	.LASF1
 252 003a 04       		.uleb128 0x4
 253 003b 2F000000 		.4byte	.LASF5
 254 003f 02       		.byte	0x2
 255 0040 1C       		.byte	0x1c
 256 0041 45000000 		.4byte	0x45
 257 0045 03       		.uleb128 0x3
 258 0046 01       		.byte	0x1
 259 0047 08       		.byte	0x8
 260 0048 7C030000 		.4byte	.LASF2
 261 004c 03       		.uleb128 0x3
 262 004d 02       		.byte	0x2
 263 004e 05       		.byte	0x5
 264 004f 4D040000 		.4byte	.LASF3
 265 0053 03       		.uleb128 0x3
 266 0054 02       		.byte	0x2
 267 0055 07       		.byte	0x7
 268 0056 4C020000 		.4byte	.LASF4
 269 005a 04       		.uleb128 0x4
 270 005b 9C020000 		.4byte	.LASF6
 271 005f 02       		.byte	0x2
 272 0060 37       		.byte	0x37
 273 0061 65000000 		.4byte	0x65
 274 0065 03       		.uleb128 0x3
 275 0066 04       		.byte	0x4
 276 0067 05       		.byte	0x5
 277 0068 FD000000 		.4byte	.LASF7
 278 006c 04       		.uleb128 0x4
 279 006d 30050000 		.4byte	.LASF8
 280 0071 02       		.byte	0x2
 281 0072 38       		.byte	0x38
 282 0073 77000000 		.4byte	0x77
 283 0077 03       		.uleb128 0x3
ARM GAS  /tmp/ccDkhlCj.s 			page 6


 284 0078 04       		.byte	0x4
 285 0079 07       		.byte	0x7
 286 007a EB040000 		.4byte	.LASF9
 287 007e 03       		.uleb128 0x3
 288 007f 08       		.byte	0x8
 289 0080 05       		.byte	0x5
 290 0081 B8000000 		.4byte	.LASF10
 291 0085 04       		.uleb128 0x4
 292 0086 32030000 		.4byte	.LASF11
 293 008a 02       		.byte	0x2
 294 008b 4E       		.byte	0x4e
 295 008c 90000000 		.4byte	0x90
 296 0090 03       		.uleb128 0x3
 297 0091 08       		.byte	0x8
 298 0092 07       		.byte	0x7
 299 0093 4C000000 		.4byte	.LASF12
 300 0097 04       		.uleb128 0x4
 301 0098 8A050000 		.4byte	.LASF13
 302 009c 03       		.byte	0x3
 303 009d 2A       		.byte	0x2a
 304 009e 3A000000 		.4byte	0x3a
 305 00a2 04       		.uleb128 0x4
 306 00a3 74030000 		.4byte	.LASF14
 307 00a7 03       		.byte	0x3
 308 00a8 41       		.byte	0x41
 309 00a9 5A000000 		.4byte	0x5a
 310 00ad 04       		.uleb128 0x4
 311 00ae B8040000 		.4byte	.LASF15
 312 00b2 03       		.byte	0x3
 313 00b3 42       		.byte	0x42
 314 00b4 6C000000 		.4byte	0x6c
 315 00b8 04       		.uleb128 0x4
 316 00b9 1A000000 		.4byte	.LASF16
 317 00bd 03       		.byte	0x3
 318 00be 4E       		.byte	0x4e
 319 00bf 85000000 		.4byte	0x85
 320 00c3 04       		.uleb128 0x4
 321 00c4 C7020000 		.4byte	.LASF17
 322 00c8 04       		.byte	0x4
 323 00c9 39       		.byte	0x39
 324 00ca AD000000 		.4byte	0xad
 325 00ce 04       		.uleb128 0x4
 326 00cf 7B020000 		.4byte	.LASF18
 327 00d3 04       		.byte	0x4
 328 00d4 3C       		.byte	0x3c
 329 00d5 97000000 		.4byte	0x97
 330 00d9 04       		.uleb128 0x4
 331 00da 31010000 		.4byte	.LASF19
 332 00de 04       		.byte	0x4
 333 00df 3D       		.byte	0x3d
 334 00e0 97000000 		.4byte	0x97
 335 00e4 04       		.uleb128 0x4
 336 00e5 3D030000 		.4byte	.LASF20
 337 00e9 04       		.byte	0x4
 338 00ea 3E       		.byte	0x3e
 339 00eb 97000000 		.4byte	0x97
 340 00ef 04       		.uleb128 0x4
ARM GAS  /tmp/ccDkhlCj.s 			page 7


 341 00f0 E9000000 		.4byte	.LASF21
 342 00f4 04       		.byte	0x4
 343 00f5 3F       		.byte	0x3f
 344 00f6 97000000 		.4byte	0x97
 345 00fa 04       		.uleb128 0x4
 346 00fb 5C030000 		.4byte	.LASF22
 347 00ff 04       		.byte	0x4
 348 0100 40       		.byte	0x40
 349 0101 AD000000 		.4byte	0xad
 350 0105 04       		.uleb128 0x4
 351 0106 69020000 		.4byte	.LASF23
 352 010a 04       		.byte	0x4
 353 010b 41       		.byte	0x41
 354 010c A2000000 		.4byte	0xa2
 355 0110 04       		.uleb128 0x4
 356 0111 23000000 		.4byte	.LASF24
 357 0115 04       		.byte	0x4
 358 0116 43       		.byte	0x43
 359 0117 AD000000 		.4byte	0xad
 360 011b 04       		.uleb128 0x4
 361 011c 0C020000 		.4byte	.LASF25
 362 0120 04       		.byte	0x4
 363 0121 45       		.byte	0x45
 364 0122 A2000000 		.4byte	0xa2
 365 0126 04       		.uleb128 0x4
 366 0127 12050000 		.4byte	.LASF26
 367 012b 05       		.byte	0x5
 368 012c 33       		.byte	0x33
 369 012d AD000000 		.4byte	0xad
 370 0131 04       		.uleb128 0x4
 371 0132 02050000 		.4byte	.LASF27
 372 0136 05       		.byte	0x5
 373 0137 3F       		.byte	0x3f
 374 0138 3C010000 		.4byte	0x13c
 375 013c 05       		.uleb128 0x5
 376 013d 5F020000 		.4byte	.LASF48
 377 0141 44       		.byte	0x44
 378 0142 06       		.byte	0x6
 379 0143 C2       		.byte	0xc2
 380 0144 35020000 		.4byte	0x235
 381 0148 06       		.uleb128 0x6
 382 0149 77040000 		.4byte	.LASF28
 383 014d 06       		.byte	0x6
 384 014e C3       		.byte	0xc3
 385 014f 40020000 		.4byte	0x240
 386 0153 00       		.byte	0
 387 0154 06       		.uleb128 0x6
 388 0155 55030000 		.4byte	.LASF29
 389 0159 06       		.byte	0x6
 390 015a C5       		.byte	0xc5
 391 015b 40020000 		.4byte	0x240
 392 015f 04       		.byte	0x4
 393 0160 06       		.uleb128 0x6
 394 0161 A8000000 		.4byte	.LASF30
 395 0165 06       		.byte	0x6
 396 0166 C7       		.byte	0xc7
 397 0167 FA000000 		.4byte	0xfa
ARM GAS  /tmp/ccDkhlCj.s 			page 8


 398 016b 08       		.byte	0x8
 399 016c 06       		.uleb128 0x6
 400 016d C8050000 		.4byte	.LASF31
 401 0171 06       		.byte	0x6
 402 0172 C8       		.byte	0xc8
 403 0173 82040000 		.4byte	0x482
 404 0177 0C       		.byte	0xc
 405 0178 06       		.uleb128 0x6
 406 0179 3A010000 		.4byte	.LASF32
 407 017d 06       		.byte	0x6
 408 017e CA       		.byte	0xca
 409 017f 40020000 		.4byte	0x240
 410 0183 10       		.byte	0x10
 411 0184 06       		.uleb128 0x6
 412 0185 01030000 		.4byte	.LASF33
 413 0189 06       		.byte	0x6
 414 018a CB       		.byte	0xcb
 415 018b 40020000 		.4byte	0x240
 416 018f 14       		.byte	0x14
 417 0190 06       		.uleb128 0x6
 418 0191 A4050000 		.4byte	.LASF34
 419 0195 06       		.byte	0x6
 420 0196 D2       		.byte	0xd2
 421 0197 61040000 		.4byte	0x461
 422 019b 18       		.byte	0x18
 423 019c 06       		.uleb128 0x6
 424 019d 57040000 		.4byte	.LASF35
 425 01a1 06       		.byte	0x6
 426 01a2 DD       		.byte	0xdd
 427 01a3 D9000000 		.4byte	0xd9
 428 01a7 1C       		.byte	0x1c
 429 01a8 06       		.uleb128 0x6
 430 01a9 7E040000 		.4byte	.LASF36
 431 01ad 06       		.byte	0x6
 432 01ae E1       		.byte	0xe1
 433 01af CE000000 		.4byte	0xce
 434 01b3 1D       		.byte	0x1d
 435 01b4 06       		.uleb128 0x6
 436 01b5 7D050000 		.4byte	.LASF37
 437 01b9 06       		.byte	0x6
 438 01ba E6       		.byte	0xe6
 439 01bb E4000000 		.4byte	0xe4
 440 01bf 1E       		.byte	0x1e
 441 01c0 06       		.uleb128 0x6
 442 01c1 5F040000 		.4byte	.LASF38
 443 01c5 06       		.byte	0x6
 444 01c6 EC       		.byte	0xec
 445 01c7 EF000000 		.4byte	0xef
 446 01cb 1F       		.byte	0x1f
 447 01cc 07       		.uleb128 0x7
 448 01cd 705F7500 		.ascii	"p_u\000"
 449 01d1 06       		.byte	0x6
 450 01d2 3101     		.2byte	0x131
 451 01d4 3C050000 		.4byte	0x53c
 452 01d8 20       		.byte	0x20
 453 01d9 08       		.uleb128 0x8
 454 01da CE050000 		.4byte	.LASF39
ARM GAS  /tmp/ccDkhlCj.s 			page 9


 455 01de 06       		.byte	0x6
 456 01df 3601     		.2byte	0x136
 457 01e1 46020000 		.4byte	0x246
 458 01e5 24       		.byte	0x24
 459 01e6 08       		.uleb128 0x8
 460 01e7 54050000 		.4byte	.LASF40
 461 01eb 06       		.byte	0x6
 462 01ec 3C01     		.2byte	0x13c
 463 01ee 6A020000 		.4byte	0x26a
 464 01f2 28       		.byte	0x28
 465 01f3 08       		.uleb128 0x8
 466 01f4 BA050000 		.4byte	.LASF41
 467 01f8 06       		.byte	0x6
 468 01f9 4001     		.2byte	0x140
 469 01fb 05010000 		.4byte	0x105
 470 01ff 30       		.byte	0x30
 471 0200 08       		.uleb128 0x8
 472 0201 AD040000 		.4byte	.LASF42
 473 0205 06       		.byte	0x6
 474 0206 4601     		.2byte	0x146
 475 0208 10010000 		.4byte	0x110
 476 020c 34       		.byte	0x34
 477 020d 08       		.uleb128 0x8
 478 020e 43040000 		.4byte	.LASF43
 479 0212 06       		.byte	0x6
 480 0213 4D01     		.2byte	0x14d
 481 0215 FB050000 		.4byte	0x5fb
 482 0219 38       		.byte	0x38
 483 021a 08       		.uleb128 0x8
 484 021b 1C050000 		.4byte	.LASF44
 485 021f 06       		.byte	0x6
 486 0220 5101     		.2byte	0x151
 487 0222 FA000000 		.4byte	0xfa
 488 0226 3C       		.byte	0x3c
 489 0227 08       		.uleb128 0x8
 490 0228 D2000000 		.4byte	.LASF45
 491 022c 06       		.byte	0x6
 492 022d 5801     		.2byte	0x158
 493 022f 1D030000 		.4byte	0x31d
 494 0233 40       		.byte	0x40
 495 0234 00       		.byte	0
 496 0235 04       		.uleb128 0x4
 497 0236 CF020000 		.4byte	.LASF46
 498 023a 05       		.byte	0x5
 499 023b 44       		.byte	0x44
 500 023c 40020000 		.4byte	0x240
 501 0240 09       		.uleb128 0x9
 502 0241 04       		.byte	0x4
 503 0242 31010000 		.4byte	0x131
 504 0246 04       		.uleb128 0x4
 505 0247 AB050000 		.4byte	.LASF47
 506 024b 05       		.byte	0x5
 507 024c 49       		.byte	0x49
 508 024d 51020000 		.4byte	0x251
 509 0251 05       		.uleb128 0x5
 510 0252 DB040000 		.4byte	.LASF49
 511 0256 04       		.byte	0x4
ARM GAS  /tmp/ccDkhlCj.s 			page 10


 512 0257 06       		.byte	0x6
 513 0258 B0       		.byte	0xb0
 514 0259 6A020000 		.4byte	0x26a
 515 025d 06       		.uleb128 0x6
 516 025e 77040000 		.4byte	.LASF28
 517 0262 06       		.byte	0x6
 518 0263 B1       		.byte	0xb1
 519 0264 40020000 		.4byte	0x240
 520 0268 00       		.byte	0
 521 0269 00       		.byte	0
 522 026a 04       		.uleb128 0x4
 523 026b 6D050000 		.4byte	.LASF50
 524 026f 05       		.byte	0x5
 525 0270 50       		.byte	0x50
 526 0271 75020000 		.4byte	0x275
 527 0275 05       		.uleb128 0x5
 528 0276 97000000 		.4byte	.LASF51
 529 027a 08       		.byte	0x8
 530 027b 06       		.byte	0x6
 531 027c B7       		.byte	0xb7
 532 027d 9A020000 		.4byte	0x29a
 533 0281 06       		.uleb128 0x6
 534 0282 77040000 		.4byte	.LASF28
 535 0286 06       		.byte	0x6
 536 0287 B8       		.byte	0xb8
 537 0288 40020000 		.4byte	0x240
 538 028c 00       		.byte	0
 539 028d 06       		.uleb128 0x6
 540 028e 55030000 		.4byte	.LASF29
 541 0292 06       		.byte	0x6
 542 0293 B9       		.byte	0xb9
 543 0294 40020000 		.4byte	0x240
 544 0298 04       		.byte	0x4
 545 0299 00       		.byte	0
 546 029a 04       		.uleb128 0x4
 547 029b 00000000 		.4byte	.LASF52
 548 029f 05       		.byte	0x5
 549 02a0 57       		.byte	0x57
 550 02a1 A5020000 		.4byte	0x2a5
 551 02a5 0A       		.uleb128 0xa
 552 02a6 83020000 		.4byte	.LASF53
 553 02aa 1C       		.byte	0x1c
 554 02ab 06       		.byte	0x6
 555 02ac 9001     		.2byte	0x190
 556 02ae 01030000 		.4byte	0x301
 557 02b2 08       		.uleb128 0x8
 558 02b3 C8040000 		.4byte	.LASF54
 559 02b7 06       		.byte	0x6
 560 02b8 9101     		.2byte	0x191
 561 02ba 6A020000 		.4byte	0x26a
 562 02be 00       		.byte	0
 563 02bf 08       		.uleb128 0x8
 564 02c0 69040000 		.4byte	.LASF55
 565 02c4 06       		.byte	0x6
 566 02c5 9201     		.2byte	0x192
 567 02c7 FA000000 		.4byte	0xfa
 568 02cb 08       		.byte	0x8
ARM GAS  /tmp/ccDkhlCj.s 			page 11


 569 02cc 08       		.uleb128 0x8
 570 02cd 09030000 		.4byte	.LASF56
 571 02d1 06       		.byte	0x6
 572 02d2 9401     		.2byte	0x194
 573 02d4 82040000 		.4byte	0x482
 574 02d8 0C       		.byte	0xc
 575 02d9 08       		.uleb128 0x8
 576 02da 4A010000 		.4byte	.LASF57
 577 02de 06       		.byte	0x6
 578 02df 9701     		.2byte	0x197
 579 02e1 40020000 		.4byte	0x240
 580 02e5 10       		.byte	0x10
 581 02e6 08       		.uleb128 0x8
 582 02e7 2A030000 		.4byte	.LASF58
 583 02eb 06       		.byte	0x6
 584 02ec 9801     		.2byte	0x198
 585 02ee 40020000 		.4byte	0x240
 586 02f2 14       		.byte	0x14
 587 02f3 08       		.uleb128 0x8
 588 02f4 20030000 		.4byte	.LASF59
 589 02f8 06       		.byte	0x6
 590 02f9 9B01     		.2byte	0x19b
 591 02fb 40020000 		.4byte	0x240
 592 02ff 18       		.byte	0x18
 593 0300 00       		.byte	0
 594 0301 04       		.uleb128 0x4
 595 0302 27050000 		.4byte	.LASF60
 596 0306 05       		.byte	0x5
 597 0307 5C       		.byte	0x5c
 598 0308 0C030000 		.4byte	0x30c
 599 030c 09       		.uleb128 0x9
 600 030d 04       		.byte	0x4
 601 030e 12030000 		.4byte	0x312
 602 0312 0B       		.uleb128 0xb
 603 0313 1D030000 		.4byte	0x31d
 604 0317 0C       		.uleb128 0xc
 605 0318 1D030000 		.4byte	0x31d
 606 031c 00       		.byte	0
 607 031d 0D       		.uleb128 0xd
 608 031e 04       		.byte	0x4
 609 031f 04       		.uleb128 0x4
 610 0320 45030000 		.4byte	.LASF61
 611 0324 05       		.byte	0x5
 612 0325 61       		.byte	0x61
 613 0326 2A030000 		.4byte	0x32a
 614 032a 0A       		.uleb128 0xa
 615 032b 8F040000 		.4byte	.LASF62
 616 032f 14       		.byte	0x14
 617 0330 06       		.byte	0x6
 618 0331 6B01     		.2byte	0x16b
 619 0333 79030000 		.4byte	0x379
 620 0337 08       		.uleb128 0x8
 621 0338 3E020000 		.4byte	.LASF63
 622 033c 06       		.byte	0x6
 623 033d 6C01     		.2byte	0x16c
 624 033f 01060000 		.4byte	0x601
 625 0343 00       		.byte	0
ARM GAS  /tmp/ccDkhlCj.s 			page 12


 626 0344 08       		.uleb128 0x8
 627 0345 5B010000 		.4byte	.LASF64
 628 0349 06       		.byte	0x6
 629 034a 6D01     		.2byte	0x16d
 630 034c 01060000 		.4byte	0x601
 631 0350 04       		.byte	0x4
 632 0351 08       		.uleb128 0x8
 633 0352 26020000 		.4byte	.LASF65
 634 0356 06       		.byte	0x6
 635 0357 6E01     		.2byte	0x16e
 636 0359 26010000 		.4byte	0x126
 637 035d 08       		.byte	0x8
 638 035e 08       		.uleb128 0x8
 639 035f F9020000 		.4byte	.LASF66
 640 0363 06       		.byte	0x6
 641 0364 6F01     		.2byte	0x16f
 642 0366 01030000 		.4byte	0x301
 643 036a 0C       		.byte	0xc
 644 036b 08       		.uleb128 0x8
 645 036c 5F050000 		.4byte	.LASF67
 646 0370 06       		.byte	0x6
 647 0371 7101     		.2byte	0x171
 648 0373 1D030000 		.4byte	0x31d
 649 0377 10       		.byte	0x10
 650 0378 00       		.byte	0
 651 0379 04       		.uleb128 0x4
 652 037a A6020000 		.4byte	.LASF68
 653 037e 05       		.byte	0x5
 654 037f 66       		.byte	0x66
 655 0380 84030000 		.4byte	0x384
 656 0384 0A       		.uleb128 0xa
 657 0385 E2020000 		.4byte	.LASF69
 658 0389 10       		.byte	0x10
 659 038a 06       		.byte	0x6
 660 038b 7B01     		.2byte	0x17b
 661 038d C6030000 		.4byte	0x3c6
 662 0391 08       		.uleb128 0x8
 663 0392 3E020000 		.4byte	.LASF63
 664 0396 06       		.byte	0x6
 665 0397 7C01     		.2byte	0x17c
 666 0399 01060000 		.4byte	0x601
 667 039d 00       		.byte	0
 668 039e 08       		.uleb128 0x8
 669 039f 5B010000 		.4byte	.LASF64
 670 03a3 06       		.byte	0x6
 671 03a4 7E01     		.2byte	0x17e
 672 03a6 01060000 		.4byte	0x601
 673 03aa 04       		.byte	0x4
 674 03ab 08       		.uleb128 0x8
 675 03ac 26020000 		.4byte	.LASF65
 676 03b0 06       		.byte	0x6
 677 03b1 8001     		.2byte	0x180
 678 03b3 26010000 		.4byte	0x126
 679 03b7 08       		.byte	0x8
 680 03b8 08       		.uleb128 0x8
 681 03b9 D0040000 		.4byte	.LASF70
 682 03bd 06       		.byte	0x6
ARM GAS  /tmp/ccDkhlCj.s 			page 13


 683 03be 8201     		.2byte	0x182
 684 03c0 07060000 		.4byte	0x607
 685 03c4 0C       		.byte	0xc
 686 03c5 00       		.byte	0
 687 03c6 04       		.uleb128 0x4
 688 03c7 2F020000 		.4byte	.LASF71
 689 03cb 05       		.byte	0x5
 690 03cc 6B       		.byte	0x6b
 691 03cd D1030000 		.4byte	0x3d1
 692 03d1 0A       		.uleb128 0xa
 693 03d2 64030000 		.4byte	.LASF72
 694 03d6 04       		.byte	0x4
 695 03d7 06       		.byte	0x6
 696 03d8 A201     		.2byte	0x1a2
 697 03da EC030000 		.4byte	0x3ec
 698 03de 08       		.uleb128 0x8
 699 03df 3B050000 		.4byte	.LASF73
 700 03e3 06       		.byte	0x6
 701 03e4 AA01     		.2byte	0x1aa
 702 03e6 0C060000 		.4byte	0x60c
 703 03ea 00       		.byte	0
 704 03eb 00       		.byte	0
 705 03ec 04       		.uleb128 0x4
 706 03ed 6F020000 		.4byte	.LASF74
 707 03f1 05       		.byte	0x5
 708 03f2 70       		.byte	0x70
 709 03f3 F7030000 		.4byte	0x3f7
 710 03f7 0E       		.uleb128 0xe
 711 03f8 F3000000 		.4byte	.LASF75
 712 03fc 5001     		.2byte	0x150
 713 03fe 06       		.byte	0x6
 714 03ff C201     		.2byte	0x1c2
 715 0401 53040000 		.4byte	0x453
 716 0405 08       		.uleb128 0x8
 717 0406 84050000 		.4byte	.LASF76
 718 040a 06       		.byte	0x6
 719 040b C601     		.2byte	0x1c6
 720 040d 9A020000 		.4byte	0x29a
 721 0411 00       		.byte	0
 722 0412 08       		.uleb128 0x8
 723 0413 45000000 		.4byte	.LASF77
 724 0417 06       		.byte	0x6
 725 0418 CA01     		.2byte	0x1ca
 726 041a 79030000 		.4byte	0x379
 727 041e 1C       		.byte	0x1c
 728 041f 07       		.uleb128 0x7
 729 0420 64626700 		.ascii	"dbg\000"
 730 0424 06       		.byte	0x6
 731 0425 CE01     		.2byte	0x1ce
 732 0427 C6030000 		.4byte	0x3c6
 733 042b 2C       		.byte	0x2c
 734 042c 08       		.uleb128 0x8
 735 042d 79000000 		.4byte	.LASF78
 736 0431 06       		.byte	0x6
 737 0432 D201     		.2byte	0x1d2
 738 0434 31010000 		.4byte	0x131
 739 0438 30       		.byte	0x30
ARM GAS  /tmp/ccDkhlCj.s 			page 14


 740 0439 07       		.uleb128 0x7
 741 043a 746D00   		.ascii	"tm\000"
 742 043d 06       		.byte	0x6
 743 043e D701     		.2byte	0x1d7
 744 0440 31050000 		.4byte	0x531
 745 0444 74       		.byte	0x74
 746 0445 08       		.uleb128 0x8
 747 0446 FD010000 		.4byte	.LASF79
 748 044a 06       		.byte	0x6
 749 044b E301     		.2byte	0x1e3
 750 044d 11060000 		.4byte	0x611
 751 0451 78       		.byte	0x78
 752 0452 00       		.byte	0
 753 0453 03       		.uleb128 0x3
 754 0454 04       		.byte	0x4
 755 0455 07       		.byte	0x7
 756 0456 92050000 		.4byte	.LASF80
 757 045a 03       		.uleb128 0x3
 758 045b 01       		.byte	0x1
 759 045c 08       		.byte	0x8
 760 045d FD040000 		.4byte	.LASF81
 761 0461 09       		.uleb128 0x9
 762 0462 04       		.byte	0x4
 763 0463 67040000 		.4byte	0x467
 764 0467 0F       		.uleb128 0xf
 765 0468 5A040000 		.4byte	0x45a
 766 046c 04       		.uleb128 0x4
 767 046d 52010000 		.4byte	.LASF82
 768 0471 07       		.byte	0x7
 769 0472 65       		.byte	0x65
 770 0473 1D030000 		.4byte	0x31d
 771 0477 04       		.uleb128 0x4
 772 0478 BC020000 		.4byte	.LASF83
 773 047c 07       		.byte	0x7
 774 047d 6D       		.byte	0x6d
 775 047e B8000000 		.4byte	0xb8
 776 0482 05       		.uleb128 0x5
 777 0483 4C050000 		.4byte	.LASF84
 778 0487 04       		.byte	0x4
 779 0488 07       		.byte	0x7
 780 0489 89       		.byte	0x89
 781 048a 9B040000 		.4byte	0x49b
 782 048e 10       		.uleb128 0x10
 783 048f 72313300 		.ascii	"r13\000"
 784 0493 07       		.byte	0x7
 785 0494 8A       		.byte	0x8a
 786 0495 16050000 		.4byte	0x516
 787 0499 00       		.byte	0
 788 049a 00       		.byte	0
 789 049b 05       		.uleb128 0x5
 790 049c 39000000 		.4byte	.LASF85
 791 04a0 24       		.byte	0x24
 792 04a1 08       		.byte	0x8
 793 04a2 FD       		.byte	0xfd
 794 04a3 16050000 		.4byte	0x516
 795 04a7 07       		.uleb128 0x7
 796 04a8 723400   		.ascii	"r4\000"
ARM GAS  /tmp/ccDkhlCj.s 			page 15


 797 04ab 08       		.byte	0x8
 798 04ac 1001     		.2byte	0x110
 799 04ae 6C040000 		.4byte	0x46c
 800 04b2 00       		.byte	0
 801 04b3 07       		.uleb128 0x7
 802 04b4 723500   		.ascii	"r5\000"
 803 04b7 08       		.byte	0x8
 804 04b8 1101     		.2byte	0x111
 805 04ba 6C040000 		.4byte	0x46c
 806 04be 04       		.byte	0x4
 807 04bf 07       		.uleb128 0x7
 808 04c0 723600   		.ascii	"r6\000"
 809 04c3 08       		.byte	0x8
 810 04c4 1201     		.2byte	0x112
 811 04c6 6C040000 		.4byte	0x46c
 812 04ca 08       		.byte	0x8
 813 04cb 07       		.uleb128 0x7
 814 04cc 723700   		.ascii	"r7\000"
 815 04cf 08       		.byte	0x8
 816 04d0 1301     		.2byte	0x113
 817 04d2 6C040000 		.4byte	0x46c
 818 04d6 0C       		.byte	0xc
 819 04d7 07       		.uleb128 0x7
 820 04d8 723800   		.ascii	"r8\000"
 821 04db 08       		.byte	0x8
 822 04dc 1401     		.2byte	0x114
 823 04de 6C040000 		.4byte	0x46c
 824 04e2 10       		.byte	0x10
 825 04e3 07       		.uleb128 0x7
 826 04e4 723900   		.ascii	"r9\000"
 827 04e7 08       		.byte	0x8
 828 04e8 1501     		.2byte	0x115
 829 04ea 6C040000 		.4byte	0x46c
 830 04ee 14       		.byte	0x14
 831 04ef 07       		.uleb128 0x7
 832 04f0 72313000 		.ascii	"r10\000"
 833 04f4 08       		.byte	0x8
 834 04f5 1601     		.2byte	0x116
 835 04f7 6C040000 		.4byte	0x46c
 836 04fb 18       		.byte	0x18
 837 04fc 07       		.uleb128 0x7
 838 04fd 72313100 		.ascii	"r11\000"
 839 0501 08       		.byte	0x8
 840 0502 1701     		.2byte	0x117
 841 0504 6C040000 		.4byte	0x46c
 842 0508 1C       		.byte	0x1c
 843 0509 07       		.uleb128 0x7
 844 050a 6C7200   		.ascii	"lr\000"
 845 050d 08       		.byte	0x8
 846 050e 1801     		.2byte	0x118
 847 0510 6C040000 		.4byte	0x46c
 848 0514 20       		.byte	0x20
 849 0515 00       		.byte	0
 850 0516 09       		.uleb128 0x9
 851 0517 04       		.byte	0x4
 852 0518 9B040000 		.4byte	0x49b
 853 051c 11       		.uleb128 0x11
ARM GAS  /tmp/ccDkhlCj.s 			page 16


 854 051d 04       		.byte	0x4
 855 051e 09       		.byte	0x9
 856 051f 38       		.byte	0x38
 857 0520 31050000 		.4byte	0x531
 858 0524 06       		.uleb128 0x6
 859 0525 45050000 		.4byte	.LASF86
 860 0529 09       		.byte	0x9
 861 052a 3C       		.byte	0x3c
 862 052b C3000000 		.4byte	0xc3
 863 052f 00       		.byte	0
 864 0530 00       		.byte	0
 865 0531 04       		.uleb128 0x4
 866 0532 0F030000 		.4byte	.LASF87
 867 0536 09       		.byte	0x9
 868 0537 3D       		.byte	0x3d
 869 0538 1C050000 		.4byte	0x51c
 870 053c 12       		.uleb128 0x12
 871 053d 04       		.byte	0x4
 872 053e 06       		.byte	0x6
 873 053f FA       		.byte	0xfa
 874 0540 99050000 		.4byte	0x599
 875 0544 13       		.uleb128 0x13
 876 0545 13000000 		.4byte	.LASF88
 877 0549 06       		.byte	0x6
 878 054a 0101     		.2byte	0x101
 879 054c 05010000 		.4byte	0x105
 880 0550 13       		.uleb128 0x13
 881 0551 70000000 		.4byte	.LASF89
 882 0555 06       		.byte	0x6
 883 0556 0801     		.2byte	0x108
 884 0558 05010000 		.4byte	0x105
 885 055c 13       		.uleb128 0x13
 886 055d E2000000 		.4byte	.LASF90
 887 0561 06       		.byte	0x6
 888 0562 0F01     		.2byte	0x10f
 889 0564 1D030000 		.4byte	0x31d
 890 0568 13       		.uleb128 0x13
 891 0569 0D000000 		.4byte	.LASF91
 892 056d 06       		.byte	0x6
 893 056e 1601     		.2byte	0x116
 894 0570 99050000 		.4byte	0x599
 895 0574 13       		.uleb128 0x13
 896 0575 1F020000 		.4byte	.LASF92
 897 0579 06       		.byte	0x6
 898 057a 1E01     		.2byte	0x11e
 899 057c C4050000 		.4byte	0x5c4
 900 0580 13       		.uleb128 0x13
 901 0581 C1040000 		.4byte	.LASF93
 902 0585 06       		.byte	0x6
 903 0586 2701     		.2byte	0x127
 904 0588 FB050000 		.4byte	0x5fb
 905 058c 13       		.uleb128 0x13
 906 058d 70040000 		.4byte	.LASF94
 907 0591 06       		.byte	0x6
 908 0592 2F01     		.2byte	0x12f
 909 0594 10010000 		.4byte	0x110
 910 0598 00       		.byte	0
ARM GAS  /tmp/ccDkhlCj.s 			page 17


 911 0599 09       		.uleb128 0x9
 912 059a 04       		.byte	0x4
 913 059b 35020000 		.4byte	0x235
 914 059f 05       		.uleb128 0x5
 915 05a0 A0040000 		.4byte	.LASF95
 916 05a4 0C       		.byte	0xc
 917 05a5 0A       		.byte	0xa
 918 05a6 34       		.byte	0x34
 919 05a7 C4050000 		.4byte	0x5c4
 920 05ab 06       		.uleb128 0x6
 921 05ac 42010000 		.4byte	.LASF96
 922 05b0 0A       		.byte	0xa
 923 05b1 35       		.byte	0x35
 924 05b2 6A020000 		.4byte	0x26a
 925 05b6 00       		.byte	0
 926 05b7 06       		.uleb128 0x6
 927 05b8 46020000 		.4byte	.LASF97
 928 05bc 0A       		.byte	0xa
 929 05bd 37       		.byte	0x37
 930 05be 1B010000 		.4byte	0x11b
 931 05c2 08       		.byte	0x8
 932 05c3 00       		.byte	0
 933 05c4 09       		.uleb128 0x9
 934 05c5 04       		.byte	0x4
 935 05c6 9F050000 		.4byte	0x59f
 936 05ca 05       		.uleb128 0x5
 937 05cb 9B050000 		.4byte	.LASF98
 938 05cf 10       		.byte	0x10
 939 05d0 0B       		.byte	0xb
 940 05d1 39       		.byte	0x39
 941 05d2 FB050000 		.4byte	0x5fb
 942 05d6 06       		.uleb128 0x6
 943 05d7 DA000000 		.4byte	.LASF99
 944 05db 0B       		.byte	0xb
 945 05dc 3A       		.byte	0x3a
 946 05dd 6A020000 		.4byte	0x26a
 947 05e1 00       		.byte	0
 948 05e2 06       		.uleb128 0x6
 949 05e3 C0050000 		.4byte	.LASF100
 950 05e7 0B       		.byte	0xb
 951 05e8 3C       		.byte	0x3c
 952 05e9 40020000 		.4byte	0x240
 953 05ed 08       		.byte	0x8
 954 05ee 06       		.uleb128 0x6
 955 05ef 0B050000 		.4byte	.LASF101
 956 05f3 0B       		.byte	0xb
 957 05f4 3E       		.byte	0x3e
 958 05f5 2C060000 		.4byte	0x62c
 959 05f9 0C       		.byte	0xc
 960 05fa 00       		.byte	0
 961 05fb 09       		.uleb128 0x9
 962 05fc 04       		.byte	0x4
 963 05fd CA050000 		.4byte	0x5ca
 964 0601 09       		.uleb128 0x9
 965 0602 04       		.byte	0x4
 966 0603 1F030000 		.4byte	0x31f
 967 0607 14       		.uleb128 0x14
ARM GAS  /tmp/ccDkhlCj.s 			page 18


 968 0608 26010000 		.4byte	0x126
 969 060c 14       		.uleb128 0x14
 970 060d 61040000 		.4byte	0x461
 971 0611 15       		.uleb128 0x15
 972 0612 77040000 		.4byte	0x477
 973 0616 21060000 		.4byte	0x621
 974 061a 16       		.uleb128 0x16
 975 061b 53040000 		.4byte	0x453
 976 061f 1A       		.byte	0x1a
 977 0620 00       		.byte	0
 978 0621 04       		.uleb128 0x4
 979 0622 F5010000 		.4byte	.LASF102
 980 0626 0B       		.byte	0xb
 981 0627 34       		.byte	0x34
 982 0628 CA050000 		.4byte	0x5ca
 983 062c 09       		.uleb128 0x9
 984 062d 04       		.byte	0x4
 985 062e 21060000 		.4byte	0x621
 986 0632 17       		.uleb128 0x17
 987 0633 AF000000 		.4byte	.LASF113
 988 0637 01       		.byte	0x1
 989 0638 3D       		.byte	0x3d
 990 0639 00000000 		.4byte	.LFB232
 991 063d 24000000 		.4byte	.LFE232-.LFB232
 992 0641 01       		.uleb128 0x1
 993 0642 9C       		.byte	0x9c
 994 0643 18       		.uleb128 0x18
 995 0644 91020000 		.4byte	.LASF106
 996 0648 01       		.byte	0x1
 997 0649 5F       		.byte	0x5f
 998 064a 30000000 		.4byte	.LFB233
 999 064e 7C000000 		.4byte	.LFE233-.LFB233
 1000 0652 01       		.uleb128 0x1
 1001 0653 9C       		.byte	0x9c
 1002 0654 B4060000 		.4byte	0x6b4
 1003 0658 19       		.uleb128 0x19
 1004 0659 76747000 		.ascii	"vtp\000"
 1005 065d 01       		.byte	0x1
 1006 065e 5F       		.byte	0x5f
 1007 065f 01060000 		.4byte	0x601
 1008 0663 02       		.uleb128 0x2
 1009 0664 91       		.byte	0x91
 1010 0665 74       		.sleb128 -12
 1011 0666 1A       		.uleb128 0x1a
 1012 0667 8A030000 		.4byte	.LASF103
 1013 066b 01       		.byte	0x1
 1014 066c 5F       		.byte	0x5f
 1015 066d 26010000 		.4byte	0x126
 1016 0671 02       		.uleb128 0x2
 1017 0672 91       		.byte	0x91
 1018 0673 70       		.sleb128 -16
 1019 0674 1A       		.uleb128 0x1a
 1020 0675 66050000 		.4byte	.LASF104
 1021 0679 01       		.byte	0x1
 1022 067a 60       		.byte	0x60
 1023 067b 01030000 		.4byte	0x301
 1024 067f 02       		.uleb128 0x2
ARM GAS  /tmp/ccDkhlCj.s 			page 19


 1025 0680 91       		.byte	0x91
 1026 0681 6C       		.sleb128 -20
 1027 0682 19       		.uleb128 0x19
 1028 0683 70617200 		.ascii	"par\000"
 1029 0687 01       		.byte	0x1
 1030 0688 60       		.byte	0x60
 1031 0689 1D030000 		.4byte	0x31d
 1032 068d 02       		.uleb128 0x2
 1033 068e 91       		.byte	0x91
 1034 068f 68       		.sleb128 -24
 1035 0690 1B       		.uleb128 0x1b
 1036 0691 7000     		.ascii	"p\000"
 1037 0693 01       		.byte	0x1
 1038 0694 61       		.byte	0x61
 1039 0695 01060000 		.4byte	0x601
 1040 0699 02       		.uleb128 0x2
 1041 069a 91       		.byte	0x91
 1042 069b 7C       		.sleb128 -4
 1043 069c 1C       		.uleb128 0x1c
 1044 069d 84000000 		.4byte	.LASF105
 1045 06a1 01       		.byte	0x1
 1046 06a2 62       		.byte	0x62
 1047 06a3 26010000 		.4byte	0x126
 1048 06a7 02       		.uleb128 0x2
 1049 06a8 91       		.byte	0x91
 1050 06a9 78       		.sleb128 -8
 1051 06aa 1D       		.uleb128 0x1d
 1052 06ab 86040000 		.4byte	.LASF108
 1053 06af C4060000 		.4byte	0x6c4
 1054 06b3 00       		.byte	0
 1055 06b4 15       		.uleb128 0x15
 1056 06b5 5A040000 		.4byte	0x45a
 1057 06b9 C4060000 		.4byte	0x6c4
 1058 06bd 16       		.uleb128 0x16
 1059 06be 53040000 		.4byte	0x453
 1060 06c2 0A       		.byte	0xa
 1061 06c3 00       		.byte	0
 1062 06c4 0F       		.uleb128 0xf
 1063 06c5 B4060000 		.4byte	0x6b4
 1064 06c9 18       		.uleb128 0x18
 1065 06ca 63000000 		.4byte	.LASF107
 1066 06ce 01       		.byte	0x1
 1067 06cf BE       		.byte	0xbe
 1068 06d0 B0000000 		.4byte	.LFB234
 1069 06d4 40000000 		.4byte	.LFE234-.LFB234
 1070 06d8 01       		.uleb128 0x1
 1071 06d9 9C       		.byte	0x9c
 1072 06da F6060000 		.4byte	0x6f6
 1073 06de 19       		.uleb128 0x19
 1074 06df 76747000 		.ascii	"vtp\000"
 1075 06e3 01       		.byte	0x1
 1076 06e4 BE       		.byte	0xbe
 1077 06e5 01060000 		.4byte	0x601
 1078 06e9 02       		.uleb128 0x2
 1079 06ea 91       		.byte	0x91
 1080 06eb 7C       		.sleb128 -4
 1081 06ec 1D       		.uleb128 0x1d
ARM GAS  /tmp/ccDkhlCj.s 			page 20


 1082 06ed 86040000 		.4byte	.LASF108
 1083 06f1 06070000 		.4byte	0x706
 1084 06f5 00       		.byte	0
 1085 06f6 15       		.uleb128 0x15
 1086 06f7 5A040000 		.4byte	0x45a
 1087 06fb 06070000 		.4byte	0x706
 1088 06ff 16       		.uleb128 0x16
 1089 0700 53040000 		.4byte	0x453
 1090 0704 0C       		.byte	0xc
 1091 0705 00       		.byte	0
 1092 0706 0F       		.uleb128 0xf
 1093 0707 F6060000 		.4byte	0x6f6
 1094 070b 1E       		.uleb128 0x1e
 1095 070c 8A000000 		.4byte	.LASF109
 1096 0710 0C       		.byte	0xc
 1097 0711 FA06     		.2byte	0x6fa
 1098 0713 17070000 		.4byte	0x717
 1099 0717 14       		.uleb128 0x14
 1100 0718 A2000000 		.4byte	0xa2
 1101 071c 1F       		.uleb128 0x1f
 1102 071d 636800   		.ascii	"ch\000"
 1103 0720 06       		.byte	0x6
 1104 0721 0902     		.2byte	0x209
 1105 0723 EC030000 		.4byte	0x3ec
 1106 0727 00       		.byte	0
 1107              		.section	.debug_abbrev,"",%progbits
 1108              	.Ldebug_abbrev0:
 1109 0000 01       		.uleb128 0x1
 1110 0001 11       		.uleb128 0x11
 1111 0002 01       		.byte	0x1
 1112 0003 25       		.uleb128 0x25
 1113 0004 0E       		.uleb128 0xe
 1114 0005 13       		.uleb128 0x13
 1115 0006 0B       		.uleb128 0xb
 1116 0007 03       		.uleb128 0x3
 1117 0008 0E       		.uleb128 0xe
 1118 0009 1B       		.uleb128 0x1b
 1119 000a 0E       		.uleb128 0xe
 1120 000b 11       		.uleb128 0x11
 1121 000c 01       		.uleb128 0x1
 1122 000d 12       		.uleb128 0x12
 1123 000e 06       		.uleb128 0x6
 1124 000f 10       		.uleb128 0x10
 1125 0010 17       		.uleb128 0x17
 1126 0011 00       		.byte	0
 1127 0012 00       		.byte	0
 1128 0013 02       		.uleb128 0x2
 1129 0014 24       		.uleb128 0x24
 1130 0015 00       		.byte	0
 1131 0016 0B       		.uleb128 0xb
 1132 0017 0B       		.uleb128 0xb
 1133 0018 3E       		.uleb128 0x3e
 1134 0019 0B       		.uleb128 0xb
 1135 001a 03       		.uleb128 0x3
 1136 001b 08       		.uleb128 0x8
 1137 001c 00       		.byte	0
 1138 001d 00       		.byte	0
ARM GAS  /tmp/ccDkhlCj.s 			page 21


 1139 001e 03       		.uleb128 0x3
 1140 001f 24       		.uleb128 0x24
 1141 0020 00       		.byte	0
 1142 0021 0B       		.uleb128 0xb
 1143 0022 0B       		.uleb128 0xb
 1144 0023 3E       		.uleb128 0x3e
 1145 0024 0B       		.uleb128 0xb
 1146 0025 03       		.uleb128 0x3
 1147 0026 0E       		.uleb128 0xe
 1148 0027 00       		.byte	0
 1149 0028 00       		.byte	0
 1150 0029 04       		.uleb128 0x4
 1151 002a 16       		.uleb128 0x16
 1152 002b 00       		.byte	0
 1153 002c 03       		.uleb128 0x3
 1154 002d 0E       		.uleb128 0xe
 1155 002e 3A       		.uleb128 0x3a
 1156 002f 0B       		.uleb128 0xb
 1157 0030 3B       		.uleb128 0x3b
 1158 0031 0B       		.uleb128 0xb
 1159 0032 49       		.uleb128 0x49
 1160 0033 13       		.uleb128 0x13
 1161 0034 00       		.byte	0
 1162 0035 00       		.byte	0
 1163 0036 05       		.uleb128 0x5
 1164 0037 13       		.uleb128 0x13
 1165 0038 01       		.byte	0x1
 1166 0039 03       		.uleb128 0x3
 1167 003a 0E       		.uleb128 0xe
 1168 003b 0B       		.uleb128 0xb
 1169 003c 0B       		.uleb128 0xb
 1170 003d 3A       		.uleb128 0x3a
 1171 003e 0B       		.uleb128 0xb
 1172 003f 3B       		.uleb128 0x3b
 1173 0040 0B       		.uleb128 0xb
 1174 0041 01       		.uleb128 0x1
 1175 0042 13       		.uleb128 0x13
 1176 0043 00       		.byte	0
 1177 0044 00       		.byte	0
 1178 0045 06       		.uleb128 0x6
 1179 0046 0D       		.uleb128 0xd
 1180 0047 00       		.byte	0
 1181 0048 03       		.uleb128 0x3
 1182 0049 0E       		.uleb128 0xe
 1183 004a 3A       		.uleb128 0x3a
 1184 004b 0B       		.uleb128 0xb
 1185 004c 3B       		.uleb128 0x3b
 1186 004d 0B       		.uleb128 0xb
 1187 004e 49       		.uleb128 0x49
 1188 004f 13       		.uleb128 0x13
 1189 0050 38       		.uleb128 0x38
 1190 0051 0B       		.uleb128 0xb
 1191 0052 00       		.byte	0
 1192 0053 00       		.byte	0
 1193 0054 07       		.uleb128 0x7
 1194 0055 0D       		.uleb128 0xd
 1195 0056 00       		.byte	0
ARM GAS  /tmp/ccDkhlCj.s 			page 22


 1196 0057 03       		.uleb128 0x3
 1197 0058 08       		.uleb128 0x8
 1198 0059 3A       		.uleb128 0x3a
 1199 005a 0B       		.uleb128 0xb
 1200 005b 3B       		.uleb128 0x3b
 1201 005c 05       		.uleb128 0x5
 1202 005d 49       		.uleb128 0x49
 1203 005e 13       		.uleb128 0x13
 1204 005f 38       		.uleb128 0x38
 1205 0060 0B       		.uleb128 0xb
 1206 0061 00       		.byte	0
 1207 0062 00       		.byte	0
 1208 0063 08       		.uleb128 0x8
 1209 0064 0D       		.uleb128 0xd
 1210 0065 00       		.byte	0
 1211 0066 03       		.uleb128 0x3
 1212 0067 0E       		.uleb128 0xe
 1213 0068 3A       		.uleb128 0x3a
 1214 0069 0B       		.uleb128 0xb
 1215 006a 3B       		.uleb128 0x3b
 1216 006b 05       		.uleb128 0x5
 1217 006c 49       		.uleb128 0x49
 1218 006d 13       		.uleb128 0x13
 1219 006e 38       		.uleb128 0x38
 1220 006f 0B       		.uleb128 0xb
 1221 0070 00       		.byte	0
 1222 0071 00       		.byte	0
 1223 0072 09       		.uleb128 0x9
 1224 0073 0F       		.uleb128 0xf
 1225 0074 00       		.byte	0
 1226 0075 0B       		.uleb128 0xb
 1227 0076 0B       		.uleb128 0xb
 1228 0077 49       		.uleb128 0x49
 1229 0078 13       		.uleb128 0x13
 1230 0079 00       		.byte	0
 1231 007a 00       		.byte	0
 1232 007b 0A       		.uleb128 0xa
 1233 007c 13       		.uleb128 0x13
 1234 007d 01       		.byte	0x1
 1235 007e 03       		.uleb128 0x3
 1236 007f 0E       		.uleb128 0xe
 1237 0080 0B       		.uleb128 0xb
 1238 0081 0B       		.uleb128 0xb
 1239 0082 3A       		.uleb128 0x3a
 1240 0083 0B       		.uleb128 0xb
 1241 0084 3B       		.uleb128 0x3b
 1242 0085 05       		.uleb128 0x5
 1243 0086 01       		.uleb128 0x1
 1244 0087 13       		.uleb128 0x13
 1245 0088 00       		.byte	0
 1246 0089 00       		.byte	0
 1247 008a 0B       		.uleb128 0xb
 1248 008b 15       		.uleb128 0x15
 1249 008c 01       		.byte	0x1
 1250 008d 27       		.uleb128 0x27
 1251 008e 19       		.uleb128 0x19
 1252 008f 01       		.uleb128 0x1
ARM GAS  /tmp/ccDkhlCj.s 			page 23


 1253 0090 13       		.uleb128 0x13
 1254 0091 00       		.byte	0
 1255 0092 00       		.byte	0
 1256 0093 0C       		.uleb128 0xc
 1257 0094 05       		.uleb128 0x5
 1258 0095 00       		.byte	0
 1259 0096 49       		.uleb128 0x49
 1260 0097 13       		.uleb128 0x13
 1261 0098 00       		.byte	0
 1262 0099 00       		.byte	0
 1263 009a 0D       		.uleb128 0xd
 1264 009b 0F       		.uleb128 0xf
 1265 009c 00       		.byte	0
 1266 009d 0B       		.uleb128 0xb
 1267 009e 0B       		.uleb128 0xb
 1268 009f 00       		.byte	0
 1269 00a0 00       		.byte	0
 1270 00a1 0E       		.uleb128 0xe
 1271 00a2 13       		.uleb128 0x13
 1272 00a3 01       		.byte	0x1
 1273 00a4 03       		.uleb128 0x3
 1274 00a5 0E       		.uleb128 0xe
 1275 00a6 0B       		.uleb128 0xb
 1276 00a7 05       		.uleb128 0x5
 1277 00a8 3A       		.uleb128 0x3a
 1278 00a9 0B       		.uleb128 0xb
 1279 00aa 3B       		.uleb128 0x3b
 1280 00ab 05       		.uleb128 0x5
 1281 00ac 01       		.uleb128 0x1
 1282 00ad 13       		.uleb128 0x13
 1283 00ae 00       		.byte	0
 1284 00af 00       		.byte	0
 1285 00b0 0F       		.uleb128 0xf
 1286 00b1 26       		.uleb128 0x26
 1287 00b2 00       		.byte	0
 1288 00b3 49       		.uleb128 0x49
 1289 00b4 13       		.uleb128 0x13
 1290 00b5 00       		.byte	0
 1291 00b6 00       		.byte	0
 1292 00b7 10       		.uleb128 0x10
 1293 00b8 0D       		.uleb128 0xd
 1294 00b9 00       		.byte	0
 1295 00ba 03       		.uleb128 0x3
 1296 00bb 08       		.uleb128 0x8
 1297 00bc 3A       		.uleb128 0x3a
 1298 00bd 0B       		.uleb128 0xb
 1299 00be 3B       		.uleb128 0x3b
 1300 00bf 0B       		.uleb128 0xb
 1301 00c0 49       		.uleb128 0x49
 1302 00c1 13       		.uleb128 0x13
 1303 00c2 38       		.uleb128 0x38
 1304 00c3 0B       		.uleb128 0xb
 1305 00c4 00       		.byte	0
 1306 00c5 00       		.byte	0
 1307 00c6 11       		.uleb128 0x11
 1308 00c7 13       		.uleb128 0x13
 1309 00c8 01       		.byte	0x1
ARM GAS  /tmp/ccDkhlCj.s 			page 24


 1310 00c9 0B       		.uleb128 0xb
 1311 00ca 0B       		.uleb128 0xb
 1312 00cb 3A       		.uleb128 0x3a
 1313 00cc 0B       		.uleb128 0xb
 1314 00cd 3B       		.uleb128 0x3b
 1315 00ce 0B       		.uleb128 0xb
 1316 00cf 01       		.uleb128 0x1
 1317 00d0 13       		.uleb128 0x13
 1318 00d1 00       		.byte	0
 1319 00d2 00       		.byte	0
 1320 00d3 12       		.uleb128 0x12
 1321 00d4 17       		.uleb128 0x17
 1322 00d5 01       		.byte	0x1
 1323 00d6 0B       		.uleb128 0xb
 1324 00d7 0B       		.uleb128 0xb
 1325 00d8 3A       		.uleb128 0x3a
 1326 00d9 0B       		.uleb128 0xb
 1327 00da 3B       		.uleb128 0x3b
 1328 00db 0B       		.uleb128 0xb
 1329 00dc 01       		.uleb128 0x1
 1330 00dd 13       		.uleb128 0x13
 1331 00de 00       		.byte	0
 1332 00df 00       		.byte	0
 1333 00e0 13       		.uleb128 0x13
 1334 00e1 0D       		.uleb128 0xd
 1335 00e2 00       		.byte	0
 1336 00e3 03       		.uleb128 0x3
 1337 00e4 0E       		.uleb128 0xe
 1338 00e5 3A       		.uleb128 0x3a
 1339 00e6 0B       		.uleb128 0xb
 1340 00e7 3B       		.uleb128 0x3b
 1341 00e8 05       		.uleb128 0x5
 1342 00e9 49       		.uleb128 0x49
 1343 00ea 13       		.uleb128 0x13
 1344 00eb 00       		.byte	0
 1345 00ec 00       		.byte	0
 1346 00ed 14       		.uleb128 0x14
 1347 00ee 35       		.uleb128 0x35
 1348 00ef 00       		.byte	0
 1349 00f0 49       		.uleb128 0x49
 1350 00f1 13       		.uleb128 0x13
 1351 00f2 00       		.byte	0
 1352 00f3 00       		.byte	0
 1353 00f4 15       		.uleb128 0x15
 1354 00f5 01       		.uleb128 0x1
 1355 00f6 01       		.byte	0x1
 1356 00f7 49       		.uleb128 0x49
 1357 00f8 13       		.uleb128 0x13
 1358 00f9 01       		.uleb128 0x1
 1359 00fa 13       		.uleb128 0x13
 1360 00fb 00       		.byte	0
 1361 00fc 00       		.byte	0
 1362 00fd 16       		.uleb128 0x16
 1363 00fe 21       		.uleb128 0x21
 1364 00ff 00       		.byte	0
 1365 0100 49       		.uleb128 0x49
 1366 0101 13       		.uleb128 0x13
ARM GAS  /tmp/ccDkhlCj.s 			page 25


 1367 0102 2F       		.uleb128 0x2f
 1368 0103 0B       		.uleb128 0xb
 1369 0104 00       		.byte	0
 1370 0105 00       		.byte	0
 1371 0106 17       		.uleb128 0x17
 1372 0107 2E       		.uleb128 0x2e
 1373 0108 00       		.byte	0
 1374 0109 3F       		.uleb128 0x3f
 1375 010a 19       		.uleb128 0x19
 1376 010b 03       		.uleb128 0x3
 1377 010c 0E       		.uleb128 0xe
 1378 010d 3A       		.uleb128 0x3a
 1379 010e 0B       		.uleb128 0xb
 1380 010f 3B       		.uleb128 0x3b
 1381 0110 0B       		.uleb128 0xb
 1382 0111 27       		.uleb128 0x27
 1383 0112 19       		.uleb128 0x19
 1384 0113 11       		.uleb128 0x11
 1385 0114 01       		.uleb128 0x1
 1386 0115 12       		.uleb128 0x12
 1387 0116 06       		.uleb128 0x6
 1388 0117 40       		.uleb128 0x40
 1389 0118 18       		.uleb128 0x18
 1390 0119 9742     		.uleb128 0x2117
 1391 011b 19       		.uleb128 0x19
 1392 011c 00       		.byte	0
 1393 011d 00       		.byte	0
 1394 011e 18       		.uleb128 0x18
 1395 011f 2E       		.uleb128 0x2e
 1396 0120 01       		.byte	0x1
 1397 0121 3F       		.uleb128 0x3f
 1398 0122 19       		.uleb128 0x19
 1399 0123 03       		.uleb128 0x3
 1400 0124 0E       		.uleb128 0xe
 1401 0125 3A       		.uleb128 0x3a
 1402 0126 0B       		.uleb128 0xb
 1403 0127 3B       		.uleb128 0x3b
 1404 0128 0B       		.uleb128 0xb
 1405 0129 27       		.uleb128 0x27
 1406 012a 19       		.uleb128 0x19
 1407 012b 11       		.uleb128 0x11
 1408 012c 01       		.uleb128 0x1
 1409 012d 12       		.uleb128 0x12
 1410 012e 06       		.uleb128 0x6
 1411 012f 40       		.uleb128 0x40
 1412 0130 18       		.uleb128 0x18
 1413 0131 9742     		.uleb128 0x2117
 1414 0133 19       		.uleb128 0x19
 1415 0134 01       		.uleb128 0x1
 1416 0135 13       		.uleb128 0x13
 1417 0136 00       		.byte	0
 1418 0137 00       		.byte	0
 1419 0138 19       		.uleb128 0x19
 1420 0139 05       		.uleb128 0x5
 1421 013a 00       		.byte	0
 1422 013b 03       		.uleb128 0x3
 1423 013c 08       		.uleb128 0x8
ARM GAS  /tmp/ccDkhlCj.s 			page 26


 1424 013d 3A       		.uleb128 0x3a
 1425 013e 0B       		.uleb128 0xb
 1426 013f 3B       		.uleb128 0x3b
 1427 0140 0B       		.uleb128 0xb
 1428 0141 49       		.uleb128 0x49
 1429 0142 13       		.uleb128 0x13
 1430 0143 02       		.uleb128 0x2
 1431 0144 18       		.uleb128 0x18
 1432 0145 00       		.byte	0
 1433 0146 00       		.byte	0
 1434 0147 1A       		.uleb128 0x1a
 1435 0148 05       		.uleb128 0x5
 1436 0149 00       		.byte	0
 1437 014a 03       		.uleb128 0x3
 1438 014b 0E       		.uleb128 0xe
 1439 014c 3A       		.uleb128 0x3a
 1440 014d 0B       		.uleb128 0xb
 1441 014e 3B       		.uleb128 0x3b
 1442 014f 0B       		.uleb128 0xb
 1443 0150 49       		.uleb128 0x49
 1444 0151 13       		.uleb128 0x13
 1445 0152 02       		.uleb128 0x2
 1446 0153 18       		.uleb128 0x18
 1447 0154 00       		.byte	0
 1448 0155 00       		.byte	0
 1449 0156 1B       		.uleb128 0x1b
 1450 0157 34       		.uleb128 0x34
 1451 0158 00       		.byte	0
 1452 0159 03       		.uleb128 0x3
 1453 015a 08       		.uleb128 0x8
 1454 015b 3A       		.uleb128 0x3a
 1455 015c 0B       		.uleb128 0xb
 1456 015d 3B       		.uleb128 0x3b
 1457 015e 0B       		.uleb128 0xb
 1458 015f 49       		.uleb128 0x49
 1459 0160 13       		.uleb128 0x13
 1460 0161 02       		.uleb128 0x2
 1461 0162 18       		.uleb128 0x18
 1462 0163 00       		.byte	0
 1463 0164 00       		.byte	0
 1464 0165 1C       		.uleb128 0x1c
 1465 0166 34       		.uleb128 0x34
 1466 0167 00       		.byte	0
 1467 0168 03       		.uleb128 0x3
 1468 0169 0E       		.uleb128 0xe
 1469 016a 3A       		.uleb128 0x3a
 1470 016b 0B       		.uleb128 0xb
 1471 016c 3B       		.uleb128 0x3b
 1472 016d 0B       		.uleb128 0xb
 1473 016e 49       		.uleb128 0x49
 1474 016f 13       		.uleb128 0x13
 1475 0170 02       		.uleb128 0x2
 1476 0171 18       		.uleb128 0x18
 1477 0172 00       		.byte	0
 1478 0173 00       		.byte	0
 1479 0174 1D       		.uleb128 0x1d
 1480 0175 34       		.uleb128 0x34
ARM GAS  /tmp/ccDkhlCj.s 			page 27


 1481 0176 00       		.byte	0
 1482 0177 03       		.uleb128 0x3
 1483 0178 0E       		.uleb128 0xe
 1484 0179 49       		.uleb128 0x49
 1485 017a 13       		.uleb128 0x13
 1486 017b 34       		.uleb128 0x34
 1487 017c 19       		.uleb128 0x19
 1488 017d 00       		.byte	0
 1489 017e 00       		.byte	0
 1490 017f 1E       		.uleb128 0x1e
 1491 0180 34       		.uleb128 0x34
 1492 0181 00       		.byte	0
 1493 0182 03       		.uleb128 0x3
 1494 0183 0E       		.uleb128 0xe
 1495 0184 3A       		.uleb128 0x3a
 1496 0185 0B       		.uleb128 0xb
 1497 0186 3B       		.uleb128 0x3b
 1498 0187 05       		.uleb128 0x5
 1499 0188 49       		.uleb128 0x49
 1500 0189 13       		.uleb128 0x13
 1501 018a 3F       		.uleb128 0x3f
 1502 018b 19       		.uleb128 0x19
 1503 018c 3C       		.uleb128 0x3c
 1504 018d 19       		.uleb128 0x19
 1505 018e 00       		.byte	0
 1506 018f 00       		.byte	0
 1507 0190 1F       		.uleb128 0x1f
 1508 0191 34       		.uleb128 0x34
 1509 0192 00       		.byte	0
 1510 0193 03       		.uleb128 0x3
 1511 0194 08       		.uleb128 0x8
 1512 0195 3A       		.uleb128 0x3a
 1513 0196 0B       		.uleb128 0xb
 1514 0197 3B       		.uleb128 0x3b
 1515 0198 05       		.uleb128 0x5
 1516 0199 49       		.uleb128 0x49
 1517 019a 13       		.uleb128 0x13
 1518 019b 3F       		.uleb128 0x3f
 1519 019c 19       		.uleb128 0x19
 1520 019d 3C       		.uleb128 0x3c
 1521 019e 19       		.uleb128 0x19
 1522 019f 00       		.byte	0
 1523 01a0 00       		.byte	0
 1524 01a1 00       		.byte	0
 1525              		.section	.debug_aranges,"",%progbits
 1526 0000 1C000000 		.4byte	0x1c
 1527 0004 0200     		.2byte	0x2
 1528 0006 00000000 		.4byte	.Ldebug_info0
 1529 000a 04       		.byte	0x4
 1530 000b 00       		.byte	0
 1531 000c 0000     		.2byte	0
 1532 000e 0000     		.2byte	0
 1533 0010 00000000 		.4byte	.Ltext0
 1534 0014 F0000000 		.4byte	.Letext0-.Ltext0
 1535 0018 00000000 		.4byte	0
 1536 001c 00000000 		.4byte	0
 1537              		.section	.debug_line,"",%progbits
ARM GAS  /tmp/ccDkhlCj.s 			page 28


 1538              	.Ldebug_line0:
 1539 0000 AF020000 		.section	.debug_str,"MS",%progbits,1
 1539      02006F02 
 1539      00000201 
 1539      FB0E0D00 
 1539      01010101 
 1540              	.LASF52:
 1541 0000 72656164 		.ascii	"ready_list_t\000"
 1541      795F6C69 
 1541      73745F74 
 1541      00
 1542              	.LASF91:
 1543 000d 77747472 		.ascii	"wttrp\000"
 1543      7000
 1544              	.LASF88:
 1545 0013 7264796D 		.ascii	"rdymsg\000"
 1545      736700
 1546              	.LASF16:
 1547 001a 75696E74 		.ascii	"uint64_t\000"
 1547      36345F74 
 1547      00
 1548              	.LASF24:
 1549 0023 6576656E 		.ascii	"eventmask_t\000"
 1549      746D6173 
 1549      6B5F7400 
 1550              	.LASF5:
 1551 002f 5F5F7569 		.ascii	"__uint8_t\000"
 1551      6E74385F 
 1551      7400
 1552              	.LASF85:
 1553 0039 706F7274 		.ascii	"port_intctx\000"
 1553      5F696E74 
 1553      63747800 
 1554              	.LASF77:
 1555 0045 76746C69 		.ascii	"vtlist\000"
 1555      737400
 1556              	.LASF12:
 1557 004c 6C6F6E67 		.ascii	"long long unsigned int\000"
 1557      206C6F6E 
 1557      6720756E 
 1557      7369676E 
 1557      65642069 
 1558              	.LASF107:
 1559 0063 63685654 		.ascii	"chVTDoResetI\000"
 1559      446F5265 
 1559      73657449 
 1559      00
 1560              	.LASF89:
 1561 0070 65786974 		.ascii	"exitcode\000"
 1561      636F6465 
 1561      00
 1562              	.LASF78:
 1563 0079 6D61696E 		.ascii	"mainthread\000"
 1563      74687265 
 1563      616400
 1564              	.LASF105:
 1565 0084 64656C74 		.ascii	"delta\000"
ARM GAS  /tmp/ccDkhlCj.s 			page 29


 1565      6100
 1566              	.LASF109:
 1567 008a 49544D5F 		.ascii	"ITM_RxBuffer\000"
 1567      52784275 
 1567      66666572 
 1567      00
 1568              	.LASF51:
 1569 0097 63685F74 		.ascii	"ch_threads_queue\000"
 1569      68726561 
 1569      64735F71 
 1569      75657565 
 1569      00
 1570              	.LASF30:
 1571 00a8 705F7072 		.ascii	"p_prio\000"
 1571      696F00
 1572              	.LASF113:
 1573 00af 5F76745F 		.ascii	"_vt_init\000"
 1573      696E6974 
 1573      00
 1574              	.LASF10:
 1575 00b8 6C6F6E67 		.ascii	"long long int\000"
 1575      206C6F6E 
 1575      6720696E 
 1575      7400
 1576              	.LASF1:
 1577 00c6 7369676E 		.ascii	"signed char\000"
 1577      65642063 
 1577      68617200 
 1578              	.LASF45:
 1579 00d2 705F6D70 		.ascii	"p_mpool\000"
 1579      6F6F6C00 
 1580              	.LASF99:
 1581 00da 6D5F7175 		.ascii	"m_queue\000"
 1581      65756500 
 1582              	.LASF90:
 1583 00e2 77746F62 		.ascii	"wtobjp\000"
 1583      6A7000
 1584              	.LASF21:
 1585 00e9 74736C69 		.ascii	"tslices_t\000"
 1585      6365735F 
 1585      7400
 1586              	.LASF75:
 1587 00f3 63685F73 		.ascii	"ch_system\000"
 1587      79737465 
 1587      6D00
 1588              	.LASF7:
 1589 00fd 6C6F6E67 		.ascii	"long int\000"
 1589      20696E74 
 1589      00
 1590              	.LASF111:
 1591 0106 2E2E2F2E 		.ascii	"../../../../../../ChibiOS/os/rt/src/chvt.c\000"
 1591      2E2F2E2E 
 1591      2F2E2E2F 
 1591      2E2E2F2E 
 1591      2E2F4368 
 1592              	.LASF19:
 1593 0131 74737461 		.ascii	"tstate_t\000"
ARM GAS  /tmp/ccDkhlCj.s 			page 30


 1593      74655F74 
 1593      00
 1594              	.LASF32:
 1595 013a 705F6E65 		.ascii	"p_newer\000"
 1595      77657200 
 1596              	.LASF96:
 1597 0142 735F7175 		.ascii	"s_queue\000"
 1597      65756500 
 1598              	.LASF57:
 1599 014a 725F6E65 		.ascii	"r_newer\000"
 1599      77657200 
 1600              	.LASF82:
 1601 0152 72656761 		.ascii	"regarm_t\000"
 1601      726D5F74 
 1601      00
 1602              	.LASF64:
 1603 015b 76745F70 		.ascii	"vt_prev\000"
 1603      72657600 
 1604              	.LASF112:
 1605 0163 2F752F65 		.ascii	"/u/elawton2/p442-submissions/sensortile/reference/b"
 1605      6C617774 
 1605      6F6E322F 
 1605      70343432 
 1605      2D737562 
 1606 0196 6C75656D 		.ascii	"luemicrosystem2/BlueMicrosystem2_V2.2.0/Projects/Mu"
 1606      6963726F 
 1606      73797374 
 1606      656D322F 
 1606      426C7565 
 1607 01c9 6C74692F 		.ascii	"lti/Applications/BlueMicrosystem2/bluechibi\000"
 1607      4170706C 
 1607      69636174 
 1607      696F6E73 
 1607      2F426C75 
 1608              	.LASF102:
 1609 01f5 6D757465 		.ascii	"mutex_t\000"
 1609      785F7400 
 1610              	.LASF79:
 1611 01fd 69646C65 		.ascii	"idle_thread_wa\000"
 1611      5F746872 
 1611      6561645F 
 1611      776100
 1612              	.LASF25:
 1613 020c 636E745F 		.ascii	"cnt_t\000"
 1613      7400
 1614              	.LASF0:
 1615 0212 756E7369 		.ascii	"unsigned int\000"
 1615      676E6564 
 1615      20696E74 
 1615      00
 1616              	.LASF92:
 1617 021f 77747365 		.ascii	"wtsemp\000"
 1617      6D7000
 1618              	.LASF65:
 1619 0226 76745F64 		.ascii	"vt_delta\000"
 1619      656C7461 
 1619      00
ARM GAS  /tmp/ccDkhlCj.s 			page 31


 1620              	.LASF71:
 1621 022f 73797374 		.ascii	"system_debug_t\000"
 1621      656D5F64 
 1621      65627567 
 1621      5F7400
 1622              	.LASF63:
 1623 023e 76745F6E 		.ascii	"vt_next\000"
 1623      65787400 
 1624              	.LASF97:
 1625 0246 735F636E 		.ascii	"s_cnt\000"
 1625      7400
 1626              	.LASF4:
 1627 024c 73686F72 		.ascii	"short unsigned int\000"
 1627      7420756E 
 1627      7369676E 
 1627      65642069 
 1627      6E7400
 1628              	.LASF48:
 1629 025f 63685F74 		.ascii	"ch_thread\000"
 1629      68726561 
 1629      6400
 1630              	.LASF23:
 1631 0269 6D73675F 		.ascii	"msg_t\000"
 1631      7400
 1632              	.LASF74:
 1633 026f 63685F73 		.ascii	"ch_system_t\000"
 1633      79737465 
 1633      6D5F7400 
 1634              	.LASF18:
 1635 027b 746D6F64 		.ascii	"tmode_t\000"
 1635      655F7400 
 1636              	.LASF53:
 1637 0283 63685F72 		.ascii	"ch_ready_list\000"
 1637      65616479 
 1637      5F6C6973 
 1637      7400
 1638              	.LASF106:
 1639 0291 63685654 		.ascii	"chVTDoSetI\000"
 1639      446F5365 
 1639      744900
 1640              	.LASF6:
 1641 029c 5F5F696E 		.ascii	"__int32_t\000"
 1641      7433325F 
 1641      7400
 1642              	.LASF68:
 1643 02a6 76697274 		.ascii	"virtual_timers_list_t\000"
 1643      75616C5F 
 1643      74696D65 
 1643      72735F6C 
 1643      6973745F 
 1644              	.LASF83:
 1645 02bc 73746B61 		.ascii	"stkalign_t\000"
 1645      6C69676E 
 1645      5F7400
 1646              	.LASF17:
 1647 02c7 7274636E 		.ascii	"rtcnt_t\000"
 1647      745F7400 
ARM GAS  /tmp/ccDkhlCj.s 			page 32


 1648              	.LASF46:
 1649 02cf 74687265 		.ascii	"thread_reference_t\000"
 1649      61645F72 
 1649      65666572 
 1649      656E6365 
 1649      5F7400
 1650              	.LASF69:
 1651 02e2 63685F76 		.ascii	"ch_virtual_timers_list\000"
 1651      69727475 
 1651      616C5F74 
 1651      696D6572 
 1651      735F6C69 
 1652              	.LASF66:
 1653 02f9 76745F66 		.ascii	"vt_func\000"
 1653      756E6300 
 1654              	.LASF33:
 1655 0301 705F6F6C 		.ascii	"p_older\000"
 1655      64657200 
 1656              	.LASF56:
 1657 0309 725F6374 		.ascii	"r_ctx\000"
 1657      7800
 1658              	.LASF87:
 1659 030f 746D5F63 		.ascii	"tm_calibration_t\000"
 1659      616C6962 
 1659      72617469 
 1659      6F6E5F74 
 1659      00
 1660              	.LASF59:
 1661 0320 725F6375 		.ascii	"r_current\000"
 1661      7272656E 
 1661      7400
 1662              	.LASF58:
 1663 032a 725F6F6C 		.ascii	"r_older\000"
 1663      64657200 
 1664              	.LASF11:
 1665 0332 5F5F7569 		.ascii	"__uint64_t\000"
 1665      6E743634 
 1665      5F7400
 1666              	.LASF20:
 1667 033d 74726566 		.ascii	"trefs_t\000"
 1667      735F7400 
 1668              	.LASF61:
 1669 0345 76697274 		.ascii	"virtual_timer_t\000"
 1669      75616C5F 
 1669      74696D65 
 1669      725F7400 
 1670              	.LASF29:
 1671 0355 705F7072 		.ascii	"p_prev\000"
 1671      657600
 1672              	.LASF22:
 1673 035c 74707269 		.ascii	"tprio_t\000"
 1673      6F5F7400 
 1674              	.LASF72:
 1675 0364 63685F73 		.ascii	"ch_system_debug\000"
 1675      79737465 
 1675      6D5F6465 
 1675      62756700 
ARM GAS  /tmp/ccDkhlCj.s 			page 33


 1676              	.LASF14:
 1677 0374 696E7433 		.ascii	"int32_t\000"
 1677      325F7400 
 1678              	.LASF2:
 1679 037c 756E7369 		.ascii	"unsigned char\000"
 1679      676E6564 
 1679      20636861 
 1679      7200
 1680              	.LASF103:
 1681 038a 64656C61 		.ascii	"delay\000"
 1681      7900
 1682              	.LASF110:
 1683 0390 474E5520 		.ascii	"GNU C 4.8.4 20140526 (release) [ARM/embedded-4_8-br"
 1683      4320342E 
 1683      382E3420 
 1683      32303134 
 1683      30353236 
 1684 03c3 616E6368 		.ascii	"anch revision 211358] -mcpu=cortex-m4 -mno-thumb-in"
 1684      20726576 
 1684      6973696F 
 1684      6E203231 
 1684      31333538 
 1685 03f6 74657277 		.ascii	"terwork -mthumb -ggdb -O0 -std=c99 -fomit-frame-poi"
 1685      6F726B20 
 1685      2D6D7468 
 1685      756D6220 
 1685      2D676764 
 1686 0429 6E746572 		.ascii	"nter -falign-functions=16\000"
 1686      202D6661 
 1686      6C69676E 
 1686      2D66756E 
 1686      6374696F 
 1687              	.LASF43:
 1688 0443 705F6D74 		.ascii	"p_mtxlist\000"
 1688      786C6973 
 1688      7400
 1689              	.LASF3:
 1690 044d 73686F72 		.ascii	"short int\000"
 1690      7420696E 
 1690      7400
 1691              	.LASF35:
 1692 0457 705F7374 		.ascii	"p_state\000"
 1692      61746500 
 1693              	.LASF38:
 1694 045f 705F7072 		.ascii	"p_preempt\000"
 1694      65656D70 
 1694      7400
 1695              	.LASF55:
 1696 0469 725F7072 		.ascii	"r_prio\000"
 1696      696F00
 1697              	.LASF94:
 1698 0470 65776D61 		.ascii	"ewmask\000"
 1698      736B00
 1699              	.LASF28:
 1700 0477 705F6E65 		.ascii	"p_next\000"
 1700      787400
 1701              	.LASF36:
ARM GAS  /tmp/ccDkhlCj.s 			page 34


 1702 047e 705F666C 		.ascii	"p_flags\000"
 1702      61677300 
 1703              	.LASF108:
 1704 0486 5F5F6675 		.ascii	"__func__\000"
 1704      6E635F5F 
 1704      00
 1705              	.LASF62:
 1706 048f 63685F76 		.ascii	"ch_virtual_timer\000"
 1706      69727475 
 1706      616C5F74 
 1706      696D6572 
 1706      00
 1707              	.LASF95:
 1708 04a0 63685F73 		.ascii	"ch_semaphore\000"
 1708      656D6170 
 1708      686F7265 
 1708      00
 1709              	.LASF42:
 1710 04ad 705F6570 		.ascii	"p_epending\000"
 1710      656E6469 
 1710      6E6700
 1711              	.LASF15:
 1712 04b8 75696E74 		.ascii	"uint32_t\000"
 1712      33325F74 
 1712      00
 1713              	.LASF93:
 1714 04c1 77746D74 		.ascii	"wtmtxp\000"
 1714      787000
 1715              	.LASF54:
 1716 04c8 725F7175 		.ascii	"r_queue\000"
 1716      65756500 
 1717              	.LASF70:
 1718 04d0 76745F73 		.ascii	"vt_systime\000"
 1718      79737469 
 1718      6D6500
 1719              	.LASF49:
 1720 04db 63685F74 		.ascii	"ch_threads_list\000"
 1720      68726561 
 1720      64735F6C 
 1720      69737400 
 1721              	.LASF9:
 1722 04eb 6C6F6E67 		.ascii	"long unsigned int\000"
 1722      20756E73 
 1722      69676E65 
 1722      6420696E 
 1722      7400
 1723              	.LASF81:
 1724 04fd 63686172 		.ascii	"char\000"
 1724      00
 1725              	.LASF27:
 1726 0502 74687265 		.ascii	"thread_t\000"
 1726      61645F74 
 1726      00
 1727              	.LASF101:
 1728 050b 6D5F6E65 		.ascii	"m_next\000"
 1728      787400
 1729              	.LASF26:
ARM GAS  /tmp/ccDkhlCj.s 			page 35


 1730 0512 73797374 		.ascii	"systime_t\000"
 1730      696D655F 
 1730      7400
 1731              	.LASF44:
 1732 051c 705F7265 		.ascii	"p_realprio\000"
 1732      616C7072 
 1732      696F00
 1733              	.LASF60:
 1734 0527 76746675 		.ascii	"vtfunc_t\000"
 1734      6E635F74 
 1734      00
 1735              	.LASF8:
 1736 0530 5F5F7569 		.ascii	"__uint32_t\000"
 1736      6E743332 
 1736      5F7400
 1737              	.LASF73:
 1738 053b 70616E69 		.ascii	"panic_msg\000"
 1738      635F6D73 
 1738      6700
 1739              	.LASF86:
 1740 0545 6F666673 		.ascii	"offset\000"
 1740      657400
 1741              	.LASF84:
 1742 054c 636F6E74 		.ascii	"context\000"
 1742      65787400 
 1743              	.LASF40:
 1744 0554 705F6D73 		.ascii	"p_msgqueue\000"
 1744      67717565 
 1744      756500
 1745              	.LASF67:
 1746 055f 76745F70 		.ascii	"vt_par\000"
 1746      617200
 1747              	.LASF104:
 1748 0566 76746675 		.ascii	"vtfunc\000"
 1748      6E6300
 1749              	.LASF50:
 1750 056d 74687265 		.ascii	"threads_queue_t\000"
 1750      6164735F 
 1750      71756575 
 1750      655F7400 
 1751              	.LASF37:
 1752 057d 705F7265 		.ascii	"p_refs\000"
 1752      667300
 1753              	.LASF76:
 1754 0584 726C6973 		.ascii	"rlist\000"
 1754      7400
 1755              	.LASF13:
 1756 058a 75696E74 		.ascii	"uint8_t\000"
 1756      385F7400 
 1757              	.LASF80:
 1758 0592 73697A65 		.ascii	"sizetype\000"
 1758      74797065 
 1758      00
 1759              	.LASF98:
 1760 059b 63685F6D 		.ascii	"ch_mutex\000"
 1760      75746578 
 1760      00
ARM GAS  /tmp/ccDkhlCj.s 			page 36


 1761              	.LASF34:
 1762 05a4 705F6E61 		.ascii	"p_name\000"
 1762      6D6500
 1763              	.LASF47:
 1764 05ab 74687265 		.ascii	"threads_list_t\000"
 1764      6164735F 
 1764      6C697374 
 1764      5F7400
 1765              	.LASF41:
 1766 05ba 705F6D73 		.ascii	"p_msg\000"
 1766      6700
 1767              	.LASF100:
 1768 05c0 6D5F6F77 		.ascii	"m_owner\000"
 1768      6E657200 
 1769              	.LASF31:
 1770 05c8 705F6374 		.ascii	"p_ctx\000"
 1770      7800
 1771              	.LASF39:
 1772 05ce 705F7761 		.ascii	"p_waiting\000"
 1772      6974696E 
 1772      6700
 1773              		.ident	"GCC: (GNU Tools for ARM Embedded Processors) 4.8.4 20140526 (release) [ARM/embedded-4_8-br
ARM GAS  /tmp/ccDkhlCj.s 			page 37


DEFINED SYMBOLS
                            *ABS*:00000000 chvt.c
     /tmp/ccDkhlCj.s:18     .text:00000000 $t
     /tmp/ccDkhlCj.s:24     .text:00000000 _vt_init
     /tmp/ccDkhlCj.s:53     .text:0000001c $d
     /tmp/ccDkhlCj.s:58     .text:00000024 $t
     /tmp/ccDkhlCj.s:64     .text:00000030 chVTDoSetI
     /tmp/ccDkhlCj.s:153    .text:000000a8 $d
     /tmp/ccDkhlCj.s:157    .text:000000ac $t
     /tmp/ccDkhlCj.s:163    .text:000000b0 chVTDoResetI
     /tmp/ccDkhlCj.s:210    .text:000000ec $d
                     .debug_frame:00000010 $d

UNDEFINED SYMBOLS
ch
