ARM GAS  /tmp/cc9RqwmI.s 			page 1


   1              		.syntax unified
   2              		.cpu cortex-m4
   3              		.fpu softvfp
   4              		.eabi_attribute 20, 1
   5              		.eabi_attribute 21, 1
   6              		.eabi_attribute 23, 3
   7              		.eabi_attribute 24, 1
   8              		.eabi_attribute 25, 1
   9              		.eabi_attribute 26, 1
  10              		.eabi_attribute 30, 6
  11              		.eabi_attribute 34, 1
  12              		.eabi_attribute 18, 4
  13              		.thumb
  14              		.file	"hal_queues.c"
  15              		.text
  16              	.Ltext0:
  17              		.cfi_sections	.debug_frame
  18              	.Letext0:
  19              		.file 1 "/nfs/nfs5/home/research/hardware/arm2/gcc-arm-embedded/gcc-arm-none-eabi-4_8-2014q2/arm-n
  20              		.file 2 "/nfs/nfs5/home/research/hardware/arm2/gcc-arm-embedded/gcc-arm-none-eabi-4_8-2014q2/arm-n
  21              		.file 3 "../../../../../../ChibiOS/os/rt/ports/ARMCMx/compilers/GCC/chtypes.h"
  22              		.file 4 "../../../../../../ChibiOS/os/rt/include/chsystypes.h"
  23              		.file 5 "../../../../../../ChibiOS/os/rt/include/chschd.h"
  24              		.file 6 "../../../../../../ChibiOS/os/rt/ports/ARMCMx/chcore.h"
  25              		.file 7 "../../../../../../ChibiOS/os/rt/ports/ARMCMx/chcore_v7m.h"
  26              		.file 8 "../../../../../../ChibiOS/os/rt/include/chtm.h"
  27              		.file 9 "../../../../../../ChibiOS/os/rt/include/chsem.h"
  28              		.file 10 "../../../../../../ChibiOS/os/rt/include/chmtx.h"
  29              		.file 11 "../../../../../../ChibiOS/os/ext/CMSIS/include/core_cm4.h"
  30              		.section	.debug_info,"",%progbits
  31              	.Ldebug_info0:
  32 0000 4A060000 		.4byte	0x64a
  33 0004 0400     		.2byte	0x4
  34 0006 00000000 		.4byte	.Ldebug_abbrev0
  35 000a 04       		.byte	0x4
  36 000b 01       		.uleb128 0x1
  37 000c 3B000000 		.4byte	.LASF105
  38 0010 01       		.byte	0x1
  39 0011 57030000 		.4byte	.LASF106
  40 0015 8A020000 		.4byte	.LASF107
  41 0019 00000000 		.4byte	.Ldebug_line0
  42 001d 02       		.uleb128 0x2
  43 001e 04       		.byte	0x4
  44 001f 05       		.byte	0x5
  45 0020 696E7400 		.ascii	"int\000"
  46 0024 03       		.uleb128 0x3
  47 0025 04       		.byte	0x4
  48 0026 07       		.byte	0x7
  49 0027 89030000 		.4byte	.LASF0
  50 002b 03       		.uleb128 0x3
  51 002c 01       		.byte	0x1
  52 002d 06       		.byte	0x6
  53 002e 23030000 		.4byte	.LASF1
  54 0032 04       		.uleb128 0x4
  55 0033 33020000 		.4byte	.LASF5
  56 0037 01       		.byte	0x1
  57 0038 1C       		.byte	0x1c
ARM GAS  /tmp/cc9RqwmI.s 			page 2


  58 0039 3D000000 		.4byte	0x3d
  59 003d 03       		.uleb128 0x3
  60 003e 01       		.byte	0x1
  61 003f 08       		.byte	0x8
  62 0040 7C020000 		.4byte	.LASF2
  63 0044 03       		.uleb128 0x3
  64 0045 02       		.byte	0x2
  65 0046 05       		.byte	0x5
  66 0047 D2010000 		.4byte	.LASF3
  67 004b 03       		.uleb128 0x3
  68 004c 02       		.byte	0x2
  69 004d 07       		.byte	0x7
  70 004e 2B040000 		.4byte	.LASF4
  71 0052 04       		.uleb128 0x4
  72 0053 E1040000 		.4byte	.LASF6
  73 0057 01       		.byte	0x1
  74 0058 37       		.byte	0x37
  75 0059 5D000000 		.4byte	0x5d
  76 005d 03       		.uleb128 0x3
  77 005e 04       		.byte	0x4
  78 005f 05       		.byte	0x5
  79 0060 01020000 		.4byte	.LASF7
  80 0064 04       		.uleb128 0x4
  81 0065 AF040000 		.4byte	.LASF8
  82 0069 01       		.byte	0x1
  83 006a 38       		.byte	0x38
  84 006b 6F000000 		.4byte	0x6f
  85 006f 03       		.uleb128 0x3
  86 0070 04       		.byte	0x4
  87 0071 07       		.byte	0x7
  88 0072 89040000 		.4byte	.LASF9
  89 0076 03       		.uleb128 0x3
  90 0077 08       		.byte	0x8
  91 0078 05       		.byte	0x5
  92 0079 E4010000 		.4byte	.LASF10
  93 007d 04       		.uleb128 0x4
  94 007e 5E040000 		.4byte	.LASF11
  95 0082 01       		.byte	0x1
  96 0083 4E       		.byte	0x4e
  97 0084 88000000 		.4byte	0x88
  98 0088 03       		.uleb128 0x3
  99 0089 08       		.byte	0x8
 100 008a 07       		.byte	0x7
 101 008b 37030000 		.4byte	.LASF12
 102 008f 04       		.uleb128 0x4
 103 0090 86010000 		.4byte	.LASF13
 104 0094 02       		.byte	0x2
 105 0095 2A       		.byte	0x2a
 106 0096 32000000 		.4byte	0x32
 107 009a 04       		.uleb128 0x4
 108 009b 16040000 		.4byte	.LASF14
 109 009f 02       		.byte	0x2
 110 00a0 41       		.byte	0x41
 111 00a1 52000000 		.4byte	0x52
 112 00a5 04       		.uleb128 0x4
 113 00a6 B4010000 		.4byte	.LASF15
 114 00aa 02       		.byte	0x2
ARM GAS  /tmp/cc9RqwmI.s 			page 3


 115 00ab 42       		.byte	0x42
 116 00ac 64000000 		.4byte	0x64
 117 00b0 04       		.uleb128 0x4
 118 00b1 27000000 		.4byte	.LASF16
 119 00b5 02       		.byte	0x2
 120 00b6 4E       		.byte	0x4e
 121 00b7 7D000000 		.4byte	0x7d
 122 00bb 04       		.uleb128 0x4
 123 00bc 74020000 		.4byte	.LASF17
 124 00c0 03       		.byte	0x3
 125 00c1 39       		.byte	0x39
 126 00c2 A5000000 		.4byte	0xa5
 127 00c6 04       		.uleb128 0x4
 128 00c7 DC010000 		.4byte	.LASF18
 129 00cb 03       		.byte	0x3
 130 00cc 3C       		.byte	0x3c
 131 00cd 8F000000 		.4byte	0x8f
 132 00d1 04       		.uleb128 0x4
 133 00d2 14050000 		.4byte	.LASF19
 134 00d6 03       		.byte	0x3
 135 00d7 3D       		.byte	0x3d
 136 00d8 8F000000 		.4byte	0x8f
 137 00dc 04       		.uleb128 0x4
 138 00dd 19000000 		.4byte	.LASF20
 139 00e1 03       		.byte	0x3
 140 00e2 3E       		.byte	0x3e
 141 00e3 8F000000 		.4byte	0x8f
 142 00e7 04       		.uleb128 0x4
 143 00e8 AA010000 		.4byte	.LASF21
 144 00ec 03       		.byte	0x3
 145 00ed 3F       		.byte	0x3f
 146 00ee 8F000000 		.4byte	0x8f
 147 00f2 04       		.uleb128 0x4
 148 00f3 F9010000 		.4byte	.LASF22
 149 00f7 03       		.byte	0x3
 150 00f8 40       		.byte	0x40
 151 00f9 A5000000 		.4byte	0xa5
 152 00fd 04       		.uleb128 0x4
 153 00fe 8B050000 		.4byte	.LASF23
 154 0102 03       		.byte	0x3
 155 0103 41       		.byte	0x41
 156 0104 9A000000 		.4byte	0x9a
 157 0108 04       		.uleb128 0x4
 158 0109 2D010000 		.4byte	.LASF24
 159 010d 03       		.byte	0x3
 160 010e 43       		.byte	0x43
 161 010f A5000000 		.4byte	0xa5
 162 0113 04       		.uleb128 0x4
 163 0114 25040000 		.4byte	.LASF25
 164 0118 03       		.byte	0x3
 165 0119 45       		.byte	0x45
 166 011a 9A000000 		.4byte	0x9a
 167 011e 04       		.uleb128 0x4
 168 011f E8030000 		.4byte	.LASF26
 169 0123 04       		.byte	0x4
 170 0124 33       		.byte	0x33
 171 0125 A5000000 		.4byte	0xa5
ARM GAS  /tmp/cc9RqwmI.s 			page 4


 172 0129 04       		.uleb128 0x4
 173 012a 00000000 		.4byte	.LASF27
 174 012e 04       		.byte	0x4
 175 012f 3F       		.byte	0x3f
 176 0130 34010000 		.4byte	0x134
 177 0134 05       		.uleb128 0x5
 178 0135 BD010000 		.4byte	.LASF48
 179 0139 44       		.byte	0x44
 180 013a 05       		.byte	0x5
 181 013b C2       		.byte	0xc2
 182 013c 2D020000 		.4byte	0x22d
 183 0140 06       		.uleb128 0x6
 184 0141 4B010000 		.4byte	.LASF28
 185 0145 05       		.byte	0x5
 186 0146 C3       		.byte	0xc3
 187 0147 38020000 		.4byte	0x238
 188 014b 00       		.byte	0
 189 014c 06       		.uleb128 0x6
 190 014d FF000000 		.4byte	.LASF29
 191 0151 05       		.byte	0x5
 192 0152 C5       		.byte	0xc5
 193 0153 38020000 		.4byte	0x238
 194 0157 04       		.byte	0x4
 195 0158 06       		.uleb128 0x6
 196 0159 44010000 		.4byte	.LASF30
 197 015d 05       		.byte	0x5
 198 015e C7       		.byte	0xc7
 199 015f F2000000 		.4byte	0xf2
 200 0163 08       		.byte	0x8
 201 0164 06       		.uleb128 0x6
 202 0165 5A050000 		.4byte	.LASF31
 203 0169 05       		.byte	0x5
 204 016a C8       		.byte	0xc8
 205 016b 7A040000 		.4byte	0x47a
 206 016f 0C       		.byte	0xc
 207 0170 06       		.uleb128 0x6
 208 0171 2F030000 		.4byte	.LASF32
 209 0175 05       		.byte	0x5
 210 0176 CA       		.byte	0xca
 211 0177 38020000 		.4byte	0x238
 212 017b 10       		.byte	0x10
 213 017c 06       		.uleb128 0x6
 214 017d 37050000 		.4byte	.LASF33
 215 0181 05       		.byte	0x5
 216 0182 CB       		.byte	0xcb
 217 0183 38020000 		.4byte	0x238
 218 0187 14       		.byte	0x14
 219 0188 06       		.uleb128 0x6
 220 0189 73040000 		.4byte	.LASF34
 221 018d 05       		.byte	0x5
 222 018e D2       		.byte	0xd2
 223 018f 59040000 		.4byte	0x459
 224 0193 18       		.byte	0x18
 225 0194 06       		.uleb128 0x6
 226 0195 3E040000 		.4byte	.LASF35
 227 0199 05       		.byte	0x5
 228 019a DD       		.byte	0xdd
ARM GAS  /tmp/cc9RqwmI.s 			page 5


 229 019b D1000000 		.4byte	0xd1
 230 019f 1C       		.byte	0x1c
 231 01a0 06       		.uleb128 0x6
 232 01a1 CC030000 		.4byte	.LASF36
 233 01a5 05       		.byte	0x5
 234 01a6 E1       		.byte	0xe1
 235 01a7 C6000000 		.4byte	0xc6
 236 01ab 1D       		.byte	0x1d
 237 01ac 06       		.uleb128 0x6
 238 01ad 3D020000 		.4byte	.LASF37
 239 01b1 05       		.byte	0x5
 240 01b2 E6       		.byte	0xe6
 241 01b3 DC000000 		.4byte	0xdc
 242 01b7 1E       		.byte	0x1e
 243 01b8 06       		.uleb128 0x6
 244 01b9 9B040000 		.4byte	.LASF38
 245 01bd 05       		.byte	0x5
 246 01be EC       		.byte	0xec
 247 01bf E7000000 		.4byte	0xe7
 248 01c3 1F       		.byte	0x1f
 249 01c4 07       		.uleb128 0x7
 250 01c5 705F7500 		.ascii	"p_u\000"
 251 01c9 05       		.byte	0x5
 252 01ca 3101     		.2byte	0x131
 253 01cc 34050000 		.4byte	0x534
 254 01d0 20       		.byte	0x20
 255 01d1 08       		.uleb128 0x8
 256 01d2 54040000 		.4byte	.LASF39
 257 01d6 05       		.byte	0x5
 258 01d7 3601     		.2byte	0x136
 259 01d9 3E020000 		.4byte	0x23e
 260 01dd 24       		.byte	0x24
 261 01de 08       		.uleb128 0x8
 262 01df 39010000 		.4byte	.LASF40
 263 01e3 05       		.byte	0x5
 264 01e4 3C01     		.2byte	0x13c
 265 01e6 62020000 		.4byte	0x262
 266 01ea 28       		.byte	0x28
 267 01eb 08       		.uleb128 0x8
 268 01ec 5E020000 		.4byte	.LASF41
 269 01f0 05       		.byte	0x5
 270 01f1 4001     		.2byte	0x140
 271 01f3 FD000000 		.4byte	0xfd
 272 01f7 30       		.byte	0x30
 273 01f8 08       		.uleb128 0x8
 274 01f9 C7010000 		.4byte	.LASF42
 275 01fd 05       		.byte	0x5
 276 01fe 4601     		.2byte	0x146
 277 0200 08010000 		.4byte	0x108
 278 0204 34       		.byte	0x34
 279 0205 08       		.uleb128 0x8
 280 0206 69040000 		.4byte	.LASF43
 281 020a 05       		.byte	0x5
 282 020b 4D01     		.2byte	0x14d
 283 020d F3050000 		.4byte	0x5f3
 284 0211 38       		.byte	0x38
 285 0212 08       		.uleb128 0x8
ARM GAS  /tmp/cc9RqwmI.s 			page 6


 286 0213 DD030000 		.4byte	.LASF44
 287 0217 05       		.byte	0x5
 288 0218 5101     		.2byte	0x151
 289 021a F2000000 		.4byte	0xf2
 290 021e 3C       		.byte	0x3c
 291 021f 08       		.uleb128 0x8
 292 0220 BC030000 		.4byte	.LASF45
 293 0224 05       		.byte	0x5
 294 0225 5801     		.2byte	0x158
 295 0227 15030000 		.4byte	0x315
 296 022b 40       		.byte	0x40
 297 022c 00       		.byte	0
 298 022d 04       		.uleb128 0x4
 299 022e F2040000 		.4byte	.LASF46
 300 0232 04       		.byte	0x4
 301 0233 44       		.byte	0x44
 302 0234 38020000 		.4byte	0x238
 303 0238 09       		.uleb128 0x9
 304 0239 04       		.byte	0x4
 305 023a 29010000 		.4byte	0x129
 306 023e 04       		.uleb128 0x4
 307 023f 99050000 		.4byte	.LASF47
 308 0243 04       		.byte	0x4
 309 0244 49       		.byte	0x49
 310 0245 49020000 		.4byte	0x249
 311 0249 05       		.uleb128 0x5
 312 024a 44020000 		.4byte	.LASF49
 313 024e 04       		.byte	0x4
 314 024f 05       		.byte	0x5
 315 0250 B0       		.byte	0xb0
 316 0251 62020000 		.4byte	0x262
 317 0255 06       		.uleb128 0x6
 318 0256 4B010000 		.4byte	.LASF28
 319 025a 05       		.byte	0x5
 320 025b B1       		.byte	0xb1
 321 025c 38020000 		.4byte	0x238
 322 0260 00       		.byte	0
 323 0261 00       		.byte	0
 324 0262 04       		.uleb128 0x4
 325 0263 1D010000 		.4byte	.LASF50
 326 0267 04       		.byte	0x4
 327 0268 50       		.byte	0x50
 328 0269 6D020000 		.4byte	0x26d
 329 026d 05       		.uleb128 0x5
 330 026e 8E010000 		.4byte	.LASF51
 331 0272 08       		.byte	0x8
 332 0273 05       		.byte	0x5
 333 0274 B7       		.byte	0xb7
 334 0275 92020000 		.4byte	0x292
 335 0279 06       		.uleb128 0x6
 336 027a 4B010000 		.4byte	.LASF28
 337 027e 05       		.byte	0x5
 338 027f B8       		.byte	0xb8
 339 0280 38020000 		.4byte	0x238
 340 0284 00       		.byte	0
 341 0285 06       		.uleb128 0x6
 342 0286 FF000000 		.4byte	.LASF29
ARM GAS  /tmp/cc9RqwmI.s 			page 7


 343 028a 05       		.byte	0x5
 344 028b B9       		.byte	0xb9
 345 028c 38020000 		.4byte	0x238
 346 0290 04       		.byte	0x4
 347 0291 00       		.byte	0
 348 0292 04       		.uleb128 0x4
 349 0293 3F050000 		.4byte	.LASF52
 350 0297 04       		.byte	0x4
 351 0298 57       		.byte	0x57
 352 0299 9D020000 		.4byte	0x29d
 353 029d 0A       		.uleb128 0xa
 354 029e 4C050000 		.4byte	.LASF53
 355 02a2 1C       		.byte	0x1c
 356 02a3 05       		.byte	0x5
 357 02a4 9001     		.2byte	0x190
 358 02a6 F9020000 		.4byte	0x2f9
 359 02aa 08       		.uleb128 0x8
 360 02ab EE000000 		.4byte	.LASF54
 361 02af 05       		.byte	0x5
 362 02b0 9101     		.2byte	0x191
 363 02b2 62020000 		.4byte	0x262
 364 02b6 00       		.byte	0
 365 02b7 08       		.uleb128 0x8
 366 02b8 1E040000 		.4byte	.LASF55
 367 02bc 05       		.byte	0x5
 368 02bd 9201     		.2byte	0x192
 369 02bf F2000000 		.4byte	0xf2
 370 02c3 08       		.byte	0x8
 371 02c4 08       		.uleb128 0x8
 372 02c5 21000000 		.4byte	.LASF56
 373 02c9 05       		.byte	0x5
 374 02ca 9401     		.2byte	0x194
 375 02cc 7A040000 		.4byte	0x47a
 376 02d0 0C       		.byte	0xc
 377 02d1 08       		.uleb128 0x8
 378 02d2 C4030000 		.4byte	.LASF57
 379 02d6 05       		.byte	0x5
 380 02d7 9701     		.2byte	0x197
 381 02d9 38020000 		.4byte	0x238
 382 02dd 10       		.byte	0x10
 383 02de 08       		.uleb128 0x8
 384 02df 91050000 		.4byte	.LASF58
 385 02e3 05       		.byte	0x5
 386 02e4 9801     		.2byte	0x198
 387 02e6 38020000 		.4byte	0x238
 388 02ea 14       		.byte	0x14
 389 02eb 08       		.uleb128 0x8
 390 02ec 54020000 		.4byte	.LASF59
 391 02f0 05       		.byte	0x5
 392 02f1 9B01     		.2byte	0x19b
 393 02f3 38020000 		.4byte	0x238
 394 02f7 18       		.byte	0x18
 395 02f8 00       		.byte	0
 396 02f9 04       		.uleb128 0x4
 397 02fa 64020000 		.4byte	.LASF60
 398 02fe 04       		.byte	0x4
 399 02ff 5C       		.byte	0x5c
ARM GAS  /tmp/cc9RqwmI.s 			page 8


 400 0300 04030000 		.4byte	0x304
 401 0304 09       		.uleb128 0x9
 402 0305 04       		.byte	0x4
 403 0306 0A030000 		.4byte	0x30a
 404 030a 0B       		.uleb128 0xb
 405 030b 15030000 		.4byte	0x315
 406 030f 0C       		.uleb128 0xc
 407 0310 15030000 		.4byte	0x315
 408 0314 00       		.byte	0
 409 0315 0D       		.uleb128 0xd
 410 0316 04       		.byte	0x4
 411 0317 04       		.uleb128 0x4
 412 0318 1B020000 		.4byte	.LASF61
 413 031c 04       		.byte	0x4
 414 031d 61       		.byte	0x61
 415 031e 22030000 		.4byte	0x322
 416 0322 0A       		.uleb128 0xa
 417 0323 05040000 		.4byte	.LASF62
 418 0327 14       		.byte	0x14
 419 0328 05       		.byte	0x5
 420 0329 6B01     		.2byte	0x16b
 421 032b 71030000 		.4byte	0x371
 422 032f 08       		.uleb128 0x8
 423 0330 96030000 		.4byte	.LASF63
 424 0334 05       		.byte	0x5
 425 0335 6C01     		.2byte	0x16c
 426 0337 F9050000 		.4byte	0x5f9
 427 033b 00       		.byte	0
 428 033c 08       		.uleb128 0x8
 429 033d D9040000 		.4byte	.LASF64
 430 0341 05       		.byte	0x5
 431 0342 6D01     		.2byte	0x16d
 432 0344 F9050000 		.4byte	0x5f9
 433 0348 04       		.byte	0x4
 434 0349 08       		.uleb128 0x8
 435 034a D4030000 		.4byte	.LASF65
 436 034e 05       		.byte	0x5
 437 034f 6E01     		.2byte	0x16e
 438 0351 1E010000 		.4byte	0x11e
 439 0355 08       		.byte	0x8
 440 0356 08       		.uleb128 0x8
 441 0357 0C050000 		.4byte	.LASF66
 442 035b 05       		.byte	0x5
 443 035c 6F01     		.2byte	0x16f
 444 035e F9020000 		.4byte	0x2f9
 445 0362 0C       		.byte	0xc
 446 0363 08       		.uleb128 0x8
 447 0364 EB040000 		.4byte	.LASF67
 448 0368 05       		.byte	0x5
 449 0369 7101     		.2byte	0x171
 450 036b 15030000 		.4byte	0x315
 451 036f 10       		.byte	0x10
 452 0370 00       		.byte	0
 453 0371 04       		.uleb128 0x4
 454 0372 A6030000 		.4byte	.LASF68
 455 0376 04       		.byte	0x4
 456 0377 66       		.byte	0x66
ARM GAS  /tmp/cc9RqwmI.s 			page 9


 457 0378 7C030000 		.4byte	0x37c
 458 037c 0A       		.uleb128 0xa
 459 037d 6D050000 		.4byte	.LASF69
 460 0381 10       		.byte	0x10
 461 0382 05       		.byte	0x5
 462 0383 7B01     		.2byte	0x17b
 463 0385 BE030000 		.4byte	0x3be
 464 0389 08       		.uleb128 0x8
 465 038a 96030000 		.4byte	.LASF63
 466 038e 05       		.byte	0x5
 467 038f 7C01     		.2byte	0x17c
 468 0391 F9050000 		.4byte	0x5f9
 469 0395 00       		.byte	0
 470 0396 08       		.uleb128 0x8
 471 0397 D9040000 		.4byte	.LASF64
 472 039b 05       		.byte	0x5
 473 039c 7E01     		.2byte	0x17e
 474 039e F9050000 		.4byte	0x5f9
 475 03a2 04       		.byte	0x4
 476 03a3 08       		.uleb128 0x8
 477 03a4 D4030000 		.4byte	.LASF65
 478 03a8 05       		.byte	0x5
 479 03a9 8001     		.2byte	0x180
 480 03ab 1E010000 		.4byte	0x11e
 481 03af 08       		.byte	0x8
 482 03b0 08       		.uleb128 0x8
 483 03b1 9F010000 		.4byte	.LASF70
 484 03b5 05       		.byte	0x5
 485 03b6 8201     		.2byte	0x182
 486 03b8 FF050000 		.4byte	0x5ff
 487 03bc 0C       		.byte	0xc
 488 03bd 00       		.byte	0
 489 03be 04       		.uleb128 0x4
 490 03bf 06010000 		.4byte	.LASF71
 491 03c3 04       		.byte	0x4
 492 03c4 6B       		.byte	0x6b
 493 03c5 C9030000 		.4byte	0x3c9
 494 03c9 0A       		.uleb128 0xa
 495 03ca 09000000 		.4byte	.LASF72
 496 03ce 04       		.byte	0x4
 497 03cf 05       		.byte	0x5
 498 03d0 A201     		.2byte	0x1a2
 499 03d2 E4030000 		.4byte	0x3e4
 500 03d6 08       		.uleb128 0x8
 501 03d7 A5040000 		.4byte	.LASF73
 502 03db 05       		.byte	0x5
 503 03dc AA01     		.2byte	0x1aa
 504 03de 04060000 		.4byte	0x604
 505 03e2 00       		.byte	0
 506 03e3 00       		.byte	0
 507 03e4 04       		.uleb128 0x4
 508 03e5 71010000 		.4byte	.LASF74
 509 03e9 04       		.byte	0x4
 510 03ea 70       		.byte	0x70
 511 03eb EF030000 		.4byte	0x3ef
 512 03ef 0E       		.uleb128 0xe
 513 03f0 0A020000 		.4byte	.LASF75
ARM GAS  /tmp/cc9RqwmI.s 			page 10


 514 03f4 5001     		.2byte	0x150
 515 03f6 05       		.byte	0x5
 516 03f7 C201     		.2byte	0x1c2
 517 03f9 4B040000 		.4byte	0x44b
 518 03fd 08       		.uleb128 0x8
 519 03fe F2030000 		.4byte	.LASF76
 520 0402 05       		.byte	0x5
 521 0403 C601     		.2byte	0x1c6
 522 0405 92020000 		.4byte	0x292
 523 0409 00       		.byte	0
 524 040a 08       		.uleb128 0x8
 525 040b 52010000 		.4byte	.LASF77
 526 040f 05       		.byte	0x5
 527 0410 CA01     		.2byte	0x1ca
 528 0412 71030000 		.4byte	0x371
 529 0416 1C       		.byte	0x1c
 530 0417 07       		.uleb128 0x7
 531 0418 64626700 		.ascii	"dbg\000"
 532 041c 05       		.byte	0x5
 533 041d CE01     		.2byte	0x1ce
 534 041f BE030000 		.4byte	0x3be
 535 0423 2C       		.byte	0x2c
 536 0424 08       		.uleb128 0x8
 537 0425 30000000 		.4byte	.LASF78
 538 0429 05       		.byte	0x5
 539 042a D201     		.2byte	0x1d2
 540 042c 29010000 		.4byte	0x129
 541 0430 30       		.byte	0x30
 542 0431 07       		.uleb128 0x7
 543 0432 746D00   		.ascii	"tm\000"
 544 0435 05       		.byte	0x5
 545 0436 D701     		.2byte	0x1d7
 546 0438 29050000 		.4byte	0x529
 547 043c 74       		.byte	0x74
 548 043d 08       		.uleb128 0x8
 549 043e 7A040000 		.4byte	.LASF79
 550 0442 05       		.byte	0x5
 551 0443 E301     		.2byte	0x1e3
 552 0445 09060000 		.4byte	0x609
 553 0449 78       		.byte	0x78
 554 044a 00       		.byte	0
 555 044b 03       		.uleb128 0x3
 556 044c 04       		.byte	0x4
 557 044d 07       		.byte	0x7
 558 044e F6000000 		.4byte	.LASF80
 559 0452 03       		.uleb128 0x3
 560 0453 01       		.byte	0x1
 561 0454 08       		.byte	0x8
 562 0455 F8030000 		.4byte	.LASF81
 563 0459 09       		.uleb128 0x9
 564 045a 04       		.byte	0x4
 565 045b 5F040000 		.4byte	0x45f
 566 045f 0F       		.uleb128 0xf
 567 0460 52040000 		.4byte	0x452
 568 0464 04       		.uleb128 0x4
 569 0465 7D010000 		.4byte	.LASF82
 570 0469 06       		.byte	0x6
ARM GAS  /tmp/cc9RqwmI.s 			page 11


 571 046a 65       		.byte	0x65
 572 046b 15030000 		.4byte	0x315
 573 046f 04       		.uleb128 0x4
 574 0470 1D050000 		.4byte	.LASF83
 575 0474 06       		.byte	0x6
 576 0475 6D       		.byte	0x6d
 577 0476 B0000000 		.4byte	0xb0
 578 047a 05       		.uleb128 0x5
 579 047b 9E030000 		.4byte	.LASF84
 580 047f 04       		.byte	0x4
 581 0480 06       		.byte	0x6
 582 0481 89       		.byte	0x89
 583 0482 93040000 		.4byte	0x493
 584 0486 10       		.uleb128 0x10
 585 0487 72313300 		.ascii	"r13\000"
 586 048b 06       		.byte	0x6
 587 048c 8A       		.byte	0x8a
 588 048d 0E050000 		.4byte	0x50e
 589 0491 00       		.byte	0
 590 0492 00       		.byte	0
 591 0493 05       		.uleb128 0x5
 592 0494 CD040000 		.4byte	.LASF85
 593 0498 24       		.byte	0x24
 594 0499 07       		.byte	0x7
 595 049a FD       		.byte	0xfd
 596 049b 0E050000 		.4byte	0x50e
 597 049f 07       		.uleb128 0x7
 598 04a0 723400   		.ascii	"r4\000"
 599 04a3 07       		.byte	0x7
 600 04a4 1001     		.2byte	0x110
 601 04a6 64040000 		.4byte	0x464
 602 04aa 00       		.byte	0
 603 04ab 07       		.uleb128 0x7
 604 04ac 723500   		.ascii	"r5\000"
 605 04af 07       		.byte	0x7
 606 04b0 1101     		.2byte	0x111
 607 04b2 64040000 		.4byte	0x464
 608 04b6 04       		.byte	0x4
 609 04b7 07       		.uleb128 0x7
 610 04b8 723600   		.ascii	"r6\000"
 611 04bb 07       		.byte	0x7
 612 04bc 1201     		.2byte	0x112
 613 04be 64040000 		.4byte	0x464
 614 04c2 08       		.byte	0x8
 615 04c3 07       		.uleb128 0x7
 616 04c4 723700   		.ascii	"r7\000"
 617 04c7 07       		.byte	0x7
 618 04c8 1301     		.2byte	0x113
 619 04ca 64040000 		.4byte	0x464
 620 04ce 0C       		.byte	0xc
 621 04cf 07       		.uleb128 0x7
 622 04d0 723800   		.ascii	"r8\000"
 623 04d3 07       		.byte	0x7
 624 04d4 1401     		.2byte	0x114
 625 04d6 64040000 		.4byte	0x464
 626 04da 10       		.byte	0x10
 627 04db 07       		.uleb128 0x7
ARM GAS  /tmp/cc9RqwmI.s 			page 12


 628 04dc 723900   		.ascii	"r9\000"
 629 04df 07       		.byte	0x7
 630 04e0 1501     		.2byte	0x115
 631 04e2 64040000 		.4byte	0x464
 632 04e6 14       		.byte	0x14
 633 04e7 07       		.uleb128 0x7
 634 04e8 72313000 		.ascii	"r10\000"
 635 04ec 07       		.byte	0x7
 636 04ed 1601     		.2byte	0x116
 637 04ef 64040000 		.4byte	0x464
 638 04f3 18       		.byte	0x18
 639 04f4 07       		.uleb128 0x7
 640 04f5 72313100 		.ascii	"r11\000"
 641 04f9 07       		.byte	0x7
 642 04fa 1701     		.2byte	0x117
 643 04fc 64040000 		.4byte	0x464
 644 0500 1C       		.byte	0x1c
 645 0501 07       		.uleb128 0x7
 646 0502 6C7200   		.ascii	"lr\000"
 647 0505 07       		.byte	0x7
 648 0506 1801     		.2byte	0x118
 649 0508 64040000 		.4byte	0x464
 650 050c 20       		.byte	0x20
 651 050d 00       		.byte	0
 652 050e 09       		.uleb128 0x9
 653 050f 04       		.byte	0x4
 654 0510 93040000 		.4byte	0x493
 655 0514 11       		.uleb128 0x11
 656 0515 04       		.byte	0x4
 657 0516 08       		.byte	0x8
 658 0517 38       		.byte	0x38
 659 0518 29050000 		.4byte	0x529
 660 051c 06       		.uleb128 0x6
 661 051d 14020000 		.4byte	.LASF86
 662 0521 08       		.byte	0x8
 663 0522 3C       		.byte	0x3c
 664 0523 BB000000 		.4byte	0xbb
 665 0527 00       		.byte	0
 666 0528 00       		.byte	0
 667 0529 04       		.uleb128 0x4
 668 052a 59010000 		.4byte	.LASF87
 669 052e 08       		.byte	0x8
 670 052f 3D       		.byte	0x3d
 671 0530 14050000 		.4byte	0x514
 672 0534 12       		.uleb128 0x12
 673 0535 04       		.byte	0x4
 674 0536 05       		.byte	0x5
 675 0537 FA       		.byte	0xfa
 676 0538 91050000 		.4byte	0x591
 677 053c 13       		.uleb128 0x13
 678 053d 84050000 		.4byte	.LASF88
 679 0541 05       		.byte	0x5
 680 0542 0101     		.2byte	0x101
 681 0544 FD000000 		.4byte	0xfd
 682 0548 13       		.uleb128 0x13
 683 0549 28050000 		.4byte	.LASF89
 684 054d 05       		.byte	0x5
ARM GAS  /tmp/cc9RqwmI.s 			page 13


 685 054e 0801     		.2byte	0x108
 686 0550 FD000000 		.4byte	0xfd
 687 0554 13       		.uleb128 0x13
 688 0555 05050000 		.4byte	.LASF90
 689 0559 05       		.byte	0x5
 690 055a 0F01     		.2byte	0x10f
 691 055c 15030000 		.4byte	0x315
 692 0560 13       		.uleb128 0x13
 693 0561 BA040000 		.4byte	.LASF91
 694 0565 05       		.byte	0x5
 695 0566 1601     		.2byte	0x116
 696 0568 91050000 		.4byte	0x591
 697 056c 13       		.uleb128 0x13
 698 056d F2010000 		.4byte	.LASF92
 699 0571 05       		.byte	0x5
 700 0572 1E01     		.2byte	0x11e
 701 0574 BC050000 		.4byte	0x5bc
 702 0578 13       		.uleb128 0x13
 703 0579 6D020000 		.4byte	.LASF93
 704 057d 05       		.byte	0x5
 705 057e 2701     		.2byte	0x127
 706 0580 F3050000 		.4byte	0x5f3
 707 0584 13       		.uleb128 0x13
 708 0585 1C030000 		.4byte	.LASF94
 709 0589 05       		.byte	0x5
 710 058a 2F01     		.2byte	0x12f
 711 058c 08010000 		.4byte	0x108
 712 0590 00       		.byte	0
 713 0591 09       		.uleb128 0x9
 714 0592 04       		.byte	0x4
 715 0593 2D020000 		.4byte	0x22d
 716 0597 05       		.uleb128 0x5
 717 0598 C0040000 		.4byte	.LASF95
 718 059c 0C       		.byte	0xc
 719 059d 09       		.byte	0x9
 720 059e 34       		.byte	0x34
 721 059f BC050000 		.4byte	0x5bc
 722 05a3 06       		.uleb128 0x6
 723 05a4 4C040000 		.4byte	.LASF96
 724 05a8 09       		.byte	0x9
 725 05a9 35       		.byte	0x35
 726 05aa 62020000 		.4byte	0x262
 727 05ae 00       		.byte	0
 728 05af 06       		.uleb128 0x6
 729 05b0 31050000 		.4byte	.LASF97
 730 05b4 09       		.byte	0x9
 731 05b5 37       		.byte	0x37
 732 05b6 13010000 		.4byte	0x113
 733 05ba 08       		.byte	0x8
 734 05bb 00       		.byte	0
 735 05bc 09       		.uleb128 0x9
 736 05bd 04       		.byte	0x4
 737 05be 97050000 		.4byte	0x597
 738 05c2 05       		.uleb128 0x5
 739 05c3 4E030000 		.4byte	.LASF98
 740 05c7 10       		.byte	0x10
 741 05c8 0A       		.byte	0xa
ARM GAS  /tmp/cc9RqwmI.s 			page 14


 742 05c9 39       		.byte	0x39
 743 05ca F3050000 		.4byte	0x5f3
 744 05ce 06       		.uleb128 0x6
 745 05cf 2B020000 		.4byte	.LASF99
 746 05d3 0A       		.byte	0xa
 747 05d4 3A       		.byte	0x3a
 748 05d5 62020000 		.4byte	0x262
 749 05d9 00       		.byte	0
 750 05da 06       		.uleb128 0x6
 751 05db 15010000 		.4byte	.LASF100
 752 05df 0A       		.byte	0xa
 753 05e0 3C       		.byte	0x3c
 754 05e1 38020000 		.4byte	0x238
 755 05e5 08       		.byte	0x8
 756 05e6 06       		.uleb128 0x6
 757 05e7 6A010000 		.4byte	.LASF101
 758 05eb 0A       		.byte	0xa
 759 05ec 3E       		.byte	0x3e
 760 05ed 24060000 		.4byte	0x624
 761 05f1 0C       		.byte	0xc
 762 05f2 00       		.byte	0
 763 05f3 09       		.uleb128 0x9
 764 05f4 04       		.byte	0x4
 765 05f5 C2050000 		.4byte	0x5c2
 766 05f9 09       		.uleb128 0x9
 767 05fa 04       		.byte	0x4
 768 05fb 17030000 		.4byte	0x317
 769 05ff 14       		.uleb128 0x14
 770 0600 1E010000 		.4byte	0x11e
 771 0604 14       		.uleb128 0x14
 772 0605 59040000 		.4byte	0x459
 773 0609 15       		.uleb128 0x15
 774 060a 6F040000 		.4byte	0x46f
 775 060e 19060000 		.4byte	0x619
 776 0612 16       		.uleb128 0x16
 777 0613 4B040000 		.4byte	0x44b
 778 0617 1A       		.byte	0x1a
 779 0618 00       		.byte	0
 780 0619 04       		.uleb128 0x4
 781 061a FD030000 		.4byte	.LASF102
 782 061e 0A       		.byte	0xa
 783 061f 34       		.byte	0x34
 784 0620 C2050000 		.4byte	0x5c2
 785 0624 09       		.uleb128 0x9
 786 0625 04       		.byte	0x4
 787 0626 19060000 		.4byte	0x619
 788 062a 03       		.uleb128 0x3
 789 062b 01       		.byte	0x1
 790 062c 02       		.byte	0x2
 791 062d 46040000 		.4byte	.LASF103
 792 0631 17       		.uleb128 0x17
 793 0632 60050000 		.4byte	.LASF104
 794 0636 0B       		.byte	0xb
 795 0637 FA06     		.2byte	0x6fa
 796 0639 3D060000 		.4byte	0x63d
 797 063d 14       		.uleb128 0x14
 798 063e 9A000000 		.4byte	0x9a
ARM GAS  /tmp/cc9RqwmI.s 			page 15


 799 0642 18       		.uleb128 0x18
 800 0643 636800   		.ascii	"ch\000"
 801 0646 05       		.byte	0x5
 802 0647 0902     		.2byte	0x209
 803 0649 E4030000 		.4byte	0x3e4
 804 064d 00       		.byte	0
 805              		.section	.debug_abbrev,"",%progbits
 806              	.Ldebug_abbrev0:
 807 0000 01       		.uleb128 0x1
 808 0001 11       		.uleb128 0x11
 809 0002 01       		.byte	0x1
 810 0003 25       		.uleb128 0x25
 811 0004 0E       		.uleb128 0xe
 812 0005 13       		.uleb128 0x13
 813 0006 0B       		.uleb128 0xb
 814 0007 03       		.uleb128 0x3
 815 0008 0E       		.uleb128 0xe
 816 0009 1B       		.uleb128 0x1b
 817 000a 0E       		.uleb128 0xe
 818 000b 10       		.uleb128 0x10
 819 000c 17       		.uleb128 0x17
 820 000d 00       		.byte	0
 821 000e 00       		.byte	0
 822 000f 02       		.uleb128 0x2
 823 0010 24       		.uleb128 0x24
 824 0011 00       		.byte	0
 825 0012 0B       		.uleb128 0xb
 826 0013 0B       		.uleb128 0xb
 827 0014 3E       		.uleb128 0x3e
 828 0015 0B       		.uleb128 0xb
 829 0016 03       		.uleb128 0x3
 830 0017 08       		.uleb128 0x8
 831 0018 00       		.byte	0
 832 0019 00       		.byte	0
 833 001a 03       		.uleb128 0x3
 834 001b 24       		.uleb128 0x24
 835 001c 00       		.byte	0
 836 001d 0B       		.uleb128 0xb
 837 001e 0B       		.uleb128 0xb
 838 001f 3E       		.uleb128 0x3e
 839 0020 0B       		.uleb128 0xb
 840 0021 03       		.uleb128 0x3
 841 0022 0E       		.uleb128 0xe
 842 0023 00       		.byte	0
 843 0024 00       		.byte	0
 844 0025 04       		.uleb128 0x4
 845 0026 16       		.uleb128 0x16
 846 0027 00       		.byte	0
 847 0028 03       		.uleb128 0x3
 848 0029 0E       		.uleb128 0xe
 849 002a 3A       		.uleb128 0x3a
 850 002b 0B       		.uleb128 0xb
 851 002c 3B       		.uleb128 0x3b
 852 002d 0B       		.uleb128 0xb
 853 002e 49       		.uleb128 0x49
 854 002f 13       		.uleb128 0x13
 855 0030 00       		.byte	0
ARM GAS  /tmp/cc9RqwmI.s 			page 16


 856 0031 00       		.byte	0
 857 0032 05       		.uleb128 0x5
 858 0033 13       		.uleb128 0x13
 859 0034 01       		.byte	0x1
 860 0035 03       		.uleb128 0x3
 861 0036 0E       		.uleb128 0xe
 862 0037 0B       		.uleb128 0xb
 863 0038 0B       		.uleb128 0xb
 864 0039 3A       		.uleb128 0x3a
 865 003a 0B       		.uleb128 0xb
 866 003b 3B       		.uleb128 0x3b
 867 003c 0B       		.uleb128 0xb
 868 003d 01       		.uleb128 0x1
 869 003e 13       		.uleb128 0x13
 870 003f 00       		.byte	0
 871 0040 00       		.byte	0
 872 0041 06       		.uleb128 0x6
 873 0042 0D       		.uleb128 0xd
 874 0043 00       		.byte	0
 875 0044 03       		.uleb128 0x3
 876 0045 0E       		.uleb128 0xe
 877 0046 3A       		.uleb128 0x3a
 878 0047 0B       		.uleb128 0xb
 879 0048 3B       		.uleb128 0x3b
 880 0049 0B       		.uleb128 0xb
 881 004a 49       		.uleb128 0x49
 882 004b 13       		.uleb128 0x13
 883 004c 38       		.uleb128 0x38
 884 004d 0B       		.uleb128 0xb
 885 004e 00       		.byte	0
 886 004f 00       		.byte	0
 887 0050 07       		.uleb128 0x7
 888 0051 0D       		.uleb128 0xd
 889 0052 00       		.byte	0
 890 0053 03       		.uleb128 0x3
 891 0054 08       		.uleb128 0x8
 892 0055 3A       		.uleb128 0x3a
 893 0056 0B       		.uleb128 0xb
 894 0057 3B       		.uleb128 0x3b
 895 0058 05       		.uleb128 0x5
 896 0059 49       		.uleb128 0x49
 897 005a 13       		.uleb128 0x13
 898 005b 38       		.uleb128 0x38
 899 005c 0B       		.uleb128 0xb
 900 005d 00       		.byte	0
 901 005e 00       		.byte	0
 902 005f 08       		.uleb128 0x8
 903 0060 0D       		.uleb128 0xd
 904 0061 00       		.byte	0
 905 0062 03       		.uleb128 0x3
 906 0063 0E       		.uleb128 0xe
 907 0064 3A       		.uleb128 0x3a
 908 0065 0B       		.uleb128 0xb
 909 0066 3B       		.uleb128 0x3b
 910 0067 05       		.uleb128 0x5
 911 0068 49       		.uleb128 0x49
 912 0069 13       		.uleb128 0x13
ARM GAS  /tmp/cc9RqwmI.s 			page 17


 913 006a 38       		.uleb128 0x38
 914 006b 0B       		.uleb128 0xb
 915 006c 00       		.byte	0
 916 006d 00       		.byte	0
 917 006e 09       		.uleb128 0x9
 918 006f 0F       		.uleb128 0xf
 919 0070 00       		.byte	0
 920 0071 0B       		.uleb128 0xb
 921 0072 0B       		.uleb128 0xb
 922 0073 49       		.uleb128 0x49
 923 0074 13       		.uleb128 0x13
 924 0075 00       		.byte	0
 925 0076 00       		.byte	0
 926 0077 0A       		.uleb128 0xa
 927 0078 13       		.uleb128 0x13
 928 0079 01       		.byte	0x1
 929 007a 03       		.uleb128 0x3
 930 007b 0E       		.uleb128 0xe
 931 007c 0B       		.uleb128 0xb
 932 007d 0B       		.uleb128 0xb
 933 007e 3A       		.uleb128 0x3a
 934 007f 0B       		.uleb128 0xb
 935 0080 3B       		.uleb128 0x3b
 936 0081 05       		.uleb128 0x5
 937 0082 01       		.uleb128 0x1
 938 0083 13       		.uleb128 0x13
 939 0084 00       		.byte	0
 940 0085 00       		.byte	0
 941 0086 0B       		.uleb128 0xb
 942 0087 15       		.uleb128 0x15
 943 0088 01       		.byte	0x1
 944 0089 27       		.uleb128 0x27
 945 008a 19       		.uleb128 0x19
 946 008b 01       		.uleb128 0x1
 947 008c 13       		.uleb128 0x13
 948 008d 00       		.byte	0
 949 008e 00       		.byte	0
 950 008f 0C       		.uleb128 0xc
 951 0090 05       		.uleb128 0x5
 952 0091 00       		.byte	0
 953 0092 49       		.uleb128 0x49
 954 0093 13       		.uleb128 0x13
 955 0094 00       		.byte	0
 956 0095 00       		.byte	0
 957 0096 0D       		.uleb128 0xd
 958 0097 0F       		.uleb128 0xf
 959 0098 00       		.byte	0
 960 0099 0B       		.uleb128 0xb
 961 009a 0B       		.uleb128 0xb
 962 009b 00       		.byte	0
 963 009c 00       		.byte	0
 964 009d 0E       		.uleb128 0xe
 965 009e 13       		.uleb128 0x13
 966 009f 01       		.byte	0x1
 967 00a0 03       		.uleb128 0x3
 968 00a1 0E       		.uleb128 0xe
 969 00a2 0B       		.uleb128 0xb
ARM GAS  /tmp/cc9RqwmI.s 			page 18


 970 00a3 05       		.uleb128 0x5
 971 00a4 3A       		.uleb128 0x3a
 972 00a5 0B       		.uleb128 0xb
 973 00a6 3B       		.uleb128 0x3b
 974 00a7 05       		.uleb128 0x5
 975 00a8 01       		.uleb128 0x1
 976 00a9 13       		.uleb128 0x13
 977 00aa 00       		.byte	0
 978 00ab 00       		.byte	0
 979 00ac 0F       		.uleb128 0xf
 980 00ad 26       		.uleb128 0x26
 981 00ae 00       		.byte	0
 982 00af 49       		.uleb128 0x49
 983 00b0 13       		.uleb128 0x13
 984 00b1 00       		.byte	0
 985 00b2 00       		.byte	0
 986 00b3 10       		.uleb128 0x10
 987 00b4 0D       		.uleb128 0xd
 988 00b5 00       		.byte	0
 989 00b6 03       		.uleb128 0x3
 990 00b7 08       		.uleb128 0x8
 991 00b8 3A       		.uleb128 0x3a
 992 00b9 0B       		.uleb128 0xb
 993 00ba 3B       		.uleb128 0x3b
 994 00bb 0B       		.uleb128 0xb
 995 00bc 49       		.uleb128 0x49
 996 00bd 13       		.uleb128 0x13
 997 00be 38       		.uleb128 0x38
 998 00bf 0B       		.uleb128 0xb
 999 00c0 00       		.byte	0
 1000 00c1 00       		.byte	0
 1001 00c2 11       		.uleb128 0x11
 1002 00c3 13       		.uleb128 0x13
 1003 00c4 01       		.byte	0x1
 1004 00c5 0B       		.uleb128 0xb
 1005 00c6 0B       		.uleb128 0xb
 1006 00c7 3A       		.uleb128 0x3a
 1007 00c8 0B       		.uleb128 0xb
 1008 00c9 3B       		.uleb128 0x3b
 1009 00ca 0B       		.uleb128 0xb
 1010 00cb 01       		.uleb128 0x1
 1011 00cc 13       		.uleb128 0x13
 1012 00cd 00       		.byte	0
 1013 00ce 00       		.byte	0
 1014 00cf 12       		.uleb128 0x12
 1015 00d0 17       		.uleb128 0x17
 1016 00d1 01       		.byte	0x1
 1017 00d2 0B       		.uleb128 0xb
 1018 00d3 0B       		.uleb128 0xb
 1019 00d4 3A       		.uleb128 0x3a
 1020 00d5 0B       		.uleb128 0xb
 1021 00d6 3B       		.uleb128 0x3b
 1022 00d7 0B       		.uleb128 0xb
 1023 00d8 01       		.uleb128 0x1
 1024 00d9 13       		.uleb128 0x13
 1025 00da 00       		.byte	0
 1026 00db 00       		.byte	0
ARM GAS  /tmp/cc9RqwmI.s 			page 19


 1027 00dc 13       		.uleb128 0x13
 1028 00dd 0D       		.uleb128 0xd
 1029 00de 00       		.byte	0
 1030 00df 03       		.uleb128 0x3
 1031 00e0 0E       		.uleb128 0xe
 1032 00e1 3A       		.uleb128 0x3a
 1033 00e2 0B       		.uleb128 0xb
 1034 00e3 3B       		.uleb128 0x3b
 1035 00e4 05       		.uleb128 0x5
 1036 00e5 49       		.uleb128 0x49
 1037 00e6 13       		.uleb128 0x13
 1038 00e7 00       		.byte	0
 1039 00e8 00       		.byte	0
 1040 00e9 14       		.uleb128 0x14
 1041 00ea 35       		.uleb128 0x35
 1042 00eb 00       		.byte	0
 1043 00ec 49       		.uleb128 0x49
 1044 00ed 13       		.uleb128 0x13
 1045 00ee 00       		.byte	0
 1046 00ef 00       		.byte	0
 1047 00f0 15       		.uleb128 0x15
 1048 00f1 01       		.uleb128 0x1
 1049 00f2 01       		.byte	0x1
 1050 00f3 49       		.uleb128 0x49
 1051 00f4 13       		.uleb128 0x13
 1052 00f5 01       		.uleb128 0x1
 1053 00f6 13       		.uleb128 0x13
 1054 00f7 00       		.byte	0
 1055 00f8 00       		.byte	0
 1056 00f9 16       		.uleb128 0x16
 1057 00fa 21       		.uleb128 0x21
 1058 00fb 00       		.byte	0
 1059 00fc 49       		.uleb128 0x49
 1060 00fd 13       		.uleb128 0x13
 1061 00fe 2F       		.uleb128 0x2f
 1062 00ff 0B       		.uleb128 0xb
 1063 0100 00       		.byte	0
 1064 0101 00       		.byte	0
 1065 0102 17       		.uleb128 0x17
 1066 0103 34       		.uleb128 0x34
 1067 0104 00       		.byte	0
 1068 0105 03       		.uleb128 0x3
 1069 0106 0E       		.uleb128 0xe
 1070 0107 3A       		.uleb128 0x3a
 1071 0108 0B       		.uleb128 0xb
 1072 0109 3B       		.uleb128 0x3b
 1073 010a 05       		.uleb128 0x5
 1074 010b 49       		.uleb128 0x49
 1075 010c 13       		.uleb128 0x13
 1076 010d 3F       		.uleb128 0x3f
 1077 010e 19       		.uleb128 0x19
 1078 010f 3C       		.uleb128 0x3c
 1079 0110 19       		.uleb128 0x19
 1080 0111 00       		.byte	0
 1081 0112 00       		.byte	0
 1082 0113 18       		.uleb128 0x18
 1083 0114 34       		.uleb128 0x34
ARM GAS  /tmp/cc9RqwmI.s 			page 20


 1084 0115 00       		.byte	0
 1085 0116 03       		.uleb128 0x3
 1086 0117 08       		.uleb128 0x8
 1087 0118 3A       		.uleb128 0x3a
 1088 0119 0B       		.uleb128 0xb
 1089 011a 3B       		.uleb128 0x3b
 1090 011b 05       		.uleb128 0x5
 1091 011c 49       		.uleb128 0x49
 1092 011d 13       		.uleb128 0x13
 1093 011e 3F       		.uleb128 0x3f
 1094 011f 19       		.uleb128 0x19
 1095 0120 3C       		.uleb128 0x3c
 1096 0121 19       		.uleb128 0x19
 1097 0122 00       		.byte	0
 1098 0123 00       		.byte	0
 1099 0124 00       		.byte	0
 1100              		.section	.debug_aranges,"",%progbits
 1101 0000 14000000 		.4byte	0x14
 1102 0004 0200     		.2byte	0x2
 1103 0006 00000000 		.4byte	.Ldebug_info0
 1104 000a 04       		.byte	0x4
 1105 000b 00       		.byte	0
 1106 000c 0000     		.2byte	0
 1107 000e 0000     		.2byte	0
 1108 0010 00000000 		.4byte	0
 1109 0014 00000000 		.4byte	0
 1110              		.section	.debug_line,"",%progbits
 1111              	.Ldebug_line0:
 1112 0000 47020000 		.section	.debug_str,"MS",%progbits,1
 1112      02004102 
 1112      00000201 
 1112      FB0E0D00 
 1112      01010101 
 1113              	.LASF27:
 1114 0000 74687265 		.ascii	"thread_t\000"
 1114      61645F74 
 1114      00
 1115              	.LASF72:
 1116 0009 63685F73 		.ascii	"ch_system_debug\000"
 1116      79737465 
 1116      6D5F6465 
 1116      62756700 
 1117              	.LASF20:
 1118 0019 74726566 		.ascii	"trefs_t\000"
 1118      735F7400 
 1119              	.LASF56:
 1120 0021 725F6374 		.ascii	"r_ctx\000"
 1120      7800
 1121              	.LASF16:
 1122 0027 75696E74 		.ascii	"uint64_t\000"
 1122      36345F74 
 1122      00
 1123              	.LASF78:
 1124 0030 6D61696E 		.ascii	"mainthread\000"
 1124      74687265 
 1124      616400
 1125              	.LASF105:
ARM GAS  /tmp/cc9RqwmI.s 			page 21


 1126 003b 474E5520 		.ascii	"GNU C 4.8.4 20140526 (release) [ARM/embedded-4_8-br"
 1126      4320342E 
 1126      382E3420 
 1126      32303134 
 1126      30353236 
 1127 006e 616E6368 		.ascii	"anch revision 211358] -mcpu=cortex-m4 -mno-thumb-in"
 1127      20726576 
 1127      6973696F 
 1127      6E203231 
 1127      31333538 
 1128 00a1 74657277 		.ascii	"terwork -mthumb -ggdb -O0 -std=c99 -fomit-frame-poi"
 1128      6F726B20 
 1128      2D6D7468 
 1128      756D6220 
 1128      2D676764 
 1129 00d4 6E746572 		.ascii	"nter -falign-functions=16\000"
 1129      202D6661 
 1129      6C69676E 
 1129      2D66756E 
 1129      6374696F 
 1130              	.LASF54:
 1131 00ee 725F7175 		.ascii	"r_queue\000"
 1131      65756500 
 1132              	.LASF80:
 1133 00f6 73697A65 		.ascii	"sizetype\000"
 1133      74797065 
 1133      00
 1134              	.LASF29:
 1135 00ff 705F7072 		.ascii	"p_prev\000"
 1135      657600
 1136              	.LASF71:
 1137 0106 73797374 		.ascii	"system_debug_t\000"
 1137      656D5F64 
 1137      65627567 
 1137      5F7400
 1138              	.LASF100:
 1139 0115 6D5F6F77 		.ascii	"m_owner\000"
 1139      6E657200 
 1140              	.LASF50:
 1141 011d 74687265 		.ascii	"threads_queue_t\000"
 1141      6164735F 
 1141      71756575 
 1141      655F7400 
 1142              	.LASF24:
 1143 012d 6576656E 		.ascii	"eventmask_t\000"
 1143      746D6173 
 1143      6B5F7400 
 1144              	.LASF40:
 1145 0139 705F6D73 		.ascii	"p_msgqueue\000"
 1145      67717565 
 1145      756500
 1146              	.LASF30:
 1147 0144 705F7072 		.ascii	"p_prio\000"
 1147      696F00
 1148              	.LASF28:
 1149 014b 705F6E65 		.ascii	"p_next\000"
 1149      787400
ARM GAS  /tmp/cc9RqwmI.s 			page 22


 1150              	.LASF77:
 1151 0152 76746C69 		.ascii	"vtlist\000"
 1151      737400
 1152              	.LASF87:
 1153 0159 746D5F63 		.ascii	"tm_calibration_t\000"
 1153      616C6962 
 1153      72617469 
 1153      6F6E5F74 
 1153      00
 1154              	.LASF101:
 1155 016a 6D5F6E65 		.ascii	"m_next\000"
 1155      787400
 1156              	.LASF74:
 1157 0171 63685F73 		.ascii	"ch_system_t\000"
 1157      79737465 
 1157      6D5F7400 
 1158              	.LASF82:
 1159 017d 72656761 		.ascii	"regarm_t\000"
 1159      726D5F74 
 1159      00
 1160              	.LASF13:
 1161 0186 75696E74 		.ascii	"uint8_t\000"
 1161      385F7400 
 1162              	.LASF51:
 1163 018e 63685F74 		.ascii	"ch_threads_queue\000"
 1163      68726561 
 1163      64735F71 
 1163      75657565 
 1163      00
 1164              	.LASF70:
 1165 019f 76745F73 		.ascii	"vt_systime\000"
 1165      79737469 
 1165      6D6500
 1166              	.LASF21:
 1167 01aa 74736C69 		.ascii	"tslices_t\000"
 1167      6365735F 
 1167      7400
 1168              	.LASF15:
 1169 01b4 75696E74 		.ascii	"uint32_t\000"
 1169      33325F74 
 1169      00
 1170              	.LASF48:
 1171 01bd 63685F74 		.ascii	"ch_thread\000"
 1171      68726561 
 1171      6400
 1172              	.LASF42:
 1173 01c7 705F6570 		.ascii	"p_epending\000"
 1173      656E6469 
 1173      6E6700
 1174              	.LASF3:
 1175 01d2 73686F72 		.ascii	"short int\000"
 1175      7420696E 
 1175      7400
 1176              	.LASF18:
 1177 01dc 746D6F64 		.ascii	"tmode_t\000"
 1177      655F7400 
 1178              	.LASF10:
ARM GAS  /tmp/cc9RqwmI.s 			page 23


 1179 01e4 6C6F6E67 		.ascii	"long long int\000"
 1179      206C6F6E 
 1179      6720696E 
 1179      7400
 1180              	.LASF92:
 1181 01f2 77747365 		.ascii	"wtsemp\000"
 1181      6D7000
 1182              	.LASF22:
 1183 01f9 74707269 		.ascii	"tprio_t\000"
 1183      6F5F7400 
 1184              	.LASF7:
 1185 0201 6C6F6E67 		.ascii	"long int\000"
 1185      20696E74 
 1185      00
 1186              	.LASF75:
 1187 020a 63685F73 		.ascii	"ch_system\000"
 1187      79737465 
 1187      6D00
 1188              	.LASF86:
 1189 0214 6F666673 		.ascii	"offset\000"
 1189      657400
 1190              	.LASF61:
 1191 021b 76697274 		.ascii	"virtual_timer_t\000"
 1191      75616C5F 
 1191      74696D65 
 1191      725F7400 
 1192              	.LASF99:
 1193 022b 6D5F7175 		.ascii	"m_queue\000"
 1193      65756500 
 1194              	.LASF5:
 1195 0233 5F5F7569 		.ascii	"__uint8_t\000"
 1195      6E74385F 
 1195      7400
 1196              	.LASF37:
 1197 023d 705F7265 		.ascii	"p_refs\000"
 1197      667300
 1198              	.LASF49:
 1199 0244 63685F74 		.ascii	"ch_threads_list\000"
 1199      68726561 
 1199      64735F6C 
 1199      69737400 
 1200              	.LASF59:
 1201 0254 725F6375 		.ascii	"r_current\000"
 1201      7272656E 
 1201      7400
 1202              	.LASF41:
 1203 025e 705F6D73 		.ascii	"p_msg\000"
 1203      6700
 1204              	.LASF60:
 1205 0264 76746675 		.ascii	"vtfunc_t\000"
 1205      6E635F74 
 1205      00
 1206              	.LASF93:
 1207 026d 77746D74 		.ascii	"wtmtxp\000"
 1207      787000
 1208              	.LASF17:
 1209 0274 7274636E 		.ascii	"rtcnt_t\000"
ARM GAS  /tmp/cc9RqwmI.s 			page 24


 1209      745F7400 
 1210              	.LASF2:
 1211 027c 756E7369 		.ascii	"unsigned char\000"
 1211      676E6564 
 1211      20636861 
 1211      7200
 1212              	.LASF107:
 1213 028a 2F752F65 		.ascii	"/u/elawton2/p442-submissions/sensortile/reference/b"
 1213      6C617774 
 1213      6F6E322F 
 1213      70343432 
 1213      2D737562 
 1214 02bd 6C75656D 		.ascii	"luemicrosystem2/BlueMicrosystem2_V2.2.0/Projects/Mu"
 1214      6963726F 
 1214      73797374 
 1214      656D322F 
 1214      426C7565 
 1215 02f0 6C74692F 		.ascii	"lti/Applications/BlueMicrosystem2/bluechibi\000"
 1215      4170706C 
 1215      69636174 
 1215      696F6E73 
 1215      2F426C75 
 1216              	.LASF94:
 1217 031c 65776D61 		.ascii	"ewmask\000"
 1217      736B00
 1218              	.LASF1:
 1219 0323 7369676E 		.ascii	"signed char\000"
 1219      65642063 
 1219      68617200 
 1220              	.LASF32:
 1221 032f 705F6E65 		.ascii	"p_newer\000"
 1221      77657200 
 1222              	.LASF12:
 1223 0337 6C6F6E67 		.ascii	"long long unsigned int\000"
 1223      206C6F6E 
 1223      6720756E 
 1223      7369676E 
 1223      65642069 
 1224              	.LASF98:
 1225 034e 63685F6D 		.ascii	"ch_mutex\000"
 1225      75746578 
 1225      00
 1226              	.LASF106:
 1227 0357 2E2E2F2E 		.ascii	"../../../../../../ChibiOS/os/hal/src/hal_queues.c\000"
 1227      2E2F2E2E 
 1227      2F2E2E2F 
 1227      2E2E2F2E 
 1227      2E2F4368 
 1228              	.LASF0:
 1229 0389 756E7369 		.ascii	"unsigned int\000"
 1229      676E6564 
 1229      20696E74 
 1229      00
 1230              	.LASF63:
 1231 0396 76745F6E 		.ascii	"vt_next\000"
 1231      65787400 
 1232              	.LASF84:
ARM GAS  /tmp/cc9RqwmI.s 			page 25


 1233 039e 636F6E74 		.ascii	"context\000"
 1233      65787400 
 1234              	.LASF68:
 1235 03a6 76697274 		.ascii	"virtual_timers_list_t\000"
 1235      75616C5F 
 1235      74696D65 
 1235      72735F6C 
 1235      6973745F 
 1236              	.LASF45:
 1237 03bc 705F6D70 		.ascii	"p_mpool\000"
 1237      6F6F6C00 
 1238              	.LASF57:
 1239 03c4 725F6E65 		.ascii	"r_newer\000"
 1239      77657200 
 1240              	.LASF36:
 1241 03cc 705F666C 		.ascii	"p_flags\000"
 1241      61677300 
 1242              	.LASF65:
 1243 03d4 76745F64 		.ascii	"vt_delta\000"
 1243      656C7461 
 1243      00
 1244              	.LASF44:
 1245 03dd 705F7265 		.ascii	"p_realprio\000"
 1245      616C7072 
 1245      696F00
 1246              	.LASF26:
 1247 03e8 73797374 		.ascii	"systime_t\000"
 1247      696D655F 
 1247      7400
 1248              	.LASF76:
 1249 03f2 726C6973 		.ascii	"rlist\000"
 1249      7400
 1250              	.LASF81:
 1251 03f8 63686172 		.ascii	"char\000"
 1251      00
 1252              	.LASF102:
 1253 03fd 6D757465 		.ascii	"mutex_t\000"
 1253      785F7400 
 1254              	.LASF62:
 1255 0405 63685F76 		.ascii	"ch_virtual_timer\000"
 1255      69727475 
 1255      616C5F74 
 1255      696D6572 
 1255      00
 1256              	.LASF14:
 1257 0416 696E7433 		.ascii	"int32_t\000"
 1257      325F7400 
 1258              	.LASF55:
 1259 041e 725F7072 		.ascii	"r_prio\000"
 1259      696F00
 1260              	.LASF25:
 1261 0425 636E745F 		.ascii	"cnt_t\000"
 1261      7400
 1262              	.LASF4:
 1263 042b 73686F72 		.ascii	"short unsigned int\000"
 1263      7420756E 
 1263      7369676E 
ARM GAS  /tmp/cc9RqwmI.s 			page 26


 1263      65642069 
 1263      6E7400
 1264              	.LASF35:
 1265 043e 705F7374 		.ascii	"p_state\000"
 1265      61746500 
 1266              	.LASF103:
 1267 0446 5F426F6F 		.ascii	"_Bool\000"
 1267      6C00
 1268              	.LASF96:
 1269 044c 735F7175 		.ascii	"s_queue\000"
 1269      65756500 
 1270              	.LASF39:
 1271 0454 705F7761 		.ascii	"p_waiting\000"
 1271      6974696E 
 1271      6700
 1272              	.LASF11:
 1273 045e 5F5F7569 		.ascii	"__uint64_t\000"
 1273      6E743634 
 1273      5F7400
 1274              	.LASF43:
 1275 0469 705F6D74 		.ascii	"p_mtxlist\000"
 1275      786C6973 
 1275      7400
 1276              	.LASF34:
 1277 0473 705F6E61 		.ascii	"p_name\000"
 1277      6D6500
 1278              	.LASF79:
 1279 047a 69646C65 		.ascii	"idle_thread_wa\000"
 1279      5F746872 
 1279      6561645F 
 1279      776100
 1280              	.LASF9:
 1281 0489 6C6F6E67 		.ascii	"long unsigned int\000"
 1281      20756E73 
 1281      69676E65 
 1281      6420696E 
 1281      7400
 1282              	.LASF38:
 1283 049b 705F7072 		.ascii	"p_preempt\000"
 1283      65656D70 
 1283      7400
 1284              	.LASF73:
 1285 04a5 70616E69 		.ascii	"panic_msg\000"
 1285      635F6D73 
 1285      6700
 1286              	.LASF8:
 1287 04af 5F5F7569 		.ascii	"__uint32_t\000"
 1287      6E743332 
 1287      5F7400
 1288              	.LASF91:
 1289 04ba 77747472 		.ascii	"wttrp\000"
 1289      7000
 1290              	.LASF95:
 1291 04c0 63685F73 		.ascii	"ch_semaphore\000"
 1291      656D6170 
 1291      686F7265 
 1291      00
ARM GAS  /tmp/cc9RqwmI.s 			page 27


 1292              	.LASF85:
 1293 04cd 706F7274 		.ascii	"port_intctx\000"
 1293      5F696E74 
 1293      63747800 
 1294              	.LASF64:
 1295 04d9 76745F70 		.ascii	"vt_prev\000"
 1295      72657600 
 1296              	.LASF6:
 1297 04e1 5F5F696E 		.ascii	"__int32_t\000"
 1297      7433325F 
 1297      7400
 1298              	.LASF67:
 1299 04eb 76745F70 		.ascii	"vt_par\000"
 1299      617200
 1300              	.LASF46:
 1301 04f2 74687265 		.ascii	"thread_reference_t\000"
 1301      61645F72 
 1301      65666572 
 1301      656E6365 
 1301      5F7400
 1302              	.LASF90:
 1303 0505 77746F62 		.ascii	"wtobjp\000"
 1303      6A7000
 1304              	.LASF66:
 1305 050c 76745F66 		.ascii	"vt_func\000"
 1305      756E6300 
 1306              	.LASF19:
 1307 0514 74737461 		.ascii	"tstate_t\000"
 1307      74655F74 
 1307      00
 1308              	.LASF83:
 1309 051d 73746B61 		.ascii	"stkalign_t\000"
 1309      6C69676E 
 1309      5F7400
 1310              	.LASF89:
 1311 0528 65786974 		.ascii	"exitcode\000"
 1311      636F6465 
 1311      00
 1312              	.LASF97:
 1313 0531 735F636E 		.ascii	"s_cnt\000"
 1313      7400
 1314              	.LASF33:
 1315 0537 705F6F6C 		.ascii	"p_older\000"
 1315      64657200 
 1316              	.LASF52:
 1317 053f 72656164 		.ascii	"ready_list_t\000"
 1317      795F6C69 
 1317      73745F74 
 1317      00
 1318              	.LASF53:
 1319 054c 63685F72 		.ascii	"ch_ready_list\000"
 1319      65616479 
 1319      5F6C6973 
 1319      7400
 1320              	.LASF31:
 1321 055a 705F6374 		.ascii	"p_ctx\000"
 1321      7800
ARM GAS  /tmp/cc9RqwmI.s 			page 28


 1322              	.LASF104:
 1323 0560 49544D5F 		.ascii	"ITM_RxBuffer\000"
 1323      52784275 
 1323      66666572 
 1323      00
 1324              	.LASF69:
 1325 056d 63685F76 		.ascii	"ch_virtual_timers_list\000"
 1325      69727475 
 1325      616C5F74 
 1325      696D6572 
 1325      735F6C69 
 1326              	.LASF88:
 1327 0584 7264796D 		.ascii	"rdymsg\000"
 1327      736700
 1328              	.LASF23:
 1329 058b 6D73675F 		.ascii	"msg_t\000"
 1329      7400
 1330              	.LASF58:
 1331 0591 725F6F6C 		.ascii	"r_older\000"
 1331      64657200 
 1332              	.LASF47:
 1333 0599 74687265 		.ascii	"threads_list_t\000"
 1333      6164735F 
 1333      6C697374 
 1333      5F7400
 1334              		.ident	"GCC: (GNU Tools for ARM Embedded Processors) 4.8.4 20140526 (release) [ARM/embedded-4_8-br
ARM GAS  /tmp/cc9RqwmI.s 			page 29


DEFINED SYMBOLS
                            *ABS*:00000000 hal_queues.c

NO UNDEFINED SYMBOLS
