ARM GAS  /tmp/cca618fu.s 			page 1


   1              		.syntax unified
   2              		.cpu cortex-m4
   3              		.fpu softvfp
   4              		.eabi_attribute 20, 1
   5              		.eabi_attribute 21, 1
   6              		.eabi_attribute 23, 3
   7              		.eabi_attribute 24, 1
   8              		.eabi_attribute 25, 1
   9              		.eabi_attribute 26, 1
  10              		.eabi_attribute 30, 6
  11              		.eabi_attribute 34, 1
  12              		.eabi_attribute 18, 4
  13              		.thumb
  14              		.file	"MotionGR_Manager.c"
  15              		.text
  16              	.Ltext0:
  17              		.cfi_sections	.debug_frame
  18              		.global	osx_mgr_license
  19              		.bss
  20              		.align	2
  21              		.type	osx_mgr_license, %object
  22              		.size	osx_mgr_license, 48
  23              	osx_mgr_license:
  24 0000 00000000 		.space	48
  24      00000000 
  24      00000000 
  24      00000000 
  24      00000000 
  25              		.global	GestureRecognitionCode
  26              		.type	GestureRecognitionCode, %object
  27              		.size	GestureRecognitionCode, 1
  28              	GestureRecognitionCode:
  29 0030 00       		.space	1
  30              		.global	__aeabi_i2f
  31              		.global	__aeabi_fmul
  32 0031 000000   		.text
  33              		.align	2
  34              		.p2align 4,,15
  35              		.global	MotionGR_manager_run
  36              		.thumb
  37              		.thumb_func
  38              		.type	MotionGR_manager_run, %function
  39              	MotionGR_manager_run:
  40              	.LFB125:
  41              		.file 1 "../../../../../Projects/Multi/Applications/BlueMicrosystem2/Src/MotionGR_Manager.c"
  42              		.loc 1 68 0
  43              		.cfi_startproc
  44              		@ args = 0, pretend = 0, frame = 24
  45              		@ frame_needed = 0, uses_anonymous_args = 0
  46 0000 00B5     		push	{lr}
  47              		.cfi_def_cfa_offset 4
  48              		.cfi_offset 14, -4
  49 0002 87B0     		sub	sp, sp, #28
  50              		.cfi_def_cfa_offset 32
  51 0004 6B46     		mov	r3, sp
  52 0006 83E80300 		stmia	r3, {r0, r1}
  53              		.loc 1 71 0
ARM GAS  /tmp/cca618fu.s 			page 2


  54 000a BDF80030 		ldrh	r3, [sp]
  55 000e 1BB2     		sxth	r3, r3
  56 0010 1846     		mov	r0, r3
  57 0012 FFF7FEFF 		bl	__aeabi_i2f
  58 0016 0246     		mov	r2, r0
  59 0018 144B     		ldr	r3, .L2
  60 001a 1B68     		ldr	r3, [r3]	@ float
  61 001c 1046     		mov	r0, r2
  62 001e 1946     		mov	r1, r3
  63 0020 FFF7FEFF 		bl	__aeabi_fmul
  64 0024 0346     		mov	r3, r0
  65 0026 0393     		str	r3, [sp, #12]	@ float
  66              		.loc 1 72 0
  67 0028 BDF80230 		ldrh	r3, [sp, #2]
  68 002c 1BB2     		sxth	r3, r3
  69 002e 1846     		mov	r0, r3
  70 0030 FFF7FEFF 		bl	__aeabi_i2f
  71 0034 0246     		mov	r2, r0
  72 0036 0D4B     		ldr	r3, .L2
  73 0038 1B68     		ldr	r3, [r3]	@ float
  74 003a 1046     		mov	r0, r2
  75 003c 1946     		mov	r1, r3
  76 003e FFF7FEFF 		bl	__aeabi_fmul
  77 0042 0346     		mov	r3, r0
  78 0044 0493     		str	r3, [sp, #16]	@ float
  79              		.loc 1 73 0
  80 0046 BDF80430 		ldrh	r3, [sp, #4]
  81 004a 1BB2     		sxth	r3, r3
  82 004c 1846     		mov	r0, r3
  83 004e FFF7FEFF 		bl	__aeabi_i2f
  84 0052 0246     		mov	r2, r0
  85 0054 054B     		ldr	r3, .L2
  86 0056 1B68     		ldr	r3, [r3]	@ float
  87 0058 1046     		mov	r0, r2
  88 005a 1946     		mov	r1, r3
  89 005c FFF7FEFF 		bl	__aeabi_fmul
  90 0060 0346     		mov	r3, r0
  91 0062 0593     		str	r3, [sp, #20]	@ float
  92              		.loc 1 77 0
  93 0064 07B0     		add	sp, sp, #28
  94              		@ sp needed
  95 0066 5DF804FB 		ldr	pc, [sp], #4
  96              	.L3:
  97 006a 00BF     		.align	2
  98              	.L2:
  99 006c 00000000 		.word	sensitivity_Mul
 100              		.cfi_endproc
 101              	.LFE125:
 102              		.size	MotionGR_manager_run, .-MotionGR_manager_run
 103              		.align	2
 104              		.p2align 4,,15
 105              		.global	MotionGR_License_init
 106              		.thumb
 107              		.thumb_func
 108              		.type	MotionGR_License_init, %function
 109              	MotionGR_License_init:
 110              	.LFB126:
ARM GAS  /tmp/cca618fu.s 			page 3


 111              		.loc 1 85 0
 112              		.cfi_startproc
 113              		@ args = 0, pretend = 0, frame = 8
 114              		@ frame_needed = 0, uses_anonymous_args = 0
 115 0070 00B5     		push	{lr}
 116              		.cfi_def_cfa_offset 4
 117              		.cfi_offset 14, -4
 118 0072 83B0     		sub	sp, sp, #12
 119              		.cfi_def_cfa_offset 16
 120 0074 0190     		str	r0, [sp, #4]
 121              		.loc 1 86 0
 122 0076 019B     		ldr	r3, [sp, #4]
 123 0078 2C33     		adds	r3, r3, #44
 124 007a 1846     		mov	r0, r3
 125 007c 0349     		ldr	r1, .L5
 126 007e 3022     		movs	r2, #48
 127 0080 FFF7FEFF 		bl	memcpy
 128              		.loc 1 101 0
 129 0084 03B0     		add	sp, sp, #12
 130              		@ sp needed
 131 0086 5DF804FB 		ldr	pc, [sp], #4
 132              	.L6:
 133 008a 00BF     		.align	2
 134              	.L5:
 135 008c 00000000 		.word	osx_mgr_license
 136              		.cfi_endproc
 137              	.LFE126:
 138              		.size	MotionGR_License_init, .-MotionGR_License_init
 139              		.align	2
 140              		.p2align 4,,15
 141              		.global	MotionGR_manager_init
 142              		.thumb
 143              		.thumb_func
 144              		.type	MotionGR_manager_init, %function
 145              	MotionGR_manager_init:
 146              	.LFB127:
 147              		.loc 1 109 0
 148              		.cfi_startproc
 149              		@ args = 0, pretend = 0, frame = 8
 150              		@ frame_needed = 0, uses_anonymous_args = 0
 151              		@ link register save eliminated.
 152 0090 82B0     		sub	sp, sp, #8
 153              		.cfi_def_cfa_offset 8
 154              		.loc 1 129 0
 155 0092 7723     		movs	r3, #119
 156 0094 8DF80430 		strb	r3, [sp, #4]
 157              		.loc 1 130 0
 158 0098 7323     		movs	r3, #115
 159 009a 8DF80530 		strb	r3, [sp, #5]
 160              		.loc 1 131 0
 161 009e 7523     		movs	r3, #117
 162 00a0 8DF80630 		strb	r3, [sp, #6]
 163              		.loc 1 136 0
 164 00a4 024B     		ldr	r3, .L8
 165 00a6 0122     		movs	r2, #1
 166 00a8 1A64     		str	r2, [r3, #64]
 167              		.loc 1 138 0
ARM GAS  /tmp/cca618fu.s 			page 4


 168 00aa 02B0     		add	sp, sp, #8
 169              		@ sp needed
 170 00ac 7047     		bx	lr
 171              	.L9:
 172 00ae 00BF     		.align	2
 173              	.L8:
 174 00b0 00000000 		.word	TargetBoardFeatures
 175              		.cfi_endproc
 176              	.LFE127:
 177              		.size	MotionGR_manager_init, .-MotionGR_manager_init
 178              	.Letext0:
 179              		.file 2 "/nfs/nfs5/home/research/hardware/arm2/gcc-arm-embedded/gcc-arm-none-eabi-4_8-2014q2/arm-n
 180              		.file 3 "/nfs/nfs5/home/research/hardware/arm2/gcc-arm-embedded/gcc-arm-none-eabi-4_8-2014q2/arm-n
 181              		.file 4 "../../../../../Drivers/BSP/Components/Common/sensor.h"
 182              		.file 5 "../../../../../Middlewares/ST/STM32_MetaDataManager/MetaDataManager.h"
 183              		.file 6 "../../../../../Middlewares/ST/STM32_OSX_MotionGR_Library/Inc/osx_motion_gr.h"
 184              		.file 7 "../../../../../Projects/Multi/Applications/BlueMicrosystem2/Inc/TargetFeatures.h"
 185              		.file 8 "../../../../../../ChibiOS/os/ext/CMSIS/include/core_cm4.h"
 186              		.file 9 "../../../../../Projects/Multi/Applications/BlueMicrosystem2/Src/../../../../../Middleware
 187 00b4 AFF30080 		.section	.debug_info,"",%progbits
 187      AFF30080 
 187      AFF30080 
 188              	.Ldebug_info0:
 189 0000 FA030000 		.4byte	0x3fa
 190 0004 0400     		.2byte	0x4
 191 0006 00000000 		.4byte	.Ldebug_abbrev0
 192 000a 04       		.byte	0x4
 193 000b 01       		.uleb128 0x1
 194 000c 36000000 		.4byte	.LASF75
 195 0010 01       		.byte	0x1
 196 0011 3C040000 		.4byte	.LASF76
 197 0015 80010000 		.4byte	.LASF77
 198 0019 00000000 		.4byte	.Ltext0
 199 001d B4000000 		.4byte	.Letext0-.Ltext0
 200 0021 00000000 		.4byte	.Ldebug_line0
 201 0025 02       		.uleb128 0x2
 202 0026 04       		.byte	0x4
 203 0027 07       		.byte	0x7
 204 0028 6E030000 		.4byte	.LASF0
 205 002c 03       		.uleb128 0x3
 206 002d 04       		.byte	0x4
 207 002e 05       		.byte	0x5
 208 002f 696E7400 		.ascii	"int\000"
 209 0033 02       		.uleb128 0x2
 210 0034 01       		.byte	0x1
 211 0035 06       		.byte	0x6
 212 0036 21030000 		.4byte	.LASF1
 213 003a 04       		.uleb128 0x4
 214 003b 7C020000 		.4byte	.LASF3
 215 003f 02       		.byte	0x2
 216 0040 1C       		.byte	0x1c
 217 0041 45000000 		.4byte	0x45
 218 0045 02       		.uleb128 0x2
 219 0046 01       		.byte	0x1
 220 0047 08       		.byte	0x8
 221 0048 B9020000 		.4byte	.LASF2
 222 004c 04       		.uleb128 0x4
ARM GAS  /tmp/cca618fu.s 			page 5


 223 004d 23050000 		.4byte	.LASF4
 224 0051 02       		.byte	0x2
 225 0052 25       		.byte	0x25
 226 0053 57000000 		.4byte	0x57
 227 0057 02       		.uleb128 0x2
 228 0058 02       		.byte	0x2
 229 0059 05       		.byte	0x5
 230 005a 3B010000 		.4byte	.LASF5
 231 005e 02       		.uleb128 0x2
 232 005f 02       		.byte	0x2
 233 0060 07       		.byte	0x7
 234 0061 F9030000 		.4byte	.LASF6
 235 0065 04       		.uleb128 0x4
 236 0066 0C050000 		.4byte	.LASF7
 237 006a 02       		.byte	0x2
 238 006b 37       		.byte	0x37
 239 006c 70000000 		.4byte	0x70
 240 0070 02       		.uleb128 0x2
 241 0071 04       		.byte	0x4
 242 0072 05       		.byte	0x5
 243 0073 65020000 		.4byte	.LASF8
 244 0077 04       		.uleb128 0x4
 245 0078 28010000 		.4byte	.LASF9
 246 007c 02       		.byte	0x2
 247 007d 38       		.byte	0x38
 248 007e 82000000 		.4byte	0x82
 249 0082 02       		.uleb128 0x2
 250 0083 04       		.byte	0x4
 251 0084 07       		.byte	0x7
 252 0085 8F040000 		.4byte	.LASF10
 253 0089 02       		.uleb128 0x2
 254 008a 08       		.byte	0x8
 255 008b 05       		.byte	0x5
 256 008c 28020000 		.4byte	.LASF11
 257 0090 02       		.uleb128 0x2
 258 0091 08       		.byte	0x8
 259 0092 07       		.byte	0x7
 260 0093 3C030000 		.4byte	.LASF12
 261 0097 02       		.uleb128 0x2
 262 0098 04       		.byte	0x4
 263 0099 07       		.byte	0x7
 264 009a 01010000 		.4byte	.LASF13
 265 009e 05       		.uleb128 0x5
 266 009f 04       		.byte	0x4
 267 00a0 02       		.uleb128 0x2
 268 00a1 01       		.byte	0x1
 269 00a2 08       		.byte	0x8
 270 00a3 EC030000 		.4byte	.LASF14
 271 00a7 04       		.uleb128 0x4
 272 00a8 67010000 		.4byte	.LASF15
 273 00ac 03       		.byte	0x3
 274 00ad 2A       		.byte	0x2a
 275 00ae 3A000000 		.4byte	0x3a
 276 00b2 04       		.uleb128 0x4
 277 00b3 0C040000 		.4byte	.LASF16
 278 00b7 03       		.byte	0x3
 279 00b8 35       		.byte	0x35
ARM GAS  /tmp/cca618fu.s 			page 6


 280 00b9 4C000000 		.4byte	0x4c
 281 00bd 04       		.uleb128 0x4
 282 00be F1030000 		.4byte	.LASF17
 283 00c2 03       		.byte	0x3
 284 00c3 41       		.byte	0x41
 285 00c4 65000000 		.4byte	0x65
 286 00c8 04       		.uleb128 0x4
 287 00c9 53030000 		.4byte	.LASF18
 288 00cd 03       		.byte	0x3
 289 00ce 42       		.byte	0x42
 290 00cf 77000000 		.4byte	0x77
 291 00d3 06       		.uleb128 0x6
 292 00d4 C8000000 		.4byte	0xc8
 293 00d8 E3000000 		.4byte	0xe3
 294 00dc 07       		.uleb128 0x7
 295 00dd 97000000 		.4byte	0x97
 296 00e1 0F       		.byte	0xf
 297 00e2 00       		.byte	0
 298 00e3 08       		.uleb128 0x8
 299 00e4 06       		.byte	0x6
 300 00e5 04       		.byte	0x4
 301 00e6 4D       		.byte	0x4d
 302 00e7 10010000 		.4byte	0x110
 303 00eb 09       		.uleb128 0x9
 304 00ec A1040000 		.4byte	.LASF19
 305 00f0 04       		.byte	0x4
 306 00f1 4F       		.byte	0x4f
 307 00f2 B2000000 		.4byte	0xb2
 308 00f6 00       		.byte	0
 309 00f7 09       		.uleb128 0x9
 310 00f8 A8040000 		.4byte	.LASF20
 311 00fc 04       		.byte	0x4
 312 00fd 50       		.byte	0x50
 313 00fe B2000000 		.4byte	0xb2
 314 0102 02       		.byte	0x2
 315 0103 09       		.uleb128 0x9
 316 0104 AF040000 		.4byte	.LASF21
 317 0108 04       		.byte	0x4
 318 0109 51       		.byte	0x51
 319 010a B2000000 		.4byte	0xb2
 320 010e 04       		.byte	0x4
 321 010f 00       		.byte	0
 322 0110 04       		.uleb128 0x4
 323 0111 AB030000 		.4byte	.LASF22
 324 0115 04       		.byte	0x4
 325 0116 52       		.byte	0x52
 326 0117 E3000000 		.4byte	0xe3
 327 011b 02       		.uleb128 0x2
 328 011c 04       		.byte	0x4
 329 011d 04       		.byte	0x4
 330 011e 12020000 		.4byte	.LASF23
 331 0122 06       		.uleb128 0x6
 332 0123 A0000000 		.4byte	0xa0
 333 0127 32010000 		.4byte	0x132
 334 012b 07       		.uleb128 0x7
 335 012c 97000000 		.4byte	0x97
 336 0130 23       		.byte	0x23
ARM GAS  /tmp/cca618fu.s 			page 7


 337 0131 00       		.byte	0
 338 0132 08       		.uleb128 0x8
 339 0133 9C       		.byte	0x9c
 340 0134 05       		.byte	0x5
 341 0135 D6       		.byte	0xd6
 342 0136 77010000 		.4byte	0x177
 343 013a 09       		.uleb128 0x9
 344 013b 7B030000 		.4byte	.LASF24
 345 013f 05       		.byte	0x5
 346 0140 D7       		.byte	0xd7
 347 0141 C8000000 		.4byte	0xc8
 348 0145 00       		.byte	0
 349 0146 09       		.uleb128 0x9
 350 0147 F9020000 		.4byte	.LASF25
 351 014b 05       		.byte	0x5
 352 014c D8       		.byte	0xd8
 353 014d C8000000 		.4byte	0xc8
 354 0151 04       		.byte	0x4
 355 0152 09       		.uleb128 0x9
 356 0153 59010000 		.4byte	.LASF26
 357 0157 05       		.byte	0x5
 358 0158 D9       		.byte	0xd9
 359 0159 22010000 		.4byte	0x122
 360 015d 08       		.byte	0x8
 361 015e 09       		.uleb128 0x9
 362 015f DE020000 		.4byte	.LASF27
 363 0163 05       		.byte	0x5
 364 0164 DA       		.byte	0xda
 365 0165 77010000 		.4byte	0x177
 366 0169 2C       		.byte	0x2c
 367 016a 09       		.uleb128 0x9
 368 016b B6040000 		.4byte	.LASF28
 369 016f 05       		.byte	0x5
 370 0170 DB       		.byte	0xdb
 371 0171 D3000000 		.4byte	0xd3
 372 0175 5C       		.byte	0x5c
 373 0176 00       		.byte	0
 374 0177 06       		.uleb128 0x6
 375 0178 C8000000 		.4byte	0xc8
 376 017c 8D010000 		.4byte	0x18d
 377 0180 07       		.uleb128 0x7
 378 0181 97000000 		.4byte	0x97
 379 0185 02       		.byte	0x2
 380 0186 07       		.uleb128 0x7
 381 0187 97000000 		.4byte	0x97
 382 018b 03       		.byte	0x3
 383 018c 00       		.byte	0
 384 018d 04       		.uleb128 0x4
 385 018e 32050000 		.4byte	.LASF29
 386 0192 05       		.byte	0x5
 387 0193 DC       		.byte	0xdc
 388 0194 32010000 		.4byte	0x132
 389 0198 08       		.uleb128 0x8
 390 0199 0C       		.byte	0xc
 391 019a 06       		.byte	0x6
 392 019b 44       		.byte	0x44
 393 019c C5010000 		.4byte	0x1c5
ARM GAS  /tmp/cca618fu.s 			page 8


 394 01a0 09       		.uleb128 0x9
 395 01a1 1E050000 		.4byte	.LASF30
 396 01a5 06       		.byte	0x6
 397 01a6 46       		.byte	0x46
 398 01a7 1B010000 		.4byte	0x11b
 399 01ab 00       		.byte	0
 400 01ac 09       		.uleb128 0x9
 401 01ad F6040000 		.4byte	.LASF31
 402 01b1 06       		.byte	0x6
 403 01b2 47       		.byte	0x47
 404 01b3 1B010000 		.4byte	0x11b
 405 01b7 04       		.byte	0x4
 406 01b8 09       		.uleb128 0x9
 407 01b9 2D050000 		.4byte	.LASF32
 408 01bd 06       		.byte	0x6
 409 01be 48       		.byte	0x48
 410 01bf 1B010000 		.4byte	0x11b
 411 01c3 08       		.byte	0x8
 412 01c4 00       		.byte	0
 413 01c5 04       		.uleb128 0x4
 414 01c6 BA050000 		.4byte	.LASF33
 415 01ca 06       		.byte	0x6
 416 01cb 49       		.byte	0x49
 417 01cc 98010000 		.4byte	0x198
 418 01d0 0A       		.uleb128 0xa
 419 01d1 01       		.byte	0x1
 420 01d2 06       		.byte	0x6
 421 01d3 4D       		.byte	0x4d
 422 01d4 F1010000 		.4byte	0x1f1
 423 01d8 0B       		.uleb128 0xb
 424 01d9 99030000 		.4byte	.LASF34
 425 01dd 00       		.sleb128 0
 426 01de 0B       		.uleb128 0xb
 427 01df 2D030000 		.4byte	.LASF35
 428 01e3 01       		.sleb128 1
 429 01e4 0B       		.uleb128 0xb
 430 01e5 6A050000 		.4byte	.LASF36
 431 01e9 02       		.sleb128 2
 432 01ea 0B       		.uleb128 0xb
 433 01eb 86050000 		.4byte	.LASF37
 434 01ef 03       		.sleb128 3
 435 01f0 00       		.byte	0
 436 01f1 04       		.uleb128 0x4
 437 01f2 6F010000 		.4byte	.LASF38
 438 01f6 06       		.byte	0x6
 439 01f7 52       		.byte	0x52
 440 01f8 D0010000 		.4byte	0x1d0
 441 01fc 0A       		.uleb128 0xa
 442 01fd 01       		.byte	0x1
 443 01fe 07       		.byte	0x7
 444 01ff B2       		.byte	0xb2
 445 0200 1D020000 		.4byte	0x21d
 446 0204 0B       		.uleb128 0xb
 447 0205 57020000 		.4byte	.LASF39
 448 0209 00       		.sleb128 0
 449 020a 0B       		.uleb128 0xb
 450 020b 26000000 		.4byte	.LASF40
ARM GAS  /tmp/cca618fu.s 			page 9


 451 020f 01       		.sleb128 1
 452 0210 0B       		.uleb128 0xb
 453 0211 43050000 		.4byte	.LASF41
 454 0215 02       		.sleb128 2
 455 0216 0B       		.uleb128 0xb
 456 0217 E7040000 		.4byte	.LASF42
 457 021b 03       		.sleb128 3
 458 021c 00       		.byte	0
 459 021d 04       		.uleb128 0x4
 460 021e 95050000 		.4byte	.LASF43
 461 0222 07       		.byte	0x7
 462 0223 B7       		.byte	0xb7
 463 0224 FC010000 		.4byte	0x1fc
 464 0228 08       		.uleb128 0x8
 465 0229 48       		.byte	0x48
 466 022a 07       		.byte	0x7
 467 022b BC       		.byte	0xbc
 468 022c 09030000 		.4byte	0x309
 469 0230 09       		.uleb128 0x9
 470 0231 E2030000 		.4byte	.LASF44
 471 0235 07       		.byte	0x7
 472 0236 BE       		.byte	0xbe
 473 0237 1D020000 		.4byte	0x21d
 474 023b 00       		.byte	0
 475 023c 09       		.uleb128 0x9
 476 023d D8040000 		.4byte	.LASF45
 477 0241 07       		.byte	0x7
 478 0242 BF       		.byte	0xbf
 479 0243 BD000000 		.4byte	0xbd
 480 0247 04       		.byte	0x4
 481 0248 09       		.uleb128 0x9
 482 0249 86020000 		.4byte	.LASF46
 483 024d 07       		.byte	0x7
 484 024e C0       		.byte	0xc0
 485 024f 09030000 		.4byte	0x309
 486 0253 08       		.byte	0x8
 487 0254 09       		.uleb128 0x9
 488 0255 0F030000 		.4byte	.LASF47
 489 0259 07       		.byte	0x7
 490 025a C2       		.byte	0xc2
 491 025b 9E000000 		.4byte	0x9e
 492 025f 10       		.byte	0x10
 493 0260 09       		.uleb128 0x9
 494 0261 E9020000 		.4byte	.LASF48
 495 0265 07       		.byte	0x7
 496 0266 C3       		.byte	0xc3
 497 0267 9E000000 		.4byte	0x9e
 498 026b 14       		.byte	0x14
 499 026c 09       		.uleb128 0x9
 500 026d BB030000 		.4byte	.LASF49
 501 0271 07       		.byte	0x7
 502 0272 C5       		.byte	0xc5
 503 0273 BD000000 		.4byte	0xbd
 504 0277 18       		.byte	0x18
 505 0278 09       		.uleb128 0x9
 506 0279 18010000 		.4byte	.LASF50
 507 027d 07       		.byte	0x7
ARM GAS  /tmp/cca618fu.s 			page 10


 508 027e C6       		.byte	0xc6
 509 027f 9E000000 		.4byte	0x9e
 510 0283 1C       		.byte	0x1c
 511 0284 09       		.uleb128 0x9
 512 0285 FB040000 		.4byte	.LASF51
 513 0289 07       		.byte	0x7
 514 028a C7       		.byte	0xc7
 515 028b 9E000000 		.4byte	0x9e
 516 028f 20       		.byte	0x20
 517 0290 09       		.uleb128 0x9
 518 0291 16000000 		.4byte	.LASF52
 519 0295 07       		.byte	0x7
 520 0296 C8       		.byte	0xc8
 521 0297 9E000000 		.4byte	0x9e
 522 029b 24       		.byte	0x24
 523 029c 09       		.uleb128 0x9
 524 029d 6E020000 		.4byte	.LASF53
 525 02a1 07       		.byte	0x7
 526 02a2 CA       		.byte	0xca
 527 02a3 BD000000 		.4byte	0xbd
 528 02a7 28       		.byte	0x28
 529 02a8 09       		.uleb128 0x9
 530 02a9 36020000 		.4byte	.LASF54
 531 02ad 07       		.byte	0x7
 532 02ae CC       		.byte	0xcc
 533 02af A7000000 		.4byte	0xa7
 534 02b3 2C       		.byte	0x2c
 535 02b4 09       		.uleb128 0x9
 536 02b5 CD030000 		.4byte	.LASF55
 537 02b9 07       		.byte	0x7
 538 02ba CD       		.byte	0xcd
 539 02bb A7000000 		.4byte	0xa7
 540 02bf 2D       		.byte	0x2d
 541 02c0 09       		.uleb128 0x9
 542 02c1 5C030000 		.4byte	.LASF56
 543 02c5 07       		.byte	0x7
 544 02c6 D0       		.byte	0xd0
 545 02c7 9E000000 		.4byte	0x9e
 546 02cb 30       		.byte	0x30
 547 02cc 09       		.uleb128 0x9
 548 02cd A2050000 		.4byte	.LASF57
 549 02d1 07       		.byte	0x7
 550 02d2 D4       		.byte	0xd4
 551 02d3 C8000000 		.4byte	0xc8
 552 02d7 34       		.byte	0x34
 553 02d8 09       		.uleb128 0x9
 554 02d9 E9000000 		.4byte	.LASF58
 555 02dd 07       		.byte	0x7
 556 02de D8       		.byte	0xd8
 557 02df C8000000 		.4byte	0xc8
 558 02e3 38       		.byte	0x38
 559 02e4 09       		.uleb128 0x9
 560 02e5 C0040000 		.4byte	.LASF59
 561 02e9 07       		.byte	0x7
 562 02ea DC       		.byte	0xdc
 563 02eb C8000000 		.4byte	0xc8
 564 02ef 3C       		.byte	0x3c
ARM GAS  /tmp/cca618fu.s 			page 11


 565 02f0 09       		.uleb128 0x9
 566 02f1 24040000 		.4byte	.LASF60
 567 02f5 07       		.byte	0x7
 568 02f6 E0       		.byte	0xe0
 569 02f7 C8000000 		.4byte	0xc8
 570 02fb 40       		.byte	0x40
 571 02fc 09       		.uleb128 0x9
 572 02fd 40020000 		.4byte	.LASF61
 573 0301 07       		.byte	0x7
 574 0302 E4       		.byte	0xe4
 575 0303 C8000000 		.4byte	0xc8
 576 0307 44       		.byte	0x44
 577 0308 00       		.byte	0
 578 0309 06       		.uleb128 0x6
 579 030a 9E000000 		.4byte	0x9e
 580 030e 19030000 		.4byte	0x319
 581 0312 07       		.uleb128 0x7
 582 0313 97000000 		.4byte	0x97
 583 0317 01       		.byte	0x1
 584 0318 00       		.byte	0
 585 0319 04       		.uleb128 0x4
 586 031a 98020000 		.4byte	.LASF62
 587 031e 07       		.byte	0x7
 588 031f EB       		.byte	0xeb
 589 0320 28020000 		.4byte	0x228
 590 0324 0C       		.uleb128 0xc
 591 0325 55050000 		.4byte	.LASF63
 592 0329 01       		.byte	0x1
 593 032a 43       		.byte	0x43
 594 032b 00000000 		.4byte	.LFB125
 595 032f 70000000 		.4byte	.LFE125-.LFB125
 596 0333 01       		.uleb128 0x1
 597 0334 9C       		.byte	0x9c
 598 0335 56030000 		.4byte	0x356
 599 0339 0D       		.uleb128 0xd
 600 033a 0A010000 		.4byte	.LASF65
 601 033e 01       		.byte	0x1
 602 033f 43       		.byte	0x43
 603 0340 10010000 		.4byte	0x110
 604 0344 02       		.uleb128 0x2
 605 0345 91       		.byte	0x91
 606 0346 60       		.sleb128 -32
 607 0347 0E       		.uleb128 0xe
 608 0348 33010000 		.4byte	.LASF68
 609 034c 01       		.byte	0x1
 610 034d 45       		.byte	0x45
 611 034e C5010000 		.4byte	0x1c5
 612 0352 02       		.uleb128 0x2
 613 0353 91       		.byte	0x91
 614 0354 6C       		.sleb128 -20
 615 0355 00       		.byte	0
 616 0356 0C       		.uleb128 0xc
 617 0357 00000000 		.4byte	.LASF64
 618 035b 01       		.byte	0x1
 619 035c 54       		.byte	0x54
 620 035d 70000000 		.4byte	.LFB126
 621 0361 20000000 		.4byte	.LFE126-.LFB126
ARM GAS  /tmp/cca618fu.s 			page 12


 622 0365 01       		.uleb128 0x1
 623 0366 9C       		.byte	0x9c
 624 0367 7A030000 		.4byte	0x37a
 625 036b 0D       		.uleb128 0xd
 626 036c 16050000 		.4byte	.LASF66
 627 0370 01       		.byte	0x1
 628 0371 54       		.byte	0x54
 629 0372 7A030000 		.4byte	0x37a
 630 0376 02       		.uleb128 0x2
 631 0377 91       		.byte	0x91
 632 0378 74       		.sleb128 -12
 633 0379 00       		.byte	0
 634 037a 0F       		.uleb128 0xf
 635 037b 04       		.byte	0x4
 636 037c 8D010000 		.4byte	0x18d
 637 0380 10       		.uleb128 0x10
 638 0381 83030000 		.4byte	.LASF67
 639 0385 01       		.byte	0x1
 640 0386 6C       		.byte	0x6c
 641 0387 90000000 		.4byte	.LFB127
 642 038b 24000000 		.4byte	.LFE127-.LFB127
 643 038f 01       		.uleb128 0x1
 644 0390 9C       		.byte	0x9c
 645 0391 A4030000 		.4byte	0x3a4
 646 0395 0E       		.uleb128 0xe
 647 0396 14040000 		.4byte	.LASF69
 648 039a 01       		.byte	0x1
 649 039b 6E       		.byte	0x6e
 650 039c A4030000 		.4byte	0x3a4
 651 03a0 02       		.uleb128 0x2
 652 03a1 91       		.byte	0x91
 653 03a2 7C       		.sleb128 -4
 654 03a3 00       		.byte	0
 655 03a4 06       		.uleb128 0x6
 656 03a5 A0000000 		.4byte	0xa0
 657 03a9 B4030000 		.4byte	0x3b4
 658 03ad 07       		.uleb128 0x7
 659 03ae 97000000 		.4byte	0x97
 660 03b2 02       		.byte	0x2
 661 03b3 00       		.byte	0
 662 03b4 11       		.uleb128 0x11
 663 03b5 79050000 		.4byte	.LASF70
 664 03b9 08       		.byte	0x8
 665 03ba FA06     		.2byte	0x6fa
 666 03bc C0030000 		.4byte	0x3c0
 667 03c0 12       		.uleb128 0x12
 668 03c1 BD000000 		.4byte	0xbd
 669 03c5 13       		.uleb128 0x13
 670 03c6 45010000 		.4byte	.LASF71
 671 03ca 07       		.byte	0x7
 672 03cb EE       		.byte	0xee
 673 03cc 19030000 		.4byte	0x319
 674 03d0 14       		.uleb128 0x14
 675 03d1 18020000 		.4byte	.LASF72
 676 03d5 09       		.byte	0x9
 677 03d6 1C       		.byte	0x1c
 678 03d7 77010000 		.4byte	0x177
ARM GAS  /tmp/cca618fu.s 			page 13


 679 03db 05       		.uleb128 0x5
 680 03dc 03       		.byte	0x3
 681 03dd 00000000 		.4byte	osx_mgr_license
 682 03e1 13       		.uleb128 0x13
 683 03e2 A9020000 		.4byte	.LASF73
 684 03e6 01       		.byte	0x1
 685 03e7 2C       		.byte	0x2c
 686 03e8 1B010000 		.4byte	0x11b
 687 03ec 14       		.uleb128 0x14
 688 03ed C7020000 		.4byte	.LASF74
 689 03f1 01       		.byte	0x1
 690 03f2 2F       		.byte	0x2f
 691 03f3 F1010000 		.4byte	0x1f1
 692 03f7 05       		.uleb128 0x5
 693 03f8 03       		.byte	0x3
 694 03f9 00000000 		.4byte	GestureRecognitionCode
 695 03fd 00       		.byte	0
 696              		.section	.debug_abbrev,"",%progbits
 697              	.Ldebug_abbrev0:
 698 0000 01       		.uleb128 0x1
 699 0001 11       		.uleb128 0x11
 700 0002 01       		.byte	0x1
 701 0003 25       		.uleb128 0x25
 702 0004 0E       		.uleb128 0xe
 703 0005 13       		.uleb128 0x13
 704 0006 0B       		.uleb128 0xb
 705 0007 03       		.uleb128 0x3
 706 0008 0E       		.uleb128 0xe
 707 0009 1B       		.uleb128 0x1b
 708 000a 0E       		.uleb128 0xe
 709 000b 11       		.uleb128 0x11
 710 000c 01       		.uleb128 0x1
 711 000d 12       		.uleb128 0x12
 712 000e 06       		.uleb128 0x6
 713 000f 10       		.uleb128 0x10
 714 0010 17       		.uleb128 0x17
 715 0011 00       		.byte	0
 716 0012 00       		.byte	0
 717 0013 02       		.uleb128 0x2
 718 0014 24       		.uleb128 0x24
 719 0015 00       		.byte	0
 720 0016 0B       		.uleb128 0xb
 721 0017 0B       		.uleb128 0xb
 722 0018 3E       		.uleb128 0x3e
 723 0019 0B       		.uleb128 0xb
 724 001a 03       		.uleb128 0x3
 725 001b 0E       		.uleb128 0xe
 726 001c 00       		.byte	0
 727 001d 00       		.byte	0
 728 001e 03       		.uleb128 0x3
 729 001f 24       		.uleb128 0x24
 730 0020 00       		.byte	0
 731 0021 0B       		.uleb128 0xb
 732 0022 0B       		.uleb128 0xb
 733 0023 3E       		.uleb128 0x3e
 734 0024 0B       		.uleb128 0xb
 735 0025 03       		.uleb128 0x3
ARM GAS  /tmp/cca618fu.s 			page 14


 736 0026 08       		.uleb128 0x8
 737 0027 00       		.byte	0
 738 0028 00       		.byte	0
 739 0029 04       		.uleb128 0x4
 740 002a 16       		.uleb128 0x16
 741 002b 00       		.byte	0
 742 002c 03       		.uleb128 0x3
 743 002d 0E       		.uleb128 0xe
 744 002e 3A       		.uleb128 0x3a
 745 002f 0B       		.uleb128 0xb
 746 0030 3B       		.uleb128 0x3b
 747 0031 0B       		.uleb128 0xb
 748 0032 49       		.uleb128 0x49
 749 0033 13       		.uleb128 0x13
 750 0034 00       		.byte	0
 751 0035 00       		.byte	0
 752 0036 05       		.uleb128 0x5
 753 0037 0F       		.uleb128 0xf
 754 0038 00       		.byte	0
 755 0039 0B       		.uleb128 0xb
 756 003a 0B       		.uleb128 0xb
 757 003b 00       		.byte	0
 758 003c 00       		.byte	0
 759 003d 06       		.uleb128 0x6
 760 003e 01       		.uleb128 0x1
 761 003f 01       		.byte	0x1
 762 0040 49       		.uleb128 0x49
 763 0041 13       		.uleb128 0x13
 764 0042 01       		.uleb128 0x1
 765 0043 13       		.uleb128 0x13
 766 0044 00       		.byte	0
 767 0045 00       		.byte	0
 768 0046 07       		.uleb128 0x7
 769 0047 21       		.uleb128 0x21
 770 0048 00       		.byte	0
 771 0049 49       		.uleb128 0x49
 772 004a 13       		.uleb128 0x13
 773 004b 2F       		.uleb128 0x2f
 774 004c 0B       		.uleb128 0xb
 775 004d 00       		.byte	0
 776 004e 00       		.byte	0
 777 004f 08       		.uleb128 0x8
 778 0050 13       		.uleb128 0x13
 779 0051 01       		.byte	0x1
 780 0052 0B       		.uleb128 0xb
 781 0053 0B       		.uleb128 0xb
 782 0054 3A       		.uleb128 0x3a
 783 0055 0B       		.uleb128 0xb
 784 0056 3B       		.uleb128 0x3b
 785 0057 0B       		.uleb128 0xb
 786 0058 01       		.uleb128 0x1
 787 0059 13       		.uleb128 0x13
 788 005a 00       		.byte	0
 789 005b 00       		.byte	0
 790 005c 09       		.uleb128 0x9
 791 005d 0D       		.uleb128 0xd
 792 005e 00       		.byte	0
ARM GAS  /tmp/cca618fu.s 			page 15


 793 005f 03       		.uleb128 0x3
 794 0060 0E       		.uleb128 0xe
 795 0061 3A       		.uleb128 0x3a
 796 0062 0B       		.uleb128 0xb
 797 0063 3B       		.uleb128 0x3b
 798 0064 0B       		.uleb128 0xb
 799 0065 49       		.uleb128 0x49
 800 0066 13       		.uleb128 0x13
 801 0067 38       		.uleb128 0x38
 802 0068 0B       		.uleb128 0xb
 803 0069 00       		.byte	0
 804 006a 00       		.byte	0
 805 006b 0A       		.uleb128 0xa
 806 006c 04       		.uleb128 0x4
 807 006d 01       		.byte	0x1
 808 006e 0B       		.uleb128 0xb
 809 006f 0B       		.uleb128 0xb
 810 0070 3A       		.uleb128 0x3a
 811 0071 0B       		.uleb128 0xb
 812 0072 3B       		.uleb128 0x3b
 813 0073 0B       		.uleb128 0xb
 814 0074 01       		.uleb128 0x1
 815 0075 13       		.uleb128 0x13
 816 0076 00       		.byte	0
 817 0077 00       		.byte	0
 818 0078 0B       		.uleb128 0xb
 819 0079 28       		.uleb128 0x28
 820 007a 00       		.byte	0
 821 007b 03       		.uleb128 0x3
 822 007c 0E       		.uleb128 0xe
 823 007d 1C       		.uleb128 0x1c
 824 007e 0D       		.uleb128 0xd
 825 007f 00       		.byte	0
 826 0080 00       		.byte	0
 827 0081 0C       		.uleb128 0xc
 828 0082 2E       		.uleb128 0x2e
 829 0083 01       		.byte	0x1
 830 0084 3F       		.uleb128 0x3f
 831 0085 19       		.uleb128 0x19
 832 0086 03       		.uleb128 0x3
 833 0087 0E       		.uleb128 0xe
 834 0088 3A       		.uleb128 0x3a
 835 0089 0B       		.uleb128 0xb
 836 008a 3B       		.uleb128 0x3b
 837 008b 0B       		.uleb128 0xb
 838 008c 27       		.uleb128 0x27
 839 008d 19       		.uleb128 0x19
 840 008e 11       		.uleb128 0x11
 841 008f 01       		.uleb128 0x1
 842 0090 12       		.uleb128 0x12
 843 0091 06       		.uleb128 0x6
 844 0092 40       		.uleb128 0x40
 845 0093 18       		.uleb128 0x18
 846 0094 9642     		.uleb128 0x2116
 847 0096 19       		.uleb128 0x19
 848 0097 01       		.uleb128 0x1
 849 0098 13       		.uleb128 0x13
ARM GAS  /tmp/cca618fu.s 			page 16


 850 0099 00       		.byte	0
 851 009a 00       		.byte	0
 852 009b 0D       		.uleb128 0xd
 853 009c 05       		.uleb128 0x5
 854 009d 00       		.byte	0
 855 009e 03       		.uleb128 0x3
 856 009f 0E       		.uleb128 0xe
 857 00a0 3A       		.uleb128 0x3a
 858 00a1 0B       		.uleb128 0xb
 859 00a2 3B       		.uleb128 0x3b
 860 00a3 0B       		.uleb128 0xb
 861 00a4 49       		.uleb128 0x49
 862 00a5 13       		.uleb128 0x13
 863 00a6 02       		.uleb128 0x2
 864 00a7 18       		.uleb128 0x18
 865 00a8 00       		.byte	0
 866 00a9 00       		.byte	0
 867 00aa 0E       		.uleb128 0xe
 868 00ab 34       		.uleb128 0x34
 869 00ac 00       		.byte	0
 870 00ad 03       		.uleb128 0x3
 871 00ae 0E       		.uleb128 0xe
 872 00af 3A       		.uleb128 0x3a
 873 00b0 0B       		.uleb128 0xb
 874 00b1 3B       		.uleb128 0x3b
 875 00b2 0B       		.uleb128 0xb
 876 00b3 49       		.uleb128 0x49
 877 00b4 13       		.uleb128 0x13
 878 00b5 02       		.uleb128 0x2
 879 00b6 18       		.uleb128 0x18
 880 00b7 00       		.byte	0
 881 00b8 00       		.byte	0
 882 00b9 0F       		.uleb128 0xf
 883 00ba 0F       		.uleb128 0xf
 884 00bb 00       		.byte	0
 885 00bc 0B       		.uleb128 0xb
 886 00bd 0B       		.uleb128 0xb
 887 00be 49       		.uleb128 0x49
 888 00bf 13       		.uleb128 0x13
 889 00c0 00       		.byte	0
 890 00c1 00       		.byte	0
 891 00c2 10       		.uleb128 0x10
 892 00c3 2E       		.uleb128 0x2e
 893 00c4 01       		.byte	0x1
 894 00c5 3F       		.uleb128 0x3f
 895 00c6 19       		.uleb128 0x19
 896 00c7 03       		.uleb128 0x3
 897 00c8 0E       		.uleb128 0xe
 898 00c9 3A       		.uleb128 0x3a
 899 00ca 0B       		.uleb128 0xb
 900 00cb 3B       		.uleb128 0x3b
 901 00cc 0B       		.uleb128 0xb
 902 00cd 27       		.uleb128 0x27
 903 00ce 19       		.uleb128 0x19
 904 00cf 11       		.uleb128 0x11
 905 00d0 01       		.uleb128 0x1
 906 00d1 12       		.uleb128 0x12
ARM GAS  /tmp/cca618fu.s 			page 17


 907 00d2 06       		.uleb128 0x6
 908 00d3 40       		.uleb128 0x40
 909 00d4 18       		.uleb128 0x18
 910 00d5 9742     		.uleb128 0x2117
 911 00d7 19       		.uleb128 0x19
 912 00d8 01       		.uleb128 0x1
 913 00d9 13       		.uleb128 0x13
 914 00da 00       		.byte	0
 915 00db 00       		.byte	0
 916 00dc 11       		.uleb128 0x11
 917 00dd 34       		.uleb128 0x34
 918 00de 00       		.byte	0
 919 00df 03       		.uleb128 0x3
 920 00e0 0E       		.uleb128 0xe
 921 00e1 3A       		.uleb128 0x3a
 922 00e2 0B       		.uleb128 0xb
 923 00e3 3B       		.uleb128 0x3b
 924 00e4 05       		.uleb128 0x5
 925 00e5 49       		.uleb128 0x49
 926 00e6 13       		.uleb128 0x13
 927 00e7 3F       		.uleb128 0x3f
 928 00e8 19       		.uleb128 0x19
 929 00e9 3C       		.uleb128 0x3c
 930 00ea 19       		.uleb128 0x19
 931 00eb 00       		.byte	0
 932 00ec 00       		.byte	0
 933 00ed 12       		.uleb128 0x12
 934 00ee 35       		.uleb128 0x35
 935 00ef 00       		.byte	0
 936 00f0 49       		.uleb128 0x49
 937 00f1 13       		.uleb128 0x13
 938 00f2 00       		.byte	0
 939 00f3 00       		.byte	0
 940 00f4 13       		.uleb128 0x13
 941 00f5 34       		.uleb128 0x34
 942 00f6 00       		.byte	0
 943 00f7 03       		.uleb128 0x3
 944 00f8 0E       		.uleb128 0xe
 945 00f9 3A       		.uleb128 0x3a
 946 00fa 0B       		.uleb128 0xb
 947 00fb 3B       		.uleb128 0x3b
 948 00fc 0B       		.uleb128 0xb
 949 00fd 49       		.uleb128 0x49
 950 00fe 13       		.uleb128 0x13
 951 00ff 3F       		.uleb128 0x3f
 952 0100 19       		.uleb128 0x19
 953 0101 3C       		.uleb128 0x3c
 954 0102 19       		.uleb128 0x19
 955 0103 00       		.byte	0
 956 0104 00       		.byte	0
 957 0105 14       		.uleb128 0x14
 958 0106 34       		.uleb128 0x34
 959 0107 00       		.byte	0
 960 0108 03       		.uleb128 0x3
 961 0109 0E       		.uleb128 0xe
 962 010a 3A       		.uleb128 0x3a
 963 010b 0B       		.uleb128 0xb
ARM GAS  /tmp/cca618fu.s 			page 18


 964 010c 3B       		.uleb128 0x3b
 965 010d 0B       		.uleb128 0xb
 966 010e 49       		.uleb128 0x49
 967 010f 13       		.uleb128 0x13
 968 0110 3F       		.uleb128 0x3f
 969 0111 19       		.uleb128 0x19
 970 0112 02       		.uleb128 0x2
 971 0113 18       		.uleb128 0x18
 972 0114 00       		.byte	0
 973 0115 00       		.byte	0
 974 0116 00       		.byte	0
 975              		.section	.debug_aranges,"",%progbits
 976 0000 1C000000 		.4byte	0x1c
 977 0004 0200     		.2byte	0x2
 978 0006 00000000 		.4byte	.Ldebug_info0
 979 000a 04       		.byte	0x4
 980 000b 00       		.byte	0
 981 000c 0000     		.2byte	0
 982 000e 0000     		.2byte	0
 983 0010 00000000 		.4byte	.Ltext0
 984 0014 B4000000 		.4byte	.Letext0-.Ltext0
 985 0018 00000000 		.4byte	0
 986 001c 00000000 		.4byte	0
 987              		.section	.debug_line,"",%progbits
 988              	.Ldebug_line0:
 989 0000 79030000 		.section	.debug_str,"MS",%progbits,1
 989      02005203 
 989      00000201 
 989      FB0E0D00 
 989      01010101 
 990              	.LASF64:
 991 0000 4D6F7469 		.ascii	"MotionGR_License_init\000"
 991      6F6E4752 
 991      5F4C6963 
 991      656E7365 
 991      5F696E69 
 992              	.LASF52:
 993 0016 48616E64 		.ascii	"HandleMagSensor\000"
 993      6C654D61 
 993      6753656E 
 993      736F7200 
 994              	.LASF40:
 995 0026 54415247 		.ascii	"TARGET_BLUECOIN\000"
 995      45545F42 
 995      4C554543 
 995      4F494E00 
 996              	.LASF75:
 997 0036 474E5520 		.ascii	"GNU C 4.8.4 20140526 (release) [ARM/embedded-4_8-br"
 997      4320342E 
 997      382E3420 
 997      32303134 
 997      30353236 
 998 0069 616E6368 		.ascii	"anch revision 211358] -mcpu=cortex-m4 -mno-thumb-in"
 998      20726576 
 998      6973696F 
 998      6E203231 
 998      31333538 
ARM GAS  /tmp/cca618fu.s 			page 19


 999 009c 74657277 		.ascii	"terwork -mthumb -ggdb -O0 -std=c99 -fomit-frame-poi"
 999      6F726B20 
 999      2D6D7468 
 999      756D6220 
 999      2D676764 
 1000 00cf 6E746572 		.ascii	"nter -falign-functions=16\000"
 1000      202D6661 
 1000      6C69676E 
 1000      2D66756E 
 1000      6374696F 
 1001              	.LASF58:
 1002 00e9 6F73784D 		.ascii	"osxMotionARIsInitalized\000"
 1002      6F74696F 
 1002      6E415249 
 1002      73496E69 
 1002      74616C69 
 1003              	.LASF13:
 1004 0101 73697A65 		.ascii	"sizetype\000"
 1004      74797065 
 1004      00
 1005              	.LASF65:
 1006 010a 4143435F 		.ascii	"ACC_Value_Raw\000"
 1006      56616C75 
 1006      655F5261 
 1006      7700
 1007              	.LASF50:
 1008 0118 48616E64 		.ascii	"HandleAccSensor\000"
 1008      6C654163 
 1008      6353656E 
 1008      736F7200 
 1009              	.LASF9:
 1010 0128 5F5F7569 		.ascii	"__uint32_t\000"
 1010      6E743332 
 1010      5F7400
 1011              	.LASF68:
 1012 0133 69446174 		.ascii	"iDataIN\000"
 1012      61494E00 
 1013              	.LASF5:
 1014 013b 73686F72 		.ascii	"short int\000"
 1014      7420696E 
 1014      7400
 1015              	.LASF71:
 1016 0145 54617267 		.ascii	"TargetBoardFeatures\000"
 1016      6574426F 
 1016      61726446 
 1016      65617475 
 1016      72657300 
 1017              	.LASF26:
 1018 0159 6F73784C 		.ascii	"osxLibVersion\000"
 1018      69625665 
 1018      7273696F 
 1018      6E00
 1019              	.LASF15:
 1020 0167 75696E74 		.ascii	"uint8_t\000"
 1020      385F7400 
 1021              	.LASF38:
 1022 016f 6F73785F 		.ascii	"osx_MGR_output_t\000"
ARM GAS  /tmp/cca618fu.s 			page 20


 1022      4D47525F 
 1022      6F757470 
 1022      75745F74 
 1022      00
 1023              	.LASF77:
 1024 0180 2F752F65 		.ascii	"/u/elawton2/p442-submissions/sensortile/reference/b"
 1024      6C617774 
 1024      6F6E322F 
 1024      70343432 
 1024      2D737562 
 1025 01b3 6C75656D 		.ascii	"luemicrosystem2/BlueMicrosystem2_V2.2.0/Projects/Mu"
 1025      6963726F 
 1025      73797374 
 1025      656D322F 
 1025      426C7565 
 1026 01e6 6C74692F 		.ascii	"lti/Applications/BlueMicrosystem2/bluechibi\000"
 1026      4170706C 
 1026      69636174 
 1026      696F6E73 
 1026      2F426C75 
 1027              	.LASF23:
 1028 0212 666C6F61 		.ascii	"float\000"
 1028      7400
 1029              	.LASF72:
 1030 0218 6F73785F 		.ascii	"osx_mgr_license\000"
 1030      6D67725F 
 1030      6C696365 
 1030      6E736500 
 1031              	.LASF11:
 1032 0228 6C6F6E67 		.ascii	"long long int\000"
 1032      206C6F6E 
 1032      6720696E 
 1032      7400
 1033              	.LASF54:
 1034 0236 4C656453 		.ascii	"LedStatus\000"
 1034      74617475 
 1034      7300
 1035              	.LASF61:
 1036 0240 6F737841 		.ascii	"osxAudioBVIsInitalized\000"
 1036      7564696F 
 1036      42564973 
 1036      496E6974 
 1036      616C697A 
 1037              	.LASF39:
 1038 0257 54415247 		.ascii	"TARGET_NUCLEO\000"
 1038      45545F4E 
 1038      55434C45 
 1038      4F00
 1039              	.LASF8:
 1040 0265 6C6F6E67 		.ascii	"long int\000"
 1040      20696E74 
 1040      00
 1041              	.LASF53:
 1042 026e 4E756D4D 		.ascii	"NumMicSensors\000"
 1042      69635365 
 1042      6E736F72 
 1042      7300
ARM GAS  /tmp/cca618fu.s 			page 21


 1043              	.LASF3:
 1044 027c 5F5F7569 		.ascii	"__uint8_t\000"
 1044      6E74385F 
 1044      7400
 1045              	.LASF46:
 1046 0286 48616E64 		.ascii	"HandleTempSensors\000"
 1046      6C655465 
 1046      6D705365 
 1046      6E736F72 
 1046      7300
 1047              	.LASF62:
 1048 0298 54617267 		.ascii	"TargetFeatures_t\000"
 1048      65744665 
 1048      61747572 
 1048      65735F74 
 1048      00
 1049              	.LASF73:
 1050 02a9 73656E73 		.ascii	"sensitivity_Mul\000"
 1050      69746976 
 1050      6974795F 
 1050      4D756C00 
 1051              	.LASF2:
 1052 02b9 756E7369 		.ascii	"unsigned char\000"
 1052      676E6564 
 1052      20636861 
 1052      7200
 1053              	.LASF74:
 1054 02c7 47657374 		.ascii	"GestureRecognitionCode\000"
 1054      75726552 
 1054      65636F67 
 1054      6E697469 
 1054      6F6E436F 
 1055              	.LASF27:
 1056 02de 6F73784C 		.ascii	"osxLicense\000"
 1056      6963656E 
 1056      736500
 1057              	.LASF48:
 1058 02e9 48616E64 		.ascii	"HandleHumSensor\000"
 1058      6C654875 
 1058      6D53656E 
 1058      736F7200 
 1059              	.LASF25:
 1060 02f9 6F73784C 		.ascii	"osxLicenseInitialized\000"
 1060      6963656E 
 1060      7365496E 
 1060      69746961 
 1060      6C697A65 
 1061              	.LASF47:
 1062 030f 48616E64 		.ascii	"HandlePressSensor\000"
 1062      6C655072 
 1062      65737353 
 1062      656E736F 
 1062      7200
 1063              	.LASF1:
 1064 0321 7369676E 		.ascii	"signed char\000"
 1064      65642063 
 1064      68617200 
ARM GAS  /tmp/cca618fu.s 			page 22


 1065              	.LASF35:
 1066 032d 4F53585F 		.ascii	"OSX_MGR_PICKUP\000"
 1066      4D47525F 
 1066      5049434B 
 1066      555000
 1067              	.LASF12:
 1068 033c 6C6F6E67 		.ascii	"long long unsigned int\000"
 1068      206C6F6E 
 1068      6720756E 
 1068      7369676E 
 1068      65642069 
 1069              	.LASF18:
 1070 0353 75696E74 		.ascii	"uint32_t\000"
 1070      33325F74 
 1070      00
 1071              	.LASF56:
 1072 035c 48616E64 		.ascii	"HandleGGComponent\000"
 1072      6C654747 
 1072      436F6D70 
 1072      6F6E656E 
 1072      7400
 1073              	.LASF0:
 1074 036e 756E7369 		.ascii	"unsigned int\000"
 1074      676E6564 
 1074      20696E74 
 1074      00
 1075              	.LASF24:
 1076 037b 4C696345 		.ascii	"LicEnum\000"
 1076      6E756D00 
 1077              	.LASF67:
 1078 0383 4D6F7469 		.ascii	"MotionGR_manager_init\000"
 1078      6F6E4752 
 1078      5F6D616E 
 1078      61676572 
 1078      5F696E69 
 1079              	.LASF34:
 1080 0399 4F53585F 		.ascii	"OSX_MGR_NOGESTURE\000"
 1080      4D47525F 
 1080      4E4F4745 
 1080      53545552 
 1080      4500
 1081              	.LASF22:
 1082 03ab 53656E73 		.ascii	"SensorAxesRaw_t\000"
 1082      6F724178 
 1082      65735261 
 1082      775F7400 
 1083              	.LASF49:
 1084 03bb 48574164 		.ascii	"HWAdvanceFeatures\000"
 1084      76616E63 
 1084      65466561 
 1084      74757265 
 1084      7300
 1085              	.LASF55:
 1086 03cd 626E7267 		.ascii	"bnrg_expansion_board\000"
 1086      5F657870 
 1086      616E7369 
 1086      6F6E5F62 
ARM GAS  /tmp/cca618fu.s 			page 23


 1086      6F617264 
 1087              	.LASF44:
 1088 03e2 426F6172 		.ascii	"BoardType\000"
 1088      64547970 
 1088      6500
 1089              	.LASF14:
 1090 03ec 63686172 		.ascii	"char\000"
 1090      00
 1091              	.LASF17:
 1092 03f1 696E7433 		.ascii	"int32_t\000"
 1092      325F7400 
 1093              	.LASF6:
 1094 03f9 73686F72 		.ascii	"short unsigned int\000"
 1094      7420756E 
 1094      7369676E 
 1094      65642069 
 1094      6E7400
 1095              	.LASF16:
 1096 040c 696E7431 		.ascii	"int16_t\000"
 1096      365F7400 
 1097              	.LASF69:
 1098 0414 6163635F 		.ascii	"acc_orientation\000"
 1098      6F726965 
 1098      6E746174 
 1098      696F6E00 
 1099              	.LASF60:
 1100 0424 6F73784D 		.ascii	"osxMotionGRIsInitalized\000"
 1100      6F74696F 
 1100      6E475249 
 1100      73496E69 
 1100      74616C69 
 1101              	.LASF76:
 1102 043c 2E2E2F2E 		.ascii	"../../../../../Projects/Multi/Applications/BlueMicr"
 1102      2E2F2E2E 
 1102      2F2E2E2F 
 1102      2E2E2F50 
 1102      726F6A65 
 1103 046f 6F737973 		.ascii	"osystem2/Src/MotionGR_Manager.c\000"
 1103      74656D32 
 1103      2F537263 
 1103      2F4D6F74 
 1103      696F6E47 
 1104              	.LASF10:
 1105 048f 6C6F6E67 		.ascii	"long unsigned int\000"
 1105      20756E73 
 1105      69676E65 
 1105      6420696E 
 1105      7400
 1106              	.LASF19:
 1107 04a1 41584953 		.ascii	"AXIS_X\000"
 1107      5F5800
 1108              	.LASF20:
 1109 04a8 41584953 		.ascii	"AXIS_Y\000"
 1109      5F5900
 1110              	.LASF21:
 1111 04af 41584953 		.ascii	"AXIS_Z\000"
 1111      5F5A00
ARM GAS  /tmp/cca618fu.s 			page 24


 1112              	.LASF28:
 1113 04b6 45787472 		.ascii	"ExtraData\000"
 1113      61446174 
 1113      6100
 1114              	.LASF59:
 1115 04c0 6F73784D 		.ascii	"osxMotionCPIsInitalized\000"
 1115      6F74696F 
 1115      6E435049 
 1115      73496E69 
 1115      74616C69 
 1116              	.LASF45:
 1117 04d8 4E756D54 		.ascii	"NumTempSensors\000"
 1117      656D7053 
 1117      656E736F 
 1117      727300
 1118              	.LASF42:
 1119 04e7 54415247 		.ascii	"TARGETS_NUMBER\000"
 1119      4554535F 
 1119      4E554D42 
 1119      455200
 1120              	.LASF31:
 1121 04f6 41636359 		.ascii	"AccY\000"
 1121      00
 1122              	.LASF51:
 1123 04fb 48616E64 		.ascii	"HandleGyroSensor\000"
 1123      6C654779 
 1123      726F5365 
 1123      6E736F72 
 1123      00
 1124              	.LASF7:
 1125 050c 5F5F696E 		.ascii	"__int32_t\000"
 1125      7433325F 
 1125      7400
 1126              	.LASF66:
 1127 0516 5061794C 		.ascii	"PayLoad\000"
 1127      6F616400 
 1128              	.LASF30:
 1129 051e 41636358 		.ascii	"AccX\000"
 1129      00
 1130              	.LASF4:
 1131 0523 5F5F696E 		.ascii	"__int16_t\000"
 1131      7431365F 
 1131      7400
 1132              	.LASF32:
 1133 052d 4163635A 		.ascii	"AccZ\000"
 1133      00
 1134              	.LASF29:
 1135 0532 4D444D5F 		.ascii	"MDM_PayLoadLic_t\000"
 1135      5061794C 
 1135      6F61644C 
 1135      69635F74 
 1135      00
 1136              	.LASF41:
 1137 0543 54415247 		.ascii	"TARGET_SENSORTILE\000"
 1137      45545F53 
 1137      454E534F 
 1137      5254494C 
ARM GAS  /tmp/cca618fu.s 			page 25


 1137      4500
 1138              	.LASF63:
 1139 0555 4D6F7469 		.ascii	"MotionGR_manager_run\000"
 1139      6F6E4752 
 1139      5F6D616E 
 1139      61676572 
 1139      5F72756E 
 1140              	.LASF36:
 1141 056a 4F53585F 		.ascii	"OSX_MGR_GLANCE\000"
 1141      4D47525F 
 1141      474C414E 
 1141      434500
 1142              	.LASF70:
 1143 0579 49544D5F 		.ascii	"ITM_RxBuffer\000"
 1143      52784275 
 1143      66666572 
 1143      00
 1144              	.LASF37:
 1145 0586 4F53585F 		.ascii	"OSX_MGR_WAKEUP\000"
 1145      4D47525F 
 1145      57414B45 
 1145      555000
 1146              	.LASF43:
 1147 0595 54617267 		.ascii	"TargetType_t\000"
 1147      65745479 
 1147      70655F74 
 1147      00
 1148              	.LASF57:
 1149 05a2 6F73784D 		.ascii	"osxMotionFXIsInitalized\000"
 1149      6F74696F 
 1149      6E465849 
 1149      73496E69 
 1149      74616C69 
 1150              	.LASF33:
 1151 05ba 6F73785F 		.ascii	"osx_MGR_input_t\000"
 1151      4D47525F 
 1151      696E7075 
 1151      745F7400 
 1152              		.ident	"GCC: (GNU Tools for ARM Embedded Processors) 4.8.4 20140526 (release) [ARM/embedded-4_8-br
ARM GAS  /tmp/cca618fu.s 			page 26


DEFINED SYMBOLS
                            *ABS*:00000000 MotionGR_Manager.c
     /tmp/cca618fu.s:23     .bss:00000000 osx_mgr_license
     /tmp/cca618fu.s:20     .bss:00000000 $d
     /tmp/cca618fu.s:28     .bss:00000030 GestureRecognitionCode
     /tmp/cca618fu.s:33     .text:00000000 $t
     /tmp/cca618fu.s:39     .text:00000000 MotionGR_manager_run
     /tmp/cca618fu.s:99     .text:0000006c $d
     /tmp/cca618fu.s:103    .text:00000070 $t
     /tmp/cca618fu.s:109    .text:00000070 MotionGR_License_init
     /tmp/cca618fu.s:135    .text:0000008c $d
     /tmp/cca618fu.s:139    .text:00000090 $t
     /tmp/cca618fu.s:145    .text:00000090 MotionGR_manager_init
     /tmp/cca618fu.s:174    .text:000000b0 $d
                     .debug_frame:00000010 $d
     /tmp/cca618fu.s:187    .text:000000b4 $t

UNDEFINED SYMBOLS
__aeabi_i2f
__aeabi_fmul
sensitivity_Mul
memcpy
TargetBoardFeatures
