ARM GAS  /tmp/ccknbyLu.s 			page 1


   1              		.syntax unified
   2              		.cpu cortex-m4
   3              		.fpu softvfp
   4              		.eabi_attribute 20, 1
   5              		.eabi_attribute 21, 1
   6              		.eabi_attribute 23, 3
   7              		.eabi_attribute 24, 1
   8              		.eabi_attribute 25, 1
   9              		.eabi_attribute 26, 1
  10              		.eabi_attribute 30, 6
  11              		.eabi_attribute 34, 1
  12              		.eabi_attribute 18, 4
  13              		.thumb
  14              		.file	"nvic.c"
  15              		.text
  16              	.Ltext0:
  17              		.cfi_sections	.debug_frame
  18              		.align	2
  19              		.p2align 4,,15
  20              		.global	nvicEnableVector
  21              		.thumb
  22              		.thumb_func
  23              		.type	nvicEnableVector, %function
  24              	nvicEnableVector:
  25              	.LFB269:
  26              		.file 1 "../../../../../../ChibiOS/os/hal/ports/common/ARMCMx/nvic.c"
  27              		.loc 1 57 0
  28              		.cfi_startproc
  29              		@ args = 0, pretend = 0, frame = 8
  30              		@ frame_needed = 0, uses_anonymous_args = 0
  31              		@ link register save eliminated.
  32 0000 82B0     		sub	sp, sp, #8
  33              		.cfi_def_cfa_offset 8
  34 0002 0190     		str	r0, [sp, #4]
  35 0004 0091     		str	r1, [sp]
  36              		.loc 1 63 0
  37 0006 1149     		ldr	r1, .L2
  38 0008 009B     		ldr	r3, [sp]
  39 000a DBB2     		uxtb	r3, r3
  40 000c 1B01     		lsls	r3, r3, #4
  41 000e DAB2     		uxtb	r2, r3
  42 0010 019B     		ldr	r3, [sp, #4]
  43 0012 0B44     		add	r3, r3, r1
  44 0014 03F54073 		add	r3, r3, #768
  45 0018 1A70     		strb	r2, [r3]
  46              		.loc 1 65 0
  47 001a 0C4B     		ldr	r3, .L2
  48 001c 019A     		ldr	r2, [sp, #4]
  49 001e 5209     		lsrs	r2, r2, #5
  50 0020 0199     		ldr	r1, [sp, #4]
  51 0022 01F01F01 		and	r1, r1, #31
  52 0026 0120     		movs	r0, #1
  53 0028 00FA01F1 		lsl	r1, r0, r1
  54 002c 6032     		adds	r2, r2, #96
  55 002e 43F82210 		str	r1, [r3, r2, lsl #2]
  56              		.loc 1 66 0
  57 0032 064B     		ldr	r3, .L2
ARM GAS  /tmp/ccknbyLu.s 			page 2


  58 0034 019A     		ldr	r2, [sp, #4]
  59 0036 5209     		lsrs	r2, r2, #5
  60 0038 0199     		ldr	r1, [sp, #4]
  61 003a 01F01F01 		and	r1, r1, #31
  62 003e 0120     		movs	r0, #1
  63 0040 00FA01F1 		lsl	r1, r0, r1
  64 0044 43F82210 		str	r1, [r3, r2, lsl #2]
  65              		.loc 1 67 0
  66 0048 02B0     		add	sp, sp, #8
  67              		@ sp needed
  68 004a 7047     		bx	lr
  69              	.L3:
  70              		.align	2
  71              	.L2:
  72 004c 00E100E0 		.word	-536813312
  73              		.cfi_endproc
  74              	.LFE269:
  75              		.size	nvicEnableVector, .-nvicEnableVector
  76              		.align	2
  77              		.p2align 4,,15
  78              		.global	nvicDisableVector
  79              		.thumb
  80              		.thumb_func
  81              		.type	nvicDisableVector, %function
  82              	nvicDisableVector:
  83              	.LFB270:
  84              		.loc 1 74 0
  85              		.cfi_startproc
  86              		@ args = 0, pretend = 0, frame = 8
  87              		@ frame_needed = 0, uses_anonymous_args = 0
  88              		@ link register save eliminated.
  89 0050 82B0     		sub	sp, sp, #8
  90              		.cfi_def_cfa_offset 8
  91 0052 0190     		str	r0, [sp, #4]
  92              		.loc 1 76 0
  93 0054 0A4B     		ldr	r3, .L5
  94 0056 019A     		ldr	r2, [sp, #4]
  95 0058 5209     		lsrs	r2, r2, #5
  96 005a 0199     		ldr	r1, [sp, #4]
  97 005c 01F01F01 		and	r1, r1, #31
  98 0060 0120     		movs	r0, #1
  99 0062 00FA01F1 		lsl	r1, r0, r1
 100 0066 2032     		adds	r2, r2, #32
 101 0068 43F82210 		str	r1, [r3, r2, lsl #2]
 102              		.loc 1 80 0
 103 006c 044A     		ldr	r2, .L5
 104 006e 019B     		ldr	r3, [sp, #4]
 105 0070 1344     		add	r3, r3, r2
 106 0072 03F54073 		add	r3, r3, #768
 107 0076 0022     		movs	r2, #0
 108 0078 1A70     		strb	r2, [r3]
 109              		.loc 1 82 0
 110 007a 02B0     		add	sp, sp, #8
 111              		@ sp needed
 112 007c 7047     		bx	lr
 113              	.L6:
 114 007e 00BF     		.align	2
ARM GAS  /tmp/ccknbyLu.s 			page 3


 115              	.L5:
 116 0080 00E100E0 		.word	-536813312
 117              		.cfi_endproc
 118              	.LFE270:
 119              		.size	nvicDisableVector, .-nvicDisableVector
 120              		.align	2
 121 0084 AFF30080 		.p2align 4,,15
 121      AFF30080 
 121      AFF30080 
 122              		.global	nvicSetSystemHandlerPriority
 123              		.thumb
 124              		.thumb_func
 125              		.type	nvicSetSystemHandlerPriority, %function
 126              	nvicSetSystemHandlerPriority:
 127              	.LFB271:
 128              		.loc 1 90 0
 129              		.cfi_startproc
 130              		@ args = 0, pretend = 0, frame = 8
 131              		@ frame_needed = 0, uses_anonymous_args = 0
 132              		@ link register save eliminated.
 133 0090 82B0     		sub	sp, sp, #8
 134              		.cfi_def_cfa_offset 8
 135 0092 0190     		str	r0, [sp, #4]
 136 0094 0091     		str	r1, [sp]
 137              		.loc 1 100 0
 138 0096 0549     		ldr	r1, .L8
 139 0098 009B     		ldr	r3, [sp]
 140 009a DBB2     		uxtb	r3, r3
 141 009c 1B01     		lsls	r3, r3, #4
 142 009e DAB2     		uxtb	r2, r3
 143 00a0 019B     		ldr	r3, [sp, #4]
 144 00a2 0B44     		add	r3, r3, r1
 145 00a4 1833     		adds	r3, r3, #24
 146 00a6 1A70     		strb	r2, [r3]
 147              		.loc 1 102 0
 148 00a8 02B0     		add	sp, sp, #8
 149              		@ sp needed
 150 00aa 7047     		bx	lr
 151              	.L9:
 152              		.align	2
 153              	.L8:
 154 00ac 00ED00E0 		.word	-536810240
 155              		.cfi_endproc
 156              	.LFE271:
 157              		.size	nvicSetSystemHandlerPriority, .-nvicSetSystemHandlerPriority
 158              		.align	2
 159              		.p2align 4,,15
 160              		.global	nvicClearPending
 161              		.thumb
 162              		.thumb_func
 163              		.type	nvicClearPending, %function
 164              	nvicClearPending:
 165              	.LFB272:
 166              		.loc 1 109 0
 167              		.cfi_startproc
 168              		@ args = 0, pretend = 0, frame = 8
 169              		@ frame_needed = 0, uses_anonymous_args = 0
ARM GAS  /tmp/ccknbyLu.s 			page 4


 170              		@ link register save eliminated.
 171 00b0 82B0     		sub	sp, sp, #8
 172              		.cfi_def_cfa_offset 8
 173 00b2 0190     		str	r0, [sp, #4]
 174              		.loc 1 111 0
 175 00b4 064B     		ldr	r3, .L11
 176 00b6 019A     		ldr	r2, [sp, #4]
 177 00b8 5209     		lsrs	r2, r2, #5
 178 00ba 0199     		ldr	r1, [sp, #4]
 179 00bc 01F01F01 		and	r1, r1, #31
 180 00c0 0120     		movs	r0, #1
 181 00c2 00FA01F1 		lsl	r1, r0, r1
 182 00c6 6032     		adds	r2, r2, #96
 183 00c8 43F82210 		str	r1, [r3, r2, lsl #2]
 184              		.loc 1 112 0
 185 00cc 02B0     		add	sp, sp, #8
 186              		@ sp needed
 187 00ce 7047     		bx	lr
 188              	.L12:
 189              		.align	2
 190              	.L11:
 191 00d0 00E100E0 		.word	-536813312
 192              		.cfi_endproc
 193              	.LFE272:
 194              		.size	nvicClearPending, .-nvicClearPending
 195              	.Letext0:
 196              		.file 2 "/nfs/nfs5/home/research/hardware/arm2/gcc-arm-embedded/gcc-arm-none-eabi-4_8-2014q2/arm-n
 197              		.file 3 "/nfs/nfs5/home/research/hardware/arm2/gcc-arm-embedded/gcc-arm-none-eabi-4_8-2014q2/arm-n
 198              		.file 4 "../../../../../../ChibiOS/os/rt/ports/ARMCMx/compilers/GCC/chtypes.h"
 199              		.file 5 "../../../../../../ChibiOS/os/rt/include/chsystypes.h"
 200              		.file 6 "../../../../../../ChibiOS/os/rt/include/chschd.h"
 201              		.file 7 "../../../../../../ChibiOS/os/ext/CMSIS/include/core_cm4.h"
 202              		.file 8 "../../../../../../ChibiOS/os/rt/ports/ARMCMx/chcore.h"
 203              		.file 9 "../../../../../../ChibiOS/os/rt/ports/ARMCMx/chcore_v7m.h"
 204              		.file 10 "../../../../../../ChibiOS/os/rt/include/chtm.h"
 205              		.file 11 "../../../../../../ChibiOS/os/rt/include/chsem.h"
 206              		.file 12 "../../../../../../ChibiOS/os/rt/include/chmtx.h"
 207 00d4 AFF30080 		.section	.debug_info,"",%progbits
 207      AFF30080 
 207      AFF30080 
 208              	.Ldebug_info0:
 209 0000 E1090000 		.4byte	0x9e1
 210 0004 0400     		.2byte	0x4
 211 0006 00000000 		.4byte	.Ldebug_abbrev0
 212 000a 04       		.byte	0x4
 213 000b 01       		.uleb128 0x1
 214 000c EC030000 		.4byte	.LASF139
 215 0010 01       		.byte	0x1
 216 0011 63060000 		.4byte	.LASF140
 217 0015 60010000 		.4byte	.LASF141
 218 0019 00000000 		.4byte	.Ltext0
 219 001d D4000000 		.4byte	.Letext0-.Ltext0
 220 0021 00000000 		.4byte	.Ldebug_line0
 221 0025 02       		.uleb128 0x2
 222 0026 04       		.byte	0x4
 223 0027 05       		.byte	0x5
 224 0028 696E7400 		.ascii	"int\000"
ARM GAS  /tmp/ccknbyLu.s 			page 5


 225 002c 03       		.uleb128 0x3
 226 002d 04       		.byte	0x4
 227 002e 07       		.byte	0x7
 228 002f 18020000 		.4byte	.LASF0
 229 0033 03       		.uleb128 0x3
 230 0034 01       		.byte	0x1
 231 0035 06       		.byte	0x6
 232 0036 D3000000 		.4byte	.LASF1
 233 003a 04       		.uleb128 0x4
 234 003b 34000000 		.4byte	.LASF5
 235 003f 02       		.byte	0x2
 236 0040 1C       		.byte	0x1c
 237 0041 45000000 		.4byte	0x45
 238 0045 03       		.uleb128 0x3
 239 0046 01       		.byte	0x1
 240 0047 08       		.byte	0x8
 241 0048 CB030000 		.4byte	.LASF2
 242 004c 03       		.uleb128 0x3
 243 004d 02       		.byte	0x2
 244 004e 05       		.byte	0x5
 245 004f B1040000 		.4byte	.LASF3
 246 0053 03       		.uleb128 0x3
 247 0054 02       		.byte	0x2
 248 0055 07       		.byte	0x7
 249 0056 F2050000 		.4byte	.LASF4
 250 005a 04       		.uleb128 0x4
 251 005b BE020000 		.4byte	.LASF6
 252 005f 02       		.byte	0x2
 253 0060 37       		.byte	0x37
 254 0061 65000000 		.4byte	0x65
 255 0065 03       		.uleb128 0x3
 256 0066 04       		.byte	0x4
 257 0067 05       		.byte	0x5
 258 0068 1B010000 		.4byte	.LASF7
 259 006c 04       		.uleb128 0x4
 260 006d D6050000 		.4byte	.LASF8
 261 0071 02       		.byte	0x2
 262 0072 38       		.byte	0x38
 263 0073 77000000 		.4byte	0x77
 264 0077 03       		.uleb128 0x3
 265 0078 04       		.byte	0x4
 266 0079 07       		.byte	0x7
 267 007a 87050000 		.4byte	.LASF9
 268 007e 03       		.uleb128 0x3
 269 007f 08       		.byte	0x8
 270 0080 05       		.byte	0x5
 271 0081 C5000000 		.4byte	.LASF10
 272 0085 04       		.uleb128 0x4
 273 0086 57030000 		.4byte	.LASF11
 274 008a 02       		.byte	0x2
 275 008b 4E       		.byte	0x4e
 276 008c 90000000 		.4byte	0x90
 277 0090 03       		.uleb128 0x3
 278 0091 08       		.byte	0x8
 279 0092 07       		.byte	0x7
 280 0093 51000000 		.4byte	.LASF12
 281 0097 04       		.uleb128 0x4
ARM GAS  /tmp/ccknbyLu.s 			page 6


 282 0098 34060000 		.4byte	.LASF13
 283 009c 03       		.byte	0x3
 284 009d 2A       		.byte	0x2a
 285 009e 3A000000 		.4byte	0x3a
 286 00a2 04       		.uleb128 0x4
 287 00a3 C3030000 		.4byte	.LASF14
 288 00a7 03       		.byte	0x3
 289 00a8 41       		.byte	0x41
 290 00a9 5A000000 		.4byte	0x5a
 291 00ad 04       		.uleb128 0x4
 292 00ae 54050000 		.4byte	.LASF15
 293 00b2 03       		.byte	0x3
 294 00b3 42       		.byte	0x42
 295 00b4 6C000000 		.4byte	0x6c
 296 00b8 04       		.uleb128 0x4
 297 00b9 1F000000 		.4byte	.LASF16
 298 00bd 03       		.byte	0x3
 299 00be 4E       		.byte	0x4e
 300 00bf 85000000 		.4byte	0x85
 301 00c3 04       		.uleb128 0x4
 302 00c4 E2020000 		.4byte	.LASF17
 303 00c8 04       		.byte	0x4
 304 00c9 39       		.byte	0x39
 305 00ca AD000000 		.4byte	0xad
 306 00ce 04       		.uleb128 0x4
 307 00cf A3020000 		.4byte	.LASF18
 308 00d3 04       		.byte	0x4
 309 00d4 3C       		.byte	0x3c
 310 00d5 97000000 		.4byte	0x97
 311 00d9 04       		.uleb128 0x4
 312 00da 24010000 		.4byte	.LASF19
 313 00de 04       		.byte	0x4
 314 00df 3D       		.byte	0x3d
 315 00e0 97000000 		.4byte	0x97
 316 00e4 04       		.uleb128 0x4
 317 00e5 68030000 		.4byte	.LASF20
 318 00e9 04       		.byte	0x4
 319 00ea 3E       		.byte	0x3e
 320 00eb 97000000 		.4byte	0x97
 321 00ef 04       		.uleb128 0x4
 322 00f0 07010000 		.4byte	.LASF21
 323 00f4 04       		.byte	0x4
 324 00f5 3F       		.byte	0x3f
 325 00f6 97000000 		.4byte	0x97
 326 00fa 04       		.uleb128 0x4
 327 00fb A5030000 		.4byte	.LASF22
 328 00ff 04       		.byte	0x4
 329 0100 40       		.byte	0x40
 330 0101 AD000000 		.4byte	0xad
 331 0105 04       		.uleb128 0x4
 332 0106 80020000 		.4byte	.LASF23
 333 010a 04       		.byte	0x4
 334 010b 41       		.byte	0x41
 335 010c A2000000 		.4byte	0xa2
 336 0110 04       		.uleb128 0x4
 337 0111 28000000 		.4byte	.LASF24
 338 0115 04       		.byte	0x4
ARM GAS  /tmp/ccknbyLu.s 			page 7


 339 0116 43       		.byte	0x43
 340 0117 AD000000 		.4byte	0xad
 341 011b 04       		.uleb128 0x4
 342 011c 12020000 		.4byte	.LASF25
 343 0120 04       		.byte	0x4
 344 0121 45       		.byte	0x45
 345 0122 A2000000 		.4byte	0xa2
 346 0126 04       		.uleb128 0x4
 347 0127 B8050000 		.4byte	.LASF26
 348 012b 05       		.byte	0x5
 349 012c 33       		.byte	0x33
 350 012d AD000000 		.4byte	0xad
 351 0131 04       		.uleb128 0x4
 352 0132 A8050000 		.4byte	.LASF27
 353 0136 05       		.byte	0x5
 354 0137 3F       		.byte	0x3f
 355 0138 3C010000 		.4byte	0x13c
 356 013c 05       		.uleb128 0x5
 357 013d 71020000 		.4byte	.LASF48
 358 0141 44       		.byte	0x44
 359 0142 06       		.byte	0x6
 360 0143 C2       		.byte	0xc2
 361 0144 35020000 		.4byte	0x235
 362 0148 06       		.uleb128 0x6
 363 0149 FF040000 		.4byte	.LASF28
 364 014d 06       		.byte	0x6
 365 014e C3       		.byte	0xc3
 366 014f 40020000 		.4byte	0x240
 367 0153 00       		.byte	0
 368 0154 06       		.uleb128 0x6
 369 0155 9E030000 		.4byte	.LASF29
 370 0159 06       		.byte	0x6
 371 015a C5       		.byte	0xc5
 372 015b 40020000 		.4byte	0x240
 373 015f 04       		.byte	0x4
 374 0160 06       		.uleb128 0x6
 375 0161 A8000000 		.4byte	.LASF30
 376 0165 06       		.byte	0x6
 377 0166 C7       		.byte	0xc7
 378 0167 FA000000 		.4byte	0xfa
 379 016b 08       		.byte	0x8
 380 016c 06       		.uleb128 0x6
 381 016d C0060000 		.4byte	.LASF31
 382 0171 06       		.byte	0x6
 383 0172 C8       		.byte	0xc8
 384 0173 4D070000 		.4byte	0x74d
 385 0177 0C       		.byte	0xc
 386 0178 06       		.uleb128 0x6
 387 0179 2D010000 		.4byte	.LASF32
 388 017d 06       		.byte	0x6
 389 017e CA       		.byte	0xca
 390 017f 40020000 		.4byte	0x240
 391 0183 10       		.byte	0x10
 392 0184 06       		.uleb128 0x6
 393 0185 26030000 		.4byte	.LASF33
 394 0189 06       		.byte	0x6
 395 018a CB       		.byte	0xcb
ARM GAS  /tmp/ccknbyLu.s 			page 8


 396 018b 40020000 		.4byte	0x240
 397 018f 14       		.byte	0x14
 398 0190 06       		.uleb128 0x6
 399 0191 5C060000 		.4byte	.LASF34
 400 0195 06       		.byte	0x6
 401 0196 D2       		.byte	0xd2
 402 0197 2C070000 		.4byte	0x72c
 403 019b 18       		.byte	0x18
 404 019c 06       		.uleb128 0x6
 405 019d 9F040000 		.4byte	.LASF35
 406 01a1 06       		.byte	0x6
 407 01a2 DD       		.byte	0xdd
 408 01a3 D9000000 		.4byte	0xd9
 409 01a7 1C       		.byte	0x1c
 410 01a8 06       		.uleb128 0x6
 411 01a9 9F060000 		.4byte	.LASF36
 412 01ad 06       		.byte	0x6
 413 01ae E1       		.byte	0xe1
 414 01af CE000000 		.4byte	0xce
 415 01b3 1D       		.byte	0x1d
 416 01b4 06       		.uleb128 0x6
 417 01b5 27060000 		.4byte	.LASF37
 418 01b9 06       		.byte	0x6
 419 01ba E6       		.byte	0xe6
 420 01bb E4000000 		.4byte	0xe4
 421 01bf 1E       		.byte	0x1e
 422 01c0 06       		.uleb128 0x6
 423 01c1 CA040000 		.4byte	.LASF38
 424 01c5 06       		.byte	0x6
 425 01c6 EC       		.byte	0xec
 426 01c7 EF000000 		.4byte	0xef
 427 01cb 1F       		.byte	0x1f
 428 01cc 07       		.uleb128 0x7
 429 01cd 705F7500 		.ascii	"p_u\000"
 430 01d1 06       		.byte	0x6
 431 01d2 3101     		.2byte	0x131
 432 01d4 07080000 		.4byte	0x807
 433 01d8 20       		.byte	0x20
 434 01d9 08       		.uleb128 0x8
 435 01da C6060000 		.4byte	.LASF39
 436 01de 06       		.byte	0x6
 437 01df 3601     		.2byte	0x136
 438 01e1 46020000 		.4byte	0x246
 439 01e5 24       		.byte	0x24
 440 01e6 08       		.uleb128 0x8
 441 01e7 05060000 		.4byte	.LASF40
 442 01eb 06       		.byte	0x6
 443 01ec 3C01     		.2byte	0x13c
 444 01ee 6A020000 		.4byte	0x26a
 445 01f2 28       		.byte	0x28
 446 01f3 08       		.uleb128 0x8
 447 01f4 A7060000 		.4byte	.LASF41
 448 01f8 06       		.byte	0x6
 449 01f9 4001     		.2byte	0x140
 450 01fb 05010000 		.4byte	0x105
 451 01ff 30       		.byte	0x30
 452 0200 08       		.uleb128 0x8
ARM GAS  /tmp/ccknbyLu.s 			page 9


 453 0201 35050000 		.4byte	.LASF42
 454 0205 06       		.byte	0x6
 455 0206 4601     		.2byte	0x146
 456 0208 10010000 		.4byte	0x110
 457 020c 34       		.byte	0x34
 458 020d 08       		.uleb128 0x8
 459 020e A7040000 		.4byte	.LASF43
 460 0212 06       		.byte	0x6
 461 0213 4D01     		.2byte	0x14d
 462 0215 C6080000 		.4byte	0x8c6
 463 0219 38       		.byte	0x38
 464 021a 08       		.uleb128 0x8
 465 021b C2050000 		.4byte	.LASF44
 466 021f 06       		.byte	0x6
 467 0220 5101     		.2byte	0x151
 468 0222 FA000000 		.4byte	0xfa
 469 0226 3C       		.byte	0x3c
 470 0227 08       		.uleb128 0x8
 471 0228 DF000000 		.4byte	.LASF45
 472 022c 06       		.byte	0x6
 473 022d 5801     		.2byte	0x158
 474 022f 1D030000 		.4byte	0x31d
 475 0233 40       		.byte	0x40
 476 0234 00       		.byte	0
 477 0235 04       		.uleb128 0x4
 478 0236 EA020000 		.4byte	.LASF46
 479 023a 05       		.byte	0x5
 480 023b 44       		.byte	0x44
 481 023c 40020000 		.4byte	0x240
 482 0240 09       		.uleb128 0x9
 483 0241 04       		.byte	0x4
 484 0242 31010000 		.4byte	0x131
 485 0246 04       		.uleb128 0x4
 486 0247 D3020000 		.4byte	.LASF47
 487 024b 05       		.byte	0x5
 488 024c 49       		.byte	0x49
 489 024d 51020000 		.4byte	0x251
 490 0251 05       		.uleb128 0x5
 491 0252 77050000 		.4byte	.LASF49
 492 0256 04       		.byte	0x4
 493 0257 06       		.byte	0x6
 494 0258 B0       		.byte	0xb0
 495 0259 6A020000 		.4byte	0x26a
 496 025d 06       		.uleb128 0x6
 497 025e FF040000 		.4byte	.LASF28
 498 0262 06       		.byte	0x6
 499 0263 B1       		.byte	0xb1
 500 0264 40020000 		.4byte	0x240
 501 0268 00       		.byte	0
 502 0269 00       		.byte	0
 503 026a 04       		.uleb128 0x4
 504 026b 17060000 		.4byte	.LASF50
 505 026f 05       		.byte	0x5
 506 0270 50       		.byte	0x50
 507 0271 75020000 		.4byte	0x275
 508 0275 05       		.uleb128 0x5
 509 0276 97000000 		.4byte	.LASF51
ARM GAS  /tmp/ccknbyLu.s 			page 10


 510 027a 08       		.byte	0x8
 511 027b 06       		.byte	0x6
 512 027c B7       		.byte	0xb7
 513 027d 9A020000 		.4byte	0x29a
 514 0281 06       		.uleb128 0x6
 515 0282 FF040000 		.4byte	.LASF28
 516 0286 06       		.byte	0x6
 517 0287 B8       		.byte	0xb8
 518 0288 40020000 		.4byte	0x240
 519 028c 00       		.byte	0
 520 028d 06       		.uleb128 0x6
 521 028e 9E030000 		.4byte	.LASF29
 522 0292 06       		.byte	0x6
 523 0293 B9       		.byte	0xb9
 524 0294 40020000 		.4byte	0x240
 525 0298 04       		.byte	0x4
 526 0299 00       		.byte	0
 527 029a 04       		.uleb128 0x4
 528 029b 05000000 		.4byte	.LASF52
 529 029f 05       		.byte	0x5
 530 02a0 57       		.byte	0x57
 531 02a1 A5020000 		.4byte	0x2a5
 532 02a5 0A       		.uleb128 0xa
 533 02a6 AB020000 		.4byte	.LASF53
 534 02aa 1C       		.byte	0x1c
 535 02ab 06       		.byte	0x6
 536 02ac 9001     		.2byte	0x190
 537 02ae 01030000 		.4byte	0x301
 538 02b2 08       		.uleb128 0x8
 539 02b3 64050000 		.4byte	.LASF54
 540 02b7 06       		.byte	0x6
 541 02b8 9101     		.2byte	0x191
 542 02ba 6A020000 		.4byte	0x26a
 543 02be 00       		.byte	0
 544 02bf 08       		.uleb128 0x8
 545 02c0 F1040000 		.4byte	.LASF55
 546 02c4 06       		.byte	0x6
 547 02c5 9201     		.2byte	0x192
 548 02c7 FA000000 		.4byte	0xfa
 549 02cb 08       		.byte	0x8
 550 02cc 08       		.uleb128 0x8
 551 02cd 2E030000 		.4byte	.LASF56
 552 02d1 06       		.byte	0x6
 553 02d2 9401     		.2byte	0x194
 554 02d4 4D070000 		.4byte	0x74d
 555 02d8 0C       		.byte	0xc
 556 02d9 08       		.uleb128 0x8
 557 02da 47010000 		.4byte	.LASF57
 558 02de 06       		.byte	0x6
 559 02df 9701     		.2byte	0x197
 560 02e1 40020000 		.4byte	0x240
 561 02e5 10       		.byte	0x10
 562 02e6 08       		.uleb128 0x8
 563 02e7 4F030000 		.4byte	.LASF58
 564 02eb 06       		.byte	0x6
 565 02ec 9801     		.2byte	0x198
 566 02ee 40020000 		.4byte	0x240
ARM GAS  /tmp/ccknbyLu.s 			page 11


 567 02f2 14       		.byte	0x14
 568 02f3 08       		.uleb128 0x8
 569 02f4 99050000 		.4byte	.LASF59
 570 02f8 06       		.byte	0x6
 571 02f9 9B01     		.2byte	0x19b
 572 02fb 40020000 		.4byte	0x240
 573 02ff 18       		.byte	0x18
 574 0300 00       		.byte	0
 575 0301 04       		.uleb128 0x4
 576 0302 CD050000 		.4byte	.LASF60
 577 0306 05       		.byte	0x5
 578 0307 5C       		.byte	0x5c
 579 0308 0C030000 		.4byte	0x30c
 580 030c 09       		.uleb128 0x9
 581 030d 04       		.byte	0x4
 582 030e 12030000 		.4byte	0x312
 583 0312 0B       		.uleb128 0xb
 584 0313 1D030000 		.4byte	0x31d
 585 0317 0C       		.uleb128 0xc
 586 0318 1D030000 		.4byte	0x31d
 587 031c 00       		.byte	0
 588 031d 0D       		.uleb128 0xd
 589 031e 04       		.byte	0x4
 590 031f 04       		.uleb128 0x4
 591 0320 8E030000 		.4byte	.LASF61
 592 0324 05       		.byte	0x5
 593 0325 61       		.byte	0x61
 594 0326 2A030000 		.4byte	0x32a
 595 032a 0A       		.uleb128 0xa
 596 032b 17050000 		.4byte	.LASF62
 597 032f 14       		.byte	0x14
 598 0330 06       		.byte	0x6
 599 0331 6B01     		.2byte	0x16b
 600 0333 79030000 		.4byte	0x379
 601 0337 08       		.uleb128 0x8
 602 0338 56020000 		.4byte	.LASF63
 603 033c 06       		.byte	0x6
 604 033d 6C01     		.2byte	0x16c
 605 033f CC080000 		.4byte	0x8cc
 606 0343 00       		.byte	0
 607 0344 08       		.uleb128 0x8
 608 0345 58010000 		.4byte	.LASF64
 609 0349 06       		.byte	0x6
 610 034a 6D01     		.2byte	0x16d
 611 034c CC080000 		.4byte	0x8cc
 612 0350 04       		.byte	0x4
 613 0351 08       		.uleb128 0x8
 614 0352 3E020000 		.4byte	.LASF65
 615 0356 06       		.byte	0x6
 616 0357 6E01     		.2byte	0x16e
 617 0359 26010000 		.4byte	0x126
 618 035d 08       		.byte	0x8
 619 035e 08       		.uleb128 0x8
 620 035f 14030000 		.4byte	.LASF66
 621 0363 06       		.byte	0x6
 622 0364 6F01     		.2byte	0x16f
 623 0366 01030000 		.4byte	0x301
ARM GAS  /tmp/ccknbyLu.s 			page 12


 624 036a 0C       		.byte	0xc
 625 036b 08       		.uleb128 0x8
 626 036c 10060000 		.4byte	.LASF67
 627 0370 06       		.byte	0x6
 628 0371 7101     		.2byte	0x171
 629 0373 1D030000 		.4byte	0x31d
 630 0377 10       		.byte	0x10
 631 0378 00       		.byte	0
 632 0379 04       		.uleb128 0x4
 633 037a 7C000000 		.4byte	.LASF68
 634 037e 05       		.byte	0x5
 635 037f 66       		.byte	0x66
 636 0380 84030000 		.4byte	0x384
 637 0384 0A       		.uleb128 0xa
 638 0385 FD020000 		.4byte	.LASF69
 639 0389 10       		.byte	0x10
 640 038a 06       		.byte	0x6
 641 038b 7B01     		.2byte	0x17b
 642 038d C6030000 		.4byte	0x3c6
 643 0391 08       		.uleb128 0x8
 644 0392 56020000 		.4byte	.LASF63
 645 0396 06       		.byte	0x6
 646 0397 7C01     		.2byte	0x17c
 647 0399 CC080000 		.4byte	0x8cc
 648 039d 00       		.byte	0
 649 039e 08       		.uleb128 0x8
 650 039f 58010000 		.4byte	.LASF64
 651 03a3 06       		.byte	0x6
 652 03a4 7E01     		.2byte	0x17e
 653 03a6 CC080000 		.4byte	0x8cc
 654 03aa 04       		.byte	0x4
 655 03ab 08       		.uleb128 0x8
 656 03ac 3E020000 		.4byte	.LASF65
 657 03b0 06       		.byte	0x6
 658 03b1 8001     		.2byte	0x180
 659 03b3 26010000 		.4byte	0x126
 660 03b7 08       		.byte	0x8
 661 03b8 08       		.uleb128 0x8
 662 03b9 6C050000 		.4byte	.LASF70
 663 03bd 06       		.byte	0x6
 664 03be 8201     		.2byte	0x182
 665 03c0 D2080000 		.4byte	0x8d2
 666 03c4 0C       		.byte	0xc
 667 03c5 00       		.byte	0
 668 03c6 04       		.uleb128 0x4
 669 03c7 47020000 		.4byte	.LASF71
 670 03cb 05       		.byte	0x5
 671 03cc 6B       		.byte	0x6b
 672 03cd D1030000 		.4byte	0x3d1
 673 03d1 0A       		.uleb128 0xa
 674 03d2 AD030000 		.4byte	.LASF72
 675 03d6 04       		.byte	0x4
 676 03d7 06       		.byte	0x6
 677 03d8 A201     		.2byte	0x1a2
 678 03da EC030000 		.4byte	0x3ec
 679 03de 08       		.uleb128 0x8
 680 03df E1050000 		.4byte	.LASF73
ARM GAS  /tmp/ccknbyLu.s 			page 13


 681 03e3 06       		.byte	0x6
 682 03e4 AA01     		.2byte	0x1aa
 683 03e6 D7080000 		.4byte	0x8d7
 684 03ea 00       		.byte	0
 685 03eb 00       		.byte	0
 686 03ec 04       		.uleb128 0x4
 687 03ed 97020000 		.4byte	.LASF74
 688 03f1 05       		.byte	0x5
 689 03f2 70       		.byte	0x70
 690 03f3 F7030000 		.4byte	0x3f7
 691 03f7 0E       		.uleb128 0xe
 692 03f8 11010000 		.4byte	.LASF75
 693 03fc 5001     		.2byte	0x150
 694 03fe 06       		.byte	0x6
 695 03ff C201     		.2byte	0x1c2
 696 0401 53040000 		.4byte	0x453
 697 0405 08       		.uleb128 0x8
 698 0406 2E060000 		.4byte	.LASF76
 699 040a 06       		.byte	0x6
 700 040b C601     		.2byte	0x1c6
 701 040d 9A020000 		.4byte	0x29a
 702 0411 00       		.byte	0
 703 0412 08       		.uleb128 0x8
 704 0413 4A000000 		.4byte	.LASF77
 705 0417 06       		.byte	0x6
 706 0418 CA01     		.2byte	0x1ca
 707 041a 79030000 		.4byte	0x379
 708 041e 1C       		.byte	0x1c
 709 041f 07       		.uleb128 0x7
 710 0420 64626700 		.ascii	"dbg\000"
 711 0424 06       		.byte	0x6
 712 0425 CE01     		.2byte	0x1ce
 713 0427 C6030000 		.4byte	0x3c6
 714 042b 2C       		.byte	0x2c
 715 042c 08       		.uleb128 0x8
 716 042d 71000000 		.4byte	.LASF78
 717 0431 06       		.byte	0x6
 718 0432 D201     		.2byte	0x1d2
 719 0434 31010000 		.4byte	0x131
 720 0438 30       		.byte	0x30
 721 0439 07       		.uleb128 0x7
 722 043a 746D00   		.ascii	"tm\000"
 723 043d 06       		.byte	0x6
 724 043e D701     		.2byte	0x1d7
 725 0440 FC070000 		.4byte	0x7fc
 726 0444 74       		.byte	0x74
 727 0445 08       		.uleb128 0x8
 728 0446 03020000 		.4byte	.LASF79
 729 044a 06       		.byte	0x6
 730 044b E301     		.2byte	0x1e3
 731 044d DC080000 		.4byte	0x8dc
 732 0451 78       		.byte	0x78
 733 0452 00       		.byte	0
 734 0453 0F       		.uleb128 0xf
 735 0454 040E     		.2byte	0xe04
 736 0456 07       		.byte	0x7
 737 0457 A001     		.2byte	0x1a0
ARM GAS  /tmp/ccknbyLu.s 			page 14


 738 0459 0F050000 		.4byte	0x50f
 739 045d 08       		.uleb128 0x8
 740 045e BB040000 		.4byte	.LASF80
 741 0462 07       		.byte	0x7
 742 0463 A201     		.2byte	0x1a2
 743 0465 26050000 		.4byte	0x526
 744 0469 00       		.byte	0
 745 046a 08       		.uleb128 0x8
 746 046b 70030000 		.4byte	.LASF81
 747 046f 07       		.byte	0x7
 748 0470 A301     		.2byte	0x1a3
 749 0472 2B050000 		.4byte	0x52b
 750 0476 20       		.byte	0x20
 751 0477 08       		.uleb128 0x8
 752 0478 45030000 		.4byte	.LASF82
 753 047c 07       		.byte	0x7
 754 047d A401     		.2byte	0x1a4
 755 047f 3B050000 		.4byte	0x53b
 756 0483 80       		.byte	0x80
 757 0484 08       		.uleb128 0x8
 758 0485 3C060000 		.4byte	.LASF83
 759 0489 07       		.byte	0x7
 760 048a A501     		.2byte	0x1a5
 761 048c 2B050000 		.4byte	0x52b
 762 0490 A0       		.byte	0xa0
 763 0491 10       		.uleb128 0x10
 764 0492 92000000 		.4byte	.LASF84
 765 0496 07       		.byte	0x7
 766 0497 A601     		.2byte	0x1a6
 767 0499 40050000 		.4byte	0x540
 768 049d 0001     		.2byte	0x100
 769 049f 10       		.uleb128 0x10
 770 04a0 7A030000 		.4byte	.LASF85
 771 04a4 07       		.byte	0x7
 772 04a5 A701     		.2byte	0x1a7
 773 04a7 2B050000 		.4byte	0x52b
 774 04ab 2001     		.2byte	0x120
 775 04ad 10       		.uleb128 0x10
 776 04ae 00000000 		.4byte	.LASF86
 777 04b2 07       		.byte	0x7
 778 04b3 A801     		.2byte	0x1a8
 779 04b5 45050000 		.4byte	0x545
 780 04b9 8001     		.2byte	0x180
 781 04bb 10       		.uleb128 0x10
 782 04bc 84030000 		.4byte	.LASF87
 783 04c0 07       		.byte	0x7
 784 04c1 A901     		.2byte	0x1a9
 785 04c3 2B050000 		.4byte	0x52b
 786 04c7 A001     		.2byte	0x1a0
 787 04c9 10       		.uleb128 0x10
 788 04ca 21030000 		.4byte	.LASF88
 789 04ce 07       		.byte	0x7
 790 04cf AA01     		.2byte	0x1aa
 791 04d1 4A050000 		.4byte	0x54a
 792 04d5 0002     		.2byte	0x200
 793 04d7 10       		.uleb128 0x10
 794 04d8 40050000 		.4byte	.LASF89
ARM GAS  /tmp/ccknbyLu.s 			page 15


 795 04dc 07       		.byte	0x7
 796 04dd AB01     		.2byte	0x1ab
 797 04df 4F050000 		.4byte	0x54f
 798 04e3 2002     		.2byte	0x220
 799 04e5 11       		.uleb128 0x11
 800 04e6 495000   		.ascii	"IP\000"
 801 04e9 07       		.byte	0x7
 802 04ea AC01     		.2byte	0x1ac
 803 04ec 6F050000 		.4byte	0x56f
 804 04f0 0003     		.2byte	0x300
 805 04f2 10       		.uleb128 0x10
 806 04f3 4A050000 		.4byte	.LASF90
 807 04f7 07       		.byte	0x7
 808 04f8 AD01     		.2byte	0x1ad
 809 04fa 74050000 		.4byte	0x574
 810 04fe F003     		.2byte	0x3f0
 811 0500 10       		.uleb128 0x10
 812 0501 45060000 		.4byte	.LASF91
 813 0505 07       		.byte	0x7
 814 0506 AE01     		.2byte	0x1ae
 815 0508 85050000 		.4byte	0x585
 816 050c 000E     		.2byte	0xe00
 817 050e 00       		.byte	0
 818 050f 12       		.uleb128 0x12
 819 0510 AD000000 		.4byte	0xad
 820 0514 1F050000 		.4byte	0x51f
 821 0518 13       		.uleb128 0x13
 822 0519 1F050000 		.4byte	0x51f
 823 051d 07       		.byte	0x7
 824 051e 00       		.byte	0
 825 051f 03       		.uleb128 0x3
 826 0520 04       		.byte	0x4
 827 0521 07       		.byte	0x7
 828 0522 4A060000 		.4byte	.LASF92
 829 0526 14       		.uleb128 0x14
 830 0527 0F050000 		.4byte	0x50f
 831 052b 12       		.uleb128 0x12
 832 052c AD000000 		.4byte	0xad
 833 0530 3B050000 		.4byte	0x53b
 834 0534 13       		.uleb128 0x13
 835 0535 1F050000 		.4byte	0x51f
 836 0539 17       		.byte	0x17
 837 053a 00       		.byte	0
 838 053b 14       		.uleb128 0x14
 839 053c 0F050000 		.4byte	0x50f
 840 0540 14       		.uleb128 0x14
 841 0541 0F050000 		.4byte	0x50f
 842 0545 14       		.uleb128 0x14
 843 0546 0F050000 		.4byte	0x50f
 844 054a 14       		.uleb128 0x14
 845 054b 0F050000 		.4byte	0x50f
 846 054f 12       		.uleb128 0x12
 847 0550 AD000000 		.4byte	0xad
 848 0554 5F050000 		.4byte	0x55f
 849 0558 13       		.uleb128 0x13
 850 0559 1F050000 		.4byte	0x51f
 851 055d 37       		.byte	0x37
ARM GAS  /tmp/ccknbyLu.s 			page 16


 852 055e 00       		.byte	0
 853 055f 12       		.uleb128 0x12
 854 0560 97000000 		.4byte	0x97
 855 0564 6F050000 		.4byte	0x56f
 856 0568 13       		.uleb128 0x13
 857 0569 1F050000 		.4byte	0x51f
 858 056d EF       		.byte	0xef
 859 056e 00       		.byte	0
 860 056f 14       		.uleb128 0x14
 861 0570 5F050000 		.4byte	0x55f
 862 0574 12       		.uleb128 0x12
 863 0575 AD000000 		.4byte	0xad
 864 0579 85050000 		.4byte	0x585
 865 057d 15       		.uleb128 0x15
 866 057e 1F050000 		.4byte	0x51f
 867 0582 8302     		.2byte	0x283
 868 0584 00       		.byte	0
 869 0585 14       		.uleb128 0x14
 870 0586 AD000000 		.4byte	0xad
 871 058a 16       		.uleb128 0x16
 872 058b C0040000 		.4byte	.LASF93
 873 058f 07       		.byte	0x7
 874 0590 AF01     		.2byte	0x1af
 875 0592 53040000 		.4byte	0x453
 876 0596 17       		.uleb128 0x17
 877 0597 8C       		.byte	0x8c
 878 0598 07       		.byte	0x7
 879 0599 C001     		.2byte	0x1c0
 880 059b B1060000 		.4byte	0x6b1
 881 059f 08       		.uleb128 0x8
 882 05a0 62030000 		.4byte	.LASF94
 883 05a4 07       		.byte	0x7
 884 05a5 C201     		.2byte	0x1c2
 885 05a7 B1060000 		.4byte	0x6b1
 886 05ab 00       		.byte	0
 887 05ac 08       		.uleb128 0x8
 888 05ad 7B020000 		.4byte	.LASF95
 889 05b1 07       		.byte	0x7
 890 05b2 C301     		.2byte	0x1c3
 891 05b4 85050000 		.4byte	0x585
 892 05b8 04       		.byte	0x4
 893 05b9 08       		.uleb128 0x8
 894 05ba 5E020000 		.4byte	.LASF96
 895 05be 07       		.byte	0x7
 896 05bf C401     		.2byte	0x1c4
 897 05c1 85050000 		.4byte	0x585
 898 05c5 08       		.byte	0x8
 899 05c6 08       		.uleb128 0x8
 900 05c7 86020000 		.4byte	.LASF97
 901 05cb 07       		.byte	0x7
 902 05cc C501     		.2byte	0x1c5
 903 05ce 85050000 		.4byte	0x585
 904 05d2 0C       		.byte	0xc
 905 05d3 07       		.uleb128 0x7
 906 05d4 53435200 		.ascii	"SCR\000"
 907 05d8 07       		.byte	0x7
 908 05d9 C601     		.2byte	0x1c6
ARM GAS  /tmp/ccknbyLu.s 			page 17


 909 05db 85050000 		.4byte	0x585
 910 05df 10       		.byte	0x10
 911 05e0 07       		.uleb128 0x7
 912 05e1 43435200 		.ascii	"CCR\000"
 913 05e5 07       		.byte	0x7
 914 05e6 C701     		.2byte	0x1c7
 915 05e8 85050000 		.4byte	0x585
 916 05ec 14       		.byte	0x14
 917 05ed 07       		.uleb128 0x7
 918 05ee 53485000 		.ascii	"SHP\000"
 919 05f2 07       		.byte	0x7
 920 05f3 C801     		.2byte	0x1c8
 921 05f5 C6060000 		.4byte	0x6c6
 922 05f9 18       		.byte	0x18
 923 05fa 08       		.uleb128 0x8
 924 05fb D9030000 		.4byte	.LASF98
 925 05ff 07       		.byte	0x7
 926 0600 C901     		.2byte	0x1c9
 927 0602 85050000 		.4byte	0x585
 928 0606 24       		.byte	0x24
 929 0607 08       		.uleb128 0x8
 930 0608 1C030000 		.4byte	.LASF99
 931 060c 07       		.byte	0x7
 932 060d CA01     		.2byte	0x1ca
 933 060f 85050000 		.4byte	0x585
 934 0613 28       		.byte	0x28
 935 0614 08       		.uleb128 0x8
 936 0615 B3060000 		.4byte	.LASF100
 937 0619 07       		.byte	0x7
 938 061a CB01     		.2byte	0x1cb
 939 061c 85050000 		.4byte	0x585
 940 0620 2C       		.byte	0x2c
 941 0621 08       		.uleb128 0x8
 942 0622 8C020000 		.4byte	.LASF101
 943 0626 07       		.byte	0x7
 944 0627 CC01     		.2byte	0x1cc
 945 0629 85050000 		.4byte	0x585
 946 062d 30       		.byte	0x30
 947 062e 08       		.uleb128 0x8
 948 062f 91020000 		.4byte	.LASF102
 949 0633 07       		.byte	0x7
 950 0634 CD01     		.2byte	0x1cd
 951 0636 85050000 		.4byte	0x585
 952 063a 34       		.byte	0x34
 953 063b 08       		.uleb128 0x8
 954 063c 3D010000 		.4byte	.LASF103
 955 0640 07       		.byte	0x7
 956 0641 CE01     		.2byte	0x1ce
 957 0643 85050000 		.4byte	0x585
 958 0647 38       		.byte	0x38
 959 0648 08       		.uleb128 0x8
 960 0649 42010000 		.4byte	.LASF104
 961 064d 07       		.byte	0x7
 962 064e CF01     		.2byte	0x1cf
 963 0650 85050000 		.4byte	0x585
 964 0654 3C       		.byte	0x3c
 965 0655 07       		.uleb128 0x7
ARM GAS  /tmp/ccknbyLu.s 			page 18


 966 0656 50465200 		.ascii	"PFR\000"
 967 065a 07       		.byte	0x7
 968 065b D001     		.2byte	0x1d0
 969 065d DB060000 		.4byte	0x6db
 970 0661 40       		.byte	0x40
 971 0662 07       		.uleb128 0x7
 972 0663 44465200 		.ascii	"DFR\000"
 973 0667 07       		.byte	0x7
 974 0668 D101     		.2byte	0x1d1
 975 066a B1060000 		.4byte	0x6b1
 976 066e 48       		.byte	0x48
 977 066f 07       		.uleb128 0x7
 978 0670 41445200 		.ascii	"ADR\000"
 979 0674 07       		.byte	0x7
 980 0675 D201     		.2byte	0x1d2
 981 0677 B1060000 		.4byte	0x6b1
 982 067b 4C       		.byte	0x4c
 983 067c 08       		.uleb128 0x8
 984 067d B9020000 		.4byte	.LASF105
 985 0681 07       		.byte	0x7
 986 0682 D301     		.2byte	0x1d3
 987 0684 F5060000 		.4byte	0x6f5
 988 0688 50       		.byte	0x50
 989 0689 08       		.uleb128 0x8
 990 068a C0000000 		.4byte	.LASF106
 991 068e 07       		.byte	0x7
 992 068f D401     		.2byte	0x1d4
 993 0691 0F070000 		.4byte	0x70f
 994 0695 60       		.byte	0x60
 995 0696 08       		.uleb128 0x8
 996 0697 70030000 		.4byte	.LASF81
 997 069b 07       		.byte	0x7
 998 069c D501     		.2byte	0x1d5
 999 069e FF060000 		.4byte	0x6ff
 1000 06a2 74       		.byte	0x74
 1001 06a3 08       		.uleb128 0x8
 1002 06a4 AD060000 		.4byte	.LASF107
 1003 06a8 07       		.byte	0x7
 1004 06a9 D601     		.2byte	0x1d6
 1005 06ab 85050000 		.4byte	0x585
 1006 06af 88       		.byte	0x88
 1007 06b0 00       		.byte	0
 1008 06b1 18       		.uleb128 0x18
 1009 06b2 85050000 		.4byte	0x585
 1010 06b6 12       		.uleb128 0x12
 1011 06b7 97000000 		.4byte	0x97
 1012 06bb C6060000 		.4byte	0x6c6
 1013 06bf 13       		.uleb128 0x13
 1014 06c0 1F050000 		.4byte	0x51f
 1015 06c4 0B       		.byte	0xb
 1016 06c5 00       		.byte	0
 1017 06c6 14       		.uleb128 0x14
 1018 06c7 B6060000 		.4byte	0x6b6
 1019 06cb 12       		.uleb128 0x12
 1020 06cc AD000000 		.4byte	0xad
 1021 06d0 DB060000 		.4byte	0x6db
 1022 06d4 13       		.uleb128 0x13
ARM GAS  /tmp/ccknbyLu.s 			page 19


 1023 06d5 1F050000 		.4byte	0x51f
 1024 06d9 01       		.byte	0x1
 1025 06da 00       		.byte	0
 1026 06db 18       		.uleb128 0x18
 1027 06dc E0060000 		.4byte	0x6e0
 1028 06e0 14       		.uleb128 0x14
 1029 06e1 CB060000 		.4byte	0x6cb
 1030 06e5 12       		.uleb128 0x12
 1031 06e6 AD000000 		.4byte	0xad
 1032 06ea F5060000 		.4byte	0x6f5
 1033 06ee 13       		.uleb128 0x13
 1034 06ef 1F050000 		.4byte	0x51f
 1035 06f3 03       		.byte	0x3
 1036 06f4 00       		.byte	0
 1037 06f5 18       		.uleb128 0x18
 1038 06f6 FA060000 		.4byte	0x6fa
 1039 06fa 14       		.uleb128 0x14
 1040 06fb E5060000 		.4byte	0x6e5
 1041 06ff 12       		.uleb128 0x12
 1042 0700 AD000000 		.4byte	0xad
 1043 0704 0F070000 		.4byte	0x70f
 1044 0708 13       		.uleb128 0x13
 1045 0709 1F050000 		.4byte	0x51f
 1046 070d 04       		.byte	0x4
 1047 070e 00       		.byte	0
 1048 070f 18       		.uleb128 0x18
 1049 0710 14070000 		.4byte	0x714
 1050 0714 14       		.uleb128 0x14
 1051 0715 FF060000 		.4byte	0x6ff
 1052 0719 16       		.uleb128 0x16
 1053 071a F2010000 		.4byte	.LASF108
 1054 071e 07       		.byte	0x7
 1055 071f D701     		.2byte	0x1d7
 1056 0721 96050000 		.4byte	0x596
 1057 0725 03       		.uleb128 0x3
 1058 0726 01       		.byte	0x1
 1059 0727 08       		.byte	0x8
 1060 0728 A3050000 		.4byte	.LASF109
 1061 072c 09       		.uleb128 0x9
 1062 072d 04       		.byte	0x4
 1063 072e 32070000 		.4byte	0x732
 1064 0732 18       		.uleb128 0x18
 1065 0733 25070000 		.4byte	0x725
 1066 0737 04       		.uleb128 0x4
 1067 0738 4F010000 		.4byte	.LASF110
 1068 073c 08       		.byte	0x8
 1069 073d 65       		.byte	0x65
 1070 073e 1D030000 		.4byte	0x31d
 1071 0742 04       		.uleb128 0x4
 1072 0743 C8020000 		.4byte	.LASF111
 1073 0747 08       		.byte	0x8
 1074 0748 6D       		.byte	0x6d
 1075 0749 B8000000 		.4byte	0xb8
 1076 074d 05       		.uleb128 0x5
 1077 074e 69020000 		.4byte	.LASF112
 1078 0752 04       		.byte	0x4
 1079 0753 08       		.byte	0x8
ARM GAS  /tmp/ccknbyLu.s 			page 20


 1080 0754 89       		.byte	0x89
 1081 0755 66070000 		.4byte	0x766
 1082 0759 19       		.uleb128 0x19
 1083 075a 72313300 		.ascii	"r13\000"
 1084 075e 08       		.byte	0x8
 1085 075f 8A       		.byte	0x8a
 1086 0760 E1070000 		.4byte	0x7e1
 1087 0764 00       		.byte	0
 1088 0765 00       		.byte	0
 1089 0766 05       		.uleb128 0x5
 1090 0767 3E000000 		.4byte	.LASF113
 1091 076b 24       		.byte	0x24
 1092 076c 09       		.byte	0x9
 1093 076d FD       		.byte	0xfd
 1094 076e E1070000 		.4byte	0x7e1
 1095 0772 07       		.uleb128 0x7
 1096 0773 723400   		.ascii	"r4\000"
 1097 0776 09       		.byte	0x9
 1098 0777 1001     		.2byte	0x110
 1099 0779 37070000 		.4byte	0x737
 1100 077d 00       		.byte	0
 1101 077e 07       		.uleb128 0x7
 1102 077f 723500   		.ascii	"r5\000"
 1103 0782 09       		.byte	0x9
 1104 0783 1101     		.2byte	0x111
 1105 0785 37070000 		.4byte	0x737
 1106 0789 04       		.byte	0x4
 1107 078a 07       		.uleb128 0x7
 1108 078b 723600   		.ascii	"r6\000"
 1109 078e 09       		.byte	0x9
 1110 078f 1201     		.2byte	0x112
 1111 0791 37070000 		.4byte	0x737
 1112 0795 08       		.byte	0x8
 1113 0796 07       		.uleb128 0x7
 1114 0797 723700   		.ascii	"r7\000"
 1115 079a 09       		.byte	0x9
 1116 079b 1301     		.2byte	0x113
 1117 079d 37070000 		.4byte	0x737
 1118 07a1 0C       		.byte	0xc
 1119 07a2 07       		.uleb128 0x7
 1120 07a3 723800   		.ascii	"r8\000"
 1121 07a6 09       		.byte	0x9
 1122 07a7 1401     		.2byte	0x114
 1123 07a9 37070000 		.4byte	0x737
 1124 07ad 10       		.byte	0x10
 1125 07ae 07       		.uleb128 0x7
 1126 07af 723900   		.ascii	"r9\000"
 1127 07b2 09       		.byte	0x9
 1128 07b3 1501     		.2byte	0x115
 1129 07b5 37070000 		.4byte	0x737
 1130 07b9 14       		.byte	0x14
 1131 07ba 07       		.uleb128 0x7
 1132 07bb 72313000 		.ascii	"r10\000"
 1133 07bf 09       		.byte	0x9
 1134 07c0 1601     		.2byte	0x116
 1135 07c2 37070000 		.4byte	0x737
 1136 07c6 18       		.byte	0x18
ARM GAS  /tmp/ccknbyLu.s 			page 21


 1137 07c7 07       		.uleb128 0x7
 1138 07c8 72313100 		.ascii	"r11\000"
 1139 07cc 09       		.byte	0x9
 1140 07cd 1701     		.2byte	0x117
 1141 07cf 37070000 		.4byte	0x737
 1142 07d3 1C       		.byte	0x1c
 1143 07d4 07       		.uleb128 0x7
 1144 07d5 6C7200   		.ascii	"lr\000"
 1145 07d8 09       		.byte	0x9
 1146 07d9 1801     		.2byte	0x118
 1147 07db 37070000 		.4byte	0x737
 1148 07df 20       		.byte	0x20
 1149 07e0 00       		.byte	0
 1150 07e1 09       		.uleb128 0x9
 1151 07e2 04       		.byte	0x4
 1152 07e3 66070000 		.4byte	0x766
 1153 07e7 1A       		.uleb128 0x1a
 1154 07e8 04       		.byte	0x4
 1155 07e9 0A       		.byte	0xa
 1156 07ea 38       		.byte	0x38
 1157 07eb FC070000 		.4byte	0x7fc
 1158 07ef 06       		.uleb128 0x6
 1159 07f0 EB050000 		.4byte	.LASF114
 1160 07f4 0A       		.byte	0xa
 1161 07f5 3C       		.byte	0x3c
 1162 07f6 C3000000 		.4byte	0xc3
 1163 07fa 00       		.byte	0
 1164 07fb 00       		.byte	0
 1165 07fc 04       		.uleb128 0x4
 1166 07fd 34030000 		.4byte	.LASF115
 1167 0801 0A       		.byte	0xa
 1168 0802 3D       		.byte	0x3d
 1169 0803 E7070000 		.4byte	0x7e7
 1170 0807 1B       		.uleb128 0x1b
 1171 0808 04       		.byte	0x4
 1172 0809 06       		.byte	0x6
 1173 080a FA       		.byte	0xfa
 1174 080b 64080000 		.4byte	0x864
 1175 080f 1C       		.uleb128 0x1c
 1176 0810 18000000 		.4byte	.LASF116
 1177 0814 06       		.byte	0x6
 1178 0815 0101     		.2byte	0x101
 1179 0817 05010000 		.4byte	0x105
 1180 081b 1C       		.uleb128 0x1c
 1181 081c 68000000 		.4byte	.LASF117
 1182 0820 06       		.byte	0x6
 1183 0821 0801     		.2byte	0x108
 1184 0823 05010000 		.4byte	0x105
 1185 0827 1C       		.uleb128 0x1c
 1186 0828 00010000 		.4byte	.LASF118
 1187 082c 06       		.byte	0x6
 1188 082d 0F01     		.2byte	0x10f
 1189 082f 1D030000 		.4byte	0x31d
 1190 0833 1C       		.uleb128 0x1c
 1191 0834 12000000 		.4byte	.LASF119
 1192 0838 06       		.byte	0x6
 1193 0839 1601     		.2byte	0x116
ARM GAS  /tmp/ccknbyLu.s 			page 22


 1194 083b 64080000 		.4byte	0x864
 1195 083f 1C       		.uleb128 0x1c
 1196 0840 37020000 		.4byte	.LASF120
 1197 0844 06       		.byte	0x6
 1198 0845 1E01     		.2byte	0x11e
 1199 0847 8F080000 		.4byte	0x88f
 1200 084b 1C       		.uleb128 0x1c
 1201 084c 5D050000 		.4byte	.LASF121
 1202 0850 06       		.byte	0x6
 1203 0851 2701     		.2byte	0x127
 1204 0853 C6080000 		.4byte	0x8c6
 1205 0857 1C       		.uleb128 0x1c
 1206 0858 F8040000 		.4byte	.LASF122
 1207 085c 06       		.byte	0x6
 1208 085d 2F01     		.2byte	0x12f
 1209 085f 10010000 		.4byte	0x110
 1210 0863 00       		.byte	0
 1211 0864 09       		.uleb128 0x9
 1212 0865 04       		.byte	0x4
 1213 0866 35020000 		.4byte	0x235
 1214 086a 05       		.uleb128 0x5
 1215 086b 28050000 		.4byte	.LASF123
 1216 086f 0C       		.byte	0xc
 1217 0870 0B       		.byte	0xb
 1218 0871 34       		.byte	0x34
 1219 0872 8F080000 		.4byte	0x88f
 1220 0876 06       		.uleb128 0x6
 1221 0877 35010000 		.4byte	.LASF124
 1222 087b 0B       		.byte	0xb
 1223 087c 35       		.byte	0x35
 1224 087d 6A020000 		.4byte	0x26a
 1225 0881 00       		.byte	0
 1226 0882 06       		.uleb128 0x6
 1227 0883 63020000 		.4byte	.LASF125
 1228 0887 0B       		.byte	0xb
 1229 0888 37       		.byte	0x37
 1230 0889 1B010000 		.4byte	0x11b
 1231 088d 08       		.byte	0x8
 1232 088e 00       		.byte	0
 1233 088f 09       		.uleb128 0x9
 1234 0890 04       		.byte	0x4
 1235 0891 6A080000 		.4byte	0x86a
 1236 0895 05       		.uleb128 0x5
 1237 0896 53060000 		.4byte	.LASF126
 1238 089a 10       		.byte	0x10
 1239 089b 0C       		.byte	0xc
 1240 089c 39       		.byte	0x39
 1241 089d C6080000 		.4byte	0x8c6
 1242 08a1 06       		.uleb128 0x6
 1243 08a2 E7000000 		.4byte	.LASF127
 1244 08a6 0C       		.byte	0xc
 1245 08a7 3A       		.byte	0x3a
 1246 08a8 6A020000 		.4byte	0x26a
 1247 08ac 00       		.byte	0
 1248 08ad 06       		.uleb128 0x6
 1249 08ae B8060000 		.4byte	.LASF128
 1250 08b2 0C       		.byte	0xc
ARM GAS  /tmp/ccknbyLu.s 			page 23


 1251 08b3 3C       		.byte	0x3c
 1252 08b4 40020000 		.4byte	0x240
 1253 08b8 08       		.byte	0x8
 1254 08b9 06       		.uleb128 0x6
 1255 08ba B1050000 		.4byte	.LASF129
 1256 08be 0C       		.byte	0xc
 1257 08bf 3E       		.byte	0x3e
 1258 08c0 F7080000 		.4byte	0x8f7
 1259 08c4 0C       		.byte	0xc
 1260 08c5 00       		.byte	0
 1261 08c6 09       		.uleb128 0x9
 1262 08c7 04       		.byte	0x4
 1263 08c8 95080000 		.4byte	0x895
 1264 08cc 09       		.uleb128 0x9
 1265 08cd 04       		.byte	0x4
 1266 08ce 1F030000 		.4byte	0x31f
 1267 08d2 14       		.uleb128 0x14
 1268 08d3 26010000 		.4byte	0x126
 1269 08d7 14       		.uleb128 0x14
 1270 08d8 2C070000 		.4byte	0x72c
 1271 08dc 12       		.uleb128 0x12
 1272 08dd 42070000 		.4byte	0x742
 1273 08e1 EC080000 		.4byte	0x8ec
 1274 08e5 13       		.uleb128 0x13
 1275 08e6 1F050000 		.4byte	0x51f
 1276 08ea 1A       		.byte	0x1a
 1277 08eb 00       		.byte	0
 1278 08ec 04       		.uleb128 0x4
 1279 08ed FB010000 		.4byte	.LASF130
 1280 08f1 0C       		.byte	0xc
 1281 08f2 34       		.byte	0x34
 1282 08f3 95080000 		.4byte	0x895
 1283 08f7 09       		.uleb128 0x9
 1284 08f8 04       		.byte	0x4
 1285 08f9 EC080000 		.4byte	0x8ec
 1286 08fd 03       		.uleb128 0x3
 1287 08fe 01       		.byte	0x1
 1288 08ff 02       		.byte	0x2
 1289 0900 BD030000 		.4byte	.LASF131
 1290 0904 1D       		.uleb128 0x1d
 1291 0905 AF000000 		.4byte	.LASF133
 1292 0909 01       		.byte	0x1
 1293 090a 39       		.byte	0x39
 1294 090b 00000000 		.4byte	.LFB269
 1295 090f 50000000 		.4byte	.LFE269-.LFB269
 1296 0913 01       		.uleb128 0x1
 1297 0914 9C       		.byte	0x9c
 1298 0915 34090000 		.4byte	0x934
 1299 0919 1E       		.uleb128 0x1e
 1300 091a 6E00     		.ascii	"n\000"
 1301 091c 01       		.byte	0x1
 1302 091d 39       		.byte	0x39
 1303 091e AD000000 		.4byte	0xad
 1304 0922 02       		.uleb128 0x2
 1305 0923 91       		.byte	0x91
 1306 0924 7C       		.sleb128 -4
 1307 0925 1F       		.uleb128 0x1f
ARM GAS  /tmp/ccknbyLu.s 			page 24


 1308 0926 4A030000 		.4byte	.LASF132
 1309 092a 01       		.byte	0x1
 1310 092b 39       		.byte	0x39
 1311 092c AD000000 		.4byte	0xad
 1312 0930 02       		.uleb128 0x2
 1313 0931 91       		.byte	0x91
 1314 0932 78       		.sleb128 -8
 1315 0933 00       		.byte	0
 1316 0934 1D       		.uleb128 0x1d
 1317 0935 25020000 		.4byte	.LASF134
 1318 0939 01       		.byte	0x1
 1319 093a 4A       		.byte	0x4a
 1320 093b 50000000 		.4byte	.LFB270
 1321 093f 34000000 		.4byte	.LFE270-.LFB270
 1322 0943 01       		.uleb128 0x1
 1323 0944 9C       		.byte	0x9c
 1324 0945 56090000 		.4byte	0x956
 1325 0949 1E       		.uleb128 0x1e
 1326 094a 6E00     		.ascii	"n\000"
 1327 094c 01       		.byte	0x1
 1328 094d 4A       		.byte	0x4a
 1329 094e AD000000 		.4byte	0xad
 1330 0952 02       		.uleb128 0x2
 1331 0953 91       		.byte	0x91
 1332 0954 7C       		.sleb128 -4
 1333 0955 00       		.byte	0
 1334 0956 1D       		.uleb128 0x1d
 1335 0957 D4040000 		.4byte	.LASF135
 1336 095b 01       		.byte	0x1
 1337 095c 5A       		.byte	0x5a
 1338 095d 90000000 		.4byte	.LFB271
 1339 0961 20000000 		.4byte	.LFE271-.LFB271
 1340 0965 01       		.uleb128 0x1
 1341 0966 9C       		.byte	0x9c
 1342 0967 91090000 		.4byte	0x991
 1343 096b 1F       		.uleb128 0x1f
 1344 096c 06050000 		.4byte	.LASF136
 1345 0970 01       		.byte	0x1
 1346 0971 5A       		.byte	0x5a
 1347 0972 AD000000 		.4byte	0xad
 1348 0976 02       		.uleb128 0x2
 1349 0977 91       		.byte	0x91
 1350 0978 7C       		.sleb128 -4
 1351 0979 1F       		.uleb128 0x1f
 1352 097a 4A030000 		.4byte	.LASF132
 1353 097e 01       		.byte	0x1
 1354 097f 5A       		.byte	0x5a
 1355 0980 AD000000 		.4byte	0xad
 1356 0984 02       		.uleb128 0x2
 1357 0985 91       		.byte	0x91
 1358 0986 78       		.sleb128 -8
 1359 0987 20       		.uleb128 0x20
 1360 0988 0E050000 		.4byte	.LASF142
 1361 098c A1090000 		.4byte	0x9a1
 1362 0990 00       		.byte	0
 1363 0991 12       		.uleb128 0x12
 1364 0992 25070000 		.4byte	0x725
ARM GAS  /tmp/ccknbyLu.s 			page 25


 1365 0996 A1090000 		.4byte	0x9a1
 1366 099a 13       		.uleb128 0x13
 1367 099b 1F050000 		.4byte	0x51f
 1368 099f 1C       		.byte	0x1c
 1369 09a0 00       		.byte	0
 1370 09a1 18       		.uleb128 0x18
 1371 09a2 91090000 		.4byte	0x991
 1372 09a6 1D       		.uleb128 0x1d
 1373 09a7 EF000000 		.4byte	.LASF137
 1374 09ab 01       		.byte	0x1
 1375 09ac 6D       		.byte	0x6d
 1376 09ad B0000000 		.4byte	.LFB272
 1377 09b1 24000000 		.4byte	.LFE272-.LFB272
 1378 09b5 01       		.uleb128 0x1
 1379 09b6 9C       		.byte	0x9c
 1380 09b7 C8090000 		.4byte	0x9c8
 1381 09bb 1E       		.uleb128 0x1e
 1382 09bc 6E00     		.ascii	"n\000"
 1383 09be 01       		.byte	0x1
 1384 09bf 6D       		.byte	0x6d
 1385 09c0 AD000000 		.4byte	0xad
 1386 09c4 02       		.uleb128 0x2
 1387 09c5 91       		.byte	0x91
 1388 09c6 7C       		.sleb128 -4
 1389 09c7 00       		.byte	0
 1390 09c8 21       		.uleb128 0x21
 1391 09c9 DF030000 		.4byte	.LASF138
 1392 09cd 07       		.byte	0x7
 1393 09ce FA06     		.2byte	0x6fa
 1394 09d0 D4090000 		.4byte	0x9d4
 1395 09d4 14       		.uleb128 0x14
 1396 09d5 A2000000 		.4byte	0xa2
 1397 09d9 22       		.uleb128 0x22
 1398 09da 636800   		.ascii	"ch\000"
 1399 09dd 06       		.byte	0x6
 1400 09de 0902     		.2byte	0x209
 1401 09e0 EC030000 		.4byte	0x3ec
 1402 09e4 00       		.byte	0
 1403              		.section	.debug_abbrev,"",%progbits
 1404              	.Ldebug_abbrev0:
 1405 0000 01       		.uleb128 0x1
 1406 0001 11       		.uleb128 0x11
 1407 0002 01       		.byte	0x1
 1408 0003 25       		.uleb128 0x25
 1409 0004 0E       		.uleb128 0xe
 1410 0005 13       		.uleb128 0x13
 1411 0006 0B       		.uleb128 0xb
 1412 0007 03       		.uleb128 0x3
 1413 0008 0E       		.uleb128 0xe
 1414 0009 1B       		.uleb128 0x1b
 1415 000a 0E       		.uleb128 0xe
 1416 000b 11       		.uleb128 0x11
 1417 000c 01       		.uleb128 0x1
 1418 000d 12       		.uleb128 0x12
 1419 000e 06       		.uleb128 0x6
 1420 000f 10       		.uleb128 0x10
 1421 0010 17       		.uleb128 0x17
ARM GAS  /tmp/ccknbyLu.s 			page 26


 1422 0011 00       		.byte	0
 1423 0012 00       		.byte	0
 1424 0013 02       		.uleb128 0x2
 1425 0014 24       		.uleb128 0x24
 1426 0015 00       		.byte	0
 1427 0016 0B       		.uleb128 0xb
 1428 0017 0B       		.uleb128 0xb
 1429 0018 3E       		.uleb128 0x3e
 1430 0019 0B       		.uleb128 0xb
 1431 001a 03       		.uleb128 0x3
 1432 001b 08       		.uleb128 0x8
 1433 001c 00       		.byte	0
 1434 001d 00       		.byte	0
 1435 001e 03       		.uleb128 0x3
 1436 001f 24       		.uleb128 0x24
 1437 0020 00       		.byte	0
 1438 0021 0B       		.uleb128 0xb
 1439 0022 0B       		.uleb128 0xb
 1440 0023 3E       		.uleb128 0x3e
 1441 0024 0B       		.uleb128 0xb
 1442 0025 03       		.uleb128 0x3
 1443 0026 0E       		.uleb128 0xe
 1444 0027 00       		.byte	0
 1445 0028 00       		.byte	0
 1446 0029 04       		.uleb128 0x4
 1447 002a 16       		.uleb128 0x16
 1448 002b 00       		.byte	0
 1449 002c 03       		.uleb128 0x3
 1450 002d 0E       		.uleb128 0xe
 1451 002e 3A       		.uleb128 0x3a
 1452 002f 0B       		.uleb128 0xb
 1453 0030 3B       		.uleb128 0x3b
 1454 0031 0B       		.uleb128 0xb
 1455 0032 49       		.uleb128 0x49
 1456 0033 13       		.uleb128 0x13
 1457 0034 00       		.byte	0
 1458 0035 00       		.byte	0
 1459 0036 05       		.uleb128 0x5
 1460 0037 13       		.uleb128 0x13
 1461 0038 01       		.byte	0x1
 1462 0039 03       		.uleb128 0x3
 1463 003a 0E       		.uleb128 0xe
 1464 003b 0B       		.uleb128 0xb
 1465 003c 0B       		.uleb128 0xb
 1466 003d 3A       		.uleb128 0x3a
 1467 003e 0B       		.uleb128 0xb
 1468 003f 3B       		.uleb128 0x3b
 1469 0040 0B       		.uleb128 0xb
 1470 0041 01       		.uleb128 0x1
 1471 0042 13       		.uleb128 0x13
 1472 0043 00       		.byte	0
 1473 0044 00       		.byte	0
 1474 0045 06       		.uleb128 0x6
 1475 0046 0D       		.uleb128 0xd
 1476 0047 00       		.byte	0
 1477 0048 03       		.uleb128 0x3
 1478 0049 0E       		.uleb128 0xe
ARM GAS  /tmp/ccknbyLu.s 			page 27


 1479 004a 3A       		.uleb128 0x3a
 1480 004b 0B       		.uleb128 0xb
 1481 004c 3B       		.uleb128 0x3b
 1482 004d 0B       		.uleb128 0xb
 1483 004e 49       		.uleb128 0x49
 1484 004f 13       		.uleb128 0x13
 1485 0050 38       		.uleb128 0x38
 1486 0051 0B       		.uleb128 0xb
 1487 0052 00       		.byte	0
 1488 0053 00       		.byte	0
 1489 0054 07       		.uleb128 0x7
 1490 0055 0D       		.uleb128 0xd
 1491 0056 00       		.byte	0
 1492 0057 03       		.uleb128 0x3
 1493 0058 08       		.uleb128 0x8
 1494 0059 3A       		.uleb128 0x3a
 1495 005a 0B       		.uleb128 0xb
 1496 005b 3B       		.uleb128 0x3b
 1497 005c 05       		.uleb128 0x5
 1498 005d 49       		.uleb128 0x49
 1499 005e 13       		.uleb128 0x13
 1500 005f 38       		.uleb128 0x38
 1501 0060 0B       		.uleb128 0xb
 1502 0061 00       		.byte	0
 1503 0062 00       		.byte	0
 1504 0063 08       		.uleb128 0x8
 1505 0064 0D       		.uleb128 0xd
 1506 0065 00       		.byte	0
 1507 0066 03       		.uleb128 0x3
 1508 0067 0E       		.uleb128 0xe
 1509 0068 3A       		.uleb128 0x3a
 1510 0069 0B       		.uleb128 0xb
 1511 006a 3B       		.uleb128 0x3b
 1512 006b 05       		.uleb128 0x5
 1513 006c 49       		.uleb128 0x49
 1514 006d 13       		.uleb128 0x13
 1515 006e 38       		.uleb128 0x38
 1516 006f 0B       		.uleb128 0xb
 1517 0070 00       		.byte	0
 1518 0071 00       		.byte	0
 1519 0072 09       		.uleb128 0x9
 1520 0073 0F       		.uleb128 0xf
 1521 0074 00       		.byte	0
 1522 0075 0B       		.uleb128 0xb
 1523 0076 0B       		.uleb128 0xb
 1524 0077 49       		.uleb128 0x49
 1525 0078 13       		.uleb128 0x13
 1526 0079 00       		.byte	0
 1527 007a 00       		.byte	0
 1528 007b 0A       		.uleb128 0xa
 1529 007c 13       		.uleb128 0x13
 1530 007d 01       		.byte	0x1
 1531 007e 03       		.uleb128 0x3
 1532 007f 0E       		.uleb128 0xe
 1533 0080 0B       		.uleb128 0xb
 1534 0081 0B       		.uleb128 0xb
 1535 0082 3A       		.uleb128 0x3a
ARM GAS  /tmp/ccknbyLu.s 			page 28


 1536 0083 0B       		.uleb128 0xb
 1537 0084 3B       		.uleb128 0x3b
 1538 0085 05       		.uleb128 0x5
 1539 0086 01       		.uleb128 0x1
 1540 0087 13       		.uleb128 0x13
 1541 0088 00       		.byte	0
 1542 0089 00       		.byte	0
 1543 008a 0B       		.uleb128 0xb
 1544 008b 15       		.uleb128 0x15
 1545 008c 01       		.byte	0x1
 1546 008d 27       		.uleb128 0x27
 1547 008e 19       		.uleb128 0x19
 1548 008f 01       		.uleb128 0x1
 1549 0090 13       		.uleb128 0x13
 1550 0091 00       		.byte	0
 1551 0092 00       		.byte	0
 1552 0093 0C       		.uleb128 0xc
 1553 0094 05       		.uleb128 0x5
 1554 0095 00       		.byte	0
 1555 0096 49       		.uleb128 0x49
 1556 0097 13       		.uleb128 0x13
 1557 0098 00       		.byte	0
 1558 0099 00       		.byte	0
 1559 009a 0D       		.uleb128 0xd
 1560 009b 0F       		.uleb128 0xf
 1561 009c 00       		.byte	0
 1562 009d 0B       		.uleb128 0xb
 1563 009e 0B       		.uleb128 0xb
 1564 009f 00       		.byte	0
 1565 00a0 00       		.byte	0
 1566 00a1 0E       		.uleb128 0xe
 1567 00a2 13       		.uleb128 0x13
 1568 00a3 01       		.byte	0x1
 1569 00a4 03       		.uleb128 0x3
 1570 00a5 0E       		.uleb128 0xe
 1571 00a6 0B       		.uleb128 0xb
 1572 00a7 05       		.uleb128 0x5
 1573 00a8 3A       		.uleb128 0x3a
 1574 00a9 0B       		.uleb128 0xb
 1575 00aa 3B       		.uleb128 0x3b
 1576 00ab 05       		.uleb128 0x5
 1577 00ac 01       		.uleb128 0x1
 1578 00ad 13       		.uleb128 0x13
 1579 00ae 00       		.byte	0
 1580 00af 00       		.byte	0
 1581 00b0 0F       		.uleb128 0xf
 1582 00b1 13       		.uleb128 0x13
 1583 00b2 01       		.byte	0x1
 1584 00b3 0B       		.uleb128 0xb
 1585 00b4 05       		.uleb128 0x5
 1586 00b5 3A       		.uleb128 0x3a
 1587 00b6 0B       		.uleb128 0xb
 1588 00b7 3B       		.uleb128 0x3b
 1589 00b8 05       		.uleb128 0x5
 1590 00b9 01       		.uleb128 0x1
 1591 00ba 13       		.uleb128 0x13
 1592 00bb 00       		.byte	0
ARM GAS  /tmp/ccknbyLu.s 			page 29


 1593 00bc 00       		.byte	0
 1594 00bd 10       		.uleb128 0x10
 1595 00be 0D       		.uleb128 0xd
 1596 00bf 00       		.byte	0
 1597 00c0 03       		.uleb128 0x3
 1598 00c1 0E       		.uleb128 0xe
 1599 00c2 3A       		.uleb128 0x3a
 1600 00c3 0B       		.uleb128 0xb
 1601 00c4 3B       		.uleb128 0x3b
 1602 00c5 05       		.uleb128 0x5
 1603 00c6 49       		.uleb128 0x49
 1604 00c7 13       		.uleb128 0x13
 1605 00c8 38       		.uleb128 0x38
 1606 00c9 05       		.uleb128 0x5
 1607 00ca 00       		.byte	0
 1608 00cb 00       		.byte	0
 1609 00cc 11       		.uleb128 0x11
 1610 00cd 0D       		.uleb128 0xd
 1611 00ce 00       		.byte	0
 1612 00cf 03       		.uleb128 0x3
 1613 00d0 08       		.uleb128 0x8
 1614 00d1 3A       		.uleb128 0x3a
 1615 00d2 0B       		.uleb128 0xb
 1616 00d3 3B       		.uleb128 0x3b
 1617 00d4 05       		.uleb128 0x5
 1618 00d5 49       		.uleb128 0x49
 1619 00d6 13       		.uleb128 0x13
 1620 00d7 38       		.uleb128 0x38
 1621 00d8 05       		.uleb128 0x5
 1622 00d9 00       		.byte	0
 1623 00da 00       		.byte	0
 1624 00db 12       		.uleb128 0x12
 1625 00dc 01       		.uleb128 0x1
 1626 00dd 01       		.byte	0x1
 1627 00de 49       		.uleb128 0x49
 1628 00df 13       		.uleb128 0x13
 1629 00e0 01       		.uleb128 0x1
 1630 00e1 13       		.uleb128 0x13
 1631 00e2 00       		.byte	0
 1632 00e3 00       		.byte	0
 1633 00e4 13       		.uleb128 0x13
 1634 00e5 21       		.uleb128 0x21
 1635 00e6 00       		.byte	0
 1636 00e7 49       		.uleb128 0x49
 1637 00e8 13       		.uleb128 0x13
 1638 00e9 2F       		.uleb128 0x2f
 1639 00ea 0B       		.uleb128 0xb
 1640 00eb 00       		.byte	0
 1641 00ec 00       		.byte	0
 1642 00ed 14       		.uleb128 0x14
 1643 00ee 35       		.uleb128 0x35
 1644 00ef 00       		.byte	0
 1645 00f0 49       		.uleb128 0x49
 1646 00f1 13       		.uleb128 0x13
 1647 00f2 00       		.byte	0
 1648 00f3 00       		.byte	0
 1649 00f4 15       		.uleb128 0x15
ARM GAS  /tmp/ccknbyLu.s 			page 30


 1650 00f5 21       		.uleb128 0x21
 1651 00f6 00       		.byte	0
 1652 00f7 49       		.uleb128 0x49
 1653 00f8 13       		.uleb128 0x13
 1654 00f9 2F       		.uleb128 0x2f
 1655 00fa 05       		.uleb128 0x5
 1656 00fb 00       		.byte	0
 1657 00fc 00       		.byte	0
 1658 00fd 16       		.uleb128 0x16
 1659 00fe 16       		.uleb128 0x16
 1660 00ff 00       		.byte	0
 1661 0100 03       		.uleb128 0x3
 1662 0101 0E       		.uleb128 0xe
 1663 0102 3A       		.uleb128 0x3a
 1664 0103 0B       		.uleb128 0xb
 1665 0104 3B       		.uleb128 0x3b
 1666 0105 05       		.uleb128 0x5
 1667 0106 49       		.uleb128 0x49
 1668 0107 13       		.uleb128 0x13
 1669 0108 00       		.byte	0
 1670 0109 00       		.byte	0
 1671 010a 17       		.uleb128 0x17
 1672 010b 13       		.uleb128 0x13
 1673 010c 01       		.byte	0x1
 1674 010d 0B       		.uleb128 0xb
 1675 010e 0B       		.uleb128 0xb
 1676 010f 3A       		.uleb128 0x3a
 1677 0110 0B       		.uleb128 0xb
 1678 0111 3B       		.uleb128 0x3b
 1679 0112 05       		.uleb128 0x5
 1680 0113 01       		.uleb128 0x1
 1681 0114 13       		.uleb128 0x13
 1682 0115 00       		.byte	0
 1683 0116 00       		.byte	0
 1684 0117 18       		.uleb128 0x18
 1685 0118 26       		.uleb128 0x26
 1686 0119 00       		.byte	0
 1687 011a 49       		.uleb128 0x49
 1688 011b 13       		.uleb128 0x13
 1689 011c 00       		.byte	0
 1690 011d 00       		.byte	0
 1691 011e 19       		.uleb128 0x19
 1692 011f 0D       		.uleb128 0xd
 1693 0120 00       		.byte	0
 1694 0121 03       		.uleb128 0x3
 1695 0122 08       		.uleb128 0x8
 1696 0123 3A       		.uleb128 0x3a
 1697 0124 0B       		.uleb128 0xb
 1698 0125 3B       		.uleb128 0x3b
 1699 0126 0B       		.uleb128 0xb
 1700 0127 49       		.uleb128 0x49
 1701 0128 13       		.uleb128 0x13
 1702 0129 38       		.uleb128 0x38
 1703 012a 0B       		.uleb128 0xb
 1704 012b 00       		.byte	0
 1705 012c 00       		.byte	0
 1706 012d 1A       		.uleb128 0x1a
ARM GAS  /tmp/ccknbyLu.s 			page 31


 1707 012e 13       		.uleb128 0x13
 1708 012f 01       		.byte	0x1
 1709 0130 0B       		.uleb128 0xb
 1710 0131 0B       		.uleb128 0xb
 1711 0132 3A       		.uleb128 0x3a
 1712 0133 0B       		.uleb128 0xb
 1713 0134 3B       		.uleb128 0x3b
 1714 0135 0B       		.uleb128 0xb
 1715 0136 01       		.uleb128 0x1
 1716 0137 13       		.uleb128 0x13
 1717 0138 00       		.byte	0
 1718 0139 00       		.byte	0
 1719 013a 1B       		.uleb128 0x1b
 1720 013b 17       		.uleb128 0x17
 1721 013c 01       		.byte	0x1
 1722 013d 0B       		.uleb128 0xb
 1723 013e 0B       		.uleb128 0xb
 1724 013f 3A       		.uleb128 0x3a
 1725 0140 0B       		.uleb128 0xb
 1726 0141 3B       		.uleb128 0x3b
 1727 0142 0B       		.uleb128 0xb
 1728 0143 01       		.uleb128 0x1
 1729 0144 13       		.uleb128 0x13
 1730 0145 00       		.byte	0
 1731 0146 00       		.byte	0
 1732 0147 1C       		.uleb128 0x1c
 1733 0148 0D       		.uleb128 0xd
 1734 0149 00       		.byte	0
 1735 014a 03       		.uleb128 0x3
 1736 014b 0E       		.uleb128 0xe
 1737 014c 3A       		.uleb128 0x3a
 1738 014d 0B       		.uleb128 0xb
 1739 014e 3B       		.uleb128 0x3b
 1740 014f 05       		.uleb128 0x5
 1741 0150 49       		.uleb128 0x49
 1742 0151 13       		.uleb128 0x13
 1743 0152 00       		.byte	0
 1744 0153 00       		.byte	0
 1745 0154 1D       		.uleb128 0x1d
 1746 0155 2E       		.uleb128 0x2e
 1747 0156 01       		.byte	0x1
 1748 0157 3F       		.uleb128 0x3f
 1749 0158 19       		.uleb128 0x19
 1750 0159 03       		.uleb128 0x3
 1751 015a 0E       		.uleb128 0xe
 1752 015b 3A       		.uleb128 0x3a
 1753 015c 0B       		.uleb128 0xb
 1754 015d 3B       		.uleb128 0x3b
 1755 015e 0B       		.uleb128 0xb
 1756 015f 27       		.uleb128 0x27
 1757 0160 19       		.uleb128 0x19
 1758 0161 11       		.uleb128 0x11
 1759 0162 01       		.uleb128 0x1
 1760 0163 12       		.uleb128 0x12
 1761 0164 06       		.uleb128 0x6
 1762 0165 40       		.uleb128 0x40
 1763 0166 18       		.uleb128 0x18
ARM GAS  /tmp/ccknbyLu.s 			page 32


 1764 0167 9742     		.uleb128 0x2117
 1765 0169 19       		.uleb128 0x19
 1766 016a 01       		.uleb128 0x1
 1767 016b 13       		.uleb128 0x13
 1768 016c 00       		.byte	0
 1769 016d 00       		.byte	0
 1770 016e 1E       		.uleb128 0x1e
 1771 016f 05       		.uleb128 0x5
 1772 0170 00       		.byte	0
 1773 0171 03       		.uleb128 0x3
 1774 0172 08       		.uleb128 0x8
 1775 0173 3A       		.uleb128 0x3a
 1776 0174 0B       		.uleb128 0xb
 1777 0175 3B       		.uleb128 0x3b
 1778 0176 0B       		.uleb128 0xb
 1779 0177 49       		.uleb128 0x49
 1780 0178 13       		.uleb128 0x13
 1781 0179 02       		.uleb128 0x2
 1782 017a 18       		.uleb128 0x18
 1783 017b 00       		.byte	0
 1784 017c 00       		.byte	0
 1785 017d 1F       		.uleb128 0x1f
 1786 017e 05       		.uleb128 0x5
 1787 017f 00       		.byte	0
 1788 0180 03       		.uleb128 0x3
 1789 0181 0E       		.uleb128 0xe
 1790 0182 3A       		.uleb128 0x3a
 1791 0183 0B       		.uleb128 0xb
 1792 0184 3B       		.uleb128 0x3b
 1793 0185 0B       		.uleb128 0xb
 1794 0186 49       		.uleb128 0x49
 1795 0187 13       		.uleb128 0x13
 1796 0188 02       		.uleb128 0x2
 1797 0189 18       		.uleb128 0x18
 1798 018a 00       		.byte	0
 1799 018b 00       		.byte	0
 1800 018c 20       		.uleb128 0x20
 1801 018d 34       		.uleb128 0x34
 1802 018e 00       		.byte	0
 1803 018f 03       		.uleb128 0x3
 1804 0190 0E       		.uleb128 0xe
 1805 0191 49       		.uleb128 0x49
 1806 0192 13       		.uleb128 0x13
 1807 0193 34       		.uleb128 0x34
 1808 0194 19       		.uleb128 0x19
 1809 0195 00       		.byte	0
 1810 0196 00       		.byte	0
 1811 0197 21       		.uleb128 0x21
 1812 0198 34       		.uleb128 0x34
 1813 0199 00       		.byte	0
 1814 019a 03       		.uleb128 0x3
 1815 019b 0E       		.uleb128 0xe
 1816 019c 3A       		.uleb128 0x3a
 1817 019d 0B       		.uleb128 0xb
 1818 019e 3B       		.uleb128 0x3b
 1819 019f 05       		.uleb128 0x5
 1820 01a0 49       		.uleb128 0x49
ARM GAS  /tmp/ccknbyLu.s 			page 33


 1821 01a1 13       		.uleb128 0x13
 1822 01a2 3F       		.uleb128 0x3f
 1823 01a3 19       		.uleb128 0x19
 1824 01a4 3C       		.uleb128 0x3c
 1825 01a5 19       		.uleb128 0x19
 1826 01a6 00       		.byte	0
 1827 01a7 00       		.byte	0
 1828 01a8 22       		.uleb128 0x22
 1829 01a9 34       		.uleb128 0x34
 1830 01aa 00       		.byte	0
 1831 01ab 03       		.uleb128 0x3
 1832 01ac 08       		.uleb128 0x8
 1833 01ad 3A       		.uleb128 0x3a
 1834 01ae 0B       		.uleb128 0xb
 1835 01af 3B       		.uleb128 0x3b
 1836 01b0 05       		.uleb128 0x5
 1837 01b1 49       		.uleb128 0x49
 1838 01b2 13       		.uleb128 0x13
 1839 01b3 3F       		.uleb128 0x3f
 1840 01b4 19       		.uleb128 0x19
 1841 01b5 3C       		.uleb128 0x3c
 1842 01b6 19       		.uleb128 0x19
 1843 01b7 00       		.byte	0
 1844 01b8 00       		.byte	0
 1845 01b9 00       		.byte	0
 1846              		.section	.debug_aranges,"",%progbits
 1847 0000 1C000000 		.4byte	0x1c
 1848 0004 0200     		.2byte	0x2
 1849 0006 00000000 		.4byte	.Ldebug_info0
 1850 000a 04       		.byte	0x4
 1851 000b 00       		.byte	0
 1852 000c 0000     		.2byte	0
 1853 000e 0000     		.2byte	0
 1854 0010 00000000 		.4byte	.Ltext0
 1855 0014 D4000000 		.4byte	.Letext0-.Ltext0
 1856 0018 00000000 		.4byte	0
 1857 001c 00000000 		.4byte	0
 1858              		.section	.debug_line,"",%progbits
 1859              	.Ldebug_line0:
 1860 0000 A5020000 		.section	.debug_str,"MS",%progbits,1
 1860      02008002 
 1860      00000201 
 1860      FB0E0D00 
 1860      01010101 
 1861              	.LASF86:
 1862 0000 49435052 		.ascii	"ICPR\000"
 1862      00
 1863              	.LASF52:
 1864 0005 72656164 		.ascii	"ready_list_t\000"
 1864      795F6C69 
 1864      73745F74 
 1864      00
 1865              	.LASF119:
 1866 0012 77747472 		.ascii	"wttrp\000"
 1866      7000
 1867              	.LASF116:
 1868 0018 7264796D 		.ascii	"rdymsg\000"
ARM GAS  /tmp/ccknbyLu.s 			page 34


 1868      736700
 1869              	.LASF16:
 1870 001f 75696E74 		.ascii	"uint64_t\000"
 1870      36345F74 
 1870      00
 1871              	.LASF24:
 1872 0028 6576656E 		.ascii	"eventmask_t\000"
 1872      746D6173 
 1872      6B5F7400 
 1873              	.LASF5:
 1874 0034 5F5F7569 		.ascii	"__uint8_t\000"
 1874      6E74385F 
 1874      7400
 1875              	.LASF113:
 1876 003e 706F7274 		.ascii	"port_intctx\000"
 1876      5F696E74 
 1876      63747800 
 1877              	.LASF77:
 1878 004a 76746C69 		.ascii	"vtlist\000"
 1878      737400
 1879              	.LASF12:
 1880 0051 6C6F6E67 		.ascii	"long long unsigned int\000"
 1880      206C6F6E 
 1880      6720756E 
 1880      7369676E 
 1880      65642069 
 1881              	.LASF117:
 1882 0068 65786974 		.ascii	"exitcode\000"
 1882      636F6465 
 1882      00
 1883              	.LASF78:
 1884 0071 6D61696E 		.ascii	"mainthread\000"
 1884      74687265 
 1884      616400
 1885              	.LASF68:
 1886 007c 76697274 		.ascii	"virtual_timers_list_t\000"
 1886      75616C5F 
 1886      74696D65 
 1886      72735F6C 
 1886      6973745F 
 1887              	.LASF84:
 1888 0092 49535052 		.ascii	"ISPR\000"
 1888      00
 1889              	.LASF51:
 1890 0097 63685F74 		.ascii	"ch_threads_queue\000"
 1890      68726561 
 1890      64735F71 
 1890      75657565 
 1890      00
 1891              	.LASF30:
 1892 00a8 705F7072 		.ascii	"p_prio\000"
 1892      696F00
 1893              	.LASF133:
 1894 00af 6E766963 		.ascii	"nvicEnableVector\000"
 1894      456E6162 
 1894      6C655665 
 1894      63746F72 
ARM GAS  /tmp/ccknbyLu.s 			page 35


 1894      00
 1895              	.LASF106:
 1896 00c0 49534152 		.ascii	"ISAR\000"
 1896      00
 1897              	.LASF10:
 1898 00c5 6C6F6E67 		.ascii	"long long int\000"
 1898      206C6F6E 
 1898      6720696E 
 1898      7400
 1899              	.LASF1:
 1900 00d3 7369676E 		.ascii	"signed char\000"
 1900      65642063 
 1900      68617200 
 1901              	.LASF45:
 1902 00df 705F6D70 		.ascii	"p_mpool\000"
 1902      6F6F6C00 
 1903              	.LASF127:
 1904 00e7 6D5F7175 		.ascii	"m_queue\000"
 1904      65756500 
 1905              	.LASF137:
 1906 00ef 6E766963 		.ascii	"nvicClearPending\000"
 1906      436C6561 
 1906      7250656E 
 1906      64696E67 
 1906      00
 1907              	.LASF118:
 1908 0100 77746F62 		.ascii	"wtobjp\000"
 1908      6A7000
 1909              	.LASF21:
 1910 0107 74736C69 		.ascii	"tslices_t\000"
 1910      6365735F 
 1910      7400
 1911              	.LASF75:
 1912 0111 63685F73 		.ascii	"ch_system\000"
 1912      79737465 
 1912      6D00
 1913              	.LASF7:
 1914 011b 6C6F6E67 		.ascii	"long int\000"
 1914      20696E74 
 1914      00
 1915              	.LASF19:
 1916 0124 74737461 		.ascii	"tstate_t\000"
 1916      74655F74 
 1916      00
 1917              	.LASF32:
 1918 012d 705F6E65 		.ascii	"p_newer\000"
 1918      77657200 
 1919              	.LASF124:
 1920 0135 735F7175 		.ascii	"s_queue\000"
 1920      65756500 
 1921              	.LASF103:
 1922 013d 42464152 		.ascii	"BFAR\000"
 1922      00
 1923              	.LASF104:
 1924 0142 41465352 		.ascii	"AFSR\000"
 1924      00
 1925              	.LASF57:
ARM GAS  /tmp/ccknbyLu.s 			page 36


 1926 0147 725F6E65 		.ascii	"r_newer\000"
 1926      77657200 
 1927              	.LASF110:
 1928 014f 72656761 		.ascii	"regarm_t\000"
 1928      726D5F74 
 1928      00
 1929              	.LASF64:
 1930 0158 76745F70 		.ascii	"vt_prev\000"
 1930      72657600 
 1931              	.LASF141:
 1932 0160 2F752F65 		.ascii	"/u/elawton2/p442-submissions/sensortile/reference/b"
 1932      6C617774 
 1932      6F6E322F 
 1932      70343432 
 1932      2D737562 
 1933 0193 6C75656D 		.ascii	"luemicrosystem2/BlueMicrosystem2_V2.2.0/Projects/Mu"
 1933      6963726F 
 1933      73797374 
 1933      656D322F 
 1933      426C7565 
 1934 01c6 6C74692F 		.ascii	"lti/Applications/BlueMicrosystem2/bluechibi\000"
 1934      4170706C 
 1934      69636174 
 1934      696F6E73 
 1934      2F426C75 
 1935              	.LASF108:
 1936 01f2 5343425F 		.ascii	"SCB_Type\000"
 1936      54797065 
 1936      00
 1937              	.LASF130:
 1938 01fb 6D757465 		.ascii	"mutex_t\000"
 1938      785F7400 
 1939              	.LASF79:
 1940 0203 69646C65 		.ascii	"idle_thread_wa\000"
 1940      5F746872 
 1940      6561645F 
 1940      776100
 1941              	.LASF25:
 1942 0212 636E745F 		.ascii	"cnt_t\000"
 1942      7400
 1943              	.LASF0:
 1944 0218 756E7369 		.ascii	"unsigned int\000"
 1944      676E6564 
 1944      20696E74 
 1944      00
 1945              	.LASF134:
 1946 0225 6E766963 		.ascii	"nvicDisableVector\000"
 1946      44697361 
 1946      626C6556 
 1946      6563746F 
 1946      7200
 1947              	.LASF120:
 1948 0237 77747365 		.ascii	"wtsemp\000"
 1948      6D7000
 1949              	.LASF65:
 1950 023e 76745F64 		.ascii	"vt_delta\000"
 1950      656C7461 
ARM GAS  /tmp/ccknbyLu.s 			page 37


 1950      00
 1951              	.LASF71:
 1952 0247 73797374 		.ascii	"system_debug_t\000"
 1952      656D5F64 
 1952      65627567 
 1952      5F7400
 1953              	.LASF63:
 1954 0256 76745F6E 		.ascii	"vt_next\000"
 1954      65787400 
 1955              	.LASF96:
 1956 025e 56544F52 		.ascii	"VTOR\000"
 1956      00
 1957              	.LASF125:
 1958 0263 735F636E 		.ascii	"s_cnt\000"
 1958      7400
 1959              	.LASF112:
 1960 0269 636F6E74 		.ascii	"context\000"
 1960      65787400 
 1961              	.LASF48:
 1962 0271 63685F74 		.ascii	"ch_thread\000"
 1962      68726561 
 1962      6400
 1963              	.LASF95:
 1964 027b 49435352 		.ascii	"ICSR\000"
 1964      00
 1965              	.LASF23:
 1966 0280 6D73675F 		.ascii	"msg_t\000"
 1966      7400
 1967              	.LASF97:
 1968 0286 41495243 		.ascii	"AIRCR\000"
 1968      5200
 1969              	.LASF101:
 1970 028c 44465352 		.ascii	"DFSR\000"
 1970      00
 1971              	.LASF102:
 1972 0291 4D4D4641 		.ascii	"MMFAR\000"
 1972      5200
 1973              	.LASF74:
 1974 0297 63685F73 		.ascii	"ch_system_t\000"
 1974      79737465 
 1974      6D5F7400 
 1975              	.LASF18:
 1976 02a3 746D6F64 		.ascii	"tmode_t\000"
 1976      655F7400 
 1977              	.LASF53:
 1978 02ab 63685F72 		.ascii	"ch_ready_list\000"
 1978      65616479 
 1978      5F6C6973 
 1978      7400
 1979              	.LASF105:
 1980 02b9 4D4D4652 		.ascii	"MMFR\000"
 1980      00
 1981              	.LASF6:
 1982 02be 5F5F696E 		.ascii	"__int32_t\000"
 1982      7433325F 
 1982      7400
 1983              	.LASF111:
ARM GAS  /tmp/ccknbyLu.s 			page 38


 1984 02c8 73746B61 		.ascii	"stkalign_t\000"
 1984      6C69676E 
 1984      5F7400
 1985              	.LASF47:
 1986 02d3 74687265 		.ascii	"threads_list_t\000"
 1986      6164735F 
 1986      6C697374 
 1986      5F7400
 1987              	.LASF17:
 1988 02e2 7274636E 		.ascii	"rtcnt_t\000"
 1988      745F7400 
 1989              	.LASF46:
 1990 02ea 74687265 		.ascii	"thread_reference_t\000"
 1990      61645F72 
 1990      65666572 
 1990      656E6365 
 1990      5F7400
 1991              	.LASF69:
 1992 02fd 63685F76 		.ascii	"ch_virtual_timers_list\000"
 1992      69727475 
 1992      616C5F74 
 1992      696D6572 
 1992      735F6C69 
 1993              	.LASF66:
 1994 0314 76745F66 		.ascii	"vt_func\000"
 1994      756E6300 
 1995              	.LASF99:
 1996 031c 43465352 		.ascii	"CFSR\000"
 1996      00
 1997              	.LASF88:
 1998 0321 49414252 		.ascii	"IABR\000"
 1998      00
 1999              	.LASF33:
 2000 0326 705F6F6C 		.ascii	"p_older\000"
 2000      64657200 
 2001              	.LASF56:
 2002 032e 725F6374 		.ascii	"r_ctx\000"
 2002      7800
 2003              	.LASF115:
 2004 0334 746D5F63 		.ascii	"tm_calibration_t\000"
 2004      616C6962 
 2004      72617469 
 2004      6F6E5F74 
 2004      00
 2005              	.LASF82:
 2006 0345 49434552 		.ascii	"ICER\000"
 2006      00
 2007              	.LASF132:
 2008 034a 7072696F 		.ascii	"prio\000"
 2008      00
 2009              	.LASF58:
 2010 034f 725F6F6C 		.ascii	"r_older\000"
 2010      64657200 
 2011              	.LASF11:
 2012 0357 5F5F7569 		.ascii	"__uint64_t\000"
 2012      6E743634 
 2012      5F7400
ARM GAS  /tmp/ccknbyLu.s 			page 39


 2013              	.LASF94:
 2014 0362 43505549 		.ascii	"CPUID\000"
 2014      4400
 2015              	.LASF20:
 2016 0368 74726566 		.ascii	"trefs_t\000"
 2016      735F7400 
 2017              	.LASF81:
 2018 0370 52455345 		.ascii	"RESERVED0\000"
 2018      52564544 
 2018      3000
 2019              	.LASF85:
 2020 037a 52455345 		.ascii	"RESERVED2\000"
 2020      52564544 
 2020      3200
 2021              	.LASF87:
 2022 0384 52455345 		.ascii	"RESERVED3\000"
 2022      52564544 
 2022      3300
 2023              	.LASF61:
 2024 038e 76697274 		.ascii	"virtual_timer_t\000"
 2024      75616C5F 
 2024      74696D65 
 2024      725F7400 
 2025              	.LASF29:
 2026 039e 705F7072 		.ascii	"p_prev\000"
 2026      657600
 2027              	.LASF22:
 2028 03a5 74707269 		.ascii	"tprio_t\000"
 2028      6F5F7400 
 2029              	.LASF72:
 2030 03ad 63685F73 		.ascii	"ch_system_debug\000"
 2030      79737465 
 2030      6D5F6465 
 2030      62756700 
 2031              	.LASF131:
 2032 03bd 5F426F6F 		.ascii	"_Bool\000"
 2032      6C00
 2033              	.LASF14:
 2034 03c3 696E7433 		.ascii	"int32_t\000"
 2034      325F7400 
 2035              	.LASF2:
 2036 03cb 756E7369 		.ascii	"unsigned char\000"
 2036      676E6564 
 2036      20636861 
 2036      7200
 2037              	.LASF98:
 2038 03d9 53484353 		.ascii	"SHCSR\000"
 2038      5200
 2039              	.LASF138:
 2040 03df 49544D5F 		.ascii	"ITM_RxBuffer\000"
 2040      52784275 
 2040      66666572 
 2040      00
 2041              	.LASF139:
 2042 03ec 474E5520 		.ascii	"GNU C 4.8.4 20140526 (release) [ARM/embedded-4_8-br"
 2042      4320342E 
 2042      382E3420 
ARM GAS  /tmp/ccknbyLu.s 			page 40


 2042      32303134 
 2042      30353236 
 2043 041f 616E6368 		.ascii	"anch revision 211358] -mcpu=cortex-m4 -mno-thumb-in"
 2043      20726576 
 2043      6973696F 
 2043      6E203231 
 2043      31333538 
 2044 0452 74657277 		.ascii	"terwork -mthumb -ggdb -O0 -std=c99 -fomit-frame-poi"
 2044      6F726B20 
 2044      2D6D7468 
 2044      756D6220 
 2044      2D676764 
 2045 0485 6E746572 		.ascii	"nter -falign-functions=16\000"
 2045      202D6661 
 2045      6C69676E 
 2045      2D66756E 
 2045      6374696F 
 2046              	.LASF35:
 2047 049f 705F7374 		.ascii	"p_state\000"
 2047      61746500 
 2048              	.LASF43:
 2049 04a7 705F6D74 		.ascii	"p_mtxlist\000"
 2049      786C6973 
 2049      7400
 2050              	.LASF3:
 2051 04b1 73686F72 		.ascii	"short int\000"
 2051      7420696E 
 2051      7400
 2052              	.LASF80:
 2053 04bb 49534552 		.ascii	"ISER\000"
 2053      00
 2054              	.LASF93:
 2055 04c0 4E564943 		.ascii	"NVIC_Type\000"
 2055      5F547970 
 2055      6500
 2056              	.LASF38:
 2057 04ca 705F7072 		.ascii	"p_preempt\000"
 2057      65656D70 
 2057      7400
 2058              	.LASF135:
 2059 04d4 6E766963 		.ascii	"nvicSetSystemHandlerPriority\000"
 2059      53657453 
 2059      79737465 
 2059      6D48616E 
 2059      646C6572 
 2060              	.LASF55:
 2061 04f1 725F7072 		.ascii	"r_prio\000"
 2061      696F00
 2062              	.LASF122:
 2063 04f8 65776D61 		.ascii	"ewmask\000"
 2063      736B00
 2064              	.LASF28:
 2065 04ff 705F6E65 		.ascii	"p_next\000"
 2065      787400
 2066              	.LASF136:
 2067 0506 68616E64 		.ascii	"handler\000"
 2067      6C657200 
ARM GAS  /tmp/ccknbyLu.s 			page 41


 2068              	.LASF142:
 2069 050e 5F5F6675 		.ascii	"__func__\000"
 2069      6E635F5F 
 2069      00
 2070              	.LASF62:
 2071 0517 63685F76 		.ascii	"ch_virtual_timer\000"
 2071      69727475 
 2071      616C5F74 
 2071      696D6572 
 2071      00
 2072              	.LASF123:
 2073 0528 63685F73 		.ascii	"ch_semaphore\000"
 2073      656D6170 
 2073      686F7265 
 2073      00
 2074              	.LASF42:
 2075 0535 705F6570 		.ascii	"p_epending\000"
 2075      656E6469 
 2075      6E6700
 2076              	.LASF89:
 2077 0540 52455345 		.ascii	"RESERVED4\000"
 2077      52564544 
 2077      3400
 2078              	.LASF90:
 2079 054a 52455345 		.ascii	"RESERVED5\000"
 2079      52564544 
 2079      3500
 2080              	.LASF15:
 2081 0554 75696E74 		.ascii	"uint32_t\000"
 2081      33325F74 
 2081      00
 2082              	.LASF121:
 2083 055d 77746D74 		.ascii	"wtmtxp\000"
 2083      787000
 2084              	.LASF54:
 2085 0564 725F7175 		.ascii	"r_queue\000"
 2085      65756500 
 2086              	.LASF70:
 2087 056c 76745F73 		.ascii	"vt_systime\000"
 2087      79737469 
 2087      6D6500
 2088              	.LASF49:
 2089 0577 63685F74 		.ascii	"ch_threads_list\000"
 2089      68726561 
 2089      64735F6C 
 2089      69737400 
 2090              	.LASF9:
 2091 0587 6C6F6E67 		.ascii	"long unsigned int\000"
 2091      20756E73 
 2091      69676E65 
 2091      6420696E 
 2091      7400
 2092              	.LASF59:
 2093 0599 725F6375 		.ascii	"r_current\000"
 2093      7272656E 
 2093      7400
 2094              	.LASF109:
ARM GAS  /tmp/ccknbyLu.s 			page 42


 2095 05a3 63686172 		.ascii	"char\000"
 2095      00
 2096              	.LASF27:
 2097 05a8 74687265 		.ascii	"thread_t\000"
 2097      61645F74 
 2097      00
 2098              	.LASF129:
 2099 05b1 6D5F6E65 		.ascii	"m_next\000"
 2099      787400
 2100              	.LASF26:
 2101 05b8 73797374 		.ascii	"systime_t\000"
 2101      696D655F 
 2101      7400
 2102              	.LASF44:
 2103 05c2 705F7265 		.ascii	"p_realprio\000"
 2103      616C7072 
 2103      696F00
 2104              	.LASF60:
 2105 05cd 76746675 		.ascii	"vtfunc_t\000"
 2105      6E635F74 
 2105      00
 2106              	.LASF8:
 2107 05d6 5F5F7569 		.ascii	"__uint32_t\000"
 2107      6E743332 
 2107      5F7400
 2108              	.LASF73:
 2109 05e1 70616E69 		.ascii	"panic_msg\000"
 2109      635F6D73 
 2109      6700
 2110              	.LASF114:
 2111 05eb 6F666673 		.ascii	"offset\000"
 2111      657400
 2112              	.LASF4:
 2113 05f2 73686F72 		.ascii	"short unsigned int\000"
 2113      7420756E 
 2113      7369676E 
 2113      65642069 
 2113      6E7400
 2114              	.LASF40:
 2115 0605 705F6D73 		.ascii	"p_msgqueue\000"
 2115      67717565 
 2115      756500
 2116              	.LASF67:
 2117 0610 76745F70 		.ascii	"vt_par\000"
 2117      617200
 2118              	.LASF50:
 2119 0617 74687265 		.ascii	"threads_queue_t\000"
 2119      6164735F 
 2119      71756575 
 2119      655F7400 
 2120              	.LASF37:
 2121 0627 705F7265 		.ascii	"p_refs\000"
 2121      667300
 2122              	.LASF76:
 2123 062e 726C6973 		.ascii	"rlist\000"
 2123      7400
 2124              	.LASF13:
ARM GAS  /tmp/ccknbyLu.s 			page 43


 2125 0634 75696E74 		.ascii	"uint8_t\000"
 2125      385F7400 
 2126              	.LASF83:
 2127 063c 52534552 		.ascii	"RSERVED1\000"
 2127      56454431 
 2127      00
 2128              	.LASF91:
 2129 0645 53544952 		.ascii	"STIR\000"
 2129      00
 2130              	.LASF92:
 2131 064a 73697A65 		.ascii	"sizetype\000"
 2131      74797065 
 2131      00
 2132              	.LASF126:
 2133 0653 63685F6D 		.ascii	"ch_mutex\000"
 2133      75746578 
 2133      00
 2134              	.LASF34:
 2135 065c 705F6E61 		.ascii	"p_name\000"
 2135      6D6500
 2136              	.LASF140:
 2137 0663 2E2E2F2E 		.ascii	"../../../../../../ChibiOS/os/hal/ports/common/ARMCM"
 2137      2E2F2E2E 
 2137      2F2E2E2F 
 2137      2E2E2F2E 
 2137      2E2F4368 
 2138 0696 782F6E76 		.ascii	"x/nvic.c\000"
 2138      69632E63 
 2138      00
 2139              	.LASF36:
 2140 069f 705F666C 		.ascii	"p_flags\000"
 2140      61677300 
 2141              	.LASF41:
 2142 06a7 705F6D73 		.ascii	"p_msg\000"
 2142      6700
 2143              	.LASF107:
 2144 06ad 43504143 		.ascii	"CPACR\000"
 2144      5200
 2145              	.LASF100:
 2146 06b3 48465352 		.ascii	"HFSR\000"
 2146      00
 2147              	.LASF128:
 2148 06b8 6D5F6F77 		.ascii	"m_owner\000"
 2148      6E657200 
 2149              	.LASF31:
 2150 06c0 705F6374 		.ascii	"p_ctx\000"
 2150      7800
 2151              	.LASF39:
 2152 06c6 705F7761 		.ascii	"p_waiting\000"
 2152      6974696E 
 2152      6700
 2153              		.ident	"GCC: (GNU Tools for ARM Embedded Processors) 4.8.4 20140526 (release) [ARM/embedded-4_8-br
ARM GAS  /tmp/ccknbyLu.s 			page 44


DEFINED SYMBOLS
                            *ABS*:00000000 nvic.c
     /tmp/ccknbyLu.s:18     .text:00000000 $t
     /tmp/ccknbyLu.s:24     .text:00000000 nvicEnableVector
     /tmp/ccknbyLu.s:72     .text:0000004c $d
     /tmp/ccknbyLu.s:76     .text:00000050 $t
     /tmp/ccknbyLu.s:82     .text:00000050 nvicDisableVector
     /tmp/ccknbyLu.s:116    .text:00000080 $d
     /tmp/ccknbyLu.s:120    .text:00000084 $t
     /tmp/ccknbyLu.s:126    .text:00000090 nvicSetSystemHandlerPriority
     /tmp/ccknbyLu.s:154    .text:000000ac $d
     /tmp/ccknbyLu.s:158    .text:000000b0 $t
     /tmp/ccknbyLu.s:164    .text:000000b0 nvicClearPending
     /tmp/ccknbyLu.s:191    .text:000000d0 $d
                     .debug_frame:00000010 $d
     /tmp/ccknbyLu.s:207    .text:000000d4 $t

NO UNDEFINED SYMBOLS
