ARM GAS  /tmp/ccWt7KL6.s 			page 1


   1              		.syntax unified
   2              		.cpu cortex-m4
   3              		.fpu softvfp
   4              		.eabi_attribute 20, 1
   5              		.eabi_attribute 21, 1
   6              		.eabi_attribute 23, 3
   7              		.eabi_attribute 24, 1
   8              		.eabi_attribute 25, 1
   9              		.eabi_attribute 26, 1
  10              		.eabi_attribute 30, 6
  11              		.eabi_attribute 34, 1
  12              		.eabi_attribute 18, 4
  13              		.thumb
  14              		.file	"osal.c"
  15              		.text
  16              	.Ltext0:
  17              		.cfi_sections	.debug_frame
  18              		.align	2
  19              		.p2align 4,,15
  20              		.global	Osal_MemCpy
  21              		.thumb
  22              		.thumb_func
  23              		.type	Osal_MemCpy, %function
  24              	Osal_MemCpy:
  25              	.LFB263:
  26              		.file 1 "../../../../../../ChibiOS/os/hal/osal/rt/osal.c"
  27              		.loc 1 59 0
  28              		.cfi_startproc
  29              		@ args = 0, pretend = 0, frame = 16
  30              		@ frame_needed = 0, uses_anonymous_args = 0
  31 0000 00B5     		push	{lr}
  32              		.cfi_def_cfa_offset 4
  33              		.cfi_offset 14, -4
  34 0002 85B0     		sub	sp, sp, #20
  35              		.cfi_def_cfa_offset 24
  36 0004 0390     		str	r0, [sp, #12]
  37 0006 0291     		str	r1, [sp, #8]
  38 0008 0192     		str	r2, [sp, #4]
  39              		.loc 1 60 0
  40 000a 0398     		ldr	r0, [sp, #12]
  41 000c 0299     		ldr	r1, [sp, #8]
  42 000e 019A     		ldr	r2, [sp, #4]
  43 0010 FFF7FEFF 		bl	memcpy
  44 0014 0346     		mov	r3, r0
  45              		.loc 1 61 0
  46 0016 1846     		mov	r0, r3
  47 0018 05B0     		add	sp, sp, #20
  48              		@ sp needed
  49 001a 5DF804FB 		ldr	pc, [sp], #4
  50              		.cfi_endproc
  51              	.LFE263:
  52              		.size	Osal_MemCpy, .-Osal_MemCpy
  53 001e 00BF     		.align	2
  54              		.p2align 4,,15
  55              		.global	Osal_MemSet
  56              		.thumb
  57              		.thumb_func
ARM GAS  /tmp/ccWt7KL6.s 			page 2


  58              		.type	Osal_MemSet, %function
  59              	Osal_MemSet:
  60              	.LFB264:
  61              		.loc 1 71 0
  62              		.cfi_startproc
  63              		@ args = 0, pretend = 0, frame = 16
  64              		@ frame_needed = 0, uses_anonymous_args = 0
  65 0020 00B5     		push	{lr}
  66              		.cfi_def_cfa_offset 4
  67              		.cfi_offset 14, -4
  68 0022 85B0     		sub	sp, sp, #20
  69              		.cfi_def_cfa_offset 24
  70 0024 0390     		str	r0, [sp, #12]
  71 0026 0291     		str	r1, [sp, #8]
  72 0028 0192     		str	r2, [sp, #4]
  73              		.loc 1 72 0
  74 002a 0398     		ldr	r0, [sp, #12]
  75 002c 0299     		ldr	r1, [sp, #8]
  76 002e 019A     		ldr	r2, [sp, #4]
  77 0030 FFF7FEFF 		bl	memset
  78 0034 0346     		mov	r3, r0
  79              		.loc 1 73 0
  80 0036 1846     		mov	r0, r3
  81 0038 05B0     		add	sp, sp, #20
  82              		@ sp needed
  83 003a 5DF804FB 		ldr	pc, [sp], #4
  84              		.cfi_endproc
  85              	.LFE264:
  86              		.size	Osal_MemSet, .-Osal_MemSet
  87              	.Letext0:
  88              		.file 2 "/nfs/nfs5/home/research/hardware/arm2/gcc-arm-embedded/gcc-arm-none-eabi-4_8-2014q2/arm-n
  89              		.file 3 "/nfs/nfs5/home/research/hardware/arm2/gcc-arm-embedded/gcc-arm-none-eabi-4_8-2014q2/arm-n
  90              		.file 4 "../../../../../../ChibiOS/os/rt/ports/ARMCMx/compilers/GCC/chtypes.h"
  91              		.file 5 "../../../../../../ChibiOS/os/rt/include/chsystypes.h"
  92              		.file 6 "../../../../../../ChibiOS/os/rt/include/chschd.h"
  93              		.file 7 "../../../../../../ChibiOS/os/rt/ports/ARMCMx/chcore.h"
  94              		.file 8 "../../../../../../ChibiOS/os/rt/ports/ARMCMx/chcore_v7m.h"
  95              		.file 9 "../../../../../../ChibiOS/os/rt/include/chtm.h"
  96              		.file 10 "../../../../../../ChibiOS/os/rt/include/chsem.h"
  97              		.file 11 "../../../../../../ChibiOS/os/rt/include/chmtx.h"
  98              		.file 12 "../../../../../../ChibiOS/os/ext/CMSIS/include/core_cm4.h"
  99 003e 00BF     		.section	.debug_info,"",%progbits
 100              	.Ldebug_info0:
 101 0000 DA060000 		.4byte	0x6da
 102 0004 0400     		.2byte	0x4
 103 0006 00000000 		.4byte	.Ldebug_abbrev0
 104 000a 04       		.byte	0x4
 105 000b 01       		.uleb128 0x1
 106 000c 81030000 		.4byte	.LASF109
 107 0010 01       		.byte	0x1
 108 0011 A4020000 		.4byte	.LASF110
 109 0015 37010000 		.4byte	.LASF111
 110 0019 00000000 		.4byte	.Ltext0
 111 001d 3E000000 		.4byte	.Letext0-.Ltext0
 112 0021 00000000 		.4byte	.Ldebug_line0
 113 0025 02       		.uleb128 0x2
 114 0026 04       		.byte	0x4
ARM GAS  /tmp/ccWt7KL6.s 			page 3


 115 0027 05       		.byte	0x5
 116 0028 696E7400 		.ascii	"int\000"
 117 002c 03       		.uleb128 0x3
 118 002d 04       		.byte	0x4
 119 002e 07       		.byte	0x7
 120 002f EC010000 		.4byte	.LASF0
 121 0033 03       		.uleb128 0x3
 122 0034 01       		.byte	0x1
 123 0035 06       		.byte	0x6
 124 0036 C0000000 		.4byte	.LASF1
 125 003a 04       		.uleb128 0x4
 126 003b 23000000 		.4byte	.LASF5
 127 003f 02       		.byte	0x2
 128 0040 1C       		.byte	0x1c
 129 0041 45000000 		.4byte	0x45
 130 0045 03       		.uleb128 0x3
 131 0046 01       		.byte	0x1
 132 0047 08       		.byte	0x8
 133 0048 73030000 		.4byte	.LASF2
 134 004c 03       		.uleb128 0x3
 135 004d 02       		.byte	0x2
 136 004e 05       		.byte	0x5
 137 004f 3E040000 		.4byte	.LASF3
 138 0053 03       		.uleb128 0x3
 139 0054 02       		.byte	0x2
 140 0055 07       		.byte	0x7
 141 0056 26020000 		.4byte	.LASF4
 142 005a 04       		.uleb128 0x4
 143 005b 87020000 		.4byte	.LASF6
 144 005f 02       		.byte	0x2
 145 0060 37       		.byte	0x37
 146 0061 65000000 		.4byte	0x65
 147 0065 03       		.uleb128 0x3
 148 0066 04       		.byte	0x4
 149 0067 05       		.byte	0x5
 150 0068 F4000000 		.4byte	.LASF7
 151 006c 04       		.uleb128 0x4
 152 006d 0B050000 		.4byte	.LASF8
 153 0071 02       		.byte	0x2
 154 0072 38       		.byte	0x38
 155 0073 77000000 		.4byte	0x77
 156 0077 03       		.uleb128 0x3
 157 0078 04       		.byte	0x4
 158 0079 07       		.byte	0x7
 159 007a C6040000 		.4byte	.LASF9
 160 007e 03       		.uleb128 0x3
 161 007f 08       		.byte	0x8
 162 0080 05       		.byte	0x5
 163 0081 B2000000 		.4byte	.LASF10
 164 0085 04       		.uleb128 0x4
 165 0086 29030000 		.4byte	.LASF11
 166 008a 02       		.byte	0x2
 167 008b 4E       		.byte	0x4e
 168 008c 90000000 		.4byte	0x90
 169 0090 03       		.uleb128 0x3
 170 0091 08       		.byte	0x8
 171 0092 07       		.byte	0x7
ARM GAS  /tmp/ccWt7KL6.s 			page 4


 172 0093 4C000000 		.4byte	.LASF12
 173 0097 03       		.uleb128 0x3
 174 0098 04       		.byte	0x4
 175 0099 07       		.byte	0x7
 176 009a 66050000 		.4byte	.LASF13
 177 009e 05       		.uleb128 0x5
 178 009f 04       		.byte	0x4
 179 00a0 03       		.uleb128 0x3
 180 00a1 01       		.byte	0x1
 181 00a2 08       		.byte	0x8
 182 00a3 D8040000 		.4byte	.LASF14
 183 00a7 06       		.uleb128 0x6
 184 00a8 04       		.byte	0x4
 185 00a9 AD000000 		.4byte	0xad
 186 00ad 07       		.uleb128 0x7
 187 00ae A0000000 		.4byte	0xa0
 188 00b2 04       		.uleb128 0x4
 189 00b3 5E050000 		.4byte	.LASF15
 190 00b7 03       		.byte	0x3
 191 00b8 2A       		.byte	0x2a
 192 00b9 3A000000 		.4byte	0x3a
 193 00bd 04       		.uleb128 0x4
 194 00be 6B030000 		.4byte	.LASF16
 195 00c2 03       		.byte	0x3
 196 00c3 41       		.byte	0x41
 197 00c4 5A000000 		.4byte	0x5a
 198 00c8 04       		.uleb128 0x4
 199 00c9 AF050000 		.4byte	.LASF17
 200 00cd 03       		.byte	0x3
 201 00ce 42       		.byte	0x42
 202 00cf 6C000000 		.4byte	0x6c
 203 00d3 04       		.uleb128 0x4
 204 00d4 1A000000 		.4byte	.LASF18
 205 00d8 03       		.byte	0x3
 206 00d9 4E       		.byte	0x4e
 207 00da 85000000 		.4byte	0x85
 208 00de 04       		.uleb128 0x4
 209 00df 9C020000 		.4byte	.LASF19
 210 00e3 04       		.byte	0x4
 211 00e4 39       		.byte	0x39
 212 00e5 C8000000 		.4byte	0xc8
 213 00e9 04       		.uleb128 0x4
 214 00ea 65020000 		.4byte	.LASF20
 215 00ee 04       		.byte	0x4
 216 00ef 3C       		.byte	0x3c
 217 00f0 B2000000 		.4byte	0xb2
 218 00f4 04       		.uleb128 0x4
 219 00f5 FD000000 		.4byte	.LASF21
 220 00f9 04       		.byte	0x4
 221 00fa 3D       		.byte	0x3d
 222 00fb B2000000 		.4byte	0xb2
 223 00ff 04       		.uleb128 0x4
 224 0100 34030000 		.4byte	.LASF22
 225 0104 04       		.byte	0x4
 226 0105 3E       		.byte	0x3e
 227 0106 B2000000 		.4byte	0xb2
 228 010a 04       		.uleb128 0x4
ARM GAS  /tmp/ccWt7KL6.s 			page 5


 229 010b E0000000 		.4byte	.LASF23
 230 010f 04       		.byte	0x4
 231 0110 3F       		.byte	0x3f
 232 0111 B2000000 		.4byte	0xb2
 233 0115 04       		.uleb128 0x4
 234 0116 53030000 		.4byte	.LASF24
 235 011a 04       		.byte	0x4
 236 011b 40       		.byte	0x40
 237 011c C8000000 		.4byte	0xc8
 238 0120 04       		.uleb128 0x4
 239 0121 43020000 		.4byte	.LASF25
 240 0125 04       		.byte	0x4
 241 0126 41       		.byte	0x41
 242 0127 BD000000 		.4byte	0xbd
 243 012b 04       		.uleb128 0x4
 244 012c 7B020000 		.4byte	.LASF26
 245 0130 04       		.byte	0x4
 246 0131 43       		.byte	0x43
 247 0132 C8000000 		.4byte	0xc8
 248 0136 04       		.uleb128 0x4
 249 0137 E6010000 		.4byte	.LASF27
 250 013b 04       		.byte	0x4
 251 013c 45       		.byte	0x45
 252 013d BD000000 		.4byte	0xbd
 253 0141 04       		.uleb128 0x4
 254 0142 ED040000 		.4byte	.LASF28
 255 0146 05       		.byte	0x5
 256 0147 33       		.byte	0x33
 257 0148 C8000000 		.4byte	0xc8
 258 014c 04       		.uleb128 0x4
 259 014d DD040000 		.4byte	.LASF29
 260 0151 05       		.byte	0x5
 261 0152 3F       		.byte	0x3f
 262 0153 57010000 		.4byte	0x157
 263 0157 08       		.uleb128 0x8
 264 0158 39020000 		.4byte	.LASF50
 265 015c 44       		.byte	0x44
 266 015d 06       		.byte	0x6
 267 015e C2       		.byte	0xc2
 268 015f 50020000 		.4byte	0x250
 269 0163 09       		.uleb128 0x9
 270 0164 68040000 		.4byte	.LASF30
 271 0168 06       		.byte	0x6
 272 0169 C3       		.byte	0xc3
 273 016a 5B020000 		.4byte	0x25b
 274 016e 00       		.byte	0
 275 016f 09       		.uleb128 0x9
 276 0170 4C030000 		.4byte	.LASF31
 277 0174 06       		.byte	0x6
 278 0175 C5       		.byte	0xc5
 279 0176 5B020000 		.4byte	0x25b
 280 017a 04       		.byte	0x4
 281 017b 09       		.uleb128 0x9
 282 017c AB000000 		.4byte	.LASF32
 283 0180 06       		.byte	0x6
 284 0181 C7       		.byte	0xc7
 285 0182 15010000 		.4byte	0x115
ARM GAS  /tmp/ccWt7KL6.s 			page 6


 286 0186 08       		.byte	0x8
 287 0187 09       		.uleb128 0x9
 288 0188 B8050000 		.4byte	.LASF33
 289 018c 06       		.byte	0x6
 290 018d C8       		.byte	0xc8
 291 018e 82040000 		.4byte	0x482
 292 0192 0C       		.byte	0xc
 293 0193 09       		.uleb128 0x9
 294 0194 06010000 		.4byte	.LASF34
 295 0198 06       		.byte	0x6
 296 0199 CA       		.byte	0xca
 297 019a 5B020000 		.4byte	0x25b
 298 019e 10       		.byte	0x10
 299 019f 09       		.uleb128 0x9
 300 01a0 F3020000 		.4byte	.LASF35
 301 01a4 06       		.byte	0x6
 302 01a5 CB       		.byte	0xcb
 303 01a6 5B020000 		.4byte	0x25b
 304 01aa 14       		.byte	0x14
 305 01ab 09       		.uleb128 0x9
 306 01ac 8B050000 		.4byte	.LASF36
 307 01b0 06       		.byte	0x6
 308 01b1 D2       		.byte	0xd2
 309 01b2 A7000000 		.4byte	0xa7
 310 01b6 18       		.byte	0x18
 311 01b7 09       		.uleb128 0x9
 312 01b8 48040000 		.4byte	.LASF37
 313 01bc 06       		.byte	0x6
 314 01bd DD       		.byte	0xdd
 315 01be F4000000 		.4byte	0xf4
 316 01c2 1C       		.byte	0x1c
 317 01c3 09       		.uleb128 0x9
 318 01c4 6F040000 		.4byte	.LASF38
 319 01c8 06       		.byte	0x6
 320 01c9 E1       		.byte	0xe1
 321 01ca E9000000 		.4byte	0xe9
 322 01ce 1D       		.byte	0x1d
 323 01cf 09       		.uleb128 0x9
 324 01d0 51050000 		.4byte	.LASF39
 325 01d4 06       		.byte	0x6
 326 01d5 E6       		.byte	0xe6
 327 01d6 FF000000 		.4byte	0xff
 328 01da 1E       		.byte	0x1e
 329 01db 09       		.uleb128 0x9
 330 01dc 50040000 		.4byte	.LASF40
 331 01e0 06       		.byte	0x6
 332 01e1 EC       		.byte	0xec
 333 01e2 0A010000 		.4byte	0x10a
 334 01e6 1F       		.byte	0x1f
 335 01e7 0A       		.uleb128 0xa
 336 01e8 705F7500 		.ascii	"p_u\000"
 337 01ec 06       		.byte	0x6
 338 01ed 3101     		.2byte	0x131
 339 01ef 3C050000 		.4byte	0x53c
 340 01f3 20       		.byte	0x20
 341 01f4 0B       		.uleb128 0xb
 342 01f5 BE050000 		.4byte	.LASF41
ARM GAS  /tmp/ccWt7KL6.s 			page 7


 343 01f9 06       		.byte	0x6
 344 01fa 3601     		.2byte	0x136
 345 01fc 61020000 		.4byte	0x261
 346 0200 24       		.byte	0x24
 347 0201 0B       		.uleb128 0xb
 348 0202 2F050000 		.4byte	.LASF42
 349 0206 06       		.byte	0x6
 350 0207 3C01     		.2byte	0x13c
 351 0209 85020000 		.4byte	0x285
 352 020d 28       		.byte	0x28
 353 020e 0B       		.uleb128 0xb
 354 020f A1050000 		.4byte	.LASF43
 355 0213 06       		.byte	0x6
 356 0214 4001     		.2byte	0x140
 357 0216 20010000 		.4byte	0x120
 358 021a 30       		.byte	0x30
 359 021b 0B       		.uleb128 0xb
 360 021c 95040000 		.4byte	.LASF44
 361 0220 06       		.byte	0x6
 362 0221 4601     		.2byte	0x146
 363 0223 2B010000 		.4byte	0x12b
 364 0227 34       		.byte	0x34
 365 0228 0B       		.uleb128 0xb
 366 0229 34040000 		.4byte	.LASF45
 367 022d 06       		.byte	0x6
 368 022e 4D01     		.2byte	0x14d
 369 0230 FB050000 		.4byte	0x5fb
 370 0234 38       		.byte	0x38
 371 0235 0B       		.uleb128 0xb
 372 0236 F7040000 		.4byte	.LASF46
 373 023a 06       		.byte	0x6
 374 023b 5101     		.2byte	0x151
 375 023d 15010000 		.4byte	0x115
 376 0241 3C       		.byte	0x3c
 377 0242 0B       		.uleb128 0xb
 378 0243 1E010000 		.4byte	.LASF47
 379 0247 06       		.byte	0x6
 380 0248 5801     		.2byte	0x158
 381 024a 9E000000 		.4byte	0x9e
 382 024e 40       		.byte	0x40
 383 024f 00       		.byte	0
 384 0250 04       		.uleb128 0x4
 385 0251 6F050000 		.4byte	.LASF48
 386 0255 05       		.byte	0x5
 387 0256 44       		.byte	0x44
 388 0257 5B020000 		.4byte	0x25b
 389 025b 06       		.uleb128 0x6
 390 025c 04       		.byte	0x4
 391 025d 4C010000 		.4byte	0x14c
 392 0261 04       		.uleb128 0x4
 393 0262 92050000 		.4byte	.LASF49
 394 0266 05       		.byte	0x5
 395 0267 49       		.byte	0x49
 396 0268 6C020000 		.4byte	0x26c
 397 026c 08       		.uleb128 0x8
 398 026d 49020000 		.4byte	.LASF51
 399 0271 04       		.byte	0x4
ARM GAS  /tmp/ccWt7KL6.s 			page 8


 400 0272 06       		.byte	0x6
 401 0273 B0       		.byte	0xb0
 402 0274 85020000 		.4byte	0x285
 403 0278 09       		.uleb128 0x9
 404 0279 68040000 		.4byte	.LASF30
 405 027d 06       		.byte	0x6
 406 027e B1       		.byte	0xb1
 407 027f 5B020000 		.4byte	0x25b
 408 0283 00       		.byte	0
 409 0284 00       		.byte	0
 410 0285 04       		.uleb128 0x4
 411 0286 41050000 		.4byte	.LASF52
 412 028a 05       		.byte	0x5
 413 028b 50       		.byte	0x50
 414 028c 90020000 		.4byte	0x290
 415 0290 08       		.uleb128 0x8
 416 0291 9A000000 		.4byte	.LASF53
 417 0295 08       		.byte	0x8
 418 0296 06       		.byte	0x6
 419 0297 B7       		.byte	0xb7
 420 0298 B5020000 		.4byte	0x2b5
 421 029c 09       		.uleb128 0x9
 422 029d 68040000 		.4byte	.LASF30
 423 02a1 06       		.byte	0x6
 424 02a2 B8       		.byte	0xb8
 425 02a3 5B020000 		.4byte	0x25b
 426 02a7 00       		.byte	0
 427 02a8 09       		.uleb128 0x9
 428 02a9 4C030000 		.4byte	.LASF31
 429 02ad 06       		.byte	0x6
 430 02ae B9       		.byte	0xb9
 431 02af 5B020000 		.4byte	0x25b
 432 02b3 04       		.byte	0x4
 433 02b4 00       		.byte	0
 434 02b5 04       		.uleb128 0x4
 435 02b6 00000000 		.4byte	.LASF54
 436 02ba 05       		.byte	0x5
 437 02bb 57       		.byte	0x57
 438 02bc C0020000 		.4byte	0x2c0
 439 02c0 0C       		.uleb128 0xc
 440 02c1 6D020000 		.4byte	.LASF55
 441 02c5 1C       		.byte	0x1c
 442 02c6 06       		.byte	0x6
 443 02c7 9001     		.2byte	0x190
 444 02c9 1C030000 		.4byte	0x31c
 445 02cd 0B       		.uleb128 0xb
 446 02ce B3040000 		.4byte	.LASF56
 447 02d2 06       		.byte	0x6
 448 02d3 9101     		.2byte	0x191
 449 02d5 85020000 		.4byte	0x285
 450 02d9 00       		.byte	0
 451 02da 0B       		.uleb128 0xb
 452 02db 5A040000 		.4byte	.LASF57
 453 02df 06       		.byte	0x6
 454 02e0 9201     		.2byte	0x192
 455 02e2 15010000 		.4byte	0x115
 456 02e6 08       		.byte	0x8
ARM GAS  /tmp/ccWt7KL6.s 			page 9


 457 02e7 0B       		.uleb128 0xb
 458 02e8 FB020000 		.4byte	.LASF58
 459 02ec 06       		.byte	0x6
 460 02ed 9401     		.2byte	0x194
 461 02ef 82040000 		.4byte	0x482
 462 02f3 0C       		.byte	0xc
 463 02f4 0B       		.uleb128 0xb
 464 02f5 16010000 		.4byte	.LASF59
 465 02f9 06       		.byte	0x6
 466 02fa 9701     		.2byte	0x197
 467 02fc 5B020000 		.4byte	0x25b
 468 0300 10       		.byte	0x10
 469 0301 0B       		.uleb128 0xb
 470 0302 21030000 		.4byte	.LASF60
 471 0306 06       		.byte	0x6
 472 0307 9801     		.2byte	0x198
 473 0309 5B020000 		.4byte	0x25b
 474 030d 14       		.byte	0x14
 475 030e 0B       		.uleb128 0xb
 476 030f 17030000 		.4byte	.LASF61
 477 0313 06       		.byte	0x6
 478 0314 9B01     		.2byte	0x19b
 479 0316 5B020000 		.4byte	0x25b
 480 031a 18       		.byte	0x18
 481 031b 00       		.byte	0
 482 031c 04       		.uleb128 0x4
 483 031d 02050000 		.4byte	.LASF62
 484 0321 05       		.byte	0x5
 485 0322 5C       		.byte	0x5c
 486 0323 27030000 		.4byte	0x327
 487 0327 06       		.uleb128 0x6
 488 0328 04       		.byte	0x4
 489 0329 2D030000 		.4byte	0x32d
 490 032d 0D       		.uleb128 0xd
 491 032e 38030000 		.4byte	0x338
 492 0332 0E       		.uleb128 0xe
 493 0333 9E000000 		.4byte	0x9e
 494 0337 00       		.byte	0
 495 0338 04       		.uleb128 0x4
 496 0339 3C030000 		.4byte	.LASF63
 497 033d 05       		.byte	0x5
 498 033e 61       		.byte	0x61
 499 033f 43030000 		.4byte	0x343
 500 0343 0C       		.uleb128 0xc
 501 0344 77040000 		.4byte	.LASF64
 502 0348 14       		.byte	0x14
 503 0349 06       		.byte	0x6
 504 034a 6B01     		.2byte	0x16b
 505 034c 92030000 		.4byte	0x392
 506 0350 0B       		.uleb128 0xb
 507 0351 18020000 		.4byte	.LASF65
 508 0355 06       		.byte	0x6
 509 0356 6C01     		.2byte	0x16c
 510 0358 01060000 		.4byte	0x601
 511 035c 00       		.byte	0
 512 035d 0B       		.uleb128 0xb
 513 035e 2F010000 		.4byte	.LASF66
ARM GAS  /tmp/ccWt7KL6.s 			page 10


 514 0362 06       		.byte	0x6
 515 0363 6D01     		.2byte	0x16d
 516 0365 01060000 		.4byte	0x601
 517 0369 04       		.byte	0x4
 518 036a 0B       		.uleb128 0xb
 519 036b 00020000 		.4byte	.LASF67
 520 036f 06       		.byte	0x6
 521 0370 6E01     		.2byte	0x16e
 522 0372 41010000 		.4byte	0x141
 523 0376 08       		.byte	0x8
 524 0377 0B       		.uleb128 0xb
 525 0378 EB020000 		.4byte	.LASF68
 526 037c 06       		.byte	0x6
 527 037d 6F01     		.2byte	0x16f
 528 037f 1C030000 		.4byte	0x31c
 529 0383 0C       		.byte	0xc
 530 0384 0B       		.uleb128 0xb
 531 0385 3A050000 		.4byte	.LASF69
 532 0389 06       		.byte	0x6
 533 038a 7101     		.2byte	0x171
 534 038c 9E000000 		.4byte	0x9e
 535 0390 10       		.byte	0x10
 536 0391 00       		.byte	0
 537 0392 04       		.uleb128 0x4
 538 0393 77000000 		.4byte	.LASF70
 539 0397 05       		.byte	0x5
 540 0398 66       		.byte	0x66
 541 0399 9D030000 		.4byte	0x39d
 542 039d 0C       		.uleb128 0xc
 543 039e D4020000 		.4byte	.LASF71
 544 03a2 10       		.byte	0x10
 545 03a3 06       		.byte	0x6
 546 03a4 7B01     		.2byte	0x17b
 547 03a6 DF030000 		.4byte	0x3df
 548 03aa 0B       		.uleb128 0xb
 549 03ab 18020000 		.4byte	.LASF65
 550 03af 06       		.byte	0x6
 551 03b0 7C01     		.2byte	0x17c
 552 03b2 01060000 		.4byte	0x601
 553 03b6 00       		.byte	0
 554 03b7 0B       		.uleb128 0xb
 555 03b8 2F010000 		.4byte	.LASF66
 556 03bc 06       		.byte	0x6
 557 03bd 7E01     		.2byte	0x17e
 558 03bf 01060000 		.4byte	0x601
 559 03c3 04       		.byte	0x4
 560 03c4 0B       		.uleb128 0xb
 561 03c5 00020000 		.4byte	.LASF67
 562 03c9 06       		.byte	0x6
 563 03ca 8001     		.2byte	0x180
 564 03cc 41010000 		.4byte	0x141
 565 03d0 08       		.byte	0x8
 566 03d1 0B       		.uleb128 0xb
 567 03d2 BB040000 		.4byte	.LASF72
 568 03d6 06       		.byte	0x6
 569 03d7 8201     		.2byte	0x182
 570 03d9 07060000 		.4byte	0x607
ARM GAS  /tmp/ccWt7KL6.s 			page 11


 571 03dd 0C       		.byte	0xc
 572 03de 00       		.byte	0
 573 03df 04       		.uleb128 0x4
 574 03e0 09020000 		.4byte	.LASF73
 575 03e4 05       		.byte	0x5
 576 03e5 6B       		.byte	0x6b
 577 03e6 EA030000 		.4byte	0x3ea
 578 03ea 0C       		.uleb128 0xc
 579 03eb 5B030000 		.4byte	.LASF74
 580 03ef 04       		.byte	0x4
 581 03f0 06       		.byte	0x6
 582 03f1 A201     		.2byte	0x1a2
 583 03f3 05040000 		.4byte	0x405
 584 03f7 0B       		.uleb128 0xb
 585 03f8 16050000 		.4byte	.LASF75
 586 03fc 06       		.byte	0x6
 587 03fd AA01     		.2byte	0x1aa
 588 03ff 0C060000 		.4byte	0x60c
 589 0403 00       		.byte	0
 590 0404 00       		.byte	0
 591 0405 04       		.uleb128 0x4
 592 0406 59020000 		.4byte	.LASF76
 593 040a 05       		.byte	0x5
 594 040b 70       		.byte	0x70
 595 040c 10040000 		.4byte	0x410
 596 0410 0F       		.uleb128 0xf
 597 0411 EA000000 		.4byte	.LASF77
 598 0415 5001     		.2byte	0x150
 599 0417 06       		.byte	0x6
 600 0418 C201     		.2byte	0x1c2
 601 041a 6C040000 		.4byte	0x46c
 602 041e 0B       		.uleb128 0xb
 603 041f 58050000 		.4byte	.LASF78
 604 0423 06       		.byte	0x6
 605 0424 C601     		.2byte	0x1c6
 606 0426 B5020000 		.4byte	0x2b5
 607 042a 00       		.byte	0
 608 042b 0B       		.uleb128 0xb
 609 042c 39000000 		.4byte	.LASF79
 610 0430 06       		.byte	0x6
 611 0431 CA01     		.2byte	0x1ca
 612 0433 92030000 		.4byte	0x392
 613 0437 1C       		.byte	0x1c
 614 0438 0A       		.uleb128 0xa
 615 0439 64626700 		.ascii	"dbg\000"
 616 043d 06       		.byte	0x6
 617 043e CE01     		.2byte	0x1ce
 618 0440 DF030000 		.4byte	0x3df
 619 0444 2C       		.byte	0x2c
 620 0445 0B       		.uleb128 0xb
 621 0446 6C000000 		.4byte	.LASF80
 622 044a 06       		.byte	0x6
 623 044b D201     		.2byte	0x1d2
 624 044d 4C010000 		.4byte	0x14c
 625 0451 30       		.byte	0x30
 626 0452 0A       		.uleb128 0xa
 627 0453 746D00   		.ascii	"tm\000"
ARM GAS  /tmp/ccWt7KL6.s 			page 12


 628 0456 06       		.byte	0x6
 629 0457 D701     		.2byte	0x1d7
 630 0459 31050000 		.4byte	0x531
 631 045d 74       		.byte	0x74
 632 045e 0B       		.uleb128 0xb
 633 045f D7010000 		.4byte	.LASF81
 634 0463 06       		.byte	0x6
 635 0464 E301     		.2byte	0x1e3
 636 0466 11060000 		.4byte	0x611
 637 046a 78       		.byte	0x78
 638 046b 00       		.byte	0
 639 046c 04       		.uleb128 0x4
 640 046d 26010000 		.4byte	.LASF82
 641 0471 07       		.byte	0x7
 642 0472 65       		.byte	0x65
 643 0473 9E000000 		.4byte	0x9e
 644 0477 04       		.uleb128 0x4
 645 0478 91020000 		.4byte	.LASF83
 646 047c 07       		.byte	0x7
 647 047d 6D       		.byte	0x6d
 648 047e D3000000 		.4byte	0xd3
 649 0482 08       		.uleb128 0x8
 650 0483 27050000 		.4byte	.LASF84
 651 0487 04       		.byte	0x4
 652 0488 07       		.byte	0x7
 653 0489 89       		.byte	0x89
 654 048a 9B040000 		.4byte	0x49b
 655 048e 10       		.uleb128 0x10
 656 048f 72313300 		.ascii	"r13\000"
 657 0493 07       		.byte	0x7
 658 0494 8A       		.byte	0x8a
 659 0495 16050000 		.4byte	0x516
 660 0499 00       		.byte	0
 661 049a 00       		.byte	0
 662 049b 08       		.uleb128 0x8
 663 049c 2D000000 		.4byte	.LASF85
 664 04a0 24       		.byte	0x24
 665 04a1 08       		.byte	0x8
 666 04a2 FD       		.byte	0xfd
 667 04a3 16050000 		.4byte	0x516
 668 04a7 0A       		.uleb128 0xa
 669 04a8 723400   		.ascii	"r4\000"
 670 04ab 08       		.byte	0x8
 671 04ac 1001     		.2byte	0x110
 672 04ae 6C040000 		.4byte	0x46c
 673 04b2 00       		.byte	0
 674 04b3 0A       		.uleb128 0xa
 675 04b4 723500   		.ascii	"r5\000"
 676 04b7 08       		.byte	0x8
 677 04b8 1101     		.2byte	0x111
 678 04ba 6C040000 		.4byte	0x46c
 679 04be 04       		.byte	0x4
 680 04bf 0A       		.uleb128 0xa
 681 04c0 723600   		.ascii	"r6\000"
 682 04c3 08       		.byte	0x8
 683 04c4 1201     		.2byte	0x112
 684 04c6 6C040000 		.4byte	0x46c
ARM GAS  /tmp/ccWt7KL6.s 			page 13


 685 04ca 08       		.byte	0x8
 686 04cb 0A       		.uleb128 0xa
 687 04cc 723700   		.ascii	"r7\000"
 688 04cf 08       		.byte	0x8
 689 04d0 1301     		.2byte	0x113
 690 04d2 6C040000 		.4byte	0x46c
 691 04d6 0C       		.byte	0xc
 692 04d7 0A       		.uleb128 0xa
 693 04d8 723800   		.ascii	"r8\000"
 694 04db 08       		.byte	0x8
 695 04dc 1401     		.2byte	0x114
 696 04de 6C040000 		.4byte	0x46c
 697 04e2 10       		.byte	0x10
 698 04e3 0A       		.uleb128 0xa
 699 04e4 723900   		.ascii	"r9\000"
 700 04e7 08       		.byte	0x8
 701 04e8 1501     		.2byte	0x115
 702 04ea 6C040000 		.4byte	0x46c
 703 04ee 14       		.byte	0x14
 704 04ef 0A       		.uleb128 0xa
 705 04f0 72313000 		.ascii	"r10\000"
 706 04f4 08       		.byte	0x8
 707 04f5 1601     		.2byte	0x116
 708 04f7 6C040000 		.4byte	0x46c
 709 04fb 18       		.byte	0x18
 710 04fc 0A       		.uleb128 0xa
 711 04fd 72313100 		.ascii	"r11\000"
 712 0501 08       		.byte	0x8
 713 0502 1701     		.2byte	0x117
 714 0504 6C040000 		.4byte	0x46c
 715 0508 1C       		.byte	0x1c
 716 0509 0A       		.uleb128 0xa
 717 050a 6C7200   		.ascii	"lr\000"
 718 050d 08       		.byte	0x8
 719 050e 1801     		.2byte	0x118
 720 0510 6C040000 		.4byte	0x46c
 721 0514 20       		.byte	0x20
 722 0515 00       		.byte	0
 723 0516 06       		.uleb128 0x6
 724 0517 04       		.byte	0x4
 725 0518 9B040000 		.4byte	0x49b
 726 051c 11       		.uleb128 0x11
 727 051d 04       		.byte	0x4
 728 051e 09       		.byte	0x9
 729 051f 38       		.byte	0x38
 730 0520 31050000 		.4byte	0x531
 731 0524 09       		.uleb128 0x9
 732 0525 20050000 		.4byte	.LASF86
 733 0529 09       		.byte	0x9
 734 052a 3C       		.byte	0x3c
 735 052b DE000000 		.4byte	0xde
 736 052f 00       		.byte	0
 737 0530 00       		.byte	0
 738 0531 04       		.uleb128 0x4
 739 0532 01030000 		.4byte	.LASF87
 740 0536 09       		.byte	0x9
 741 0537 3D       		.byte	0x3d
ARM GAS  /tmp/ccWt7KL6.s 			page 14


 742 0538 1C050000 		.4byte	0x51c
 743 053c 12       		.uleb128 0x12
 744 053d 04       		.byte	0x4
 745 053e 06       		.byte	0x6
 746 053f FA       		.byte	0xfa
 747 0540 99050000 		.4byte	0x599
 748 0544 13       		.uleb128 0x13
 749 0545 13000000 		.4byte	.LASF88
 750 0549 06       		.byte	0x6
 751 054a 0101     		.2byte	0x101
 752 054c 20010000 		.4byte	0x120
 753 0550 13       		.uleb128 0x13
 754 0551 63000000 		.4byte	.LASF89
 755 0555 06       		.byte	0x6
 756 0556 0801     		.2byte	0x108
 757 0558 20010000 		.4byte	0x120
 758 055c 13       		.uleb128 0x13
 759 055d D9000000 		.4byte	.LASF90
 760 0561 06       		.byte	0x6
 761 0562 0F01     		.2byte	0x10f
 762 0564 9E000000 		.4byte	0x9e
 763 0568 13       		.uleb128 0x13
 764 0569 0D000000 		.4byte	.LASF91
 765 056d 06       		.byte	0x6
 766 056e 1601     		.2byte	0x116
 767 0570 99050000 		.4byte	0x599
 768 0574 13       		.uleb128 0x13
 769 0575 F9010000 		.4byte	.LASF92
 770 0579 06       		.byte	0x6
 771 057a 1E01     		.2byte	0x11e
 772 057c C4050000 		.4byte	0x5c4
 773 0580 13       		.uleb128 0x13
 774 0581 AC040000 		.4byte	.LASF93
 775 0585 06       		.byte	0x6
 776 0586 2701     		.2byte	0x127
 777 0588 FB050000 		.4byte	0x5fb
 778 058c 13       		.uleb128 0x13
 779 058d 61040000 		.4byte	.LASF94
 780 0591 06       		.byte	0x6
 781 0592 2F01     		.2byte	0x12f
 782 0594 2B010000 		.4byte	0x12b
 783 0598 00       		.byte	0
 784 0599 06       		.uleb128 0x6
 785 059a 04       		.byte	0x4
 786 059b 50020000 		.4byte	0x250
 787 059f 08       		.uleb128 0x8
 788 05a0 88040000 		.4byte	.LASF95
 789 05a4 0C       		.byte	0xc
 790 05a5 0A       		.byte	0xa
 791 05a6 34       		.byte	0x34
 792 05a7 C4050000 		.4byte	0x5c4
 793 05ab 09       		.uleb128 0x9
 794 05ac 0E010000 		.4byte	.LASF96
 795 05b0 0A       		.byte	0xa
 796 05b1 35       		.byte	0x35
 797 05b2 85020000 		.4byte	0x285
 798 05b6 00       		.byte	0
ARM GAS  /tmp/ccWt7KL6.s 			page 15


 799 05b7 09       		.uleb128 0x9
 800 05b8 20020000 		.4byte	.LASF97
 801 05bc 0A       		.byte	0xa
 802 05bd 37       		.byte	0x37
 803 05be 36010000 		.4byte	0x136
 804 05c2 08       		.byte	0x8
 805 05c3 00       		.byte	0
 806 05c4 06       		.uleb128 0x6
 807 05c5 04       		.byte	0x4
 808 05c6 9F050000 		.4byte	0x59f
 809 05ca 08       		.uleb128 0x8
 810 05cb 82050000 		.4byte	.LASF98
 811 05cf 10       		.byte	0x10
 812 05d0 0B       		.byte	0xb
 813 05d1 39       		.byte	0x39
 814 05d2 FB050000 		.4byte	0x5fb
 815 05d6 09       		.uleb128 0x9
 816 05d7 D1000000 		.4byte	.LASF99
 817 05db 0B       		.byte	0xb
 818 05dc 3A       		.byte	0x3a
 819 05dd 85020000 		.4byte	0x285
 820 05e1 00       		.byte	0
 821 05e2 09       		.uleb128 0x9
 822 05e3 A7050000 		.4byte	.LASF100
 823 05e7 0B       		.byte	0xb
 824 05e8 3C       		.byte	0x3c
 825 05e9 5B020000 		.4byte	0x25b
 826 05ed 08       		.byte	0x8
 827 05ee 09       		.uleb128 0x9
 828 05ef E6040000 		.4byte	.LASF101
 829 05f3 0B       		.byte	0xb
 830 05f4 3E       		.byte	0x3e
 831 05f5 2C060000 		.4byte	0x62c
 832 05f9 0C       		.byte	0xc
 833 05fa 00       		.byte	0
 834 05fb 06       		.uleb128 0x6
 835 05fc 04       		.byte	0x4
 836 05fd CA050000 		.4byte	0x5ca
 837 0601 06       		.uleb128 0x6
 838 0602 04       		.byte	0x4
 839 0603 38030000 		.4byte	0x338
 840 0607 14       		.uleb128 0x14
 841 0608 41010000 		.4byte	0x141
 842 060c 14       		.uleb128 0x14
 843 060d A7000000 		.4byte	0xa7
 844 0611 15       		.uleb128 0x15
 845 0612 77040000 		.4byte	0x477
 846 0616 21060000 		.4byte	0x621
 847 061a 16       		.uleb128 0x16
 848 061b 97000000 		.4byte	0x97
 849 061f 1A       		.byte	0x1a
 850 0620 00       		.byte	0
 851 0621 04       		.uleb128 0x4
 852 0622 C9010000 		.4byte	.LASF102
 853 0626 0B       		.byte	0xb
 854 0627 34       		.byte	0x34
 855 0628 CA050000 		.4byte	0x5ca
ARM GAS  /tmp/ccWt7KL6.s 			page 16


 856 062c 06       		.uleb128 0x6
 857 062d 04       		.byte	0x4
 858 062e 21060000 		.4byte	0x621
 859 0632 17       		.uleb128 0x17
 860 0633 40000000 		.4byte	.LASF105
 861 0637 01       		.byte	0x1
 862 0638 3A       		.byte	0x3a
 863 0639 9E000000 		.4byte	0x9e
 864 063d 00000000 		.4byte	.LFB263
 865 0641 1E000000 		.4byte	.LFE263-.LFB263
 866 0645 01       		.uleb128 0x1
 867 0646 9C       		.byte	0x9c
 868 0647 76060000 		.4byte	0x676
 869 064b 18       		.uleb128 0x18
 870 064c 12030000 		.4byte	.LASF103
 871 0650 01       		.byte	0x1
 872 0651 3A       		.byte	0x3a
 873 0652 9E000000 		.4byte	0x9e
 874 0656 02       		.uleb128 0x2
 875 0657 91       		.byte	0x91
 876 0658 74       		.sleb128 -12
 877 0659 19       		.uleb128 0x19
 878 065a 73726300 		.ascii	"src\000"
 879 065e 01       		.byte	0x1
 880 065f 3A       		.byte	0x3a
 881 0660 76060000 		.4byte	0x676
 882 0664 02       		.uleb128 0x2
 883 0665 91       		.byte	0x91
 884 0666 70       		.sleb128 -16
 885 0667 18       		.uleb128 0x18
 886 0668 CC000000 		.4byte	.LASF104
 887 066c 01       		.byte	0x1
 888 066d 3A       		.byte	0x3a
 889 066e 2C000000 		.4byte	0x2c
 890 0672 02       		.uleb128 0x2
 891 0673 91       		.byte	0x91
 892 0674 6C       		.sleb128 -20
 893 0675 00       		.byte	0
 894 0676 06       		.uleb128 0x6
 895 0677 04       		.byte	0x4
 896 0678 7C060000 		.4byte	0x67c
 897 067c 1A       		.uleb128 0x1a
 898 067d 17       		.uleb128 0x17
 899 067e A0040000 		.4byte	.LASF106
 900 0682 01       		.byte	0x1
 901 0683 46       		.byte	0x46
 902 0684 9E000000 		.4byte	0x9e
 903 0688 20000000 		.4byte	.LFB264
 904 068c 1E000000 		.4byte	.LFE264-.LFB264
 905 0690 01       		.uleb128 0x1
 906 0691 9C       		.byte	0x9c
 907 0692 C1060000 		.4byte	0x6c1
 908 0696 19       		.uleb128 0x19
 909 0697 70747200 		.ascii	"ptr\000"
 910 069b 01       		.byte	0x1
 911 069c 46       		.byte	0x46
 912 069d 9E000000 		.4byte	0x9e
ARM GAS  /tmp/ccWt7KL6.s 			page 17


 913 06a1 02       		.uleb128 0x2
 914 06a2 91       		.byte	0x91
 915 06a3 74       		.sleb128 -12
 916 06a4 18       		.uleb128 0x18
 917 06a5 D1010000 		.4byte	.LASF107
 918 06a9 01       		.byte	0x1
 919 06aa 46       		.byte	0x46
 920 06ab 25000000 		.4byte	0x25
 921 06af 02       		.uleb128 0x2
 922 06b0 91       		.byte	0x91
 923 06b1 70       		.sleb128 -16
 924 06b2 18       		.uleb128 0x18
 925 06b3 CC000000 		.4byte	.LASF104
 926 06b7 01       		.byte	0x1
 927 06b8 46       		.byte	0x46
 928 06b9 2C000000 		.4byte	0x2c
 929 06bd 02       		.uleb128 0x2
 930 06be 91       		.byte	0x91
 931 06bf 6C       		.sleb128 -20
 932 06c0 00       		.byte	0
 933 06c1 1B       		.uleb128 0x1b
 934 06c2 8D000000 		.4byte	.LASF108
 935 06c6 0C       		.byte	0xc
 936 06c7 FA06     		.2byte	0x6fa
 937 06c9 CD060000 		.4byte	0x6cd
 938 06cd 14       		.uleb128 0x14
 939 06ce BD000000 		.4byte	0xbd
 940 06d2 1C       		.uleb128 0x1c
 941 06d3 636800   		.ascii	"ch\000"
 942 06d6 06       		.byte	0x6
 943 06d7 0902     		.2byte	0x209
 944 06d9 05040000 		.4byte	0x405
 945 06dd 00       		.byte	0
 946              		.section	.debug_abbrev,"",%progbits
 947              	.Ldebug_abbrev0:
 948 0000 01       		.uleb128 0x1
 949 0001 11       		.uleb128 0x11
 950 0002 01       		.byte	0x1
 951 0003 25       		.uleb128 0x25
 952 0004 0E       		.uleb128 0xe
 953 0005 13       		.uleb128 0x13
 954 0006 0B       		.uleb128 0xb
 955 0007 03       		.uleb128 0x3
 956 0008 0E       		.uleb128 0xe
 957 0009 1B       		.uleb128 0x1b
 958 000a 0E       		.uleb128 0xe
 959 000b 11       		.uleb128 0x11
 960 000c 01       		.uleb128 0x1
 961 000d 12       		.uleb128 0x12
 962 000e 06       		.uleb128 0x6
 963 000f 10       		.uleb128 0x10
 964 0010 17       		.uleb128 0x17
 965 0011 00       		.byte	0
 966 0012 00       		.byte	0
 967 0013 02       		.uleb128 0x2
 968 0014 24       		.uleb128 0x24
 969 0015 00       		.byte	0
ARM GAS  /tmp/ccWt7KL6.s 			page 18


 970 0016 0B       		.uleb128 0xb
 971 0017 0B       		.uleb128 0xb
 972 0018 3E       		.uleb128 0x3e
 973 0019 0B       		.uleb128 0xb
 974 001a 03       		.uleb128 0x3
 975 001b 08       		.uleb128 0x8
 976 001c 00       		.byte	0
 977 001d 00       		.byte	0
 978 001e 03       		.uleb128 0x3
 979 001f 24       		.uleb128 0x24
 980 0020 00       		.byte	0
 981 0021 0B       		.uleb128 0xb
 982 0022 0B       		.uleb128 0xb
 983 0023 3E       		.uleb128 0x3e
 984 0024 0B       		.uleb128 0xb
 985 0025 03       		.uleb128 0x3
 986 0026 0E       		.uleb128 0xe
 987 0027 00       		.byte	0
 988 0028 00       		.byte	0
 989 0029 04       		.uleb128 0x4
 990 002a 16       		.uleb128 0x16
 991 002b 00       		.byte	0
 992 002c 03       		.uleb128 0x3
 993 002d 0E       		.uleb128 0xe
 994 002e 3A       		.uleb128 0x3a
 995 002f 0B       		.uleb128 0xb
 996 0030 3B       		.uleb128 0x3b
 997 0031 0B       		.uleb128 0xb
 998 0032 49       		.uleb128 0x49
 999 0033 13       		.uleb128 0x13
 1000 0034 00       		.byte	0
 1001 0035 00       		.byte	0
 1002 0036 05       		.uleb128 0x5
 1003 0037 0F       		.uleb128 0xf
 1004 0038 00       		.byte	0
 1005 0039 0B       		.uleb128 0xb
 1006 003a 0B       		.uleb128 0xb
 1007 003b 00       		.byte	0
 1008 003c 00       		.byte	0
 1009 003d 06       		.uleb128 0x6
 1010 003e 0F       		.uleb128 0xf
 1011 003f 00       		.byte	0
 1012 0040 0B       		.uleb128 0xb
 1013 0041 0B       		.uleb128 0xb
 1014 0042 49       		.uleb128 0x49
 1015 0043 13       		.uleb128 0x13
 1016 0044 00       		.byte	0
 1017 0045 00       		.byte	0
 1018 0046 07       		.uleb128 0x7
 1019 0047 26       		.uleb128 0x26
 1020 0048 00       		.byte	0
 1021 0049 49       		.uleb128 0x49
 1022 004a 13       		.uleb128 0x13
 1023 004b 00       		.byte	0
 1024 004c 00       		.byte	0
 1025 004d 08       		.uleb128 0x8
 1026 004e 13       		.uleb128 0x13
ARM GAS  /tmp/ccWt7KL6.s 			page 19


 1027 004f 01       		.byte	0x1
 1028 0050 03       		.uleb128 0x3
 1029 0051 0E       		.uleb128 0xe
 1030 0052 0B       		.uleb128 0xb
 1031 0053 0B       		.uleb128 0xb
 1032 0054 3A       		.uleb128 0x3a
 1033 0055 0B       		.uleb128 0xb
 1034 0056 3B       		.uleb128 0x3b
 1035 0057 0B       		.uleb128 0xb
 1036 0058 01       		.uleb128 0x1
 1037 0059 13       		.uleb128 0x13
 1038 005a 00       		.byte	0
 1039 005b 00       		.byte	0
 1040 005c 09       		.uleb128 0x9
 1041 005d 0D       		.uleb128 0xd
 1042 005e 00       		.byte	0
 1043 005f 03       		.uleb128 0x3
 1044 0060 0E       		.uleb128 0xe
 1045 0061 3A       		.uleb128 0x3a
 1046 0062 0B       		.uleb128 0xb
 1047 0063 3B       		.uleb128 0x3b
 1048 0064 0B       		.uleb128 0xb
 1049 0065 49       		.uleb128 0x49
 1050 0066 13       		.uleb128 0x13
 1051 0067 38       		.uleb128 0x38
 1052 0068 0B       		.uleb128 0xb
 1053 0069 00       		.byte	0
 1054 006a 00       		.byte	0
 1055 006b 0A       		.uleb128 0xa
 1056 006c 0D       		.uleb128 0xd
 1057 006d 00       		.byte	0
 1058 006e 03       		.uleb128 0x3
 1059 006f 08       		.uleb128 0x8
 1060 0070 3A       		.uleb128 0x3a
 1061 0071 0B       		.uleb128 0xb
 1062 0072 3B       		.uleb128 0x3b
 1063 0073 05       		.uleb128 0x5
 1064 0074 49       		.uleb128 0x49
 1065 0075 13       		.uleb128 0x13
 1066 0076 38       		.uleb128 0x38
 1067 0077 0B       		.uleb128 0xb
 1068 0078 00       		.byte	0
 1069 0079 00       		.byte	0
 1070 007a 0B       		.uleb128 0xb
 1071 007b 0D       		.uleb128 0xd
 1072 007c 00       		.byte	0
 1073 007d 03       		.uleb128 0x3
 1074 007e 0E       		.uleb128 0xe
 1075 007f 3A       		.uleb128 0x3a
 1076 0080 0B       		.uleb128 0xb
 1077 0081 3B       		.uleb128 0x3b
 1078 0082 05       		.uleb128 0x5
 1079 0083 49       		.uleb128 0x49
 1080 0084 13       		.uleb128 0x13
 1081 0085 38       		.uleb128 0x38
 1082 0086 0B       		.uleb128 0xb
 1083 0087 00       		.byte	0
ARM GAS  /tmp/ccWt7KL6.s 			page 20


 1084 0088 00       		.byte	0
 1085 0089 0C       		.uleb128 0xc
 1086 008a 13       		.uleb128 0x13
 1087 008b 01       		.byte	0x1
 1088 008c 03       		.uleb128 0x3
 1089 008d 0E       		.uleb128 0xe
 1090 008e 0B       		.uleb128 0xb
 1091 008f 0B       		.uleb128 0xb
 1092 0090 3A       		.uleb128 0x3a
 1093 0091 0B       		.uleb128 0xb
 1094 0092 3B       		.uleb128 0x3b
 1095 0093 05       		.uleb128 0x5
 1096 0094 01       		.uleb128 0x1
 1097 0095 13       		.uleb128 0x13
 1098 0096 00       		.byte	0
 1099 0097 00       		.byte	0
 1100 0098 0D       		.uleb128 0xd
 1101 0099 15       		.uleb128 0x15
 1102 009a 01       		.byte	0x1
 1103 009b 27       		.uleb128 0x27
 1104 009c 19       		.uleb128 0x19
 1105 009d 01       		.uleb128 0x1
 1106 009e 13       		.uleb128 0x13
 1107 009f 00       		.byte	0
 1108 00a0 00       		.byte	0
 1109 00a1 0E       		.uleb128 0xe
 1110 00a2 05       		.uleb128 0x5
 1111 00a3 00       		.byte	0
 1112 00a4 49       		.uleb128 0x49
 1113 00a5 13       		.uleb128 0x13
 1114 00a6 00       		.byte	0
 1115 00a7 00       		.byte	0
 1116 00a8 0F       		.uleb128 0xf
 1117 00a9 13       		.uleb128 0x13
 1118 00aa 01       		.byte	0x1
 1119 00ab 03       		.uleb128 0x3
 1120 00ac 0E       		.uleb128 0xe
 1121 00ad 0B       		.uleb128 0xb
 1122 00ae 05       		.uleb128 0x5
 1123 00af 3A       		.uleb128 0x3a
 1124 00b0 0B       		.uleb128 0xb
 1125 00b1 3B       		.uleb128 0x3b
 1126 00b2 05       		.uleb128 0x5
 1127 00b3 01       		.uleb128 0x1
 1128 00b4 13       		.uleb128 0x13
 1129 00b5 00       		.byte	0
 1130 00b6 00       		.byte	0
 1131 00b7 10       		.uleb128 0x10
 1132 00b8 0D       		.uleb128 0xd
 1133 00b9 00       		.byte	0
 1134 00ba 03       		.uleb128 0x3
 1135 00bb 08       		.uleb128 0x8
 1136 00bc 3A       		.uleb128 0x3a
 1137 00bd 0B       		.uleb128 0xb
 1138 00be 3B       		.uleb128 0x3b
 1139 00bf 0B       		.uleb128 0xb
 1140 00c0 49       		.uleb128 0x49
ARM GAS  /tmp/ccWt7KL6.s 			page 21


 1141 00c1 13       		.uleb128 0x13
 1142 00c2 38       		.uleb128 0x38
 1143 00c3 0B       		.uleb128 0xb
 1144 00c4 00       		.byte	0
 1145 00c5 00       		.byte	0
 1146 00c6 11       		.uleb128 0x11
 1147 00c7 13       		.uleb128 0x13
 1148 00c8 01       		.byte	0x1
 1149 00c9 0B       		.uleb128 0xb
 1150 00ca 0B       		.uleb128 0xb
 1151 00cb 3A       		.uleb128 0x3a
 1152 00cc 0B       		.uleb128 0xb
 1153 00cd 3B       		.uleb128 0x3b
 1154 00ce 0B       		.uleb128 0xb
 1155 00cf 01       		.uleb128 0x1
 1156 00d0 13       		.uleb128 0x13
 1157 00d1 00       		.byte	0
 1158 00d2 00       		.byte	0
 1159 00d3 12       		.uleb128 0x12
 1160 00d4 17       		.uleb128 0x17
 1161 00d5 01       		.byte	0x1
 1162 00d6 0B       		.uleb128 0xb
 1163 00d7 0B       		.uleb128 0xb
 1164 00d8 3A       		.uleb128 0x3a
 1165 00d9 0B       		.uleb128 0xb
 1166 00da 3B       		.uleb128 0x3b
 1167 00db 0B       		.uleb128 0xb
 1168 00dc 01       		.uleb128 0x1
 1169 00dd 13       		.uleb128 0x13
 1170 00de 00       		.byte	0
 1171 00df 00       		.byte	0
 1172 00e0 13       		.uleb128 0x13
 1173 00e1 0D       		.uleb128 0xd
 1174 00e2 00       		.byte	0
 1175 00e3 03       		.uleb128 0x3
 1176 00e4 0E       		.uleb128 0xe
 1177 00e5 3A       		.uleb128 0x3a
 1178 00e6 0B       		.uleb128 0xb
 1179 00e7 3B       		.uleb128 0x3b
 1180 00e8 05       		.uleb128 0x5
 1181 00e9 49       		.uleb128 0x49
 1182 00ea 13       		.uleb128 0x13
 1183 00eb 00       		.byte	0
 1184 00ec 00       		.byte	0
 1185 00ed 14       		.uleb128 0x14
 1186 00ee 35       		.uleb128 0x35
 1187 00ef 00       		.byte	0
 1188 00f0 49       		.uleb128 0x49
 1189 00f1 13       		.uleb128 0x13
 1190 00f2 00       		.byte	0
 1191 00f3 00       		.byte	0
 1192 00f4 15       		.uleb128 0x15
 1193 00f5 01       		.uleb128 0x1
 1194 00f6 01       		.byte	0x1
 1195 00f7 49       		.uleb128 0x49
 1196 00f8 13       		.uleb128 0x13
 1197 00f9 01       		.uleb128 0x1
ARM GAS  /tmp/ccWt7KL6.s 			page 22


 1198 00fa 13       		.uleb128 0x13
 1199 00fb 00       		.byte	0
 1200 00fc 00       		.byte	0
 1201 00fd 16       		.uleb128 0x16
 1202 00fe 21       		.uleb128 0x21
 1203 00ff 00       		.byte	0
 1204 0100 49       		.uleb128 0x49
 1205 0101 13       		.uleb128 0x13
 1206 0102 2F       		.uleb128 0x2f
 1207 0103 0B       		.uleb128 0xb
 1208 0104 00       		.byte	0
 1209 0105 00       		.byte	0
 1210 0106 17       		.uleb128 0x17
 1211 0107 2E       		.uleb128 0x2e
 1212 0108 01       		.byte	0x1
 1213 0109 3F       		.uleb128 0x3f
 1214 010a 19       		.uleb128 0x19
 1215 010b 03       		.uleb128 0x3
 1216 010c 0E       		.uleb128 0xe
 1217 010d 3A       		.uleb128 0x3a
 1218 010e 0B       		.uleb128 0xb
 1219 010f 3B       		.uleb128 0x3b
 1220 0110 0B       		.uleb128 0xb
 1221 0111 27       		.uleb128 0x27
 1222 0112 19       		.uleb128 0x19
 1223 0113 49       		.uleb128 0x49
 1224 0114 13       		.uleb128 0x13
 1225 0115 11       		.uleb128 0x11
 1226 0116 01       		.uleb128 0x1
 1227 0117 12       		.uleb128 0x12
 1228 0118 06       		.uleb128 0x6
 1229 0119 40       		.uleb128 0x40
 1230 011a 18       		.uleb128 0x18
 1231 011b 9642     		.uleb128 0x2116
 1232 011d 19       		.uleb128 0x19
 1233 011e 01       		.uleb128 0x1
 1234 011f 13       		.uleb128 0x13
 1235 0120 00       		.byte	0
 1236 0121 00       		.byte	0
 1237 0122 18       		.uleb128 0x18
 1238 0123 05       		.uleb128 0x5
 1239 0124 00       		.byte	0
 1240 0125 03       		.uleb128 0x3
 1241 0126 0E       		.uleb128 0xe
 1242 0127 3A       		.uleb128 0x3a
 1243 0128 0B       		.uleb128 0xb
 1244 0129 3B       		.uleb128 0x3b
 1245 012a 0B       		.uleb128 0xb
 1246 012b 49       		.uleb128 0x49
 1247 012c 13       		.uleb128 0x13
 1248 012d 02       		.uleb128 0x2
 1249 012e 18       		.uleb128 0x18
 1250 012f 00       		.byte	0
 1251 0130 00       		.byte	0
 1252 0131 19       		.uleb128 0x19
 1253 0132 05       		.uleb128 0x5
 1254 0133 00       		.byte	0
ARM GAS  /tmp/ccWt7KL6.s 			page 23


 1255 0134 03       		.uleb128 0x3
 1256 0135 08       		.uleb128 0x8
 1257 0136 3A       		.uleb128 0x3a
 1258 0137 0B       		.uleb128 0xb
 1259 0138 3B       		.uleb128 0x3b
 1260 0139 0B       		.uleb128 0xb
 1261 013a 49       		.uleb128 0x49
 1262 013b 13       		.uleb128 0x13
 1263 013c 02       		.uleb128 0x2
 1264 013d 18       		.uleb128 0x18
 1265 013e 00       		.byte	0
 1266 013f 00       		.byte	0
 1267 0140 1A       		.uleb128 0x1a
 1268 0141 26       		.uleb128 0x26
 1269 0142 00       		.byte	0
 1270 0143 00       		.byte	0
 1271 0144 00       		.byte	0
 1272 0145 1B       		.uleb128 0x1b
 1273 0146 34       		.uleb128 0x34
 1274 0147 00       		.byte	0
 1275 0148 03       		.uleb128 0x3
 1276 0149 0E       		.uleb128 0xe
 1277 014a 3A       		.uleb128 0x3a
 1278 014b 0B       		.uleb128 0xb
 1279 014c 3B       		.uleb128 0x3b
 1280 014d 05       		.uleb128 0x5
 1281 014e 49       		.uleb128 0x49
 1282 014f 13       		.uleb128 0x13
 1283 0150 3F       		.uleb128 0x3f
 1284 0151 19       		.uleb128 0x19
 1285 0152 3C       		.uleb128 0x3c
 1286 0153 19       		.uleb128 0x19
 1287 0154 00       		.byte	0
 1288 0155 00       		.byte	0
 1289 0156 1C       		.uleb128 0x1c
 1290 0157 34       		.uleb128 0x34
 1291 0158 00       		.byte	0
 1292 0159 03       		.uleb128 0x3
 1293 015a 08       		.uleb128 0x8
 1294 015b 3A       		.uleb128 0x3a
 1295 015c 0B       		.uleb128 0xb
 1296 015d 3B       		.uleb128 0x3b
 1297 015e 05       		.uleb128 0x5
 1298 015f 49       		.uleb128 0x49
 1299 0160 13       		.uleb128 0x13
 1300 0161 3F       		.uleb128 0x3f
 1301 0162 19       		.uleb128 0x19
 1302 0163 3C       		.uleb128 0x3c
 1303 0164 19       		.uleb128 0x19
 1304 0165 00       		.byte	0
 1305 0166 00       		.byte	0
 1306 0167 00       		.byte	0
 1307              		.section	.debug_aranges,"",%progbits
 1308 0000 1C000000 		.4byte	0x1c
 1309 0004 0200     		.2byte	0x2
 1310 0006 00000000 		.4byte	.Ldebug_info0
 1311 000a 04       		.byte	0x4
ARM GAS  /tmp/ccWt7KL6.s 			page 24


 1312 000b 00       		.byte	0
 1313 000c 0000     		.2byte	0
 1314 000e 0000     		.2byte	0
 1315 0010 00000000 		.4byte	.Ltext0
 1316 0014 3E000000 		.4byte	.Letext0-.Ltext0
 1317 0018 00000000 		.4byte	0
 1318 001c 00000000 		.4byte	0
 1319              		.section	.debug_line,"",%progbits
 1320              	.Ldebug_line0:
 1321 0000 90020000 		.section	.debug_str,"MS",%progbits,1
 1321      02007402 
 1321      00000201 
 1321      FB0E0D00 
 1321      01010101 
 1322              	.LASF54:
 1323 0000 72656164 		.ascii	"ready_list_t\000"
 1323      795F6C69 
 1323      73745F74 
 1323      00
 1324              	.LASF91:
 1325 000d 77747472 		.ascii	"wttrp\000"
 1325      7000
 1326              	.LASF88:
 1327 0013 7264796D 		.ascii	"rdymsg\000"
 1327      736700
 1328              	.LASF18:
 1329 001a 75696E74 		.ascii	"uint64_t\000"
 1329      36345F74 
 1329      00
 1330              	.LASF5:
 1331 0023 5F5F7569 		.ascii	"__uint8_t\000"
 1331      6E74385F 
 1331      7400
 1332              	.LASF85:
 1333 002d 706F7274 		.ascii	"port_intctx\000"
 1333      5F696E74 
 1333      63747800 
 1334              	.LASF79:
 1335 0039 76746C69 		.ascii	"vtlist\000"
 1335      737400
 1336              	.LASF105:
 1337 0040 4F73616C 		.ascii	"Osal_MemCpy\000"
 1337      5F4D656D 
 1337      43707900 
 1338              	.LASF12:
 1339 004c 6C6F6E67 		.ascii	"long long unsigned int\000"
 1339      206C6F6E 
 1339      6720756E 
 1339      7369676E 
 1339      65642069 
 1340              	.LASF89:
 1341 0063 65786974 		.ascii	"exitcode\000"
 1341      636F6465 
 1341      00
 1342              	.LASF80:
 1343 006c 6D61696E 		.ascii	"mainthread\000"
 1343      74687265 
ARM GAS  /tmp/ccWt7KL6.s 			page 25


 1343      616400
 1344              	.LASF70:
 1345 0077 76697274 		.ascii	"virtual_timers_list_t\000"
 1345      75616C5F 
 1345      74696D65 
 1345      72735F6C 
 1345      6973745F 
 1346              	.LASF108:
 1347 008d 49544D5F 		.ascii	"ITM_RxBuffer\000"
 1347      52784275 
 1347      66666572 
 1347      00
 1348              	.LASF53:
 1349 009a 63685F74 		.ascii	"ch_threads_queue\000"
 1349      68726561 
 1349      64735F71 
 1349      75657565 
 1349      00
 1350              	.LASF32:
 1351 00ab 705F7072 		.ascii	"p_prio\000"
 1351      696F00
 1352              	.LASF10:
 1353 00b2 6C6F6E67 		.ascii	"long long int\000"
 1353      206C6F6E 
 1353      6720696E 
 1353      7400
 1354              	.LASF1:
 1355 00c0 7369676E 		.ascii	"signed char\000"
 1355      65642063 
 1355      68617200 
 1356              	.LASF104:
 1357 00cc 73697A65 		.ascii	"size\000"
 1357      00
 1358              	.LASF99:
 1359 00d1 6D5F7175 		.ascii	"m_queue\000"
 1359      65756500 
 1360              	.LASF90:
 1361 00d9 77746F62 		.ascii	"wtobjp\000"
 1361      6A7000
 1362              	.LASF23:
 1363 00e0 74736C69 		.ascii	"tslices_t\000"
 1363      6365735F 
 1363      7400
 1364              	.LASF77:
 1365 00ea 63685F73 		.ascii	"ch_system\000"
 1365      79737465 
 1365      6D00
 1366              	.LASF7:
 1367 00f4 6C6F6E67 		.ascii	"long int\000"
 1367      20696E74 
 1367      00
 1368              	.LASF21:
 1369 00fd 74737461 		.ascii	"tstate_t\000"
 1369      74655F74 
 1369      00
 1370              	.LASF34:
 1371 0106 705F6E65 		.ascii	"p_newer\000"
ARM GAS  /tmp/ccWt7KL6.s 			page 26


 1371      77657200 
 1372              	.LASF96:
 1373 010e 735F7175 		.ascii	"s_queue\000"
 1373      65756500 
 1374              	.LASF59:
 1375 0116 725F6E65 		.ascii	"r_newer\000"
 1375      77657200 
 1376              	.LASF47:
 1377 011e 705F6D70 		.ascii	"p_mpool\000"
 1377      6F6F6C00 
 1378              	.LASF82:
 1379 0126 72656761 		.ascii	"regarm_t\000"
 1379      726D5F74 
 1379      00
 1380              	.LASF66:
 1381 012f 76745F70 		.ascii	"vt_prev\000"
 1381      72657600 
 1382              	.LASF111:
 1383 0137 2F752F65 		.ascii	"/u/elawton2/p442-submissions/sensortile/reference/b"
 1383      6C617774 
 1383      6F6E322F 
 1383      70343432 
 1383      2D737562 
 1384 016a 6C75656D 		.ascii	"luemicrosystem2/BlueMicrosystem2_V2.2.0/Projects/Mu"
 1384      6963726F 
 1384      73797374 
 1384      656D322F 
 1384      426C7565 
 1385 019d 6C74692F 		.ascii	"lti/Applications/BlueMicrosystem2/bluechibi\000"
 1385      4170706C 
 1385      69636174 
 1385      696F6E73 
 1385      2F426C75 
 1386              	.LASF102:
 1387 01c9 6D757465 		.ascii	"mutex_t\000"
 1387      785F7400 
 1388              	.LASF107:
 1389 01d1 76616C75 		.ascii	"value\000"
 1389      6500
 1390              	.LASF81:
 1391 01d7 69646C65 		.ascii	"idle_thread_wa\000"
 1391      5F746872 
 1391      6561645F 
 1391      776100
 1392              	.LASF27:
 1393 01e6 636E745F 		.ascii	"cnt_t\000"
 1393      7400
 1394              	.LASF0:
 1395 01ec 756E7369 		.ascii	"unsigned int\000"
 1395      676E6564 
 1395      20696E74 
 1395      00
 1396              	.LASF92:
 1397 01f9 77747365 		.ascii	"wtsemp\000"
 1397      6D7000
 1398              	.LASF67:
 1399 0200 76745F64 		.ascii	"vt_delta\000"
ARM GAS  /tmp/ccWt7KL6.s 			page 27


 1399      656C7461 
 1399      00
 1400              	.LASF73:
 1401 0209 73797374 		.ascii	"system_debug_t\000"
 1401      656D5F64 
 1401      65627567 
 1401      5F7400
 1402              	.LASF65:
 1403 0218 76745F6E 		.ascii	"vt_next\000"
 1403      65787400 
 1404              	.LASF97:
 1405 0220 735F636E 		.ascii	"s_cnt\000"
 1405      7400
 1406              	.LASF4:
 1407 0226 73686F72 		.ascii	"short unsigned int\000"
 1407      7420756E 
 1407      7369676E 
 1407      65642069 
 1407      6E7400
 1408              	.LASF50:
 1409 0239 63685F74 		.ascii	"ch_thread\000"
 1409      68726561 
 1409      6400
 1410              	.LASF25:
 1411 0243 6D73675F 		.ascii	"msg_t\000"
 1411      7400
 1412              	.LASF51:
 1413 0249 63685F74 		.ascii	"ch_threads_list\000"
 1413      68726561 
 1413      64735F6C 
 1413      69737400 
 1414              	.LASF76:
 1415 0259 63685F73 		.ascii	"ch_system_t\000"
 1415      79737465 
 1415      6D5F7400 
 1416              	.LASF20:
 1417 0265 746D6F64 		.ascii	"tmode_t\000"
 1417      655F7400 
 1418              	.LASF55:
 1419 026d 63685F72 		.ascii	"ch_ready_list\000"
 1419      65616479 
 1419      5F6C6973 
 1419      7400
 1420              	.LASF26:
 1421 027b 6576656E 		.ascii	"eventmask_t\000"
 1421      746D6173 
 1421      6B5F7400 
 1422              	.LASF6:
 1423 0287 5F5F696E 		.ascii	"__int32_t\000"
 1423      7433325F 
 1423      7400
 1424              	.LASF83:
 1425 0291 73746B61 		.ascii	"stkalign_t\000"
 1425      6C69676E 
 1425      5F7400
 1426              	.LASF19:
 1427 029c 7274636E 		.ascii	"rtcnt_t\000"
ARM GAS  /tmp/ccWt7KL6.s 			page 28


 1427      745F7400 
 1428              	.LASF110:
 1429 02a4 2E2E2F2E 		.ascii	"../../../../../../ChibiOS/os/hal/osal/rt/osal.c\000"
 1429      2E2F2E2E 
 1429      2F2E2E2F 
 1429      2E2E2F2E 
 1429      2E2F4368 
 1430              	.LASF71:
 1431 02d4 63685F76 		.ascii	"ch_virtual_timers_list\000"
 1431      69727475 
 1431      616C5F74 
 1431      696D6572 
 1431      735F6C69 
 1432              	.LASF68:
 1433 02eb 76745F66 		.ascii	"vt_func\000"
 1433      756E6300 
 1434              	.LASF35:
 1435 02f3 705F6F6C 		.ascii	"p_older\000"
 1435      64657200 
 1436              	.LASF58:
 1437 02fb 725F6374 		.ascii	"r_ctx\000"
 1437      7800
 1438              	.LASF87:
 1439 0301 746D5F63 		.ascii	"tm_calibration_t\000"
 1439      616C6962 
 1439      72617469 
 1439      6F6E5F74 
 1439      00
 1440              	.LASF103:
 1441 0312 64657374 		.ascii	"dest\000"
 1441      00
 1442              	.LASF61:
 1443 0317 725F6375 		.ascii	"r_current\000"
 1443      7272656E 
 1443      7400
 1444              	.LASF60:
 1445 0321 725F6F6C 		.ascii	"r_older\000"
 1445      64657200 
 1446              	.LASF11:
 1447 0329 5F5F7569 		.ascii	"__uint64_t\000"
 1447      6E743634 
 1447      5F7400
 1448              	.LASF22:
 1449 0334 74726566 		.ascii	"trefs_t\000"
 1449      735F7400 
 1450              	.LASF63:
 1451 033c 76697274 		.ascii	"virtual_timer_t\000"
 1451      75616C5F 
 1451      74696D65 
 1451      725F7400 
 1452              	.LASF31:
 1453 034c 705F7072 		.ascii	"p_prev\000"
 1453      657600
 1454              	.LASF24:
 1455 0353 74707269 		.ascii	"tprio_t\000"
 1455      6F5F7400 
 1456              	.LASF74:
ARM GAS  /tmp/ccWt7KL6.s 			page 29


 1457 035b 63685F73 		.ascii	"ch_system_debug\000"
 1457      79737465 
 1457      6D5F6465 
 1457      62756700 
 1458              	.LASF16:
 1459 036b 696E7433 		.ascii	"int32_t\000"
 1459      325F7400 
 1460              	.LASF2:
 1461 0373 756E7369 		.ascii	"unsigned char\000"
 1461      676E6564 
 1461      20636861 
 1461      7200
 1462              	.LASF109:
 1463 0381 474E5520 		.ascii	"GNU C 4.8.4 20140526 (release) [ARM/embedded-4_8-br"
 1463      4320342E 
 1463      382E3420 
 1463      32303134 
 1463      30353236 
 1464 03b4 616E6368 		.ascii	"anch revision 211358] -mcpu=cortex-m4 -mno-thumb-in"
 1464      20726576 
 1464      6973696F 
 1464      6E203231 
 1464      31333538 
 1465 03e7 74657277 		.ascii	"terwork -mthumb -ggdb -O0 -std=c99 -fomit-frame-poi"
 1465      6F726B20 
 1465      2D6D7468 
 1465      756D6220 
 1465      2D676764 
 1466 041a 6E746572 		.ascii	"nter -falign-functions=16\000"
 1466      202D6661 
 1466      6C69676E 
 1466      2D66756E 
 1466      6374696F 
 1467              	.LASF45:
 1468 0434 705F6D74 		.ascii	"p_mtxlist\000"
 1468      786C6973 
 1468      7400
 1469              	.LASF3:
 1470 043e 73686F72 		.ascii	"short int\000"
 1470      7420696E 
 1470      7400
 1471              	.LASF37:
 1472 0448 705F7374 		.ascii	"p_state\000"
 1472      61746500 
 1473              	.LASF40:
 1474 0450 705F7072 		.ascii	"p_preempt\000"
 1474      65656D70 
 1474      7400
 1475              	.LASF57:
 1476 045a 725F7072 		.ascii	"r_prio\000"
 1476      696F00
 1477              	.LASF94:
 1478 0461 65776D61 		.ascii	"ewmask\000"
 1478      736B00
 1479              	.LASF30:
 1480 0468 705F6E65 		.ascii	"p_next\000"
 1480      787400
ARM GAS  /tmp/ccWt7KL6.s 			page 30


 1481              	.LASF38:
 1482 046f 705F666C 		.ascii	"p_flags\000"
 1482      61677300 
 1483              	.LASF64:
 1484 0477 63685F76 		.ascii	"ch_virtual_timer\000"
 1484      69727475 
 1484      616C5F74 
 1484      696D6572 
 1484      00
 1485              	.LASF95:
 1486 0488 63685F73 		.ascii	"ch_semaphore\000"
 1486      656D6170 
 1486      686F7265 
 1486      00
 1487              	.LASF44:
 1488 0495 705F6570 		.ascii	"p_epending\000"
 1488      656E6469 
 1488      6E6700
 1489              	.LASF106:
 1490 04a0 4F73616C 		.ascii	"Osal_MemSet\000"
 1490      5F4D656D 
 1490      53657400 
 1491              	.LASF93:
 1492 04ac 77746D74 		.ascii	"wtmtxp\000"
 1492      787000
 1493              	.LASF56:
 1494 04b3 725F7175 		.ascii	"r_queue\000"
 1494      65756500 
 1495              	.LASF72:
 1496 04bb 76745F73 		.ascii	"vt_systime\000"
 1496      79737469 
 1496      6D6500
 1497              	.LASF9:
 1498 04c6 6C6F6E67 		.ascii	"long unsigned int\000"
 1498      20756E73 
 1498      69676E65 
 1498      6420696E 
 1498      7400
 1499              	.LASF14:
 1500 04d8 63686172 		.ascii	"char\000"
 1500      00
 1501              	.LASF29:
 1502 04dd 74687265 		.ascii	"thread_t\000"
 1502      61645F74 
 1502      00
 1503              	.LASF101:
 1504 04e6 6D5F6E65 		.ascii	"m_next\000"
 1504      787400
 1505              	.LASF28:
 1506 04ed 73797374 		.ascii	"systime_t\000"
 1506      696D655F 
 1506      7400
 1507              	.LASF46:
 1508 04f7 705F7265 		.ascii	"p_realprio\000"
 1508      616C7072 
 1508      696F00
 1509              	.LASF62:
ARM GAS  /tmp/ccWt7KL6.s 			page 31


 1510 0502 76746675 		.ascii	"vtfunc_t\000"
 1510      6E635F74 
 1510      00
 1511              	.LASF8:
 1512 050b 5F5F7569 		.ascii	"__uint32_t\000"
 1512      6E743332 
 1512      5F7400
 1513              	.LASF75:
 1514 0516 70616E69 		.ascii	"panic_msg\000"
 1514      635F6D73 
 1514      6700
 1515              	.LASF86:
 1516 0520 6F666673 		.ascii	"offset\000"
 1516      657400
 1517              	.LASF84:
 1518 0527 636F6E74 		.ascii	"context\000"
 1518      65787400 
 1519              	.LASF42:
 1520 052f 705F6D73 		.ascii	"p_msgqueue\000"
 1520      67717565 
 1520      756500
 1521              	.LASF69:
 1522 053a 76745F70 		.ascii	"vt_par\000"
 1522      617200
 1523              	.LASF52:
 1524 0541 74687265 		.ascii	"threads_queue_t\000"
 1524      6164735F 
 1524      71756575 
 1524      655F7400 
 1525              	.LASF39:
 1526 0551 705F7265 		.ascii	"p_refs\000"
 1526      667300
 1527              	.LASF78:
 1528 0558 726C6973 		.ascii	"rlist\000"
 1528      7400
 1529              	.LASF15:
 1530 055e 75696E74 		.ascii	"uint8_t\000"
 1530      385F7400 
 1531              	.LASF13:
 1532 0566 73697A65 		.ascii	"sizetype\000"
 1532      74797065 
 1532      00
 1533              	.LASF48:
 1534 056f 74687265 		.ascii	"thread_reference_t\000"
 1534      61645F72 
 1534      65666572 
 1534      656E6365 
 1534      5F7400
 1535              	.LASF98:
 1536 0582 63685F6D 		.ascii	"ch_mutex\000"
 1536      75746578 
 1536      00
 1537              	.LASF36:
 1538 058b 705F6E61 		.ascii	"p_name\000"
 1538      6D6500
 1539              	.LASF49:
 1540 0592 74687265 		.ascii	"threads_list_t\000"
ARM GAS  /tmp/ccWt7KL6.s 			page 32


 1540      6164735F 
 1540      6C697374 
 1540      5F7400
 1541              	.LASF43:
 1542 05a1 705F6D73 		.ascii	"p_msg\000"
 1542      6700
 1543              	.LASF100:
 1544 05a7 6D5F6F77 		.ascii	"m_owner\000"
 1544      6E657200 
 1545              	.LASF17:
 1546 05af 75696E74 		.ascii	"uint32_t\000"
 1546      33325F74 
 1546      00
 1547              	.LASF33:
 1548 05b8 705F6374 		.ascii	"p_ctx\000"
 1548      7800
 1549              	.LASF41:
 1550 05be 705F7761 		.ascii	"p_waiting\000"
 1550      6974696E 
 1550      6700
 1551              		.ident	"GCC: (GNU Tools for ARM Embedded Processors) 4.8.4 20140526 (release) [ARM/embedded-4_8-br
ARM GAS  /tmp/ccWt7KL6.s 			page 33


DEFINED SYMBOLS
                            *ABS*:00000000 osal.c
     /tmp/ccWt7KL6.s:18     .text:00000000 $t
     /tmp/ccWt7KL6.s:24     .text:00000000 Osal_MemCpy
     /tmp/ccWt7KL6.s:59     .text:00000020 Osal_MemSet
                     .debug_frame:00000010 $d

UNDEFINED SYMBOLS
memcpy
memset
