ARM GAS  /tmp/ccykpew6.s 			page 1


   1              		.syntax unified
   2              		.cpu cortex-m4
   3              		.fpu softvfp
   4              		.eabi_attribute 20, 1
   5              		.eabi_attribute 21, 1
   6              		.eabi_attribute 23, 3
   7              		.eabi_attribute 24, 1
   8              		.eabi_attribute 25, 1
   9              		.eabi_attribute 26, 1
  10              		.eabi_attribute 30, 6
  11              		.eabi_attribute 34, 1
  12              		.eabi_attribute 18, 4
  13              		.thumb
  14              		.file	"OTA.c"
  15              		.text
  16              	.Ltext0:
  17              		.cfi_sections	.debug_frame
  18              		.bss
  19              		.align	2
  20              	SizeOfUpdateBlueFW:
  21 0000 00000000 		.space	4
  22              		.align	2
  23              	AspecteduwCRCValue:
  24 0004 00000000 		.space	4
  25              		.text
  26              		.align	2
  27              		.p2align 4,,15
  28              		.global	UpdateFWBlueMS
  29              		.thumb
  30              		.thumb_func
  31              		.type	UpdateFWBlueMS, %function
  32              	UpdateFWBlueMS:
  33              	.LFB125:
  34              		.file 1 "../../../../../Projects/Multi/Applications/BlueMicrosystem2/Src/OTA.c"
  35              		.loc 1 253 0
  36              		.cfi_startproc
  37              		@ args = 0, pretend = 0, frame = 80
  38              		@ frame_needed = 0, uses_anonymous_args = 0
  39 0000 00B5     		push	{lr}
  40              		.cfi_def_cfa_offset 4
  41              		.cfi_offset 14, -4
  42 0002 95B0     		sub	sp, sp, #84
  43              		.cfi_def_cfa_offset 88
  44 0004 0390     		str	r0, [sp, #12]
  45 0006 0291     		str	r1, [sp, #8]
  46 0008 0192     		str	r2, [sp, #4]
  47 000a 8DF80330 		strb	r3, [sp, #3]
  48              		.loc 1 254 0
  49 000e 0023     		movs	r3, #0
  50 0010 8DF84F30 		strb	r3, [sp, #79]
  51              		.loc 1 256 0
  52 0014 019A     		ldr	r2, [sp, #4]
  53 0016 039B     		ldr	r3, [sp, #12]
  54 0018 1B68     		ldr	r3, [r3]
  55 001a 9A42     		cmp	r2, r3
  56 001c 06D9     		bls	.L2
  57              		.loc 1 259 0
ARM GAS  /tmp/ccykpew6.s 			page 2


  58 001e FF23     		movs	r3, #255
  59 0020 8DF84F30 		strb	r3, [sp, #79]
  60              		.loc 1 261 0
  61 0024 039B     		ldr	r3, [sp, #12]
  62 0026 0022     		movs	r2, #0
  63 0028 1A60     		str	r2, [r3]
  64 002a 85E0     		b	.L3
  65              	.L2:
  66              	.LBB2:
  67              		.loc 1 268 0
  68 002c FFF7FEFF 		bl	HAL_FLASH_Unlock
  69              		.loc 1 270 0
  70 0030 0023     		movs	r3, #0
  71 0032 1293     		str	r3, [sp, #72]
  72 0034 21E0     		b	.L4
  73              	.L7:
  74              		.loc 1 271 0
  75 0036 129B     		ldr	r3, [sp, #72]
  76 0038 029A     		ldr	r2, [sp, #8]
  77 003a 1A44     		add	r2, r2, r3
  78 003c 0199     		ldr	r1, [sp, #4]
  79 003e 129B     		ldr	r3, [sp, #72]
  80 0040 CB1A     		subs	r3, r1, r3
  81 0042 0133     		adds	r3, r3, #1
  82 0044 0EA9     		add	r1, sp, #56
  83 0046 0846     		mov	r0, r1
  84 0048 1146     		mov	r1, r2
  85 004a 1A46     		mov	r2, r3
  86 004c FFF7FEFF 		bl	memcpy
  87              		.loc 1 273 0
  88 0050 3F4B     		ldr	r3, .L16+8
  89 0052 1968     		ldr	r1, [r3]
  90 0054 DDE90E23 		ldrd	r2, [sp, #56]
  91 0058 0020     		movs	r0, #0
  92 005a FFF7FEFF 		bl	HAL_FLASH_Program
  93 005e 0346     		mov	r3, r0
  94 0060 002B     		cmp	r3, #0
  95 0062 09D1     		bne	.L5
  96              		.loc 1 274 0
  97 0064 3A4B     		ldr	r3, .L16+8
  98 0066 1B68     		ldr	r3, [r3]
  99 0068 03F10802 		add	r2, r3, #8
 100 006c 384B     		ldr	r3, .L16+8
 101 006e 1A60     		str	r2, [r3]
 102              		.loc 1 270 0
 103 0070 129B     		ldr	r3, [sp, #72]
 104 0072 0833     		adds	r3, r3, #8
 105 0074 1293     		str	r3, [sp, #72]
 106 0076 00E0     		b	.L4
 107              	.L5:
 108              		.loc 1 279 0 discriminator 1
 109 0078 FEE7     		b	.L5
 110              	.L4:
 111              		.loc 1 270 0 discriminator 1
 112 007a 129A     		ldr	r2, [sp, #72]
 113 007c 019B     		ldr	r3, [sp, #4]
 114 007e 9A42     		cmp	r2, r3
ARM GAS  /tmp/ccykpew6.s 			page 3


 115 0080 D9DB     		blt	.L7
 116              		.loc 1 283 0
 117 0082 039B     		ldr	r3, [sp, #12]
 118 0084 1A68     		ldr	r2, [r3]
 119 0086 019B     		ldr	r3, [sp, #4]
 120 0088 D21A     		subs	r2, r2, r3
 121 008a 039B     		ldr	r3, [sp, #12]
 122 008c 1A60     		str	r2, [r3]
 123              		.loc 1 285 0
 124 008e 039B     		ldr	r3, [sp, #12]
 125 0090 1B68     		ldr	r3, [r3]
 126 0092 002B     		cmp	r3, #0
 127 0094 4ED1     		bne	.L8
 128              		.loc 1 289 0
 129 0096 9DF80330 		ldrb	r3, [sp, #3]	@ zero_extendqisi2
 130 009a 002B     		cmp	r3, #0
 131 009c 4AD0     		beq	.L8
 132              	.LBB3:
 133              		.loc 1 291 0
 134 009e 0023     		movs	r3, #0
 135 00a0 1193     		str	r3, [sp, #68]
 136              		.loc 1 296 0
 137 00a2 2C4B     		ldr	r3, .L16+12
 138 00a4 0593     		str	r3, [sp, #20]
 139              		.loc 1 298 0
 140 00a6 0023     		movs	r3, #0
 141 00a8 8DF81830 		strb	r3, [sp, #24]
 142              		.loc 1 301 0
 143 00ac 0023     		movs	r3, #0
 144 00ae 8DF81930 		strb	r3, [sp, #25]
 145              		.loc 1 304 0
 146 00b2 0023     		movs	r3, #0
 147 00b4 0A93     		str	r3, [sp, #40]
 148              		.loc 1 307 0
 149 00b6 0023     		movs	r3, #0
 150 00b8 0B93     		str	r3, [sp, #44]
 151              		.loc 1 310 0
 152 00ba 0323     		movs	r3, #3
 153 00bc 0D93     		str	r3, [sp, #52]
 154              		.loc 1 312 0
 155 00be 05AB     		add	r3, sp, #20
 156 00c0 1846     		mov	r0, r3
 157 00c2 FFF7FEFF 		bl	HAL_CRC_GetState
 158 00c6 0346     		mov	r3, r0
 159 00c8 002B     		cmp	r3, #0
 160 00ca 03D0     		beq	.L9
 161              		.loc 1 313 0
 162 00cc 05AB     		add	r3, sp, #20
 163 00ce 1846     		mov	r0, r3
 164 00d0 FFF7FEFF 		bl	HAL_CRC_DeInit
 165              	.L9:
 166              		.loc 1 316 0
 167 00d4 05AB     		add	r3, sp, #20
 168 00d6 1846     		mov	r0, r3
 169 00d8 FFF7FEFF 		bl	HAL_CRC_Init
 170 00dc 0346     		mov	r3, r0
 171 00de 002B     		cmp	r3, #0
ARM GAS  /tmp/ccykpew6.s 			page 4


 172 00e0 00D0     		beq	.L10
 173              	.L11:
 174              		.loc 1 318 0 discriminator 1
 175 00e2 FEE7     		b	.L11
 176              	.L10:
 177              		.loc 1 324 0
 178 00e4 1C4B     		ldr	r3, .L16+16
 179 00e6 1B68     		ldr	r3, [r3]
 180 00e8 9B08     		lsrs	r3, r3, #2
 181 00ea 05AA     		add	r2, sp, #20
 182 00ec 1046     		mov	r0, r2
 183 00ee 1B49     		ldr	r1, .L16+20
 184 00f0 1A46     		mov	r2, r3
 185 00f2 FFF7FEFF 		bl	HAL_CRC_Calculate
 186 00f6 1190     		str	r0, [sp, #68]
 187              		.loc 1 326 0
 188 00f8 194B     		ldr	r3, .L16+24
 189 00fa 1B68     		ldr	r3, [r3]
 190 00fc 119A     		ldr	r2, [sp, #68]
 191 00fe 9A42     		cmp	r2, r3
 192 0100 15D1     		bne	.L12
 193              		.loc 1 327 0
 194 0102 0123     		movs	r3, #1
 195 0104 8DF84F30 		strb	r3, [sp, #79]
 196              		.loc 1 330 0
 197 0108 114B     		ldr	r3, .L16+8
 198 010a 164A     		ldr	r2, .L16+28
 199 010c 1A60     		str	r2, [r3]
 200              		.loc 1 331 0
 201 010e 0EA3     		adr	r3, .L16
 202 0110 D3E90023 		ldrd	r2, [r3]
 203 0114 CDE90E23 		strd	r2, [sp, #56]
 204              		.loc 1 333 0
 205 0118 0D4B     		ldr	r3, .L16+8
 206 011a 1968     		ldr	r1, [r3]
 207 011c DDE90E23 		ldrd	r2, [sp, #56]
 208 0120 0020     		movs	r0, #0
 209 0122 FFF7FEFF 		bl	HAL_FLASH_Program
 210 0126 0346     		mov	r3, r0
 211 0128 002B     		cmp	r3, #0
 212 012a 03D0     		beq	.L8
 213              	.L14:
 214              		.loc 1 337 0 discriminator 1
 215 012c FEE7     		b	.L14
 216              	.L12:
 217              		.loc 1 342 0
 218 012e FF23     		movs	r3, #255
 219 0130 8DF84F30 		strb	r3, [sp, #79]
 220              	.L8:
 221              	.LBE3:
 222              		.loc 1 350 0 discriminator 2
 223 0134 FFF7FEFF 		bl	HAL_FLASH_Lock
 224              	.L3:
 225              	.LBE2:
 226              		.loc 1 352 0
 227 0138 9DF84F30 		ldrb	r3, [sp, #79]	@ zero_extendqisi2
 228 013c 5BB2     		sxtb	r3, r3
ARM GAS  /tmp/ccykpew6.s 			page 5


 229              		.loc 1 353 0
 230 013e 1846     		mov	r0, r3
 231 0140 15B0     		add	sp, sp, #84
 232              		@ sp needed
 233 0142 5DF804FB 		ldr	pc, [sp], #4
 234              	.L17:
 235 0146 00BF     		.align	3
 236              	.L16:
 237 0148 EFBEADDE 		.word	-559038737
 238 014c 00000000 		.word	0
 239 0150 00000000 		.word	Address.9474
 240 0154 00300240 		.word	1073885184
 241 0158 00000000 		.word	SizeOfUpdateBlueFW
 242 015c 08000408 		.word	134479880
 243 0160 04000000 		.word	AspecteduwCRCValue
 244 0164 00000408 		.word	134479872
 245              		.cfi_endproc
 246              	.LFE125:
 247              		.size	UpdateFWBlueMS, .-UpdateFWBlueMS
 248              		.align	2
 249 0168 AFF30080 		.p2align 4,,15
 249      AFF30080 
 250              		.global	StartUpdateFWBlueMS
 251              		.thumb
 252              		.thumb_func
 253              		.type	StartUpdateFWBlueMS, %function
 254              	StartUpdateFWBlueMS:
 255              	.LFB126:
 256              		.loc 1 362 0
 257              		.cfi_startproc
 258              		@ args = 0, pretend = 0, frame = 32
 259              		@ frame_needed = 0, uses_anonymous_args = 0
 260 0170 00B5     		push	{lr}
 261              		.cfi_def_cfa_offset 4
 262              		.cfi_offset 14, -4
 263 0172 89B0     		sub	sp, sp, #36
 264              		.cfi_def_cfa_offset 40
 265 0174 0190     		str	r0, [sp, #4]
 266 0176 0091     		str	r1, [sp]
 267              		.loc 1 364 0
 268 0178 0023     		movs	r3, #0
 269 017a 0393     		str	r3, [sp, #12]
 270              		.loc 1 367 0
 271 017c 134B     		ldr	r3, .L21
 272 017e 019A     		ldr	r2, [sp, #4]
 273 0180 1A60     		str	r2, [r3]
 274              		.loc 1 368 0
 275 0182 134B     		ldr	r3, .L21+4
 276 0184 009A     		ldr	r2, [sp]
 277 0186 1A60     		str	r2, [r3]
 278              		.loc 1 370 0
 279 0188 0023     		movs	r3, #0
 280 018a 0493     		str	r3, [sp, #16]
 281              		.loc 1 371 0
 282 018c 1148     		ldr	r0, .L21+8
 283 018e 00F067F8 		bl	GetBank
 284 0192 0346     		mov	r3, r0
ARM GAS  /tmp/ccykpew6.s 			page 6


 285 0194 0593     		str	r3, [sp, #20]
 286              		.loc 1 372 0
 287 0196 0F48     		ldr	r0, .L21+8
 288 0198 00F022F8 		bl	GetPage
 289 019c 0346     		mov	r3, r0
 290 019e 0693     		str	r3, [sp, #24]
 291              		.loc 1 373 0
 292 01a0 019B     		ldr	r3, [sp, #4]
 293 01a2 03F60703 		addw	r3, r3, #2055
 294 01a6 DB0A     		lsrs	r3, r3, #11
 295 01a8 0793     		str	r3, [sp, #28]
 296              		.loc 1 376 0
 297 01aa FFF7FEFF 		bl	HAL_FLASH_Unlock
 298              		.loc 1 378 0
 299 01ae 04AA     		add	r2, sp, #16
 300 01b0 03AB     		add	r3, sp, #12
 301 01b2 1046     		mov	r0, r2
 302 01b4 1946     		mov	r1, r3
 303 01b6 FFF7FEFF 		bl	HAL_FLASHEx_Erase
 304 01ba 0346     		mov	r3, r0
 305 01bc 002B     		cmp	r3, #0
 306 01be 00D0     		beq	.L19
 307              	.L20:
 308              		.loc 1 384 0 discriminator 1
 309 01c0 FEE7     		b	.L20
 310              	.L19:
 311              		.loc 1 391 0
 312 01c2 FFF7FEFF 		bl	HAL_FLASH_Lock
 313              		.loc 1 392 0
 314 01c6 09B0     		add	sp, sp, #36
 315              		@ sp needed
 316 01c8 5DF804FB 		ldr	pc, [sp], #4
 317              	.L22:
 318              		.align	2
 319              	.L21:
 320 01cc 00000000 		.word	SizeOfUpdateBlueFW
 321 01d0 04000000 		.word	AspecteduwCRCValue
 322 01d4 00000408 		.word	134479872
 323              		.cfi_endproc
 324              	.LFE126:
 325              		.size	StartUpdateFWBlueMS, .-StartUpdateFWBlueMS
 326              		.align	2
 327 01d8 AFF30080 		.p2align 4,,15
 327      AFF30080 
 328              		.thumb
 329              		.thumb_func
 330              		.type	GetPage, %function
 331              	GetPage:
 332              	.LFB127:
 333              		.loc 1 401 0
 334              		.cfi_startproc
 335              		@ args = 0, pretend = 0, frame = 16
 336              		@ frame_needed = 0, uses_anonymous_args = 0
 337              		@ link register save eliminated.
 338 01e0 84B0     		sub	sp, sp, #16
 339              		.cfi_def_cfa_offset 16
 340 01e2 0190     		str	r0, [sp, #4]
ARM GAS  /tmp/ccykpew6.s 			page 7


 341              		.loc 1 402 0
 342 01e4 0023     		movs	r3, #0
 343 01e6 0393     		str	r3, [sp, #12]
 344              		.loc 1 404 0
 345 01e8 184B     		ldr	r3, .L31
 346 01ea 1A88     		ldrh	r2, [r3]
 347 01ec 4FF6FF73 		movw	r3, #65535
 348 01f0 9A42     		cmp	r2, r3
 349 01f2 08D0     		beq	.L24
 350              		.loc 1 404 0 is_stmt 0 discriminator 1
 351 01f4 154B     		ldr	r3, .L31
 352 01f6 1B88     		ldrh	r3, [r3]
 353 01f8 C3F30B03 		ubfx	r3, r3, #0, #12
 354 01fc 9B02     		lsls	r3, r3, #10
 355 01fe 5B10     		asrs	r3, r3, #1
 356 0200 03F10063 		add	r3, r3, #134217728
 357 0204 00E0     		b	.L25
 358              	.L24:
 359              		.loc 1 404 0 discriminator 2
 360 0206 124B     		ldr	r3, .L31+4
 361              	.L25:
 362              		.loc 1 404 0 discriminator 3
 363 0208 019A     		ldr	r2, [sp, #4]
 364 020a 9342     		cmp	r3, r2
 365 020c 05D9     		bls	.L26
 366              		.loc 1 406 0 is_stmt 1
 367 020e 019B     		ldr	r3, [sp, #4]
 368 0210 03F17843 		add	r3, r3, #-134217728
 369 0214 DB0A     		lsrs	r3, r3, #11
 370 0216 0393     		str	r3, [sp, #12]
 371 0218 13E0     		b	.L27
 372              	.L26:
 373              		.loc 1 409 0
 374 021a 0C4B     		ldr	r3, .L31
 375 021c 1A88     		ldrh	r2, [r3]
 376 021e 4FF6FF73 		movw	r3, #65535
 377 0222 9A42     		cmp	r2, r3
 378 0224 08D0     		beq	.L28
 379              		.loc 1 409 0 is_stmt 0 discriminator 1
 380 0226 094B     		ldr	r3, .L31
 381 0228 1B88     		ldrh	r3, [r3]
 382 022a C3F30B03 		ubfx	r3, r3, #0, #12
 383 022e 9B02     		lsls	r3, r3, #10
 384 0230 5B10     		asrs	r3, r3, #1
 385 0232 03F10063 		add	r3, r3, #134217728
 386 0236 00E0     		b	.L29
 387              	.L28:
 388              		.loc 1 409 0 discriminator 2
 389 0238 054B     		ldr	r3, .L31+4
 390              	.L29:
 391              		.loc 1 409 0 discriminator 3
 392 023a 019A     		ldr	r2, [sp, #4]
 393 023c D31A     		subs	r3, r2, r3
 394 023e DB0A     		lsrs	r3, r3, #11
 395 0240 0393     		str	r3, [sp, #12]
 396              	.L27:
 397              		.loc 1 412 0 is_stmt 1
ARM GAS  /tmp/ccykpew6.s 			page 8


 398 0242 039B     		ldr	r3, [sp, #12]
 399              		.loc 1 413 0
 400 0244 1846     		mov	r0, r3
 401 0246 04B0     		add	sp, sp, #16
 402              		@ sp needed
 403 0248 7047     		bx	lr
 404              	.L32:
 405 024a 00BF     		.align	2
 406              	.L31:
 407 024c E075FF1F 		.word	536835552
 408 0250 00000808 		.word	134742016
 409              		.cfi_endproc
 410              	.LFE127:
 411              		.size	GetPage, .-GetPage
 412              		.align	2
 413 0254 AFF30080 		.p2align 4,,15
 413      AFF30080 
 413      AFF30080 
 414              		.thumb
 415              		.thumb_func
 416              		.type	GetBank, %function
 417              	GetBank:
 418              	.LFB128:
 419              		.loc 1 421 0
 420              		.cfi_startproc
 421              		@ args = 0, pretend = 0, frame = 16
 422              		@ frame_needed = 0, uses_anonymous_args = 0
 423              		@ link register save eliminated.
 424 0260 84B0     		sub	sp, sp, #16
 425              		.cfi_def_cfa_offset 16
 426 0262 0190     		str	r0, [sp, #4]
 427              		.loc 1 422 0
 428 0264 0023     		movs	r3, #0
 429 0266 0393     		str	r3, [sp, #12]
 430              		.loc 1 424 0
 431 0268 1D4B     		ldr	r3, .L44
 432 026a 1B68     		ldr	r3, [r3]
 433 026c 03F48073 		and	r3, r3, #256
 434 0270 002B     		cmp	r3, #0
 435 0272 18D1     		bne	.L34
 436              		.loc 1 426 0
 437 0274 1B4B     		ldr	r3, .L44+4
 438 0276 1A88     		ldrh	r2, [r3]
 439 0278 4FF6FF73 		movw	r3, #65535
 440 027c 9A42     		cmp	r2, r3
 441 027e 08D0     		beq	.L35
 442              		.loc 1 426 0 is_stmt 0 discriminator 1
 443 0280 184B     		ldr	r3, .L44+4
 444 0282 1B88     		ldrh	r3, [r3]
 445 0284 C3F30B03 		ubfx	r3, r3, #0, #12
 446 0288 9B02     		lsls	r3, r3, #10
 447 028a 5B10     		asrs	r3, r3, #1
 448 028c 03F10063 		add	r3, r3, #134217728
 449 0290 00E0     		b	.L36
 450              	.L35:
 451              		.loc 1 426 0 discriminator 2
 452 0292 154B     		ldr	r3, .L44+8
ARM GAS  /tmp/ccykpew6.s 			page 9


 453              	.L36:
 454              		.loc 1 426 0 discriminator 3
 455 0294 019A     		ldr	r2, [sp, #4]
 456 0296 9342     		cmp	r3, r2
 457 0298 02D9     		bls	.L37
 458              		.loc 1 427 0 is_stmt 1
 459 029a 0123     		movs	r3, #1
 460 029c 0393     		str	r3, [sp, #12]
 461 029e 1AE0     		b	.L39
 462              	.L37:
 463              		.loc 1 429 0
 464 02a0 0223     		movs	r3, #2
 465 02a2 0393     		str	r3, [sp, #12]
 466 02a4 17E0     		b	.L39
 467              	.L34:
 468              		.loc 1 433 0
 469 02a6 0F4B     		ldr	r3, .L44+4
 470 02a8 1A88     		ldrh	r2, [r3]
 471 02aa 4FF6FF73 		movw	r3, #65535
 472 02ae 9A42     		cmp	r2, r3
 473 02b0 08D0     		beq	.L40
 474              		.loc 1 433 0 is_stmt 0 discriminator 1
 475 02b2 0C4B     		ldr	r3, .L44+4
 476 02b4 1B88     		ldrh	r3, [r3]
 477 02b6 C3F30B03 		ubfx	r3, r3, #0, #12
 478 02ba 9B02     		lsls	r3, r3, #10
 479 02bc 5B10     		asrs	r3, r3, #1
 480 02be 03F10063 		add	r3, r3, #134217728
 481 02c2 00E0     		b	.L41
 482              	.L40:
 483              		.loc 1 433 0 discriminator 2
 484 02c4 084B     		ldr	r3, .L44+8
 485              	.L41:
 486              		.loc 1 433 0 discriminator 3
 487 02c6 019A     		ldr	r2, [sp, #4]
 488 02c8 9342     		cmp	r3, r2
 489 02ca 02D9     		bls	.L42
 490              		.loc 1 434 0 is_stmt 1
 491 02cc 0223     		movs	r3, #2
 492 02ce 0393     		str	r3, [sp, #12]
 493 02d0 01E0     		b	.L39
 494              	.L42:
 495              		.loc 1 436 0
 496 02d2 0123     		movs	r3, #1
 497 02d4 0393     		str	r3, [sp, #12]
 498              	.L39:
 499              		.loc 1 440 0
 500 02d6 039B     		ldr	r3, [sp, #12]
 501              		.loc 1 441 0
 502 02d8 1846     		mov	r0, r3
 503 02da 04B0     		add	sp, sp, #16
 504              		@ sp needed
 505 02dc 7047     		bx	lr
 506              	.L45:
 507 02de 00BF     		.align	2
 508              	.L44:
 509 02e0 00000140 		.word	1073807360
ARM GAS  /tmp/ccykpew6.s 			page 10


 510 02e4 E075FF1F 		.word	536835552
 511 02e8 00000808 		.word	134742016
 512              		.cfi_endproc
 513              	.LFE128:
 514              		.size	GetBank, .-GetBank
 515              		.data
 516              		.align	2
 517              		.type	Address.9474, %object
 518              		.size	Address.9474, 4
 519              	Address.9474:
 520 0000 08000408 		.word	134479880
 521              		.text
 522              	.Letext0:
 523              		.file 2 "/nfs/nfs5/home/research/hardware/arm2/gcc-arm-embedded/gcc-arm-none-eabi-4_8-2014q2/arm-n
 524              		.file 3 "/nfs/nfs5/home/research/hardware/arm2/gcc-arm-embedded/gcc-arm-none-eabi-4_8-2014q2/arm-n
 525              		.file 4 "../../../../../../ChibiOS/os/ext/CMSIS/ST/STM32L4xx/stm32l476xx.h"
 526              		.file 5 "../../../../../Drivers/STM32L4xx_HAL_Driver/Inc/stm32l4xx_hal_def.h"
 527              		.file 6 "../../../../../Drivers/STM32L4xx_HAL_Driver/Inc/stm32l4xx_hal_crc.h"
 528              		.file 7 "../../../../../Drivers/STM32L4xx_HAL_Driver/Inc/stm32l4xx_hal_flash.h"
 529              		.file 8 "../../../../../../ChibiOS/os/ext/CMSIS/include/core_cm4.h"
 530 02ec AFF30080 		.section	.debug_info,"",%progbits
 531              	.Ldebug_info0:
 532 0000 52050000 		.4byte	0x552
 533 0004 0400     		.2byte	0x4
 534 0006 00000000 		.4byte	.Ldebug_abbrev0
 535 000a 04       		.byte	0x4
 536 000b 01       		.uleb128 0x1
 537 000c A0000000 		.4byte	.LASF87
 538 0010 01       		.byte	0x1
 539 0011 17000000 		.4byte	.LASF88
 540 0015 2F020000 		.4byte	.LASF89
 541 0019 00000000 		.4byte	.Ltext0
 542 001d EC020000 		.4byte	.Letext0-.Ltext0
 543 0021 00000000 		.4byte	.Ldebug_line0
 544 0025 02       		.uleb128 0x2
 545 0026 04       		.byte	0x4
 546 0027 07       		.byte	0x7
 547 0028 74050000 		.4byte	.LASF0
 548 002c 03       		.uleb128 0x3
 549 002d 04       		.byte	0x4
 550 002e 05       		.byte	0x5
 551 002f 696E7400 		.ascii	"int\000"
 552 0033 04       		.uleb128 0x4
 553 0034 08040000 		.4byte	.LASF2
 554 0038 02       		.byte	0x2
 555 0039 1B       		.byte	0x1b
 556 003a 3E000000 		.4byte	0x3e
 557 003e 02       		.uleb128 0x2
 558 003f 01       		.byte	0x1
 559 0040 06       		.byte	0x6
 560 0041 7B030000 		.4byte	.LASF1
 561 0045 04       		.uleb128 0x4
 562 0046 27030000 		.4byte	.LASF3
 563 004a 02       		.byte	0x2
 564 004b 1C       		.byte	0x1c
 565 004c 50000000 		.4byte	0x50
 566 0050 02       		.uleb128 0x2
ARM GAS  /tmp/ccykpew6.s 			page 11


 567 0051 01       		.byte	0x1
 568 0052 08       		.byte	0x8
 569 0053 5D030000 		.4byte	.LASF4
 570 0057 02       		.uleb128 0x2
 571 0058 02       		.byte	0x2
 572 0059 05       		.byte	0x5
 573 005a D6010000 		.4byte	.LASF5
 574 005e 04       		.uleb128 0x4
 575 005f B7010000 		.4byte	.LASF6
 576 0063 02       		.byte	0x2
 577 0064 26       		.byte	0x26
 578 0065 69000000 		.4byte	0x69
 579 0069 02       		.uleb128 0x2
 580 006a 02       		.byte	0x2
 581 006b 07       		.byte	0x7
 582 006c F5030000 		.4byte	.LASF7
 583 0070 04       		.uleb128 0x4
 584 0071 5F040000 		.4byte	.LASF8
 585 0075 02       		.byte	0x2
 586 0076 37       		.byte	0x37
 587 0077 7B000000 		.4byte	0x7b
 588 007b 02       		.uleb128 0x2
 589 007c 04       		.byte	0x4
 590 007d 05       		.byte	0x5
 591 007e 00030000 		.4byte	.LASF9
 592 0082 04       		.uleb128 0x4
 593 0083 A4010000 		.4byte	.LASF10
 594 0087 02       		.byte	0x2
 595 0088 38       		.byte	0x38
 596 0089 8D000000 		.4byte	0x8d
 597 008d 02       		.uleb128 0x2
 598 008e 04       		.byte	0x4
 599 008f 07       		.byte	0x7
 600 0090 C0040000 		.4byte	.LASF11
 601 0094 02       		.uleb128 0x2
 602 0095 08       		.byte	0x8
 603 0096 05       		.byte	0x5
 604 0097 96010000 		.4byte	.LASF12
 605 009b 04       		.uleb128 0x4
 606 009c 75040000 		.4byte	.LASF13
 607 00a0 02       		.byte	0x2
 608 00a1 4E       		.byte	0x4e
 609 00a2 A6000000 		.4byte	0xa6
 610 00a6 02       		.uleb128 0x2
 611 00a7 08       		.byte	0x8
 612 00a8 07       		.byte	0x7
 613 00a9 87030000 		.4byte	.LASF14
 614 00ad 02       		.uleb128 0x2
 615 00ae 04       		.byte	0x4
 616 00af 07       		.byte	0x7
 617 00b0 61010000 		.4byte	.LASF15
 618 00b4 02       		.uleb128 0x2
 619 00b5 01       		.byte	0x1
 620 00b6 08       		.byte	0x8
 621 00b7 2B040000 		.4byte	.LASF16
 622 00bb 04       		.uleb128 0x4
 623 00bc 8B000000 		.4byte	.LASF17
ARM GAS  /tmp/ccykpew6.s 			page 12


 624 00c0 03       		.byte	0x3
 625 00c1 29       		.byte	0x29
 626 00c2 33000000 		.4byte	0x33
 627 00c6 04       		.uleb128 0x4
 628 00c7 17020000 		.4byte	.LASF18
 629 00cb 03       		.byte	0x3
 630 00cc 2A       		.byte	0x2a
 631 00cd 45000000 		.4byte	0x45
 632 00d1 04       		.uleb128 0x4
 633 00d2 B3030000 		.4byte	.LASF19
 634 00d6 03       		.byte	0x3
 635 00d7 36       		.byte	0x36
 636 00d8 5E000000 		.4byte	0x5e
 637 00dc 04       		.uleb128 0x4
 638 00dd 4D040000 		.4byte	.LASF20
 639 00e1 03       		.byte	0x3
 640 00e2 41       		.byte	0x41
 641 00e3 70000000 		.4byte	0x70
 642 00e7 04       		.uleb128 0x4
 643 00e8 9E030000 		.4byte	.LASF21
 644 00ec 03       		.byte	0x3
 645 00ed 42       		.byte	0x42
 646 00ee 82000000 		.4byte	0x82
 647 00f2 04       		.uleb128 0x4
 648 00f3 97000000 		.4byte	.LASF22
 649 00f7 03       		.byte	0x3
 650 00f8 4E       		.byte	0x4e
 651 00f9 9B000000 		.4byte	0x9b
 652 00fd 05       		.uleb128 0x5
 653 00fe E7000000 		.4byte	0xe7
 654 0102 06       		.uleb128 0x6
 655 0103 E7000000 		.4byte	0xe7
 656 0107 12010000 		.4byte	0x112
 657 010b 07       		.uleb128 0x7
 658 010c AD000000 		.4byte	0xad
 659 0110 03       		.byte	0x3
 660 0111 00       		.byte	0
 661 0112 05       		.uleb128 0x5
 662 0113 C6000000 		.4byte	0xc6
 663 0117 08       		.uleb128 0x8
 664 0118 18       		.byte	0x18
 665 0119 04       		.byte	0x4
 666 011a 4A01     		.2byte	0x14a
 667 011c 87010000 		.4byte	0x187
 668 0120 09       		.uleb128 0x9
 669 0121 445200   		.ascii	"DR\000"
 670 0124 04       		.byte	0x4
 671 0125 4C01     		.2byte	0x14c
 672 0127 FD000000 		.4byte	0xfd
 673 012b 00       		.byte	0
 674 012c 09       		.uleb128 0x9
 675 012d 49445200 		.ascii	"IDR\000"
 676 0131 04       		.byte	0x4
 677 0132 4D01     		.2byte	0x14d
 678 0134 12010000 		.4byte	0x112
 679 0138 04       		.byte	0x4
 680 0139 0A       		.uleb128 0xa
ARM GAS  /tmp/ccykpew6.s 			page 13


 681 013a 9F040000 		.4byte	.LASF23
 682 013e 04       		.byte	0x4
 683 013f 4E01     		.2byte	0x14e
 684 0141 C6000000 		.4byte	0xc6
 685 0145 05       		.byte	0x5
 686 0146 0A       		.uleb128 0xa
 687 0147 06020000 		.4byte	.LASF24
 688 014b 04       		.byte	0x4
 689 014c 4F01     		.2byte	0x14f
 690 014e D1000000 		.4byte	0xd1
 691 0152 06       		.byte	0x6
 692 0153 09       		.uleb128 0x9
 693 0154 435200   		.ascii	"CR\000"
 694 0157 04       		.byte	0x4
 695 0158 5001     		.2byte	0x150
 696 015a FD000000 		.4byte	0xfd
 697 015e 08       		.byte	0x8
 698 015f 0A       		.uleb128 0xa
 699 0160 B6040000 		.4byte	.LASF25
 700 0164 04       		.byte	0x4
 701 0165 5101     		.2byte	0x151
 702 0167 E7000000 		.4byte	0xe7
 703 016b 0C       		.byte	0xc
 704 016c 0A       		.uleb128 0xa
 705 016d 22030000 		.4byte	.LASF26
 706 0171 04       		.byte	0x4
 707 0172 5201     		.2byte	0x152
 708 0174 FD000000 		.4byte	0xfd
 709 0178 10       		.byte	0x10
 710 0179 09       		.uleb128 0x9
 711 017a 504F4C00 		.ascii	"POL\000"
 712 017e 04       		.byte	0x4
 713 017f 5301     		.2byte	0x153
 714 0181 FD000000 		.4byte	0xfd
 715 0185 14       		.byte	0x14
 716 0186 00       		.byte	0
 717 0187 0B       		.uleb128 0xb
 718 0188 E9020000 		.4byte	.LASF27
 719 018c 04       		.byte	0x4
 720 018d 5401     		.2byte	0x154
 721 018f 17010000 		.4byte	0x117
 722 0193 08       		.uleb128 0x8
 723 0194 28       		.byte	0x28
 724 0195 04       		.byte	0x4
 725 0196 8303     		.2byte	0x383
 726 0198 F8010000 		.4byte	0x1f8
 727 019c 0A       		.uleb128 0xa
 728 019d 10020000 		.4byte	.LASF28
 729 01a1 04       		.byte	0x4
 730 01a2 8503     		.2byte	0x385
 731 01a4 FD000000 		.4byte	0xfd
 732 01a8 00       		.byte	0
 733 01a9 0A       		.uleb128 0xa
 734 01aa A7030000 		.4byte	.LASF29
 735 01ae 04       		.byte	0x4
 736 01af 8603     		.2byte	0x386
 737 01b1 FD000000 		.4byte	0xfd
ARM GAS  /tmp/ccykpew6.s 			page 14


 738 01b5 04       		.byte	0x4
 739 01b6 0A       		.uleb128 0xa
 740 01b7 1F020000 		.4byte	.LASF30
 741 01bb 04       		.byte	0x4
 742 01bc 8703     		.2byte	0x387
 743 01be F8010000 		.4byte	0x1f8
 744 01c2 08       		.byte	0x8
 745 01c3 0A       		.uleb128 0xa
 746 01c4 58050000 		.4byte	.LASF31
 747 01c8 04       		.byte	0x4
 748 01c9 8803     		.2byte	0x388
 749 01cb FD000000 		.4byte	0xfd
 750 01cf 18       		.byte	0x18
 751 01d0 0A       		.uleb128 0xa
 752 01d1 AD030000 		.4byte	.LASF32
 753 01d5 04       		.byte	0x4
 754 01d6 8903     		.2byte	0x389
 755 01d8 FD000000 		.4byte	0xfd
 756 01dc 1C       		.byte	0x1c
 757 01dd 0A       		.uleb128 0xa
 758 01de 1A050000 		.4byte	.LASF33
 759 01e2 04       		.byte	0x4
 760 01e3 8A03     		.2byte	0x38a
 761 01e5 FD000000 		.4byte	0xfd
 762 01e9 20       		.byte	0x20
 763 01ea 09       		.uleb128 0x9
 764 01eb 534B5200 		.ascii	"SKR\000"
 765 01ef 04       		.byte	0x4
 766 01f0 8B03     		.2byte	0x38b
 767 01f2 FD000000 		.4byte	0xfd
 768 01f6 24       		.byte	0x24
 769 01f7 00       		.byte	0
 770 01f8 05       		.uleb128 0x5
 771 01f9 02010000 		.4byte	0x102
 772 01fd 0B       		.uleb128 0xb
 773 01fe 1C040000 		.4byte	.LASF34
 774 0202 04       		.byte	0x4
 775 0203 8C03     		.2byte	0x38c
 776 0205 93010000 		.4byte	0x193
 777 0209 0C       		.uleb128 0xc
 778 020a 01       		.byte	0x1
 779 020b 05       		.byte	0x5
 780 020c 3A       		.byte	0x3a
 781 020d 2A020000 		.4byte	0x22a
 782 0211 0D       		.uleb128 0xd
 783 0212 FF010000 		.4byte	.LASF35
 784 0216 00       		.sleb128 0
 785 0217 0D       		.uleb128 0xd
 786 0218 00000000 		.4byte	.LASF36
 787 021c 01       		.sleb128 1
 788 021d 0D       		.uleb128 0xd
 789 021e 26020000 		.4byte	.LASF37
 790 0222 02       		.sleb128 2
 791 0223 0D       		.uleb128 0xd
 792 0224 5D000000 		.4byte	.LASF38
 793 0228 03       		.sleb128 3
 794 0229 00       		.byte	0
ARM GAS  /tmp/ccykpew6.s 			page 15


 795 022a 0C       		.uleb128 0xc
 796 022b 01       		.byte	0x1
 797 022c 05       		.byte	0x5
 798 022d 45       		.byte	0x45
 799 022e 3F020000 		.4byte	0x23f
 800 0232 0D       		.uleb128 0xd
 801 0233 0A000000 		.4byte	.LASF39
 802 0237 00       		.sleb128 0
 803 0238 0D       		.uleb128 0xd
 804 0239 80040000 		.4byte	.LASF40
 805 023d 01       		.sleb128 1
 806 023e 00       		.byte	0
 807 023f 04       		.uleb128 0x4
 808 0240 98050000 		.4byte	.LASF41
 809 0244 05       		.byte	0x5
 810 0245 48       		.byte	0x48
 811 0246 2A020000 		.4byte	0x22a
 812 024a 0C       		.uleb128 0xc
 813 024b 01       		.byte	0x1
 814 024c 06       		.byte	0x6
 815 024d 43       		.byte	0x43
 816 024e 71020000 		.4byte	0x271
 817 0252 0D       		.uleb128 0xd
 818 0253 C2010000 		.4byte	.LASF42
 819 0257 00       		.sleb128 0
 820 0258 0D       		.uleb128 0xd
 821 0259 09030000 		.4byte	.LASF43
 822 025d 01       		.sleb128 1
 823 025e 0D       		.uleb128 0xd
 824 025f D2040000 		.4byte	.LASF44
 825 0263 02       		.sleb128 2
 826 0264 0D       		.uleb128 0xd
 827 0265 42050000 		.4byte	.LASF45
 828 0269 03       		.sleb128 3
 829 026a 0D       		.uleb128 0xd
 830 026b E5040000 		.4byte	.LASF46
 831 026f 04       		.sleb128 4
 832 0270 00       		.byte	0
 833 0271 04       		.uleb128 0x4
 834 0272 30040000 		.4byte	.LASF47
 835 0276 06       		.byte	0x6
 836 0277 49       		.byte	0x49
 837 0278 4A020000 		.4byte	0x24a
 838 027c 0E       		.uleb128 0xe
 839 027d 18       		.byte	0x18
 840 027e 06       		.byte	0x6
 841 027f 50       		.byte	0x50
 842 0280 D9020000 		.4byte	0x2d9
 843 0284 0F       		.uleb128 0xf
 844 0285 05050000 		.4byte	.LASF48
 845 0289 06       		.byte	0x6
 846 028a 52       		.byte	0x52
 847 028b C6000000 		.4byte	0xc6
 848 028f 00       		.byte	0
 849 0290 0F       		.uleb128 0xf
 850 0291 82010000 		.4byte	.LASF49
 851 0295 06       		.byte	0x6
ARM GAS  /tmp/ccykpew6.s 			page 16


 852 0296 58       		.byte	0x58
 853 0297 C6000000 		.4byte	0xc6
 854 029b 01       		.byte	0x1
 855 029c 0F       		.uleb128 0xf
 856 029d 48030000 		.4byte	.LASF50
 857 02a1 06       		.byte	0x6
 858 02a2 5D       		.byte	0x5d
 859 02a3 E7000000 		.4byte	0xe7
 860 02a7 04       		.byte	0x4
 861 02a8 0F       		.uleb128 0xf
 862 02a9 5D050000 		.4byte	.LASF51
 863 02ad 06       		.byte	0x6
 864 02ae 62       		.byte	0x62
 865 02af E7000000 		.4byte	0xe7
 866 02b3 08       		.byte	0x8
 867 02b4 0F       		.uleb128 0xf
 868 02b5 55040000 		.4byte	.LASF52
 869 02b9 06       		.byte	0x6
 870 02ba 69       		.byte	0x69
 871 02bb E7000000 		.4byte	0xe7
 872 02bf 0C       		.byte	0xc
 873 02c0 0F       		.uleb128 0xf
 874 02c1 DE030000 		.4byte	.LASF53
 875 02c5 06       		.byte	0x6
 876 02c6 6C       		.byte	0x6c
 877 02c7 E7000000 		.4byte	0xe7
 878 02cb 10       		.byte	0x10
 879 02cc 0F       		.uleb128 0xf
 880 02cd D1020000 		.4byte	.LASF54
 881 02d1 06       		.byte	0x6
 882 02d2 73       		.byte	0x73
 883 02d3 E7000000 		.4byte	0xe7
 884 02d7 14       		.byte	0x14
 885 02d8 00       		.byte	0
 886 02d9 04       		.uleb128 0x4
 887 02da 6B030000 		.4byte	.LASF55
 888 02de 06       		.byte	0x6
 889 02df 77       		.byte	0x77
 890 02e0 7C020000 		.4byte	0x27c
 891 02e4 0E       		.uleb128 0xe
 892 02e5 24       		.byte	0x24
 893 02e6 06       		.byte	0x6
 894 02e7 7E       		.byte	0x7e
 895 02e8 29030000 		.4byte	0x329
 896 02ec 0F       		.uleb128 0xf
 897 02ed B3050000 		.4byte	.LASF56
 898 02f1 06       		.byte	0x6
 899 02f2 80       		.byte	0x80
 900 02f3 29030000 		.4byte	0x329
 901 02f7 00       		.byte	0
 902 02f8 0F       		.uleb128 0xf
 903 02f9 43030000 		.4byte	.LASF57
 904 02fd 06       		.byte	0x6
 905 02fe 82       		.byte	0x82
 906 02ff D9020000 		.4byte	0x2d9
 907 0303 04       		.byte	0x4
 908 0304 0F       		.uleb128 0xf
ARM GAS  /tmp/ccykpew6.s 			page 17


 909 0305 1D030000 		.4byte	.LASF58
 910 0309 06       		.byte	0x6
 911 030a 84       		.byte	0x84
 912 030b 3F020000 		.4byte	0x23f
 913 030f 1C       		.byte	0x1c
 914 0310 0F       		.uleb128 0xf
 915 0311 F5020000 		.4byte	.LASF59
 916 0315 06       		.byte	0x6
 917 0316 86       		.byte	0x86
 918 0317 2F030000 		.4byte	0x32f
 919 031b 1D       		.byte	0x1d
 920 031c 0F       		.uleb128 0xf
 921 031d CE030000 		.4byte	.LASF60
 922 0321 06       		.byte	0x6
 923 0322 88       		.byte	0x88
 924 0323 E7000000 		.4byte	0xe7
 925 0327 20       		.byte	0x20
 926 0328 00       		.byte	0
 927 0329 10       		.uleb128 0x10
 928 032a 04       		.byte	0x4
 929 032b 87010000 		.4byte	0x187
 930 032f 05       		.uleb128 0x5
 931 0330 71020000 		.4byte	0x271
 932 0334 04       		.uleb128 0x4
 933 0335 BC030000 		.4byte	.LASF61
 934 0339 06       		.byte	0x6
 935 033a 90       		.byte	0x90
 936 033b E4020000 		.4byte	0x2e4
 937 033f 0E       		.uleb128 0xe
 938 0340 10       		.byte	0x10
 939 0341 07       		.byte	0x7
 940 0342 41       		.byte	0x41
 941 0343 78030000 		.4byte	0x378
 942 0347 0F       		.uleb128 0xf
 943 0348 31030000 		.4byte	.LASF62
 944 034c 07       		.byte	0x7
 945 034d 43       		.byte	0x43
 946 034e E7000000 		.4byte	0xe7
 947 0352 00       		.byte	0
 948 0353 0F       		.uleb128 0xf
 949 0354 11040000 		.4byte	.LASF63
 950 0358 07       		.byte	0x7
 951 0359 45       		.byte	0x45
 952 035a E7000000 		.4byte	0xe7
 953 035e 04       		.byte	0x4
 954 035f 0F       		.uleb128 0xf
 955 0360 92000000 		.4byte	.LASF64
 956 0364 07       		.byte	0x7
 957 0365 48       		.byte	0x48
 958 0366 E7000000 		.4byte	0xe7
 959 036a 08       		.byte	0x8
 960 036b 0F       		.uleb128 0xf
 961 036c 2D050000 		.4byte	.LASF65
 962 0370 07       		.byte	0x7
 963 0371 4B       		.byte	0x4b
 964 0372 E7000000 		.4byte	0xe7
 965 0376 0C       		.byte	0xc
ARM GAS  /tmp/ccykpew6.s 			page 18


 966 0377 00       		.byte	0
 967 0378 04       		.uleb128 0x4
 968 0379 81050000 		.4byte	.LASF66
 969 037d 07       		.byte	0x7
 970 037e 4D       		.byte	0x4d
 971 037f 3F030000 		.4byte	0x33f
 972 0383 10       		.uleb128 0x10
 973 0384 04       		.byte	0x4
 974 0385 C6000000 		.4byte	0xc6
 975 0389 02       		.uleb128 0x2
 976 038a 04       		.byte	0x4
 977 038b 04       		.byte	0x4
 978 038c CB020000 		.4byte	.LASF67
 979 0390 11       		.uleb128 0x11
 980 0391 7C000000 		.4byte	.LASF90
 981 0395 01       		.byte	0x1
 982 0396 FC       		.byte	0xfc
 983 0397 BB000000 		.4byte	0xbb
 984 039b 00000000 		.4byte	.LFB125
 985 039f 68010000 		.4byte	.LFE125-.LFB125
 986 03a3 01       		.uleb128 0x1
 987 03a4 9C       		.byte	0x9c
 988 03a5 57040000 		.4byte	0x457
 989 03a9 12       		.uleb128 0x12
 990 03aa 35050000 		.4byte	.LASF68
 991 03ae 01       		.byte	0x1
 992 03af FC       		.byte	0xfc
 993 03b0 57040000 		.4byte	0x457
 994 03b4 03       		.uleb128 0x3
 995 03b5 91       		.byte	0x91
 996 03b6 B47F     		.sleb128 -76
 997 03b8 12       		.uleb128 0x12
 998 03b9 58010000 		.4byte	.LASF69
 999 03bd 01       		.byte	0x1
 1000 03be FC       		.byte	0xfc
 1001 03bf 83030000 		.4byte	0x383
 1002 03c3 03       		.uleb128 0x3
 1003 03c4 91       		.byte	0x91
 1004 03c5 B07F     		.sleb128 -80
 1005 03c7 12       		.uleb128 0x12
 1006 03c8 F9040000 		.4byte	.LASF70
 1007 03cc 01       		.byte	0x1
 1008 03cd FC       		.byte	0xfc
 1009 03ce DC000000 		.4byte	0xdc
 1010 03d2 03       		.uleb128 0x3
 1011 03d3 91       		.byte	0x91
 1012 03d4 AC7F     		.sleb128 -84
 1013 03d6 12       		.uleb128 0x12
 1014 03d7 1F050000 		.4byte	.LASF71
 1015 03db 01       		.byte	0x1
 1016 03dc FC       		.byte	0xfc
 1017 03dd C6000000 		.4byte	0xc6
 1018 03e1 03       		.uleb128 0x3
 1019 03e2 91       		.byte	0x91
 1020 03e3 AB7F     		.sleb128 -85
 1021 03e5 13       		.uleb128 0x13
 1022 03e6 69040000 		.4byte	.LASF72
ARM GAS  /tmp/ccykpew6.s 			page 19


 1023 03ea 01       		.byte	0x1
 1024 03eb FE       		.byte	0xfe
 1025 03ec BB000000 		.4byte	0xbb
 1026 03f0 02       		.uleb128 0x2
 1027 03f1 91       		.byte	0x91
 1028 03f2 77       		.sleb128 -9
 1029 03f3 14       		.uleb128 0x14
 1030 03f4 2C000000 		.4byte	.LBB2
 1031 03f8 0C010000 		.4byte	.LBE2-.LBB2
 1032 03fc 15       		.uleb128 0x15
 1033 03fd AF010000 		.4byte	.LASF73
 1034 0401 01       		.byte	0x1
 1035 0402 0701     		.2byte	0x107
 1036 0404 E7000000 		.4byte	0xe7
 1037 0408 05       		.uleb128 0x5
 1038 0409 03       		.byte	0x3
 1039 040a 00000000 		.4byte	Address.9474
 1040 040e 15       		.uleb128 0x15
 1041 040f A9040000 		.4byte	.LASF74
 1042 0413 01       		.byte	0x1
 1043 0414 0801     		.2byte	0x108
 1044 0416 F2000000 		.4byte	0xf2
 1045 041a 02       		.uleb128 0x2
 1046 041b 91       		.byte	0x91
 1047 041c 60       		.sleb128 -32
 1048 041d 15       		.uleb128 0x15
 1049 041e 7A010000 		.4byte	.LASF75
 1050 0422 01       		.byte	0x1
 1051 0423 0901     		.2byte	0x109
 1052 0425 DC000000 		.4byte	0xdc
 1053 0429 02       		.uleb128 0x2
 1054 042a 91       		.byte	0x91
 1055 042b 70       		.sleb128 -16
 1056 042c 14       		.uleb128 0x14
 1057 042d 9E000000 		.4byte	.LBB3
 1058 0431 96000000 		.4byte	.LBE3-.LBB3
 1059 0435 15       		.uleb128 0x15
 1060 0436 A8050000 		.4byte	.LASF76
 1061 043a 01       		.byte	0x1
 1062 043b 2301     		.2byte	0x123
 1063 043d E7000000 		.4byte	0xe7
 1064 0441 02       		.uleb128 0x2
 1065 0442 91       		.byte	0x91
 1066 0443 6C       		.sleb128 -20
 1067 0444 15       		.uleb128 0x15
 1068 0445 C1020000 		.4byte	.LASF77
 1069 0449 01       		.byte	0x1
 1070 044a 2501     		.2byte	0x125
 1071 044c 34030000 		.4byte	0x334
 1072 0450 03       		.uleb128 0x3
 1073 0451 91       		.byte	0x91
 1074 0452 BC7F     		.sleb128 -68
 1075 0454 00       		.byte	0
 1076 0455 00       		.byte	0
 1077 0456 00       		.byte	0
 1078 0457 10       		.uleb128 0x10
 1079 0458 04       		.byte	0x4
ARM GAS  /tmp/ccykpew6.s 			page 20


 1080 0459 E7000000 		.4byte	0xe7
 1081 045d 16       		.uleb128 0x16
 1082 045e 8B040000 		.4byte	.LASF91
 1083 0462 01       		.byte	0x1
 1084 0463 6901     		.2byte	0x169
 1085 0465 70010000 		.4byte	.LFB126
 1086 0469 68000000 		.4byte	.LFE126-.LFB126
 1087 046d 01       		.uleb128 0x1
 1088 046e 9C       		.byte	0x9c
 1089 046f B0040000 		.4byte	0x4b0
 1090 0473 17       		.uleb128 0x17
 1091 0474 35050000 		.4byte	.LASF68
 1092 0478 01       		.byte	0x1
 1093 0479 6901     		.2byte	0x169
 1094 047b E7000000 		.4byte	0xe7
 1095 047f 02       		.uleb128 0x2
 1096 0480 91       		.byte	0x91
 1097 0481 5C       		.sleb128 -36
 1098 0482 17       		.uleb128 0x17
 1099 0483 A8050000 		.4byte	.LASF76
 1100 0487 01       		.byte	0x1
 1101 0488 6901     		.2byte	0x169
 1102 048a E7000000 		.4byte	0xe7
 1103 048e 02       		.uleb128 0x2
 1104 048f 91       		.byte	0x91
 1105 0490 58       		.sleb128 -40
 1106 0491 15       		.uleb128 0x15
 1107 0492 6A010000 		.4byte	.LASF78
 1108 0496 01       		.byte	0x1
 1109 0497 6B01     		.2byte	0x16b
 1110 0499 78030000 		.4byte	0x378
 1111 049d 02       		.uleb128 0x2
 1112 049e 91       		.byte	0x91
 1113 049f 68       		.sleb128 -24
 1114 04a0 15       		.uleb128 0x15
 1115 04a1 E0010000 		.4byte	.LASF79
 1116 04a5 01       		.byte	0x1
 1117 04a6 6C01     		.2byte	0x16c
 1118 04a8 E7000000 		.4byte	0xe7
 1119 04ac 02       		.uleb128 0x2
 1120 04ad 91       		.byte	0x91
 1121 04ae 64       		.sleb128 -28
 1122 04af 00       		.byte	0
 1123 04b0 18       		.uleb128 0x18
 1124 04b1 3B030000 		.4byte	.LASF82
 1125 04b5 01       		.byte	0x1
 1126 04b6 9001     		.2byte	0x190
 1127 04b8 E7000000 		.4byte	0xe7
 1128 04bc E0010000 		.4byte	.LFB127
 1129 04c0 74000000 		.4byte	.LFE127-.LFB127
 1130 04c4 01       		.uleb128 0x1
 1131 04c5 9C       		.byte	0x9c
 1132 04c6 E9040000 		.4byte	0x4e9
 1133 04ca 17       		.uleb128 0x17
 1134 04cb 53010000 		.4byte	.LASF80
 1135 04cf 01       		.byte	0x1
 1136 04d0 9001     		.2byte	0x190
ARM GAS  /tmp/ccykpew6.s 			page 21


 1137 04d2 E7000000 		.4byte	0xe7
 1138 04d6 02       		.uleb128 0x2
 1139 04d7 91       		.byte	0x91
 1140 04d8 74       		.sleb128 -12
 1141 04d9 15       		.uleb128 0x15
 1142 04da FB020000 		.4byte	.LASF81
 1143 04de 01       		.byte	0x1
 1144 04df 9201     		.2byte	0x192
 1145 04e1 E7000000 		.4byte	0xe7
 1146 04e5 02       		.uleb128 0x2
 1147 04e6 91       		.byte	0x91
 1148 04e7 7C       		.sleb128 -4
 1149 04e8 00       		.byte	0
 1150 04e9 18       		.uleb128 0x18
 1151 04ea 45040000 		.4byte	.LASF83
 1152 04ee 01       		.byte	0x1
 1153 04ef A401     		.2byte	0x1a4
 1154 04f1 E7000000 		.4byte	0xe7
 1155 04f5 60020000 		.4byte	.LFB128
 1156 04f9 8C000000 		.4byte	.LFE128-.LFB128
 1157 04fd 01       		.uleb128 0x1
 1158 04fe 9C       		.byte	0x9c
 1159 04ff 22050000 		.4byte	0x522
 1160 0503 17       		.uleb128 0x17
 1161 0504 53010000 		.4byte	.LASF80
 1162 0508 01       		.byte	0x1
 1163 0509 A401     		.2byte	0x1a4
 1164 050b E7000000 		.4byte	0xe7
 1165 050f 02       		.uleb128 0x2
 1166 0510 91       		.byte	0x91
 1167 0511 74       		.sleb128 -12
 1168 0512 15       		.uleb128 0x15
 1169 0513 17040000 		.4byte	.LASF84
 1170 0517 01       		.byte	0x1
 1171 0518 A601     		.2byte	0x1a6
 1172 051a E7000000 		.4byte	0xe7
 1173 051e 02       		.uleb128 0x2
 1174 051f 91       		.byte	0x91
 1175 0520 7C       		.sleb128 -4
 1176 0521 00       		.byte	0
 1177 0522 13       		.uleb128 0x13
 1178 0523 EC010000 		.4byte	.LASF85
 1179 0527 01       		.byte	0x1
 1180 0528 5D       		.byte	0x5d
 1181 0529 E7000000 		.4byte	0xe7
 1182 052d 05       		.uleb128 0x5
 1183 052e 03       		.byte	0x3
 1184 052f 00000000 		.4byte	SizeOfUpdateBlueFW
 1185 0533 13       		.uleb128 0x13
 1186 0534 69000000 		.4byte	.LASF86
 1187 0538 01       		.byte	0x1
 1188 0539 5E       		.byte	0x5e
 1189 053a E7000000 		.4byte	0xe7
 1190 053e 05       		.uleb128 0x5
 1191 053f 03       		.byte	0x3
 1192 0540 04000000 		.4byte	AspecteduwCRCValue
 1193 0544 19       		.uleb128 0x19
ARM GAS  /tmp/ccykpew6.s 			page 22


 1194 0545 67050000 		.4byte	.LASF92
 1195 0549 08       		.byte	0x8
 1196 054a FA06     		.2byte	0x6fa
 1197 054c 50050000 		.4byte	0x550
 1198 0550 05       		.uleb128 0x5
 1199 0551 DC000000 		.4byte	0xdc
 1200 0555 00       		.byte	0
 1201              		.section	.debug_abbrev,"",%progbits
 1202              	.Ldebug_abbrev0:
 1203 0000 01       		.uleb128 0x1
 1204 0001 11       		.uleb128 0x11
 1205 0002 01       		.byte	0x1
 1206 0003 25       		.uleb128 0x25
 1207 0004 0E       		.uleb128 0xe
 1208 0005 13       		.uleb128 0x13
 1209 0006 0B       		.uleb128 0xb
 1210 0007 03       		.uleb128 0x3
 1211 0008 0E       		.uleb128 0xe
 1212 0009 1B       		.uleb128 0x1b
 1213 000a 0E       		.uleb128 0xe
 1214 000b 11       		.uleb128 0x11
 1215 000c 01       		.uleb128 0x1
 1216 000d 12       		.uleb128 0x12
 1217 000e 06       		.uleb128 0x6
 1218 000f 10       		.uleb128 0x10
 1219 0010 17       		.uleb128 0x17
 1220 0011 00       		.byte	0
 1221 0012 00       		.byte	0
 1222 0013 02       		.uleb128 0x2
 1223 0014 24       		.uleb128 0x24
 1224 0015 00       		.byte	0
 1225 0016 0B       		.uleb128 0xb
 1226 0017 0B       		.uleb128 0xb
 1227 0018 3E       		.uleb128 0x3e
 1228 0019 0B       		.uleb128 0xb
 1229 001a 03       		.uleb128 0x3
 1230 001b 0E       		.uleb128 0xe
 1231 001c 00       		.byte	0
 1232 001d 00       		.byte	0
 1233 001e 03       		.uleb128 0x3
 1234 001f 24       		.uleb128 0x24
 1235 0020 00       		.byte	0
 1236 0021 0B       		.uleb128 0xb
 1237 0022 0B       		.uleb128 0xb
 1238 0023 3E       		.uleb128 0x3e
 1239 0024 0B       		.uleb128 0xb
 1240 0025 03       		.uleb128 0x3
 1241 0026 08       		.uleb128 0x8
 1242 0027 00       		.byte	0
 1243 0028 00       		.byte	0
 1244 0029 04       		.uleb128 0x4
 1245 002a 16       		.uleb128 0x16
 1246 002b 00       		.byte	0
 1247 002c 03       		.uleb128 0x3
 1248 002d 0E       		.uleb128 0xe
 1249 002e 3A       		.uleb128 0x3a
 1250 002f 0B       		.uleb128 0xb
ARM GAS  /tmp/ccykpew6.s 			page 23


 1251 0030 3B       		.uleb128 0x3b
 1252 0031 0B       		.uleb128 0xb
 1253 0032 49       		.uleb128 0x49
 1254 0033 13       		.uleb128 0x13
 1255 0034 00       		.byte	0
 1256 0035 00       		.byte	0
 1257 0036 05       		.uleb128 0x5
 1258 0037 35       		.uleb128 0x35
 1259 0038 00       		.byte	0
 1260 0039 49       		.uleb128 0x49
 1261 003a 13       		.uleb128 0x13
 1262 003b 00       		.byte	0
 1263 003c 00       		.byte	0
 1264 003d 06       		.uleb128 0x6
 1265 003e 01       		.uleb128 0x1
 1266 003f 01       		.byte	0x1
 1267 0040 49       		.uleb128 0x49
 1268 0041 13       		.uleb128 0x13
 1269 0042 01       		.uleb128 0x1
 1270 0043 13       		.uleb128 0x13
 1271 0044 00       		.byte	0
 1272 0045 00       		.byte	0
 1273 0046 07       		.uleb128 0x7
 1274 0047 21       		.uleb128 0x21
 1275 0048 00       		.byte	0
 1276 0049 49       		.uleb128 0x49
 1277 004a 13       		.uleb128 0x13
 1278 004b 2F       		.uleb128 0x2f
 1279 004c 0B       		.uleb128 0xb
 1280 004d 00       		.byte	0
 1281 004e 00       		.byte	0
 1282 004f 08       		.uleb128 0x8
 1283 0050 13       		.uleb128 0x13
 1284 0051 01       		.byte	0x1
 1285 0052 0B       		.uleb128 0xb
 1286 0053 0B       		.uleb128 0xb
 1287 0054 3A       		.uleb128 0x3a
 1288 0055 0B       		.uleb128 0xb
 1289 0056 3B       		.uleb128 0x3b
 1290 0057 05       		.uleb128 0x5
 1291 0058 01       		.uleb128 0x1
 1292 0059 13       		.uleb128 0x13
 1293 005a 00       		.byte	0
 1294 005b 00       		.byte	0
 1295 005c 09       		.uleb128 0x9
 1296 005d 0D       		.uleb128 0xd
 1297 005e 00       		.byte	0
 1298 005f 03       		.uleb128 0x3
 1299 0060 08       		.uleb128 0x8
 1300 0061 3A       		.uleb128 0x3a
 1301 0062 0B       		.uleb128 0xb
 1302 0063 3B       		.uleb128 0x3b
 1303 0064 05       		.uleb128 0x5
 1304 0065 49       		.uleb128 0x49
 1305 0066 13       		.uleb128 0x13
 1306 0067 38       		.uleb128 0x38
 1307 0068 0B       		.uleb128 0xb
ARM GAS  /tmp/ccykpew6.s 			page 24


 1308 0069 00       		.byte	0
 1309 006a 00       		.byte	0
 1310 006b 0A       		.uleb128 0xa
 1311 006c 0D       		.uleb128 0xd
 1312 006d 00       		.byte	0
 1313 006e 03       		.uleb128 0x3
 1314 006f 0E       		.uleb128 0xe
 1315 0070 3A       		.uleb128 0x3a
 1316 0071 0B       		.uleb128 0xb
 1317 0072 3B       		.uleb128 0x3b
 1318 0073 05       		.uleb128 0x5
 1319 0074 49       		.uleb128 0x49
 1320 0075 13       		.uleb128 0x13
 1321 0076 38       		.uleb128 0x38
 1322 0077 0B       		.uleb128 0xb
 1323 0078 00       		.byte	0
 1324 0079 00       		.byte	0
 1325 007a 0B       		.uleb128 0xb
 1326 007b 16       		.uleb128 0x16
 1327 007c 00       		.byte	0
 1328 007d 03       		.uleb128 0x3
 1329 007e 0E       		.uleb128 0xe
 1330 007f 3A       		.uleb128 0x3a
 1331 0080 0B       		.uleb128 0xb
 1332 0081 3B       		.uleb128 0x3b
 1333 0082 05       		.uleb128 0x5
 1334 0083 49       		.uleb128 0x49
 1335 0084 13       		.uleb128 0x13
 1336 0085 00       		.byte	0
 1337 0086 00       		.byte	0
 1338 0087 0C       		.uleb128 0xc
 1339 0088 04       		.uleb128 0x4
 1340 0089 01       		.byte	0x1
 1341 008a 0B       		.uleb128 0xb
 1342 008b 0B       		.uleb128 0xb
 1343 008c 3A       		.uleb128 0x3a
 1344 008d 0B       		.uleb128 0xb
 1345 008e 3B       		.uleb128 0x3b
 1346 008f 0B       		.uleb128 0xb
 1347 0090 01       		.uleb128 0x1
 1348 0091 13       		.uleb128 0x13
 1349 0092 00       		.byte	0
 1350 0093 00       		.byte	0
 1351 0094 0D       		.uleb128 0xd
 1352 0095 28       		.uleb128 0x28
 1353 0096 00       		.byte	0
 1354 0097 03       		.uleb128 0x3
 1355 0098 0E       		.uleb128 0xe
 1356 0099 1C       		.uleb128 0x1c
 1357 009a 0D       		.uleb128 0xd
 1358 009b 00       		.byte	0
 1359 009c 00       		.byte	0
 1360 009d 0E       		.uleb128 0xe
 1361 009e 13       		.uleb128 0x13
 1362 009f 01       		.byte	0x1
 1363 00a0 0B       		.uleb128 0xb
 1364 00a1 0B       		.uleb128 0xb
ARM GAS  /tmp/ccykpew6.s 			page 25


 1365 00a2 3A       		.uleb128 0x3a
 1366 00a3 0B       		.uleb128 0xb
 1367 00a4 3B       		.uleb128 0x3b
 1368 00a5 0B       		.uleb128 0xb
 1369 00a6 01       		.uleb128 0x1
 1370 00a7 13       		.uleb128 0x13
 1371 00a8 00       		.byte	0
 1372 00a9 00       		.byte	0
 1373 00aa 0F       		.uleb128 0xf
 1374 00ab 0D       		.uleb128 0xd
 1375 00ac 00       		.byte	0
 1376 00ad 03       		.uleb128 0x3
 1377 00ae 0E       		.uleb128 0xe
 1378 00af 3A       		.uleb128 0x3a
 1379 00b0 0B       		.uleb128 0xb
 1380 00b1 3B       		.uleb128 0x3b
 1381 00b2 0B       		.uleb128 0xb
 1382 00b3 49       		.uleb128 0x49
 1383 00b4 13       		.uleb128 0x13
 1384 00b5 38       		.uleb128 0x38
 1385 00b6 0B       		.uleb128 0xb
 1386 00b7 00       		.byte	0
 1387 00b8 00       		.byte	0
 1388 00b9 10       		.uleb128 0x10
 1389 00ba 0F       		.uleb128 0xf
 1390 00bb 00       		.byte	0
 1391 00bc 0B       		.uleb128 0xb
 1392 00bd 0B       		.uleb128 0xb
 1393 00be 49       		.uleb128 0x49
 1394 00bf 13       		.uleb128 0x13
 1395 00c0 00       		.byte	0
 1396 00c1 00       		.byte	0
 1397 00c2 11       		.uleb128 0x11
 1398 00c3 2E       		.uleb128 0x2e
 1399 00c4 01       		.byte	0x1
 1400 00c5 3F       		.uleb128 0x3f
 1401 00c6 19       		.uleb128 0x19
 1402 00c7 03       		.uleb128 0x3
 1403 00c8 0E       		.uleb128 0xe
 1404 00c9 3A       		.uleb128 0x3a
 1405 00ca 0B       		.uleb128 0xb
 1406 00cb 3B       		.uleb128 0x3b
 1407 00cc 0B       		.uleb128 0xb
 1408 00cd 27       		.uleb128 0x27
 1409 00ce 19       		.uleb128 0x19
 1410 00cf 49       		.uleb128 0x49
 1411 00d0 13       		.uleb128 0x13
 1412 00d1 11       		.uleb128 0x11
 1413 00d2 01       		.uleb128 0x1
 1414 00d3 12       		.uleb128 0x12
 1415 00d4 06       		.uleb128 0x6
 1416 00d5 40       		.uleb128 0x40
 1417 00d6 18       		.uleb128 0x18
 1418 00d7 9642     		.uleb128 0x2116
 1419 00d9 19       		.uleb128 0x19
 1420 00da 01       		.uleb128 0x1
 1421 00db 13       		.uleb128 0x13
ARM GAS  /tmp/ccykpew6.s 			page 26


 1422 00dc 00       		.byte	0
 1423 00dd 00       		.byte	0
 1424 00de 12       		.uleb128 0x12
 1425 00df 05       		.uleb128 0x5
 1426 00e0 00       		.byte	0
 1427 00e1 03       		.uleb128 0x3
 1428 00e2 0E       		.uleb128 0xe
 1429 00e3 3A       		.uleb128 0x3a
 1430 00e4 0B       		.uleb128 0xb
 1431 00e5 3B       		.uleb128 0x3b
 1432 00e6 0B       		.uleb128 0xb
 1433 00e7 49       		.uleb128 0x49
 1434 00e8 13       		.uleb128 0x13
 1435 00e9 02       		.uleb128 0x2
 1436 00ea 18       		.uleb128 0x18
 1437 00eb 00       		.byte	0
 1438 00ec 00       		.byte	0
 1439 00ed 13       		.uleb128 0x13
 1440 00ee 34       		.uleb128 0x34
 1441 00ef 00       		.byte	0
 1442 00f0 03       		.uleb128 0x3
 1443 00f1 0E       		.uleb128 0xe
 1444 00f2 3A       		.uleb128 0x3a
 1445 00f3 0B       		.uleb128 0xb
 1446 00f4 3B       		.uleb128 0x3b
 1447 00f5 0B       		.uleb128 0xb
 1448 00f6 49       		.uleb128 0x49
 1449 00f7 13       		.uleb128 0x13
 1450 00f8 02       		.uleb128 0x2
 1451 00f9 18       		.uleb128 0x18
 1452 00fa 00       		.byte	0
 1453 00fb 00       		.byte	0
 1454 00fc 14       		.uleb128 0x14
 1455 00fd 0B       		.uleb128 0xb
 1456 00fe 01       		.byte	0x1
 1457 00ff 11       		.uleb128 0x11
 1458 0100 01       		.uleb128 0x1
 1459 0101 12       		.uleb128 0x12
 1460 0102 06       		.uleb128 0x6
 1461 0103 00       		.byte	0
 1462 0104 00       		.byte	0
 1463 0105 15       		.uleb128 0x15
 1464 0106 34       		.uleb128 0x34
 1465 0107 00       		.byte	0
 1466 0108 03       		.uleb128 0x3
 1467 0109 0E       		.uleb128 0xe
 1468 010a 3A       		.uleb128 0x3a
 1469 010b 0B       		.uleb128 0xb
 1470 010c 3B       		.uleb128 0x3b
 1471 010d 05       		.uleb128 0x5
 1472 010e 49       		.uleb128 0x49
 1473 010f 13       		.uleb128 0x13
 1474 0110 02       		.uleb128 0x2
 1475 0111 18       		.uleb128 0x18
 1476 0112 00       		.byte	0
 1477 0113 00       		.byte	0
 1478 0114 16       		.uleb128 0x16
ARM GAS  /tmp/ccykpew6.s 			page 27


 1479 0115 2E       		.uleb128 0x2e
 1480 0116 01       		.byte	0x1
 1481 0117 3F       		.uleb128 0x3f
 1482 0118 19       		.uleb128 0x19
 1483 0119 03       		.uleb128 0x3
 1484 011a 0E       		.uleb128 0xe
 1485 011b 3A       		.uleb128 0x3a
 1486 011c 0B       		.uleb128 0xb
 1487 011d 3B       		.uleb128 0x3b
 1488 011e 05       		.uleb128 0x5
 1489 011f 27       		.uleb128 0x27
 1490 0120 19       		.uleb128 0x19
 1491 0121 11       		.uleb128 0x11
 1492 0122 01       		.uleb128 0x1
 1493 0123 12       		.uleb128 0x12
 1494 0124 06       		.uleb128 0x6
 1495 0125 40       		.uleb128 0x40
 1496 0126 18       		.uleb128 0x18
 1497 0127 9642     		.uleb128 0x2116
 1498 0129 19       		.uleb128 0x19
 1499 012a 01       		.uleb128 0x1
 1500 012b 13       		.uleb128 0x13
 1501 012c 00       		.byte	0
 1502 012d 00       		.byte	0
 1503 012e 17       		.uleb128 0x17
 1504 012f 05       		.uleb128 0x5
 1505 0130 00       		.byte	0
 1506 0131 03       		.uleb128 0x3
 1507 0132 0E       		.uleb128 0xe
 1508 0133 3A       		.uleb128 0x3a
 1509 0134 0B       		.uleb128 0xb
 1510 0135 3B       		.uleb128 0x3b
 1511 0136 05       		.uleb128 0x5
 1512 0137 49       		.uleb128 0x49
 1513 0138 13       		.uleb128 0x13
 1514 0139 02       		.uleb128 0x2
 1515 013a 18       		.uleb128 0x18
 1516 013b 00       		.byte	0
 1517 013c 00       		.byte	0
 1518 013d 18       		.uleb128 0x18
 1519 013e 2E       		.uleb128 0x2e
 1520 013f 01       		.byte	0x1
 1521 0140 03       		.uleb128 0x3
 1522 0141 0E       		.uleb128 0xe
 1523 0142 3A       		.uleb128 0x3a
 1524 0143 0B       		.uleb128 0xb
 1525 0144 3B       		.uleb128 0x3b
 1526 0145 05       		.uleb128 0x5
 1527 0146 27       		.uleb128 0x27
 1528 0147 19       		.uleb128 0x19
 1529 0148 49       		.uleb128 0x49
 1530 0149 13       		.uleb128 0x13
 1531 014a 11       		.uleb128 0x11
 1532 014b 01       		.uleb128 0x1
 1533 014c 12       		.uleb128 0x12
 1534 014d 06       		.uleb128 0x6
 1535 014e 40       		.uleb128 0x40
ARM GAS  /tmp/ccykpew6.s 			page 28


 1536 014f 18       		.uleb128 0x18
 1537 0150 9742     		.uleb128 0x2117
 1538 0152 19       		.uleb128 0x19
 1539 0153 01       		.uleb128 0x1
 1540 0154 13       		.uleb128 0x13
 1541 0155 00       		.byte	0
 1542 0156 00       		.byte	0
 1543 0157 19       		.uleb128 0x19
 1544 0158 34       		.uleb128 0x34
 1545 0159 00       		.byte	0
 1546 015a 03       		.uleb128 0x3
 1547 015b 0E       		.uleb128 0xe
 1548 015c 3A       		.uleb128 0x3a
 1549 015d 0B       		.uleb128 0xb
 1550 015e 3B       		.uleb128 0x3b
 1551 015f 05       		.uleb128 0x5
 1552 0160 49       		.uleb128 0x49
 1553 0161 13       		.uleb128 0x13
 1554 0162 3F       		.uleb128 0x3f
 1555 0163 19       		.uleb128 0x19
 1556 0164 3C       		.uleb128 0x3c
 1557 0165 19       		.uleb128 0x19
 1558 0166 00       		.byte	0
 1559 0167 00       		.byte	0
 1560 0168 00       		.byte	0
 1561              		.section	.debug_aranges,"",%progbits
 1562 0000 1C000000 		.4byte	0x1c
 1563 0004 0200     		.2byte	0x2
 1564 0006 00000000 		.4byte	.Ldebug_info0
 1565 000a 04       		.byte	0x4
 1566 000b 00       		.byte	0
 1567 000c 0000     		.2byte	0
 1568 000e 0000     		.2byte	0
 1569 0010 00000000 		.4byte	.Ltext0
 1570 0014 EC020000 		.4byte	.Letext0-.Ltext0
 1571 0018 00000000 		.4byte	0
 1572 001c 00000000 		.4byte	0
 1573              		.section	.debug_line,"",%progbits
 1574              	.Ldebug_line0:
 1575 0000 12030000 		.section	.debug_str,"MS",%progbits,1
 1575      02005102 
 1575      00000201 
 1575      FB0E0D00 
 1575      01010101 
 1576              	.LASF36:
 1577 0000 48414C5F 		.ascii	"HAL_ERROR\000"
 1577      4552524F 
 1577      5200
 1578              	.LASF39:
 1579 000a 48414C5F 		.ascii	"HAL_UNLOCKED\000"
 1579      554E4C4F 
 1579      434B4544 
 1579      00
 1580              	.LASF88:
 1581 0017 2E2E2F2E 		.ascii	"../../../../../Projects/Multi/Applications/BlueMicr"
 1581      2E2F2E2E 
 1581      2F2E2E2F 
ARM GAS  /tmp/ccykpew6.s 			page 29


 1581      2E2E2F50 
 1581      726F6A65 
 1582 004a 6F737973 		.ascii	"osystem2/Src/OTA.c\000"
 1582      74656D32 
 1582      2F537263 
 1582      2F4F5441 
 1582      2E6300
 1583              	.LASF38:
 1584 005d 48414C5F 		.ascii	"HAL_TIMEOUT\000"
 1584      54494D45 
 1584      4F555400 
 1585              	.LASF86:
 1586 0069 41737065 		.ascii	"AspecteduwCRCValue\000"
 1586      63746564 
 1586      75774352 
 1586      4356616C 
 1586      756500
 1587              	.LASF90:
 1588 007c 55706461 		.ascii	"UpdateFWBlueMS\000"
 1588      74654657 
 1588      426C7565 
 1588      4D5300
 1589              	.LASF17:
 1590 008b 696E7438 		.ascii	"int8_t\000"
 1590      5F7400
 1591              	.LASF64:
 1592 0092 50616765 		.ascii	"Page\000"
 1592      00
 1593              	.LASF22:
 1594 0097 75696E74 		.ascii	"uint64_t\000"
 1594      36345F74 
 1594      00
 1595              	.LASF87:
 1596 00a0 474E5520 		.ascii	"GNU C 4.8.4 20140526 (release) [ARM/embedded-4_8-br"
 1596      4320342E 
 1596      382E3420 
 1596      32303134 
 1596      30353236 
 1597 00d3 616E6368 		.ascii	"anch revision 211358] -mcpu=cortex-m4 -mno-thumb-in"
 1597      20726576 
 1597      6973696F 
 1597      6E203231 
 1597      31333538 
 1598 0106 74657277 		.ascii	"terwork -mthumb -ggdb -O0 -std=c99 -fomit-frame-poi"
 1598      6F726B20 
 1598      2D6D7468 
 1598      756D6220 
 1598      2D676764 
 1599 0139 6E746572 		.ascii	"nter -falign-functions=16\000"
 1599      202D6661 
 1599      6C69676E 
 1599      2D66756E 
 1599      6374696F 
 1600              	.LASF80:
 1601 0153 41646472 		.ascii	"Addr\000"
 1601      00
 1602              	.LASF69:
ARM GAS  /tmp/ccykpew6.s 			page 30


 1603 0158 6174745F 		.ascii	"att_data\000"
 1603      64617461 
 1603      00
 1604              	.LASF15:
 1605 0161 73697A65 		.ascii	"sizetype\000"
 1605      74797065 
 1605      00
 1606              	.LASF78:
 1607 016a 45726173 		.ascii	"EraseInitStruct\000"
 1607      65496E69 
 1607      74537472 
 1607      75637400 
 1608              	.LASF75:
 1609 017a 436F756E 		.ascii	"Counter\000"
 1609      74657200 
 1610              	.LASF49:
 1611 0182 44656661 		.ascii	"DefaultInitValueUse\000"
 1611      756C7449 
 1611      6E697456 
 1611      616C7565 
 1611      55736500 
 1612              	.LASF12:
 1613 0196 6C6F6E67 		.ascii	"long long int\000"
 1613      206C6F6E 
 1613      6720696E 
 1613      7400
 1614              	.LASF10:
 1615 01a4 5F5F7569 		.ascii	"__uint32_t\000"
 1615      6E743332 
 1615      5F7400
 1616              	.LASF73:
 1617 01af 41646472 		.ascii	"Address\000"
 1617      65737300 
 1618              	.LASF6:
 1619 01b7 5F5F7569 		.ascii	"__uint16_t\000"
 1619      6E743136 
 1619      5F7400
 1620              	.LASF42:
 1621 01c2 48414C5F 		.ascii	"HAL_CRC_STATE_RESET\000"
 1621      4352435F 
 1621      53544154 
 1621      455F5245 
 1621      53455400 
 1622              	.LASF5:
 1623 01d6 73686F72 		.ascii	"short int\000"
 1623      7420696E 
 1623      7400
 1624              	.LASF79:
 1625 01e0 53656374 		.ascii	"SectorError\000"
 1625      6F724572 
 1625      726F7200 
 1626              	.LASF85:
 1627 01ec 53697A65 		.ascii	"SizeOfUpdateBlueFW\000"
 1627      4F665570 
 1627      64617465 
 1627      426C7565 
 1627      465700
ARM GAS  /tmp/ccykpew6.s 			page 31


 1628              	.LASF35:
 1629 01ff 48414C5F 		.ascii	"HAL_OK\000"
 1629      4F4B00
 1630              	.LASF24:
 1631 0206 52455345 		.ascii	"RESERVED1\000"
 1631      52564544 
 1631      3100
 1632              	.LASF28:
 1633 0210 4D454D52 		.ascii	"MEMRMP\000"
 1633      4D5000
 1634              	.LASF18:
 1635 0217 75696E74 		.ascii	"uint8_t\000"
 1635      385F7400 
 1636              	.LASF30:
 1637 021f 45585449 		.ascii	"EXTICR\000"
 1637      435200
 1638              	.LASF37:
 1639 0226 48414C5F 		.ascii	"HAL_BUSY\000"
 1639      42555359 
 1639      00
 1640              	.LASF89:
 1641 022f 2F752F65 		.ascii	"/u/elawton2/p442-submissions/sensortile/reference/b"
 1641      6C617774 
 1641      6F6E322F 
 1641      70343432 
 1641      2D737562 
 1642 0262 6C75656D 		.ascii	"luemicrosystem2/BlueMicrosystem2_V2.2.0/Projects/Mu"
 1642      6963726F 
 1642      73797374 
 1642      656D322F 
 1642      426C7565 
 1643 0295 6C74692F 		.ascii	"lti/Applications/BlueMicrosystem2/bluechibi\000"
 1643      4170706C 
 1643      69636174 
 1643      696F6E73 
 1643      2F426C75 
 1644              	.LASF77:
 1645 02c1 43726348 		.ascii	"CrcHandle\000"
 1645      616E646C 
 1645      6500
 1646              	.LASF67:
 1647 02cb 666C6F61 		.ascii	"float\000"
 1647      7400
 1648              	.LASF54:
 1649 02d1 4F757470 		.ascii	"OutputDataInversionMode\000"
 1649      75744461 
 1649      7461496E 
 1649      76657273 
 1649      696F6E4D 
 1650              	.LASF27:
 1651 02e9 4352435F 		.ascii	"CRC_TypeDef\000"
 1651      54797065 
 1651      44656600 
 1652              	.LASF59:
 1653 02f5 53746174 		.ascii	"State\000"
 1653      6500
 1654              	.LASF81:
ARM GAS  /tmp/ccykpew6.s 			page 32


 1655 02fb 70616765 		.ascii	"page\000"
 1655      00
 1656              	.LASF9:
 1657 0300 6C6F6E67 		.ascii	"long int\000"
 1657      20696E74 
 1657      00
 1658              	.LASF43:
 1659 0309 48414C5F 		.ascii	"HAL_CRC_STATE_READY\000"
 1659      4352435F 
 1659      53544154 
 1659      455F5245 
 1659      41445900 
 1660              	.LASF58:
 1661 031d 4C6F636B 		.ascii	"Lock\000"
 1661      00
 1662              	.LASF26:
 1663 0322 494E4954 		.ascii	"INIT\000"
 1663      00
 1664              	.LASF3:
 1665 0327 5F5F7569 		.ascii	"__uint8_t\000"
 1665      6E74385F 
 1665      7400
 1666              	.LASF62:
 1667 0331 54797065 		.ascii	"TypeErase\000"
 1667      45726173 
 1667      6500
 1668              	.LASF82:
 1669 033b 47657450 		.ascii	"GetPage\000"
 1669      61676500 
 1670              	.LASF57:
 1671 0343 496E6974 		.ascii	"Init\000"
 1671      00
 1672              	.LASF50:
 1673 0348 47656E65 		.ascii	"GeneratingPolynomial\000"
 1673      72617469 
 1673      6E67506F 
 1673      6C796E6F 
 1673      6D69616C 
 1674              	.LASF4:
 1675 035d 756E7369 		.ascii	"unsigned char\000"
 1675      676E6564 
 1675      20636861 
 1675      7200
 1676              	.LASF55:
 1677 036b 4352435F 		.ascii	"CRC_InitTypeDef\000"
 1677      496E6974 
 1677      54797065 
 1677      44656600 
 1678              	.LASF1:
 1679 037b 7369676E 		.ascii	"signed char\000"
 1679      65642063 
 1679      68617200 
 1680              	.LASF14:
 1681 0387 6C6F6E67 		.ascii	"long long unsigned int\000"
 1681      206C6F6E 
 1681      6720756E 
 1681      7369676E 
ARM GAS  /tmp/ccykpew6.s 			page 33


 1681      65642069 
 1682              	.LASF21:
 1683 039e 75696E74 		.ascii	"uint32_t\000"
 1683      33325F74 
 1683      00
 1684              	.LASF29:
 1685 03a7 43464752 		.ascii	"CFGR1\000"
 1685      3100
 1686              	.LASF32:
 1687 03ad 43464752 		.ascii	"CFGR2\000"
 1687      3200
 1688              	.LASF19:
 1689 03b3 75696E74 		.ascii	"uint16_t\000"
 1689      31365F74 
 1689      00
 1690              	.LASF61:
 1691 03bc 4352435F 		.ascii	"CRC_HandleTypeDef\000"
 1691      48616E64 
 1691      6C655479 
 1691      70654465 
 1691      6600
 1692              	.LASF60:
 1693 03ce 496E7075 		.ascii	"InputDataFormat\000"
 1693      74446174 
 1693      61466F72 
 1693      6D617400 
 1694              	.LASF53:
 1695 03de 496E7075 		.ascii	"InputDataInversionMode\000"
 1695      74446174 
 1695      61496E76 
 1695      65727369 
 1695      6F6E4D6F 
 1696              	.LASF7:
 1697 03f5 73686F72 		.ascii	"short unsigned int\000"
 1697      7420756E 
 1697      7369676E 
 1697      65642069 
 1697      6E7400
 1698              	.LASF2:
 1699 0408 5F5F696E 		.ascii	"__int8_t\000"
 1699      74385F74 
 1699      00
 1700              	.LASF63:
 1701 0411 42616E6B 		.ascii	"Banks\000"
 1701      7300
 1702              	.LASF84:
 1703 0417 62616E6B 		.ascii	"bank\000"
 1703      00
 1704              	.LASF34:
 1705 041c 53595343 		.ascii	"SYSCFG_TypeDef\000"
 1705      46475F54 
 1705      79706544 
 1705      656600
 1706              	.LASF16:
 1707 042b 63686172 		.ascii	"char\000"
 1707      00
 1708              	.LASF47:
ARM GAS  /tmp/ccykpew6.s 			page 34


 1709 0430 48414C5F 		.ascii	"HAL_CRC_StateTypeDef\000"
 1709      4352435F 
 1709      53746174 
 1709      65547970 
 1709      65446566 
 1710              	.LASF83:
 1711 0445 47657442 		.ascii	"GetBank\000"
 1711      616E6B00 
 1712              	.LASF20:
 1713 044d 696E7433 		.ascii	"int32_t\000"
 1713      325F7400 
 1714              	.LASF52:
 1715 0455 496E6974 		.ascii	"InitValue\000"
 1715      56616C75 
 1715      6500
 1716              	.LASF8:
 1717 045f 5F5F696E 		.ascii	"__int32_t\000"
 1717      7433325F 
 1717      7400
 1718              	.LASF72:
 1719 0469 52657475 		.ascii	"ReturnValue\000"
 1719      726E5661 
 1719      6C756500 
 1720              	.LASF13:
 1721 0475 5F5F7569 		.ascii	"__uint64_t\000"
 1721      6E743634 
 1721      5F7400
 1722              	.LASF40:
 1723 0480 48414C5F 		.ascii	"HAL_LOCKED\000"
 1723      4C4F434B 
 1723      454400
 1724              	.LASF91:
 1725 048b 53746172 		.ascii	"StartUpdateFWBlueMS\000"
 1725      74557064 
 1725      61746546 
 1725      57426C75 
 1725      654D5300 
 1726              	.LASF23:
 1727 049f 52455345 		.ascii	"RESERVED0\000"
 1727      52564544 
 1727      3000
 1728              	.LASF74:
 1729 04a9 56616C75 		.ascii	"ValueToWrite\000"
 1729      65546F57 
 1729      72697465 
 1729      00
 1730              	.LASF25:
 1731 04b6 52455345 		.ascii	"RESERVED2\000"
 1731      52564544 
 1731      3200
 1732              	.LASF11:
 1733 04c0 6C6F6E67 		.ascii	"long unsigned int\000"
 1733      20756E73 
 1733      69676E65 
 1733      6420696E 
 1733      7400
 1734              	.LASF44:
ARM GAS  /tmp/ccykpew6.s 			page 35


 1735 04d2 48414C5F 		.ascii	"HAL_CRC_STATE_BUSY\000"
 1735      4352435F 
 1735      53544154 
 1735      455F4255 
 1735      535900
 1736              	.LASF46:
 1737 04e5 48414C5F 		.ascii	"HAL_CRC_STATE_ERROR\000"
 1737      4352435F 
 1737      53544154 
 1737      455F4552 
 1737      524F5200 
 1738              	.LASF70:
 1739 04f9 64617461 		.ascii	"data_length\000"
 1739      5F6C656E 
 1739      67746800 
 1740              	.LASF48:
 1741 0505 44656661 		.ascii	"DefaultPolynomialUse\000"
 1741      756C7450 
 1741      6F6C796E 
 1741      6F6D6961 
 1741      6C557365 
 1742              	.LASF33:
 1743 051a 53575052 		.ascii	"SWPR\000"
 1743      00
 1744              	.LASF71:
 1745 051f 57726974 		.ascii	"WriteMagicNum\000"
 1745      654D6167 
 1745      69634E75 
 1745      6D00
 1746              	.LASF65:
 1747 052d 4E625061 		.ascii	"NbPages\000"
 1747      67657300 
 1748              	.LASF68:
 1749 0535 53697A65 		.ascii	"SizeOfUpdate\000"
 1749      4F665570 
 1749      64617465 
 1749      00
 1750              	.LASF45:
 1751 0542 48414C5F 		.ascii	"HAL_CRC_STATE_TIMEOUT\000"
 1751      4352435F 
 1751      53544154 
 1751      455F5449 
 1751      4D454F55 
 1752              	.LASF31:
 1753 0558 53435352 		.ascii	"SCSR\000"
 1753      00
 1754              	.LASF51:
 1755 055d 4352434C 		.ascii	"CRCLength\000"
 1755      656E6774 
 1755      6800
 1756              	.LASF92:
 1757 0567 49544D5F 		.ascii	"ITM_RxBuffer\000"
 1757      52784275 
 1757      66666572 
 1757      00
 1758              	.LASF0:
 1759 0574 756E7369 		.ascii	"unsigned int\000"
ARM GAS  /tmp/ccykpew6.s 			page 36


 1759      676E6564 
 1759      20696E74 
 1759      00
 1760              	.LASF66:
 1761 0581 464C4153 		.ascii	"FLASH_EraseInitTypeDef\000"
 1761      485F4572 
 1761      61736549 
 1761      6E697454 
 1761      79706544 
 1762              	.LASF41:
 1763 0598 48414C5F 		.ascii	"HAL_LockTypeDef\000"
 1763      4C6F636B 
 1763      54797065 
 1763      44656600 
 1764              	.LASF76:
 1765 05a8 75774352 		.ascii	"uwCRCValue\000"
 1765      4356616C 
 1765      756500
 1766              	.LASF56:
 1767 05b3 496E7374 		.ascii	"Instance\000"
 1767      616E6365 
 1767      00
 1768              		.ident	"GCC: (GNU Tools for ARM Embedded Processors) 4.8.4 20140526 (release) [ARM/embedded-4_8-br
ARM GAS  /tmp/ccykpew6.s 			page 37


DEFINED SYMBOLS
                            *ABS*:00000000 OTA.c
     /tmp/ccykpew6.s:19     .bss:00000000 $d
     /tmp/ccykpew6.s:20     .bss:00000000 SizeOfUpdateBlueFW
     /tmp/ccykpew6.s:23     .bss:00000004 AspecteduwCRCValue
     /tmp/ccykpew6.s:26     .text:00000000 $t
     /tmp/ccykpew6.s:32     .text:00000000 UpdateFWBlueMS
     /tmp/ccykpew6.s:237    .text:00000148 $d
     /tmp/ccykpew6.s:519    .data:00000000 Address.9474
     /tmp/ccykpew6.s:248    .text:00000168 $t
     /tmp/ccykpew6.s:254    .text:00000170 StartUpdateFWBlueMS
     /tmp/ccykpew6.s:417    .text:00000260 GetBank
     /tmp/ccykpew6.s:331    .text:000001e0 GetPage
     /tmp/ccykpew6.s:320    .text:000001cc $d
     /tmp/ccykpew6.s:326    .text:000001d8 $t
     /tmp/ccykpew6.s:407    .text:0000024c $d
     /tmp/ccykpew6.s:412    .text:00000254 $t
     /tmp/ccykpew6.s:509    .text:000002e0 $d
     /tmp/ccykpew6.s:516    .data:00000000 $d
                     .debug_frame:00000010 $d
     /tmp/ccykpew6.s:530    .text:000002ec $t

UNDEFINED SYMBOLS
HAL_FLASH_Unlock
memcpy
HAL_FLASH_Program
HAL_CRC_GetState
HAL_CRC_DeInit
HAL_CRC_Init
HAL_CRC_Calculate
HAL_FLASH_Lock
HAL_FLASHEx_Erase
