ARM GAS  /tmp/ccXJeyh5.s 			page 1


   1              		.syntax unified
   2              		.cpu cortex-m4
   3              		.fpu softvfp
   4              		.eabi_attribute 20, 1
   5              		.eabi_attribute 21, 1
   6              		.eabi_attribute 23, 3
   7              		.eabi_attribute 24, 1
   8              		.eabi_attribute 25, 1
   9              		.eabi_attribute 26, 1
  10              		.eabi_attribute 30, 6
  11              		.eabi_attribute 34, 1
  12              		.eabi_attribute 18, 4
  13              		.thumb
  14              		.file	"pal.c"
  15              		.text
  16              	.Ltext0:
  17              		.cfi_sections	.debug_frame
  18              		.align	2
  19              		.p2align 4,,15
  20              		.global	palReadBus
  21              		.thumb
  22              		.thumb_func
  23              		.type	palReadBus, %function
  24              	palReadBus:
  25              	.LFB269:
  26              		.file 1 "../../../../../../ChibiOS/os/hal/src/pal.c"
  27              		.loc 1 65 0
  28              		.cfi_startproc
  29              		@ args = 0, pretend = 0, frame = 8
  30              		@ frame_needed = 0, uses_anonymous_args = 0
  31              		@ link register save eliminated.
  32 0000 82B0     		sub	sp, sp, #8
  33              		.cfi_def_cfa_offset 8
  34 0002 0190     		str	r0, [sp, #4]
  35              		.loc 1 69 0
  36 0004 019B     		ldr	r3, [sp, #4]
  37 0006 1B68     		ldr	r3, [r3]
  38 0008 1A69     		ldr	r2, [r3, #16]
  39 000a 019B     		ldr	r3, [sp, #4]
  40 000c 9B68     		ldr	r3, [r3, #8]
  41 000e DA40     		lsrs	r2, r2, r3
  42 0010 019B     		ldr	r3, [sp, #4]
  43 0012 5B68     		ldr	r3, [r3, #4]
  44 0014 1340     		ands	r3, r3, r2
  45              		.loc 1 70 0
  46 0016 1846     		mov	r0, r3
  47 0018 02B0     		add	sp, sp, #8
  48              		@ sp needed
  49 001a 7047     		bx	lr
  50              		.cfi_endproc
  51              	.LFE269:
  52              		.size	palReadBus, .-palReadBus
  53              		.align	2
  54 001c AFF30080 		.p2align 4,,15
  55              		.global	palWriteBus
  56              		.thumb
  57              		.thumb_func
ARM GAS  /tmp/ccXJeyh5.s 			page 2


  58              		.type	palWriteBus, %function
  59              	palWriteBus:
  60              	.LFB270:
  61              		.loc 1 90 0
  62              		.cfi_startproc
  63              		@ args = 0, pretend = 0, frame = 8
  64              		@ frame_needed = 0, uses_anonymous_args = 0
  65              		@ link register save eliminated.
  66 0020 82B0     		sub	sp, sp, #8
  67              		.cfi_def_cfa_offset 8
  68 0022 0190     		str	r0, [sp, #4]
  69 0024 0091     		str	r1, [sp]
  70              		.loc 1 94 0
  71 0026 019B     		ldr	r3, [sp, #4]
  72 0028 1B68     		ldr	r3, [r3]
  73 002a 009A     		ldr	r2, [sp]
  74 002c D143     		mvns	r1, r2
  75 002e 019A     		ldr	r2, [sp, #4]
  76 0030 5268     		ldr	r2, [r2, #4]
  77 0032 1140     		ands	r1, r1, r2
  78 0034 019A     		ldr	r2, [sp, #4]
  79 0036 9268     		ldr	r2, [r2, #8]
  80 0038 1032     		adds	r2, r2, #16
  81 003a 9140     		lsls	r1, r1, r2
  82 003c 019A     		ldr	r2, [sp, #4]
  83 003e 5068     		ldr	r0, [r2, #4]
  84 0040 009A     		ldr	r2, [sp]
  85 0042 1040     		ands	r0, r0, r2
  86 0044 019A     		ldr	r2, [sp, #4]
  87 0046 9268     		ldr	r2, [r2, #8]
  88 0048 00FA02F2 		lsl	r2, r0, r2
  89 004c 0A43     		orrs	r2, r2, r1
  90 004e 9A61     		str	r2, [r3, #24]
  91              		.loc 1 95 0
  92 0050 02B0     		add	sp, sp, #8
  93              		@ sp needed
  94 0052 7047     		bx	lr
  95              		.cfi_endproc
  96              	.LFE270:
  97              		.size	palWriteBus, .-palWriteBus
  98              		.align	2
  99 0054 AFF30080 		.p2align 4,,15
  99      AFF30080 
  99      AFF30080 
 100              		.global	palSetBusMode
 101              		.thumb
 102              		.thumb_func
 103              		.type	palSetBusMode, %function
 104              	palSetBusMode:
 105              	.LFB271:
 106              		.loc 1 113 0
 107              		.cfi_startproc
 108              		@ args = 0, pretend = 0, frame = 8
 109              		@ frame_needed = 0, uses_anonymous_args = 0
 110 0060 00B5     		push	{lr}
 111              		.cfi_def_cfa_offset 4
 112              		.cfi_offset 14, -4
ARM GAS  /tmp/ccXJeyh5.s 			page 3


 113 0062 83B0     		sub	sp, sp, #12
 114              		.cfi_def_cfa_offset 16
 115 0064 0190     		str	r0, [sp, #4]
 116 0066 0091     		str	r1, [sp]
 117              		.loc 1 117 0
 118 0068 019B     		ldr	r3, [sp, #4]
 119 006a 1A68     		ldr	r2, [r3]
 120 006c 019B     		ldr	r3, [sp, #4]
 121 006e 5968     		ldr	r1, [r3, #4]
 122 0070 019B     		ldr	r3, [sp, #4]
 123 0072 9B68     		ldr	r3, [r3, #8]
 124 0074 01FA03F3 		lsl	r3, r1, r3
 125 0078 1046     		mov	r0, r2
 126 007a 1946     		mov	r1, r3
 127 007c 009A     		ldr	r2, [sp]
 128 007e FFF7FEFF 		bl	_pal_lld_setgroupmode
 129              		.loc 1 118 0
 130 0082 03B0     		add	sp, sp, #12
 131              		@ sp needed
 132 0084 5DF804FB 		ldr	pc, [sp], #4
 133              		.cfi_endproc
 134              	.LFE271:
 135              		.size	palSetBusMode, .-palSetBusMode
 136              	.Letext0:
 137              		.file 2 "/nfs/nfs5/home/research/hardware/arm2/gcc-arm-embedded/gcc-arm-none-eabi-4_8-2014q2/arm-n
 138              		.file 3 "/nfs/nfs5/home/research/hardware/arm2/gcc-arm-embedded/gcc-arm-none-eabi-4_8-2014q2/arm-n
 139              		.file 4 "../../../../../../ChibiOS/os/rt/ports/ARMCMx/compilers/GCC/chtypes.h"
 140              		.file 5 "../../../../../../ChibiOS/os/rt/include/chsystypes.h"
 141              		.file 6 "../../../../../../ChibiOS/os/rt/include/chschd.h"
 142              		.file 7 "../../../../../../ChibiOS/os/rt/ports/ARMCMx/chcore.h"
 143              		.file 8 "../../../../../../ChibiOS/os/rt/ports/ARMCMx/chcore_v7m.h"
 144              		.file 9 "../../../../../../ChibiOS/os/rt/include/chtm.h"
 145              		.file 10 "../../../../../../ChibiOS/os/rt/include/chsem.h"
 146              		.file 11 "../../../../../../ChibiOS/os/rt/include/chmtx.h"
 147              		.file 12 "../../../../../../ChibiOS/os/hal/ports/STM32/LLD/GPIOv3/pal_lld.h"
 148              		.file 13 "../../../../../../ChibiOS/os/hal/include/pal.h"
 149              		.file 14 "../../../../../../ChibiOS/os/ext/CMSIS/include/core_cm4.h"
 150 0088 AFF30080 		.section	.debug_info,"",%progbits
 150      AFF30080 
 151              	.Ldebug_info0:
 152 0000 AB080000 		.4byte	0x8ab
 153 0004 0400     		.2byte	0x4
 154 0006 00000000 		.4byte	.Ldebug_abbrev0
 155 000a 04       		.byte	0x4
 156 000b 01       		.uleb128 0x1
 157 000c A6030000 		.4byte	.LASF130
 158 0010 01       		.byte	0x1
 159 0011 F1050000 		.4byte	.LASF131
 160 0015 5B010000 		.4byte	.LASF132
 161 0019 00000000 		.4byte	.Ltext0
 162 001d 88000000 		.4byte	.Letext0-.Ltext0
 163 0021 00000000 		.4byte	.Ldebug_line0
 164 0025 02       		.uleb128 0x2
 165 0026 04       		.byte	0x4
 166 0027 05       		.byte	0x5
 167 0028 696E7400 		.ascii	"int\000"
 168 002c 03       		.uleb128 0x3
ARM GAS  /tmp/ccXJeyh5.s 			page 4


 169 002d 04       		.byte	0x4
 170 002e 07       		.byte	0x7
 171 002f 0E020000 		.4byte	.LASF0
 172 0033 03       		.uleb128 0x3
 173 0034 01       		.byte	0x1
 174 0035 06       		.byte	0x6
 175 0036 CE000000 		.4byte	.LASF1
 176 003a 04       		.uleb128 0x4
 177 003b 2A000000 		.4byte	.LASF4
 178 003f 02       		.byte	0x2
 179 0040 1C       		.byte	0x1c
 180 0041 45000000 		.4byte	0x45
 181 0045 03       		.uleb128 0x3
 182 0046 01       		.byte	0x1
 183 0047 08       		.byte	0x8
 184 0048 98030000 		.4byte	.LASF2
 185 004c 03       		.uleb128 0x3
 186 004d 02       		.byte	0x2
 187 004e 05       		.byte	0x5
 188 004f 63040000 		.4byte	.LASF3
 189 0053 04       		.uleb128 0x4
 190 0054 39050000 		.4byte	.LASF5
 191 0058 02       		.byte	0x2
 192 0059 26       		.byte	0x26
 193 005a 5E000000 		.4byte	0x5e
 194 005e 03       		.uleb128 0x3
 195 005f 02       		.byte	0x2
 196 0060 07       		.byte	0x7
 197 0061 53020000 		.4byte	.LASF6
 198 0065 04       		.uleb128 0x4
 199 0066 AA020000 		.4byte	.LASF7
 200 006a 02       		.byte	0x2
 201 006b 37       		.byte	0x37
 202 006c 70000000 		.4byte	0x70
 203 0070 03       		.uleb128 0x3
 204 0071 04       		.byte	0x4
 205 0072 05       		.byte	0x5
 206 0073 0A010000 		.4byte	.LASF8
 207 0077 04       		.uleb128 0x4
 208 0078 72050000 		.4byte	.LASF9
 209 007c 02       		.byte	0x2
 210 007d 38       		.byte	0x38
 211 007e 82000000 		.4byte	0x82
 212 0082 03       		.uleb128 0x3
 213 0083 04       		.byte	0x4
 214 0084 07       		.byte	0x7
 215 0085 1D050000 		.4byte	.LASF10
 216 0089 03       		.uleb128 0x3
 217 008a 08       		.byte	0x8
 218 008b 05       		.byte	0x5
 219 008c C0000000 		.4byte	.LASF11
 220 0090 04       		.uleb128 0x4
 221 0091 30030000 		.4byte	.LASF12
 222 0095 02       		.byte	0x2
 223 0096 4E       		.byte	0x4e
 224 0097 9B000000 		.4byte	0x9b
 225 009b 03       		.uleb128 0x3
ARM GAS  /tmp/ccXJeyh5.s 			page 5


 226 009c 08       		.byte	0x8
 227 009d 07       		.byte	0x7
 228 009e 54000000 		.4byte	.LASF13
 229 00a2 04       		.uleb128 0x4
 230 00a3 E9050000 		.4byte	.LASF14
 231 00a7 03       		.byte	0x3
 232 00a8 2A       		.byte	0x2a
 233 00a9 3A000000 		.4byte	0x3a
 234 00ad 04       		.uleb128 0x4
 235 00ae 1C010000 		.4byte	.LASF15
 236 00b2 03       		.byte	0x3
 237 00b3 36       		.byte	0x36
 238 00b4 53000000 		.4byte	0x53
 239 00b8 04       		.uleb128 0x4
 240 00b9 90030000 		.4byte	.LASF16
 241 00bd 03       		.byte	0x3
 242 00be 41       		.byte	0x41
 243 00bf 65000000 		.4byte	0x65
 244 00c3 04       		.uleb128 0x4
 245 00c4 EA040000 		.4byte	.LASF17
 246 00c8 03       		.byte	0x3
 247 00c9 42       		.byte	0x42
 248 00ca 77000000 		.4byte	0x77
 249 00ce 04       		.uleb128 0x4
 250 00cf 1A000000 		.4byte	.LASF18
 251 00d3 03       		.byte	0x3
 252 00d4 4E       		.byte	0x4e
 253 00d5 90000000 		.4byte	0x90
 254 00d9 04       		.uleb128 0x4
 255 00da 94040000 		.4byte	.LASF19
 256 00de 03       		.byte	0x3
 257 00df 60       		.byte	0x60
 258 00e0 2C000000 		.4byte	0x2c
 259 00e4 04       		.uleb128 0x4
 260 00e5 BF020000 		.4byte	.LASF20
 261 00e9 04       		.byte	0x4
 262 00ea 39       		.byte	0x39
 263 00eb C3000000 		.4byte	0xc3
 264 00ef 04       		.uleb128 0x4
 265 00f0 88020000 		.4byte	.LASF21
 266 00f4 04       		.byte	0x4
 267 00f5 3C       		.byte	0x3c
 268 00f6 A2000000 		.4byte	0xa2
 269 00fa 04       		.uleb128 0x4
 270 00fb 13010000 		.4byte	.LASF22
 271 00ff 04       		.byte	0x4
 272 0100 3D       		.byte	0x3d
 273 0101 A2000000 		.4byte	0xa2
 274 0105 04       		.uleb128 0x4
 275 0106 53030000 		.4byte	.LASF23
 276 010a 04       		.byte	0x4
 277 010b 3E       		.byte	0x3e
 278 010c A2000000 		.4byte	0xa2
 279 0110 04       		.uleb128 0x4
 280 0111 F6000000 		.4byte	.LASF24
 281 0115 04       		.byte	0x4
 282 0116 3F       		.byte	0x3f
ARM GAS  /tmp/ccXJeyh5.s 			page 6


 283 0117 A2000000 		.4byte	0xa2
 284 011b 04       		.uleb128 0x4
 285 011c 72030000 		.4byte	.LASF25
 286 0120 04       		.byte	0x4
 287 0121 40       		.byte	0x40
 288 0122 C3000000 		.4byte	0xc3
 289 0126 04       		.uleb128 0x4
 290 0127 70020000 		.4byte	.LASF26
 291 012b 04       		.byte	0x4
 292 012c 41       		.byte	0x41
 293 012d B8000000 		.4byte	0xb8
 294 0131 04       		.uleb128 0x4
 295 0132 9E020000 		.4byte	.LASF27
 296 0136 04       		.byte	0x4
 297 0137 43       		.byte	0x43
 298 0138 C3000000 		.4byte	0xc3
 299 013c 04       		.uleb128 0x4
 300 013d 08020000 		.4byte	.LASF28
 301 0141 04       		.byte	0x4
 302 0142 45       		.byte	0x45
 303 0143 B8000000 		.4byte	0xb8
 304 0147 04       		.uleb128 0x4
 305 0148 54050000 		.4byte	.LASF29
 306 014c 05       		.byte	0x5
 307 014d 33       		.byte	0x33
 308 014e C3000000 		.4byte	0xc3
 309 0152 04       		.uleb128 0x4
 310 0153 44050000 		.4byte	.LASF30
 311 0157 05       		.byte	0x5
 312 0158 3F       		.byte	0x3f
 313 0159 5D010000 		.4byte	0x15d
 314 015d 05       		.uleb128 0x5
 315 015e 66020000 		.4byte	.LASF51
 316 0162 44       		.byte	0x44
 317 0163 06       		.byte	0x6
 318 0164 C2       		.byte	0xc2
 319 0165 56020000 		.4byte	0x256
 320 0169 06       		.uleb128 0x6
 321 016a 8D040000 		.4byte	.LASF31
 322 016e 06       		.byte	0x6
 323 016f C3       		.byte	0xc3
 324 0170 61020000 		.4byte	0x261
 325 0174 00       		.byte	0
 326 0175 06       		.uleb128 0x6
 327 0176 6B030000 		.4byte	.LASF32
 328 017a 06       		.byte	0x6
 329 017b C5       		.byte	0xc5
 330 017c 61020000 		.4byte	0x261
 331 0180 04       		.byte	0x4
 332 0181 06       		.uleb128 0x6
 333 0182 B9000000 		.4byte	.LASF33
 334 0186 06       		.byte	0x6
 335 0187 C7       		.byte	0xc7
 336 0188 1B010000 		.4byte	0x11b
 337 018c 08       		.byte	0x8
 338 018d 06       		.uleb128 0x6
 339 018e 65060000 		.4byte	.LASF34
ARM GAS  /tmp/ccXJeyh5.s 			page 7


 340 0192 06       		.byte	0x6
 341 0193 C8       		.byte	0xc8
 342 0194 A8040000 		.4byte	0x4a8
 343 0198 0C       		.byte	0xc
 344 0199 06       		.uleb128 0x6
 345 019a 25010000 		.4byte	.LASF35
 346 019e 06       		.byte	0x6
 347 019f CA       		.byte	0xca
 348 01a0 61020000 		.4byte	0x261
 349 01a4 10       		.byte	0x10
 350 01a5 06       		.uleb128 0x6
 351 01a6 FF020000 		.4byte	.LASF36
 352 01aa 06       		.byte	0x6
 353 01ab CB       		.byte	0xcb
 354 01ac 61020000 		.4byte	0x261
 355 01b0 14       		.byte	0x14
 356 01b1 06       		.uleb128 0x6
 357 01b2 35060000 		.4byte	.LASF37
 358 01b6 06       		.byte	0x6
 359 01b7 D2       		.byte	0xd2
 360 01b8 87040000 		.4byte	0x487
 361 01bc 18       		.byte	0x18
 362 01bd 06       		.uleb128 0x6
 363 01be 6D040000 		.4byte	.LASF38
 364 01c2 06       		.byte	0x6
 365 01c3 DD       		.byte	0xdd
 366 01c4 FA000000 		.4byte	0xfa
 367 01c8 1C       		.byte	0x1c
 368 01c9 06       		.uleb128 0x6
 369 01ca A1040000 		.4byte	.LASF39
 370 01ce 06       		.byte	0x6
 371 01cf E1       		.byte	0xe1
 372 01d0 EF000000 		.4byte	0xef
 373 01d4 1D       		.byte	0x1d
 374 01d5 06       		.uleb128 0x6
 375 01d6 D4050000 		.4byte	.LASF40
 376 01da 06       		.byte	0x6
 377 01db E6       		.byte	0xe6
 378 01dc 05010000 		.4byte	0x105
 379 01e0 1E       		.byte	0x1e
 380 01e1 06       		.uleb128 0x6
 381 01e2 75040000 		.4byte	.LASF41
 382 01e6 06       		.byte	0x6
 383 01e7 EC       		.byte	0xec
 384 01e8 10010000 		.4byte	0x110
 385 01ec 1F       		.byte	0x1f
 386 01ed 07       		.uleb128 0x7
 387 01ee 705F7500 		.ascii	"p_u\000"
 388 01f2 06       		.byte	0x6
 389 01f3 3101     		.2byte	0x131
 390 01f5 62050000 		.4byte	0x562
 391 01f9 20       		.byte	0x20
 392 01fa 08       		.uleb128 0x8
 393 01fb 6B060000 		.4byte	.LASF42
 394 01ff 06       		.byte	0x6
 395 0200 3601     		.2byte	0x136
 396 0202 67020000 		.4byte	0x267
ARM GAS  /tmp/ccXJeyh5.s 			page 8


 397 0206 24       		.byte	0x24
 398 0207 08       		.uleb128 0x8
 399 0208 A6050000 		.4byte	.LASF43
 400 020c 06       		.byte	0x6
 401 020d 3C01     		.2byte	0x13c
 402 020f 8B020000 		.4byte	0x28b
 403 0213 28       		.byte	0x28
 404 0214 08       		.uleb128 0x8
 405 0215 4B060000 		.4byte	.LASF44
 406 0219 06       		.byte	0x6
 407 021a 4001     		.2byte	0x140
 408 021c 26010000 		.4byte	0x126
 409 0220 30       		.byte	0x30
 410 0221 08       		.uleb128 0x8
 411 0222 DF040000 		.4byte	.LASF45
 412 0226 06       		.byte	0x6
 413 0227 4601     		.2byte	0x146
 414 0229 31010000 		.4byte	0x131
 415 022d 34       		.byte	0x34
 416 022e 08       		.uleb128 0x8
 417 022f 59040000 		.4byte	.LASF46
 418 0233 06       		.byte	0x6
 419 0234 4D01     		.2byte	0x14d
 420 0236 21060000 		.4byte	0x621
 421 023a 38       		.byte	0x38
 422 023b 08       		.uleb128 0x8
 423 023c 5E050000 		.4byte	.LASF47
 424 0240 06       		.byte	0x6
 425 0241 5101     		.2byte	0x151
 426 0243 1B010000 		.4byte	0x11b
 427 0247 3C       		.byte	0x3c
 428 0248 08       		.uleb128 0x8
 429 0249 DF000000 		.4byte	.LASF48
 430 024d 06       		.byte	0x6
 431 024e 5801     		.2byte	0x158
 432 0250 3E030000 		.4byte	0x33e
 433 0254 40       		.byte	0x40
 434 0255 00       		.byte	0
 435 0256 04       		.uleb128 0x4
 436 0257 C7020000 		.4byte	.LASF49
 437 025b 05       		.byte	0x5
 438 025c 44       		.byte	0x44
 439 025d 61020000 		.4byte	0x261
 440 0261 09       		.uleb128 0x9
 441 0262 04       		.byte	0x4
 442 0263 52010000 		.4byte	0x152
 443 0267 04       		.uleb128 0x4
 444 0268 3C060000 		.4byte	.LASF50
 445 026c 05       		.byte	0x5
 446 026d 49       		.byte	0x49
 447 026e 72020000 		.4byte	0x272
 448 0272 05       		.uleb128 0x5
 449 0273 0D050000 		.4byte	.LASF52
 450 0277 04       		.byte	0x4
 451 0278 06       		.byte	0x6
 452 0279 B0       		.byte	0xb0
 453 027a 8B020000 		.4byte	0x28b
ARM GAS  /tmp/ccXJeyh5.s 			page 9


 454 027e 06       		.uleb128 0x6
 455 027f 8D040000 		.4byte	.LASF31
 456 0283 06       		.byte	0x6
 457 0284 B1       		.byte	0xb1
 458 0285 61020000 		.4byte	0x261
 459 0289 00       		.byte	0
 460 028a 00       		.byte	0
 461 028b 04       		.uleb128 0x4
 462 028c C4050000 		.4byte	.LASF53
 463 0290 05       		.byte	0x5
 464 0291 50       		.byte	0x50
 465 0292 96020000 		.4byte	0x296
 466 0296 05       		.uleb128 0x5
 467 0297 A8000000 		.4byte	.LASF54
 468 029b 08       		.byte	0x8
 469 029c 06       		.byte	0x6
 470 029d B7       		.byte	0xb7
 471 029e BB020000 		.4byte	0x2bb
 472 02a2 06       		.uleb128 0x6
 473 02a3 8D040000 		.4byte	.LASF31
 474 02a7 06       		.byte	0x6
 475 02a8 B8       		.byte	0xb8
 476 02a9 61020000 		.4byte	0x261
 477 02ad 00       		.byte	0
 478 02ae 06       		.uleb128 0x6
 479 02af 6B030000 		.4byte	.LASF32
 480 02b3 06       		.byte	0x6
 481 02b4 B9       		.byte	0xb9
 482 02b5 61020000 		.4byte	0x261
 483 02b9 04       		.byte	0x4
 484 02ba 00       		.byte	0
 485 02bb 04       		.uleb128 0x4
 486 02bc 00000000 		.4byte	.LASF55
 487 02c0 05       		.byte	0x5
 488 02c1 57       		.byte	0x57
 489 02c2 C6020000 		.4byte	0x2c6
 490 02c6 0A       		.uleb128 0xa
 491 02c7 90020000 		.4byte	.LASF56
 492 02cb 1C       		.byte	0x1c
 493 02cc 06       		.byte	0x6
 494 02cd 9001     		.2byte	0x190
 495 02cf 22030000 		.4byte	0x322
 496 02d3 08       		.uleb128 0x8
 497 02d4 FA040000 		.4byte	.LASF57
 498 02d8 06       		.byte	0x6
 499 02d9 9101     		.2byte	0x191
 500 02db 8B020000 		.4byte	0x28b
 501 02df 00       		.byte	0
 502 02e0 08       		.uleb128 0x8
 503 02e1 7F040000 		.4byte	.LASF58
 504 02e5 06       		.byte	0x6
 505 02e6 9201     		.2byte	0x192
 506 02e8 1B010000 		.4byte	0x11b
 507 02ec 08       		.byte	0x8
 508 02ed 08       		.uleb128 0x8
 509 02ee 07030000 		.4byte	.LASF59
 510 02f2 06       		.byte	0x6
ARM GAS  /tmp/ccXJeyh5.s 			page 10


 511 02f3 9401     		.2byte	0x194
 512 02f5 A8040000 		.4byte	0x4a8
 513 02f9 0C       		.byte	0xc
 514 02fa 08       		.uleb128 0x8
 515 02fb 3D010000 		.4byte	.LASF60
 516 02ff 06       		.byte	0x6
 517 0300 9701     		.2byte	0x197
 518 0302 61020000 		.4byte	0x261
 519 0306 10       		.byte	0x10
 520 0307 08       		.uleb128 0x8
 521 0308 28030000 		.4byte	.LASF61
 522 030c 06       		.byte	0x6
 523 030d 9801     		.2byte	0x198
 524 030f 61020000 		.4byte	0x261
 525 0313 14       		.byte	0x14
 526 0314 08       		.uleb128 0x8
 527 0315 1E030000 		.4byte	.LASF62
 528 0319 06       		.byte	0x6
 529 031a 9B01     		.2byte	0x19b
 530 031c 61020000 		.4byte	0x261
 531 0320 18       		.byte	0x18
 532 0321 00       		.byte	0
 533 0322 04       		.uleb128 0x4
 534 0323 69050000 		.4byte	.LASF63
 535 0327 05       		.byte	0x5
 536 0328 5C       		.byte	0x5c
 537 0329 2D030000 		.4byte	0x32d
 538 032d 09       		.uleb128 0x9
 539 032e 04       		.byte	0x4
 540 032f 33030000 		.4byte	0x333
 541 0333 0B       		.uleb128 0xb
 542 0334 3E030000 		.4byte	0x33e
 543 0338 0C       		.uleb128 0xc
 544 0339 3E030000 		.4byte	0x33e
 545 033d 00       		.byte	0
 546 033e 0D       		.uleb128 0xd
 547 033f 04       		.byte	0x4
 548 0340 04       		.uleb128 0x4
 549 0341 5B030000 		.4byte	.LASF64
 550 0345 05       		.byte	0x5
 551 0346 61       		.byte	0x61
 552 0347 4B030000 		.4byte	0x34b
 553 034b 0A       		.uleb128 0xa
 554 034c C1040000 		.4byte	.LASF65
 555 0350 14       		.byte	0x14
 556 0351 06       		.byte	0x6
 557 0352 6B01     		.2byte	0x16b
 558 0354 9A030000 		.4byte	0x39a
 559 0358 08       		.uleb128 0x8
 560 0359 45020000 		.4byte	.LASF66
 561 035d 06       		.byte	0x6
 562 035e 6C01     		.2byte	0x16c
 563 0360 27060000 		.4byte	0x627
 564 0364 00       		.byte	0
 565 0365 08       		.uleb128 0x8
 566 0366 53010000 		.4byte	.LASF67
 567 036a 06       		.byte	0x6
ARM GAS  /tmp/ccXJeyh5.s 			page 11


 568 036b 6D01     		.2byte	0x16d
 569 036d 27060000 		.4byte	0x627
 570 0371 04       		.byte	0x4
 571 0372 08       		.uleb128 0x8
 572 0373 2D020000 		.4byte	.LASF68
 573 0377 06       		.byte	0x6
 574 0378 6E01     		.2byte	0x16e
 575 037a 47010000 		.4byte	0x147
 576 037e 08       		.byte	0x8
 577 037f 08       		.uleb128 0x8
 578 0380 F7020000 		.4byte	.LASF69
 579 0384 06       		.byte	0x6
 580 0385 6F01     		.2byte	0x16f
 581 0387 22030000 		.4byte	0x322
 582 038b 0C       		.byte	0xc
 583 038c 08       		.uleb128 0x8
 584 038d B1050000 		.4byte	.LASF70
 585 0391 06       		.byte	0x6
 586 0392 7101     		.2byte	0x171
 587 0394 3E030000 		.4byte	0x33e
 588 0398 10       		.byte	0x10
 589 0399 00       		.byte	0
 590 039a 04       		.uleb128 0x4
 591 039b 85000000 		.4byte	.LASF71
 592 039f 05       		.byte	0x5
 593 03a0 66       		.byte	0x66
 594 03a1 A5030000 		.4byte	0x3a5
 595 03a5 0A       		.uleb128 0xa
 596 03a6 DA020000 		.4byte	.LASF72
 597 03aa 10       		.byte	0x10
 598 03ab 06       		.byte	0x6
 599 03ac 7B01     		.2byte	0x17b
 600 03ae E7030000 		.4byte	0x3e7
 601 03b2 08       		.uleb128 0x8
 602 03b3 45020000 		.4byte	.LASF66
 603 03b7 06       		.byte	0x6
 604 03b8 7C01     		.2byte	0x17c
 605 03ba 27060000 		.4byte	0x627
 606 03be 00       		.byte	0
 607 03bf 08       		.uleb128 0x8
 608 03c0 53010000 		.4byte	.LASF67
 609 03c4 06       		.byte	0x6
 610 03c5 7E01     		.2byte	0x17e
 611 03c7 27060000 		.4byte	0x627
 612 03cb 04       		.byte	0x4
 613 03cc 08       		.uleb128 0x8
 614 03cd 2D020000 		.4byte	.LASF68
 615 03d1 06       		.byte	0x6
 616 03d2 8001     		.2byte	0x180
 617 03d4 47010000 		.4byte	0x147
 618 03d8 08       		.byte	0x8
 619 03d9 08       		.uleb128 0x8
 620 03da 02050000 		.4byte	.LASF73
 621 03de 06       		.byte	0x6
 622 03df 8201     		.2byte	0x182
 623 03e1 2D060000 		.4byte	0x62d
 624 03e5 0C       		.byte	0xc
ARM GAS  /tmp/ccXJeyh5.s 			page 12


 625 03e6 00       		.byte	0
 626 03e7 04       		.uleb128 0x4
 627 03e8 36020000 		.4byte	.LASF74
 628 03ec 05       		.byte	0x5
 629 03ed 6B       		.byte	0x6b
 630 03ee F2030000 		.4byte	0x3f2
 631 03f2 0A       		.uleb128 0xa
 632 03f3 7A030000 		.4byte	.LASF75
 633 03f7 04       		.byte	0x4
 634 03f8 06       		.byte	0x6
 635 03f9 A201     		.2byte	0x1a2
 636 03fb 0D040000 		.4byte	0x40d
 637 03ff 08       		.uleb128 0x8
 638 0400 7D050000 		.4byte	.LASF76
 639 0404 06       		.byte	0x6
 640 0405 AA01     		.2byte	0x1aa
 641 0407 32060000 		.4byte	0x632
 642 040b 00       		.byte	0
 643 040c 00       		.byte	0
 644 040d 04       		.uleb128 0x4
 645 040e 76020000 		.4byte	.LASF77
 646 0412 05       		.byte	0x5
 647 0413 70       		.byte	0x70
 648 0414 18040000 		.4byte	0x418
 649 0418 0E       		.uleb128 0xe
 650 0419 00010000 		.4byte	.LASF78
 651 041d 5001     		.2byte	0x150
 652 041f 06       		.byte	0x6
 653 0420 C201     		.2byte	0x1c2
 654 0422 74040000 		.4byte	0x474
 655 0426 08       		.uleb128 0x8
 656 0427 DB050000 		.4byte	.LASF79
 657 042b 06       		.byte	0x6
 658 042c C601     		.2byte	0x1c6
 659 042e BB020000 		.4byte	0x2bb
 660 0432 00       		.byte	0
 661 0433 08       		.uleb128 0x8
 662 0434 40000000 		.4byte	.LASF80
 663 0438 06       		.byte	0x6
 664 0439 CA01     		.2byte	0x1ca
 665 043b 9A030000 		.4byte	0x39a
 666 043f 1C       		.byte	0x1c
 667 0440 07       		.uleb128 0x7
 668 0441 64626700 		.ascii	"dbg\000"
 669 0445 06       		.byte	0x6
 670 0446 CE01     		.2byte	0x1ce
 671 0448 E7030000 		.4byte	0x3e7
 672 044c 2C       		.byte	0x2c
 673 044d 08       		.uleb128 0x8
 674 044e 7A000000 		.4byte	.LASF81
 675 0452 06       		.byte	0x6
 676 0453 D201     		.2byte	0x1d2
 677 0455 52010000 		.4byte	0x152
 678 0459 30       		.byte	0x30
 679 045a 07       		.uleb128 0x7
 680 045b 746D00   		.ascii	"tm\000"
 681 045e 06       		.byte	0x6
ARM GAS  /tmp/ccXJeyh5.s 			page 13


 682 045f D701     		.2byte	0x1d7
 683 0461 57050000 		.4byte	0x557
 684 0465 74       		.byte	0x74
 685 0466 08       		.uleb128 0x8
 686 0467 B2040000 		.4byte	.LASF82
 687 046b 06       		.byte	0x6
 688 046c E301     		.2byte	0x1e3
 689 046e 37060000 		.4byte	0x637
 690 0472 78       		.byte	0x78
 691 0473 00       		.byte	0
 692 0474 03       		.uleb128 0x3
 693 0475 04       		.byte	0x4
 694 0476 07       		.byte	0x7
 695 0477 1C060000 		.4byte	.LASF83
 696 047b 0F       		.uleb128 0xf
 697 047c C3000000 		.4byte	0xc3
 698 0480 03       		.uleb128 0x3
 699 0481 01       		.byte	0x1
 700 0482 08       		.byte	0x8
 701 0483 2F050000 		.4byte	.LASF84
 702 0487 09       		.uleb128 0x9
 703 0488 04       		.byte	0x4
 704 0489 8D040000 		.4byte	0x48d
 705 048d 10       		.uleb128 0x10
 706 048e 80040000 		.4byte	0x480
 707 0492 04       		.uleb128 0x4
 708 0493 4A010000 		.4byte	.LASF85
 709 0497 07       		.byte	0x7
 710 0498 65       		.byte	0x65
 711 0499 3E030000 		.4byte	0x33e
 712 049d 04       		.uleb128 0x4
 713 049e B4020000 		.4byte	.LASF86
 714 04a2 07       		.byte	0x7
 715 04a3 6D       		.byte	0x6d
 716 04a4 CE000000 		.4byte	0xce
 717 04a8 05       		.uleb128 0x5
 718 04a9 9E050000 		.4byte	.LASF87
 719 04ad 04       		.byte	0x4
 720 04ae 07       		.byte	0x7
 721 04af 89       		.byte	0x89
 722 04b0 C1040000 		.4byte	0x4c1
 723 04b4 11       		.uleb128 0x11
 724 04b5 72313300 		.ascii	"r13\000"
 725 04b9 07       		.byte	0x7
 726 04ba 8A       		.byte	0x8a
 727 04bb 3C050000 		.4byte	0x53c
 728 04bf 00       		.byte	0
 729 04c0 00       		.byte	0
 730 04c1 05       		.uleb128 0x5
 731 04c2 34000000 		.4byte	.LASF88
 732 04c6 24       		.byte	0x24
 733 04c7 08       		.byte	0x8
 734 04c8 FD       		.byte	0xfd
 735 04c9 3C050000 		.4byte	0x53c
 736 04cd 07       		.uleb128 0x7
 737 04ce 723400   		.ascii	"r4\000"
 738 04d1 08       		.byte	0x8
ARM GAS  /tmp/ccXJeyh5.s 			page 14


 739 04d2 1001     		.2byte	0x110
 740 04d4 92040000 		.4byte	0x492
 741 04d8 00       		.byte	0
 742 04d9 07       		.uleb128 0x7
 743 04da 723500   		.ascii	"r5\000"
 744 04dd 08       		.byte	0x8
 745 04de 1101     		.2byte	0x111
 746 04e0 92040000 		.4byte	0x492
 747 04e4 04       		.byte	0x4
 748 04e5 07       		.uleb128 0x7
 749 04e6 723600   		.ascii	"r6\000"
 750 04e9 08       		.byte	0x8
 751 04ea 1201     		.2byte	0x112
 752 04ec 92040000 		.4byte	0x492
 753 04f0 08       		.byte	0x8
 754 04f1 07       		.uleb128 0x7
 755 04f2 723700   		.ascii	"r7\000"
 756 04f5 08       		.byte	0x8
 757 04f6 1301     		.2byte	0x113
 758 04f8 92040000 		.4byte	0x492
 759 04fc 0C       		.byte	0xc
 760 04fd 07       		.uleb128 0x7
 761 04fe 723800   		.ascii	"r8\000"
 762 0501 08       		.byte	0x8
 763 0502 1401     		.2byte	0x114
 764 0504 92040000 		.4byte	0x492
 765 0508 10       		.byte	0x10
 766 0509 07       		.uleb128 0x7
 767 050a 723900   		.ascii	"r9\000"
 768 050d 08       		.byte	0x8
 769 050e 1501     		.2byte	0x115
 770 0510 92040000 		.4byte	0x492
 771 0514 14       		.byte	0x14
 772 0515 07       		.uleb128 0x7
 773 0516 72313000 		.ascii	"r10\000"
 774 051a 08       		.byte	0x8
 775 051b 1601     		.2byte	0x116
 776 051d 92040000 		.4byte	0x492
 777 0521 18       		.byte	0x18
 778 0522 07       		.uleb128 0x7
 779 0523 72313100 		.ascii	"r11\000"
 780 0527 08       		.byte	0x8
 781 0528 1701     		.2byte	0x117
 782 052a 92040000 		.4byte	0x492
 783 052e 1C       		.byte	0x1c
 784 052f 07       		.uleb128 0x7
 785 0530 6C7200   		.ascii	"lr\000"
 786 0533 08       		.byte	0x8
 787 0534 1801     		.2byte	0x118
 788 0536 92040000 		.4byte	0x492
 789 053a 20       		.byte	0x20
 790 053b 00       		.byte	0
 791 053c 09       		.uleb128 0x9
 792 053d 04       		.byte	0x4
 793 053e C1040000 		.4byte	0x4c1
 794 0542 12       		.uleb128 0x12
 795 0543 04       		.byte	0x4
ARM GAS  /tmp/ccXJeyh5.s 			page 15


 796 0544 09       		.byte	0x9
 797 0545 38       		.byte	0x38
 798 0546 57050000 		.4byte	0x557
 799 054a 06       		.uleb128 0x6
 800 054b 8C050000 		.4byte	.LASF89
 801 054f 09       		.byte	0x9
 802 0550 3C       		.byte	0x3c
 803 0551 E4000000 		.4byte	0xe4
 804 0555 00       		.byte	0
 805 0556 00       		.byte	0
 806 0557 04       		.uleb128 0x4
 807 0558 0D030000 		.4byte	.LASF90
 808 055c 09       		.byte	0x9
 809 055d 3D       		.byte	0x3d
 810 055e 42050000 		.4byte	0x542
 811 0562 13       		.uleb128 0x13
 812 0563 04       		.byte	0x4
 813 0564 06       		.byte	0x6
 814 0565 FA       		.byte	0xfa
 815 0566 BF050000 		.4byte	0x5bf
 816 056a 14       		.uleb128 0x14
 817 056b 13000000 		.4byte	.LASF91
 818 056f 06       		.byte	0x6
 819 0570 0101     		.2byte	0x101
 820 0572 26010000 		.4byte	0x126
 821 0576 14       		.uleb128 0x14
 822 0577 71000000 		.4byte	.LASF92
 823 057b 06       		.byte	0x6
 824 057c 0801     		.2byte	0x108
 825 057e 26010000 		.4byte	0x126
 826 0582 14       		.uleb128 0x14
 827 0583 EF000000 		.4byte	.LASF93
 828 0587 06       		.byte	0x6
 829 0588 0F01     		.2byte	0x10f
 830 058a 3E030000 		.4byte	0x33e
 831 058e 14       		.uleb128 0x14
 832 058f 0D000000 		.4byte	.LASF94
 833 0593 06       		.byte	0x6
 834 0594 1601     		.2byte	0x116
 835 0596 BF050000 		.4byte	0x5bf
 836 059a 14       		.uleb128 0x14
 837 059b 26020000 		.4byte	.LASF95
 838 059f 06       		.byte	0x6
 839 05a0 1E01     		.2byte	0x11e
 840 05a2 EA050000 		.4byte	0x5ea
 841 05a6 14       		.uleb128 0x14
 842 05a7 F3040000 		.4byte	.LASF96
 843 05ab 06       		.byte	0x6
 844 05ac 2701     		.2byte	0x127
 845 05ae 21060000 		.4byte	0x621
 846 05b2 14       		.uleb128 0x14
 847 05b3 86040000 		.4byte	.LASF97
 848 05b7 06       		.byte	0x6
 849 05b8 2F01     		.2byte	0x12f
 850 05ba 31010000 		.4byte	0x131
 851 05be 00       		.byte	0
 852 05bf 09       		.uleb128 0x9
ARM GAS  /tmp/ccXJeyh5.s 			page 16


 853 05c0 04       		.byte	0x4
 854 05c1 56020000 		.4byte	0x256
 855 05c5 05       		.uleb128 0x5
 856 05c6 D2040000 		.4byte	.LASF98
 857 05ca 0C       		.byte	0xc
 858 05cb 0A       		.byte	0xa
 859 05cc 34       		.byte	0x34
 860 05cd EA050000 		.4byte	0x5ea
 861 05d1 06       		.uleb128 0x6
 862 05d2 2D010000 		.4byte	.LASF99
 863 05d6 0A       		.byte	0xa
 864 05d7 35       		.byte	0x35
 865 05d8 8B020000 		.4byte	0x28b
 866 05dc 00       		.byte	0
 867 05dd 06       		.uleb128 0x6
 868 05de 4D020000 		.4byte	.LASF100
 869 05e2 0A       		.byte	0xa
 870 05e3 37       		.byte	0x37
 871 05e4 3C010000 		.4byte	0x13c
 872 05e8 08       		.byte	0x8
 873 05e9 00       		.byte	0
 874 05ea 09       		.uleb128 0x9
 875 05eb 04       		.byte	0x4
 876 05ec C5050000 		.4byte	0x5c5
 877 05f0 05       		.uleb128 0x5
 878 05f1 2C060000 		.4byte	.LASF101
 879 05f5 10       		.byte	0x10
 880 05f6 0B       		.byte	0xb
 881 05f7 39       		.byte	0x39
 882 05f8 21060000 		.4byte	0x621
 883 05fc 06       		.uleb128 0x6
 884 05fd E7000000 		.4byte	.LASF102
 885 0601 0B       		.byte	0xb
 886 0602 3A       		.byte	0x3a
 887 0603 8B020000 		.4byte	0x28b
 888 0607 00       		.byte	0
 889 0608 06       		.uleb128 0x6
 890 0609 E1050000 		.4byte	.LASF103
 891 060d 0B       		.byte	0xb
 892 060e 3C       		.byte	0x3c
 893 060f 61020000 		.4byte	0x261
 894 0613 08       		.byte	0x8
 895 0614 06       		.uleb128 0x6
 896 0615 4D050000 		.4byte	.LASF104
 897 0619 0B       		.byte	0xb
 898 061a 3E       		.byte	0x3e
 899 061b 52060000 		.4byte	0x652
 900 061f 0C       		.byte	0xc
 901 0620 00       		.byte	0
 902 0621 09       		.uleb128 0x9
 903 0622 04       		.byte	0x4
 904 0623 F0050000 		.4byte	0x5f0
 905 0627 09       		.uleb128 0x9
 906 0628 04       		.byte	0x4
 907 0629 40030000 		.4byte	0x340
 908 062d 0F       		.uleb128 0xf
 909 062e 47010000 		.4byte	0x147
ARM GAS  /tmp/ccXJeyh5.s 			page 17


 910 0632 0F       		.uleb128 0xf
 911 0633 87040000 		.4byte	0x487
 912 0637 15       		.uleb128 0x15
 913 0638 9D040000 		.4byte	0x49d
 914 063c 47060000 		.4byte	0x647
 915 0640 16       		.uleb128 0x16
 916 0641 74040000 		.4byte	0x474
 917 0645 1A       		.byte	0x1a
 918 0646 00       		.byte	0
 919 0647 04       		.uleb128 0x4
 920 0648 FA010000 		.4byte	.LASF105
 921 064c 0B       		.byte	0xb
 922 064d 34       		.byte	0x34
 923 064e F0050000 		.4byte	0x5f0
 924 0652 09       		.uleb128 0x9
 925 0653 04       		.byte	0x4
 926 0654 47060000 		.4byte	0x647
 927 0658 03       		.uleb128 0x3
 928 0659 01       		.byte	0x1
 929 065a 02       		.byte	0x2
 930 065b 8A030000 		.4byte	.LASF106
 931 065f 12       		.uleb128 0x12
 932 0660 04       		.byte	0x4
 933 0661 0C       		.byte	0xc
 934 0662 EE       		.byte	0xee
 935 0663 80060000 		.4byte	0x680
 936 0667 11       		.uleb128 0x11
 937 0668 73657400 		.ascii	"set\000"
 938 066c 0C       		.byte	0xc
 939 066d EF       		.byte	0xef
 940 066e AD000000 		.4byte	0xad
 941 0672 00       		.byte	0
 942 0673 06       		.uleb128 0x6
 943 0674 F1020000 		.4byte	.LASF107
 944 0678 0C       		.byte	0xc
 945 0679 F0       		.byte	0xf0
 946 067a AD000000 		.4byte	0xad
 947 067e 02       		.byte	0x2
 948 067f 00       		.byte	0
 949 0680 13       		.uleb128 0x13
 950 0681 04       		.byte	0x4
 951 0682 0C       		.byte	0xc
 952 0683 EC       		.byte	0xec
 953 0684 9B060000 		.4byte	0x69b
 954 0688 17       		.uleb128 0x17
 955 0689 5700     		.ascii	"W\000"
 956 068b 0C       		.byte	0xc
 957 068c ED       		.byte	0xed
 958 068d C3000000 		.4byte	0xc3
 959 0691 17       		.uleb128 0x17
 960 0692 4800     		.ascii	"H\000"
 961 0694 0C       		.byte	0xc
 962 0695 F1       		.byte	0xf1
 963 0696 5F060000 		.4byte	0x65f
 964 069a 00       		.byte	0
 965 069b 12       		.uleb128 0x12
 966 069c 30       		.byte	0x30
ARM GAS  /tmp/ccXJeyh5.s 			page 18


 967 069d 0C       		.byte	0xc
 968 069e E4       		.byte	0xe4
 969 069f 34070000 		.4byte	0x734
 970 06a3 06       		.uleb128 0x6
 971 06a4 1B020000 		.4byte	.LASF108
 972 06a8 0C       		.byte	0xc
 973 06a9 E6       		.byte	0xe6
 974 06aa 7B040000 		.4byte	0x47b
 975 06ae 00       		.byte	0
 976 06af 06       		.uleb128 0x6
 977 06b0 23000000 		.4byte	.LASF109
 978 06b4 0C       		.byte	0xc
 979 06b5 E7       		.byte	0xe7
 980 06b6 7B040000 		.4byte	0x47b
 981 06ba 04       		.byte	0x4
 982 06bb 06       		.uleb128 0x6
 983 06bc 35010000 		.4byte	.LASF110
 984 06c0 0C       		.byte	0xc
 985 06c1 E8       		.byte	0xe8
 986 06c2 7B040000 		.4byte	0x47b
 987 06c6 08       		.byte	0x8
 988 06c7 06       		.uleb128 0x6
 989 06c8 6B000000 		.4byte	.LASF111
 990 06cc 0C       		.byte	0xc
 991 06cd E9       		.byte	0xe9
 992 06ce 7B040000 		.4byte	0x47b
 993 06d2 0C       		.byte	0xc
 994 06d3 11       		.uleb128 0x11
 995 06d4 49445200 		.ascii	"IDR\000"
 996 06d8 0C       		.byte	0xc
 997 06d9 EA       		.byte	0xea
 998 06da 7B040000 		.4byte	0x47b
 999 06de 10       		.byte	0x10
 1000 06df 11       		.uleb128 0x11
 1001 06e0 4F445200 		.ascii	"ODR\000"
 1002 06e4 0C       		.byte	0xc
 1003 06e5 EB       		.byte	0xeb
 1004 06e6 7B040000 		.4byte	0x47b
 1005 06ea 14       		.byte	0x14
 1006 06eb 06       		.uleb128 0x6
 1007 06ec DA000000 		.4byte	.LASF112
 1008 06f0 0C       		.byte	0xc
 1009 06f1 F2       		.byte	0xf2
 1010 06f2 34070000 		.4byte	0x734
 1011 06f6 18       		.byte	0x18
 1012 06f7 06       		.uleb128 0x6
 1013 06f8 82020000 		.4byte	.LASF113
 1014 06fc 0C       		.byte	0xc
 1015 06fd F3       		.byte	0xf3
 1016 06fe 7B040000 		.4byte	0x47b
 1017 0702 1C       		.byte	0x1c
 1018 0703 06       		.uleb128 0x6
 1019 0704 4E030000 		.4byte	.LASF114
 1020 0708 0C       		.byte	0xc
 1021 0709 F4       		.byte	0xf4
 1022 070a 7B040000 		.4byte	0x47b
 1023 070e 20       		.byte	0x20
ARM GAS  /tmp/ccXJeyh5.s 			page 19


 1024 070f 06       		.uleb128 0x6
 1025 0710 3B030000 		.4byte	.LASF115
 1026 0714 0C       		.byte	0xc
 1027 0715 F5       		.byte	0xf5
 1028 0716 7B040000 		.4byte	0x47b
 1029 071a 24       		.byte	0x24
 1030 071b 11       		.uleb128 0x11
 1031 071c 42525200 		.ascii	"BRR\000"
 1032 0720 0C       		.byte	0xc
 1033 0721 F6       		.byte	0xf6
 1034 0722 7B040000 		.4byte	0x47b
 1035 0726 28       		.byte	0x28
 1036 0727 06       		.uleb128 0x6
 1037 0728 87050000 		.4byte	.LASF116
 1038 072c 0C       		.byte	0xc
 1039 072d F7       		.byte	0xf7
 1040 072e 7B040000 		.4byte	0x47b
 1041 0732 2C       		.byte	0x2c
 1042 0733 00       		.byte	0
 1043 0734 0F       		.uleb128 0xf
 1044 0735 80060000 		.4byte	0x680
 1045 0739 04       		.uleb128 0x4
 1046 073a ED010000 		.4byte	.LASF117
 1047 073e 0C       		.byte	0xc
 1048 073f F8       		.byte	0xf8
 1049 0740 9B060000 		.4byte	0x69b
 1050 0744 18       		.uleb128 0x18
 1051 0745 47000000 		.4byte	.LASF118
 1052 0749 0C       		.byte	0xc
 1053 074a 4B01     		.2byte	0x14b
 1054 074c C3000000 		.4byte	0xc3
 1055 0750 18       		.uleb128 0x18
 1056 0751 51060000 		.4byte	.LASF119
 1057 0755 0C       		.byte	0xc
 1058 0756 5001     		.2byte	0x150
 1059 0758 C3000000 		.4byte	0xc3
 1060 075c 18       		.uleb128 0x18
 1061 075d 93050000 		.4byte	.LASF120
 1062 0761 0C       		.byte	0xc
 1063 0762 5D01     		.2byte	0x15d
 1064 0764 68070000 		.4byte	0x768
 1065 0768 09       		.uleb128 0x9
 1066 0769 04       		.byte	0x4
 1067 076a 39070000 		.4byte	0x739
 1068 076e 12       		.uleb128 0x12
 1069 076f 0C       		.byte	0xc
 1070 0770 0D       		.byte	0xd
 1071 0771 7A       		.byte	0x7a
 1072 0772 9B070000 		.4byte	0x79b
 1073 0776 06       		.uleb128 0x6
 1074 0777 25060000 		.4byte	.LASF121
 1075 077b 0D       		.byte	0xd
 1076 077c 7E       		.byte	0x7e
 1077 077d 5C070000 		.4byte	0x75c
 1078 0781 00       		.byte	0
 1079 0782 06       		.uleb128 0x6
 1080 0783 45010000 		.4byte	.LASF122
ARM GAS  /tmp/ccXJeyh5.s 			page 20


 1081 0787 0D       		.byte	0xd
 1082 0788 84       		.byte	0x84
 1083 0789 44070000 		.4byte	0x744
 1084 078d 04       		.byte	0x4
 1085 078e 06       		.uleb128 0x6
 1086 078f 8C050000 		.4byte	.LASF89
 1087 0793 0D       		.byte	0xd
 1088 0794 88       		.byte	0x88
 1089 0795 D9000000 		.4byte	0xd9
 1090 0799 08       		.byte	0x8
 1091 079a 00       		.byte	0
 1092 079b 04       		.uleb128 0x4
 1093 079c 02020000 		.4byte	.LASF123
 1094 07a0 0D       		.byte	0xd
 1095 07a1 89       		.byte	0x89
 1096 07a2 6E070000 		.4byte	0x76e
 1097 07a6 19       		.uleb128 0x19
 1098 07a7 5A060000 		.4byte	.LASF133
 1099 07ab 01       		.byte	0x1
 1100 07ac 41       		.byte	0x41
 1101 07ad 44070000 		.4byte	0x744
 1102 07b1 00000000 		.4byte	.LFB269
 1103 07b5 1C000000 		.4byte	.LFE269-.LFB269
 1104 07b9 01       		.uleb128 0x1
 1105 07ba 9C       		.byte	0x9c
 1106 07bb D7070000 		.4byte	0x7d7
 1107 07bf 1A       		.uleb128 0x1a
 1108 07c0 62757300 		.ascii	"bus\000"
 1109 07c4 01       		.byte	0x1
 1110 07c5 41       		.byte	0x41
 1111 07c6 D7070000 		.4byte	0x7d7
 1112 07ca 02       		.uleb128 0x2
 1113 07cb 91       		.byte	0x91
 1114 07cc 7C       		.sleb128 -4
 1115 07cd 1B       		.uleb128 0x1b
 1116 07ce A9040000 		.4byte	.LASF125
 1117 07d2 ED070000 		.4byte	0x7ed
 1118 07d6 00       		.byte	0
 1119 07d7 09       		.uleb128 0x9
 1120 07d8 04       		.byte	0x4
 1121 07d9 9B070000 		.4byte	0x79b
 1122 07dd 15       		.uleb128 0x15
 1123 07de 80040000 		.4byte	0x480
 1124 07e2 ED070000 		.4byte	0x7ed
 1125 07e6 16       		.uleb128 0x16
 1126 07e7 74040000 		.4byte	0x474
 1127 07eb 0A       		.byte	0xa
 1128 07ec 00       		.byte	0
 1129 07ed 10       		.uleb128 0x10
 1130 07ee DD070000 		.4byte	0x7dd
 1131 07f2 1C       		.uleb128 0x1c
 1132 07f3 B8050000 		.4byte	.LASF126
 1133 07f7 01       		.byte	0x1
 1134 07f8 5A       		.byte	0x5a
 1135 07f9 20000000 		.4byte	.LFB270
 1136 07fd 34000000 		.4byte	.LFE270-.LFB270
 1137 0801 01       		.uleb128 0x1
ARM GAS  /tmp/ccXJeyh5.s 			page 21


 1138 0802 9C       		.byte	0x9c
 1139 0803 2D080000 		.4byte	0x82d
 1140 0807 1A       		.uleb128 0x1a
 1141 0808 62757300 		.ascii	"bus\000"
 1142 080c 01       		.byte	0x1
 1143 080d 5A       		.byte	0x5a
 1144 080e D7070000 		.4byte	0x7d7
 1145 0812 02       		.uleb128 0x2
 1146 0813 91       		.byte	0x91
 1147 0814 7C       		.sleb128 -4
 1148 0815 1D       		.uleb128 0x1d
 1149 0816 21020000 		.4byte	.LASF124
 1150 081a 01       		.byte	0x1
 1151 081b 5A       		.byte	0x5a
 1152 081c 44070000 		.4byte	0x744
 1153 0820 02       		.uleb128 0x2
 1154 0821 91       		.byte	0x91
 1155 0822 78       		.sleb128 -8
 1156 0823 1B       		.uleb128 0x1b
 1157 0824 A9040000 		.4byte	.LASF125
 1158 0828 3D080000 		.4byte	0x83d
 1159 082c 00       		.byte	0
 1160 082d 15       		.uleb128 0x15
 1161 082e 80040000 		.4byte	0x480
 1162 0832 3D080000 		.4byte	0x83d
 1163 0836 16       		.uleb128 0x16
 1164 0837 74040000 		.4byte	0x474
 1165 083b 0B       		.byte	0xb
 1166 083c 00       		.byte	0
 1167 083d 10       		.uleb128 0x10
 1168 083e 2D080000 		.4byte	0x82d
 1169 0842 1E       		.uleb128 0x1e
 1170 0843 40030000 		.4byte	.LASF127
 1171 0847 01       		.byte	0x1
 1172 0848 71       		.byte	0x71
 1173 0849 60000000 		.4byte	.LFB271
 1174 084d 28000000 		.4byte	.LFE271-.LFB271
 1175 0851 01       		.uleb128 0x1
 1176 0852 9C       		.byte	0x9c
 1177 0853 7D080000 		.4byte	0x87d
 1178 0857 1A       		.uleb128 0x1a
 1179 0858 62757300 		.ascii	"bus\000"
 1180 085c 01       		.byte	0x1
 1181 085d 71       		.byte	0x71
 1182 085e D7070000 		.4byte	0x7d7
 1183 0862 02       		.uleb128 0x2
 1184 0863 91       		.byte	0x91
 1185 0864 74       		.sleb128 -12
 1186 0865 1D       		.uleb128 0x1d
 1187 0866 34050000 		.4byte	.LASF128
 1188 086a 01       		.byte	0x1
 1189 086b 71       		.byte	0x71
 1190 086c 50070000 		.4byte	0x750
 1191 0870 02       		.uleb128 0x2
 1192 0871 91       		.byte	0x91
 1193 0872 70       		.sleb128 -16
 1194 0873 1B       		.uleb128 0x1b
ARM GAS  /tmp/ccXJeyh5.s 			page 22


 1195 0874 A9040000 		.4byte	.LASF125
 1196 0878 8D080000 		.4byte	0x88d
 1197 087c 00       		.byte	0
 1198 087d 15       		.uleb128 0x15
 1199 087e 80040000 		.4byte	0x480
 1200 0882 8D080000 		.4byte	0x88d
 1201 0886 16       		.uleb128 0x16
 1202 0887 74040000 		.4byte	0x474
 1203 088b 0D       		.byte	0xd
 1204 088c 00       		.byte	0
 1205 088d 10       		.uleb128 0x10
 1206 088e 7D080000 		.4byte	0x87d
 1207 0892 1F       		.uleb128 0x1f
 1208 0893 9B000000 		.4byte	.LASF129
 1209 0897 0E       		.byte	0xe
 1210 0898 FA06     		.2byte	0x6fa
 1211 089a 9E080000 		.4byte	0x89e
 1212 089e 0F       		.uleb128 0xf
 1213 089f B8000000 		.4byte	0xb8
 1214 08a3 20       		.uleb128 0x20
 1215 08a4 636800   		.ascii	"ch\000"
 1216 08a7 06       		.byte	0x6
 1217 08a8 0902     		.2byte	0x209
 1218 08aa 0D040000 		.4byte	0x40d
 1219 08ae 00       		.byte	0
 1220              		.section	.debug_abbrev,"",%progbits
 1221              	.Ldebug_abbrev0:
 1222 0000 01       		.uleb128 0x1
 1223 0001 11       		.uleb128 0x11
 1224 0002 01       		.byte	0x1
 1225 0003 25       		.uleb128 0x25
 1226 0004 0E       		.uleb128 0xe
 1227 0005 13       		.uleb128 0x13
 1228 0006 0B       		.uleb128 0xb
 1229 0007 03       		.uleb128 0x3
 1230 0008 0E       		.uleb128 0xe
 1231 0009 1B       		.uleb128 0x1b
 1232 000a 0E       		.uleb128 0xe
 1233 000b 11       		.uleb128 0x11
 1234 000c 01       		.uleb128 0x1
 1235 000d 12       		.uleb128 0x12
 1236 000e 06       		.uleb128 0x6
 1237 000f 10       		.uleb128 0x10
 1238 0010 17       		.uleb128 0x17
 1239 0011 00       		.byte	0
 1240 0012 00       		.byte	0
 1241 0013 02       		.uleb128 0x2
 1242 0014 24       		.uleb128 0x24
 1243 0015 00       		.byte	0
 1244 0016 0B       		.uleb128 0xb
 1245 0017 0B       		.uleb128 0xb
 1246 0018 3E       		.uleb128 0x3e
 1247 0019 0B       		.uleb128 0xb
 1248 001a 03       		.uleb128 0x3
 1249 001b 08       		.uleb128 0x8
 1250 001c 00       		.byte	0
 1251 001d 00       		.byte	0
ARM GAS  /tmp/ccXJeyh5.s 			page 23


 1252 001e 03       		.uleb128 0x3
 1253 001f 24       		.uleb128 0x24
 1254 0020 00       		.byte	0
 1255 0021 0B       		.uleb128 0xb
 1256 0022 0B       		.uleb128 0xb
 1257 0023 3E       		.uleb128 0x3e
 1258 0024 0B       		.uleb128 0xb
 1259 0025 03       		.uleb128 0x3
 1260 0026 0E       		.uleb128 0xe
 1261 0027 00       		.byte	0
 1262 0028 00       		.byte	0
 1263 0029 04       		.uleb128 0x4
 1264 002a 16       		.uleb128 0x16
 1265 002b 00       		.byte	0
 1266 002c 03       		.uleb128 0x3
 1267 002d 0E       		.uleb128 0xe
 1268 002e 3A       		.uleb128 0x3a
 1269 002f 0B       		.uleb128 0xb
 1270 0030 3B       		.uleb128 0x3b
 1271 0031 0B       		.uleb128 0xb
 1272 0032 49       		.uleb128 0x49
 1273 0033 13       		.uleb128 0x13
 1274 0034 00       		.byte	0
 1275 0035 00       		.byte	0
 1276 0036 05       		.uleb128 0x5
 1277 0037 13       		.uleb128 0x13
 1278 0038 01       		.byte	0x1
 1279 0039 03       		.uleb128 0x3
 1280 003a 0E       		.uleb128 0xe
 1281 003b 0B       		.uleb128 0xb
 1282 003c 0B       		.uleb128 0xb
 1283 003d 3A       		.uleb128 0x3a
 1284 003e 0B       		.uleb128 0xb
 1285 003f 3B       		.uleb128 0x3b
 1286 0040 0B       		.uleb128 0xb
 1287 0041 01       		.uleb128 0x1
 1288 0042 13       		.uleb128 0x13
 1289 0043 00       		.byte	0
 1290 0044 00       		.byte	0
 1291 0045 06       		.uleb128 0x6
 1292 0046 0D       		.uleb128 0xd
 1293 0047 00       		.byte	0
 1294 0048 03       		.uleb128 0x3
 1295 0049 0E       		.uleb128 0xe
 1296 004a 3A       		.uleb128 0x3a
 1297 004b 0B       		.uleb128 0xb
 1298 004c 3B       		.uleb128 0x3b
 1299 004d 0B       		.uleb128 0xb
 1300 004e 49       		.uleb128 0x49
 1301 004f 13       		.uleb128 0x13
 1302 0050 38       		.uleb128 0x38
 1303 0051 0B       		.uleb128 0xb
 1304 0052 00       		.byte	0
 1305 0053 00       		.byte	0
 1306 0054 07       		.uleb128 0x7
 1307 0055 0D       		.uleb128 0xd
 1308 0056 00       		.byte	0
ARM GAS  /tmp/ccXJeyh5.s 			page 24


 1309 0057 03       		.uleb128 0x3
 1310 0058 08       		.uleb128 0x8
 1311 0059 3A       		.uleb128 0x3a
 1312 005a 0B       		.uleb128 0xb
 1313 005b 3B       		.uleb128 0x3b
 1314 005c 05       		.uleb128 0x5
 1315 005d 49       		.uleb128 0x49
 1316 005e 13       		.uleb128 0x13
 1317 005f 38       		.uleb128 0x38
 1318 0060 0B       		.uleb128 0xb
 1319 0061 00       		.byte	0
 1320 0062 00       		.byte	0
 1321 0063 08       		.uleb128 0x8
 1322 0064 0D       		.uleb128 0xd
 1323 0065 00       		.byte	0
 1324 0066 03       		.uleb128 0x3
 1325 0067 0E       		.uleb128 0xe
 1326 0068 3A       		.uleb128 0x3a
 1327 0069 0B       		.uleb128 0xb
 1328 006a 3B       		.uleb128 0x3b
 1329 006b 05       		.uleb128 0x5
 1330 006c 49       		.uleb128 0x49
 1331 006d 13       		.uleb128 0x13
 1332 006e 38       		.uleb128 0x38
 1333 006f 0B       		.uleb128 0xb
 1334 0070 00       		.byte	0
 1335 0071 00       		.byte	0
 1336 0072 09       		.uleb128 0x9
 1337 0073 0F       		.uleb128 0xf
 1338 0074 00       		.byte	0
 1339 0075 0B       		.uleb128 0xb
 1340 0076 0B       		.uleb128 0xb
 1341 0077 49       		.uleb128 0x49
 1342 0078 13       		.uleb128 0x13
 1343 0079 00       		.byte	0
 1344 007a 00       		.byte	0
 1345 007b 0A       		.uleb128 0xa
 1346 007c 13       		.uleb128 0x13
 1347 007d 01       		.byte	0x1
 1348 007e 03       		.uleb128 0x3
 1349 007f 0E       		.uleb128 0xe
 1350 0080 0B       		.uleb128 0xb
 1351 0081 0B       		.uleb128 0xb
 1352 0082 3A       		.uleb128 0x3a
 1353 0083 0B       		.uleb128 0xb
 1354 0084 3B       		.uleb128 0x3b
 1355 0085 05       		.uleb128 0x5
 1356 0086 01       		.uleb128 0x1
 1357 0087 13       		.uleb128 0x13
 1358 0088 00       		.byte	0
 1359 0089 00       		.byte	0
 1360 008a 0B       		.uleb128 0xb
 1361 008b 15       		.uleb128 0x15
 1362 008c 01       		.byte	0x1
 1363 008d 27       		.uleb128 0x27
 1364 008e 19       		.uleb128 0x19
 1365 008f 01       		.uleb128 0x1
ARM GAS  /tmp/ccXJeyh5.s 			page 25


 1366 0090 13       		.uleb128 0x13
 1367 0091 00       		.byte	0
 1368 0092 00       		.byte	0
 1369 0093 0C       		.uleb128 0xc
 1370 0094 05       		.uleb128 0x5
 1371 0095 00       		.byte	0
 1372 0096 49       		.uleb128 0x49
 1373 0097 13       		.uleb128 0x13
 1374 0098 00       		.byte	0
 1375 0099 00       		.byte	0
 1376 009a 0D       		.uleb128 0xd
 1377 009b 0F       		.uleb128 0xf
 1378 009c 00       		.byte	0
 1379 009d 0B       		.uleb128 0xb
 1380 009e 0B       		.uleb128 0xb
 1381 009f 00       		.byte	0
 1382 00a0 00       		.byte	0
 1383 00a1 0E       		.uleb128 0xe
 1384 00a2 13       		.uleb128 0x13
 1385 00a3 01       		.byte	0x1
 1386 00a4 03       		.uleb128 0x3
 1387 00a5 0E       		.uleb128 0xe
 1388 00a6 0B       		.uleb128 0xb
 1389 00a7 05       		.uleb128 0x5
 1390 00a8 3A       		.uleb128 0x3a
 1391 00a9 0B       		.uleb128 0xb
 1392 00aa 3B       		.uleb128 0x3b
 1393 00ab 05       		.uleb128 0x5
 1394 00ac 01       		.uleb128 0x1
 1395 00ad 13       		.uleb128 0x13
 1396 00ae 00       		.byte	0
 1397 00af 00       		.byte	0
 1398 00b0 0F       		.uleb128 0xf
 1399 00b1 35       		.uleb128 0x35
 1400 00b2 00       		.byte	0
 1401 00b3 49       		.uleb128 0x49
 1402 00b4 13       		.uleb128 0x13
 1403 00b5 00       		.byte	0
 1404 00b6 00       		.byte	0
 1405 00b7 10       		.uleb128 0x10
 1406 00b8 26       		.uleb128 0x26
 1407 00b9 00       		.byte	0
 1408 00ba 49       		.uleb128 0x49
 1409 00bb 13       		.uleb128 0x13
 1410 00bc 00       		.byte	0
 1411 00bd 00       		.byte	0
 1412 00be 11       		.uleb128 0x11
 1413 00bf 0D       		.uleb128 0xd
 1414 00c0 00       		.byte	0
 1415 00c1 03       		.uleb128 0x3
 1416 00c2 08       		.uleb128 0x8
 1417 00c3 3A       		.uleb128 0x3a
 1418 00c4 0B       		.uleb128 0xb
 1419 00c5 3B       		.uleb128 0x3b
 1420 00c6 0B       		.uleb128 0xb
 1421 00c7 49       		.uleb128 0x49
 1422 00c8 13       		.uleb128 0x13
ARM GAS  /tmp/ccXJeyh5.s 			page 26


 1423 00c9 38       		.uleb128 0x38
 1424 00ca 0B       		.uleb128 0xb
 1425 00cb 00       		.byte	0
 1426 00cc 00       		.byte	0
 1427 00cd 12       		.uleb128 0x12
 1428 00ce 13       		.uleb128 0x13
 1429 00cf 01       		.byte	0x1
 1430 00d0 0B       		.uleb128 0xb
 1431 00d1 0B       		.uleb128 0xb
 1432 00d2 3A       		.uleb128 0x3a
 1433 00d3 0B       		.uleb128 0xb
 1434 00d4 3B       		.uleb128 0x3b
 1435 00d5 0B       		.uleb128 0xb
 1436 00d6 01       		.uleb128 0x1
 1437 00d7 13       		.uleb128 0x13
 1438 00d8 00       		.byte	0
 1439 00d9 00       		.byte	0
 1440 00da 13       		.uleb128 0x13
 1441 00db 17       		.uleb128 0x17
 1442 00dc 01       		.byte	0x1
 1443 00dd 0B       		.uleb128 0xb
 1444 00de 0B       		.uleb128 0xb
 1445 00df 3A       		.uleb128 0x3a
 1446 00e0 0B       		.uleb128 0xb
 1447 00e1 3B       		.uleb128 0x3b
 1448 00e2 0B       		.uleb128 0xb
 1449 00e3 01       		.uleb128 0x1
 1450 00e4 13       		.uleb128 0x13
 1451 00e5 00       		.byte	0
 1452 00e6 00       		.byte	0
 1453 00e7 14       		.uleb128 0x14
 1454 00e8 0D       		.uleb128 0xd
 1455 00e9 00       		.byte	0
 1456 00ea 03       		.uleb128 0x3
 1457 00eb 0E       		.uleb128 0xe
 1458 00ec 3A       		.uleb128 0x3a
 1459 00ed 0B       		.uleb128 0xb
 1460 00ee 3B       		.uleb128 0x3b
 1461 00ef 05       		.uleb128 0x5
 1462 00f0 49       		.uleb128 0x49
 1463 00f1 13       		.uleb128 0x13
 1464 00f2 00       		.byte	0
 1465 00f3 00       		.byte	0
 1466 00f4 15       		.uleb128 0x15
 1467 00f5 01       		.uleb128 0x1
 1468 00f6 01       		.byte	0x1
 1469 00f7 49       		.uleb128 0x49
 1470 00f8 13       		.uleb128 0x13
 1471 00f9 01       		.uleb128 0x1
 1472 00fa 13       		.uleb128 0x13
 1473 00fb 00       		.byte	0
 1474 00fc 00       		.byte	0
 1475 00fd 16       		.uleb128 0x16
 1476 00fe 21       		.uleb128 0x21
 1477 00ff 00       		.byte	0
 1478 0100 49       		.uleb128 0x49
 1479 0101 13       		.uleb128 0x13
ARM GAS  /tmp/ccXJeyh5.s 			page 27


 1480 0102 2F       		.uleb128 0x2f
 1481 0103 0B       		.uleb128 0xb
 1482 0104 00       		.byte	0
 1483 0105 00       		.byte	0
 1484 0106 17       		.uleb128 0x17
 1485 0107 0D       		.uleb128 0xd
 1486 0108 00       		.byte	0
 1487 0109 03       		.uleb128 0x3
 1488 010a 08       		.uleb128 0x8
 1489 010b 3A       		.uleb128 0x3a
 1490 010c 0B       		.uleb128 0xb
 1491 010d 3B       		.uleb128 0x3b
 1492 010e 0B       		.uleb128 0xb
 1493 010f 49       		.uleb128 0x49
 1494 0110 13       		.uleb128 0x13
 1495 0111 00       		.byte	0
 1496 0112 00       		.byte	0
 1497 0113 18       		.uleb128 0x18
 1498 0114 16       		.uleb128 0x16
 1499 0115 00       		.byte	0
 1500 0116 03       		.uleb128 0x3
 1501 0117 0E       		.uleb128 0xe
 1502 0118 3A       		.uleb128 0x3a
 1503 0119 0B       		.uleb128 0xb
 1504 011a 3B       		.uleb128 0x3b
 1505 011b 05       		.uleb128 0x5
 1506 011c 49       		.uleb128 0x49
 1507 011d 13       		.uleb128 0x13
 1508 011e 00       		.byte	0
 1509 011f 00       		.byte	0
 1510 0120 19       		.uleb128 0x19
 1511 0121 2E       		.uleb128 0x2e
 1512 0122 01       		.byte	0x1
 1513 0123 3F       		.uleb128 0x3f
 1514 0124 19       		.uleb128 0x19
 1515 0125 03       		.uleb128 0x3
 1516 0126 0E       		.uleb128 0xe
 1517 0127 3A       		.uleb128 0x3a
 1518 0128 0B       		.uleb128 0xb
 1519 0129 3B       		.uleb128 0x3b
 1520 012a 0B       		.uleb128 0xb
 1521 012b 27       		.uleb128 0x27
 1522 012c 19       		.uleb128 0x19
 1523 012d 49       		.uleb128 0x49
 1524 012e 13       		.uleb128 0x13
 1525 012f 11       		.uleb128 0x11
 1526 0130 01       		.uleb128 0x1
 1527 0131 12       		.uleb128 0x12
 1528 0132 06       		.uleb128 0x6
 1529 0133 40       		.uleb128 0x40
 1530 0134 18       		.uleb128 0x18
 1531 0135 9742     		.uleb128 0x2117
 1532 0137 19       		.uleb128 0x19
 1533 0138 01       		.uleb128 0x1
 1534 0139 13       		.uleb128 0x13
 1535 013a 00       		.byte	0
 1536 013b 00       		.byte	0
ARM GAS  /tmp/ccXJeyh5.s 			page 28


 1537 013c 1A       		.uleb128 0x1a
 1538 013d 05       		.uleb128 0x5
 1539 013e 00       		.byte	0
 1540 013f 03       		.uleb128 0x3
 1541 0140 08       		.uleb128 0x8
 1542 0141 3A       		.uleb128 0x3a
 1543 0142 0B       		.uleb128 0xb
 1544 0143 3B       		.uleb128 0x3b
 1545 0144 0B       		.uleb128 0xb
 1546 0145 49       		.uleb128 0x49
 1547 0146 13       		.uleb128 0x13
 1548 0147 02       		.uleb128 0x2
 1549 0148 18       		.uleb128 0x18
 1550 0149 00       		.byte	0
 1551 014a 00       		.byte	0
 1552 014b 1B       		.uleb128 0x1b
 1553 014c 34       		.uleb128 0x34
 1554 014d 00       		.byte	0
 1555 014e 03       		.uleb128 0x3
 1556 014f 0E       		.uleb128 0xe
 1557 0150 49       		.uleb128 0x49
 1558 0151 13       		.uleb128 0x13
 1559 0152 34       		.uleb128 0x34
 1560 0153 19       		.uleb128 0x19
 1561 0154 00       		.byte	0
 1562 0155 00       		.byte	0
 1563 0156 1C       		.uleb128 0x1c
 1564 0157 2E       		.uleb128 0x2e
 1565 0158 01       		.byte	0x1
 1566 0159 3F       		.uleb128 0x3f
 1567 015a 19       		.uleb128 0x19
 1568 015b 03       		.uleb128 0x3
 1569 015c 0E       		.uleb128 0xe
 1570 015d 3A       		.uleb128 0x3a
 1571 015e 0B       		.uleb128 0xb
 1572 015f 3B       		.uleb128 0x3b
 1573 0160 0B       		.uleb128 0xb
 1574 0161 27       		.uleb128 0x27
 1575 0162 19       		.uleb128 0x19
 1576 0163 11       		.uleb128 0x11
 1577 0164 01       		.uleb128 0x1
 1578 0165 12       		.uleb128 0x12
 1579 0166 06       		.uleb128 0x6
 1580 0167 40       		.uleb128 0x40
 1581 0168 18       		.uleb128 0x18
 1582 0169 9742     		.uleb128 0x2117
 1583 016b 19       		.uleb128 0x19
 1584 016c 01       		.uleb128 0x1
 1585 016d 13       		.uleb128 0x13
 1586 016e 00       		.byte	0
 1587 016f 00       		.byte	0
 1588 0170 1D       		.uleb128 0x1d
 1589 0171 05       		.uleb128 0x5
 1590 0172 00       		.byte	0
 1591 0173 03       		.uleb128 0x3
 1592 0174 0E       		.uleb128 0xe
 1593 0175 3A       		.uleb128 0x3a
ARM GAS  /tmp/ccXJeyh5.s 			page 29


 1594 0176 0B       		.uleb128 0xb
 1595 0177 3B       		.uleb128 0x3b
 1596 0178 0B       		.uleb128 0xb
 1597 0179 49       		.uleb128 0x49
 1598 017a 13       		.uleb128 0x13
 1599 017b 02       		.uleb128 0x2
 1600 017c 18       		.uleb128 0x18
 1601 017d 00       		.byte	0
 1602 017e 00       		.byte	0
 1603 017f 1E       		.uleb128 0x1e
 1604 0180 2E       		.uleb128 0x2e
 1605 0181 01       		.byte	0x1
 1606 0182 3F       		.uleb128 0x3f
 1607 0183 19       		.uleb128 0x19
 1608 0184 03       		.uleb128 0x3
 1609 0185 0E       		.uleb128 0xe
 1610 0186 3A       		.uleb128 0x3a
 1611 0187 0B       		.uleb128 0xb
 1612 0188 3B       		.uleb128 0x3b
 1613 0189 0B       		.uleb128 0xb
 1614 018a 27       		.uleb128 0x27
 1615 018b 19       		.uleb128 0x19
 1616 018c 11       		.uleb128 0x11
 1617 018d 01       		.uleb128 0x1
 1618 018e 12       		.uleb128 0x12
 1619 018f 06       		.uleb128 0x6
 1620 0190 40       		.uleb128 0x40
 1621 0191 18       		.uleb128 0x18
 1622 0192 9642     		.uleb128 0x2116
 1623 0194 19       		.uleb128 0x19
 1624 0195 01       		.uleb128 0x1
 1625 0196 13       		.uleb128 0x13
 1626 0197 00       		.byte	0
 1627 0198 00       		.byte	0
 1628 0199 1F       		.uleb128 0x1f
 1629 019a 34       		.uleb128 0x34
 1630 019b 00       		.byte	0
 1631 019c 03       		.uleb128 0x3
 1632 019d 0E       		.uleb128 0xe
 1633 019e 3A       		.uleb128 0x3a
 1634 019f 0B       		.uleb128 0xb
 1635 01a0 3B       		.uleb128 0x3b
 1636 01a1 05       		.uleb128 0x5
 1637 01a2 49       		.uleb128 0x49
 1638 01a3 13       		.uleb128 0x13
 1639 01a4 3F       		.uleb128 0x3f
 1640 01a5 19       		.uleb128 0x19
 1641 01a6 3C       		.uleb128 0x3c
 1642 01a7 19       		.uleb128 0x19
 1643 01a8 00       		.byte	0
 1644 01a9 00       		.byte	0
 1645 01aa 20       		.uleb128 0x20
 1646 01ab 34       		.uleb128 0x34
 1647 01ac 00       		.byte	0
 1648 01ad 03       		.uleb128 0x3
 1649 01ae 08       		.uleb128 0x8
 1650 01af 3A       		.uleb128 0x3a
ARM GAS  /tmp/ccXJeyh5.s 			page 30


 1651 01b0 0B       		.uleb128 0xb
 1652 01b1 3B       		.uleb128 0x3b
 1653 01b2 05       		.uleb128 0x5
 1654 01b3 49       		.uleb128 0x49
 1655 01b4 13       		.uleb128 0x13
 1656 01b5 3F       		.uleb128 0x3f
 1657 01b6 19       		.uleb128 0x19
 1658 01b7 3C       		.uleb128 0x3c
 1659 01b8 19       		.uleb128 0x19
 1660 01b9 00       		.byte	0
 1661 01ba 00       		.byte	0
 1662 01bb 00       		.byte	0
 1663              		.section	.debug_aranges,"",%progbits
 1664 0000 1C000000 		.4byte	0x1c
 1665 0004 0200     		.2byte	0x2
 1666 0006 00000000 		.4byte	.Ldebug_info0
 1667 000a 04       		.byte	0x4
 1668 000b 00       		.byte	0
 1669 000c 0000     		.2byte	0
 1670 000e 0000     		.2byte	0
 1671 0010 00000000 		.4byte	.Ltext0
 1672 0014 88000000 		.4byte	.Letext0-.Ltext0
 1673 0018 00000000 		.4byte	0
 1674 001c 00000000 		.4byte	0
 1675              		.section	.debug_line,"",%progbits
 1676              	.Ldebug_line0:
 1677 0000 09030000 		.section	.debug_str,"MS",%progbits,1
 1677      0200E602 
 1677      00000201 
 1677      FB0E0D00 
 1677      01010101 
 1678              	.LASF55:
 1679 0000 72656164 		.ascii	"ready_list_t\000"
 1679      795F6C69 
 1679      73745F74 
 1679      00
 1680              	.LASF94:
 1681 000d 77747472 		.ascii	"wttrp\000"
 1681      7000
 1682              	.LASF91:
 1683 0013 7264796D 		.ascii	"rdymsg\000"
 1683      736700
 1684              	.LASF18:
 1685 001a 75696E74 		.ascii	"uint64_t\000"
 1685      36345F74 
 1685      00
 1686              	.LASF109:
 1687 0023 4F545950 		.ascii	"OTYPER\000"
 1687      455200
 1688              	.LASF4:
 1689 002a 5F5F7569 		.ascii	"__uint8_t\000"
 1689      6E74385F 
 1689      7400
 1690              	.LASF88:
 1691 0034 706F7274 		.ascii	"port_intctx\000"
 1691      5F696E74 
 1691      63747800 
ARM GAS  /tmp/ccXJeyh5.s 			page 31


 1692              	.LASF80:
 1693 0040 76746C69 		.ascii	"vtlist\000"
 1693      737400
 1694              	.LASF118:
 1695 0047 696F706F 		.ascii	"ioportmask_t\000"
 1695      72746D61 
 1695      736B5F74 
 1695      00
 1696              	.LASF13:
 1697 0054 6C6F6E67 		.ascii	"long long unsigned int\000"
 1697      206C6F6E 
 1697      6720756E 
 1697      7369676E 
 1697      65642069 
 1698              	.LASF111:
 1699 006b 50555044 		.ascii	"PUPDR\000"
 1699      5200
 1700              	.LASF92:
 1701 0071 65786974 		.ascii	"exitcode\000"
 1701      636F6465 
 1701      00
 1702              	.LASF81:
 1703 007a 6D61696E 		.ascii	"mainthread\000"
 1703      74687265 
 1703      616400
 1704              	.LASF71:
 1705 0085 76697274 		.ascii	"virtual_timers_list_t\000"
 1705      75616C5F 
 1705      74696D65 
 1705      72735F6C 
 1705      6973745F 
 1706              	.LASF129:
 1707 009b 49544D5F 		.ascii	"ITM_RxBuffer\000"
 1707      52784275 
 1707      66666572 
 1707      00
 1708              	.LASF54:
 1709 00a8 63685F74 		.ascii	"ch_threads_queue\000"
 1709      68726561 
 1709      64735F71 
 1709      75657565 
 1709      00
 1710              	.LASF33:
 1711 00b9 705F7072 		.ascii	"p_prio\000"
 1711      696F00
 1712              	.LASF11:
 1713 00c0 6C6F6E67 		.ascii	"long long int\000"
 1713      206C6F6E 
 1713      6720696E 
 1713      7400
 1714              	.LASF1:
 1715 00ce 7369676E 		.ascii	"signed char\000"
 1715      65642063 
 1715      68617200 
 1716              	.LASF112:
 1717 00da 42535252 		.ascii	"BSRR\000"
 1717      00
ARM GAS  /tmp/ccXJeyh5.s 			page 32


 1718              	.LASF48:
 1719 00df 705F6D70 		.ascii	"p_mpool\000"
 1719      6F6F6C00 
 1720              	.LASF102:
 1721 00e7 6D5F7175 		.ascii	"m_queue\000"
 1721      65756500 
 1722              	.LASF93:
 1723 00ef 77746F62 		.ascii	"wtobjp\000"
 1723      6A7000
 1724              	.LASF24:
 1725 00f6 74736C69 		.ascii	"tslices_t\000"
 1725      6365735F 
 1725      7400
 1726              	.LASF78:
 1727 0100 63685F73 		.ascii	"ch_system\000"
 1727      79737465 
 1727      6D00
 1728              	.LASF8:
 1729 010a 6C6F6E67 		.ascii	"long int\000"
 1729      20696E74 
 1729      00
 1730              	.LASF22:
 1731 0113 74737461 		.ascii	"tstate_t\000"
 1731      74655F74 
 1731      00
 1732              	.LASF15:
 1733 011c 75696E74 		.ascii	"uint16_t\000"
 1733      31365F74 
 1733      00
 1734              	.LASF35:
 1735 0125 705F6E65 		.ascii	"p_newer\000"
 1735      77657200 
 1736              	.LASF99:
 1737 012d 735F7175 		.ascii	"s_queue\000"
 1737      65756500 
 1738              	.LASF110:
 1739 0135 4F535045 		.ascii	"OSPEEDR\000"
 1739      45445200 
 1740              	.LASF60:
 1741 013d 725F6E65 		.ascii	"r_newer\000"
 1741      77657200 
 1742              	.LASF122:
 1743 0145 6D61736B 		.ascii	"mask\000"
 1743      00
 1744              	.LASF85:
 1745 014a 72656761 		.ascii	"regarm_t\000"
 1745      726D5F74 
 1745      00
 1746              	.LASF67:
 1747 0153 76745F70 		.ascii	"vt_prev\000"
 1747      72657600 
 1748              	.LASF132:
 1749 015b 2F752F65 		.ascii	"/u/elawton2/p442-submissions/sensortile/reference/b"
 1749      6C617774 
 1749      6F6E322F 
 1749      70343432 
 1749      2D737562 
ARM GAS  /tmp/ccXJeyh5.s 			page 33


 1750 018e 6C75656D 		.ascii	"luemicrosystem2/BlueMicrosystem2_V2.2.0/Projects/Mu"
 1750      6963726F 
 1750      73797374 
 1750      656D322F 
 1750      426C7565 
 1751 01c1 6C74692F 		.ascii	"lti/Applications/BlueMicrosystem2/bluechibi\000"
 1751      4170706C 
 1751      69636174 
 1751      696F6E73 
 1751      2F426C75 
 1752              	.LASF117:
 1753 01ed 73746D33 		.ascii	"stm32_gpio_t\000"
 1753      325F6770 
 1753      696F5F74 
 1753      00
 1754              	.LASF105:
 1755 01fa 6D757465 		.ascii	"mutex_t\000"
 1755      785F7400 
 1756              	.LASF123:
 1757 0202 494F4275 		.ascii	"IOBus\000"
 1757      7300
 1758              	.LASF28:
 1759 0208 636E745F 		.ascii	"cnt_t\000"
 1759      7400
 1760              	.LASF0:
 1761 020e 756E7369 		.ascii	"unsigned int\000"
 1761      676E6564 
 1761      20696E74 
 1761      00
 1762              	.LASF108:
 1763 021b 4D4F4445 		.ascii	"MODER\000"
 1763      5200
 1764              	.LASF124:
 1765 0221 62697473 		.ascii	"bits\000"
 1765      00
 1766              	.LASF95:
 1767 0226 77747365 		.ascii	"wtsemp\000"
 1767      6D7000
 1768              	.LASF68:
 1769 022d 76745F64 		.ascii	"vt_delta\000"
 1769      656C7461 
 1769      00
 1770              	.LASF74:
 1771 0236 73797374 		.ascii	"system_debug_t\000"
 1771      656D5F64 
 1771      65627567 
 1771      5F7400
 1772              	.LASF66:
 1773 0245 76745F6E 		.ascii	"vt_next\000"
 1773      65787400 
 1774              	.LASF100:
 1775 024d 735F636E 		.ascii	"s_cnt\000"
 1775      7400
 1776              	.LASF6:
 1777 0253 73686F72 		.ascii	"short unsigned int\000"
 1777      7420756E 
 1777      7369676E 
ARM GAS  /tmp/ccXJeyh5.s 			page 34


 1777      65642069 
 1777      6E7400
 1778              	.LASF51:
 1779 0266 63685F74 		.ascii	"ch_thread\000"
 1779      68726561 
 1779      6400
 1780              	.LASF26:
 1781 0270 6D73675F 		.ascii	"msg_t\000"
 1781      7400
 1782              	.LASF77:
 1783 0276 63685F73 		.ascii	"ch_system_t\000"
 1783      79737465 
 1783      6D5F7400 
 1784              	.LASF113:
 1785 0282 4C4F434B 		.ascii	"LOCKR\000"
 1785      5200
 1786              	.LASF21:
 1787 0288 746D6F64 		.ascii	"tmode_t\000"
 1787      655F7400 
 1788              	.LASF56:
 1789 0290 63685F72 		.ascii	"ch_ready_list\000"
 1789      65616479 
 1789      5F6C6973 
 1789      7400
 1790              	.LASF27:
 1791 029e 6576656E 		.ascii	"eventmask_t\000"
 1791      746D6173 
 1791      6B5F7400 
 1792              	.LASF7:
 1793 02aa 5F5F696E 		.ascii	"__int32_t\000"
 1793      7433325F 
 1793      7400
 1794              	.LASF86:
 1795 02b4 73746B61 		.ascii	"stkalign_t\000"
 1795      6C69676E 
 1795      5F7400
 1796              	.LASF20:
 1797 02bf 7274636E 		.ascii	"rtcnt_t\000"
 1797      745F7400 
 1798              	.LASF49:
 1799 02c7 74687265 		.ascii	"thread_reference_t\000"
 1799      61645F72 
 1799      65666572 
 1799      656E6365 
 1799      5F7400
 1800              	.LASF72:
 1801 02da 63685F76 		.ascii	"ch_virtual_timers_list\000"
 1801      69727475 
 1801      616C5F74 
 1801      696D6572 
 1801      735F6C69 
 1802              	.LASF107:
 1803 02f1 636C6561 		.ascii	"clear\000"
 1803      7200
 1804              	.LASF69:
 1805 02f7 76745F66 		.ascii	"vt_func\000"
 1805      756E6300 
ARM GAS  /tmp/ccXJeyh5.s 			page 35


 1806              	.LASF36:
 1807 02ff 705F6F6C 		.ascii	"p_older\000"
 1807      64657200 
 1808              	.LASF59:
 1809 0307 725F6374 		.ascii	"r_ctx\000"
 1809      7800
 1810              	.LASF90:
 1811 030d 746D5F63 		.ascii	"tm_calibration_t\000"
 1811      616C6962 
 1811      72617469 
 1811      6F6E5F74 
 1811      00
 1812              	.LASF62:
 1813 031e 725F6375 		.ascii	"r_current\000"
 1813      7272656E 
 1813      7400
 1814              	.LASF61:
 1815 0328 725F6F6C 		.ascii	"r_older\000"
 1815      64657200 
 1816              	.LASF12:
 1817 0330 5F5F7569 		.ascii	"__uint64_t\000"
 1817      6E743634 
 1817      5F7400
 1818              	.LASF115:
 1819 033b 41465248 		.ascii	"AFRH\000"
 1819      00
 1820              	.LASF127:
 1821 0340 70616C53 		.ascii	"palSetBusMode\000"
 1821      65744275 
 1821      734D6F64 
 1821      6500
 1822              	.LASF114:
 1823 034e 4146524C 		.ascii	"AFRL\000"
 1823      00
 1824              	.LASF23:
 1825 0353 74726566 		.ascii	"trefs_t\000"
 1825      735F7400 
 1826              	.LASF64:
 1827 035b 76697274 		.ascii	"virtual_timer_t\000"
 1827      75616C5F 
 1827      74696D65 
 1827      725F7400 
 1828              	.LASF32:
 1829 036b 705F7072 		.ascii	"p_prev\000"
 1829      657600
 1830              	.LASF25:
 1831 0372 74707269 		.ascii	"tprio_t\000"
 1831      6F5F7400 
 1832              	.LASF75:
 1833 037a 63685F73 		.ascii	"ch_system_debug\000"
 1833      79737465 
 1833      6D5F6465 
 1833      62756700 
 1834              	.LASF106:
 1835 038a 5F426F6F 		.ascii	"_Bool\000"
 1835      6C00
 1836              	.LASF16:
ARM GAS  /tmp/ccXJeyh5.s 			page 36


 1837 0390 696E7433 		.ascii	"int32_t\000"
 1837      325F7400 
 1838              	.LASF2:
 1839 0398 756E7369 		.ascii	"unsigned char\000"
 1839      676E6564 
 1839      20636861 
 1839      7200
 1840              	.LASF130:
 1841 03a6 474E5520 		.ascii	"GNU C 4.8.4 20140526 (release) [ARM/embedded-4_8-br"
 1841      4320342E 
 1841      382E3420 
 1841      32303134 
 1841      30353236 
 1842 03d9 616E6368 		.ascii	"anch revision 211358] -mcpu=cortex-m4 -mno-thumb-in"
 1842      20726576 
 1842      6973696F 
 1842      6E203231 
 1842      31333538 
 1843 040c 74657277 		.ascii	"terwork -mthumb -ggdb -O0 -std=c99 -fomit-frame-poi"
 1843      6F726B20 
 1843      2D6D7468 
 1843      756D6220 
 1843      2D676764 
 1844 043f 6E746572 		.ascii	"nter -falign-functions=16\000"
 1844      202D6661 
 1844      6C69676E 
 1844      2D66756E 
 1844      6374696F 
 1845              	.LASF46:
 1846 0459 705F6D74 		.ascii	"p_mtxlist\000"
 1846      786C6973 
 1846      7400
 1847              	.LASF3:
 1848 0463 73686F72 		.ascii	"short int\000"
 1848      7420696E 
 1848      7400
 1849              	.LASF38:
 1850 046d 705F7374 		.ascii	"p_state\000"
 1850      61746500 
 1851              	.LASF41:
 1852 0475 705F7072 		.ascii	"p_preempt\000"
 1852      65656D70 
 1852      7400
 1853              	.LASF58:
 1854 047f 725F7072 		.ascii	"r_prio\000"
 1854      696F00
 1855              	.LASF97:
 1856 0486 65776D61 		.ascii	"ewmask\000"
 1856      736B00
 1857              	.LASF31:
 1858 048d 705F6E65 		.ascii	"p_next\000"
 1858      787400
 1859              	.LASF19:
 1860 0494 75696E74 		.ascii	"uint_fast8_t\000"
 1860      5F666173 
 1860      74385F74 
 1860      00
ARM GAS  /tmp/ccXJeyh5.s 			page 37


 1861              	.LASF39:
 1862 04a1 705F666C 		.ascii	"p_flags\000"
 1862      61677300 
 1863              	.LASF125:
 1864 04a9 5F5F6675 		.ascii	"__func__\000"
 1864      6E635F5F 
 1864      00
 1865              	.LASF82:
 1866 04b2 69646C65 		.ascii	"idle_thread_wa\000"
 1866      5F746872 
 1866      6561645F 
 1866      776100
 1867              	.LASF65:
 1868 04c1 63685F76 		.ascii	"ch_virtual_timer\000"
 1868      69727475 
 1868      616C5F74 
 1868      696D6572 
 1868      00
 1869              	.LASF98:
 1870 04d2 63685F73 		.ascii	"ch_semaphore\000"
 1870      656D6170 
 1870      686F7265 
 1870      00
 1871              	.LASF45:
 1872 04df 705F6570 		.ascii	"p_epending\000"
 1872      656E6469 
 1872      6E6700
 1873              	.LASF17:
 1874 04ea 75696E74 		.ascii	"uint32_t\000"
 1874      33325F74 
 1874      00
 1875              	.LASF96:
 1876 04f3 77746D74 		.ascii	"wtmtxp\000"
 1876      787000
 1877              	.LASF57:
 1878 04fa 725F7175 		.ascii	"r_queue\000"
 1878      65756500 
 1879              	.LASF73:
 1880 0502 76745F73 		.ascii	"vt_systime\000"
 1880      79737469 
 1880      6D6500
 1881              	.LASF52:
 1882 050d 63685F74 		.ascii	"ch_threads_list\000"
 1882      68726561 
 1882      64735F6C 
 1882      69737400 
 1883              	.LASF10:
 1884 051d 6C6F6E67 		.ascii	"long unsigned int\000"
 1884      20756E73 
 1884      69676E65 
 1884      6420696E 
 1884      7400
 1885              	.LASF84:
 1886 052f 63686172 		.ascii	"char\000"
 1886      00
 1887              	.LASF128:
 1888 0534 6D6F6465 		.ascii	"mode\000"
ARM GAS  /tmp/ccXJeyh5.s 			page 38


 1888      00
 1889              	.LASF5:
 1890 0539 5F5F7569 		.ascii	"__uint16_t\000"
 1890      6E743136 
 1890      5F7400
 1891              	.LASF30:
 1892 0544 74687265 		.ascii	"thread_t\000"
 1892      61645F74 
 1892      00
 1893              	.LASF104:
 1894 054d 6D5F6E65 		.ascii	"m_next\000"
 1894      787400
 1895              	.LASF29:
 1896 0554 73797374 		.ascii	"systime_t\000"
 1896      696D655F 
 1896      7400
 1897              	.LASF47:
 1898 055e 705F7265 		.ascii	"p_realprio\000"
 1898      616C7072 
 1898      696F00
 1899              	.LASF63:
 1900 0569 76746675 		.ascii	"vtfunc_t\000"
 1900      6E635F74 
 1900      00
 1901              	.LASF9:
 1902 0572 5F5F7569 		.ascii	"__uint32_t\000"
 1902      6E743332 
 1902      5F7400
 1903              	.LASF76:
 1904 057d 70616E69 		.ascii	"panic_msg\000"
 1904      635F6D73 
 1904      6700
 1905              	.LASF116:
 1906 0587 41534352 		.ascii	"ASCR\000"
 1906      00
 1907              	.LASF89:
 1908 058c 6F666673 		.ascii	"offset\000"
 1908      657400
 1909              	.LASF120:
 1910 0593 696F706F 		.ascii	"ioportid_t\000"
 1910      72746964 
 1910      5F7400
 1911              	.LASF87:
 1912 059e 636F6E74 		.ascii	"context\000"
 1912      65787400 
 1913              	.LASF43:
 1914 05a6 705F6D73 		.ascii	"p_msgqueue\000"
 1914      67717565 
 1914      756500
 1915              	.LASF70:
 1916 05b1 76745F70 		.ascii	"vt_par\000"
 1916      617200
 1917              	.LASF126:
 1918 05b8 70616C57 		.ascii	"palWriteBus\000"
 1918      72697465 
 1918      42757300 
 1919              	.LASF53:
ARM GAS  /tmp/ccXJeyh5.s 			page 39


 1920 05c4 74687265 		.ascii	"threads_queue_t\000"
 1920      6164735F 
 1920      71756575 
 1920      655F7400 
 1921              	.LASF40:
 1922 05d4 705F7265 		.ascii	"p_refs\000"
 1922      667300
 1923              	.LASF79:
 1924 05db 726C6973 		.ascii	"rlist\000"
 1924      7400
 1925              	.LASF103:
 1926 05e1 6D5F6F77 		.ascii	"m_owner\000"
 1926      6E657200 
 1927              	.LASF14:
 1928 05e9 75696E74 		.ascii	"uint8_t\000"
 1928      385F7400 
 1929              	.LASF131:
 1930 05f1 2E2E2F2E 		.ascii	"../../../../../../ChibiOS/os/hal/src/pal.c\000"
 1930      2E2F2E2E 
 1930      2F2E2E2F 
 1930      2E2E2F2E 
 1930      2E2F4368 
 1931              	.LASF83:
 1932 061c 73697A65 		.ascii	"sizetype\000"
 1932      74797065 
 1932      00
 1933              	.LASF121:
 1934 0625 706F7274 		.ascii	"portid\000"
 1934      696400
 1935              	.LASF101:
 1936 062c 63685F6D 		.ascii	"ch_mutex\000"
 1936      75746578 
 1936      00
 1937              	.LASF37:
 1938 0635 705F6E61 		.ascii	"p_name\000"
 1938      6D6500
 1939              	.LASF50:
 1940 063c 74687265 		.ascii	"threads_list_t\000"
 1940      6164735F 
 1940      6C697374 
 1940      5F7400
 1941              	.LASF44:
 1942 064b 705F6D73 		.ascii	"p_msg\000"
 1942      6700
 1943              	.LASF119:
 1944 0651 696F6D6F 		.ascii	"iomode_t\000"
 1944      64655F74 
 1944      00
 1945              	.LASF133:
 1946 065a 70616C52 		.ascii	"palReadBus\000"
 1946      65616442 
 1946      757300
 1947              	.LASF34:
 1948 0665 705F6374 		.ascii	"p_ctx\000"
 1948      7800
 1949              	.LASF42:
 1950 066b 705F7761 		.ascii	"p_waiting\000"
ARM GAS  /tmp/ccXJeyh5.s 			page 40


 1950      6974696E 
 1950      6700
 1951              		.ident	"GCC: (GNU Tools for ARM Embedded Processors) 4.8.4 20140526 (release) [ARM/embedded-4_8-br
ARM GAS  /tmp/ccXJeyh5.s 			page 41


DEFINED SYMBOLS
                            *ABS*:00000000 pal.c
     /tmp/ccXJeyh5.s:18     .text:00000000 $t
     /tmp/ccXJeyh5.s:24     .text:00000000 palReadBus
     /tmp/ccXJeyh5.s:59     .text:00000020 palWriteBus
     /tmp/ccXJeyh5.s:104    .text:00000060 palSetBusMode
                     .debug_frame:00000010 $d

UNDEFINED SYMBOLS
_pal_lld_setgroupmode
