ARM GAS  /tmp/ccWirMLW.s 			page 1


   1              		.syntax unified
   2              		.cpu cortex-m4
   3              		.fpu softvfp
   4              		.eabi_attribute 20, 1
   5              		.eabi_attribute 21, 1
   6              		.eabi_attribute 23, 3
   7              		.eabi_attribute 24, 1
   8              		.eabi_attribute 25, 1
   9              		.eabi_attribute 26, 1
  10              		.eabi_attribute 30, 6
  11              		.eabi_attribute 34, 1
  12              		.eabi_attribute 18, 4
  13              		.thumb
  14              		.file	"usbd_desc.c"
  15              		.text
  16              	.Ltext0:
  17              		.cfi_sections	.debug_frame
  18              	.Letext0:
  19              		.file 1 "/nfs/nfs5/home/research/hardware/arm2/gcc-arm-embedded/gcc-arm-none-eabi-4_8-2014q2/arm-n
  20              		.file 2 "/nfs/nfs5/home/research/hardware/arm2/gcc-arm-embedded/gcc-arm-none-eabi-4_8-2014q2/arm-n
  21              		.file 3 "../../../../../../ChibiOS/os/ext/CMSIS/include/core_cm4.h"
  22              		.section	.debug_info,"",%progbits
  23              	.Ldebug_info0:
  24 0000 9C000000 		.4byte	0x9c
  25 0004 0400     		.2byte	0x4
  26 0006 00000000 		.4byte	.Ldebug_abbrev0
  27 000a 04       		.byte	0x4
  28 000b 01       		.uleb128 0x1
  29 000c AD000000 		.4byte	.LASF14
  30 0010 01       		.byte	0x1
  31 0011 89010000 		.4byte	.LASF15
  32 0015 1B000000 		.4byte	.LASF16
  33 0019 00000000 		.4byte	.Ldebug_line0
  34 001d 02       		.uleb128 0x2
  35 001e 04       		.byte	0x4
  36 001f 07       		.byte	0x7
  37 0020 0E000000 		.4byte	.LASF0
  38 0024 03       		.uleb128 0x3
  39 0025 04       		.byte	0x4
  40 0026 05       		.byte	0x5
  41 0027 696E7400 		.ascii	"int\000"
  42 002b 02       		.uleb128 0x2
  43 002c 01       		.byte	0x1
  44 002d 06       		.byte	0x6
  45 002e 11020000 		.4byte	.LASF1
  46 0032 02       		.uleb128 0x2
  47 0033 01       		.byte	0x1
  48 0034 08       		.byte	0x8
  49 0035 D5010000 		.4byte	.LASF2
  50 0039 02       		.uleb128 0x2
  51 003a 02       		.byte	0x2
  52 003b 05       		.byte	0x5
  53 003c 2D020000 		.4byte	.LASF3
  54 0040 02       		.uleb128 0x2
  55 0041 02       		.byte	0x2
  56 0042 07       		.byte	0x7
  57 0043 FE010000 		.4byte	.LASF4
ARM GAS  /tmp/ccWirMLW.s 			page 2


  58 0047 04       		.uleb128 0x4
  59 0048 1D020000 		.4byte	.LASF11
  60 004c 01       		.byte	0x1
  61 004d 37       		.byte	0x37
  62 004e 52000000 		.4byte	0x52
  63 0052 02       		.uleb128 0x2
  64 0053 04       		.byte	0x4
  65 0054 05       		.byte	0x5
  66 0055 F5010000 		.4byte	.LASF5
  67 0059 02       		.uleb128 0x2
  68 005a 04       		.byte	0x4
  69 005b 07       		.byte	0x7
  70 005c 60010000 		.4byte	.LASF6
  71 0060 02       		.uleb128 0x2
  72 0061 08       		.byte	0x8
  73 0062 05       		.byte	0x5
  74 0063 00000000 		.4byte	.LASF7
  75 0067 02       		.uleb128 0x2
  76 0068 08       		.byte	0x8
  77 0069 07       		.byte	0x7
  78 006a 72010000 		.4byte	.LASF8
  79 006e 02       		.uleb128 0x2
  80 006f 04       		.byte	0x4
  81 0070 07       		.byte	0x7
  82 0071 3F020000 		.4byte	.LASF9
  83 0075 02       		.uleb128 0x2
  84 0076 01       		.byte	0x1
  85 0077 08       		.byte	0x8
  86 0078 E3010000 		.4byte	.LASF10
  87 007c 04       		.uleb128 0x4
  88 007d 37020000 		.4byte	.LASF12
  89 0081 02       		.byte	0x2
  90 0082 41       		.byte	0x41
  91 0083 47000000 		.4byte	0x47
  92 0087 02       		.uleb128 0x2
  93 0088 04       		.byte	0x4
  94 0089 04       		.byte	0x4
  95 008a 27020000 		.4byte	.LASF13
  96 008e 05       		.uleb128 0x5
  97 008f E8010000 		.4byte	.LASF17
  98 0093 03       		.byte	0x3
  99 0094 FA06     		.2byte	0x6fa
 100 0096 9A000000 		.4byte	0x9a
 101 009a 06       		.uleb128 0x6
 102 009b 7C000000 		.4byte	0x7c
 103 009f 00       		.byte	0
 104              		.section	.debug_abbrev,"",%progbits
 105              	.Ldebug_abbrev0:
 106 0000 01       		.uleb128 0x1
 107 0001 11       		.uleb128 0x11
 108 0002 01       		.byte	0x1
 109 0003 25       		.uleb128 0x25
 110 0004 0E       		.uleb128 0xe
 111 0005 13       		.uleb128 0x13
 112 0006 0B       		.uleb128 0xb
 113 0007 03       		.uleb128 0x3
 114 0008 0E       		.uleb128 0xe
ARM GAS  /tmp/ccWirMLW.s 			page 3


 115 0009 1B       		.uleb128 0x1b
 116 000a 0E       		.uleb128 0xe
 117 000b 10       		.uleb128 0x10
 118 000c 17       		.uleb128 0x17
 119 000d 00       		.byte	0
 120 000e 00       		.byte	0
 121 000f 02       		.uleb128 0x2
 122 0010 24       		.uleb128 0x24
 123 0011 00       		.byte	0
 124 0012 0B       		.uleb128 0xb
 125 0013 0B       		.uleb128 0xb
 126 0014 3E       		.uleb128 0x3e
 127 0015 0B       		.uleb128 0xb
 128 0016 03       		.uleb128 0x3
 129 0017 0E       		.uleb128 0xe
 130 0018 00       		.byte	0
 131 0019 00       		.byte	0
 132 001a 03       		.uleb128 0x3
 133 001b 24       		.uleb128 0x24
 134 001c 00       		.byte	0
 135 001d 0B       		.uleb128 0xb
 136 001e 0B       		.uleb128 0xb
 137 001f 3E       		.uleb128 0x3e
 138 0020 0B       		.uleb128 0xb
 139 0021 03       		.uleb128 0x3
 140 0022 08       		.uleb128 0x8
 141 0023 00       		.byte	0
 142 0024 00       		.byte	0
 143 0025 04       		.uleb128 0x4
 144 0026 16       		.uleb128 0x16
 145 0027 00       		.byte	0
 146 0028 03       		.uleb128 0x3
 147 0029 0E       		.uleb128 0xe
 148 002a 3A       		.uleb128 0x3a
 149 002b 0B       		.uleb128 0xb
 150 002c 3B       		.uleb128 0x3b
 151 002d 0B       		.uleb128 0xb
 152 002e 49       		.uleb128 0x49
 153 002f 13       		.uleb128 0x13
 154 0030 00       		.byte	0
 155 0031 00       		.byte	0
 156 0032 05       		.uleb128 0x5
 157 0033 34       		.uleb128 0x34
 158 0034 00       		.byte	0
 159 0035 03       		.uleb128 0x3
 160 0036 0E       		.uleb128 0xe
 161 0037 3A       		.uleb128 0x3a
 162 0038 0B       		.uleb128 0xb
 163 0039 3B       		.uleb128 0x3b
 164 003a 05       		.uleb128 0x5
 165 003b 49       		.uleb128 0x49
 166 003c 13       		.uleb128 0x13
 167 003d 3F       		.uleb128 0x3f
 168 003e 19       		.uleb128 0x19
 169 003f 3C       		.uleb128 0x3c
 170 0040 19       		.uleb128 0x19
 171 0041 00       		.byte	0
ARM GAS  /tmp/ccWirMLW.s 			page 4


 172 0042 00       		.byte	0
 173 0043 06       		.uleb128 0x6
 174 0044 35       		.uleb128 0x35
 175 0045 00       		.byte	0
 176 0046 49       		.uleb128 0x49
 177 0047 13       		.uleb128 0x13
 178 0048 00       		.byte	0
 179 0049 00       		.byte	0
 180 004a 00       		.byte	0
 181              		.section	.debug_aranges,"",%progbits
 182 0000 14000000 		.4byte	0x14
 183 0004 0200     		.2byte	0x2
 184 0006 00000000 		.4byte	.Ldebug_info0
 185 000a 04       		.byte	0x4
 186 000b 00       		.byte	0
 187 000c 0000     		.2byte	0
 188 000e 0000     		.2byte	0
 189 0010 00000000 		.4byte	0
 190 0014 00000000 		.4byte	0
 191              		.section	.debug_line,"",%progbits
 192              	.Ldebug_line0:
 193 0000 52010000 		.section	.debug_str,"MS",%progbits,1
 193      02004C01 
 193      00000201 
 193      FB0E0D00 
 193      01010101 
 194              	.LASF7:
 195 0000 6C6F6E67 		.ascii	"long long int\000"
 195      206C6F6E 
 195      6720696E 
 195      7400
 196              	.LASF0:
 197 000e 756E7369 		.ascii	"unsigned int\000"
 197      676E6564 
 197      20696E74 
 197      00
 198              	.LASF16:
 199 001b 2F752F65 		.ascii	"/u/elawton2/p442-submissions/sensortile/reference/b"
 199      6C617774 
 199      6F6E322F 
 199      70343432 
 199      2D737562 
 200 004e 6C75656D 		.ascii	"luemicrosystem2/BlueMicrosystem2_V2.2.0/Projects/Mu"
 200      6963726F 
 200      73797374 
 200      656D322F 
 200      426C7565 
 201 0081 6C74692F 		.ascii	"lti/Applications/BlueMicrosystem2/bluechibi\000"
 201      4170706C 
 201      69636174 
 201      696F6E73 
 201      2F426C75 
 202              	.LASF14:
 203 00ad 474E5520 		.ascii	"GNU C 4.8.4 20140526 (release) [ARM/embedded-4_8-br"
 203      4320342E 
 203      382E3420 
 203      32303134 
ARM GAS  /tmp/ccWirMLW.s 			page 5


 203      30353236 
 204 00e0 616E6368 		.ascii	"anch revision 211358] -mcpu=cortex-m4 -mno-thumb-in"
 204      20726576 
 204      6973696F 
 204      6E203231 
 204      31333538 
 205 0113 74657277 		.ascii	"terwork -mthumb -ggdb -O0 -std=c99 -fomit-frame-poi"
 205      6F726B20 
 205      2D6D7468 
 205      756D6220 
 205      2D676764 
 206 0146 6E746572 		.ascii	"nter -falign-functions=16\000"
 206      202D6661 
 206      6C69676E 
 206      2D66756E 
 206      6374696F 
 207              	.LASF6:
 208 0160 6C6F6E67 		.ascii	"long unsigned int\000"
 208      20756E73 
 208      69676E65 
 208      6420696E 
 208      7400
 209              	.LASF8:
 210 0172 6C6F6E67 		.ascii	"long long unsigned int\000"
 210      206C6F6E 
 210      6720756E 
 210      7369676E 
 210      65642069 
 211              	.LASF15:
 212 0189 2E2E2F2E 		.ascii	"../../../../../Projects/Multi/Applications/BlueMicr"
 212      2E2F2E2E 
 212      2F2E2E2F 
 212      2E2E2F50 
 212      726F6A65 
 213 01bc 6F737973 		.ascii	"osystem2/Src/usbd_desc.c\000"
 213      74656D32 
 213      2F537263 
 213      2F757362 
 213      645F6465 
 214              	.LASF2:
 215 01d5 756E7369 		.ascii	"unsigned char\000"
 215      676E6564 
 215      20636861 
 215      7200
 216              	.LASF10:
 217 01e3 63686172 		.ascii	"char\000"
 217      00
 218              	.LASF17:
 219 01e8 49544D5F 		.ascii	"ITM_RxBuffer\000"
 219      52784275 
 219      66666572 
 219      00
 220              	.LASF5:
 221 01f5 6C6F6E67 		.ascii	"long int\000"
 221      20696E74 
 221      00
 222              	.LASF4:
ARM GAS  /tmp/ccWirMLW.s 			page 6


 223 01fe 73686F72 		.ascii	"short unsigned int\000"
 223      7420756E 
 223      7369676E 
 223      65642069 
 223      6E7400
 224              	.LASF1:
 225 0211 7369676E 		.ascii	"signed char\000"
 225      65642063 
 225      68617200 
 226              	.LASF11:
 227 021d 5F5F696E 		.ascii	"__int32_t\000"
 227      7433325F 
 227      7400
 228              	.LASF13:
 229 0227 666C6F61 		.ascii	"float\000"
 229      7400
 230              	.LASF3:
 231 022d 73686F72 		.ascii	"short int\000"
 231      7420696E 
 231      7400
 232              	.LASF12:
 233 0237 696E7433 		.ascii	"int32_t\000"
 233      325F7400 
 234              	.LASF9:
 235 023f 73697A65 		.ascii	"sizetype\000"
 235      74797065 
 235      00
 236              		.ident	"GCC: (GNU Tools for ARM Embedded Processors) 4.8.4 20140526 (release) [ARM/embedded-4_8-br
ARM GAS  /tmp/ccWirMLW.s 			page 7


DEFINED SYMBOLS
                            *ABS*:00000000 usbd_desc.c

NO UNDEFINED SYMBOLS
