ARM GAS  /tmp/ccfO7D36.s 			page 1


   1              		.syntax unified
   2              		.cpu cortex-m4
   3              		.fpu softvfp
   4              		.eabi_attribute 20, 1
   5              		.eabi_attribute 21, 1
   6              		.eabi_attribute 23, 3
   7              		.eabi_attribute 24, 1
   8              		.eabi_attribute 25, 1
   9              		.eabi_attribute 26, 1
  10              		.eabi_attribute 30, 6
  11              		.eabi_attribute 34, 1
  12              		.eabi_attribute 18, 4
  13              		.thumb
  14              		.file	"usbd_cdc_interface.c"
  15              		.text
  16              	.Ltext0:
  17              		.cfi_sections	.debug_frame
  18              	.Letext0:
  19              		.file 1 "/nfs/nfs5/home/research/hardware/arm2/gcc-arm-embedded/gcc-arm-none-eabi-4_8-2014q2/arm-n
  20              		.file 2 "/nfs/nfs5/home/research/hardware/arm2/gcc-arm-embedded/gcc-arm-none-eabi-4_8-2014q2/arm-n
  21              		.file 3 "../../../../../../ChibiOS/os/rt/ports/ARMCMx/compilers/GCC/chtypes.h"
  22              		.file 4 "../../../../../../ChibiOS/os/rt/include/chsystypes.h"
  23              		.file 5 "../../../../../../ChibiOS/os/rt/include/chschd.h"
  24              		.file 6 "../../../../../../ChibiOS/os/rt/ports/ARMCMx/chcore.h"
  25              		.file 7 "../../../../../../ChibiOS/os/rt/ports/ARMCMx/chcore_v7m.h"
  26              		.file 8 "../../../../../../ChibiOS/os/rt/include/chtm.h"
  27              		.file 9 "../../../../../../ChibiOS/os/rt/include/chsem.h"
  28              		.file 10 "../../../../../../ChibiOS/os/rt/include/chmtx.h"
  29              		.file 11 "../../../../../../ChibiOS/os/ext/CMSIS/include/core_cm4.h"
  30              		.section	.debug_info,"",%progbits
  31              	.Ldebug_info0:
  32 0000 4A060000 		.4byte	0x64a
  33 0004 0400     		.2byte	0x4
  34 0006 00000000 		.4byte	.Ldebug_abbrev0
  35 000a 04       		.byte	0x4
  36 000b 01       		.uleb128 0x1
  37 000c 3C000000 		.4byte	.LASF105
  38 0010 01       		.byte	0x1
  39 0011 2C030000 		.4byte	.LASF106
  40 0015 D2010000 		.4byte	.LASF107
  41 0019 00000000 		.4byte	.Ldebug_line0
  42 001d 02       		.uleb128 0x2
  43 001e 04       		.byte	0x4
  44 001f 07       		.byte	0x7
  45 0020 D4030000 		.4byte	.LASF0
  46 0024 03       		.uleb128 0x3
  47 0025 04       		.byte	0x4
  48 0026 05       		.byte	0x5
  49 0027 696E7400 		.ascii	"int\000"
  50 002b 02       		.uleb128 0x2
  51 002c 01       		.byte	0x1
  52 002d 06       		.byte	0x6
  53 002e A2030000 		.4byte	.LASF1
  54 0032 04       		.uleb128 0x4
  55 0033 F1020000 		.4byte	.LASF5
  56 0037 01       		.byte	0x1
  57 0038 1C       		.byte	0x1c
ARM GAS  /tmp/ccfO7D36.s 			page 2


  58 0039 3D000000 		.4byte	0x3d
  59 003d 02       		.uleb128 0x2
  60 003e 01       		.byte	0x1
  61 003f 08       		.byte	0x8
  62 0040 8D030000 		.4byte	.LASF2
  63 0044 02       		.uleb128 0x2
  64 0045 02       		.byte	0x2
  65 0046 05       		.byte	0x5
  66 0047 EF000000 		.4byte	.LASF3
  67 004b 02       		.uleb128 0x2
  68 004c 02       		.byte	0x2
  69 004d 07       		.byte	0x7
  70 004e 56040000 		.4byte	.LASF4
  71 0052 04       		.uleb128 0x4
  72 0053 E7040000 		.4byte	.LASF6
  73 0057 01       		.byte	0x1
  74 0058 37       		.byte	0x37
  75 0059 5D000000 		.4byte	0x5d
  76 005d 02       		.uleb128 0x2
  77 005e 04       		.byte	0x4
  78 005f 05       		.byte	0x5
  79 0060 A5020000 		.4byte	.LASF7
  80 0064 04       		.uleb128 0x4
  81 0065 31010000 		.4byte	.LASF8
  82 0069 01       		.byte	0x1
  83 006a 38       		.byte	0x38
  84 006b 6F000000 		.4byte	0x6f
  85 006f 02       		.uleb128 0x2
  86 0070 04       		.byte	0x4
  87 0071 07       		.byte	0x7
  88 0072 A6040000 		.4byte	.LASF9
  89 0076 02       		.uleb128 0x2
  90 0077 08       		.byte	0x8
  91 0078 05       		.byte	0x5
  92 0079 88020000 		.4byte	.LASF10
  93 007d 04       		.uleb128 0x4
  94 007e 7B040000 		.4byte	.LASF11
  95 0082 01       		.byte	0x1
  96 0083 4E       		.byte	0x4e
  97 0084 88000000 		.4byte	0x88
  98 0088 02       		.uleb128 0x2
  99 0089 08       		.byte	0x8
 100 008a 07       		.byte	0x7
 101 008b B4030000 		.4byte	.LASF12
 102 008f 02       		.uleb128 0x2
 103 0090 04       		.byte	0x4
 104 0091 07       		.byte	0x7
 105 0092 C1020000 		.4byte	.LASF13
 106 0096 05       		.uleb128 0x5
 107 0097 04       		.byte	0x4
 108 0098 02       		.uleb128 0x2
 109 0099 01       		.byte	0x1
 110 009a 08       		.byte	0x8
 111 009b 23040000 		.4byte	.LASF14
 112 009f 06       		.uleb128 0x6
 113 00a0 04       		.byte	0x4
 114 00a1 A5000000 		.4byte	0xa5
ARM GAS  /tmp/ccfO7D36.s 			page 3


 115 00a5 07       		.uleb128 0x7
 116 00a6 98000000 		.4byte	0x98
 117 00aa 04       		.uleb128 0x4
 118 00ab 93010000 		.4byte	.LASF15
 119 00af 02       		.byte	0x2
 120 00b0 2A       		.byte	0x2a
 121 00b1 32000000 		.4byte	0x32
 122 00b5 04       		.uleb128 0x4
 123 00b6 CA010000 		.4byte	.LASF16
 124 00ba 02       		.byte	0x2
 125 00bb 41       		.byte	0x41
 126 00bc 52000000 		.4byte	0x52
 127 00c0 04       		.uleb128 0x4
 128 00c1 CB030000 		.4byte	.LASF17
 129 00c5 02       		.byte	0x2
 130 00c6 42       		.byte	0x42
 131 00c7 64000000 		.4byte	0x64
 132 00cb 04       		.uleb128 0x4
 133 00cc 28000000 		.4byte	.LASF18
 134 00d0 02       		.byte	0x2
 135 00d1 4E       		.byte	0x4e
 136 00d2 7D000000 		.4byte	0x7d
 137 00d6 02       		.uleb128 0x2
 138 00d7 04       		.byte	0x4
 139 00d8 04       		.byte	0x4
 140 00d9 7A020000 		.4byte	.LASF19
 141 00dd 04       		.uleb128 0x4
 142 00de 62010000 		.4byte	.LASF20
 143 00e2 03       		.byte	0x3
 144 00e3 39       		.byte	0x39
 145 00e4 C0000000 		.4byte	0xc0
 146 00e8 04       		.uleb128 0x4
 147 00e9 53010000 		.4byte	.LASF21
 148 00ed 03       		.byte	0x3
 149 00ee 3C       		.byte	0x3c
 150 00ef AA000000 		.4byte	0xaa
 151 00f3 04       		.uleb128 0x4
 152 00f4 12050000 		.4byte	.LASF22
 153 00f8 03       		.byte	0x3
 154 00f9 3D       		.byte	0x3d
 155 00fa AA000000 		.4byte	0xaa
 156 00fe 04       		.uleb128 0x4
 157 00ff 09000000 		.4byte	.LASF23
 158 0103 03       		.byte	0x3
 159 0104 3E       		.byte	0x3e
 160 0105 AA000000 		.4byte	0xaa
 161 0109 04       		.uleb128 0x4
 162 010a B7010000 		.4byte	.LASF24
 163 010e 03       		.byte	0x3
 164 010f 3F       		.byte	0x3f
 165 0110 AA000000 		.4byte	0xaa
 166 0114 04       		.uleb128 0x4
 167 0115 9D020000 		.4byte	.LASF25
 168 0119 03       		.byte	0x3
 169 011a 40       		.byte	0x40
 170 011b C0000000 		.4byte	0xc0
 171 011f 04       		.uleb128 0x4
ARM GAS  /tmp/ccfO7D36.s 			page 4


 172 0120 87030000 		.4byte	.LASF26
 173 0124 03       		.byte	0x3
 174 0125 41       		.byte	0x41
 175 0126 B5000000 		.4byte	0xb5
 176 012a 04       		.uleb128 0x4
 177 012b 3C010000 		.4byte	.LASF27
 178 012f 03       		.byte	0x3
 179 0130 43       		.byte	0x43
 180 0131 C0000000 		.4byte	0xc0
 181 0135 04       		.uleb128 0x4
 182 0136 50040000 		.4byte	.LASF28
 183 013a 03       		.byte	0x3
 184 013b 45       		.byte	0x45
 185 013c B5000000 		.4byte	0xb5
 186 0140 04       		.uleb128 0x4
 187 0141 19040000 		.4byte	.LASF29
 188 0145 04       		.byte	0x4
 189 0146 33       		.byte	0x33
 190 0147 C0000000 		.4byte	0xc0
 191 014b 04       		.uleb128 0x4
 192 014c 00000000 		.4byte	.LASF30
 193 0150 04       		.byte	0x4
 194 0151 3F       		.byte	0x3f
 195 0152 56010000 		.4byte	0x156
 196 0156 08       		.uleb128 0x8
 197 0157 64020000 		.4byte	.LASF51
 198 015b 44       		.byte	0x44
 199 015c 05       		.byte	0x5
 200 015d C2       		.byte	0xc2
 201 015e 4F020000 		.4byte	0x24f
 202 0162 09       		.uleb128 0x9
 203 0163 5B010000 		.4byte	.LASF31
 204 0167 05       		.byte	0x5
 205 0168 C3       		.byte	0xc3
 206 0169 5A020000 		.4byte	0x25a
 207 016d 00       		.byte	0
 208 016e 09       		.uleb128 0x9
 209 016f 0C010000 		.4byte	.LASF32
 210 0173 05       		.byte	0x5
 211 0174 C5       		.byte	0xc5
 212 0175 5A020000 		.4byte	0x25a
 213 0179 04       		.byte	0x4
 214 017a 09       		.uleb128 0x9
 215 017b 26050000 		.4byte	.LASF33
 216 017f 05       		.byte	0x5
 217 0180 C7       		.byte	0xc7
 218 0181 14010000 		.4byte	0x114
 219 0185 08       		.byte	0x8
 220 0186 09       		.uleb128 0x9
 221 0187 75050000 		.4byte	.LASF34
 222 018b 05       		.byte	0x5
 223 018c C8       		.byte	0xc8
 224 018d 81040000 		.4byte	0x481
 225 0191 0C       		.byte	0xc
 226 0192 09       		.uleb128 0x9
 227 0193 80020000 		.4byte	.LASF35
 228 0197 05       		.byte	0x5
ARM GAS  /tmp/ccfO7D36.s 			page 5


 229 0198 CA       		.byte	0xca
 230 0199 5A020000 		.4byte	0x25a
 231 019d 10       		.byte	0x10
 232 019e 09       		.uleb128 0x9
 233 019f 35050000 		.4byte	.LASF36
 234 01a3 05       		.byte	0x5
 235 01a4 CB       		.byte	0xcb
 236 01a5 5A020000 		.4byte	0x25a
 237 01a9 14       		.byte	0x14
 238 01aa 09       		.uleb128 0x9
 239 01ab 90040000 		.4byte	.LASF37
 240 01af 05       		.byte	0x5
 241 01b0 D2       		.byte	0xd2
 242 01b1 9F000000 		.4byte	0x9f
 243 01b5 18       		.byte	0x18
 244 01b6 09       		.uleb128 0x9
 245 01b7 41040000 		.4byte	.LASF38
 246 01bb 05       		.byte	0x5
 247 01bc DD       		.byte	0xdd
 248 01bd F3000000 		.4byte	0xf3
 249 01c1 1C       		.byte	0x1c
 250 01c2 09       		.uleb128 0x9
 251 01c3 FD030000 		.4byte	.LASF39
 252 01c7 05       		.byte	0x5
 253 01c8 E1       		.byte	0xe1
 254 01c9 E8000000 		.4byte	0xe8
 255 01cd 1D       		.byte	0x1d
 256 01ce 09       		.uleb128 0x9
 257 01cf 60050000 		.4byte	.LASF40
 258 01d3 05       		.byte	0x5
 259 01d4 E6       		.byte	0xe6
 260 01d5 FE000000 		.4byte	0xfe
 261 01d9 1E       		.byte	0x1e
 262 01da 09       		.uleb128 0x9
 263 01db B8040000 		.4byte	.LASF41
 264 01df 05       		.byte	0x5
 265 01e0 EC       		.byte	0xec
 266 01e1 09010000 		.4byte	0x109
 267 01e5 1F       		.byte	0x1f
 268 01e6 0A       		.uleb128 0xa
 269 01e7 705F7500 		.ascii	"p_u\000"
 270 01eb 05       		.byte	0x5
 271 01ec 3101     		.2byte	0x131
 272 01ee 3B050000 		.4byte	0x53b
 273 01f2 20       		.byte	0x20
 274 01f3 0B       		.uleb128 0xb
 275 01f4 71040000 		.4byte	.LASF42
 276 01f8 05       		.byte	0x5
 277 01f9 3601     		.2byte	0x136
 278 01fb 60020000 		.4byte	0x260
 279 01ff 24       		.byte	0x24
 280 0200 0B       		.uleb128 0xb
 281 0201 48010000 		.4byte	.LASF43
 282 0205 05       		.byte	0x5
 283 0206 3C01     		.2byte	0x13c
 284 0208 84020000 		.4byte	0x284
 285 020c 28       		.byte	0x28
ARM GAS  /tmp/ccfO7D36.s 			page 6


 286 020d 0B       		.uleb128 0xb
 287 020e 1D030000 		.4byte	.LASF44
 288 0212 05       		.byte	0x5
 289 0213 4001     		.2byte	0x140
 290 0215 1F010000 		.4byte	0x11f
 291 0219 30       		.byte	0x30
 292 021a 0B       		.uleb128 0xb
 293 021b 01010000 		.4byte	.LASF45
 294 021f 05       		.byte	0x5
 295 0220 4601     		.2byte	0x146
 296 0222 2A010000 		.4byte	0x12a
 297 0226 34       		.byte	0x34
 298 0227 0B       		.uleb128 0xb
 299 0228 86040000 		.4byte	.LASF46
 300 022c 05       		.byte	0x5
 301 022d 4D01     		.2byte	0x14d
 302 022f FA050000 		.4byte	0x5fa
 303 0233 38       		.byte	0x38
 304 0234 0B       		.uleb128 0xb
 305 0235 0E040000 		.4byte	.LASF47
 306 0239 05       		.byte	0x5
 307 023a 5101     		.2byte	0x151
 308 023c 14010000 		.4byte	0x114
 309 0240 3C       		.byte	0x3c
 310 0241 0B       		.uleb128 0xb
 311 0242 ED030000 		.4byte	.LASF48
 312 0246 05       		.byte	0x5
 313 0247 5801     		.2byte	0x158
 314 0249 96000000 		.4byte	0x96
 315 024d 40       		.byte	0x40
 316 024e 00       		.byte	0
 317 024f 04       		.uleb128 0x4
 318 0250 F8040000 		.4byte	.LASF49
 319 0254 04       		.byte	0x4
 320 0255 44       		.byte	0x44
 321 0256 5A020000 		.4byte	0x25a
 322 025a 06       		.uleb128 0x6
 323 025b 04       		.byte	0x4
 324 025c 4B010000 		.4byte	0x14b
 325 0260 04       		.uleb128 0x4
 326 0261 BC050000 		.4byte	.LASF50
 327 0265 04       		.byte	0x4
 328 0266 49       		.byte	0x49
 329 0267 6B020000 		.4byte	0x26b
 330 026b 08       		.uleb128 0x8
 331 026c 03030000 		.4byte	.LASF52
 332 0270 04       		.byte	0x4
 333 0271 05       		.byte	0x5
 334 0272 B0       		.byte	0xb0
 335 0273 84020000 		.4byte	0x284
 336 0277 09       		.uleb128 0x9
 337 0278 5B010000 		.4byte	.LASF31
 338 027c 05       		.byte	0x5
 339 027d B1       		.byte	0xb1
 340 027e 5A020000 		.4byte	0x25a
 341 0282 00       		.byte	0
 342 0283 00       		.byte	0
ARM GAS  /tmp/ccfO7D36.s 			page 7


 343 0284 04       		.uleb128 0x4
 344 0285 21010000 		.4byte	.LASF53
 345 0289 04       		.byte	0x4
 346 028a 50       		.byte	0x50
 347 028b 8F020000 		.4byte	0x28f
 348 028f 08       		.uleb128 0x8
 349 0290 9B010000 		.4byte	.LASF54
 350 0294 08       		.byte	0x8
 351 0295 05       		.byte	0x5
 352 0296 B7       		.byte	0xb7
 353 0297 B4020000 		.4byte	0x2b4
 354 029b 09       		.uleb128 0x9
 355 029c 5B010000 		.4byte	.LASF31
 356 02a0 05       		.byte	0x5
 357 02a1 B8       		.byte	0xb8
 358 02a2 5A020000 		.4byte	0x25a
 359 02a6 00       		.byte	0
 360 02a7 09       		.uleb128 0x9
 361 02a8 0C010000 		.4byte	.LASF32
 362 02ac 05       		.byte	0x5
 363 02ad B9       		.byte	0xb9
 364 02ae 5A020000 		.4byte	0x25a
 365 02b2 04       		.byte	0x4
 366 02b3 00       		.byte	0
 367 02b4 04       		.uleb128 0x4
 368 02b5 3D050000 		.4byte	.LASF55
 369 02b9 04       		.byte	0x4
 370 02ba 57       		.byte	0x57
 371 02bb BF020000 		.4byte	0x2bf
 372 02bf 0C       		.uleb128 0xc
 373 02c0 67050000 		.4byte	.LASF56
 374 02c4 1C       		.byte	0x1c
 375 02c5 05       		.byte	0x5
 376 02c6 9001     		.2byte	0x190
 377 02c8 1B030000 		.4byte	0x31b
 378 02cc 0B       		.uleb128 0xb
 379 02cd F9000000 		.4byte	.LASF57
 380 02d1 05       		.byte	0x5
 381 02d2 9101     		.2byte	0x191
 382 02d4 84020000 		.4byte	0x284
 383 02d8 00       		.byte	0
 384 02d9 0B       		.uleb128 0xb
 385 02da 49040000 		.4byte	.LASF58
 386 02de 05       		.byte	0x5
 387 02df 9201     		.2byte	0x192
 388 02e1 14010000 		.4byte	0x114
 389 02e5 08       		.byte	0x8
 390 02e6 0B       		.uleb128 0xb
 391 02e7 13010000 		.4byte	.LASF59
 392 02eb 05       		.byte	0x5
 393 02ec 9401     		.2byte	0x194
 394 02ee 81040000 		.4byte	0x481
 395 02f2 0C       		.byte	0xc
 396 02f3 0B       		.uleb128 0xb
 397 02f4 F5030000 		.4byte	.LASF60
 398 02f8 05       		.byte	0x5
 399 02f9 9701     		.2byte	0x197
ARM GAS  /tmp/ccfO7D36.s 			page 8


 400 02fb 5A020000 		.4byte	0x25a
 401 02ff 10       		.byte	0x10
 402 0300 0B       		.uleb128 0xb
 403 0301 AD050000 		.4byte	.LASF61
 404 0305 05       		.byte	0x5
 405 0306 9801     		.2byte	0x198
 406 0308 5A020000 		.4byte	0x25a
 407 030c 14       		.byte	0x14
 408 030d 0B       		.uleb128 0xb
 409 030e 13030000 		.4byte	.LASF62
 410 0312 05       		.byte	0x5
 411 0313 9B01     		.2byte	0x19b
 412 0315 5A020000 		.4byte	0x25a
 413 0319 18       		.byte	0x18
 414 031a 00       		.byte	0
 415 031b 04       		.uleb128 0x4
 416 031c 23030000 		.4byte	.LASF63
 417 0320 04       		.byte	0x4
 418 0321 5C       		.byte	0x5c
 419 0322 26030000 		.4byte	0x326
 420 0326 06       		.uleb128 0x6
 421 0327 04       		.byte	0x4
 422 0328 2C030000 		.4byte	0x32c
 423 032c 0D       		.uleb128 0xd
 424 032d 37030000 		.4byte	0x337
 425 0331 0E       		.uleb128 0xe
 426 0332 96000000 		.4byte	0x96
 427 0336 00       		.byte	0
 428 0337 04       		.uleb128 0x4
 429 0338 CA020000 		.4byte	.LASF64
 430 033c 04       		.byte	0x4
 431 033d 61       		.byte	0x61
 432 033e 42030000 		.4byte	0x342
 433 0342 0C       		.uleb128 0xc
 434 0343 30040000 		.4byte	.LASF65
 435 0347 14       		.byte	0x14
 436 0348 05       		.byte	0x5
 437 0349 6B01     		.2byte	0x16b
 438 034b 91030000 		.4byte	0x391
 439 034f 0B       		.uleb128 0xb
 440 0350 2D050000 		.4byte	.LASF66
 441 0354 05       		.byte	0x5
 442 0355 6C01     		.2byte	0x16c
 443 0357 00060000 		.4byte	0x600
 444 035b 00       		.byte	0
 445 035c 0B       		.uleb128 0xb
 446 035d DF040000 		.4byte	.LASF67
 447 0361 05       		.byte	0x5
 448 0362 6D01     		.2byte	0x16d
 449 0364 00060000 		.4byte	0x600
 450 0368 04       		.byte	0x4
 451 0369 0B       		.uleb128 0xb
 452 036a 05040000 		.4byte	.LASF68
 453 036e 05       		.byte	0x5
 454 036f 6E01     		.2byte	0x16e
 455 0371 40010000 		.4byte	0x140
 456 0375 08       		.byte	0x8
ARM GAS  /tmp/ccfO7D36.s 			page 9


 457 0376 0B       		.uleb128 0xb
 458 0377 82010000 		.4byte	.LASF69
 459 037b 05       		.byte	0x5
 460 037c 6F01     		.2byte	0x16f
 461 037e 1B030000 		.4byte	0x31b
 462 0382 0C       		.byte	0xc
 463 0383 0B       		.uleb128 0xb
 464 0384 F1040000 		.4byte	.LASF70
 465 0388 05       		.byte	0x5
 466 0389 7101     		.2byte	0x171
 467 038b 96000000 		.4byte	0x96
 468 038f 10       		.byte	0x10
 469 0390 00       		.byte	0
 470 0391 04       		.uleb128 0x4
 471 0392 4A050000 		.4byte	.LASF71
 472 0396 04       		.byte	0x4
 473 0397 66       		.byte	0x66
 474 0398 9C030000 		.4byte	0x39c
 475 039c 0C       		.uleb128 0xc
 476 039d 88050000 		.4byte	.LASF72
 477 03a1 10       		.byte	0x10
 478 03a2 05       		.byte	0x5
 479 03a3 7B01     		.2byte	0x17b
 480 03a5 DE030000 		.4byte	0x3de
 481 03a9 0B       		.uleb128 0xb
 482 03aa 2D050000 		.4byte	.LASF66
 483 03ae 05       		.byte	0x5
 484 03af 7C01     		.2byte	0x17c
 485 03b1 00060000 		.4byte	0x600
 486 03b5 00       		.byte	0
 487 03b6 0B       		.uleb128 0xb
 488 03b7 DF040000 		.4byte	.LASF67
 489 03bb 05       		.byte	0x5
 490 03bc 7E01     		.2byte	0x17e
 491 03be 00060000 		.4byte	0x600
 492 03c2 04       		.byte	0x4
 493 03c3 0B       		.uleb128 0xb
 494 03c4 05040000 		.4byte	.LASF68
 495 03c8 05       		.byte	0x5
 496 03c9 8001     		.2byte	0x180
 497 03cb 40010000 		.4byte	0x140
 498 03cf 08       		.byte	0x8
 499 03d0 0B       		.uleb128 0xb
 500 03d1 AC010000 		.4byte	.LASF73
 501 03d5 05       		.byte	0x5
 502 03d6 8201     		.2byte	0x182
 503 03d8 06060000 		.4byte	0x606
 504 03dc 0C       		.byte	0xc
 505 03dd 00       		.byte	0
 506 03de 04       		.uleb128 0x4
 507 03df DA020000 		.4byte	.LASF74
 508 03e3 04       		.byte	0x4
 509 03e4 6B       		.byte	0x6b
 510 03e5 E9030000 		.4byte	0x3e9
 511 03e9 0C       		.uleb128 0xc
 512 03ea 11000000 		.4byte	.LASF75
 513 03ee 04       		.byte	0x4
ARM GAS  /tmp/ccfO7D36.s 			page 10


 514 03ef 05       		.byte	0x5
 515 03f0 A201     		.2byte	0x1a2
 516 03f2 04040000 		.4byte	0x404
 517 03f6 0B       		.uleb128 0xb
 518 03f7 C2040000 		.4byte	.LASF76
 519 03fb 05       		.byte	0x5
 520 03fc AA01     		.2byte	0x1aa
 521 03fe 0B060000 		.4byte	0x60b
 522 0402 00       		.byte	0
 523 0403 00       		.byte	0
 524 0404 04       		.uleb128 0x4
 525 0405 6E020000 		.4byte	.LASF77
 526 0409 04       		.byte	0x4
 527 040a 70       		.byte	0x70
 528 040b 0F040000 		.4byte	0x40f
 529 040f 0F       		.uleb128 0xf
 530 0410 B7020000 		.4byte	.LASF78
 531 0414 5001     		.2byte	0x150
 532 0416 05       		.byte	0x5
 533 0417 C201     		.2byte	0x1c2
 534 0419 6B040000 		.4byte	0x46b
 535 041d 0B       		.uleb128 0xb
 536 041e AE030000 		.4byte	.LASF79
 537 0422 05       		.byte	0x5
 538 0423 C601     		.2byte	0x1c6
 539 0425 B4020000 		.4byte	0x2b4
 540 0429 00       		.byte	0
 541 042a 0B       		.uleb128 0xb
 542 042b A6050000 		.4byte	.LASF80
 543 042f 05       		.byte	0x5
 544 0430 CA01     		.2byte	0x1ca
 545 0432 91030000 		.4byte	0x391
 546 0436 1C       		.byte	0x1c
 547 0437 0A       		.uleb128 0xa
 548 0438 64626700 		.ascii	"dbg\000"
 549 043c 05       		.byte	0x5
 550 043d CE01     		.2byte	0x1ce
 551 043f DE030000 		.4byte	0x3de
 552 0443 2C       		.byte	0x2c
 553 0444 0B       		.uleb128 0xb
 554 0445 31000000 		.4byte	.LASF81
 555 0449 05       		.byte	0x5
 556 044a D201     		.2byte	0x1d2
 557 044c 4B010000 		.4byte	0x14b
 558 0450 30       		.byte	0x30
 559 0451 0A       		.uleb128 0xa
 560 0452 746D00   		.ascii	"tm\000"
 561 0455 05       		.byte	0x5
 562 0456 D701     		.2byte	0x1d7
 563 0458 30050000 		.4byte	0x530
 564 045c 74       		.byte	0x74
 565 045d 0B       		.uleb128 0xb
 566 045e 97040000 		.4byte	.LASF82
 567 0462 05       		.byte	0x5
 568 0463 E301     		.2byte	0x1e3
 569 0465 10060000 		.4byte	0x610
 570 0469 78       		.byte	0x78
ARM GAS  /tmp/ccfO7D36.s 			page 11


 571 046a 00       		.byte	0
 572 046b 04       		.uleb128 0x4
 573 046c 8A010000 		.4byte	.LASF83
 574 0470 06       		.byte	0x6
 575 0471 65       		.byte	0x65
 576 0472 96000000 		.4byte	0x96
 577 0476 04       		.uleb128 0x4
 578 0477 1B050000 		.4byte	.LASF84
 579 047b 06       		.byte	0x6
 580 047c 6D       		.byte	0x6d
 581 047d CB000000 		.4byte	0xcb
 582 0481 08       		.uleb128 0x8
 583 0482 FB020000 		.4byte	.LASF85
 584 0486 04       		.byte	0x4
 585 0487 06       		.byte	0x6
 586 0488 89       		.byte	0x89
 587 0489 9A040000 		.4byte	0x49a
 588 048d 10       		.uleb128 0x10
 589 048e 72313300 		.ascii	"r13\000"
 590 0492 06       		.byte	0x6
 591 0493 8A       		.byte	0x8a
 592 0494 15050000 		.4byte	0x515
 593 0498 00       		.byte	0
 594 0499 00       		.byte	0
 595 049a 08       		.uleb128 0x8
 596 049b E1030000 		.4byte	.LASF86
 597 049f 24       		.byte	0x24
 598 04a0 07       		.byte	0x7
 599 04a1 FD       		.byte	0xfd
 600 04a2 15050000 		.4byte	0x515
 601 04a6 0A       		.uleb128 0xa
 602 04a7 723400   		.ascii	"r4\000"
 603 04aa 07       		.byte	0x7
 604 04ab 1001     		.2byte	0x110
 605 04ad 6B040000 		.4byte	0x46b
 606 04b1 00       		.byte	0
 607 04b2 0A       		.uleb128 0xa
 608 04b3 723500   		.ascii	"r5\000"
 609 04b6 07       		.byte	0x7
 610 04b7 1101     		.2byte	0x111
 611 04b9 6B040000 		.4byte	0x46b
 612 04bd 04       		.byte	0x4
 613 04be 0A       		.uleb128 0xa
 614 04bf 723600   		.ascii	"r6\000"
 615 04c2 07       		.byte	0x7
 616 04c3 1201     		.2byte	0x112
 617 04c5 6B040000 		.4byte	0x46b
 618 04c9 08       		.byte	0x8
 619 04ca 0A       		.uleb128 0xa
 620 04cb 723700   		.ascii	"r7\000"
 621 04ce 07       		.byte	0x7
 622 04cf 1301     		.2byte	0x113
 623 04d1 6B040000 		.4byte	0x46b
 624 04d5 0C       		.byte	0xc
 625 04d6 0A       		.uleb128 0xa
 626 04d7 723800   		.ascii	"r8\000"
 627 04da 07       		.byte	0x7
ARM GAS  /tmp/ccfO7D36.s 			page 12


 628 04db 1401     		.2byte	0x114
 629 04dd 6B040000 		.4byte	0x46b
 630 04e1 10       		.byte	0x10
 631 04e2 0A       		.uleb128 0xa
 632 04e3 723900   		.ascii	"r9\000"
 633 04e6 07       		.byte	0x7
 634 04e7 1501     		.2byte	0x115
 635 04e9 6B040000 		.4byte	0x46b
 636 04ed 14       		.byte	0x14
 637 04ee 0A       		.uleb128 0xa
 638 04ef 72313000 		.ascii	"r10\000"
 639 04f3 07       		.byte	0x7
 640 04f4 1601     		.2byte	0x116
 641 04f6 6B040000 		.4byte	0x46b
 642 04fa 18       		.byte	0x18
 643 04fb 0A       		.uleb128 0xa
 644 04fc 72313100 		.ascii	"r11\000"
 645 0500 07       		.byte	0x7
 646 0501 1701     		.2byte	0x117
 647 0503 6B040000 		.4byte	0x46b
 648 0507 1C       		.byte	0x1c
 649 0508 0A       		.uleb128 0xa
 650 0509 6C7200   		.ascii	"lr\000"
 651 050c 07       		.byte	0x7
 652 050d 1801     		.2byte	0x118
 653 050f 6B040000 		.4byte	0x46b
 654 0513 20       		.byte	0x20
 655 0514 00       		.byte	0
 656 0515 06       		.uleb128 0x6
 657 0516 04       		.byte	0x4
 658 0517 9A040000 		.4byte	0x49a
 659 051b 11       		.uleb128 0x11
 660 051c 04       		.byte	0x4
 661 051d 08       		.byte	0x8
 662 051e 38       		.byte	0x38
 663 051f 30050000 		.4byte	0x530
 664 0523 09       		.uleb128 0x9
 665 0524 21000000 		.4byte	.LASF87
 666 0528 08       		.byte	0x8
 667 0529 3C       		.byte	0x3c
 668 052a DD000000 		.4byte	0xdd
 669 052e 00       		.byte	0
 670 052f 00       		.byte	0
 671 0530 04       		.uleb128 0x4
 672 0531 6A010000 		.4byte	.LASF88
 673 0535 08       		.byte	0x8
 674 0536 3D       		.byte	0x3d
 675 0537 1B050000 		.4byte	0x51b
 676 053b 12       		.uleb128 0x12
 677 053c 04       		.byte	0x4
 678 053d 05       		.byte	0x5
 679 053e FA       		.byte	0xfa
 680 053f 98050000 		.4byte	0x598
 681 0543 13       		.uleb128 0x13
 682 0544 9F050000 		.4byte	.LASF89
 683 0548 05       		.byte	0x5
 684 0549 0101     		.2byte	0x101
ARM GAS  /tmp/ccfO7D36.s 			page 13


 685 054b 1F010000 		.4byte	0x11f
 686 054f 13       		.uleb128 0x13
 687 0550 AE020000 		.4byte	.LASF90
 688 0554 05       		.byte	0x5
 689 0555 0801     		.2byte	0x108
 690 0557 1F010000 		.4byte	0x11f
 691 055b 13       		.uleb128 0x13
 692 055c 0B050000 		.4byte	.LASF91
 693 0560 05       		.byte	0x5
 694 0561 0F01     		.2byte	0x10f
 695 0563 96000000 		.4byte	0x96
 696 0567 13       		.uleb128 0x13
 697 0568 CC040000 		.4byte	.LASF92
 698 056c 05       		.byte	0x5
 699 056d 1601     		.2byte	0x116
 700 056f 98050000 		.4byte	0x598
 701 0573 13       		.uleb128 0x13
 702 0574 96020000 		.4byte	.LASF93
 703 0578 05       		.byte	0x5
 704 0579 1E01     		.2byte	0x11e
 705 057b C3050000 		.4byte	0x5c3
 706 057f 13       		.uleb128 0x13
 707 0580 B5050000 		.4byte	.LASF94
 708 0584 05       		.byte	0x5
 709 0585 2701     		.2byte	0x127
 710 0587 FA050000 		.4byte	0x5fa
 711 058b 13       		.uleb128 0x13
 712 058c 9B030000 		.4byte	.LASF95
 713 0590 05       		.byte	0x5
 714 0591 2F01     		.2byte	0x12f
 715 0593 2A010000 		.4byte	0x12a
 716 0597 00       		.byte	0
 717 0598 06       		.uleb128 0x6
 718 0599 04       		.byte	0x4
 719 059a 4F020000 		.4byte	0x24f
 720 059e 08       		.uleb128 0x8
 721 059f D2040000 		.4byte	.LASF96
 722 05a3 0C       		.byte	0xc
 723 05a4 09       		.byte	0x9
 724 05a5 34       		.byte	0x34
 725 05a6 C3050000 		.4byte	0x5c3
 726 05aa 09       		.uleb128 0x9
 727 05ab 69040000 		.4byte	.LASF97
 728 05af 09       		.byte	0x9
 729 05b0 35       		.byte	0x35
 730 05b1 84020000 		.4byte	0x284
 731 05b5 00       		.byte	0
 732 05b6 09       		.uleb128 0x9
 733 05b7 81030000 		.4byte	.LASF98
 734 05bb 09       		.byte	0x9
 735 05bc 37       		.byte	0x37
 736 05bd 35010000 		.4byte	0x135
 737 05c1 08       		.byte	0x8
 738 05c2 00       		.byte	0
 739 05c3 06       		.uleb128 0x6
 740 05c4 04       		.byte	0x4
 741 05c5 9E050000 		.4byte	0x59e
ARM GAS  /tmp/ccfO7D36.s 			page 14


 742 05c9 08       		.uleb128 0x8
 743 05ca C1010000 		.4byte	.LASF99
 744 05ce 10       		.byte	0x10
 745 05cf 0A       		.byte	0xa
 746 05d0 39       		.byte	0x39
 747 05d1 FA050000 		.4byte	0x5fa
 748 05d5 09       		.uleb128 0x9
 749 05d6 E9020000 		.4byte	.LASF100
 750 05da 0A       		.byte	0xa
 751 05db 3A       		.byte	0x3a
 752 05dc 84020000 		.4byte	0x284
 753 05e0 00       		.byte	0
 754 05e1 09       		.uleb128 0x9
 755 05e2 19010000 		.4byte	.LASF101
 756 05e6 0A       		.byte	0xa
 757 05e7 3C       		.byte	0x3c
 758 05e8 5A020000 		.4byte	0x25a
 759 05ec 08       		.byte	0x8
 760 05ed 09       		.uleb128 0x9
 761 05ee 7B010000 		.4byte	.LASF102
 762 05f2 0A       		.byte	0xa
 763 05f3 3E       		.byte	0x3e
 764 05f4 2B060000 		.4byte	0x62b
 765 05f8 0C       		.byte	0xc
 766 05f9 00       		.byte	0
 767 05fa 06       		.uleb128 0x6
 768 05fb 04       		.byte	0x4
 769 05fc C9050000 		.4byte	0x5c9
 770 0600 06       		.uleb128 0x6
 771 0601 04       		.byte	0x4
 772 0602 37030000 		.4byte	0x337
 773 0606 14       		.uleb128 0x14
 774 0607 40010000 		.4byte	0x140
 775 060b 14       		.uleb128 0x14
 776 060c 9F000000 		.4byte	0x9f
 777 0610 15       		.uleb128 0x15
 778 0611 76040000 		.4byte	0x476
 779 0615 20060000 		.4byte	0x620
 780 0619 16       		.uleb128 0x16
 781 061a 8F000000 		.4byte	0x8f
 782 061e 1A       		.byte	0x1a
 783 061f 00       		.byte	0
 784 0620 04       		.uleb128 0x4
 785 0621 28040000 		.4byte	.LASF103
 786 0625 0A       		.byte	0xa
 787 0626 34       		.byte	0x34
 788 0627 C9050000 		.4byte	0x5c9
 789 062b 06       		.uleb128 0x6
 790 062c 04       		.byte	0x4
 791 062d 20060000 		.4byte	0x620
 792 0631 17       		.uleb128 0x17
 793 0632 7B050000 		.4byte	.LASF104
 794 0636 0B       		.byte	0xb
 795 0637 FA06     		.2byte	0x6fa
 796 0639 3D060000 		.4byte	0x63d
 797 063d 14       		.uleb128 0x14
 798 063e B5000000 		.4byte	0xb5
ARM GAS  /tmp/ccfO7D36.s 			page 15


 799 0642 18       		.uleb128 0x18
 800 0643 636800   		.ascii	"ch\000"
 801 0646 05       		.byte	0x5
 802 0647 0902     		.2byte	0x209
 803 0649 04040000 		.4byte	0x404
 804 064d 00       		.byte	0
 805              		.section	.debug_abbrev,"",%progbits
 806              	.Ldebug_abbrev0:
 807 0000 01       		.uleb128 0x1
 808 0001 11       		.uleb128 0x11
 809 0002 01       		.byte	0x1
 810 0003 25       		.uleb128 0x25
 811 0004 0E       		.uleb128 0xe
 812 0005 13       		.uleb128 0x13
 813 0006 0B       		.uleb128 0xb
 814 0007 03       		.uleb128 0x3
 815 0008 0E       		.uleb128 0xe
 816 0009 1B       		.uleb128 0x1b
 817 000a 0E       		.uleb128 0xe
 818 000b 10       		.uleb128 0x10
 819 000c 17       		.uleb128 0x17
 820 000d 00       		.byte	0
 821 000e 00       		.byte	0
 822 000f 02       		.uleb128 0x2
 823 0010 24       		.uleb128 0x24
 824 0011 00       		.byte	0
 825 0012 0B       		.uleb128 0xb
 826 0013 0B       		.uleb128 0xb
 827 0014 3E       		.uleb128 0x3e
 828 0015 0B       		.uleb128 0xb
 829 0016 03       		.uleb128 0x3
 830 0017 0E       		.uleb128 0xe
 831 0018 00       		.byte	0
 832 0019 00       		.byte	0
 833 001a 03       		.uleb128 0x3
 834 001b 24       		.uleb128 0x24
 835 001c 00       		.byte	0
 836 001d 0B       		.uleb128 0xb
 837 001e 0B       		.uleb128 0xb
 838 001f 3E       		.uleb128 0x3e
 839 0020 0B       		.uleb128 0xb
 840 0021 03       		.uleb128 0x3
 841 0022 08       		.uleb128 0x8
 842 0023 00       		.byte	0
 843 0024 00       		.byte	0
 844 0025 04       		.uleb128 0x4
 845 0026 16       		.uleb128 0x16
 846 0027 00       		.byte	0
 847 0028 03       		.uleb128 0x3
 848 0029 0E       		.uleb128 0xe
 849 002a 3A       		.uleb128 0x3a
 850 002b 0B       		.uleb128 0xb
 851 002c 3B       		.uleb128 0x3b
 852 002d 0B       		.uleb128 0xb
 853 002e 49       		.uleb128 0x49
 854 002f 13       		.uleb128 0x13
 855 0030 00       		.byte	0
ARM GAS  /tmp/ccfO7D36.s 			page 16


 856 0031 00       		.byte	0
 857 0032 05       		.uleb128 0x5
 858 0033 0F       		.uleb128 0xf
 859 0034 00       		.byte	0
 860 0035 0B       		.uleb128 0xb
 861 0036 0B       		.uleb128 0xb
 862 0037 00       		.byte	0
 863 0038 00       		.byte	0
 864 0039 06       		.uleb128 0x6
 865 003a 0F       		.uleb128 0xf
 866 003b 00       		.byte	0
 867 003c 0B       		.uleb128 0xb
 868 003d 0B       		.uleb128 0xb
 869 003e 49       		.uleb128 0x49
 870 003f 13       		.uleb128 0x13
 871 0040 00       		.byte	0
 872 0041 00       		.byte	0
 873 0042 07       		.uleb128 0x7
 874 0043 26       		.uleb128 0x26
 875 0044 00       		.byte	0
 876 0045 49       		.uleb128 0x49
 877 0046 13       		.uleb128 0x13
 878 0047 00       		.byte	0
 879 0048 00       		.byte	0
 880 0049 08       		.uleb128 0x8
 881 004a 13       		.uleb128 0x13
 882 004b 01       		.byte	0x1
 883 004c 03       		.uleb128 0x3
 884 004d 0E       		.uleb128 0xe
 885 004e 0B       		.uleb128 0xb
 886 004f 0B       		.uleb128 0xb
 887 0050 3A       		.uleb128 0x3a
 888 0051 0B       		.uleb128 0xb
 889 0052 3B       		.uleb128 0x3b
 890 0053 0B       		.uleb128 0xb
 891 0054 01       		.uleb128 0x1
 892 0055 13       		.uleb128 0x13
 893 0056 00       		.byte	0
 894 0057 00       		.byte	0
 895 0058 09       		.uleb128 0x9
 896 0059 0D       		.uleb128 0xd
 897 005a 00       		.byte	0
 898 005b 03       		.uleb128 0x3
 899 005c 0E       		.uleb128 0xe
 900 005d 3A       		.uleb128 0x3a
 901 005e 0B       		.uleb128 0xb
 902 005f 3B       		.uleb128 0x3b
 903 0060 0B       		.uleb128 0xb
 904 0061 49       		.uleb128 0x49
 905 0062 13       		.uleb128 0x13
 906 0063 38       		.uleb128 0x38
 907 0064 0B       		.uleb128 0xb
 908 0065 00       		.byte	0
 909 0066 00       		.byte	0
 910 0067 0A       		.uleb128 0xa
 911 0068 0D       		.uleb128 0xd
 912 0069 00       		.byte	0
ARM GAS  /tmp/ccfO7D36.s 			page 17


 913 006a 03       		.uleb128 0x3
 914 006b 08       		.uleb128 0x8
 915 006c 3A       		.uleb128 0x3a
 916 006d 0B       		.uleb128 0xb
 917 006e 3B       		.uleb128 0x3b
 918 006f 05       		.uleb128 0x5
 919 0070 49       		.uleb128 0x49
 920 0071 13       		.uleb128 0x13
 921 0072 38       		.uleb128 0x38
 922 0073 0B       		.uleb128 0xb
 923 0074 00       		.byte	0
 924 0075 00       		.byte	0
 925 0076 0B       		.uleb128 0xb
 926 0077 0D       		.uleb128 0xd
 927 0078 00       		.byte	0
 928 0079 03       		.uleb128 0x3
 929 007a 0E       		.uleb128 0xe
 930 007b 3A       		.uleb128 0x3a
 931 007c 0B       		.uleb128 0xb
 932 007d 3B       		.uleb128 0x3b
 933 007e 05       		.uleb128 0x5
 934 007f 49       		.uleb128 0x49
 935 0080 13       		.uleb128 0x13
 936 0081 38       		.uleb128 0x38
 937 0082 0B       		.uleb128 0xb
 938 0083 00       		.byte	0
 939 0084 00       		.byte	0
 940 0085 0C       		.uleb128 0xc
 941 0086 13       		.uleb128 0x13
 942 0087 01       		.byte	0x1
 943 0088 03       		.uleb128 0x3
 944 0089 0E       		.uleb128 0xe
 945 008a 0B       		.uleb128 0xb
 946 008b 0B       		.uleb128 0xb
 947 008c 3A       		.uleb128 0x3a
 948 008d 0B       		.uleb128 0xb
 949 008e 3B       		.uleb128 0x3b
 950 008f 05       		.uleb128 0x5
 951 0090 01       		.uleb128 0x1
 952 0091 13       		.uleb128 0x13
 953 0092 00       		.byte	0
 954 0093 00       		.byte	0
 955 0094 0D       		.uleb128 0xd
 956 0095 15       		.uleb128 0x15
 957 0096 01       		.byte	0x1
 958 0097 27       		.uleb128 0x27
 959 0098 19       		.uleb128 0x19
 960 0099 01       		.uleb128 0x1
 961 009a 13       		.uleb128 0x13
 962 009b 00       		.byte	0
 963 009c 00       		.byte	0
 964 009d 0E       		.uleb128 0xe
 965 009e 05       		.uleb128 0x5
 966 009f 00       		.byte	0
 967 00a0 49       		.uleb128 0x49
 968 00a1 13       		.uleb128 0x13
 969 00a2 00       		.byte	0
ARM GAS  /tmp/ccfO7D36.s 			page 18


 970 00a3 00       		.byte	0
 971 00a4 0F       		.uleb128 0xf
 972 00a5 13       		.uleb128 0x13
 973 00a6 01       		.byte	0x1
 974 00a7 03       		.uleb128 0x3
 975 00a8 0E       		.uleb128 0xe
 976 00a9 0B       		.uleb128 0xb
 977 00aa 05       		.uleb128 0x5
 978 00ab 3A       		.uleb128 0x3a
 979 00ac 0B       		.uleb128 0xb
 980 00ad 3B       		.uleb128 0x3b
 981 00ae 05       		.uleb128 0x5
 982 00af 01       		.uleb128 0x1
 983 00b0 13       		.uleb128 0x13
 984 00b1 00       		.byte	0
 985 00b2 00       		.byte	0
 986 00b3 10       		.uleb128 0x10
 987 00b4 0D       		.uleb128 0xd
 988 00b5 00       		.byte	0
 989 00b6 03       		.uleb128 0x3
 990 00b7 08       		.uleb128 0x8
 991 00b8 3A       		.uleb128 0x3a
 992 00b9 0B       		.uleb128 0xb
 993 00ba 3B       		.uleb128 0x3b
 994 00bb 0B       		.uleb128 0xb
 995 00bc 49       		.uleb128 0x49
 996 00bd 13       		.uleb128 0x13
 997 00be 38       		.uleb128 0x38
 998 00bf 0B       		.uleb128 0xb
 999 00c0 00       		.byte	0
 1000 00c1 00       		.byte	0
 1001 00c2 11       		.uleb128 0x11
 1002 00c3 13       		.uleb128 0x13
 1003 00c4 01       		.byte	0x1
 1004 00c5 0B       		.uleb128 0xb
 1005 00c6 0B       		.uleb128 0xb
 1006 00c7 3A       		.uleb128 0x3a
 1007 00c8 0B       		.uleb128 0xb
 1008 00c9 3B       		.uleb128 0x3b
 1009 00ca 0B       		.uleb128 0xb
 1010 00cb 01       		.uleb128 0x1
 1011 00cc 13       		.uleb128 0x13
 1012 00cd 00       		.byte	0
 1013 00ce 00       		.byte	0
 1014 00cf 12       		.uleb128 0x12
 1015 00d0 17       		.uleb128 0x17
 1016 00d1 01       		.byte	0x1
 1017 00d2 0B       		.uleb128 0xb
 1018 00d3 0B       		.uleb128 0xb
 1019 00d4 3A       		.uleb128 0x3a
 1020 00d5 0B       		.uleb128 0xb
 1021 00d6 3B       		.uleb128 0x3b
 1022 00d7 0B       		.uleb128 0xb
 1023 00d8 01       		.uleb128 0x1
 1024 00d9 13       		.uleb128 0x13
 1025 00da 00       		.byte	0
 1026 00db 00       		.byte	0
ARM GAS  /tmp/ccfO7D36.s 			page 19


 1027 00dc 13       		.uleb128 0x13
 1028 00dd 0D       		.uleb128 0xd
 1029 00de 00       		.byte	0
 1030 00df 03       		.uleb128 0x3
 1031 00e0 0E       		.uleb128 0xe
 1032 00e1 3A       		.uleb128 0x3a
 1033 00e2 0B       		.uleb128 0xb
 1034 00e3 3B       		.uleb128 0x3b
 1035 00e4 05       		.uleb128 0x5
 1036 00e5 49       		.uleb128 0x49
 1037 00e6 13       		.uleb128 0x13
 1038 00e7 00       		.byte	0
 1039 00e8 00       		.byte	0
 1040 00e9 14       		.uleb128 0x14
 1041 00ea 35       		.uleb128 0x35
 1042 00eb 00       		.byte	0
 1043 00ec 49       		.uleb128 0x49
 1044 00ed 13       		.uleb128 0x13
 1045 00ee 00       		.byte	0
 1046 00ef 00       		.byte	0
 1047 00f0 15       		.uleb128 0x15
 1048 00f1 01       		.uleb128 0x1
 1049 00f2 01       		.byte	0x1
 1050 00f3 49       		.uleb128 0x49
 1051 00f4 13       		.uleb128 0x13
 1052 00f5 01       		.uleb128 0x1
 1053 00f6 13       		.uleb128 0x13
 1054 00f7 00       		.byte	0
 1055 00f8 00       		.byte	0
 1056 00f9 16       		.uleb128 0x16
 1057 00fa 21       		.uleb128 0x21
 1058 00fb 00       		.byte	0
 1059 00fc 49       		.uleb128 0x49
 1060 00fd 13       		.uleb128 0x13
 1061 00fe 2F       		.uleb128 0x2f
 1062 00ff 0B       		.uleb128 0xb
 1063 0100 00       		.byte	0
 1064 0101 00       		.byte	0
 1065 0102 17       		.uleb128 0x17
 1066 0103 34       		.uleb128 0x34
 1067 0104 00       		.byte	0
 1068 0105 03       		.uleb128 0x3
 1069 0106 0E       		.uleb128 0xe
 1070 0107 3A       		.uleb128 0x3a
 1071 0108 0B       		.uleb128 0xb
 1072 0109 3B       		.uleb128 0x3b
 1073 010a 05       		.uleb128 0x5
 1074 010b 49       		.uleb128 0x49
 1075 010c 13       		.uleb128 0x13
 1076 010d 3F       		.uleb128 0x3f
 1077 010e 19       		.uleb128 0x19
 1078 010f 3C       		.uleb128 0x3c
 1079 0110 19       		.uleb128 0x19
 1080 0111 00       		.byte	0
 1081 0112 00       		.byte	0
 1082 0113 18       		.uleb128 0x18
 1083 0114 34       		.uleb128 0x34
ARM GAS  /tmp/ccfO7D36.s 			page 20


 1084 0115 00       		.byte	0
 1085 0116 03       		.uleb128 0x3
 1086 0117 08       		.uleb128 0x8
 1087 0118 3A       		.uleb128 0x3a
 1088 0119 0B       		.uleb128 0xb
 1089 011a 3B       		.uleb128 0x3b
 1090 011b 05       		.uleb128 0x5
 1091 011c 49       		.uleb128 0x49
 1092 011d 13       		.uleb128 0x13
 1093 011e 3F       		.uleb128 0x3f
 1094 011f 19       		.uleb128 0x19
 1095 0120 3C       		.uleb128 0x3c
 1096 0121 19       		.uleb128 0x19
 1097 0122 00       		.byte	0
 1098 0123 00       		.byte	0
 1099 0124 00       		.byte	0
 1100              		.section	.debug_aranges,"",%progbits
 1101 0000 14000000 		.4byte	0x14
 1102 0004 0200     		.2byte	0x2
 1103 0006 00000000 		.4byte	.Ldebug_info0
 1104 000a 04       		.byte	0x4
 1105 000b 00       		.byte	0
 1106 000c 0000     		.2byte	0
 1107 000e 0000     		.2byte	0
 1108 0010 00000000 		.4byte	0
 1109 0014 00000000 		.4byte	0
 1110              		.section	.debug_line,"",%progbits
 1111              	.Ldebug_line0:
 1112 0000 47020000 		.section	.debug_str,"MS",%progbits,1
 1112      02004102 
 1112      00000201 
 1112      FB0E0D00 
 1112      01010101 
 1113              	.LASF30:
 1114 0000 74687265 		.ascii	"thread_t\000"
 1114      61645F74 
 1114      00
 1115              	.LASF23:
 1116 0009 74726566 		.ascii	"trefs_t\000"
 1116      735F7400 
 1117              	.LASF75:
 1118 0011 63685F73 		.ascii	"ch_system_debug\000"
 1118      79737465 
 1118      6D5F6465 
 1118      62756700 
 1119              	.LASF87:
 1120 0021 6F666673 		.ascii	"offset\000"
 1120      657400
 1121              	.LASF18:
 1122 0028 75696E74 		.ascii	"uint64_t\000"
 1122      36345F74 
 1122      00
 1123              	.LASF81:
 1124 0031 6D61696E 		.ascii	"mainthread\000"
 1124      74687265 
 1124      616400
 1125              	.LASF105:
ARM GAS  /tmp/ccfO7D36.s 			page 21


 1126 003c 474E5520 		.ascii	"GNU C 4.8.4 20140526 (release) [ARM/embedded-4_8-br"
 1126      4320342E 
 1126      382E3420 
 1126      32303134 
 1126      30353236 
 1127 006f 616E6368 		.ascii	"anch revision 211358] -mcpu=cortex-m4 -mno-thumb-in"
 1127      20726576 
 1127      6973696F 
 1127      6E203231 
 1127      31333538 
 1128 00a2 74657277 		.ascii	"terwork -mthumb -ggdb -O0 -std=c99 -fomit-frame-poi"
 1128      6F726B20 
 1128      2D6D7468 
 1128      756D6220 
 1128      2D676764 
 1129 00d5 6E746572 		.ascii	"nter -falign-functions=16\000"
 1129      202D6661 
 1129      6C69676E 
 1129      2D66756E 
 1129      6374696F 
 1130              	.LASF3:
 1131 00ef 73686F72 		.ascii	"short int\000"
 1131      7420696E 
 1131      7400
 1132              	.LASF57:
 1133 00f9 725F7175 		.ascii	"r_queue\000"
 1133      65756500 
 1134              	.LASF45:
 1135 0101 705F6570 		.ascii	"p_epending\000"
 1135      656E6469 
 1135      6E6700
 1136              	.LASF32:
 1137 010c 705F7072 		.ascii	"p_prev\000"
 1137      657600
 1138              	.LASF59:
 1139 0113 725F6374 		.ascii	"r_ctx\000"
 1139      7800
 1140              	.LASF101:
 1141 0119 6D5F6F77 		.ascii	"m_owner\000"
 1141      6E657200 
 1142              	.LASF53:
 1143 0121 74687265 		.ascii	"threads_queue_t\000"
 1143      6164735F 
 1143      71756575 
 1143      655F7400 
 1144              	.LASF8:
 1145 0131 5F5F7569 		.ascii	"__uint32_t\000"
 1145      6E743332 
 1145      5F7400
 1146              	.LASF27:
 1147 013c 6576656E 		.ascii	"eventmask_t\000"
 1147      746D6173 
 1147      6B5F7400 
 1148              	.LASF43:
 1149 0148 705F6D73 		.ascii	"p_msgqueue\000"
 1149      67717565 
 1149      756500
ARM GAS  /tmp/ccfO7D36.s 			page 22


 1150              	.LASF21:
 1151 0153 746D6F64 		.ascii	"tmode_t\000"
 1151      655F7400 
 1152              	.LASF31:
 1153 015b 705F6E65 		.ascii	"p_next\000"
 1153      787400
 1154              	.LASF20:
 1155 0162 7274636E 		.ascii	"rtcnt_t\000"
 1155      745F7400 
 1156              	.LASF88:
 1157 016a 746D5F63 		.ascii	"tm_calibration_t\000"
 1157      616C6962 
 1157      72617469 
 1157      6F6E5F74 
 1157      00
 1158              	.LASF102:
 1159 017b 6D5F6E65 		.ascii	"m_next\000"
 1159      787400
 1160              	.LASF69:
 1161 0182 76745F66 		.ascii	"vt_func\000"
 1161      756E6300 
 1162              	.LASF83:
 1163 018a 72656761 		.ascii	"regarm_t\000"
 1163      726D5F74 
 1163      00
 1164              	.LASF15:
 1165 0193 75696E74 		.ascii	"uint8_t\000"
 1165      385F7400 
 1166              	.LASF54:
 1167 019b 63685F74 		.ascii	"ch_threads_queue\000"
 1167      68726561 
 1167      64735F71 
 1167      75657565 
 1167      00
 1168              	.LASF73:
 1169 01ac 76745F73 		.ascii	"vt_systime\000"
 1169      79737469 
 1169      6D6500
 1170              	.LASF24:
 1171 01b7 74736C69 		.ascii	"tslices_t\000"
 1171      6365735F 
 1171      7400
 1172              	.LASF99:
 1173 01c1 63685F6D 		.ascii	"ch_mutex\000"
 1173      75746578 
 1173      00
 1174              	.LASF16:
 1175 01ca 696E7433 		.ascii	"int32_t\000"
 1175      325F7400 
 1176              	.LASF107:
 1177 01d2 2F752F65 		.ascii	"/u/elawton2/p442-submissions/sensortile/reference/b"
 1177      6C617774 
 1177      6F6E322F 
 1177      70343432 
 1177      2D737562 
 1178 0205 6C75656D 		.ascii	"luemicrosystem2/BlueMicrosystem2_V2.2.0/Projects/Mu"
 1178      6963726F 
ARM GAS  /tmp/ccfO7D36.s 			page 23


 1178      73797374 
 1178      656D322F 
 1178      426C7565 
 1179 0238 6C74692F 		.ascii	"lti/Applications/BlueMicrosystem2/bluechibi\000"
 1179      4170706C 
 1179      69636174 
 1179      696F6E73 
 1179      2F426C75 
 1180              	.LASF51:
 1181 0264 63685F74 		.ascii	"ch_thread\000"
 1181      68726561 
 1181      6400
 1182              	.LASF77:
 1183 026e 63685F73 		.ascii	"ch_system_t\000"
 1183      79737465 
 1183      6D5F7400 
 1184              	.LASF19:
 1185 027a 666C6F61 		.ascii	"float\000"
 1185      7400
 1186              	.LASF35:
 1187 0280 705F6E65 		.ascii	"p_newer\000"
 1187      77657200 
 1188              	.LASF10:
 1189 0288 6C6F6E67 		.ascii	"long long int\000"
 1189      206C6F6E 
 1189      6720696E 
 1189      7400
 1190              	.LASF93:
 1191 0296 77747365 		.ascii	"wtsemp\000"
 1191      6D7000
 1192              	.LASF25:
 1193 029d 74707269 		.ascii	"tprio_t\000"
 1193      6F5F7400 
 1194              	.LASF7:
 1195 02a5 6C6F6E67 		.ascii	"long int\000"
 1195      20696E74 
 1195      00
 1196              	.LASF90:
 1197 02ae 65786974 		.ascii	"exitcode\000"
 1197      636F6465 
 1197      00
 1198              	.LASF78:
 1199 02b7 63685F73 		.ascii	"ch_system\000"
 1199      79737465 
 1199      6D00
 1200              	.LASF13:
 1201 02c1 73697A65 		.ascii	"sizetype\000"
 1201      74797065 
 1201      00
 1202              	.LASF64:
 1203 02ca 76697274 		.ascii	"virtual_timer_t\000"
 1203      75616C5F 
 1203      74696D65 
 1203      725F7400 
 1204              	.LASF74:
 1205 02da 73797374 		.ascii	"system_debug_t\000"
 1205      656D5F64 
ARM GAS  /tmp/ccfO7D36.s 			page 24


 1205      65627567 
 1205      5F7400
 1206              	.LASF100:
 1207 02e9 6D5F7175 		.ascii	"m_queue\000"
 1207      65756500 
 1208              	.LASF5:
 1209 02f1 5F5F7569 		.ascii	"__uint8_t\000"
 1209      6E74385F 
 1209      7400
 1210              	.LASF85:
 1211 02fb 636F6E74 		.ascii	"context\000"
 1211      65787400 
 1212              	.LASF52:
 1213 0303 63685F74 		.ascii	"ch_threads_list\000"
 1213      68726561 
 1213      64735F6C 
 1213      69737400 
 1214              	.LASF62:
 1215 0313 725F6375 		.ascii	"r_current\000"
 1215      7272656E 
 1215      7400
 1216              	.LASF44:
 1217 031d 705F6D73 		.ascii	"p_msg\000"
 1217      6700
 1218              	.LASF63:
 1219 0323 76746675 		.ascii	"vtfunc_t\000"
 1219      6E635F74 
 1219      00
 1220              	.LASF106:
 1221 032c 2E2E2F2E 		.ascii	"../../../../../Projects/Multi/Applications/BlueMicr"
 1221      2E2F2E2E 
 1221      2F2E2E2F 
 1221      2E2E2F50 
 1221      726F6A65 
 1222 035f 6F737973 		.ascii	"osystem2/Src/usbd_cdc_interface.c\000"
 1222      74656D32 
 1222      2F537263 
 1222      2F757362 
 1222      645F6364 
 1223              	.LASF98:
 1224 0381 735F636E 		.ascii	"s_cnt\000"
 1224      7400
 1225              	.LASF26:
 1226 0387 6D73675F 		.ascii	"msg_t\000"
 1226      7400
 1227              	.LASF2:
 1228 038d 756E7369 		.ascii	"unsigned char\000"
 1228      676E6564 
 1228      20636861 
 1228      7200
 1229              	.LASF95:
 1230 039b 65776D61 		.ascii	"ewmask\000"
 1230      736B00
 1231              	.LASF1:
 1232 03a2 7369676E 		.ascii	"signed char\000"
 1232      65642063 
 1232      68617200 
ARM GAS  /tmp/ccfO7D36.s 			page 25


 1233              	.LASF79:
 1234 03ae 726C6973 		.ascii	"rlist\000"
 1234      7400
 1235              	.LASF12:
 1236 03b4 6C6F6E67 		.ascii	"long long unsigned int\000"
 1236      206C6F6E 
 1236      6720756E 
 1236      7369676E 
 1236      65642069 
 1237              	.LASF17:
 1238 03cb 75696E74 		.ascii	"uint32_t\000"
 1238      33325F74 
 1238      00
 1239              	.LASF0:
 1240 03d4 756E7369 		.ascii	"unsigned int\000"
 1240      676E6564 
 1240      20696E74 
 1240      00
 1241              	.LASF86:
 1242 03e1 706F7274 		.ascii	"port_intctx\000"
 1242      5F696E74 
 1242      63747800 
 1243              	.LASF48:
 1244 03ed 705F6D70 		.ascii	"p_mpool\000"
 1244      6F6F6C00 
 1245              	.LASF60:
 1246 03f5 725F6E65 		.ascii	"r_newer\000"
 1246      77657200 
 1247              	.LASF39:
 1248 03fd 705F666C 		.ascii	"p_flags\000"
 1248      61677300 
 1249              	.LASF68:
 1250 0405 76745F64 		.ascii	"vt_delta\000"
 1250      656C7461 
 1250      00
 1251              	.LASF47:
 1252 040e 705F7265 		.ascii	"p_realprio\000"
 1252      616C7072 
 1252      696F00
 1253              	.LASF29:
 1254 0419 73797374 		.ascii	"systime_t\000"
 1254      696D655F 
 1254      7400
 1255              	.LASF14:
 1256 0423 63686172 		.ascii	"char\000"
 1256      00
 1257              	.LASF103:
 1258 0428 6D757465 		.ascii	"mutex_t\000"
 1258      785F7400 
 1259              	.LASF65:
 1260 0430 63685F76 		.ascii	"ch_virtual_timer\000"
 1260      69727475 
 1260      616C5F74 
 1260      696D6572 
 1260      00
 1261              	.LASF38:
 1262 0441 705F7374 		.ascii	"p_state\000"
ARM GAS  /tmp/ccfO7D36.s 			page 26


 1262      61746500 
 1263              	.LASF58:
 1264 0449 725F7072 		.ascii	"r_prio\000"
 1264      696F00
 1265              	.LASF28:
 1266 0450 636E745F 		.ascii	"cnt_t\000"
 1266      7400
 1267              	.LASF4:
 1268 0456 73686F72 		.ascii	"short unsigned int\000"
 1268      7420756E 
 1268      7369676E 
 1268      65642069 
 1268      6E7400
 1269              	.LASF97:
 1270 0469 735F7175 		.ascii	"s_queue\000"
 1270      65756500 
 1271              	.LASF42:
 1272 0471 705F7761 		.ascii	"p_waiting\000"
 1272      6974696E 
 1272      6700
 1273              	.LASF11:
 1274 047b 5F5F7569 		.ascii	"__uint64_t\000"
 1274      6E743634 
 1274      5F7400
 1275              	.LASF46:
 1276 0486 705F6D74 		.ascii	"p_mtxlist\000"
 1276      786C6973 
 1276      7400
 1277              	.LASF37:
 1278 0490 705F6E61 		.ascii	"p_name\000"
 1278      6D6500
 1279              	.LASF82:
 1280 0497 69646C65 		.ascii	"idle_thread_wa\000"
 1280      5F746872 
 1280      6561645F 
 1280      776100
 1281              	.LASF9:
 1282 04a6 6C6F6E67 		.ascii	"long unsigned int\000"
 1282      20756E73 
 1282      69676E65 
 1282      6420696E 
 1282      7400
 1283              	.LASF41:
 1284 04b8 705F7072 		.ascii	"p_preempt\000"
 1284      65656D70 
 1284      7400
 1285              	.LASF76:
 1286 04c2 70616E69 		.ascii	"panic_msg\000"
 1286      635F6D73 
 1286      6700
 1287              	.LASF92:
 1288 04cc 77747472 		.ascii	"wttrp\000"
 1288      7000
 1289              	.LASF96:
 1290 04d2 63685F73 		.ascii	"ch_semaphore\000"
 1290      656D6170 
 1290      686F7265 
ARM GAS  /tmp/ccfO7D36.s 			page 27


 1290      00
 1291              	.LASF67:
 1292 04df 76745F70 		.ascii	"vt_prev\000"
 1292      72657600 
 1293              	.LASF6:
 1294 04e7 5F5F696E 		.ascii	"__int32_t\000"
 1294      7433325F 
 1294      7400
 1295              	.LASF70:
 1296 04f1 76745F70 		.ascii	"vt_par\000"
 1296      617200
 1297              	.LASF49:
 1298 04f8 74687265 		.ascii	"thread_reference_t\000"
 1298      61645F72 
 1298      65666572 
 1298      656E6365 
 1298      5F7400
 1299              	.LASF91:
 1300 050b 77746F62 		.ascii	"wtobjp\000"
 1300      6A7000
 1301              	.LASF22:
 1302 0512 74737461 		.ascii	"tstate_t\000"
 1302      74655F74 
 1302      00
 1303              	.LASF84:
 1304 051b 73746B61 		.ascii	"stkalign_t\000"
 1304      6C69676E 
 1304      5F7400
 1305              	.LASF33:
 1306 0526 705F7072 		.ascii	"p_prio\000"
 1306      696F00
 1307              	.LASF66:
 1308 052d 76745F6E 		.ascii	"vt_next\000"
 1308      65787400 
 1309              	.LASF36:
 1310 0535 705F6F6C 		.ascii	"p_older\000"
 1310      64657200 
 1311              	.LASF55:
 1312 053d 72656164 		.ascii	"ready_list_t\000"
 1312      795F6C69 
 1312      73745F74 
 1312      00
 1313              	.LASF71:
 1314 054a 76697274 		.ascii	"virtual_timers_list_t\000"
 1314      75616C5F 
 1314      74696D65 
 1314      72735F6C 
 1314      6973745F 
 1315              	.LASF40:
 1316 0560 705F7265 		.ascii	"p_refs\000"
 1316      667300
 1317              	.LASF56:
 1318 0567 63685F72 		.ascii	"ch_ready_list\000"
 1318      65616479 
 1318      5F6C6973 
 1318      7400
 1319              	.LASF34:
ARM GAS  /tmp/ccfO7D36.s 			page 28


 1320 0575 705F6374 		.ascii	"p_ctx\000"
 1320      7800
 1321              	.LASF104:
 1322 057b 49544D5F 		.ascii	"ITM_RxBuffer\000"
 1322      52784275 
 1322      66666572 
 1322      00
 1323              	.LASF72:
 1324 0588 63685F76 		.ascii	"ch_virtual_timers_list\000"
 1324      69727475 
 1324      616C5F74 
 1324      696D6572 
 1324      735F6C69 
 1325              	.LASF89:
 1326 059f 7264796D 		.ascii	"rdymsg\000"
 1326      736700
 1327              	.LASF80:
 1328 05a6 76746C69 		.ascii	"vtlist\000"
 1328      737400
 1329              	.LASF61:
 1330 05ad 725F6F6C 		.ascii	"r_older\000"
 1330      64657200 
 1331              	.LASF94:
 1332 05b5 77746D74 		.ascii	"wtmtxp\000"
 1332      787000
 1333              	.LASF50:
 1334 05bc 74687265 		.ascii	"threads_list_t\000"
 1334      6164735F 
 1334      6C697374 
 1334      5F7400
 1335              		.ident	"GCC: (GNU Tools for ARM Embedded Processors) 4.8.4 20140526 (release) [ARM/embedded-4_8-br
ARM GAS  /tmp/ccfO7D36.s 			page 29


DEFINED SYMBOLS
                            *ABS*:00000000 usbd_cdc_interface.c

NO UNDEFINED SYMBOLS
