ARM GAS  /tmp/ccjzPVJz.s 			page 1


   1              		.syntax unified
   2              		.cpu cortex-m4
   3              		.fpu softvfp
   4              		.eabi_attribute 20, 1
   5              		.eabi_attribute 21, 1
   6              		.eabi_attribute 23, 3
   7              		.eabi_attribute 24, 1
   8              		.eabi_attribute 25, 1
   9              		.eabi_attribute 26, 1
  10              		.eabi_attribute 30, 6
  11              		.eabi_attribute 34, 1
  12              		.eabi_attribute 18, 4
  13              		.thumb
  14              		.file	"chheap.c"
  15              		.text
  16              	.Ltext0:
  17              		.cfi_sections	.debug_frame
  18              		.bss
  19              		.align	3
  20              	default_heap:
  21 0000 00000000 		.space	32
  21      00000000 
  21      00000000 
  21      00000000 
  21      00000000 
  22              		.text
  23              		.align	2
  24              		.p2align 4,,15
  25              		.global	_heap_init
  26              		.thumb
  27              		.thumb_func
  28              		.type	_heap_init, %function
  29              	_heap_init:
  30              	.LFB230:
  31              		.file 1 "../ChibiOS/os/rt/src/chheap.c"
  32              		.loc 1 91 0
  33              		.cfi_startproc
  34              		@ args = 0, pretend = 0, frame = 0
  35              		@ frame_needed = 0, uses_anonymous_args = 0
  36 0000 08B5     		push	{r3, lr}
  37              		.cfi_def_cfa_offset 8
  38              		.cfi_offset 3, -8
  39              		.cfi_offset 14, -4
  40              		.loc 1 93 0
  41 0002 064B     		ldr	r3, .L2
  42 0004 064A     		ldr	r2, .L2+4
  43 0006 1A60     		str	r2, [r3]
  44              		.loc 1 94 0
  45 0008 044B     		ldr	r3, .L2
  46 000a 0022     		movs	r2, #0
  47 000c 9A60     		str	r2, [r3, #8]
  48              		.loc 1 95 0
  49 000e 034B     		ldr	r3, .L2
  50 0010 0022     		movs	r2, #0
  51 0012 DA60     		str	r2, [r3, #12]
  52              		.loc 1 97 0
  53 0014 0348     		ldr	r0, .L2+8
ARM GAS  /tmp/ccjzPVJz.s 			page 2


  54 0016 FFF7FEFF 		bl	chMtxObjectInit
  55              		.loc 1 101 0
  56 001a 08BD     		pop	{r3, pc}
  57              	.L3:
  58              		.align	2
  59              	.L2:
  60 001c 00000000 		.word	default_heap
  61 0020 00000000 		.word	chCoreAlloc
  62 0024 10000000 		.word	default_heap+16
  63              		.cfi_endproc
  64              	.LFE230:
  65              		.size	_heap_init, .-_heap_init
  66              		.align	2
  67 0028 AFF30080 		.p2align 4,,15
  67      AFF30080 
  68              		.global	chHeapObjectInit
  69              		.thumb
  70              		.thumb_func
  71              		.type	chHeapObjectInit, %function
  72              	chHeapObjectInit:
  73              	.LFB231:
  74              		.loc 1 114 0
  75              		.cfi_startproc
  76              		@ args = 0, pretend = 0, frame = 24
  77              		@ frame_needed = 0, uses_anonymous_args = 0
  78 0030 00B5     		push	{lr}
  79              		.cfi_def_cfa_offset 4
  80              		.cfi_offset 14, -4
  81 0032 87B0     		sub	sp, sp, #28
  82              		.cfi_def_cfa_offset 32
  83 0034 0390     		str	r0, [sp, #12]
  84 0036 0291     		str	r1, [sp, #8]
  85 0038 0192     		str	r2, [sp, #4]
  86              		.loc 1 115 0
  87 003a 029B     		ldr	r3, [sp, #8]
  88 003c 0593     		str	r3, [sp, #20]
  89              		.loc 1 119 0
  90 003e 039B     		ldr	r3, [sp, #12]
  91 0040 0022     		movs	r2, #0
  92 0042 1A60     		str	r2, [r3]
  93              		.loc 1 120 0
  94 0044 039B     		ldr	r3, [sp, #12]
  95 0046 059A     		ldr	r2, [sp, #20]
  96 0048 9A60     		str	r2, [r3, #8]
  97              		.loc 1 121 0
  98 004a 039B     		ldr	r3, [sp, #12]
  99 004c 0022     		movs	r2, #0
 100 004e DA60     		str	r2, [r3, #12]
 101              		.loc 1 122 0
 102 0050 059B     		ldr	r3, [sp, #20]
 103 0052 0022     		movs	r2, #0
 104 0054 1A60     		str	r2, [r3]
 105              		.loc 1 123 0
 106 0056 019B     		ldr	r3, [sp, #4]
 107 0058 A3F10802 		sub	r2, r3, #8
 108 005c 059B     		ldr	r3, [sp, #20]
 109 005e 5A60     		str	r2, [r3, #4]
ARM GAS  /tmp/ccjzPVJz.s 			page 3


 110              		.loc 1 125 0
 111 0060 039B     		ldr	r3, [sp, #12]
 112 0062 1033     		adds	r3, r3, #16
 113 0064 1846     		mov	r0, r3
 114 0066 FFF7FEFF 		bl	chMtxObjectInit
 115              		.loc 1 129 0
 116 006a 07B0     		add	sp, sp, #28
 117              		@ sp needed
 118 006c 5DF804FB 		ldr	pc, [sp], #4
 119              		.cfi_endproc
 120              	.LFE231:
 121              		.size	chHeapObjectInit, .-chHeapObjectInit
 122              		.align	2
 123              		.p2align 4,,15
 124              		.global	chHeapAlloc
 125              		.thumb
 126              		.thumb_func
 127              		.type	chHeapAlloc, %function
 128              	chHeapAlloc:
 129              	.LFB232:
 130              		.loc 1 147 0
 131              		.cfi_startproc
 132              		@ args = 0, pretend = 0, frame = 24
 133              		@ frame_needed = 0, uses_anonymous_args = 0
 134 0070 00B5     		push	{lr}
 135              		.cfi_def_cfa_offset 4
 136              		.cfi_offset 14, -4
 137 0072 87B0     		sub	sp, sp, #28
 138              		.cfi_def_cfa_offset 32
 139 0074 0190     		str	r0, [sp, #4]
 140 0076 0091     		str	r1, [sp]
 141              		.loc 1 150 0
 142 0078 019B     		ldr	r3, [sp, #4]
 143 007a 002B     		cmp	r3, #0
 144 007c 01D1     		bne	.L6
 145              		.loc 1 151 0
 146 007e 374B     		ldr	r3, .L14
 147 0080 0193     		str	r3, [sp, #4]
 148              	.L6:
 149              		.loc 1 154 0
 150 0082 009B     		ldr	r3, [sp]
 151 0084 0733     		adds	r3, r3, #7
 152 0086 23F00703 		bic	r3, r3, #7
 153 008a 0093     		str	r3, [sp]
 154              		.loc 1 155 0
 155 008c 019B     		ldr	r3, [sp, #4]
 156 008e 0833     		adds	r3, r3, #8
 157 0090 0593     		str	r3, [sp, #20]
 158              		.loc 1 157 0
 159 0092 019B     		ldr	r3, [sp, #4]
 160 0094 1033     		adds	r3, r3, #16
 161 0096 1846     		mov	r0, r3
 162 0098 FFF7FEFF 		bl	chMtxLock
 163              		.loc 1 158 0
 164 009c 36E0     		b	.L7
 165              	.L12:
 166              		.loc 1 159 0
ARM GAS  /tmp/ccjzPVJz.s 			page 4


 167 009e 059B     		ldr	r3, [sp, #20]
 168 00a0 1B68     		ldr	r3, [r3]
 169 00a2 0493     		str	r3, [sp, #16]
 170              		.loc 1 160 0
 171 00a4 049B     		ldr	r3, [sp, #16]
 172 00a6 5A68     		ldr	r2, [r3, #4]
 173 00a8 009B     		ldr	r3, [sp]
 174 00aa 9A42     		cmp	r2, r3
 175 00ac 2CD3     		bcc	.L8
 176              		.loc 1 161 0
 177 00ae 049B     		ldr	r3, [sp, #16]
 178 00b0 5A68     		ldr	r2, [r3, #4]
 179 00b2 009B     		ldr	r3, [sp]
 180 00b4 0833     		adds	r3, r3, #8
 181 00b6 9A42     		cmp	r2, r3
 182 00b8 04D2     		bcs	.L9
 183              		.loc 1 165 0
 184 00ba 049B     		ldr	r3, [sp, #16]
 185 00bc 1A68     		ldr	r2, [r3]
 186 00be 059B     		ldr	r3, [sp, #20]
 187 00c0 1A60     		str	r2, [r3]
 188 00c2 16E0     		b	.L10
 189              	.L9:
 190              		.loc 1 170 0
 191 00c4 009B     		ldr	r3, [sp]
 192 00c6 0833     		adds	r3, r3, #8
 193 00c8 049A     		ldr	r2, [sp, #16]
 194 00ca 1344     		add	r3, r3, r2
 195 00cc 0393     		str	r3, [sp, #12]
 196              		.loc 1 172 0
 197 00ce 049B     		ldr	r3, [sp, #16]
 198 00d0 1A68     		ldr	r2, [r3]
 199 00d2 039B     		ldr	r3, [sp, #12]
 200 00d4 1A60     		str	r2, [r3]
 201              		.loc 1 173 0
 202 00d6 049B     		ldr	r3, [sp, #16]
 203 00d8 5A68     		ldr	r2, [r3, #4]
 204 00da 009B     		ldr	r3, [sp]
 205 00dc D31A     		subs	r3, r2, r3
 206 00de A3F10802 		sub	r2, r3, #8
 207 00e2 039B     		ldr	r3, [sp, #12]
 208 00e4 5A60     		str	r2, [r3, #4]
 209              		.loc 1 174 0
 210 00e6 059B     		ldr	r3, [sp, #20]
 211 00e8 039A     		ldr	r2, [sp, #12]
 212 00ea 1A60     		str	r2, [r3]
 213              		.loc 1 175 0
 214 00ec 049B     		ldr	r3, [sp, #16]
 215 00ee 009A     		ldr	r2, [sp]
 216 00f0 5A60     		str	r2, [r3, #4]
 217              	.L10:
 218              		.loc 1 177 0
 219 00f2 049B     		ldr	r3, [sp, #16]
 220 00f4 019A     		ldr	r2, [sp, #4]
 221 00f6 1A60     		str	r2, [r3]
 222              		.loc 1 178 0
 223 00f8 019B     		ldr	r3, [sp, #4]
ARM GAS  /tmp/ccjzPVJz.s 			page 5


 224 00fa 1033     		adds	r3, r3, #16
 225 00fc 1846     		mov	r0, r3
 226 00fe FFF7FEFF 		bl	chMtxUnlock
 227              		.loc 1 181 0
 228 0102 049B     		ldr	r3, [sp, #16]
 229 0104 0833     		adds	r3, r3, #8
 230 0106 24E0     		b	.L11
 231              	.L8:
 232              		.loc 1 184 0
 233 0108 049B     		ldr	r3, [sp, #16]
 234 010a 0593     		str	r3, [sp, #20]
 235              	.L7:
 236              		.loc 1 158 0 discriminator 1
 237 010c 059B     		ldr	r3, [sp, #20]
 238 010e 1B68     		ldr	r3, [r3]
 239 0110 002B     		cmp	r3, #0
 240 0112 C4D1     		bne	.L12
 241              		.loc 1 186 0
 242 0114 019B     		ldr	r3, [sp, #4]
 243 0116 1033     		adds	r3, r3, #16
 244 0118 1846     		mov	r0, r3
 245 011a FFF7FEFF 		bl	chMtxUnlock
 246              		.loc 1 190 0
 247 011e 019B     		ldr	r3, [sp, #4]
 248 0120 1B68     		ldr	r3, [r3]
 249 0122 002B     		cmp	r3, #0
 250 0124 14D0     		beq	.L13
 251              		.loc 1 191 0
 252 0126 019B     		ldr	r3, [sp, #4]
 253 0128 1B68     		ldr	r3, [r3]
 254 012a 009A     		ldr	r2, [sp]
 255 012c 0832     		adds	r2, r2, #8
 256 012e 1046     		mov	r0, r2
 257 0130 9847     		blx	r3
 258 0132 0490     		str	r0, [sp, #16]
 259              		.loc 1 192 0
 260 0134 049B     		ldr	r3, [sp, #16]
 261 0136 002B     		cmp	r3, #0
 262 0138 0AD0     		beq	.L13
 263              		.loc 1 193 0
 264 013a 049B     		ldr	r3, [sp, #16]
 265 013c 019A     		ldr	r2, [sp, #4]
 266 013e 1A60     		str	r2, [r3]
 267              		.loc 1 194 0
 268 0140 049B     		ldr	r3, [sp, #16]
 269 0142 009A     		ldr	r2, [sp]
 270 0144 5A60     		str	r2, [r3, #4]
 271              		.loc 1 195 0
 272 0146 049B     		ldr	r3, [sp, #16]
 273 0148 0833     		adds	r3, r3, #8
 274 014a 0493     		str	r3, [sp, #16]
 275              		.loc 1 198 0
 276 014c 049B     		ldr	r3, [sp, #16]
 277 014e 00E0     		b	.L11
 278              	.L13:
 279              		.loc 1 203 0
 280 0150 0023     		movs	r3, #0
ARM GAS  /tmp/ccjzPVJz.s 			page 6


 281              	.L11:
 282              		.loc 1 204 0
 283 0152 1846     		mov	r0, r3
 284 0154 07B0     		add	sp, sp, #28
 285              		@ sp needed
 286 0156 5DF804FB 		ldr	pc, [sp], #4
 287              	.L15:
 288 015a 00BF     		.align	2
 289              	.L14:
 290 015c 00000000 		.word	default_heap
 291              		.cfi_endproc
 292              	.LFE232:
 293              		.size	chHeapAlloc, .-chHeapAlloc
 294              		.align	2
 295              		.p2align 4,,15
 296              		.global	chHeapFree
 297              		.thumb
 298              		.thumb_func
 299              		.type	chHeapFree, %function
 300              	chHeapFree:
 301              	.LFB233:
 302              		.loc 1 213 0
 303              		.cfi_startproc
 304              		@ args = 0, pretend = 0, frame = 24
 305              		@ frame_needed = 0, uses_anonymous_args = 0
 306 0160 00B5     		push	{lr}
 307              		.cfi_def_cfa_offset 4
 308              		.cfi_offset 14, -4
 309 0162 87B0     		sub	sp, sp, #28
 310              		.cfi_def_cfa_offset 32
 311 0164 0190     		str	r0, [sp, #4]
 312              		.loc 1 220 0
 313 0166 019B     		ldr	r3, [sp, #4]
 314 0168 083B     		subs	r3, r3, #8
 315 016a 0493     		str	r3, [sp, #16]
 316              		.loc 1 222 0
 317 016c 049B     		ldr	r3, [sp, #16]
 318 016e 1B68     		ldr	r3, [r3]
 319 0170 0393     		str	r3, [sp, #12]
 320              		.loc 1 223 0
 321 0172 039B     		ldr	r3, [sp, #12]
 322 0174 0833     		adds	r3, r3, #8
 323 0176 0593     		str	r3, [sp, #20]
 324              		.loc 1 225 0
 325 0178 039B     		ldr	r3, [sp, #12]
 326 017a 1033     		adds	r3, r3, #16
 327 017c 1846     		mov	r0, r3
 328 017e FFF7FEFF 		bl	chMtxLock
 329              	.L23:
 330              		.loc 1 229 0
 331 0182 039B     		ldr	r3, [sp, #12]
 332 0184 03F10802 		add	r2, r3, #8
 333 0188 059B     		ldr	r3, [sp, #20]
 334 018a 9A42     		cmp	r2, r3
 335 018c 03D0     		beq	.L17
 336              		.loc 1 229 0 is_stmt 0 discriminator 2
 337 018e 049A     		ldr	r2, [sp, #16]
ARM GAS  /tmp/ccjzPVJz.s 			page 7


 338 0190 059B     		ldr	r3, [sp, #20]
 339 0192 9A42     		cmp	r2, r3
 340 0194 3ED9     		bls	.L18
 341              	.L17:
 342              		.loc 1 230 0 is_stmt 1 discriminator 1
 343 0196 059B     		ldr	r3, [sp, #20]
 344 0198 1B68     		ldr	r3, [r3]
 345              		.loc 1 229 0 discriminator 1
 346 019a 002B     		cmp	r3, #0
 347 019c 04D0     		beq	.L19
 348              		.loc 1 230 0
 349 019e 059B     		ldr	r3, [sp, #20]
 350 01a0 1A68     		ldr	r2, [r3]
 351 01a2 049B     		ldr	r3, [sp, #16]
 352 01a4 9A42     		cmp	r2, r3
 353 01a6 35D9     		bls	.L18
 354              	.L19:
 355              		.loc 1 232 0
 356 01a8 059B     		ldr	r3, [sp, #20]
 357 01aa 1A68     		ldr	r2, [r3]
 358 01ac 049B     		ldr	r3, [sp, #16]
 359 01ae 1A60     		str	r2, [r3]
 360              		.loc 1 233 0
 361 01b0 059B     		ldr	r3, [sp, #20]
 362 01b2 049A     		ldr	r2, [sp, #16]
 363 01b4 1A60     		str	r2, [r3]
 364              		.loc 1 235 0
 365 01b6 049B     		ldr	r3, [sp, #16]
 366 01b8 5B68     		ldr	r3, [r3, #4]
 367 01ba 0833     		adds	r3, r3, #8
 368 01bc 049A     		ldr	r2, [sp, #16]
 369 01be 1A44     		add	r2, r2, r3
 370 01c0 049B     		ldr	r3, [sp, #16]
 371 01c2 1B68     		ldr	r3, [r3]
 372 01c4 9A42     		cmp	r2, r3
 373 01c6 0ED1     		bne	.L20
 374              		.loc 1 237 0
 375 01c8 049B     		ldr	r3, [sp, #16]
 376 01ca 5A68     		ldr	r2, [r3, #4]
 377 01cc 049B     		ldr	r3, [sp, #16]
 378 01ce 1B68     		ldr	r3, [r3]
 379 01d0 5B68     		ldr	r3, [r3, #4]
 380 01d2 1344     		add	r3, r3, r2
 381 01d4 03F10802 		add	r2, r3, #8
 382 01d8 049B     		ldr	r3, [sp, #16]
 383 01da 5A60     		str	r2, [r3, #4]
 384              		.loc 1 238 0
 385 01dc 049B     		ldr	r3, [sp, #16]
 386 01de 1B68     		ldr	r3, [r3]
 387 01e0 1A68     		ldr	r2, [r3]
 388 01e2 049B     		ldr	r3, [sp, #16]
 389 01e4 1A60     		str	r2, [r3]
 390              	.L20:
 391              		.loc 1 240 0
 392 01e6 059B     		ldr	r3, [sp, #20]
 393 01e8 5B68     		ldr	r3, [r3, #4]
 394 01ea 0833     		adds	r3, r3, #8
ARM GAS  /tmp/ccjzPVJz.s 			page 8


 395 01ec 059A     		ldr	r2, [sp, #20]
 396 01ee 1A44     		add	r2, r2, r3
 397 01f0 049B     		ldr	r3, [sp, #16]
 398 01f2 9A42     		cmp	r2, r3
 399 01f4 0DD1     		bne	.L21
 400              		.loc 1 242 0
 401 01f6 059B     		ldr	r3, [sp, #20]
 402 01f8 5A68     		ldr	r2, [r3, #4]
 403 01fa 049B     		ldr	r3, [sp, #16]
 404 01fc 5B68     		ldr	r3, [r3, #4]
 405 01fe 1344     		add	r3, r3, r2
 406 0200 03F10802 		add	r2, r3, #8
 407 0204 059B     		ldr	r3, [sp, #20]
 408 0206 5A60     		str	r2, [r3, #4]
 409              		.loc 1 243 0
 410 0208 049B     		ldr	r3, [sp, #16]
 411 020a 1A68     		ldr	r2, [r3]
 412 020c 059B     		ldr	r3, [sp, #20]
 413 020e 1A60     		str	r2, [r3]
 414              		.loc 1 245 0
 415 0210 04E0     		b	.L22
 416              	.L21:
 417 0212 03E0     		b	.L22
 418              	.L18:
 419              		.loc 1 247 0
 420 0214 059B     		ldr	r3, [sp, #20]
 421 0216 1B68     		ldr	r3, [r3]
 422 0218 0593     		str	r3, [sp, #20]
 423              		.loc 1 248 0
 424 021a B2E7     		b	.L23
 425              	.L22:
 426              		.loc 1 249 0
 427 021c 039B     		ldr	r3, [sp, #12]
 428 021e 1033     		adds	r3, r3, #16
 429 0220 1846     		mov	r0, r3
 430 0222 FFF7FEFF 		bl	chMtxUnlock
 431              		.loc 1 251 0
 432 0226 00BF     		nop
 433              		.loc 1 252 0
 434 0228 07B0     		add	sp, sp, #28
 435              		@ sp needed
 436 022a 5DF804FB 		ldr	pc, [sp], #4
 437              		.cfi_endproc
 438              	.LFE233:
 439              		.size	chHeapFree, .-chHeapFree
 440 022e 00BF     		.align	2
 441              		.p2align 4,,15
 442              		.global	chHeapStatus
 443              		.thumb
 444              		.thumb_func
 445              		.type	chHeapStatus, %function
 446              	chHeapStatus:
 447              	.LFB234:
 448              		.loc 1 267 0
 449              		.cfi_startproc
 450              		@ args = 0, pretend = 0, frame = 24
 451              		@ frame_needed = 0, uses_anonymous_args = 0
ARM GAS  /tmp/ccjzPVJz.s 			page 9


 452 0230 00B5     		push	{lr}
 453              		.cfi_def_cfa_offset 4
 454              		.cfi_offset 14, -4
 455 0232 87B0     		sub	sp, sp, #28
 456              		.cfi_def_cfa_offset 32
 457 0234 0190     		str	r0, [sp, #4]
 458 0236 0091     		str	r1, [sp]
 459              		.loc 1 271 0
 460 0238 019B     		ldr	r3, [sp, #4]
 461 023a 002B     		cmp	r3, #0
 462 023c 01D1     		bne	.L26
 463              		.loc 1 272 0
 464 023e 174B     		ldr	r3, .L31
 465 0240 0193     		str	r3, [sp, #4]
 466              	.L26:
 467              		.loc 1 275 0
 468 0242 019B     		ldr	r3, [sp, #4]
 469 0244 1033     		adds	r3, r3, #16
 470 0246 1846     		mov	r0, r3
 471 0248 FFF7FEFF 		bl	chMtxLock
 472              		.loc 1 276 0
 473 024c 0023     		movs	r3, #0
 474 024e 0393     		str	r3, [sp, #12]
 475              		.loc 1 277 0
 476 0250 0023     		movs	r3, #0
 477 0252 0493     		str	r3, [sp, #16]
 478              		.loc 1 278 0
 479 0254 019B     		ldr	r3, [sp, #4]
 480 0256 0833     		adds	r3, r3, #8
 481 0258 0593     		str	r3, [sp, #20]
 482              		.loc 1 279 0
 483 025a 0BE0     		b	.L27
 484              	.L28:
 485              		.loc 1 280 0
 486 025c 059B     		ldr	r3, [sp, #20]
 487 025e 1B68     		ldr	r3, [r3]
 488 0260 5B68     		ldr	r3, [r3, #4]
 489 0262 039A     		ldr	r2, [sp, #12]
 490 0264 1344     		add	r3, r3, r2
 491 0266 0393     		str	r3, [sp, #12]
 492              		.loc 1 281 0
 493 0268 049B     		ldr	r3, [sp, #16]
 494 026a 0133     		adds	r3, r3, #1
 495 026c 0493     		str	r3, [sp, #16]
 496              		.loc 1 282 0
 497 026e 059B     		ldr	r3, [sp, #20]
 498 0270 1B68     		ldr	r3, [r3]
 499 0272 0593     		str	r3, [sp, #20]
 500              	.L27:
 501              		.loc 1 279 0 discriminator 1
 502 0274 059B     		ldr	r3, [sp, #20]
 503 0276 1B68     		ldr	r3, [r3]
 504 0278 002B     		cmp	r3, #0
 505 027a EFD1     		bne	.L28
 506              		.loc 1 284 0
 507 027c 009B     		ldr	r3, [sp]
 508 027e 002B     		cmp	r3, #0
ARM GAS  /tmp/ccjzPVJz.s 			page 10


 509 0280 02D0     		beq	.L29
 510              		.loc 1 285 0
 511 0282 009B     		ldr	r3, [sp]
 512 0284 039A     		ldr	r2, [sp, #12]
 513 0286 1A60     		str	r2, [r3]
 514              	.L29:
 515              		.loc 1 287 0
 516 0288 019B     		ldr	r3, [sp, #4]
 517 028a 1033     		adds	r3, r3, #16
 518 028c 1846     		mov	r0, r3
 519 028e FFF7FEFF 		bl	chMtxUnlock
 520              		.loc 1 289 0
 521 0292 049B     		ldr	r3, [sp, #16]
 522              		.loc 1 290 0
 523 0294 1846     		mov	r0, r3
 524 0296 07B0     		add	sp, sp, #28
 525              		@ sp needed
 526 0298 5DF804FB 		ldr	pc, [sp], #4
 527              	.L32:
 528              		.align	2
 529              	.L31:
 530 029c 00000000 		.word	default_heap
 531              		.cfi_endproc
 532              	.LFE234:
 533              		.size	chHeapStatus, .-chHeapStatus
 534              	.Letext0:
 535              		.file 2 "/nfs/nfs5/home/research/hardware/arm2/gcc-arm-embedded/gcc-arm-none-eabi-4_8-2014q2/lib/g
 536              		.file 3 "/nfs/nfs5/home/research/hardware/arm2/gcc-arm-embedded/gcc-arm-none-eabi-4_8-2014q2/arm-n
 537              		.file 4 "/nfs/nfs5/home/research/hardware/arm2/gcc-arm-embedded/gcc-arm-none-eabi-4_8-2014q2/arm-n
 538              		.file 5 "../ChibiOS/os/rt/ports/ARMCMx/compilers/GCC/chtypes.h"
 539              		.file 6 "../ChibiOS/os/rt/include/chsystypes.h"
 540              		.file 7 "../ChibiOS/os/rt/include/chschd.h"
 541              		.file 8 "../ChibiOS/os/rt/ports/ARMCMx/chcore.h"
 542              		.file 9 "../ChibiOS/os/rt/ports/ARMCMx/chcore_v7m.h"
 543              		.file 10 "../ChibiOS/os/rt/include/chtm.h"
 544              		.file 11 "../ChibiOS/os/rt/include/chsem.h"
 545              		.file 12 "../ChibiOS/os/rt/include/chmtx.h"
 546              		.file 13 "../ChibiOS/os/rt/include/chmemcore.h"
 547              		.file 14 "../ChibiOS/os/rt/include/chheap.h"
 548              		.file 15 "../ChibiOS/os/ext/CMSIS/include/core_cm4.h"
 549              		.section	.debug_info,"",%progbits
 550              	.Ldebug_info0:
 551 0000 D7080000 		.4byte	0x8d7
 552 0004 0400     		.2byte	0x4
 553 0006 00000000 		.4byte	.Ldebug_abbrev0
 554 000a 04       		.byte	0x4
 555 000b 01       		.uleb128 0x1
 556 000c 23020000 		.4byte	.LASF123
 557 0010 01       		.byte	0x1
 558 0011 90010000 		.4byte	.LASF124
 559 0015 BC030000 		.4byte	.LASF125
 560 0019 00000000 		.4byte	.Ltext0
 561 001d A0020000 		.4byte	.Letext0-.Ltext0
 562 0021 00000000 		.4byte	.Ldebug_line0
 563 0025 02       		.uleb128 0x2
 564 0026 04       		.byte	0x4
 565 0027 05       		.byte	0x5
ARM GAS  /tmp/ccjzPVJz.s 			page 11


 566 0028 696E7400 		.ascii	"int\000"
 567 002c 03       		.uleb128 0x3
 568 002d 0D000000 		.4byte	.LASF2
 569 0031 02       		.byte	0x2
 570 0032 D4       		.byte	0xd4
 571 0033 37000000 		.4byte	0x37
 572 0037 04       		.uleb128 0x4
 573 0038 04       		.byte	0x4
 574 0039 07       		.byte	0x7
 575 003a B4010000 		.4byte	.LASF0
 576 003e 04       		.uleb128 0x4
 577 003f 01       		.byte	0x1
 578 0040 06       		.byte	0x6
 579 0041 D7000000 		.4byte	.LASF1
 580 0045 03       		.uleb128 0x3
 581 0046 29000000 		.4byte	.LASF3
 582 004a 03       		.byte	0x3
 583 004b 1C       		.byte	0x1c
 584 004c 50000000 		.4byte	0x50
 585 0050 04       		.uleb128 0x4
 586 0051 01       		.byte	0x1
 587 0052 08       		.byte	0x8
 588 0053 FC030000 		.4byte	.LASF4
 589 0057 04       		.uleb128 0x4
 590 0058 02       		.byte	0x2
 591 0059 05       		.byte	0x5
 592 005a 20040000 		.4byte	.LASF5
 593 005e 04       		.uleb128 0x4
 594 005f 02       		.byte	0x2
 595 0060 07       		.byte	0x7
 596 0061 E1010000 		.4byte	.LASF6
 597 0065 03       		.uleb128 0x3
 598 0066 E7020000 		.4byte	.LASF7
 599 006a 03       		.byte	0x3
 600 006b 37       		.byte	0x37
 601 006c 70000000 		.4byte	0x70
 602 0070 04       		.uleb128 0x4
 603 0071 04       		.byte	0x4
 604 0072 05       		.byte	0x5
 605 0073 25010000 		.4byte	.LASF8
 606 0077 03       		.uleb128 0x3
 607 0078 1B050000 		.4byte	.LASF9
 608 007c 03       		.byte	0x3
 609 007d 38       		.byte	0x38
 610 007e 82000000 		.4byte	0x82
 611 0082 04       		.uleb128 0x4
 612 0083 04       		.byte	0x4
 613 0084 07       		.byte	0x7
 614 0085 BC040000 		.4byte	.LASF10
 615 0089 04       		.uleb128 0x4
 616 008a 08       		.byte	0x8
 617 008b 05       		.byte	0x5
 618 008c C9000000 		.4byte	.LASF11
 619 0090 03       		.uleb128 0x3
 620 0091 8A030000 		.4byte	.LASF12
 621 0095 03       		.byte	0x3
 622 0096 4E       		.byte	0x4e
ARM GAS  /tmp/ccjzPVJz.s 			page 12


 623 0097 9B000000 		.4byte	0x9b
 624 009b 04       		.uleb128 0x4
 625 009c 08       		.byte	0x8
 626 009d 07       		.byte	0x7
 627 009e 5B000000 		.4byte	.LASF13
 628 00a2 03       		.uleb128 0x3
 629 00a3 85050000 		.4byte	.LASF14
 630 00a7 04       		.byte	0x4
 631 00a8 2A       		.byte	0x2a
 632 00a9 45000000 		.4byte	0x45
 633 00ad 03       		.uleb128 0x3
 634 00ae F4030000 		.4byte	.LASF15
 635 00b2 04       		.byte	0x4
 636 00b3 41       		.byte	0x41
 637 00b4 65000000 		.4byte	0x65
 638 00b8 03       		.uleb128 0x3
 639 00b9 86040000 		.4byte	.LASF16
 640 00bd 04       		.byte	0x4
 641 00be 42       		.byte	0x42
 642 00bf 77000000 		.4byte	0x77
 643 00c3 03       		.uleb128 0x3
 644 00c4 20000000 		.4byte	.LASF17
 645 00c8 04       		.byte	0x4
 646 00c9 4E       		.byte	0x4e
 647 00ca 90000000 		.4byte	0x90
 648 00ce 03       		.uleb128 0x3
 649 00cf 50050000 		.4byte	.LASF18
 650 00d3 05       		.byte	0x5
 651 00d4 39       		.byte	0x39
 652 00d5 B8000000 		.4byte	0xb8
 653 00d9 03       		.uleb128 0x3
 654 00da 1B020000 		.4byte	.LASF19
 655 00de 05       		.byte	0x5
 656 00df 3C       		.byte	0x3c
 657 00e0 A2000000 		.4byte	0xa2
 658 00e4 03       		.uleb128 0x3
 659 00e5 2E010000 		.4byte	.LASF20
 660 00e9 05       		.byte	0x5
 661 00ea 3D       		.byte	0x3d
 662 00eb A2000000 		.4byte	0xa2
 663 00ef 03       		.uleb128 0x3
 664 00f0 95030000 		.4byte	.LASF21
 665 00f4 05       		.byte	0x5
 666 00f5 3E       		.byte	0x3e
 667 00f6 A2000000 		.4byte	0xa2
 668 00fa 03       		.uleb128 0x3
 669 00fb 0B010000 		.4byte	.LASF22
 670 00ff 05       		.byte	0x5
 671 0100 3F       		.byte	0x3f
 672 0101 A2000000 		.4byte	0xa2
 673 0105 03       		.uleb128 0x3
 674 0106 B4030000 		.4byte	.LASF23
 675 010a 05       		.byte	0x5
 676 010b 40       		.byte	0x40
 677 010c B8000000 		.4byte	0xb8
 678 0110 03       		.uleb128 0x3
 679 0111 09020000 		.4byte	.LASF24
ARM GAS  /tmp/ccjzPVJz.s 			page 13


 680 0115 05       		.byte	0x5
 681 0116 41       		.byte	0x41
 682 0117 AD000000 		.4byte	0xad
 683 011b 03       		.uleb128 0x3
 684 011c DB020000 		.4byte	.LASF25
 685 0120 05       		.byte	0x5
 686 0121 43       		.byte	0x43
 687 0122 B8000000 		.4byte	0xb8
 688 0126 03       		.uleb128 0x3
 689 0127 AE010000 		.4byte	.LASF26
 690 012b 05       		.byte	0x5
 691 012c 45       		.byte	0x45
 692 012d AD000000 		.4byte	0xad
 693 0131 03       		.uleb128 0x3
 694 0132 FD040000 		.4byte	.LASF27
 695 0136 06       		.byte	0x6
 696 0137 33       		.byte	0x33
 697 0138 B8000000 		.4byte	0xb8
 698 013c 03       		.uleb128 0x3
 699 013d E0040000 		.4byte	.LASF28
 700 0141 06       		.byte	0x6
 701 0142 3F       		.byte	0x3f
 702 0143 47010000 		.4byte	0x147
 703 0147 05       		.uleb128 0x5
 704 0148 F4010000 		.4byte	.LASF49
 705 014c 44       		.byte	0x44
 706 014d 07       		.byte	0x7
 707 014e C2       		.byte	0xc2
 708 014f 40020000 		.4byte	0x240
 709 0153 06       		.uleb128 0x6
 710 0154 4A040000 		.4byte	.LASF29
 711 0158 07       		.byte	0x7
 712 0159 C3       		.byte	0xc3
 713 015a 4B020000 		.4byte	0x24b
 714 015e 00       		.byte	0
 715 015f 06       		.uleb128 0x6
 716 0160 AD030000 		.4byte	.LASF30
 717 0164 07       		.byte	0x7
 718 0165 C5       		.byte	0xc5
 719 0166 4B020000 		.4byte	0x24b
 720 016a 04       		.byte	0x4
 721 016b 06       		.uleb128 0x6
 722 016c C2000000 		.4byte	.LASF31
 723 0170 07       		.byte	0x7
 724 0171 C7       		.byte	0xc7
 725 0172 05010000 		.4byte	0x105
 726 0176 08       		.byte	0x8
 727 0177 06       		.uleb128 0x6
 728 0178 CA050000 		.4byte	.LASF32
 729 017c 07       		.byte	0x7
 730 017d C8       		.byte	0xc8
 731 017e 7B040000 		.4byte	0x47b
 732 0182 0C       		.byte	0xc
 733 0183 06       		.uleb128 0x6
 734 0184 45010000 		.4byte	.LASF33
 735 0188 07       		.byte	0x7
 736 0189 CA       		.byte	0xca
ARM GAS  /tmp/ccjzPVJz.s 			page 14


 737 018a 4B020000 		.4byte	0x24b
 738 018e 10       		.byte	0x10
 739 018f 06       		.uleb128 0x6
 740 0190 59030000 		.4byte	.LASF34
 741 0194 07       		.byte	0x7
 742 0195 CB       		.byte	0xcb
 743 0196 4B020000 		.4byte	0x24b
 744 019a 14       		.byte	0x14
 745 019b 06       		.uleb128 0x6
 746 019c A5050000 		.4byte	.LASF35
 747 01a0 07       		.byte	0x7
 748 01a1 D2       		.byte	0xd2
 749 01a2 FA050000 		.4byte	0x5fa
 750 01a6 18       		.byte	0x18
 751 01a7 06       		.uleb128 0x6
 752 01a8 2A040000 		.4byte	.LASF36
 753 01ac 07       		.byte	0x7
 754 01ad DD       		.byte	0xdd
 755 01ae E4000000 		.4byte	0xe4
 756 01b2 1C       		.byte	0x1c
 757 01b3 06       		.uleb128 0x6
 758 01b4 51040000 		.4byte	.LASF37
 759 01b8 07       		.byte	0x7
 760 01b9 E1       		.byte	0xe1
 761 01ba D9000000 		.4byte	0xd9
 762 01be 1D       		.byte	0x1d
 763 01bf 06       		.uleb128 0x6
 764 01c0 78050000 		.4byte	.LASF38
 765 01c4 07       		.byte	0x7
 766 01c5 E6       		.byte	0xe6
 767 01c6 EF000000 		.4byte	0xef
 768 01ca 1E       		.byte	0x1e
 769 01cb 06       		.uleb128 0x6
 770 01cc 32040000 		.4byte	.LASF39
 771 01d0 07       		.byte	0x7
 772 01d1 EC       		.byte	0xec
 773 01d2 FA000000 		.4byte	0xfa
 774 01d6 1F       		.byte	0x1f
 775 01d7 07       		.uleb128 0x7
 776 01d8 705F7500 		.ascii	"p_u\000"
 777 01dc 07       		.byte	0x7
 778 01dd 3101     		.2byte	0x131
 779 01df 35050000 		.4byte	0x535
 780 01e3 20       		.byte	0x20
 781 01e4 08       		.uleb128 0x8
 782 01e5 1C030000 		.4byte	.LASF40
 783 01e9 07       		.byte	0x7
 784 01ea 3601     		.2byte	0x136
 785 01ec 51020000 		.4byte	0x251
 786 01f0 24       		.byte	0x24
 787 01f1 08       		.uleb128 0x8
 788 01f2 D0010000 		.4byte	.LASF41
 789 01f6 07       		.byte	0x7
 790 01f7 3C01     		.2byte	0x13c
 791 01f9 75020000 		.4byte	0x275
 792 01fd 28       		.byte	0x28
 793 01fe 08       		.uleb128 0x8
ARM GAS  /tmp/ccjzPVJz.s 			page 15


 794 01ff BC050000 		.4byte	.LASF42
 795 0203 07       		.byte	0x7
 796 0204 4001     		.2byte	0x140
 797 0206 10010000 		.4byte	0x110
 798 020a 30       		.byte	0x30
 799 020b 08       		.uleb128 0x8
 800 020c 7B040000 		.4byte	.LASF43
 801 0210 07       		.byte	0x7
 802 0211 4601     		.2byte	0x146
 803 0213 1B010000 		.4byte	0x11b
 804 0217 34       		.byte	0x34
 805 0218 08       		.uleb128 0x8
 806 0219 16040000 		.4byte	.LASF44
 807 021d 07       		.byte	0x7
 808 021e 4D01     		.2byte	0x14d
 809 0220 F4050000 		.4byte	0x5f4
 810 0224 38       		.byte	0x38
 811 0225 08       		.uleb128 0x8
 812 0226 07050000 		.4byte	.LASF45
 813 022a 07       		.byte	0x7
 814 022b 5101     		.2byte	0x151
 815 022d 05010000 		.4byte	0x105
 816 0231 3C       		.byte	0x3c
 817 0232 08       		.uleb128 0x8
 818 0233 E9000000 		.4byte	.LASF46
 819 0237 07       		.byte	0x7
 820 0238 5801     		.2byte	0x158
 821 023a 28030000 		.4byte	0x328
 822 023e 40       		.byte	0x40
 823 023f 00       		.byte	0
 824 0240 03       		.uleb128 0x3
 825 0241 2F030000 		.4byte	.LASF47
 826 0245 06       		.byte	0x6
 827 0246 44       		.byte	0x44
 828 0247 4B020000 		.4byte	0x24b
 829 024b 09       		.uleb128 0x9
 830 024c 04       		.byte	0x4
 831 024d 3C010000 		.4byte	0x13c
 832 0251 03       		.uleb128 0x3
 833 0252 0D030000 		.4byte	.LASF48
 834 0256 06       		.byte	0x6
 835 0257 49       		.byte	0x49
 836 0258 5C020000 		.4byte	0x25c
 837 025c 05       		.uleb128 0x5
 838 025d A7040000 		.4byte	.LASF50
 839 0261 04       		.byte	0x4
 840 0262 07       		.byte	0x7
 841 0263 B0       		.byte	0xb0
 842 0264 75020000 		.4byte	0x275
 843 0268 06       		.uleb128 0x6
 844 0269 4A040000 		.4byte	.LASF29
 845 026d 07       		.byte	0x7
 846 026e B1       		.byte	0xb1
 847 026f 4B020000 		.4byte	0x24b
 848 0273 00       		.byte	0
 849 0274 00       		.byte	0
 850 0275 03       		.uleb128 0x3
ARM GAS  /tmp/ccjzPVJz.s 			page 16


 851 0276 5F050000 		.4byte	.LASF51
 852 027a 06       		.byte	0x6
 853 027b 50       		.byte	0x50
 854 027c 80020000 		.4byte	0x280
 855 0280 05       		.uleb128 0x5
 856 0281 B1000000 		.4byte	.LASF52
 857 0285 08       		.byte	0x8
 858 0286 07       		.byte	0x7
 859 0287 B7       		.byte	0xb7
 860 0288 A5020000 		.4byte	0x2a5
 861 028c 06       		.uleb128 0x6
 862 028d 4A040000 		.4byte	.LASF29
 863 0291 07       		.byte	0x7
 864 0292 B8       		.byte	0xb8
 865 0293 4B020000 		.4byte	0x24b
 866 0297 00       		.byte	0
 867 0298 06       		.uleb128 0x6
 868 0299 AD030000 		.4byte	.LASF30
 869 029d 07       		.byte	0x7
 870 029e B9       		.byte	0xb9
 871 029f 4B020000 		.4byte	0x24b
 872 02a3 04       		.byte	0x4
 873 02a4 00       		.byte	0
 874 02a5 03       		.uleb128 0x3
 875 02a6 00000000 		.4byte	.LASF53
 876 02aa 06       		.byte	0x6
 877 02ab 57       		.byte	0x57
 878 02ac B0020000 		.4byte	0x2b0
 879 02b0 0A       		.uleb128 0xa
 880 02b1 CD020000 		.4byte	.LASF54
 881 02b5 1C       		.byte	0x1c
 882 02b6 07       		.byte	0x7
 883 02b7 9001     		.2byte	0x190
 884 02b9 0C030000 		.4byte	0x30c
 885 02bd 08       		.uleb128 0x8
 886 02be 96040000 		.4byte	.LASF55
 887 02c2 07       		.byte	0x7
 888 02c3 9101     		.2byte	0x191
 889 02c5 75020000 		.4byte	0x275
 890 02c9 00       		.byte	0
 891 02ca 08       		.uleb128 0x8
 892 02cb 3C040000 		.4byte	.LASF56
 893 02cf 07       		.byte	0x7
 894 02d0 9201     		.2byte	0x192
 895 02d2 05010000 		.4byte	0x105
 896 02d6 08       		.byte	0x8
 897 02d7 08       		.uleb128 0x8
 898 02d8 61030000 		.4byte	.LASF57
 899 02dc 07       		.byte	0x7
 900 02dd 9401     		.2byte	0x194
 901 02df 7B040000 		.4byte	0x47b
 902 02e3 0C       		.byte	0xc
 903 02e4 08       		.uleb128 0x8
 904 02e5 55010000 		.4byte	.LASF58
 905 02e9 07       		.byte	0x7
 906 02ea 9701     		.2byte	0x197
 907 02ec 4B020000 		.4byte	0x24b
ARM GAS  /tmp/ccjzPVJz.s 			page 17


 908 02f0 10       		.byte	0x10
 909 02f1 08       		.uleb128 0x8
 910 02f2 82030000 		.4byte	.LASF59
 911 02f6 07       		.byte	0x7
 912 02f7 9801     		.2byte	0x198
 913 02f9 4B020000 		.4byte	0x24b
 914 02fd 14       		.byte	0x14
 915 02fe 08       		.uleb128 0x8
 916 02ff 78030000 		.4byte	.LASF60
 917 0303 07       		.byte	0x7
 918 0304 9B01     		.2byte	0x19b
 919 0306 4B020000 		.4byte	0x24b
 920 030a 18       		.byte	0x18
 921 030b 00       		.byte	0
 922 030c 03       		.uleb128 0x3
 923 030d 12050000 		.4byte	.LASF61
 924 0311 06       		.byte	0x6
 925 0312 5C       		.byte	0x5c
 926 0313 17030000 		.4byte	0x317
 927 0317 09       		.uleb128 0x9
 928 0318 04       		.byte	0x4
 929 0319 1D030000 		.4byte	0x31d
 930 031d 0B       		.uleb128 0xb
 931 031e 28030000 		.4byte	0x328
 932 0322 0C       		.uleb128 0xc
 933 0323 28030000 		.4byte	0x328
 934 0327 00       		.byte	0
 935 0328 0D       		.uleb128 0xd
 936 0329 04       		.byte	0x4
 937 032a 03       		.uleb128 0x3
 938 032b 9D030000 		.4byte	.LASF62
 939 032f 06       		.byte	0x6
 940 0330 61       		.byte	0x61
 941 0331 35030000 		.4byte	0x335
 942 0335 0A       		.uleb128 0xa
 943 0336 3F050000 		.4byte	.LASF63
 944 033a 14       		.byte	0x14
 945 033b 07       		.byte	0x7
 946 033c 6B01     		.2byte	0x16b
 947 033e 84030000 		.4byte	0x384
 948 0342 08       		.uleb128 0x8
 949 0343 C1010000 		.4byte	.LASF64
 950 0347 07       		.byte	0x7
 951 0348 6C01     		.2byte	0x16c
 952 034a 0C060000 		.4byte	0x60c
 953 034e 00       		.byte	0
 954 034f 08       		.uleb128 0x8
 955 0350 66010000 		.4byte	.LASF65
 956 0354 07       		.byte	0x7
 957 0355 6D01     		.2byte	0x16d
 958 0357 0C060000 		.4byte	0x60c
 959 035b 04       		.byte	0x4
 960 035c 08       		.uleb128 0x8
 961 035d 9E040000 		.4byte	.LASF66
 962 0361 07       		.byte	0x7
 963 0362 6E01     		.2byte	0x16e
 964 0364 31010000 		.4byte	0x131
ARM GAS  /tmp/ccjzPVJz.s 			page 18


 965 0368 08       		.byte	0x8
 966 0369 08       		.uleb128 0x8
 967 036a D0050000 		.4byte	.LASF67
 968 036e 07       		.byte	0x7
 969 036f 6F01     		.2byte	0x16f
 970 0371 0C030000 		.4byte	0x30c
 971 0375 0C       		.byte	0xc
 972 0376 08       		.uleb128 0x8
 973 0377 58050000 		.4byte	.LASF68
 974 037b 07       		.byte	0x7
 975 037c 7101     		.2byte	0x171
 976 037e 28030000 		.4byte	0x328
 977 0382 10       		.byte	0x10
 978 0383 00       		.byte	0
 979 0384 03       		.uleb128 0x3
 980 0385 82000000 		.4byte	.LASF69
 981 0389 06       		.byte	0x6
 982 038a 66       		.byte	0x66
 983 038b 8F030000 		.4byte	0x38f
 984 038f 0A       		.uleb128 0xa
 985 0390 42030000 		.4byte	.LASF70
 986 0394 10       		.byte	0x10
 987 0395 07       		.byte	0x7
 988 0396 7B01     		.2byte	0x17b
 989 0398 D1030000 		.4byte	0x3d1
 990 039c 08       		.uleb128 0x8
 991 039d C1010000 		.4byte	.LASF64
 992 03a1 07       		.byte	0x7
 993 03a2 7C01     		.2byte	0x17c
 994 03a4 0C060000 		.4byte	0x60c
 995 03a8 00       		.byte	0
 996 03a9 08       		.uleb128 0x8
 997 03aa 66010000 		.4byte	.LASF65
 998 03ae 07       		.byte	0x7
 999 03af 7E01     		.2byte	0x17e
 1000 03b1 0C060000 		.4byte	0x60c
 1001 03b5 04       		.byte	0x4
 1002 03b6 08       		.uleb128 0x8
 1003 03b7 9E040000 		.4byte	.LASF66
 1004 03bb 07       		.byte	0x7
 1005 03bc 8001     		.2byte	0x180
 1006 03be 31010000 		.4byte	0x131
 1007 03c2 08       		.byte	0x8
 1008 03c3 08       		.uleb128 0x8
 1009 03c4 B1050000 		.4byte	.LASF71
 1010 03c8 07       		.byte	0x7
 1011 03c9 8201     		.2byte	0x182
 1012 03cb 12060000 		.4byte	0x612
 1013 03cf 0C       		.byte	0xc
 1014 03d0 00       		.byte	0
 1015 03d1 03       		.uleb128 0x3
 1016 03d2 3F000000 		.4byte	.LASF72
 1017 03d6 06       		.byte	0x6
 1018 03d7 6B       		.byte	0x6b
 1019 03d8 DC030000 		.4byte	0x3dc
 1020 03dc 0A       		.uleb128 0xa
 1021 03dd E4030000 		.4byte	.LASF73
ARM GAS  /tmp/ccjzPVJz.s 			page 19


 1022 03e1 04       		.byte	0x4
 1023 03e2 07       		.byte	0x7
 1024 03e3 A201     		.2byte	0x1a2
 1025 03e5 F7030000 		.4byte	0x3f7
 1026 03e9 08       		.uleb128 0x8
 1027 03ea 26050000 		.4byte	.LASF74
 1028 03ee 07       		.byte	0x7
 1029 03ef AA01     		.2byte	0x1aa
 1030 03f1 17060000 		.4byte	0x617
 1031 03f5 00       		.byte	0
 1032 03f6 00       		.byte	0
 1033 03f7 03       		.uleb128 0x3
 1034 03f8 0F020000 		.4byte	.LASF75
 1035 03fc 06       		.byte	0x6
 1036 03fd 70       		.byte	0x70
 1037 03fe 02040000 		.4byte	0x402
 1038 0402 0E       		.uleb128 0xe
 1039 0403 1B010000 		.4byte	.LASF76
 1040 0407 5001     		.2byte	0x150
 1041 0409 07       		.byte	0x7
 1042 040a C201     		.2byte	0x1c2
 1043 040c 5E040000 		.4byte	0x45e
 1044 0410 08       		.uleb128 0x8
 1045 0411 7F050000 		.4byte	.LASF77
 1046 0415 07       		.byte	0x7
 1047 0416 C601     		.2byte	0x1c6
 1048 0418 A5020000 		.4byte	0x2a5
 1049 041c 00       		.byte	0
 1050 041d 08       		.uleb128 0x8
 1051 041e 04010000 		.4byte	.LASF78
 1052 0422 07       		.byte	0x7
 1053 0423 CA01     		.2byte	0x1ca
 1054 0425 84030000 		.4byte	0x384
 1055 0429 1C       		.byte	0x1c
 1056 042a 07       		.uleb128 0x7
 1057 042b 64626700 		.ascii	"dbg\000"
 1058 042f 07       		.byte	0x7
 1059 0430 CE01     		.2byte	0x1ce
 1060 0432 D1030000 		.4byte	0x3d1
 1061 0436 2C       		.byte	0x2c
 1062 0437 08       		.uleb128 0x8
 1063 0438 FE010000 		.4byte	.LASF79
 1064 043c 07       		.byte	0x7
 1065 043d D201     		.2byte	0x1d2
 1066 043f 3C010000 		.4byte	0x13c
 1067 0443 30       		.byte	0x30
 1068 0444 07       		.uleb128 0x7
 1069 0445 746D00   		.ascii	"tm\000"
 1070 0448 07       		.byte	0x7
 1071 0449 D701     		.2byte	0x1d7
 1072 044b 2A050000 		.4byte	0x52a
 1073 044f 74       		.byte	0x74
 1074 0450 08       		.uleb128 0x8
 1075 0451 81010000 		.4byte	.LASF80
 1076 0455 07       		.byte	0x7
 1077 0456 E301     		.2byte	0x1e3
 1078 0458 1C060000 		.4byte	0x61c
ARM GAS  /tmp/ccjzPVJz.s 			page 20


 1079 045c 78       		.byte	0x78
 1080 045d 00       		.byte	0
 1081 045e 04       		.uleb128 0x4
 1082 045f 04       		.byte	0x4
 1083 0460 07       		.byte	0x7
 1084 0461 26030000 		.4byte	.LASF81
 1085 0465 03       		.uleb128 0x3
 1086 0466 5D010000 		.4byte	.LASF82
 1087 046a 08       		.byte	0x8
 1088 046b 65       		.byte	0x65
 1089 046c 28030000 		.4byte	0x328
 1090 0470 03       		.uleb128 0x3
 1091 0471 F1020000 		.4byte	.LASF83
 1092 0475 08       		.byte	0x8
 1093 0476 6D       		.byte	0x6d
 1094 0477 C3000000 		.4byte	0xc3
 1095 047b 05       		.uleb128 0x5
 1096 047c 37050000 		.4byte	.LASF84
 1097 0480 04       		.byte	0x4
 1098 0481 08       		.byte	0x8
 1099 0482 89       		.byte	0x89
 1100 0483 94040000 		.4byte	0x494
 1101 0487 0F       		.uleb128 0xf
 1102 0488 72313300 		.ascii	"r13\000"
 1103 048c 08       		.byte	0x8
 1104 048d 8A       		.byte	0x8a
 1105 048e 0F050000 		.4byte	0x50f
 1106 0492 00       		.byte	0
 1107 0493 00       		.byte	0
 1108 0494 05       		.uleb128 0x5
 1109 0495 33000000 		.4byte	.LASF85
 1110 0499 24       		.byte	0x24
 1111 049a 09       		.byte	0x9
 1112 049b FD       		.byte	0xfd
 1113 049c 0F050000 		.4byte	0x50f
 1114 04a0 07       		.uleb128 0x7
 1115 04a1 723400   		.ascii	"r4\000"
 1116 04a4 09       		.byte	0x9
 1117 04a5 1001     		.2byte	0x110
 1118 04a7 65040000 		.4byte	0x465
 1119 04ab 00       		.byte	0
 1120 04ac 07       		.uleb128 0x7
 1121 04ad 723500   		.ascii	"r5\000"
 1122 04b0 09       		.byte	0x9
 1123 04b1 1101     		.2byte	0x111
 1124 04b3 65040000 		.4byte	0x465
 1125 04b7 04       		.byte	0x4
 1126 04b8 07       		.uleb128 0x7
 1127 04b9 723600   		.ascii	"r6\000"
 1128 04bc 09       		.byte	0x9
 1129 04bd 1201     		.2byte	0x112
 1130 04bf 65040000 		.4byte	0x465
 1131 04c3 08       		.byte	0x8
 1132 04c4 07       		.uleb128 0x7
 1133 04c5 723700   		.ascii	"r7\000"
 1134 04c8 09       		.byte	0x9
 1135 04c9 1301     		.2byte	0x113
ARM GAS  /tmp/ccjzPVJz.s 			page 21


 1136 04cb 65040000 		.4byte	0x465
 1137 04cf 0C       		.byte	0xc
 1138 04d0 07       		.uleb128 0x7
 1139 04d1 723800   		.ascii	"r8\000"
 1140 04d4 09       		.byte	0x9
 1141 04d5 1401     		.2byte	0x114
 1142 04d7 65040000 		.4byte	0x465
 1143 04db 10       		.byte	0x10
 1144 04dc 07       		.uleb128 0x7
 1145 04dd 723900   		.ascii	"r9\000"
 1146 04e0 09       		.byte	0x9
 1147 04e1 1501     		.2byte	0x115
 1148 04e3 65040000 		.4byte	0x465
 1149 04e7 14       		.byte	0x14
 1150 04e8 07       		.uleb128 0x7
 1151 04e9 72313000 		.ascii	"r10\000"
 1152 04ed 09       		.byte	0x9
 1153 04ee 1601     		.2byte	0x116
 1154 04f0 65040000 		.4byte	0x465
 1155 04f4 18       		.byte	0x18
 1156 04f5 07       		.uleb128 0x7
 1157 04f6 72313100 		.ascii	"r11\000"
 1158 04fa 09       		.byte	0x9
 1159 04fb 1701     		.2byte	0x117
 1160 04fd 65040000 		.4byte	0x465
 1161 0501 1C       		.byte	0x1c
 1162 0502 07       		.uleb128 0x7
 1163 0503 6C7200   		.ascii	"lr\000"
 1164 0506 09       		.byte	0x9
 1165 0507 1801     		.2byte	0x118
 1166 0509 65040000 		.4byte	0x465
 1167 050d 20       		.byte	0x20
 1168 050e 00       		.byte	0
 1169 050f 09       		.uleb128 0x9
 1170 0510 04       		.byte	0x4
 1171 0511 94040000 		.4byte	0x494
 1172 0515 10       		.uleb128 0x10
 1173 0516 04       		.byte	0x4
 1174 0517 0A       		.byte	0xa
 1175 0518 38       		.byte	0x38
 1176 0519 2A050000 		.4byte	0x52a
 1177 051d 06       		.uleb128 0x6
 1178 051e 30050000 		.4byte	.LASF86
 1179 0522 0A       		.byte	0xa
 1180 0523 3C       		.byte	0x3c
 1181 0524 CE000000 		.4byte	0xce
 1182 0528 00       		.byte	0
 1183 0529 00       		.byte	0
 1184 052a 03       		.uleb128 0x3
 1185 052b 67030000 		.4byte	.LASF87
 1186 052f 0A       		.byte	0xa
 1187 0530 3D       		.byte	0x3d
 1188 0531 15050000 		.4byte	0x515
 1189 0535 11       		.uleb128 0x11
 1190 0536 04       		.byte	0x4
 1191 0537 07       		.byte	0x7
 1192 0538 FA       		.byte	0xfa
ARM GAS  /tmp/ccjzPVJz.s 			page 22


 1193 0539 92050000 		.4byte	0x592
 1194 053d 12       		.uleb128 0x12
 1195 053e 19000000 		.4byte	.LASF88
 1196 0542 07       		.byte	0x7
 1197 0543 0101     		.2byte	0x101
 1198 0545 10010000 		.4byte	0x110
 1199 0549 12       		.uleb128 0x12
 1200 054a 72000000 		.4byte	.LASF89
 1201 054e 07       		.byte	0x7
 1202 054f 0801     		.2byte	0x108
 1203 0551 10010000 		.4byte	0x110
 1204 0555 12       		.uleb128 0x12
 1205 0556 98050000 		.4byte	.LASF90
 1206 055a 07       		.byte	0x7
 1207 055b 0F01     		.2byte	0x10f
 1208 055d 28030000 		.4byte	0x328
 1209 0561 12       		.uleb128 0x12
 1210 0562 15010000 		.4byte	.LASF91
 1211 0566 07       		.byte	0x7
 1212 0567 1601     		.2byte	0x116
 1213 0569 92050000 		.4byte	0x592
 1214 056d 12       		.uleb128 0x12
 1215 056e C9010000 		.4byte	.LASF92
 1216 0572 07       		.byte	0x7
 1217 0573 1E01     		.2byte	0x11e
 1218 0575 BD050000 		.4byte	0x5bd
 1219 0579 12       		.uleb128 0x12
 1220 057a 8F040000 		.4byte	.LASF93
 1221 057e 07       		.byte	0x7
 1222 057f 2701     		.2byte	0x127
 1223 0581 F4050000 		.4byte	0x5f4
 1224 0585 12       		.uleb128 0x12
 1225 0586 43040000 		.4byte	.LASF94
 1226 058a 07       		.byte	0x7
 1227 058b 2F01     		.2byte	0x12f
 1228 058d 1B010000 		.4byte	0x11b
 1229 0591 00       		.byte	0
 1230 0592 09       		.uleb128 0x9
 1231 0593 04       		.byte	0x4
 1232 0594 40020000 		.4byte	0x240
 1233 0598 05       		.uleb128 0x5
 1234 0599 6E040000 		.4byte	.LASF95
 1235 059d 0C       		.byte	0xc
 1236 059e 0B       		.byte	0xb
 1237 059f 34       		.byte	0x34
 1238 05a0 BD050000 		.4byte	0x5bd
 1239 05a4 06       		.uleb128 0x6
 1240 05a5 4D010000 		.4byte	.LASF96
 1241 05a9 0B       		.byte	0xb
 1242 05aa 35       		.byte	0x35
 1243 05ab 75020000 		.4byte	0x275
 1244 05af 00       		.byte	0
 1245 05b0 06       		.uleb128 0x6
 1246 05b1 DB010000 		.4byte	.LASF97
 1247 05b5 0B       		.byte	0xb
 1248 05b6 37       		.byte	0x37
 1249 05b7 26010000 		.4byte	0x126
ARM GAS  /tmp/ccjzPVJz.s 			page 23


 1250 05bb 08       		.byte	0x8
 1251 05bc 00       		.byte	0
 1252 05bd 09       		.uleb128 0x9
 1253 05be 04       		.byte	0x4
 1254 05bf 98050000 		.4byte	0x598
 1255 05c3 05       		.uleb128 0x5
 1256 05c4 6F050000 		.4byte	.LASF98
 1257 05c8 10       		.byte	0x10
 1258 05c9 0C       		.byte	0xc
 1259 05ca 39       		.byte	0x39
 1260 05cb F4050000 		.4byte	0x5f4
 1261 05cf 06       		.uleb128 0x6
 1262 05d0 F1000000 		.4byte	.LASF99
 1263 05d4 0C       		.byte	0xc
 1264 05d5 3A       		.byte	0x3a
 1265 05d6 75020000 		.4byte	0x275
 1266 05da 00       		.byte	0
 1267 05db 06       		.uleb128 0x6
 1268 05dc C2050000 		.4byte	.LASF100
 1269 05e0 0C       		.byte	0xc
 1270 05e1 3C       		.byte	0x3c
 1271 05e2 4B020000 		.4byte	0x24b
 1272 05e6 08       		.byte	0x8
 1273 05e7 06       		.uleb128 0x6
 1274 05e8 F6040000 		.4byte	.LASF101
 1275 05ec 0C       		.byte	0xc
 1276 05ed 3E       		.byte	0x3e
 1277 05ee 37060000 		.4byte	0x637
 1278 05f2 0C       		.byte	0xc
 1279 05f3 00       		.byte	0
 1280 05f4 09       		.uleb128 0x9
 1281 05f5 04       		.byte	0x4
 1282 05f6 C3050000 		.4byte	0x5c3
 1283 05fa 09       		.uleb128 0x9
 1284 05fb 04       		.byte	0x4
 1285 05fc 00060000 		.4byte	0x600
 1286 0600 13       		.uleb128 0x13
 1287 0601 05060000 		.4byte	0x605
 1288 0605 04       		.uleb128 0x4
 1289 0606 01       		.byte	0x1
 1290 0607 08       		.byte	0x8
 1291 0608 DB040000 		.4byte	.LASF102
 1292 060c 09       		.uleb128 0x9
 1293 060d 04       		.byte	0x4
 1294 060e 2A030000 		.4byte	0x32a
 1295 0612 14       		.uleb128 0x14
 1296 0613 31010000 		.4byte	0x131
 1297 0617 14       		.uleb128 0x14
 1298 0618 FA050000 		.4byte	0x5fa
 1299 061c 15       		.uleb128 0x15
 1300 061d 70040000 		.4byte	0x470
 1301 0621 2C060000 		.4byte	0x62c
 1302 0625 16       		.uleb128 0x16
 1303 0626 5E040000 		.4byte	0x45e
 1304 062a 1A       		.byte	0x1a
 1305 062b 00       		.byte	0
 1306 062c 03       		.uleb128 0x3
ARM GAS  /tmp/ccjzPVJz.s 			page 24


 1307 062d 6E010000 		.4byte	.LASF103
 1308 0631 0C       		.byte	0xc
 1309 0632 34       		.byte	0x34
 1310 0633 C3050000 		.4byte	0x5c3
 1311 0637 09       		.uleb128 0x9
 1312 0638 04       		.byte	0x4
 1313 0639 2C060000 		.4byte	0x62c
 1314 063d 03       		.uleb128 0x3
 1315 063e 4E000000 		.4byte	.LASF104
 1316 0642 0D       		.byte	0xd
 1317 0643 34       		.byte	0x34
 1318 0644 48060000 		.4byte	0x648
 1319 0648 09       		.uleb128 0x9
 1320 0649 04       		.byte	0x4
 1321 064a 4E060000 		.4byte	0x64e
 1322 064e 17       		.uleb128 0x17
 1323 064f 28030000 		.4byte	0x328
 1324 0653 5D060000 		.4byte	0x65d
 1325 0657 0C       		.uleb128 0xc
 1326 0658 2C000000 		.4byte	0x2c
 1327 065c 00       		.byte	0
 1328 065d 03       		.uleb128 0x3
 1329 065e 37010000 		.4byte	.LASF105
 1330 0662 0E       		.byte	0xe
 1331 0663 3C       		.byte	0x3c
 1332 0664 68060000 		.4byte	0x668
 1333 0668 05       		.uleb128 0x5
 1334 0669 D8050000 		.4byte	.LASF106
 1335 066d 20       		.byte	0x20
 1336 066e 0E       		.byte	0xe
 1337 066f 4F       		.byte	0x4f
 1338 0670 99060000 		.4byte	0x699
 1339 0674 06       		.uleb128 0x6
 1340 0675 8D050000 		.4byte	.LASF107
 1341 0679 0E       		.byte	0xe
 1342 067a 50       		.byte	0x50
 1343 067b 3D060000 		.4byte	0x63d
 1344 067f 00       		.byte	0
 1345 0680 06       		.uleb128 0x6
 1346 0681 7B000000 		.4byte	.LASF108
 1347 0685 0E       		.byte	0xe
 1348 0686 52       		.byte	0x52
 1349 0687 B8060000 		.4byte	0x6b8
 1350 068b 08       		.byte	0x8
 1351 068c 06       		.uleb128 0x6
 1352 068d E3000000 		.4byte	.LASF109
 1353 0691 0E       		.byte	0xe
 1354 0692 54       		.byte	0x54
 1355 0693 2C060000 		.4byte	0x62c
 1356 0697 10       		.byte	0x10
 1357 0698 00       		.byte	0
 1358 0699 11       		.uleb128 0x11
 1359 069a 04       		.byte	0x4
 1360 069b 0E       		.byte	0xe
 1361 069c 44       		.byte	0x44
 1362 069d B8060000 		.4byte	0x6b8
 1363 06a1 18       		.uleb128 0x18
ARM GAS  /tmp/ccjzPVJz.s 			page 25


 1364 06a2 14000000 		.4byte	.LASF110
 1365 06a6 0E       		.byte	0xe
 1366 06a7 45       		.byte	0x45
 1367 06a8 D9060000 		.4byte	0x6d9
 1368 06ac 18       		.uleb128 0x18
 1369 06ad B7040000 		.4byte	.LASF111
 1370 06b1 0E       		.byte	0xe
 1371 06b2 46       		.byte	0x46
 1372 06b3 DF060000 		.4byte	0x6df
 1373 06b7 00       		.byte	0
 1374 06b8 19       		.uleb128 0x19
 1375 06b9 0A040000 		.4byte	.LASF126
 1376 06bd 08       		.byte	0x8
 1377 06be 0E       		.byte	0xe
 1378 06bf 41       		.byte	0x41
 1379 06c0 D9060000 		.4byte	0x6d9
 1380 06c4 18       		.uleb128 0x18
 1381 06c5 AB000000 		.4byte	.LASF112
 1382 06c9 0E       		.byte	0xe
 1383 06ca 42       		.byte	0x42
 1384 06cb 70040000 		.4byte	0x470
 1385 06cf 1A       		.uleb128 0x1a
 1386 06d0 6800     		.ascii	"h\000"
 1387 06d2 0E       		.byte	0xe
 1388 06d3 49       		.byte	0x49
 1389 06d4 E5060000 		.4byte	0x6e5
 1390 06d8 00       		.byte	0
 1391 06d9 09       		.uleb128 0x9
 1392 06da 04       		.byte	0x4
 1393 06db B8060000 		.4byte	0x6b8
 1394 06df 09       		.uleb128 0x9
 1395 06e0 04       		.byte	0x4
 1396 06e1 5D060000 		.4byte	0x65d
 1397 06e5 10       		.uleb128 0x10
 1398 06e6 08       		.byte	0x8
 1399 06e7 0E       		.byte	0xe
 1400 06e8 43       		.byte	0x43
 1401 06e9 04070000 		.4byte	0x704
 1402 06ed 0F       		.uleb128 0xf
 1403 06ee 7500     		.ascii	"u\000"
 1404 06f0 0E       		.byte	0xe
 1405 06f1 47       		.byte	0x47
 1406 06f2 99060000 		.4byte	0x699
 1407 06f6 00       		.byte	0
 1408 06f7 06       		.uleb128 0x6
 1409 06f8 AC050000 		.4byte	.LASF113
 1410 06fc 0E       		.byte	0xe
 1411 06fd 48       		.byte	0x48
 1412 06fe 2C000000 		.4byte	0x2c
 1413 0702 04       		.byte	0x4
 1414 0703 00       		.byte	0
 1415 0704 1B       		.uleb128 0x1b
 1416 0705 76010000 		.4byte	.LASF127
 1417 0709 01       		.byte	0x1
 1418 070a 5B       		.byte	0x5b
 1419 070b 00000000 		.4byte	.LFB230
 1420 070f 28000000 		.4byte	.LFE230-.LFB230
ARM GAS  /tmp/ccjzPVJz.s 			page 26


 1421 0713 01       		.uleb128 0x1
 1422 0714 9C       		.byte	0x9c
 1423 0715 1C       		.uleb128 0x1c
 1424 0716 FC020000 		.4byte	.LASF115
 1425 071a 01       		.byte	0x1
 1426 071b 72       		.byte	0x72
 1427 071c 30000000 		.4byte	.LFB231
 1428 0720 40000000 		.4byte	.LFE231-.LFB231
 1429 0724 01       		.uleb128 0x1
 1430 0725 9C       		.byte	0x9c
 1431 0726 6B070000 		.4byte	0x76b
 1432 072a 1D       		.uleb128 0x1d
 1433 072b A5000000 		.4byte	.LASF114
 1434 072f 01       		.byte	0x1
 1435 0730 72       		.byte	0x72
 1436 0731 DF060000 		.4byte	0x6df
 1437 0735 02       		.uleb128 0x2
 1438 0736 91       		.byte	0x91
 1439 0737 6C       		.sleb128 -20
 1440 0738 1E       		.uleb128 0x1e
 1441 0739 62756600 		.ascii	"buf\000"
 1442 073d 01       		.byte	0x1
 1443 073e 72       		.byte	0x72
 1444 073f 28030000 		.4byte	0x328
 1445 0743 02       		.uleb128 0x2
 1446 0744 91       		.byte	0x91
 1447 0745 68       		.sleb128 -24
 1448 0746 1D       		.uleb128 0x1d
 1449 0747 AC050000 		.4byte	.LASF113
 1450 074b 01       		.byte	0x1
 1451 074c 72       		.byte	0x72
 1452 074d 2C000000 		.4byte	0x2c
 1453 0751 02       		.uleb128 0x2
 1454 0752 91       		.byte	0x91
 1455 0753 64       		.sleb128 -28
 1456 0754 1F       		.uleb128 0x1f
 1457 0755 687000   		.ascii	"hp\000"
 1458 0758 01       		.byte	0x1
 1459 0759 73       		.byte	0x73
 1460 075a D9060000 		.4byte	0x6d9
 1461 075e 02       		.uleb128 0x2
 1462 075f 91       		.byte	0x91
 1463 0760 74       		.sleb128 -12
 1464 0761 20       		.uleb128 0x20
 1465 0762 59040000 		.4byte	.LASF117
 1466 0766 7B070000 		.4byte	0x77b
 1467 076a 00       		.byte	0
 1468 076b 15       		.uleb128 0x15
 1469 076c 05060000 		.4byte	0x605
 1470 0770 7B070000 		.4byte	0x77b
 1471 0774 16       		.uleb128 0x16
 1472 0775 5E040000 		.4byte	0x45e
 1473 0779 10       		.byte	0x10
 1474 077a 00       		.byte	0
 1475 077b 13       		.uleb128 0x13
 1476 077c 6B070000 		.4byte	0x76b
 1477 0780 21       		.uleb128 0x21
ARM GAS  /tmp/ccjzPVJz.s 			page 27


 1478 0781 62040000 		.4byte	.LASF118
 1479 0785 01       		.byte	0x1
 1480 0786 93       		.byte	0x93
 1481 0787 28030000 		.4byte	0x328
 1482 078b 70000000 		.4byte	.LFB232
 1483 078f F0000000 		.4byte	.LFE232-.LFB232
 1484 0793 01       		.uleb128 0x1
 1485 0794 9C       		.byte	0x9c
 1486 0795 DD070000 		.4byte	0x7dd
 1487 0799 1D       		.uleb128 0x1d
 1488 079a A5000000 		.4byte	.LASF114
 1489 079e 01       		.byte	0x1
 1490 079f 93       		.byte	0x93
 1491 07a0 DF060000 		.4byte	0x6df
 1492 07a4 02       		.uleb128 0x2
 1493 07a5 91       		.byte	0x91
 1494 07a6 64       		.sleb128 -28
 1495 07a7 1D       		.uleb128 0x1d
 1496 07a8 AC050000 		.4byte	.LASF113
 1497 07ac 01       		.byte	0x1
 1498 07ad 93       		.byte	0x93
 1499 07ae 2C000000 		.4byte	0x2c
 1500 07b2 02       		.uleb128 0x2
 1501 07b3 91       		.byte	0x91
 1502 07b4 60       		.sleb128 -32
 1503 07b5 1F       		.uleb128 0x1f
 1504 07b6 717000   		.ascii	"qp\000"
 1505 07b9 01       		.byte	0x1
 1506 07ba 94       		.byte	0x94
 1507 07bb D9060000 		.4byte	0x6d9
 1508 07bf 02       		.uleb128 0x2
 1509 07c0 91       		.byte	0x91
 1510 07c1 74       		.sleb128 -12
 1511 07c2 1F       		.uleb128 0x1f
 1512 07c3 687000   		.ascii	"hp\000"
 1513 07c6 01       		.byte	0x1
 1514 07c7 94       		.byte	0x94
 1515 07c8 D9060000 		.4byte	0x6d9
 1516 07cc 02       		.uleb128 0x2
 1517 07cd 91       		.byte	0x91
 1518 07ce 70       		.sleb128 -16
 1519 07cf 1F       		.uleb128 0x1f
 1520 07d0 667000   		.ascii	"fp\000"
 1521 07d3 01       		.byte	0x1
 1522 07d4 94       		.byte	0x94
 1523 07d5 D9060000 		.4byte	0x6d9
 1524 07d9 02       		.uleb128 0x2
 1525 07da 91       		.byte	0x91
 1526 07db 6C       		.sleb128 -20
 1527 07dc 00       		.byte	0
 1528 07dd 1C       		.uleb128 0x1c
 1529 07de F9000000 		.4byte	.LASF116
 1530 07e2 01       		.byte	0x1
 1531 07e3 D5       		.byte	0xd5
 1532 07e4 60010000 		.4byte	.LFB233
 1533 07e8 CE000000 		.4byte	.LFE233-.LFB233
 1534 07ec 01       		.uleb128 0x1
ARM GAS  /tmp/ccjzPVJz.s 			page 28


 1535 07ed 9C       		.byte	0x9c
 1536 07ee 30080000 		.4byte	0x830
 1537 07f2 1E       		.uleb128 0x1e
 1538 07f3 7000     		.ascii	"p\000"
 1539 07f5 01       		.byte	0x1
 1540 07f6 D5       		.byte	0xd5
 1541 07f7 28030000 		.4byte	0x328
 1542 07fb 02       		.uleb128 0x2
 1543 07fc 91       		.byte	0x91
 1544 07fd 64       		.sleb128 -28
 1545 07fe 1F       		.uleb128 0x1f
 1546 07ff 717000   		.ascii	"qp\000"
 1547 0802 01       		.byte	0x1
 1548 0803 D6       		.byte	0xd6
 1549 0804 D9060000 		.4byte	0x6d9
 1550 0808 02       		.uleb128 0x2
 1551 0809 91       		.byte	0x91
 1552 080a 74       		.sleb128 -12
 1553 080b 1F       		.uleb128 0x1f
 1554 080c 687000   		.ascii	"hp\000"
 1555 080f 01       		.byte	0x1
 1556 0810 D6       		.byte	0xd6
 1557 0811 D9060000 		.4byte	0x6d9
 1558 0815 02       		.uleb128 0x2
 1559 0816 91       		.byte	0x91
 1560 0817 70       		.sleb128 -16
 1561 0818 22       		.uleb128 0x22
 1562 0819 A5000000 		.4byte	.LASF114
 1563 081d 01       		.byte	0x1
 1564 081e D7       		.byte	0xd7
 1565 081f DF060000 		.4byte	0x6df
 1566 0823 02       		.uleb128 0x2
 1567 0824 91       		.byte	0x91
 1568 0825 6C       		.sleb128 -20
 1569 0826 20       		.uleb128 0x20
 1570 0827 59040000 		.4byte	.LASF117
 1571 082b 40080000 		.4byte	0x840
 1572 082f 00       		.byte	0
 1573 0830 15       		.uleb128 0x15
 1574 0831 05060000 		.4byte	0x605
 1575 0835 40080000 		.4byte	0x840
 1576 0839 16       		.uleb128 0x16
 1577 083a 5E040000 		.4byte	0x45e
 1578 083e 0A       		.byte	0xa
 1579 083f 00       		.byte	0
 1580 0840 13       		.uleb128 0x13
 1581 0841 30080000 		.4byte	0x830
 1582 0845 23       		.uleb128 0x23
 1583 0846 E9040000 		.4byte	.LASF119
 1584 084a 01       		.byte	0x1
 1585 084b 0B01     		.2byte	0x10b
 1586 084d 2C000000 		.4byte	0x2c
 1587 0851 30020000 		.4byte	.LFB234
 1588 0855 70000000 		.4byte	.LFE234-.LFB234
 1589 0859 01       		.uleb128 0x1
 1590 085a 9C       		.byte	0x9c
 1591 085b A7080000 		.4byte	0x8a7
ARM GAS  /tmp/ccjzPVJz.s 			page 29


 1592 085f 24       		.uleb128 0x24
 1593 0860 A5000000 		.4byte	.LASF114
 1594 0864 01       		.byte	0x1
 1595 0865 0B01     		.2byte	0x10b
 1596 0867 DF060000 		.4byte	0x6df
 1597 086b 02       		.uleb128 0x2
 1598 086c 91       		.byte	0x91
 1599 086d 64       		.sleb128 -28
 1600 086e 24       		.uleb128 0x24
 1601 086f 9F050000 		.4byte	.LASF120
 1602 0873 01       		.byte	0x1
 1603 0874 0B01     		.2byte	0x10b
 1604 0876 A7080000 		.4byte	0x8a7
 1605 087a 02       		.uleb128 0x2
 1606 087b 91       		.byte	0x91
 1607 087c 60       		.sleb128 -32
 1608 087d 25       		.uleb128 0x25
 1609 087e 717000   		.ascii	"qp\000"
 1610 0881 01       		.byte	0x1
 1611 0882 0C01     		.2byte	0x10c
 1612 0884 D9060000 		.4byte	0x6d9
 1613 0888 02       		.uleb128 0x2
 1614 0889 91       		.byte	0x91
 1615 088a 74       		.sleb128 -12
 1616 088b 25       		.uleb128 0x25
 1617 088c 6E00     		.ascii	"n\000"
 1618 088e 01       		.byte	0x1
 1619 088f 0D01     		.2byte	0x10d
 1620 0891 2C000000 		.4byte	0x2c
 1621 0895 02       		.uleb128 0x2
 1622 0896 91       		.byte	0x91
 1623 0897 70       		.sleb128 -16
 1624 0898 25       		.uleb128 0x25
 1625 0899 737A00   		.ascii	"sz\000"
 1626 089c 01       		.byte	0x1
 1627 089d 0D01     		.2byte	0x10d
 1628 089f 2C000000 		.4byte	0x2c
 1629 08a3 02       		.uleb128 0x2
 1630 08a4 91       		.byte	0x91
 1631 08a5 6C       		.sleb128 -20
 1632 08a6 00       		.byte	0
 1633 08a7 09       		.uleb128 0x9
 1634 08a8 04       		.byte	0x4
 1635 08a9 2C000000 		.4byte	0x2c
 1636 08ad 22       		.uleb128 0x22
 1637 08ae CE040000 		.4byte	.LASF121
 1638 08b2 01       		.byte	0x1
 1639 08b3 4C       		.byte	0x4c
 1640 08b4 5D060000 		.4byte	0x65d
 1641 08b8 05       		.uleb128 0x5
 1642 08b9 03       		.byte	0x3
 1643 08ba 00000000 		.4byte	default_heap
 1644 08be 26       		.uleb128 0x26
 1645 08bf 98000000 		.4byte	.LASF122
 1646 08c3 0F       		.byte	0xf
 1647 08c4 FA06     		.2byte	0x6fa
 1648 08c6 CA080000 		.4byte	0x8ca
ARM GAS  /tmp/ccjzPVJz.s 			page 30


 1649 08ca 14       		.uleb128 0x14
 1650 08cb AD000000 		.4byte	0xad
 1651 08cf 27       		.uleb128 0x27
 1652 08d0 636800   		.ascii	"ch\000"
 1653 08d3 07       		.byte	0x7
 1654 08d4 0902     		.2byte	0x209
 1655 08d6 F7030000 		.4byte	0x3f7
 1656 08da 00       		.byte	0
 1657              		.section	.debug_abbrev,"",%progbits
 1658              	.Ldebug_abbrev0:
 1659 0000 01       		.uleb128 0x1
 1660 0001 11       		.uleb128 0x11
 1661 0002 01       		.byte	0x1
 1662 0003 25       		.uleb128 0x25
 1663 0004 0E       		.uleb128 0xe
 1664 0005 13       		.uleb128 0x13
 1665 0006 0B       		.uleb128 0xb
 1666 0007 03       		.uleb128 0x3
 1667 0008 0E       		.uleb128 0xe
 1668 0009 1B       		.uleb128 0x1b
 1669 000a 0E       		.uleb128 0xe
 1670 000b 11       		.uleb128 0x11
 1671 000c 01       		.uleb128 0x1
 1672 000d 12       		.uleb128 0x12
 1673 000e 06       		.uleb128 0x6
 1674 000f 10       		.uleb128 0x10
 1675 0010 17       		.uleb128 0x17
 1676 0011 00       		.byte	0
 1677 0012 00       		.byte	0
 1678 0013 02       		.uleb128 0x2
 1679 0014 24       		.uleb128 0x24
 1680 0015 00       		.byte	0
 1681 0016 0B       		.uleb128 0xb
 1682 0017 0B       		.uleb128 0xb
 1683 0018 3E       		.uleb128 0x3e
 1684 0019 0B       		.uleb128 0xb
 1685 001a 03       		.uleb128 0x3
 1686 001b 08       		.uleb128 0x8
 1687 001c 00       		.byte	0
 1688 001d 00       		.byte	0
 1689 001e 03       		.uleb128 0x3
 1690 001f 16       		.uleb128 0x16
 1691 0020 00       		.byte	0
 1692 0021 03       		.uleb128 0x3
 1693 0022 0E       		.uleb128 0xe
 1694 0023 3A       		.uleb128 0x3a
 1695 0024 0B       		.uleb128 0xb
 1696 0025 3B       		.uleb128 0x3b
 1697 0026 0B       		.uleb128 0xb
 1698 0027 49       		.uleb128 0x49
 1699 0028 13       		.uleb128 0x13
 1700 0029 00       		.byte	0
 1701 002a 00       		.byte	0
 1702 002b 04       		.uleb128 0x4
 1703 002c 24       		.uleb128 0x24
 1704 002d 00       		.byte	0
 1705 002e 0B       		.uleb128 0xb
ARM GAS  /tmp/ccjzPVJz.s 			page 31


 1706 002f 0B       		.uleb128 0xb
 1707 0030 3E       		.uleb128 0x3e
 1708 0031 0B       		.uleb128 0xb
 1709 0032 03       		.uleb128 0x3
 1710 0033 0E       		.uleb128 0xe
 1711 0034 00       		.byte	0
 1712 0035 00       		.byte	0
 1713 0036 05       		.uleb128 0x5
 1714 0037 13       		.uleb128 0x13
 1715 0038 01       		.byte	0x1
 1716 0039 03       		.uleb128 0x3
 1717 003a 0E       		.uleb128 0xe
 1718 003b 0B       		.uleb128 0xb
 1719 003c 0B       		.uleb128 0xb
 1720 003d 3A       		.uleb128 0x3a
 1721 003e 0B       		.uleb128 0xb
 1722 003f 3B       		.uleb128 0x3b
 1723 0040 0B       		.uleb128 0xb
 1724 0041 01       		.uleb128 0x1
 1725 0042 13       		.uleb128 0x13
 1726 0043 00       		.byte	0
 1727 0044 00       		.byte	0
 1728 0045 06       		.uleb128 0x6
 1729 0046 0D       		.uleb128 0xd
 1730 0047 00       		.byte	0
 1731 0048 03       		.uleb128 0x3
 1732 0049 0E       		.uleb128 0xe
 1733 004a 3A       		.uleb128 0x3a
 1734 004b 0B       		.uleb128 0xb
 1735 004c 3B       		.uleb128 0x3b
 1736 004d 0B       		.uleb128 0xb
 1737 004e 49       		.uleb128 0x49
 1738 004f 13       		.uleb128 0x13
 1739 0050 38       		.uleb128 0x38
 1740 0051 0B       		.uleb128 0xb
 1741 0052 00       		.byte	0
 1742 0053 00       		.byte	0
 1743 0054 07       		.uleb128 0x7
 1744 0055 0D       		.uleb128 0xd
 1745 0056 00       		.byte	0
 1746 0057 03       		.uleb128 0x3
 1747 0058 08       		.uleb128 0x8
 1748 0059 3A       		.uleb128 0x3a
 1749 005a 0B       		.uleb128 0xb
 1750 005b 3B       		.uleb128 0x3b
 1751 005c 05       		.uleb128 0x5
 1752 005d 49       		.uleb128 0x49
 1753 005e 13       		.uleb128 0x13
 1754 005f 38       		.uleb128 0x38
 1755 0060 0B       		.uleb128 0xb
 1756 0061 00       		.byte	0
 1757 0062 00       		.byte	0
 1758 0063 08       		.uleb128 0x8
 1759 0064 0D       		.uleb128 0xd
 1760 0065 00       		.byte	0
 1761 0066 03       		.uleb128 0x3
 1762 0067 0E       		.uleb128 0xe
ARM GAS  /tmp/ccjzPVJz.s 			page 32


 1763 0068 3A       		.uleb128 0x3a
 1764 0069 0B       		.uleb128 0xb
 1765 006a 3B       		.uleb128 0x3b
 1766 006b 05       		.uleb128 0x5
 1767 006c 49       		.uleb128 0x49
 1768 006d 13       		.uleb128 0x13
 1769 006e 38       		.uleb128 0x38
 1770 006f 0B       		.uleb128 0xb
 1771 0070 00       		.byte	0
 1772 0071 00       		.byte	0
 1773 0072 09       		.uleb128 0x9
 1774 0073 0F       		.uleb128 0xf
 1775 0074 00       		.byte	0
 1776 0075 0B       		.uleb128 0xb
 1777 0076 0B       		.uleb128 0xb
 1778 0077 49       		.uleb128 0x49
 1779 0078 13       		.uleb128 0x13
 1780 0079 00       		.byte	0
 1781 007a 00       		.byte	0
 1782 007b 0A       		.uleb128 0xa
 1783 007c 13       		.uleb128 0x13
 1784 007d 01       		.byte	0x1
 1785 007e 03       		.uleb128 0x3
 1786 007f 0E       		.uleb128 0xe
 1787 0080 0B       		.uleb128 0xb
 1788 0081 0B       		.uleb128 0xb
 1789 0082 3A       		.uleb128 0x3a
 1790 0083 0B       		.uleb128 0xb
 1791 0084 3B       		.uleb128 0x3b
 1792 0085 05       		.uleb128 0x5
 1793 0086 01       		.uleb128 0x1
 1794 0087 13       		.uleb128 0x13
 1795 0088 00       		.byte	0
 1796 0089 00       		.byte	0
 1797 008a 0B       		.uleb128 0xb
 1798 008b 15       		.uleb128 0x15
 1799 008c 01       		.byte	0x1
 1800 008d 27       		.uleb128 0x27
 1801 008e 19       		.uleb128 0x19
 1802 008f 01       		.uleb128 0x1
 1803 0090 13       		.uleb128 0x13
 1804 0091 00       		.byte	0
 1805 0092 00       		.byte	0
 1806 0093 0C       		.uleb128 0xc
 1807 0094 05       		.uleb128 0x5
 1808 0095 00       		.byte	0
 1809 0096 49       		.uleb128 0x49
 1810 0097 13       		.uleb128 0x13
 1811 0098 00       		.byte	0
 1812 0099 00       		.byte	0
 1813 009a 0D       		.uleb128 0xd
 1814 009b 0F       		.uleb128 0xf
 1815 009c 00       		.byte	0
 1816 009d 0B       		.uleb128 0xb
 1817 009e 0B       		.uleb128 0xb
 1818 009f 00       		.byte	0
 1819 00a0 00       		.byte	0
ARM GAS  /tmp/ccjzPVJz.s 			page 33


 1820 00a1 0E       		.uleb128 0xe
 1821 00a2 13       		.uleb128 0x13
 1822 00a3 01       		.byte	0x1
 1823 00a4 03       		.uleb128 0x3
 1824 00a5 0E       		.uleb128 0xe
 1825 00a6 0B       		.uleb128 0xb
 1826 00a7 05       		.uleb128 0x5
 1827 00a8 3A       		.uleb128 0x3a
 1828 00a9 0B       		.uleb128 0xb
 1829 00aa 3B       		.uleb128 0x3b
 1830 00ab 05       		.uleb128 0x5
 1831 00ac 01       		.uleb128 0x1
 1832 00ad 13       		.uleb128 0x13
 1833 00ae 00       		.byte	0
 1834 00af 00       		.byte	0
 1835 00b0 0F       		.uleb128 0xf
 1836 00b1 0D       		.uleb128 0xd
 1837 00b2 00       		.byte	0
 1838 00b3 03       		.uleb128 0x3
 1839 00b4 08       		.uleb128 0x8
 1840 00b5 3A       		.uleb128 0x3a
 1841 00b6 0B       		.uleb128 0xb
 1842 00b7 3B       		.uleb128 0x3b
 1843 00b8 0B       		.uleb128 0xb
 1844 00b9 49       		.uleb128 0x49
 1845 00ba 13       		.uleb128 0x13
 1846 00bb 38       		.uleb128 0x38
 1847 00bc 0B       		.uleb128 0xb
 1848 00bd 00       		.byte	0
 1849 00be 00       		.byte	0
 1850 00bf 10       		.uleb128 0x10
 1851 00c0 13       		.uleb128 0x13
 1852 00c1 01       		.byte	0x1
 1853 00c2 0B       		.uleb128 0xb
 1854 00c3 0B       		.uleb128 0xb
 1855 00c4 3A       		.uleb128 0x3a
 1856 00c5 0B       		.uleb128 0xb
 1857 00c6 3B       		.uleb128 0x3b
 1858 00c7 0B       		.uleb128 0xb
 1859 00c8 01       		.uleb128 0x1
 1860 00c9 13       		.uleb128 0x13
 1861 00ca 00       		.byte	0
 1862 00cb 00       		.byte	0
 1863 00cc 11       		.uleb128 0x11
 1864 00cd 17       		.uleb128 0x17
 1865 00ce 01       		.byte	0x1
 1866 00cf 0B       		.uleb128 0xb
 1867 00d0 0B       		.uleb128 0xb
 1868 00d1 3A       		.uleb128 0x3a
 1869 00d2 0B       		.uleb128 0xb
 1870 00d3 3B       		.uleb128 0x3b
 1871 00d4 0B       		.uleb128 0xb
 1872 00d5 01       		.uleb128 0x1
 1873 00d6 13       		.uleb128 0x13
 1874 00d7 00       		.byte	0
 1875 00d8 00       		.byte	0
 1876 00d9 12       		.uleb128 0x12
ARM GAS  /tmp/ccjzPVJz.s 			page 34


 1877 00da 0D       		.uleb128 0xd
 1878 00db 00       		.byte	0
 1879 00dc 03       		.uleb128 0x3
 1880 00dd 0E       		.uleb128 0xe
 1881 00de 3A       		.uleb128 0x3a
 1882 00df 0B       		.uleb128 0xb
 1883 00e0 3B       		.uleb128 0x3b
 1884 00e1 05       		.uleb128 0x5
 1885 00e2 49       		.uleb128 0x49
 1886 00e3 13       		.uleb128 0x13
 1887 00e4 00       		.byte	0
 1888 00e5 00       		.byte	0
 1889 00e6 13       		.uleb128 0x13
 1890 00e7 26       		.uleb128 0x26
 1891 00e8 00       		.byte	0
 1892 00e9 49       		.uleb128 0x49
 1893 00ea 13       		.uleb128 0x13
 1894 00eb 00       		.byte	0
 1895 00ec 00       		.byte	0
 1896 00ed 14       		.uleb128 0x14
 1897 00ee 35       		.uleb128 0x35
 1898 00ef 00       		.byte	0
 1899 00f0 49       		.uleb128 0x49
 1900 00f1 13       		.uleb128 0x13
 1901 00f2 00       		.byte	0
 1902 00f3 00       		.byte	0
 1903 00f4 15       		.uleb128 0x15
 1904 00f5 01       		.uleb128 0x1
 1905 00f6 01       		.byte	0x1
 1906 00f7 49       		.uleb128 0x49
 1907 00f8 13       		.uleb128 0x13
 1908 00f9 01       		.uleb128 0x1
 1909 00fa 13       		.uleb128 0x13
 1910 00fb 00       		.byte	0
 1911 00fc 00       		.byte	0
 1912 00fd 16       		.uleb128 0x16
 1913 00fe 21       		.uleb128 0x21
 1914 00ff 00       		.byte	0
 1915 0100 49       		.uleb128 0x49
 1916 0101 13       		.uleb128 0x13
 1917 0102 2F       		.uleb128 0x2f
 1918 0103 0B       		.uleb128 0xb
 1919 0104 00       		.byte	0
 1920 0105 00       		.byte	0
 1921 0106 17       		.uleb128 0x17
 1922 0107 15       		.uleb128 0x15
 1923 0108 01       		.byte	0x1
 1924 0109 27       		.uleb128 0x27
 1925 010a 19       		.uleb128 0x19
 1926 010b 49       		.uleb128 0x49
 1927 010c 13       		.uleb128 0x13
 1928 010d 01       		.uleb128 0x1
 1929 010e 13       		.uleb128 0x13
 1930 010f 00       		.byte	0
 1931 0110 00       		.byte	0
 1932 0111 18       		.uleb128 0x18
 1933 0112 0D       		.uleb128 0xd
ARM GAS  /tmp/ccjzPVJz.s 			page 35


 1934 0113 00       		.byte	0
 1935 0114 03       		.uleb128 0x3
 1936 0115 0E       		.uleb128 0xe
 1937 0116 3A       		.uleb128 0x3a
 1938 0117 0B       		.uleb128 0xb
 1939 0118 3B       		.uleb128 0x3b
 1940 0119 0B       		.uleb128 0xb
 1941 011a 49       		.uleb128 0x49
 1942 011b 13       		.uleb128 0x13
 1943 011c 00       		.byte	0
 1944 011d 00       		.byte	0
 1945 011e 19       		.uleb128 0x19
 1946 011f 17       		.uleb128 0x17
 1947 0120 01       		.byte	0x1
 1948 0121 03       		.uleb128 0x3
 1949 0122 0E       		.uleb128 0xe
 1950 0123 0B       		.uleb128 0xb
 1951 0124 0B       		.uleb128 0xb
 1952 0125 3A       		.uleb128 0x3a
 1953 0126 0B       		.uleb128 0xb
 1954 0127 3B       		.uleb128 0x3b
 1955 0128 0B       		.uleb128 0xb
 1956 0129 01       		.uleb128 0x1
 1957 012a 13       		.uleb128 0x13
 1958 012b 00       		.byte	0
 1959 012c 00       		.byte	0
 1960 012d 1A       		.uleb128 0x1a
 1961 012e 0D       		.uleb128 0xd
 1962 012f 00       		.byte	0
 1963 0130 03       		.uleb128 0x3
 1964 0131 08       		.uleb128 0x8
 1965 0132 3A       		.uleb128 0x3a
 1966 0133 0B       		.uleb128 0xb
 1967 0134 3B       		.uleb128 0x3b
 1968 0135 0B       		.uleb128 0xb
 1969 0136 49       		.uleb128 0x49
 1970 0137 13       		.uleb128 0x13
 1971 0138 00       		.byte	0
 1972 0139 00       		.byte	0
 1973 013a 1B       		.uleb128 0x1b
 1974 013b 2E       		.uleb128 0x2e
 1975 013c 00       		.byte	0
 1976 013d 3F       		.uleb128 0x3f
 1977 013e 19       		.uleb128 0x19
 1978 013f 03       		.uleb128 0x3
 1979 0140 0E       		.uleb128 0xe
 1980 0141 3A       		.uleb128 0x3a
 1981 0142 0B       		.uleb128 0xb
 1982 0143 3B       		.uleb128 0x3b
 1983 0144 0B       		.uleb128 0xb
 1984 0145 27       		.uleb128 0x27
 1985 0146 19       		.uleb128 0x19
 1986 0147 11       		.uleb128 0x11
 1987 0148 01       		.uleb128 0x1
 1988 0149 12       		.uleb128 0x12
 1989 014a 06       		.uleb128 0x6
 1990 014b 40       		.uleb128 0x40
ARM GAS  /tmp/ccjzPVJz.s 			page 36


 1991 014c 18       		.uleb128 0x18
 1992 014d 9642     		.uleb128 0x2116
 1993 014f 19       		.uleb128 0x19
 1994 0150 00       		.byte	0
 1995 0151 00       		.byte	0
 1996 0152 1C       		.uleb128 0x1c
 1997 0153 2E       		.uleb128 0x2e
 1998 0154 01       		.byte	0x1
 1999 0155 3F       		.uleb128 0x3f
 2000 0156 19       		.uleb128 0x19
 2001 0157 03       		.uleb128 0x3
 2002 0158 0E       		.uleb128 0xe
 2003 0159 3A       		.uleb128 0x3a
 2004 015a 0B       		.uleb128 0xb
 2005 015b 3B       		.uleb128 0x3b
 2006 015c 0B       		.uleb128 0xb
 2007 015d 27       		.uleb128 0x27
 2008 015e 19       		.uleb128 0x19
 2009 015f 11       		.uleb128 0x11
 2010 0160 01       		.uleb128 0x1
 2011 0161 12       		.uleb128 0x12
 2012 0162 06       		.uleb128 0x6
 2013 0163 40       		.uleb128 0x40
 2014 0164 18       		.uleb128 0x18
 2015 0165 9642     		.uleb128 0x2116
 2016 0167 19       		.uleb128 0x19
 2017 0168 01       		.uleb128 0x1
 2018 0169 13       		.uleb128 0x13
 2019 016a 00       		.byte	0
 2020 016b 00       		.byte	0
 2021 016c 1D       		.uleb128 0x1d
 2022 016d 05       		.uleb128 0x5
 2023 016e 00       		.byte	0
 2024 016f 03       		.uleb128 0x3
 2025 0170 0E       		.uleb128 0xe
 2026 0171 3A       		.uleb128 0x3a
 2027 0172 0B       		.uleb128 0xb
 2028 0173 3B       		.uleb128 0x3b
 2029 0174 0B       		.uleb128 0xb
 2030 0175 49       		.uleb128 0x49
 2031 0176 13       		.uleb128 0x13
 2032 0177 02       		.uleb128 0x2
 2033 0178 18       		.uleb128 0x18
 2034 0179 00       		.byte	0
 2035 017a 00       		.byte	0
 2036 017b 1E       		.uleb128 0x1e
 2037 017c 05       		.uleb128 0x5
 2038 017d 00       		.byte	0
 2039 017e 03       		.uleb128 0x3
 2040 017f 08       		.uleb128 0x8
 2041 0180 3A       		.uleb128 0x3a
 2042 0181 0B       		.uleb128 0xb
 2043 0182 3B       		.uleb128 0x3b
 2044 0183 0B       		.uleb128 0xb
 2045 0184 49       		.uleb128 0x49
 2046 0185 13       		.uleb128 0x13
 2047 0186 02       		.uleb128 0x2
ARM GAS  /tmp/ccjzPVJz.s 			page 37


 2048 0187 18       		.uleb128 0x18
 2049 0188 00       		.byte	0
 2050 0189 00       		.byte	0
 2051 018a 1F       		.uleb128 0x1f
 2052 018b 34       		.uleb128 0x34
 2053 018c 00       		.byte	0
 2054 018d 03       		.uleb128 0x3
 2055 018e 08       		.uleb128 0x8
 2056 018f 3A       		.uleb128 0x3a
 2057 0190 0B       		.uleb128 0xb
 2058 0191 3B       		.uleb128 0x3b
 2059 0192 0B       		.uleb128 0xb
 2060 0193 49       		.uleb128 0x49
 2061 0194 13       		.uleb128 0x13
 2062 0195 02       		.uleb128 0x2
 2063 0196 18       		.uleb128 0x18
 2064 0197 00       		.byte	0
 2065 0198 00       		.byte	0
 2066 0199 20       		.uleb128 0x20
 2067 019a 34       		.uleb128 0x34
 2068 019b 00       		.byte	0
 2069 019c 03       		.uleb128 0x3
 2070 019d 0E       		.uleb128 0xe
 2071 019e 49       		.uleb128 0x49
 2072 019f 13       		.uleb128 0x13
 2073 01a0 34       		.uleb128 0x34
 2074 01a1 19       		.uleb128 0x19
 2075 01a2 00       		.byte	0
 2076 01a3 00       		.byte	0
 2077 01a4 21       		.uleb128 0x21
 2078 01a5 2E       		.uleb128 0x2e
 2079 01a6 01       		.byte	0x1
 2080 01a7 3F       		.uleb128 0x3f
 2081 01a8 19       		.uleb128 0x19
 2082 01a9 03       		.uleb128 0x3
 2083 01aa 0E       		.uleb128 0xe
 2084 01ab 3A       		.uleb128 0x3a
 2085 01ac 0B       		.uleb128 0xb
 2086 01ad 3B       		.uleb128 0x3b
 2087 01ae 0B       		.uleb128 0xb
 2088 01af 27       		.uleb128 0x27
 2089 01b0 19       		.uleb128 0x19
 2090 01b1 49       		.uleb128 0x49
 2091 01b2 13       		.uleb128 0x13
 2092 01b3 11       		.uleb128 0x11
 2093 01b4 01       		.uleb128 0x1
 2094 01b5 12       		.uleb128 0x12
 2095 01b6 06       		.uleb128 0x6
 2096 01b7 40       		.uleb128 0x40
 2097 01b8 18       		.uleb128 0x18
 2098 01b9 9642     		.uleb128 0x2116
 2099 01bb 19       		.uleb128 0x19
 2100 01bc 01       		.uleb128 0x1
 2101 01bd 13       		.uleb128 0x13
 2102 01be 00       		.byte	0
 2103 01bf 00       		.byte	0
 2104 01c0 22       		.uleb128 0x22
ARM GAS  /tmp/ccjzPVJz.s 			page 38


 2105 01c1 34       		.uleb128 0x34
 2106 01c2 00       		.byte	0
 2107 01c3 03       		.uleb128 0x3
 2108 01c4 0E       		.uleb128 0xe
 2109 01c5 3A       		.uleb128 0x3a
 2110 01c6 0B       		.uleb128 0xb
 2111 01c7 3B       		.uleb128 0x3b
 2112 01c8 0B       		.uleb128 0xb
 2113 01c9 49       		.uleb128 0x49
 2114 01ca 13       		.uleb128 0x13
 2115 01cb 02       		.uleb128 0x2
 2116 01cc 18       		.uleb128 0x18
 2117 01cd 00       		.byte	0
 2118 01ce 00       		.byte	0
 2119 01cf 23       		.uleb128 0x23
 2120 01d0 2E       		.uleb128 0x2e
 2121 01d1 01       		.byte	0x1
 2122 01d2 3F       		.uleb128 0x3f
 2123 01d3 19       		.uleb128 0x19
 2124 01d4 03       		.uleb128 0x3
 2125 01d5 0E       		.uleb128 0xe
 2126 01d6 3A       		.uleb128 0x3a
 2127 01d7 0B       		.uleb128 0xb
 2128 01d8 3B       		.uleb128 0x3b
 2129 01d9 05       		.uleb128 0x5
 2130 01da 27       		.uleb128 0x27
 2131 01db 19       		.uleb128 0x19
 2132 01dc 49       		.uleb128 0x49
 2133 01dd 13       		.uleb128 0x13
 2134 01de 11       		.uleb128 0x11
 2135 01df 01       		.uleb128 0x1
 2136 01e0 12       		.uleb128 0x12
 2137 01e1 06       		.uleb128 0x6
 2138 01e2 40       		.uleb128 0x40
 2139 01e3 18       		.uleb128 0x18
 2140 01e4 9642     		.uleb128 0x2116
 2141 01e6 19       		.uleb128 0x19
 2142 01e7 01       		.uleb128 0x1
 2143 01e8 13       		.uleb128 0x13
 2144 01e9 00       		.byte	0
 2145 01ea 00       		.byte	0
 2146 01eb 24       		.uleb128 0x24
 2147 01ec 05       		.uleb128 0x5
 2148 01ed 00       		.byte	0
 2149 01ee 03       		.uleb128 0x3
 2150 01ef 0E       		.uleb128 0xe
 2151 01f0 3A       		.uleb128 0x3a
 2152 01f1 0B       		.uleb128 0xb
 2153 01f2 3B       		.uleb128 0x3b
 2154 01f3 05       		.uleb128 0x5
 2155 01f4 49       		.uleb128 0x49
 2156 01f5 13       		.uleb128 0x13
 2157 01f6 02       		.uleb128 0x2
 2158 01f7 18       		.uleb128 0x18
 2159 01f8 00       		.byte	0
 2160 01f9 00       		.byte	0
 2161 01fa 25       		.uleb128 0x25
ARM GAS  /tmp/ccjzPVJz.s 			page 39


 2162 01fb 34       		.uleb128 0x34
 2163 01fc 00       		.byte	0
 2164 01fd 03       		.uleb128 0x3
 2165 01fe 08       		.uleb128 0x8
 2166 01ff 3A       		.uleb128 0x3a
 2167 0200 0B       		.uleb128 0xb
 2168 0201 3B       		.uleb128 0x3b
 2169 0202 05       		.uleb128 0x5
 2170 0203 49       		.uleb128 0x49
 2171 0204 13       		.uleb128 0x13
 2172 0205 02       		.uleb128 0x2
 2173 0206 18       		.uleb128 0x18
 2174 0207 00       		.byte	0
 2175 0208 00       		.byte	0
 2176 0209 26       		.uleb128 0x26
 2177 020a 34       		.uleb128 0x34
 2178 020b 00       		.byte	0
 2179 020c 03       		.uleb128 0x3
 2180 020d 0E       		.uleb128 0xe
 2181 020e 3A       		.uleb128 0x3a
 2182 020f 0B       		.uleb128 0xb
 2183 0210 3B       		.uleb128 0x3b
 2184 0211 05       		.uleb128 0x5
 2185 0212 49       		.uleb128 0x49
 2186 0213 13       		.uleb128 0x13
 2187 0214 3F       		.uleb128 0x3f
 2188 0215 19       		.uleb128 0x19
 2189 0216 3C       		.uleb128 0x3c
 2190 0217 19       		.uleb128 0x19
 2191 0218 00       		.byte	0
 2192 0219 00       		.byte	0
 2193 021a 27       		.uleb128 0x27
 2194 021b 34       		.uleb128 0x34
 2195 021c 00       		.byte	0
 2196 021d 03       		.uleb128 0x3
 2197 021e 08       		.uleb128 0x8
 2198 021f 3A       		.uleb128 0x3a
 2199 0220 0B       		.uleb128 0xb
 2200 0221 3B       		.uleb128 0x3b
 2201 0222 05       		.uleb128 0x5
 2202 0223 49       		.uleb128 0x49
 2203 0224 13       		.uleb128 0x13
 2204 0225 3F       		.uleb128 0x3f
 2205 0226 19       		.uleb128 0x19
 2206 0227 3C       		.uleb128 0x3c
 2207 0228 19       		.uleb128 0x19
 2208 0229 00       		.byte	0
 2209 022a 00       		.byte	0
 2210 022b 00       		.byte	0
 2211              		.section	.debug_aranges,"",%progbits
 2212 0000 1C000000 		.4byte	0x1c
 2213 0004 0200     		.2byte	0x2
 2214 0006 00000000 		.4byte	.Ldebug_info0
 2215 000a 04       		.byte	0x4
 2216 000b 00       		.byte	0
 2217 000c 0000     		.2byte	0
 2218 000e 0000     		.2byte	0
ARM GAS  /tmp/ccjzPVJz.s 			page 40


 2219 0010 00000000 		.4byte	.Ltext0
 2220 0014 A0020000 		.4byte	.Letext0-.Ltext0
 2221 0018 00000000 		.4byte	0
 2222 001c 00000000 		.4byte	0
 2223              		.section	.debug_line,"",%progbits
 2224              	.Ldebug_line0:
 2225 0000 53030000 		.section	.debug_str,"MS",%progbits,1
 2225      0200C502 
 2225      00000201 
 2225      FB0E0D00 
 2225      01010101 
 2226              	.LASF53:
 2227 0000 72656164 		.ascii	"ready_list_t\000"
 2227      795F6C69 
 2227      73745F74 
 2227      00
 2228              	.LASF2:
 2229 000d 73697A65 		.ascii	"size_t\000"
 2229      5F7400
 2230              	.LASF110:
 2231 0014 6E657874 		.ascii	"next\000"
 2231      00
 2232              	.LASF88:
 2233 0019 7264796D 		.ascii	"rdymsg\000"
 2233      736700
 2234              	.LASF17:
 2235 0020 75696E74 		.ascii	"uint64_t\000"
 2235      36345F74 
 2235      00
 2236              	.LASF3:
 2237 0029 5F5F7569 		.ascii	"__uint8_t\000"
 2237      6E74385F 
 2237      7400
 2238              	.LASF85:
 2239 0033 706F7274 		.ascii	"port_intctx\000"
 2239      5F696E74 
 2239      63747800 
 2240              	.LASF72:
 2241 003f 73797374 		.ascii	"system_debug_t\000"
 2241      656D5F64 
 2241      65627567 
 2241      5F7400
 2242              	.LASF104:
 2243 004e 6D656D67 		.ascii	"memgetfunc_t\000"
 2243      65746675 
 2243      6E635F74 
 2243      00
 2244              	.LASF13:
 2245 005b 6C6F6E67 		.ascii	"long long unsigned int\000"
 2245      206C6F6E 
 2245      6720756E 
 2245      7369676E 
 2245      65642069 
 2246              	.LASF89:
 2247 0072 65786974 		.ascii	"exitcode\000"
 2247      636F6465 
 2247      00
ARM GAS  /tmp/ccjzPVJz.s 			page 41


 2248              	.LASF108:
 2249 007b 685F6672 		.ascii	"h_free\000"
 2249      656500
 2250              	.LASF69:
 2251 0082 76697274 		.ascii	"virtual_timers_list_t\000"
 2251      75616C5F 
 2251      74696D65 
 2251      72735F6C 
 2251      6973745F 
 2252              	.LASF122:
 2253 0098 49544D5F 		.ascii	"ITM_RxBuffer\000"
 2253      52784275 
 2253      66666572 
 2253      00
 2254              	.LASF114:
 2255 00a5 68656170 		.ascii	"heapp\000"
 2255      7000
 2256              	.LASF112:
 2257 00ab 616C6967 		.ascii	"align\000"
 2257      6E00
 2258              	.LASF52:
 2259 00b1 63685F74 		.ascii	"ch_threads_queue\000"
 2259      68726561 
 2259      64735F71 
 2259      75657565 
 2259      00
 2260              	.LASF31:
 2261 00c2 705F7072 		.ascii	"p_prio\000"
 2261      696F00
 2262              	.LASF11:
 2263 00c9 6C6F6E67 		.ascii	"long long int\000"
 2263      206C6F6E 
 2263      6720696E 
 2263      7400
 2264              	.LASF1:
 2265 00d7 7369676E 		.ascii	"signed char\000"
 2265      65642063 
 2265      68617200 
 2266              	.LASF109:
 2267 00e3 685F6D74 		.ascii	"h_mtx\000"
 2267      7800
 2268              	.LASF46:
 2269 00e9 705F6D70 		.ascii	"p_mpool\000"
 2269      6F6F6C00 
 2270              	.LASF99:
 2271 00f1 6D5F7175 		.ascii	"m_queue\000"
 2271      65756500 
 2272              	.LASF116:
 2273 00f9 63684865 		.ascii	"chHeapFree\000"
 2273      61704672 
 2273      656500
 2274              	.LASF78:
 2275 0104 76746C69 		.ascii	"vtlist\000"
 2275      737400
 2276              	.LASF22:
 2277 010b 74736C69 		.ascii	"tslices_t\000"
 2277      6365735F 
ARM GAS  /tmp/ccjzPVJz.s 			page 42


 2277      7400
 2278              	.LASF91:
 2279 0115 77747472 		.ascii	"wttrp\000"
 2279      7000
 2280              	.LASF76:
 2281 011b 63685F73 		.ascii	"ch_system\000"
 2281      79737465 
 2281      6D00
 2282              	.LASF8:
 2283 0125 6C6F6E67 		.ascii	"long int\000"
 2283      20696E74 
 2283      00
 2284              	.LASF20:
 2285 012e 74737461 		.ascii	"tstate_t\000"
 2285      74655F74 
 2285      00
 2286              	.LASF105:
 2287 0137 6D656D6F 		.ascii	"memory_heap_t\000"
 2287      72795F68 
 2287      6561705F 
 2287      7400
 2288              	.LASF33:
 2289 0145 705F6E65 		.ascii	"p_newer\000"
 2289      77657200 
 2290              	.LASF96:
 2291 014d 735F7175 		.ascii	"s_queue\000"
 2291      65756500 
 2292              	.LASF58:
 2293 0155 725F6E65 		.ascii	"r_newer\000"
 2293      77657200 
 2294              	.LASF82:
 2295 015d 72656761 		.ascii	"regarm_t\000"
 2295      726D5F74 
 2295      00
 2296              	.LASF65:
 2297 0166 76745F70 		.ascii	"vt_prev\000"
 2297      72657600 
 2298              	.LASF103:
 2299 016e 6D757465 		.ascii	"mutex_t\000"
 2299      785F7400 
 2300              	.LASF127:
 2301 0176 5F686561 		.ascii	"_heap_init\000"
 2301      705F696E 
 2301      697400
 2302              	.LASF80:
 2303 0181 69646C65 		.ascii	"idle_thread_wa\000"
 2303      5F746872 
 2303      6561645F 
 2303      776100
 2304              	.LASF124:
 2305 0190 2E2E2F43 		.ascii	"../ChibiOS/os/rt/src/chheap.c\000"
 2305      68696269 
 2305      4F532F6F 
 2305      732F7274 
 2305      2F737263 
 2306              	.LASF26:
 2307 01ae 636E745F 		.ascii	"cnt_t\000"
ARM GAS  /tmp/ccjzPVJz.s 			page 43


 2307      7400
 2308              	.LASF0:
 2309 01b4 756E7369 		.ascii	"unsigned int\000"
 2309      676E6564 
 2309      20696E74 
 2309      00
 2310              	.LASF64:
 2311 01c1 76745F6E 		.ascii	"vt_next\000"
 2311      65787400 
 2312              	.LASF92:
 2313 01c9 77747365 		.ascii	"wtsemp\000"
 2313      6D7000
 2314              	.LASF41:
 2315 01d0 705F6D73 		.ascii	"p_msgqueue\000"
 2315      67717565 
 2315      756500
 2316              	.LASF97:
 2317 01db 735F636E 		.ascii	"s_cnt\000"
 2317      7400
 2318              	.LASF6:
 2319 01e1 73686F72 		.ascii	"short unsigned int\000"
 2319      7420756E 
 2319      7369676E 
 2319      65642069 
 2319      6E7400
 2320              	.LASF49:
 2321 01f4 63685F74 		.ascii	"ch_thread\000"
 2321      68726561 
 2321      6400
 2322              	.LASF79:
 2323 01fe 6D61696E 		.ascii	"mainthread\000"
 2323      74687265 
 2323      616400
 2324              	.LASF24:
 2325 0209 6D73675F 		.ascii	"msg_t\000"
 2325      7400
 2326              	.LASF75:
 2327 020f 63685F73 		.ascii	"ch_system_t\000"
 2327      79737465 
 2327      6D5F7400 
 2328              	.LASF19:
 2329 021b 746D6F64 		.ascii	"tmode_t\000"
 2329      655F7400 
 2330              	.LASF123:
 2331 0223 474E5520 		.ascii	"GNU C 4.8.4 20140526 (release) [ARM/embedded-4_8-br"
 2331      4320342E 
 2331      382E3420 
 2331      32303134 
 2331      30353236 
 2332 0256 616E6368 		.ascii	"anch revision 211358] -mcpu=cortex-m4 -mno-thumb-in"
 2332      20726576 
 2332      6973696F 
 2332      6E203231 
 2332      31333538 
 2333 0289 74657277 		.ascii	"terwork -mthumb -ggdb -O0 -fomit-frame-pointer -fal"
 2333      6F726B20 
 2333      2D6D7468 
ARM GAS  /tmp/ccjzPVJz.s 			page 44


 2333      756D6220 
 2333      2D676764 
 2334 02bc 69676E2D 		.ascii	"ign-functions=16\000"
 2334      66756E63 
 2334      74696F6E 
 2334      733D3136 
 2334      00
 2335              	.LASF54:
 2336 02cd 63685F72 		.ascii	"ch_ready_list\000"
 2336      65616479 
 2336      5F6C6973 
 2336      7400
 2337              	.LASF25:
 2338 02db 6576656E 		.ascii	"eventmask_t\000"
 2338      746D6173 
 2338      6B5F7400 
 2339              	.LASF7:
 2340 02e7 5F5F696E 		.ascii	"__int32_t\000"
 2340      7433325F 
 2340      7400
 2341              	.LASF83:
 2342 02f1 73746B61 		.ascii	"stkalign_t\000"
 2342      6C69676E 
 2342      5F7400
 2343              	.LASF115:
 2344 02fc 63684865 		.ascii	"chHeapObjectInit\000"
 2344      61704F62 
 2344      6A656374 
 2344      496E6974 
 2344      00
 2345              	.LASF48:
 2346 030d 74687265 		.ascii	"threads_list_t\000"
 2346      6164735F 
 2346      6C697374 
 2346      5F7400
 2347              	.LASF40:
 2348 031c 705F7761 		.ascii	"p_waiting\000"
 2348      6974696E 
 2348      6700
 2349              	.LASF81:
 2350 0326 73697A65 		.ascii	"sizetype\000"
 2350      74797065 
 2350      00
 2351              	.LASF47:
 2352 032f 74687265 		.ascii	"thread_reference_t\000"
 2352      61645F72 
 2352      65666572 
 2352      656E6365 
 2352      5F7400
 2353              	.LASF70:
 2354 0342 63685F76 		.ascii	"ch_virtual_timers_list\000"
 2354      69727475 
 2354      616C5F74 
 2354      696D6572 
 2354      735F6C69 
 2355              	.LASF34:
 2356 0359 705F6F6C 		.ascii	"p_older\000"
ARM GAS  /tmp/ccjzPVJz.s 			page 45


 2356      64657200 
 2357              	.LASF57:
 2358 0361 725F6374 		.ascii	"r_ctx\000"
 2358      7800
 2359              	.LASF87:
 2360 0367 746D5F63 		.ascii	"tm_calibration_t\000"
 2360      616C6962 
 2360      72617469 
 2360      6F6E5F74 
 2360      00
 2361              	.LASF60:
 2362 0378 725F6375 		.ascii	"r_current\000"
 2362      7272656E 
 2362      7400
 2363              	.LASF59:
 2364 0382 725F6F6C 		.ascii	"r_older\000"
 2364      64657200 
 2365              	.LASF12:
 2366 038a 5F5F7569 		.ascii	"__uint64_t\000"
 2366      6E743634 
 2366      5F7400
 2367              	.LASF21:
 2368 0395 74726566 		.ascii	"trefs_t\000"
 2368      735F7400 
 2369              	.LASF62:
 2370 039d 76697274 		.ascii	"virtual_timer_t\000"
 2370      75616C5F 
 2370      74696D65 
 2370      725F7400 
 2371              	.LASF30:
 2372 03ad 705F7072 		.ascii	"p_prev\000"
 2372      657600
 2373              	.LASF23:
 2374 03b4 74707269 		.ascii	"tprio_t\000"
 2374      6F5F7400 
 2375              	.LASF125:
 2376 03bc 2F752F65 		.ascii	"/u/elawton2/p442-submissions/sensortile\000"
 2376      6C617774 
 2376      6F6E322F 
 2376      70343432 
 2376      2D737562 
 2377              	.LASF73:
 2378 03e4 63685F73 		.ascii	"ch_system_debug\000"
 2378      79737465 
 2378      6D5F6465 
 2378      62756700 
 2379              	.LASF15:
 2380 03f4 696E7433 		.ascii	"int32_t\000"
 2380      325F7400 
 2381              	.LASF4:
 2382 03fc 756E7369 		.ascii	"unsigned char\000"
 2382      676E6564 
 2382      20636861 
 2382      7200
 2383              	.LASF126:
 2384 040a 68656170 		.ascii	"heap_header\000"
 2384      5F686561 
ARM GAS  /tmp/ccjzPVJz.s 			page 46


 2384      64657200 
 2385              	.LASF44:
 2386 0416 705F6D74 		.ascii	"p_mtxlist\000"
 2386      786C6973 
 2386      7400
 2387              	.LASF5:
 2388 0420 73686F72 		.ascii	"short int\000"
 2388      7420696E 
 2388      7400
 2389              	.LASF36:
 2390 042a 705F7374 		.ascii	"p_state\000"
 2390      61746500 
 2391              	.LASF39:
 2392 0432 705F7072 		.ascii	"p_preempt\000"
 2392      65656D70 
 2392      7400
 2393              	.LASF56:
 2394 043c 725F7072 		.ascii	"r_prio\000"
 2394      696F00
 2395              	.LASF94:
 2396 0443 65776D61 		.ascii	"ewmask\000"
 2396      736B00
 2397              	.LASF29:
 2398 044a 705F6E65 		.ascii	"p_next\000"
 2398      787400
 2399              	.LASF37:
 2400 0451 705F666C 		.ascii	"p_flags\000"
 2400      61677300 
 2401              	.LASF117:
 2402 0459 5F5F6675 		.ascii	"__func__\000"
 2402      6E635F5F 
 2402      00
 2403              	.LASF118:
 2404 0462 63684865 		.ascii	"chHeapAlloc\000"
 2404      6170416C 
 2404      6C6F6300 
 2405              	.LASF95:
 2406 046e 63685F73 		.ascii	"ch_semaphore\000"
 2406      656D6170 
 2406      686F7265 
 2406      00
 2407              	.LASF43:
 2408 047b 705F6570 		.ascii	"p_epending\000"
 2408      656E6469 
 2408      6E6700
 2409              	.LASF16:
 2410 0486 75696E74 		.ascii	"uint32_t\000"
 2410      33325F74 
 2410      00
 2411              	.LASF93:
 2412 048f 77746D74 		.ascii	"wtmtxp\000"
 2412      787000
 2413              	.LASF55:
 2414 0496 725F7175 		.ascii	"r_queue\000"
 2414      65756500 
 2415              	.LASF66:
 2416 049e 76745F64 		.ascii	"vt_delta\000"
ARM GAS  /tmp/ccjzPVJz.s 			page 47


 2416      656C7461 
 2416      00
 2417              	.LASF50:
 2418 04a7 63685F74 		.ascii	"ch_threads_list\000"
 2418      68726561 
 2418      64735F6C 
 2418      69737400 
 2419              	.LASF111:
 2420 04b7 68656170 		.ascii	"heap\000"
 2420      00
 2421              	.LASF10:
 2422 04bc 6C6F6E67 		.ascii	"long unsigned int\000"
 2422      20756E73 
 2422      69676E65 
 2422      6420696E 
 2422      7400
 2423              	.LASF121:
 2424 04ce 64656661 		.ascii	"default_heap\000"
 2424      756C745F 
 2424      68656170 
 2424      00
 2425              	.LASF102:
 2426 04db 63686172 		.ascii	"char\000"
 2426      00
 2427              	.LASF28:
 2428 04e0 74687265 		.ascii	"thread_t\000"
 2428      61645F74 
 2428      00
 2429              	.LASF119:
 2430 04e9 63684865 		.ascii	"chHeapStatus\000"
 2430      61705374 
 2430      61747573 
 2430      00
 2431              	.LASF101:
 2432 04f6 6D5F6E65 		.ascii	"m_next\000"
 2432      787400
 2433              	.LASF27:
 2434 04fd 73797374 		.ascii	"systime_t\000"
 2434      696D655F 
 2434      7400
 2435              	.LASF45:
 2436 0507 705F7265 		.ascii	"p_realprio\000"
 2436      616C7072 
 2436      696F00
 2437              	.LASF61:
 2438 0512 76746675 		.ascii	"vtfunc_t\000"
 2438      6E635F74 
 2438      00
 2439              	.LASF9:
 2440 051b 5F5F7569 		.ascii	"__uint32_t\000"
 2440      6E743332 
 2440      5F7400
 2441              	.LASF74:
 2442 0526 70616E69 		.ascii	"panic_msg\000"
 2442      635F6D73 
 2442      6700
 2443              	.LASF86:
ARM GAS  /tmp/ccjzPVJz.s 			page 48


 2444 0530 6F666673 		.ascii	"offset\000"
 2444      657400
 2445              	.LASF84:
 2446 0537 636F6E74 		.ascii	"context\000"
 2446      65787400 
 2447              	.LASF63:
 2448 053f 63685F76 		.ascii	"ch_virtual_timer\000"
 2448      69727475 
 2448      616C5F74 
 2448      696D6572 
 2448      00
 2449              	.LASF18:
 2450 0550 7274636E 		.ascii	"rtcnt_t\000"
 2450      745F7400 
 2451              	.LASF68:
 2452 0558 76745F70 		.ascii	"vt_par\000"
 2452      617200
 2453              	.LASF51:
 2454 055f 74687265 		.ascii	"threads_queue_t\000"
 2454      6164735F 
 2454      71756575 
 2454      655F7400 
 2455              	.LASF98:
 2456 056f 63685F6D 		.ascii	"ch_mutex\000"
 2456      75746578 
 2456      00
 2457              	.LASF38:
 2458 0578 705F7265 		.ascii	"p_refs\000"
 2458      667300
 2459              	.LASF77:
 2460 057f 726C6973 		.ascii	"rlist\000"
 2460      7400
 2461              	.LASF14:
 2462 0585 75696E74 		.ascii	"uint8_t\000"
 2462      385F7400 
 2463              	.LASF107:
 2464 058d 685F7072 		.ascii	"h_provider\000"
 2464      6F766964 
 2464      657200
 2465              	.LASF90:
 2466 0598 77746F62 		.ascii	"wtobjp\000"
 2466      6A7000
 2467              	.LASF120:
 2468 059f 73697A65 		.ascii	"sizep\000"
 2468      7000
 2469              	.LASF35:
 2470 05a5 705F6E61 		.ascii	"p_name\000"
 2470      6D6500
 2471              	.LASF113:
 2472 05ac 73697A65 		.ascii	"size\000"
 2472      00
 2473              	.LASF71:
 2474 05b1 76745F73 		.ascii	"vt_systime\000"
 2474      79737469 
 2474      6D6500
 2475              	.LASF42:
 2476 05bc 705F6D73 		.ascii	"p_msg\000"
ARM GAS  /tmp/ccjzPVJz.s 			page 49


 2476      6700
 2477              	.LASF100:
 2478 05c2 6D5F6F77 		.ascii	"m_owner\000"
 2478      6E657200 
 2479              	.LASF32:
 2480 05ca 705F6374 		.ascii	"p_ctx\000"
 2480      7800
 2481              	.LASF67:
 2482 05d0 76745F66 		.ascii	"vt_func\000"
 2482      756E6300 
 2483              	.LASF106:
 2484 05d8 6D656D6F 		.ascii	"memory_heap\000"
 2484      72795F68 
 2484      65617000 
 2485              		.ident	"GCC: (GNU Tools for ARM Embedded Processors) 4.8.4 20140526 (release) [ARM/embedded-4_8-br
ARM GAS  /tmp/ccjzPVJz.s 			page 50


DEFINED SYMBOLS
                            *ABS*:00000000 chheap.c
     /tmp/ccjzPVJz.s:19     .bss:00000000 $d
     /tmp/ccjzPVJz.s:20     .bss:00000000 default_heap
     /tmp/ccjzPVJz.s:23     .text:00000000 $t
     /tmp/ccjzPVJz.s:29     .text:00000000 _heap_init
     /tmp/ccjzPVJz.s:60     .text:0000001c $d
     /tmp/ccjzPVJz.s:66     .text:00000028 $t
     /tmp/ccjzPVJz.s:72     .text:00000030 chHeapObjectInit
     /tmp/ccjzPVJz.s:128    .text:00000070 chHeapAlloc
     /tmp/ccjzPVJz.s:290    .text:0000015c $d
     /tmp/ccjzPVJz.s:294    .text:00000160 $t
     /tmp/ccjzPVJz.s:300    .text:00000160 chHeapFree
     /tmp/ccjzPVJz.s:446    .text:00000230 chHeapStatus
     /tmp/ccjzPVJz.s:530    .text:0000029c $d
                     .debug_frame:00000010 $d

UNDEFINED SYMBOLS
chMtxObjectInit
chCoreAlloc
chMtxLock
chMtxUnlock
