ARM GAS  /tmp/cctyL78a.s 			page 1


   1              		.syntax unified
   2              		.cpu cortex-m4
   3              		.fpu softvfp
   4              		.eabi_attribute 20, 1
   5              		.eabi_attribute 21, 1
   6              		.eabi_attribute 23, 3
   7              		.eabi_attribute 24, 1
   8              		.eabi_attribute 25, 1
   9              		.eabi_attribute 26, 1
  10              		.eabi_attribute 30, 6
  11              		.eabi_attribute 34, 1
  12              		.eabi_attribute 18, 4
  13              		.thumb
  14              		.file	"nvic.c"
  15              		.text
  16              	.Ltext0:
  17              		.cfi_sections	.debug_frame
  18              		.align	2
  19              		.p2align 4,,15
  20              		.global	nvicEnableVector
  21              		.thumb
  22              		.thumb_func
  23              		.type	nvicEnableVector, %function
  24              	nvicEnableVector:
  25              	.LFB267:
  26              		.file 1 "../ChibiOS/os/hal/ports/common/ARMCMx/nvic.c"
  27              		.loc 1 57 0
  28              		.cfi_startproc
  29              		@ args = 0, pretend = 0, frame = 8
  30              		@ frame_needed = 0, uses_anonymous_args = 0
  31              		@ link register save eliminated.
  32 0000 82B0     		sub	sp, sp, #8
  33              		.cfi_def_cfa_offset 8
  34 0002 0190     		str	r0, [sp, #4]
  35 0004 0091     		str	r1, [sp]
  36              		.loc 1 63 0
  37 0006 1149     		ldr	r1, .L2
  38 0008 009B     		ldr	r3, [sp]
  39 000a DBB2     		uxtb	r3, r3
  40 000c 1B01     		lsls	r3, r3, #4
  41 000e DAB2     		uxtb	r2, r3
  42 0010 019B     		ldr	r3, [sp, #4]
  43 0012 0B44     		add	r3, r3, r1
  44 0014 03F54073 		add	r3, r3, #768
  45 0018 1A70     		strb	r2, [r3]
  46              		.loc 1 65 0
  47 001a 0C4B     		ldr	r3, .L2
  48 001c 019A     		ldr	r2, [sp, #4]
  49 001e 5209     		lsrs	r2, r2, #5
  50 0020 0199     		ldr	r1, [sp, #4]
  51 0022 01F01F01 		and	r1, r1, #31
  52 0026 0120     		movs	r0, #1
  53 0028 00FA01F1 		lsl	r1, r0, r1
  54 002c 6032     		adds	r2, r2, #96
  55 002e 43F82210 		str	r1, [r3, r2, lsl #2]
  56              		.loc 1 66 0
  57 0032 064B     		ldr	r3, .L2
ARM GAS  /tmp/cctyL78a.s 			page 2


  58 0034 019A     		ldr	r2, [sp, #4]
  59 0036 5209     		lsrs	r2, r2, #5
  60 0038 0199     		ldr	r1, [sp, #4]
  61 003a 01F01F01 		and	r1, r1, #31
  62 003e 0120     		movs	r0, #1
  63 0040 00FA01F1 		lsl	r1, r0, r1
  64 0044 43F82210 		str	r1, [r3, r2, lsl #2]
  65              		.loc 1 67 0
  66 0048 02B0     		add	sp, sp, #8
  67              		@ sp needed
  68 004a 7047     		bx	lr
  69              	.L3:
  70              		.align	2
  71              	.L2:
  72 004c 00E100E0 		.word	-536813312
  73              		.cfi_endproc
  74              	.LFE267:
  75              		.size	nvicEnableVector, .-nvicEnableVector
  76              		.align	2
  77              		.p2align 4,,15
  78              		.global	nvicDisableVector
  79              		.thumb
  80              		.thumb_func
  81              		.type	nvicDisableVector, %function
  82              	nvicDisableVector:
  83              	.LFB268:
  84              		.loc 1 74 0
  85              		.cfi_startproc
  86              		@ args = 0, pretend = 0, frame = 8
  87              		@ frame_needed = 0, uses_anonymous_args = 0
  88              		@ link register save eliminated.
  89 0050 82B0     		sub	sp, sp, #8
  90              		.cfi_def_cfa_offset 8
  91 0052 0190     		str	r0, [sp, #4]
  92              		.loc 1 76 0
  93 0054 0A4B     		ldr	r3, .L5
  94 0056 019A     		ldr	r2, [sp, #4]
  95 0058 5209     		lsrs	r2, r2, #5
  96 005a 0199     		ldr	r1, [sp, #4]
  97 005c 01F01F01 		and	r1, r1, #31
  98 0060 0120     		movs	r0, #1
  99 0062 00FA01F1 		lsl	r1, r0, r1
 100 0066 2032     		adds	r2, r2, #32
 101 0068 43F82210 		str	r1, [r3, r2, lsl #2]
 102              		.loc 1 80 0
 103 006c 044A     		ldr	r2, .L5
 104 006e 019B     		ldr	r3, [sp, #4]
 105 0070 1344     		add	r3, r3, r2
 106 0072 03F54073 		add	r3, r3, #768
 107 0076 0022     		movs	r2, #0
 108 0078 1A70     		strb	r2, [r3]
 109              		.loc 1 82 0
 110 007a 02B0     		add	sp, sp, #8
 111              		@ sp needed
 112 007c 7047     		bx	lr
 113              	.L6:
 114 007e 00BF     		.align	2
ARM GAS  /tmp/cctyL78a.s 			page 3


 115              	.L5:
 116 0080 00E100E0 		.word	-536813312
 117              		.cfi_endproc
 118              	.LFE268:
 119              		.size	nvicDisableVector, .-nvicDisableVector
 120              		.align	2
 121 0084 AFF30080 		.p2align 4,,15
 121      AFF30080 
 121      AFF30080 
 122              		.global	nvicSetSystemHandlerPriority
 123              		.thumb
 124              		.thumb_func
 125              		.type	nvicSetSystemHandlerPriority, %function
 126              	nvicSetSystemHandlerPriority:
 127              	.LFB269:
 128              		.loc 1 90 0
 129              		.cfi_startproc
 130              		@ args = 0, pretend = 0, frame = 8
 131              		@ frame_needed = 0, uses_anonymous_args = 0
 132              		@ link register save eliminated.
 133 0090 82B0     		sub	sp, sp, #8
 134              		.cfi_def_cfa_offset 8
 135 0092 0190     		str	r0, [sp, #4]
 136 0094 0091     		str	r1, [sp]
 137              		.loc 1 100 0
 138 0096 0549     		ldr	r1, .L8
 139 0098 009B     		ldr	r3, [sp]
 140 009a DBB2     		uxtb	r3, r3
 141 009c 1B01     		lsls	r3, r3, #4
 142 009e DAB2     		uxtb	r2, r3
 143 00a0 019B     		ldr	r3, [sp, #4]
 144 00a2 0B44     		add	r3, r3, r1
 145 00a4 1833     		adds	r3, r3, #24
 146 00a6 1A70     		strb	r2, [r3]
 147              		.loc 1 102 0
 148 00a8 02B0     		add	sp, sp, #8
 149              		@ sp needed
 150 00aa 7047     		bx	lr
 151              	.L9:
 152              		.align	2
 153              	.L8:
 154 00ac 00ED00E0 		.word	-536810240
 155              		.cfi_endproc
 156              	.LFE269:
 157              		.size	nvicSetSystemHandlerPriority, .-nvicSetSystemHandlerPriority
 158              		.align	2
 159              		.p2align 4,,15
 160              		.global	nvicClearPending
 161              		.thumb
 162              		.thumb_func
 163              		.type	nvicClearPending, %function
 164              	nvicClearPending:
 165              	.LFB270:
 166              		.loc 1 109 0
 167              		.cfi_startproc
 168              		@ args = 0, pretend = 0, frame = 8
 169              		@ frame_needed = 0, uses_anonymous_args = 0
ARM GAS  /tmp/cctyL78a.s 			page 4


 170              		@ link register save eliminated.
 171 00b0 82B0     		sub	sp, sp, #8
 172              		.cfi_def_cfa_offset 8
 173 00b2 0190     		str	r0, [sp, #4]
 174              		.loc 1 111 0
 175 00b4 064B     		ldr	r3, .L11
 176 00b6 019A     		ldr	r2, [sp, #4]
 177 00b8 5209     		lsrs	r2, r2, #5
 178 00ba 0199     		ldr	r1, [sp, #4]
 179 00bc 01F01F01 		and	r1, r1, #31
 180 00c0 0120     		movs	r0, #1
 181 00c2 00FA01F1 		lsl	r1, r0, r1
 182 00c6 6032     		adds	r2, r2, #96
 183 00c8 43F82210 		str	r1, [r3, r2, lsl #2]
 184              		.loc 1 112 0
 185 00cc 02B0     		add	sp, sp, #8
 186              		@ sp needed
 187 00ce 7047     		bx	lr
 188              	.L12:
 189              		.align	2
 190              	.L11:
 191 00d0 00E100E0 		.word	-536813312
 192              		.cfi_endproc
 193              	.LFE270:
 194              		.size	nvicClearPending, .-nvicClearPending
 195              	.Letext0:
 196              		.file 2 "/nfs/nfs5/home/research/hardware/arm2/gcc-arm-embedded/gcc-arm-none-eabi-4_8-2014q2/arm-n
 197              		.file 3 "/nfs/nfs5/home/research/hardware/arm2/gcc-arm-embedded/gcc-arm-none-eabi-4_8-2014q2/arm-n
 198              		.file 4 "../ChibiOS/os/rt/ports/ARMCMx/compilers/GCC/chtypes.h"
 199              		.file 5 "../ChibiOS/os/rt/include/chsystypes.h"
 200              		.file 6 "../ChibiOS/os/rt/include/chschd.h"
 201              		.file 7 "../ChibiOS/os/ext/CMSIS/include/core_cm4.h"
 202              		.file 8 "../ChibiOS/os/rt/ports/ARMCMx/chcore.h"
 203              		.file 9 "../ChibiOS/os/rt/ports/ARMCMx/chcore_v7m.h"
 204              		.file 10 "../ChibiOS/os/rt/include/chtm.h"
 205              		.file 11 "../ChibiOS/os/rt/include/chsem.h"
 206              		.file 12 "../ChibiOS/os/rt/include/chmtx.h"
 207 00d4 AFF30080 		.section	.debug_info,"",%progbits
 207      AFF30080 
 207      AFF30080 
 208              	.Ldebug_info0:
 209 0000 E1090000 		.4byte	0x9e1
 210 0004 0400     		.2byte	0x4
 211 0006 00000000 		.4byte	.Ldebug_abbrev0
 212 000a 04       		.byte	0x4
 213 000b 01       		.uleb128 0x1
 214 000c 4D020000 		.4byte	.LASF139
 215 0010 01       		.byte	0x1
 216 0011 E6010000 		.4byte	.LASF140
 217 0015 00040000 		.4byte	.LASF141
 218 0019 00000000 		.4byte	.Ltext0
 219 001d D4000000 		.4byte	.Letext0-.Ltext0
 220 0021 00000000 		.4byte	.Ldebug_line0
 221 0025 02       		.uleb128 0x2
 222 0026 04       		.byte	0x4
 223 0027 05       		.byte	0x5
 224 0028 696E7400 		.ascii	"int\000"
ARM GAS  /tmp/cctyL78a.s 			page 5


 225 002c 03       		.uleb128 0x3
 226 002d 04       		.byte	0x4
 227 002e 07       		.byte	0x7
 228 002f A2010000 		.4byte	.LASF0
 229 0033 03       		.uleb128 0x3
 230 0034 01       		.byte	0x1
 231 0035 06       		.byte	0x6
 232 0036 EA000000 		.4byte	.LASF1
 233 003a 04       		.uleb128 0x4
 234 003b 37000000 		.4byte	.LASF5
 235 003f 02       		.byte	0x2
 236 0040 1C       		.byte	0x1c
 237 0041 45000000 		.4byte	0x45
 238 0045 03       		.uleb128 0x3
 239 0046 01       		.byte	0x1
 240 0047 08       		.byte	0x8
 241 0048 46040000 		.4byte	.LASF2
 242 004c 03       		.uleb128 0x3
 243 004d 02       		.byte	0x2
 244 004e 05       		.byte	0x5
 245 004f 79040000 		.4byte	.LASF3
 246 0053 03       		.uleb128 0x3
 247 0054 02       		.byte	0x2
 248 0055 07       		.byte	0x7
 249 0056 DF040000 		.4byte	.LASF4
 250 005a 04       		.uleb128 0x4
 251 005b 11030000 		.4byte	.LASF6
 252 005f 02       		.byte	0x2
 253 0060 37       		.byte	0x37
 254 0061 65000000 		.4byte	0x65
 255 0065 03       		.uleb128 0x3
 256 0066 04       		.byte	0x4
 257 0067 05       		.byte	0x5
 258 0068 32010000 		.4byte	.LASF7
 259 006c 04       		.uleb128 0x4
 260 006d A5050000 		.4byte	.LASF8
 261 0071 02       		.byte	0x2
 262 0072 38       		.byte	0x38
 263 0073 77000000 		.4byte	0x77
 264 0077 03       		.uleb128 0x3
 265 0078 04       		.byte	0x4
 266 0079 07       		.byte	0x7
 267 007a 56050000 		.4byte	.LASF9
 268 007e 03       		.uleb128 0x3
 269 007f 08       		.byte	0x8
 270 0080 05       		.byte	0x5
 271 0081 DC000000 		.4byte	.LASF10
 272 0085 04       		.uleb128 0x4
 273 0086 B6030000 		.4byte	.LASF11
 274 008a 02       		.byte	0x2
 275 008b 4E       		.byte	0x4e
 276 008c 90000000 		.4byte	0x90
 277 0090 03       		.uleb128 0x3
 278 0091 08       		.byte	0x8
 279 0092 07       		.byte	0x7
 280 0093 5C000000 		.4byte	.LASF12
 281 0097 04       		.uleb128 0x4
ARM GAS  /tmp/cctyL78a.s 			page 6


 282 0098 03060000 		.4byte	.LASF13
 283 009c 03       		.byte	0x3
 284 009d 2A       		.byte	0x2a
 285 009e 3A000000 		.4byte	0x3a
 286 00a2 04       		.uleb128 0x4
 287 00a3 3E040000 		.4byte	.LASF14
 288 00a7 03       		.byte	0x3
 289 00a8 41       		.byte	0x41
 290 00a9 5A000000 		.4byte	0x5a
 291 00ad 04       		.uleb128 0x4
 292 00ae 25050000 		.4byte	.LASF15
 293 00b2 03       		.byte	0x3
 294 00b3 42       		.byte	0x42
 295 00b4 6C000000 		.4byte	0x6c
 296 00b8 04       		.uleb128 0x4
 297 00b9 2E000000 		.4byte	.LASF16
 298 00bd 03       		.byte	0x3
 299 00be 4E       		.byte	0x4e
 300 00bf 85000000 		.4byte	0x85
 301 00c3 04       		.uleb128 0x4
 302 00c4 C9050000 		.4byte	.LASF17
 303 00c8 04       		.byte	0x4
 304 00c9 39       		.byte	0x39
 305 00ca AD000000 		.4byte	0xad
 306 00ce 04       		.uleb128 0x4
 307 00cf 45020000 		.4byte	.LASF18
 308 00d3 04       		.byte	0x4
 309 00d4 3C       		.byte	0x3c
 310 00d5 97000000 		.4byte	0x97
 311 00d9 04       		.uleb128 0x4
 312 00da 40010000 		.4byte	.LASF19
 313 00de 04       		.byte	0x4
 314 00df 3D       		.byte	0x3d
 315 00e0 97000000 		.4byte	0x97
 316 00e4 04       		.uleb128 0x4
 317 00e5 C1030000 		.4byte	.LASF20
 318 00e9 04       		.byte	0x4
 319 00ea 3E       		.byte	0x3e
 320 00eb 97000000 		.4byte	0x97
 321 00ef 04       		.uleb128 0x4
 322 00f0 1E010000 		.4byte	.LASF21
 323 00f4 04       		.byte	0x4
 324 00f5 3F       		.byte	0x3f
 325 00f6 97000000 		.4byte	0x97
 326 00fa 04       		.uleb128 0x4
 327 00fb F8030000 		.4byte	.LASF22
 328 00ff 04       		.byte	0x4
 329 0100 40       		.byte	0x40
 330 0101 AD000000 		.4byte	0xad
 331 0105 04       		.uleb128 0x4
 332 0106 22020000 		.4byte	.LASF23
 333 010a 04       		.byte	0x4
 334 010b 41       		.byte	0x41
 335 010c A2000000 		.4byte	0xa2
 336 0110 04       		.uleb128 0x4
 337 0111 05030000 		.4byte	.LASF24
 338 0115 04       		.byte	0x4
ARM GAS  /tmp/cctyL78a.s 			page 7


 339 0116 43       		.byte	0x43
 340 0117 AD000000 		.4byte	0xad
 341 011b 04       		.uleb128 0x4
 342 011c 9C010000 		.4byte	.LASF25
 343 0120 04       		.byte	0x4
 344 0121 45       		.byte	0x45
 345 0122 A2000000 		.4byte	0xa2
 346 0126 04       		.uleb128 0x4
 347 0127 87050000 		.4byte	.LASF26
 348 012b 05       		.byte	0x5
 349 012c 33       		.byte	0x33
 350 012d AD000000 		.4byte	0xad
 351 0131 04       		.uleb128 0x4
 352 0132 77050000 		.4byte	.LASF27
 353 0136 05       		.byte	0x5
 354 0137 3F       		.byte	0x3f
 355 0138 3C010000 		.4byte	0x13c
 356 013c 05       		.uleb128 0x5
 357 013d 13020000 		.4byte	.LASF48
 358 0141 44       		.byte	0x44
 359 0142 06       		.byte	0x6
 360 0143 C2       		.byte	0xc2
 361 0144 35020000 		.4byte	0x235
 362 0148 06       		.uleb128 0x6
 363 0149 C7040000 		.4byte	.LASF28
 364 014d 06       		.byte	0x6
 365 014e C3       		.byte	0xc3
 366 014f 40020000 		.4byte	0x240
 367 0153 00       		.byte	0
 368 0154 06       		.uleb128 0x6
 369 0155 F1030000 		.4byte	.LASF29
 370 0159 06       		.byte	0x6
 371 015a C5       		.byte	0xc5
 372 015b 40020000 		.4byte	0x240
 373 015f 04       		.byte	0x4
 374 0160 06       		.uleb128 0x6
 375 0161 B9000000 		.4byte	.LASF30
 376 0165 06       		.byte	0x6
 377 0166 C7       		.byte	0xc7
 378 0167 FA000000 		.4byte	0xfa
 379 016b 08       		.byte	0x8
 380 016c 06       		.uleb128 0x6
 381 016d 40060000 		.4byte	.LASF31
 382 0171 06       		.byte	0x6
 383 0172 C8       		.byte	0xc8
 384 0173 3B070000 		.4byte	0x73b
 385 0177 0C       		.byte	0xc
 386 0178 06       		.uleb128 0x6
 387 0179 49010000 		.4byte	.LASF32
 388 017d 06       		.byte	0x6
 389 017e CA       		.byte	0xca
 390 017f 40020000 		.4byte	0x240
 391 0183 10       		.byte	0x10
 392 0184 06       		.uleb128 0x6
 393 0185 85030000 		.4byte	.LASF33
 394 0189 06       		.byte	0x6
 395 018a CB       		.byte	0xcb
ARM GAS  /tmp/cctyL78a.s 			page 8


 396 018b 40020000 		.4byte	0x240
 397 018f 14       		.byte	0x14
 398 0190 06       		.uleb128 0x6
 399 0191 20060000 		.4byte	.LASF34
 400 0195 06       		.byte	0x6
 401 0196 D2       		.byte	0xd2
 402 0197 BA080000 		.4byte	0x8ba
 403 019b 18       		.byte	0x18
 404 019c 06       		.uleb128 0x6
 405 019d 67040000 		.4byte	.LASF35
 406 01a1 06       		.byte	0x6
 407 01a2 DD       		.byte	0xdd
 408 01a3 D9000000 		.4byte	0xd9
 409 01a7 1C       		.byte	0x1c
 410 01a8 06       		.uleb128 0x6
 411 01a9 CE040000 		.4byte	.LASF36
 412 01ad 06       		.byte	0x6
 413 01ae E1       		.byte	0xe1
 414 01af CE000000 		.4byte	0xce
 415 01b3 1D       		.byte	0x1d
 416 01b4 06       		.uleb128 0x6
 417 01b5 F1050000 		.4byte	.LASF37
 418 01b9 06       		.byte	0x6
 419 01ba E6       		.byte	0xe6
 420 01bb E4000000 		.4byte	0xe4
 421 01bf 1E       		.byte	0x1e
 422 01c0 06       		.uleb128 0x6
 423 01c1 92040000 		.4byte	.LASF38
 424 01c5 06       		.byte	0x6
 425 01c6 EC       		.byte	0xec
 426 01c7 EF000000 		.4byte	0xef
 427 01cb 1F       		.byte	0x1f
 428 01cc 07       		.uleb128 0x7
 429 01cd 705F7500 		.ascii	"p_u\000"
 430 01d1 06       		.byte	0x6
 431 01d2 3101     		.2byte	0x131
 432 01d4 F5070000 		.4byte	0x7f5
 433 01d8 20       		.byte	0x20
 434 01d9 08       		.uleb128 0x8
 435 01da 3E030000 		.4byte	.LASF39
 436 01de 06       		.byte	0x6
 437 01df 3601     		.2byte	0x136
 438 01e1 46020000 		.4byte	0x246
 439 01e5 24       		.byte	0x24
 440 01e6 08       		.uleb128 0x8
 441 01e7 D0010000 		.4byte	.LASF40
 442 01eb 06       		.byte	0x6
 443 01ec 3C01     		.2byte	0x13c
 444 01ee 6A020000 		.4byte	0x26a
 445 01f2 28       		.byte	0x28
 446 01f3 08       		.uleb128 0x8
 447 01f4 27060000 		.4byte	.LASF41
 448 01f8 06       		.byte	0x6
 449 01f9 4001     		.2byte	0x140
 450 01fb 05010000 		.4byte	0x105
 451 01ff 30       		.byte	0x30
 452 0200 08       		.uleb128 0x8
ARM GAS  /tmp/cctyL78a.s 			page 9


 453 0201 10050000 		.4byte	.LASF42
 454 0205 06       		.byte	0x6
 455 0206 4601     		.2byte	0x146
 456 0208 10010000 		.4byte	0x110
 457 020c 34       		.byte	0x34
 458 020d 08       		.uleb128 0x8
 459 020e 6F040000 		.4byte	.LASF43
 460 0212 06       		.byte	0x6
 461 0213 4D01     		.2byte	0x14d
 462 0215 B4080000 		.4byte	0x8b4
 463 0219 38       		.byte	0x38
 464 021a 08       		.uleb128 0x8
 465 021b 91050000 		.4byte	.LASF44
 466 021f 06       		.byte	0x6
 467 0220 5101     		.2byte	0x151
 468 0222 FA000000 		.4byte	0xfa
 469 0226 3C       		.byte	0x3c
 470 0227 08       		.uleb128 0x8
 471 0228 F6000000 		.4byte	.LASF45
 472 022c 06       		.byte	0x6
 473 022d 5801     		.2byte	0x158
 474 022f 1D030000 		.4byte	0x31d
 475 0233 40       		.byte	0x40
 476 0234 00       		.byte	0
 477 0235 04       		.uleb128 0x4
 478 0236 51030000 		.4byte	.LASF46
 479 023a 05       		.byte	0x5
 480 023b 44       		.byte	0x44
 481 023c 40020000 		.4byte	0x240
 482 0240 09       		.uleb128 0x9
 483 0241 04       		.byte	0x4
 484 0242 31010000 		.4byte	0x131
 485 0246 04       		.uleb128 0x4
 486 0247 00000000 		.4byte	.LASF47
 487 024b 05       		.byte	0x5
 488 024c 49       		.byte	0x49
 489 024d 51020000 		.4byte	0x251
 490 0251 05       		.uleb128 0x5
 491 0252 46050000 		.4byte	.LASF49
 492 0256 04       		.byte	0x4
 493 0257 06       		.byte	0x6
 494 0258 B0       		.byte	0xb0
 495 0259 6A020000 		.4byte	0x26a
 496 025d 06       		.uleb128 0x6
 497 025e C7040000 		.4byte	.LASF28
 498 0262 06       		.byte	0x6
 499 0263 B1       		.byte	0xb1
 500 0264 40020000 		.4byte	0x240
 501 0268 00       		.byte	0
 502 0269 00       		.byte	0
 503 026a 04       		.uleb128 0x4
 504 026b D8050000 		.4byte	.LASF50
 505 026f 05       		.byte	0x5
 506 0270 50       		.byte	0x50
 507 0271 75020000 		.4byte	0x275
 508 0275 05       		.uleb128 0x5
 509 0276 A3000000 		.4byte	.LASF51
ARM GAS  /tmp/cctyL78a.s 			page 10


 510 027a 08       		.byte	0x8
 511 027b 06       		.byte	0x6
 512 027c B7       		.byte	0xb7
 513 027d 9A020000 		.4byte	0x29a
 514 0281 06       		.uleb128 0x6
 515 0282 C7040000 		.4byte	.LASF28
 516 0286 06       		.byte	0x6
 517 0287 B8       		.byte	0xb8
 518 0288 40020000 		.4byte	0x240
 519 028c 00       		.byte	0
 520 028d 06       		.uleb128 0x6
 521 028e F1030000 		.4byte	.LASF29
 522 0292 06       		.byte	0x6
 523 0293 B9       		.byte	0xb9
 524 0294 40020000 		.4byte	0x240
 525 0298 04       		.byte	0x4
 526 0299 00       		.byte	0
 527 029a 04       		.uleb128 0x4
 528 029b 14000000 		.4byte	.LASF52
 529 029f 05       		.byte	0x5
 530 02a0 57       		.byte	0x57
 531 02a1 A5020000 		.4byte	0x2a5
 532 02a5 0A       		.uleb128 0xa
 533 02a6 F7020000 		.4byte	.LASF53
 534 02aa 1C       		.byte	0x1c
 535 02ab 06       		.byte	0x6
 536 02ac 9001     		.2byte	0x190
 537 02ae 01030000 		.4byte	0x301
 538 02b2 08       		.uleb128 0x8
 539 02b3 35050000 		.4byte	.LASF54
 540 02b7 06       		.byte	0x6
 541 02b8 9101     		.2byte	0x191
 542 02ba 6A020000 		.4byte	0x26a
 543 02be 00       		.byte	0
 544 02bf 08       		.uleb128 0x8
 545 02c0 B9040000 		.4byte	.LASF55
 546 02c4 06       		.byte	0x6
 547 02c5 9201     		.2byte	0x192
 548 02c7 FA000000 		.4byte	0xfa
 549 02cb 08       		.byte	0x8
 550 02cc 08       		.uleb128 0x8
 551 02cd 8D030000 		.4byte	.LASF56
 552 02d1 06       		.byte	0x6
 553 02d2 9401     		.2byte	0x194
 554 02d4 3B070000 		.4byte	0x73b
 555 02d8 0C       		.byte	0xc
 556 02d9 08       		.uleb128 0x8
 557 02da 63010000 		.4byte	.LASF57
 558 02de 06       		.byte	0x6
 559 02df 9701     		.2byte	0x197
 560 02e1 40020000 		.4byte	0x240
 561 02e5 10       		.byte	0x10
 562 02e6 08       		.uleb128 0x8
 563 02e7 AE030000 		.4byte	.LASF58
 564 02eb 06       		.byte	0x6
 565 02ec 9801     		.2byte	0x198
 566 02ee 40020000 		.4byte	0x240
ARM GAS  /tmp/cctyL78a.s 			page 11


 567 02f2 14       		.byte	0x14
 568 02f3 08       		.uleb128 0x8
 569 02f4 68050000 		.4byte	.LASF59
 570 02f8 06       		.byte	0x6
 571 02f9 9B01     		.2byte	0x19b
 572 02fb 40020000 		.4byte	0x240
 573 02ff 18       		.byte	0x18
 574 0300 00       		.byte	0
 575 0301 04       		.uleb128 0x4
 576 0302 9C050000 		.4byte	.LASF60
 577 0306 05       		.byte	0x5
 578 0307 5C       		.byte	0x5c
 579 0308 0C030000 		.4byte	0x30c
 580 030c 09       		.uleb128 0x9
 581 030d 04       		.byte	0x4
 582 030e 12030000 		.4byte	0x312
 583 0312 0B       		.uleb128 0xb
 584 0313 1D030000 		.4byte	0x31d
 585 0317 0C       		.uleb128 0xc
 586 0318 1D030000 		.4byte	0x31d
 587 031c 00       		.byte	0
 588 031d 0D       		.uleb128 0xd
 589 031e 04       		.byte	0x4
 590 031f 04       		.uleb128 0x4
 591 0320 2E030000 		.4byte	.LASF61
 592 0324 05       		.byte	0x5
 593 0325 61       		.byte	0x61
 594 0326 2A030000 		.4byte	0x32a
 595 032a 0A       		.uleb128 0xa
 596 032b F2040000 		.4byte	.LASF62
 597 032f 14       		.byte	0x14
 598 0330 06       		.byte	0x6
 599 0331 6B01     		.2byte	0x16b
 600 0333 79030000 		.4byte	0x379
 601 0337 08       		.uleb128 0x8
 602 0338 AF010000 		.4byte	.LASF63
 603 033c 06       		.byte	0x6
 604 033d 6C01     		.2byte	0x16c
 605 033f CC080000 		.4byte	0x8cc
 606 0343 00       		.byte	0
 607 0344 08       		.uleb128 0x8
 608 0345 74010000 		.4byte	.LASF64
 609 0349 06       		.byte	0x6
 610 034a 6D01     		.2byte	0x16d
 611 034c CC080000 		.4byte	0x8cc
 612 0350 04       		.byte	0x4
 613 0351 08       		.uleb128 0x8
 614 0352 3D050000 		.4byte	.LASF65
 615 0356 06       		.byte	0x6
 616 0357 6E01     		.2byte	0x16e
 617 0359 26010000 		.4byte	0x126
 618 035d 08       		.byte	0x8
 619 035e 08       		.uleb128 0x8
 620 035f 46060000 		.4byte	.LASF66
 621 0363 06       		.byte	0x6
 622 0364 6F01     		.2byte	0x16f
 623 0366 01030000 		.4byte	0x301
ARM GAS  /tmp/cctyL78a.s 			page 12


 624 036a 0C       		.byte	0xc
 625 036b 08       		.uleb128 0x8
 626 036c D1050000 		.4byte	.LASF67
 627 0370 06       		.byte	0x6
 628 0371 7101     		.2byte	0x171
 629 0373 1D030000 		.4byte	0x31d
 630 0377 10       		.byte	0x10
 631 0378 00       		.byte	0
 632 0379 04       		.uleb128 0x4
 633 037a 87000000 		.4byte	.LASF68
 634 037e 05       		.byte	0x5
 635 037f 66       		.byte	0x66
 636 0380 84030000 		.4byte	0x384
 637 0384 0A       		.uleb128 0xa
 638 0385 64030000 		.4byte	.LASF69
 639 0389 10       		.byte	0x10
 640 038a 06       		.byte	0x6
 641 038b 7B01     		.2byte	0x17b
 642 038d C6030000 		.4byte	0x3c6
 643 0391 08       		.uleb128 0x8
 644 0392 AF010000 		.4byte	.LASF63
 645 0396 06       		.byte	0x6
 646 0397 7C01     		.2byte	0x17c
 647 0399 CC080000 		.4byte	0x8cc
 648 039d 00       		.byte	0
 649 039e 08       		.uleb128 0x8
 650 039f 74010000 		.4byte	.LASF64
 651 03a3 06       		.byte	0x6
 652 03a4 7E01     		.2byte	0x17e
 653 03a6 CC080000 		.4byte	0x8cc
 654 03aa 04       		.byte	0x4
 655 03ab 08       		.uleb128 0x8
 656 03ac 3D050000 		.4byte	.LASF65
 657 03b0 06       		.byte	0x6
 658 03b1 8001     		.2byte	0x180
 659 03b3 26010000 		.4byte	0x126
 660 03b7 08       		.byte	0x8
 661 03b8 08       		.uleb128 0x8
 662 03b9 D1000000 		.4byte	.LASF70
 663 03bd 06       		.byte	0x6
 664 03be 8201     		.2byte	0x182
 665 03c0 D2080000 		.4byte	0x8d2
 666 03c4 0C       		.byte	0xc
 667 03c5 00       		.byte	0
 668 03c6 04       		.uleb128 0x4
 669 03c7 4D000000 		.4byte	.LASF71
 670 03cb 05       		.byte	0x5
 671 03cc 6B       		.byte	0x6b
 672 03cd D1030000 		.4byte	0x3d1
 673 03d1 0A       		.uleb128 0xa
 674 03d2 28040000 		.4byte	.LASF72
 675 03d6 04       		.byte	0x4
 676 03d7 06       		.byte	0x6
 677 03d8 A201     		.2byte	0x1a2
 678 03da EC030000 		.4byte	0x3ec
 679 03de 08       		.uleb128 0x8
 680 03df B0050000 		.4byte	.LASF73
ARM GAS  /tmp/cctyL78a.s 			page 13


 681 03e3 06       		.byte	0x6
 682 03e4 AA01     		.2byte	0x1aa
 683 03e6 D7080000 		.4byte	0x8d7
 684 03ea 00       		.byte	0
 685 03eb 00       		.byte	0
 686 03ec 04       		.uleb128 0x4
 687 03ed 39020000 		.4byte	.LASF74
 688 03f1 05       		.byte	0x5
 689 03f2 70       		.byte	0x70
 690 03f3 F7030000 		.4byte	0x3f7
 691 03f7 0E       		.uleb128 0xe
 692 03f8 28010000 		.4byte	.LASF75
 693 03fc 5001     		.2byte	0x150
 694 03fe 06       		.byte	0x6
 695 03ff C201     		.2byte	0x1c2
 696 0401 53040000 		.4byte	0x453
 697 0405 08       		.uleb128 0x8
 698 0406 FD050000 		.4byte	.LASF76
 699 040a 06       		.byte	0x6
 700 040b C601     		.2byte	0x1c6
 701 040d 9A020000 		.4byte	0x29a
 702 0411 00       		.byte	0
 703 0412 08       		.uleb128 0x8
 704 0413 17010000 		.4byte	.LASF77
 705 0417 06       		.byte	0x6
 706 0418 CA01     		.2byte	0x1ca
 707 041a 79030000 		.4byte	0x379
 708 041e 1C       		.byte	0x1c
 709 041f 07       		.uleb128 0x7
 710 0420 64626700 		.ascii	"dbg\000"
 711 0424 06       		.byte	0x6
 712 0425 CE01     		.2byte	0x1ce
 713 0427 C6030000 		.4byte	0x3c6
 714 042b 2C       		.byte	0x2c
 715 042c 08       		.uleb128 0x8
 716 042d 7C000000 		.4byte	.LASF78
 717 0431 06       		.byte	0x6
 718 0432 D201     		.2byte	0x1d2
 719 0434 31010000 		.4byte	0x131
 720 0438 30       		.byte	0x30
 721 0439 07       		.uleb128 0x7
 722 043a 746D00   		.ascii	"tm\000"
 723 043d 06       		.byte	0x6
 724 043e D701     		.2byte	0x1d7
 725 0440 EA070000 		.4byte	0x7ea
 726 0444 74       		.byte	0x74
 727 0445 08       		.uleb128 0x8
 728 0446 8D010000 		.4byte	.LASF79
 729 044a 06       		.byte	0x6
 730 044b E301     		.2byte	0x1e3
 731 044d DC080000 		.4byte	0x8dc
 732 0451 78       		.byte	0x78
 733 0452 00       		.byte	0
 734 0453 0F       		.uleb128 0xf
 735 0454 040E     		.2byte	0xe04
 736 0456 07       		.byte	0x7
 737 0457 A001     		.2byte	0x1a0
ARM GAS  /tmp/cctyL78a.s 			page 14


 738 0459 0F050000 		.4byte	0x50f
 739 045d 08       		.uleb128 0x8
 740 045e 83040000 		.4byte	.LASF80
 741 0462 07       		.byte	0x7
 742 0463 A201     		.2byte	0x1a2
 743 0465 26050000 		.4byte	0x526
 744 0469 00       		.byte	0
 745 046a 08       		.uleb128 0x8
 746 046b C9030000 		.4byte	.LASF81
 747 046f 07       		.byte	0x7
 748 0470 A301     		.2byte	0x1a3
 749 0472 2B050000 		.4byte	0x52b
 750 0476 20       		.byte	0x20
 751 0477 08       		.uleb128 0x8
 752 0478 A4030000 		.4byte	.LASF82
 753 047c 07       		.byte	0x7
 754 047d A401     		.2byte	0x1a4
 755 047f 3B050000 		.4byte	0x53b
 756 0483 80       		.byte	0x80
 757 0484 08       		.uleb128 0x8
 758 0485 0B060000 		.4byte	.LASF83
 759 0489 07       		.byte	0x7
 760 048a A501     		.2byte	0x1a5
 761 048c 2B050000 		.4byte	0x52b
 762 0490 A0       		.byte	0xa0
 763 0491 10       		.uleb128 0x10
 764 0492 B4000000 		.4byte	.LASF84
 765 0496 07       		.byte	0x7
 766 0497 A601     		.2byte	0x1a6
 767 0499 40050000 		.4byte	0x540
 768 049d 0001     		.2byte	0x100
 769 049f 10       		.uleb128 0x10
 770 04a0 D3030000 		.4byte	.LASF85
 771 04a4 07       		.byte	0x7
 772 04a5 A701     		.2byte	0x1a7
 773 04a7 2B050000 		.4byte	0x52b
 774 04ab 2001     		.2byte	0x120
 775 04ad 10       		.uleb128 0x10
 776 04ae 0F000000 		.4byte	.LASF86
 777 04b2 07       		.byte	0x7
 778 04b3 A801     		.2byte	0x1a8
 779 04b5 45050000 		.4byte	0x545
 780 04b9 8001     		.2byte	0x180
 781 04bb 10       		.uleb128 0x10
 782 04bc DD030000 		.4byte	.LASF87
 783 04c0 07       		.byte	0x7
 784 04c1 A901     		.2byte	0x1a9
 785 04c3 2B050000 		.4byte	0x52b
 786 04c7 A001     		.2byte	0x1a0
 787 04c9 10       		.uleb128 0x10
 788 04ca 80030000 		.4byte	.LASF88
 789 04ce 07       		.byte	0x7
 790 04cf AA01     		.2byte	0x1aa
 791 04d1 4A050000 		.4byte	0x54a
 792 04d5 0002     		.2byte	0x200
 793 04d7 10       		.uleb128 0x10
 794 04d8 E7030000 		.4byte	.LASF89
ARM GAS  /tmp/cctyL78a.s 			page 15


 795 04dc 07       		.byte	0x7
 796 04dd AB01     		.2byte	0x1ab
 797 04df 4F050000 		.4byte	0x54f
 798 04e3 2002     		.2byte	0x220
 799 04e5 11       		.uleb128 0x11
 800 04e6 495000   		.ascii	"IP\000"
 801 04e9 07       		.byte	0x7
 802 04ea AC01     		.2byte	0x1ac
 803 04ec 6F050000 		.4byte	0x56f
 804 04f0 0003     		.2byte	0x300
 805 04f2 10       		.uleb128 0x10
 806 04f3 1B050000 		.4byte	.LASF90
 807 04f7 07       		.byte	0x7
 808 04f8 AD01     		.2byte	0x1ad
 809 04fa 74050000 		.4byte	0x574
 810 04fe F003     		.2byte	0x3f0
 811 0500 10       		.uleb128 0x10
 812 0501 14060000 		.4byte	.LASF91
 813 0505 07       		.byte	0x7
 814 0506 AE01     		.2byte	0x1ae
 815 0508 85050000 		.4byte	0x585
 816 050c 000E     		.2byte	0xe00
 817 050e 00       		.byte	0
 818 050f 12       		.uleb128 0x12
 819 0510 AD000000 		.4byte	0xad
 820 0514 1F050000 		.4byte	0x51f
 821 0518 13       		.uleb128 0x13
 822 0519 1F050000 		.4byte	0x51f
 823 051d 07       		.byte	0x7
 824 051e 00       		.byte	0
 825 051f 03       		.uleb128 0x3
 826 0520 04       		.byte	0x4
 827 0521 07       		.byte	0x7
 828 0522 48030000 		.4byte	.LASF92
 829 0526 14       		.uleb128 0x14
 830 0527 0F050000 		.4byte	0x50f
 831 052b 12       		.uleb128 0x12
 832 052c AD000000 		.4byte	0xad
 833 0530 3B050000 		.4byte	0x53b
 834 0534 13       		.uleb128 0x13
 835 0535 1F050000 		.4byte	0x51f
 836 0539 17       		.byte	0x17
 837 053a 00       		.byte	0
 838 053b 14       		.uleb128 0x14
 839 053c 0F050000 		.4byte	0x50f
 840 0540 14       		.uleb128 0x14
 841 0541 0F050000 		.4byte	0x50f
 842 0545 14       		.uleb128 0x14
 843 0546 0F050000 		.4byte	0x50f
 844 054a 14       		.uleb128 0x14
 845 054b 0F050000 		.4byte	0x50f
 846 054f 12       		.uleb128 0x12
 847 0550 AD000000 		.4byte	0xad
 848 0554 5F050000 		.4byte	0x55f
 849 0558 13       		.uleb128 0x13
 850 0559 1F050000 		.4byte	0x51f
 851 055d 37       		.byte	0x37
ARM GAS  /tmp/cctyL78a.s 			page 16


 852 055e 00       		.byte	0
 853 055f 12       		.uleb128 0x12
 854 0560 97000000 		.4byte	0x97
 855 0564 6F050000 		.4byte	0x56f
 856 0568 13       		.uleb128 0x13
 857 0569 1F050000 		.4byte	0x51f
 858 056d EF       		.byte	0xef
 859 056e 00       		.byte	0
 860 056f 14       		.uleb128 0x14
 861 0570 5F050000 		.4byte	0x55f
 862 0574 12       		.uleb128 0x12
 863 0575 AD000000 		.4byte	0xad
 864 0579 85050000 		.4byte	0x585
 865 057d 15       		.uleb128 0x15
 866 057e 1F050000 		.4byte	0x51f
 867 0582 8302     		.2byte	0x283
 868 0584 00       		.byte	0
 869 0585 14       		.uleb128 0x14
 870 0586 AD000000 		.4byte	0xad
 871 058a 16       		.uleb128 0x16
 872 058b 88040000 		.4byte	.LASF93
 873 058f 07       		.byte	0x7
 874 0590 AF01     		.2byte	0x1af
 875 0592 53040000 		.4byte	0x453
 876 0596 17       		.uleb128 0x17
 877 0597 8C       		.byte	0x8c
 878 0598 07       		.byte	0x7
 879 0599 C001     		.2byte	0x1c0
 880 059b B1060000 		.4byte	0x6b1
 881 059f 08       		.uleb128 0x8
 882 05a0 9D000000 		.4byte	.LASF94
 883 05a4 07       		.byte	0x7
 884 05a5 C201     		.2byte	0x1c2
 885 05a7 B1060000 		.4byte	0x6b1
 886 05ab 00       		.byte	0
 887 05ac 08       		.uleb128 0x8
 888 05ad 1D020000 		.4byte	.LASF95
 889 05b1 07       		.byte	0x7
 890 05b2 C301     		.2byte	0x1c3
 891 05b4 85050000 		.4byte	0x585
 892 05b8 04       		.byte	0x4
 893 05b9 08       		.uleb128 0x8
 894 05ba DB010000 		.4byte	.LASF96
 895 05be 07       		.byte	0x7
 896 05bf C401     		.2byte	0x1c4
 897 05c1 85050000 		.4byte	0x585
 898 05c5 08       		.byte	0x8
 899 05c6 08       		.uleb128 0x8
 900 05c7 28020000 		.4byte	.LASF97
 901 05cb 07       		.byte	0x7
 902 05cc C501     		.2byte	0x1c5
 903 05ce 85050000 		.4byte	0x585
 904 05d2 0C       		.byte	0xc
 905 05d3 07       		.uleb128 0x7
 906 05d4 53435200 		.ascii	"SCR\000"
 907 05d8 07       		.byte	0x7
 908 05d9 C601     		.2byte	0x1c6
ARM GAS  /tmp/cctyL78a.s 			page 17


 909 05db 85050000 		.4byte	0x585
 910 05df 10       		.byte	0x10
 911 05e0 07       		.uleb128 0x7
 912 05e1 43435200 		.ascii	"CCR\000"
 913 05e5 07       		.byte	0x7
 914 05e6 C701     		.2byte	0x1c7
 915 05e8 85050000 		.4byte	0x585
 916 05ec 14       		.byte	0x14
 917 05ed 07       		.uleb128 0x7
 918 05ee 53485000 		.ascii	"SHP\000"
 919 05f2 07       		.byte	0x7
 920 05f3 C801     		.2byte	0x1c8
 921 05f5 C6060000 		.4byte	0x6c6
 922 05f9 18       		.byte	0x18
 923 05fa 08       		.uleb128 0x8
 924 05fb 54040000 		.4byte	.LASF98
 925 05ff 07       		.byte	0x7
 926 0600 C901     		.2byte	0x1c9
 927 0602 85050000 		.4byte	0x585
 928 0606 24       		.byte	0x24
 929 0607 08       		.uleb128 0x8
 930 0608 7B030000 		.4byte	.LASF99
 931 060c 07       		.byte	0x7
 932 060d CA01     		.2byte	0x1ca
 933 060f 85050000 		.4byte	0x585
 934 0613 28       		.byte	0x28
 935 0614 08       		.uleb128 0x8
 936 0615 33060000 		.4byte	.LASF100
 937 0619 07       		.byte	0x7
 938 061a CB01     		.2byte	0x1cb
 939 061c 85050000 		.4byte	0x585
 940 0620 2C       		.byte	0x2c
 941 0621 08       		.uleb128 0x8
 942 0622 2E020000 		.4byte	.LASF101
 943 0626 07       		.byte	0x7
 944 0627 CC01     		.2byte	0x1cc
 945 0629 85050000 		.4byte	0x585
 946 062d 30       		.byte	0x30
 947 062e 08       		.uleb128 0x8
 948 062f 33020000 		.4byte	.LASF102
 949 0633 07       		.byte	0x7
 950 0634 CD01     		.2byte	0x1cd
 951 0636 85050000 		.4byte	0x585
 952 063a 34       		.byte	0x34
 953 063b 08       		.uleb128 0x8
 954 063c 59010000 		.4byte	.LASF103
 955 0640 07       		.byte	0x7
 956 0641 CE01     		.2byte	0x1ce
 957 0643 85050000 		.4byte	0x585
 958 0647 38       		.byte	0x38
 959 0648 08       		.uleb128 0x8
 960 0649 5E010000 		.4byte	.LASF104
 961 064d 07       		.byte	0x7
 962 064e CF01     		.2byte	0x1cf
 963 0650 85050000 		.4byte	0x585
 964 0654 3C       		.byte	0x3c
 965 0655 07       		.uleb128 0x7
ARM GAS  /tmp/cctyL78a.s 			page 18


 966 0656 50465200 		.ascii	"PFR\000"
 967 065a 07       		.byte	0x7
 968 065b D001     		.2byte	0x1d0
 969 065d DB060000 		.4byte	0x6db
 970 0661 40       		.byte	0x40
 971 0662 07       		.uleb128 0x7
 972 0663 44465200 		.ascii	"DFR\000"
 973 0667 07       		.byte	0x7
 974 0668 D101     		.2byte	0x1d1
 975 066a B1060000 		.4byte	0x6b1
 976 066e 48       		.byte	0x48
 977 066f 07       		.uleb128 0x7
 978 0670 41445200 		.ascii	"ADR\000"
 979 0674 07       		.byte	0x7
 980 0675 D201     		.2byte	0x1d2
 981 0677 B1060000 		.4byte	0x6b1
 982 067b 4C       		.byte	0x4c
 983 067c 08       		.uleb128 0x8
 984 067d F8050000 		.4byte	.LASF105
 985 0681 07       		.byte	0x7
 986 0682 D301     		.2byte	0x1d3
 987 0684 F5060000 		.4byte	0x6f5
 988 0688 50       		.byte	0x50
 989 0689 08       		.uleb128 0x8
 990 068a 3B010000 		.4byte	.LASF106
 991 068e 07       		.byte	0x7
 992 068f D401     		.2byte	0x1d4
 993 0691 0F070000 		.4byte	0x70f
 994 0695 60       		.byte	0x60
 995 0696 08       		.uleb128 0x8
 996 0697 C9030000 		.4byte	.LASF81
 997 069b 07       		.byte	0x7
 998 069c D501     		.2byte	0x1d5
 999 069e FF060000 		.4byte	0x6ff
 1000 06a2 74       		.byte	0x74
 1001 06a3 08       		.uleb128 0x8
 1002 06a4 2D060000 		.4byte	.LASF107
 1003 06a8 07       		.byte	0x7
 1004 06a9 D601     		.2byte	0x1d6
 1005 06ab 85050000 		.4byte	0x585
 1006 06af 88       		.byte	0x88
 1007 06b0 00       		.byte	0
 1008 06b1 18       		.uleb128 0x18
 1009 06b2 85050000 		.4byte	0x585
 1010 06b6 12       		.uleb128 0x12
 1011 06b7 97000000 		.4byte	0x97
 1012 06bb C6060000 		.4byte	0x6c6
 1013 06bf 13       		.uleb128 0x13
 1014 06c0 1F050000 		.4byte	0x51f
 1015 06c4 0B       		.byte	0xb
 1016 06c5 00       		.byte	0
 1017 06c6 14       		.uleb128 0x14
 1018 06c7 B6060000 		.4byte	0x6b6
 1019 06cb 12       		.uleb128 0x12
 1020 06cc AD000000 		.4byte	0xad
 1021 06d0 DB060000 		.4byte	0x6db
 1022 06d4 13       		.uleb128 0x13
ARM GAS  /tmp/cctyL78a.s 			page 19


 1023 06d5 1F050000 		.4byte	0x51f
 1024 06d9 01       		.byte	0x1
 1025 06da 00       		.byte	0
 1026 06db 18       		.uleb128 0x18
 1027 06dc E0060000 		.4byte	0x6e0
 1028 06e0 14       		.uleb128 0x14
 1029 06e1 CB060000 		.4byte	0x6cb
 1030 06e5 12       		.uleb128 0x12
 1031 06e6 AD000000 		.4byte	0xad
 1032 06ea F5060000 		.4byte	0x6f5
 1033 06ee 13       		.uleb128 0x13
 1034 06ef 1F050000 		.4byte	0x51f
 1035 06f3 03       		.byte	0x3
 1036 06f4 00       		.byte	0
 1037 06f5 18       		.uleb128 0x18
 1038 06f6 FA060000 		.4byte	0x6fa
 1039 06fa 14       		.uleb128 0x14
 1040 06fb E5060000 		.4byte	0x6e5
 1041 06ff 12       		.uleb128 0x12
 1042 0700 AD000000 		.4byte	0xad
 1043 0704 0F070000 		.4byte	0x70f
 1044 0708 13       		.uleb128 0x13
 1045 0709 1F050000 		.4byte	0x51f
 1046 070d 04       		.byte	0x4
 1047 070e 00       		.byte	0
 1048 070f 18       		.uleb128 0x18
 1049 0710 14070000 		.4byte	0x714
 1050 0714 14       		.uleb128 0x14
 1051 0715 FF060000 		.4byte	0x6ff
 1052 0719 16       		.uleb128 0x16
 1053 071a 7C010000 		.4byte	.LASF108
 1054 071e 07       		.byte	0x7
 1055 071f D701     		.2byte	0x1d7
 1056 0721 96050000 		.4byte	0x596
 1057 0725 04       		.uleb128 0x4
 1058 0726 6B010000 		.4byte	.LASF109
 1059 072a 08       		.byte	0x8
 1060 072b 65       		.byte	0x65
 1061 072c 1D030000 		.4byte	0x31d
 1062 0730 04       		.uleb128 0x4
 1063 0731 1B030000 		.4byte	.LASF110
 1064 0735 08       		.byte	0x8
 1065 0736 6D       		.byte	0x6d
 1066 0737 B8000000 		.4byte	0xb8
 1067 073b 05       		.uleb128 0x5
 1068 073c C1050000 		.4byte	.LASF111
 1069 0740 04       		.byte	0x4
 1070 0741 08       		.byte	0x8
 1071 0742 89       		.byte	0x89
 1072 0743 54070000 		.4byte	0x754
 1073 0747 19       		.uleb128 0x19
 1074 0748 72313300 		.ascii	"r13\000"
 1075 074c 08       		.byte	0x8
 1076 074d 8A       		.byte	0x8a
 1077 074e CF070000 		.4byte	0x7cf
 1078 0752 00       		.byte	0
 1079 0753 00       		.byte	0
ARM GAS  /tmp/cctyL78a.s 			page 20


 1080 0754 05       		.uleb128 0x5
 1081 0755 41000000 		.4byte	.LASF112
 1082 0759 24       		.byte	0x24
 1083 075a 09       		.byte	0x9
 1084 075b FD       		.byte	0xfd
 1085 075c CF070000 		.4byte	0x7cf
 1086 0760 07       		.uleb128 0x7
 1087 0761 723400   		.ascii	"r4\000"
 1088 0764 09       		.byte	0x9
 1089 0765 1001     		.2byte	0x110
 1090 0767 25070000 		.4byte	0x725
 1091 076b 00       		.byte	0
 1092 076c 07       		.uleb128 0x7
 1093 076d 723500   		.ascii	"r5\000"
 1094 0770 09       		.byte	0x9
 1095 0771 1101     		.2byte	0x111
 1096 0773 25070000 		.4byte	0x725
 1097 0777 04       		.byte	0x4
 1098 0778 07       		.uleb128 0x7
 1099 0779 723600   		.ascii	"r6\000"
 1100 077c 09       		.byte	0x9
 1101 077d 1201     		.2byte	0x112
 1102 077f 25070000 		.4byte	0x725
 1103 0783 08       		.byte	0x8
 1104 0784 07       		.uleb128 0x7
 1105 0785 723700   		.ascii	"r7\000"
 1106 0788 09       		.byte	0x9
 1107 0789 1301     		.2byte	0x113
 1108 078b 25070000 		.4byte	0x725
 1109 078f 0C       		.byte	0xc
 1110 0790 07       		.uleb128 0x7
 1111 0791 723800   		.ascii	"r8\000"
 1112 0794 09       		.byte	0x9
 1113 0795 1401     		.2byte	0x114
 1114 0797 25070000 		.4byte	0x725
 1115 079b 10       		.byte	0x10
 1116 079c 07       		.uleb128 0x7
 1117 079d 723900   		.ascii	"r9\000"
 1118 07a0 09       		.byte	0x9
 1119 07a1 1501     		.2byte	0x115
 1120 07a3 25070000 		.4byte	0x725
 1121 07a7 14       		.byte	0x14
 1122 07a8 07       		.uleb128 0x7
 1123 07a9 72313000 		.ascii	"r10\000"
 1124 07ad 09       		.byte	0x9
 1125 07ae 1601     		.2byte	0x116
 1126 07b0 25070000 		.4byte	0x725
 1127 07b4 18       		.byte	0x18
 1128 07b5 07       		.uleb128 0x7
 1129 07b6 72313100 		.ascii	"r11\000"
 1130 07ba 09       		.byte	0x9
 1131 07bb 1701     		.2byte	0x117
 1132 07bd 25070000 		.4byte	0x725
 1133 07c1 1C       		.byte	0x1c
 1134 07c2 07       		.uleb128 0x7
 1135 07c3 6C7200   		.ascii	"lr\000"
 1136 07c6 09       		.byte	0x9
ARM GAS  /tmp/cctyL78a.s 			page 21


 1137 07c7 1801     		.2byte	0x118
 1138 07c9 25070000 		.4byte	0x725
 1139 07cd 20       		.byte	0x20
 1140 07ce 00       		.byte	0
 1141 07cf 09       		.uleb128 0x9
 1142 07d0 04       		.byte	0x4
 1143 07d1 54070000 		.4byte	0x754
 1144 07d5 1A       		.uleb128 0x1a
 1145 07d6 04       		.byte	0x4
 1146 07d7 0A       		.byte	0xa
 1147 07d8 38       		.byte	0x38
 1148 07d9 EA070000 		.4byte	0x7ea
 1149 07dd 06       		.uleb128 0x6
 1150 07de BA050000 		.4byte	.LASF113
 1151 07e2 0A       		.byte	0xa
 1152 07e3 3C       		.byte	0x3c
 1153 07e4 C3000000 		.4byte	0xc3
 1154 07e8 00       		.byte	0
 1155 07e9 00       		.byte	0
 1156 07ea 04       		.uleb128 0x4
 1157 07eb 93030000 		.4byte	.LASF114
 1158 07ef 0A       		.byte	0xa
 1159 07f0 3D       		.byte	0x3d
 1160 07f1 D5070000 		.4byte	0x7d5
 1161 07f5 1B       		.uleb128 0x1b
 1162 07f6 04       		.byte	0x4
 1163 07f7 06       		.byte	0x6
 1164 07f8 FA       		.byte	0xfa
 1165 07f9 52080000 		.4byte	0x852
 1166 07fd 1C       		.uleb128 0x1c
 1167 07fe 27000000 		.4byte	.LASF115
 1168 0802 06       		.byte	0x6
 1169 0803 0101     		.2byte	0x101
 1170 0805 05010000 		.4byte	0x105
 1171 0809 1C       		.uleb128 0x1c
 1172 080a 73000000 		.4byte	.LASF116
 1173 080e 06       		.byte	0x6
 1174 080f 0801     		.2byte	0x108
 1175 0811 05010000 		.4byte	0x105
 1176 0815 1C       		.uleb128 0x1c
 1177 0816 19060000 		.4byte	.LASF117
 1178 081a 06       		.byte	0x6
 1179 081b 0F01     		.2byte	0x10f
 1180 081d 1D030000 		.4byte	0x31d
 1181 0821 1C       		.uleb128 0x1c
 1182 0822 21000000 		.4byte	.LASF118
 1183 0826 06       		.byte	0x6
 1184 0827 1601     		.2byte	0x116
 1185 0829 52080000 		.4byte	0x852
 1186 082d 1C       		.uleb128 0x1c
 1187 082e C9010000 		.4byte	.LASF119
 1188 0832 06       		.byte	0x6
 1189 0833 1E01     		.2byte	0x11e
 1190 0835 7D080000 		.4byte	0x87d
 1191 0839 1C       		.uleb128 0x1c
 1192 083a 2E050000 		.4byte	.LASF120
 1193 083e 06       		.byte	0x6
ARM GAS  /tmp/cctyL78a.s 			page 22


 1194 083f 2701     		.2byte	0x127
 1195 0841 B4080000 		.4byte	0x8b4
 1196 0845 1C       		.uleb128 0x1c
 1197 0846 C0040000 		.4byte	.LASF121
 1198 084a 06       		.byte	0x6
 1199 084b 2F01     		.2byte	0x12f
 1200 084d 10010000 		.4byte	0x110
 1201 0851 00       		.byte	0
 1202 0852 09       		.uleb128 0x9
 1203 0853 04       		.byte	0x4
 1204 0854 35020000 		.4byte	0x235
 1205 0858 05       		.uleb128 0x5
 1206 0859 03050000 		.4byte	.LASF122
 1207 085d 0C       		.byte	0xc
 1208 085e 0B       		.byte	0xb
 1209 085f 34       		.byte	0x34
 1210 0860 7D080000 		.4byte	0x87d
 1211 0864 06       		.uleb128 0x6
 1212 0865 51010000 		.4byte	.LASF123
 1213 0869 0B       		.byte	0xb
 1214 086a 35       		.byte	0x35
 1215 086b 6A020000 		.4byte	0x26a
 1216 086f 00       		.byte	0
 1217 0870 06       		.uleb128 0x6
 1218 0871 E0010000 		.4byte	.LASF124
 1219 0875 0B       		.byte	0xb
 1220 0876 37       		.byte	0x37
 1221 0877 1B010000 		.4byte	0x11b
 1222 087b 08       		.byte	0x8
 1223 087c 00       		.byte	0
 1224 087d 09       		.uleb128 0x9
 1225 087e 04       		.byte	0x4
 1226 087f 58080000 		.4byte	0x858
 1227 0883 05       		.uleb128 0x5
 1228 0884 E8050000 		.4byte	.LASF125
 1229 0888 10       		.byte	0x10
 1230 0889 0C       		.byte	0xc
 1231 088a 39       		.byte	0x39
 1232 088b B4080000 		.4byte	0x8b4
 1233 088f 06       		.uleb128 0x6
 1234 0890 FE000000 		.4byte	.LASF126
 1235 0894 0C       		.byte	0xc
 1236 0895 3A       		.byte	0x3a
 1237 0896 6A020000 		.4byte	0x26a
 1238 089a 00       		.byte	0
 1239 089b 06       		.uleb128 0x6
 1240 089c 38060000 		.4byte	.LASF127
 1241 08a0 0C       		.byte	0xc
 1242 08a1 3C       		.byte	0x3c
 1243 08a2 40020000 		.4byte	0x240
 1244 08a6 08       		.byte	0x8
 1245 08a7 06       		.uleb128 0x6
 1246 08a8 80050000 		.4byte	.LASF128
 1247 08ac 0C       		.byte	0xc
 1248 08ad 3E       		.byte	0x3e
 1249 08ae F7080000 		.4byte	0x8f7
 1250 08b2 0C       		.byte	0xc
ARM GAS  /tmp/cctyL78a.s 			page 23


 1251 08b3 00       		.byte	0
 1252 08b4 09       		.uleb128 0x9
 1253 08b5 04       		.byte	0x4
 1254 08b6 83080000 		.4byte	0x883
 1255 08ba 09       		.uleb128 0x9
 1256 08bb 04       		.byte	0x4
 1257 08bc C0080000 		.4byte	0x8c0
 1258 08c0 18       		.uleb128 0x18
 1259 08c1 C5080000 		.4byte	0x8c5
 1260 08c5 03       		.uleb128 0x3
 1261 08c6 01       		.byte	0x1
 1262 08c7 08       		.byte	0x8
 1263 08c8 72050000 		.4byte	.LASF129
 1264 08cc 09       		.uleb128 0x9
 1265 08cd 04       		.byte	0x4
 1266 08ce 1F030000 		.4byte	0x31f
 1267 08d2 14       		.uleb128 0x14
 1268 08d3 26010000 		.4byte	0x126
 1269 08d7 14       		.uleb128 0x14
 1270 08d8 BA080000 		.4byte	0x8ba
 1271 08dc 12       		.uleb128 0x12
 1272 08dd 30070000 		.4byte	0x730
 1273 08e1 EC080000 		.4byte	0x8ec
 1274 08e5 13       		.uleb128 0x13
 1275 08e6 1F050000 		.4byte	0x51f
 1276 08ea 1A       		.byte	0x1a
 1277 08eb 00       		.byte	0
 1278 08ec 04       		.uleb128 0x4
 1279 08ed 85010000 		.4byte	.LASF130
 1280 08f1 0C       		.byte	0xc
 1281 08f2 34       		.byte	0x34
 1282 08f3 83080000 		.4byte	0x883
 1283 08f7 09       		.uleb128 0x9
 1284 08f8 04       		.byte	0x4
 1285 08f9 EC080000 		.4byte	0x8ec
 1286 08fd 03       		.uleb128 0x3
 1287 08fe 01       		.byte	0x1
 1288 08ff 02       		.byte	0x2
 1289 0900 38040000 		.4byte	.LASF131
 1290 0904 1D       		.uleb128 0x1d
 1291 0905 C0000000 		.4byte	.LASF133
 1292 0909 01       		.byte	0x1
 1293 090a 39       		.byte	0x39
 1294 090b 00000000 		.4byte	.LFB267
 1295 090f 50000000 		.4byte	.LFE267-.LFB267
 1296 0913 01       		.uleb128 0x1
 1297 0914 9C       		.byte	0x9c
 1298 0915 34090000 		.4byte	0x934
 1299 0919 1E       		.uleb128 0x1e
 1300 091a 6E00     		.ascii	"n\000"
 1301 091c 01       		.byte	0x1
 1302 091d 39       		.byte	0x39
 1303 091e AD000000 		.4byte	0xad
 1304 0922 02       		.uleb128 0x2
 1305 0923 91       		.byte	0x91
 1306 0924 7C       		.sleb128 -4
 1307 0925 1F       		.uleb128 0x1f
ARM GAS  /tmp/cctyL78a.s 			page 24


 1308 0926 A9030000 		.4byte	.LASF132
 1309 092a 01       		.byte	0x1
 1310 092b 39       		.byte	0x39
 1311 092c AD000000 		.4byte	0xad
 1312 0930 02       		.uleb128 0x2
 1313 0931 91       		.byte	0x91
 1314 0932 78       		.sleb128 -8
 1315 0933 00       		.byte	0
 1316 0934 1D       		.uleb128 0x1d
 1317 0935 B7010000 		.4byte	.LASF134
 1318 0939 01       		.byte	0x1
 1319 093a 4A       		.byte	0x4a
 1320 093b 50000000 		.4byte	.LFB268
 1321 093f 34000000 		.4byte	.LFE268-.LFB268
 1322 0943 01       		.uleb128 0x1
 1323 0944 9C       		.byte	0x9c
 1324 0945 56090000 		.4byte	0x956
 1325 0949 1E       		.uleb128 0x1e
 1326 094a 6E00     		.ascii	"n\000"
 1327 094c 01       		.byte	0x1
 1328 094d 4A       		.byte	0x4a
 1329 094e AD000000 		.4byte	0xad
 1330 0952 02       		.uleb128 0x2
 1331 0953 91       		.byte	0x91
 1332 0954 7C       		.sleb128 -4
 1333 0955 00       		.byte	0
 1334 0956 1D       		.uleb128 0x1d
 1335 0957 9C040000 		.4byte	.LASF135
 1336 095b 01       		.byte	0x1
 1337 095c 5A       		.byte	0x5a
 1338 095d 90000000 		.4byte	.LFB269
 1339 0961 20000000 		.4byte	.LFE269-.LFB269
 1340 0965 01       		.uleb128 0x1
 1341 0966 9C       		.byte	0x9c
 1342 0967 91090000 		.4byte	0x991
 1343 096b 1F       		.uleb128 0x1f
 1344 096c 26030000 		.4byte	.LASF136
 1345 0970 01       		.byte	0x1
 1346 0971 5A       		.byte	0x5a
 1347 0972 AD000000 		.4byte	0xad
 1348 0976 02       		.uleb128 0x2
 1349 0977 91       		.byte	0x91
 1350 0978 7C       		.sleb128 -4
 1351 0979 1F       		.uleb128 0x1f
 1352 097a A9030000 		.4byte	.LASF132
 1353 097e 01       		.byte	0x1
 1354 097f 5A       		.byte	0x5a
 1355 0980 AD000000 		.4byte	0xad
 1356 0984 02       		.uleb128 0x2
 1357 0985 91       		.byte	0x91
 1358 0986 78       		.sleb128 -8
 1359 0987 20       		.uleb128 0x20
 1360 0988 D6040000 		.4byte	.LASF142
 1361 098c A1090000 		.4byte	0x9a1
 1362 0990 00       		.byte	0
 1363 0991 12       		.uleb128 0x12
 1364 0992 C5080000 		.4byte	0x8c5
ARM GAS  /tmp/cctyL78a.s 			page 25


 1365 0996 A1090000 		.4byte	0x9a1
 1366 099a 13       		.uleb128 0x13
 1367 099b 1F050000 		.4byte	0x51f
 1368 099f 1C       		.byte	0x1c
 1369 09a0 00       		.byte	0
 1370 09a1 18       		.uleb128 0x18
 1371 09a2 91090000 		.4byte	0x991
 1372 09a6 1D       		.uleb128 0x1d
 1373 09a7 06010000 		.4byte	.LASF137
 1374 09ab 01       		.byte	0x1
 1375 09ac 6D       		.byte	0x6d
 1376 09ad B0000000 		.4byte	.LFB270
 1377 09b1 24000000 		.4byte	.LFE270-.LFB270
 1378 09b5 01       		.uleb128 0x1
 1379 09b6 9C       		.byte	0x9c
 1380 09b7 C8090000 		.4byte	0x9c8
 1381 09bb 1E       		.uleb128 0x1e
 1382 09bc 6E00     		.ascii	"n\000"
 1383 09be 01       		.byte	0x1
 1384 09bf 6D       		.byte	0x6d
 1385 09c0 AD000000 		.4byte	0xad
 1386 09c4 02       		.uleb128 0x2
 1387 09c5 91       		.byte	0x91
 1388 09c6 7C       		.sleb128 -4
 1389 09c7 00       		.byte	0
 1390 09c8 21       		.uleb128 0x21
 1391 09c9 5A040000 		.4byte	.LASF138
 1392 09cd 07       		.byte	0x7
 1393 09ce FA06     		.2byte	0x6fa
 1394 09d0 D4090000 		.4byte	0x9d4
 1395 09d4 14       		.uleb128 0x14
 1396 09d5 A2000000 		.4byte	0xa2
 1397 09d9 22       		.uleb128 0x22
 1398 09da 636800   		.ascii	"ch\000"
 1399 09dd 06       		.byte	0x6
 1400 09de 0902     		.2byte	0x209
 1401 09e0 EC030000 		.4byte	0x3ec
 1402 09e4 00       		.byte	0
 1403              		.section	.debug_abbrev,"",%progbits
 1404              	.Ldebug_abbrev0:
 1405 0000 01       		.uleb128 0x1
 1406 0001 11       		.uleb128 0x11
 1407 0002 01       		.byte	0x1
 1408 0003 25       		.uleb128 0x25
 1409 0004 0E       		.uleb128 0xe
 1410 0005 13       		.uleb128 0x13
 1411 0006 0B       		.uleb128 0xb
 1412 0007 03       		.uleb128 0x3
 1413 0008 0E       		.uleb128 0xe
 1414 0009 1B       		.uleb128 0x1b
 1415 000a 0E       		.uleb128 0xe
 1416 000b 11       		.uleb128 0x11
 1417 000c 01       		.uleb128 0x1
 1418 000d 12       		.uleb128 0x12
 1419 000e 06       		.uleb128 0x6
 1420 000f 10       		.uleb128 0x10
 1421 0010 17       		.uleb128 0x17
ARM GAS  /tmp/cctyL78a.s 			page 26


 1422 0011 00       		.byte	0
 1423 0012 00       		.byte	0
 1424 0013 02       		.uleb128 0x2
 1425 0014 24       		.uleb128 0x24
 1426 0015 00       		.byte	0
 1427 0016 0B       		.uleb128 0xb
 1428 0017 0B       		.uleb128 0xb
 1429 0018 3E       		.uleb128 0x3e
 1430 0019 0B       		.uleb128 0xb
 1431 001a 03       		.uleb128 0x3
 1432 001b 08       		.uleb128 0x8
 1433 001c 00       		.byte	0
 1434 001d 00       		.byte	0
 1435 001e 03       		.uleb128 0x3
 1436 001f 24       		.uleb128 0x24
 1437 0020 00       		.byte	0
 1438 0021 0B       		.uleb128 0xb
 1439 0022 0B       		.uleb128 0xb
 1440 0023 3E       		.uleb128 0x3e
 1441 0024 0B       		.uleb128 0xb
 1442 0025 03       		.uleb128 0x3
 1443 0026 0E       		.uleb128 0xe
 1444 0027 00       		.byte	0
 1445 0028 00       		.byte	0
 1446 0029 04       		.uleb128 0x4
 1447 002a 16       		.uleb128 0x16
 1448 002b 00       		.byte	0
 1449 002c 03       		.uleb128 0x3
 1450 002d 0E       		.uleb128 0xe
 1451 002e 3A       		.uleb128 0x3a
 1452 002f 0B       		.uleb128 0xb
 1453 0030 3B       		.uleb128 0x3b
 1454 0031 0B       		.uleb128 0xb
 1455 0032 49       		.uleb128 0x49
 1456 0033 13       		.uleb128 0x13
 1457 0034 00       		.byte	0
 1458 0035 00       		.byte	0
 1459 0036 05       		.uleb128 0x5
 1460 0037 13       		.uleb128 0x13
 1461 0038 01       		.byte	0x1
 1462 0039 03       		.uleb128 0x3
 1463 003a 0E       		.uleb128 0xe
 1464 003b 0B       		.uleb128 0xb
 1465 003c 0B       		.uleb128 0xb
 1466 003d 3A       		.uleb128 0x3a
 1467 003e 0B       		.uleb128 0xb
 1468 003f 3B       		.uleb128 0x3b
 1469 0040 0B       		.uleb128 0xb
 1470 0041 01       		.uleb128 0x1
 1471 0042 13       		.uleb128 0x13
 1472 0043 00       		.byte	0
 1473 0044 00       		.byte	0
 1474 0045 06       		.uleb128 0x6
 1475 0046 0D       		.uleb128 0xd
 1476 0047 00       		.byte	0
 1477 0048 03       		.uleb128 0x3
 1478 0049 0E       		.uleb128 0xe
ARM GAS  /tmp/cctyL78a.s 			page 27


 1479 004a 3A       		.uleb128 0x3a
 1480 004b 0B       		.uleb128 0xb
 1481 004c 3B       		.uleb128 0x3b
 1482 004d 0B       		.uleb128 0xb
 1483 004e 49       		.uleb128 0x49
 1484 004f 13       		.uleb128 0x13
 1485 0050 38       		.uleb128 0x38
 1486 0051 0B       		.uleb128 0xb
 1487 0052 00       		.byte	0
 1488 0053 00       		.byte	0
 1489 0054 07       		.uleb128 0x7
 1490 0055 0D       		.uleb128 0xd
 1491 0056 00       		.byte	0
 1492 0057 03       		.uleb128 0x3
 1493 0058 08       		.uleb128 0x8
 1494 0059 3A       		.uleb128 0x3a
 1495 005a 0B       		.uleb128 0xb
 1496 005b 3B       		.uleb128 0x3b
 1497 005c 05       		.uleb128 0x5
 1498 005d 49       		.uleb128 0x49
 1499 005e 13       		.uleb128 0x13
 1500 005f 38       		.uleb128 0x38
 1501 0060 0B       		.uleb128 0xb
 1502 0061 00       		.byte	0
 1503 0062 00       		.byte	0
 1504 0063 08       		.uleb128 0x8
 1505 0064 0D       		.uleb128 0xd
 1506 0065 00       		.byte	0
 1507 0066 03       		.uleb128 0x3
 1508 0067 0E       		.uleb128 0xe
 1509 0068 3A       		.uleb128 0x3a
 1510 0069 0B       		.uleb128 0xb
 1511 006a 3B       		.uleb128 0x3b
 1512 006b 05       		.uleb128 0x5
 1513 006c 49       		.uleb128 0x49
 1514 006d 13       		.uleb128 0x13
 1515 006e 38       		.uleb128 0x38
 1516 006f 0B       		.uleb128 0xb
 1517 0070 00       		.byte	0
 1518 0071 00       		.byte	0
 1519 0072 09       		.uleb128 0x9
 1520 0073 0F       		.uleb128 0xf
 1521 0074 00       		.byte	0
 1522 0075 0B       		.uleb128 0xb
 1523 0076 0B       		.uleb128 0xb
 1524 0077 49       		.uleb128 0x49
 1525 0078 13       		.uleb128 0x13
 1526 0079 00       		.byte	0
 1527 007a 00       		.byte	0
 1528 007b 0A       		.uleb128 0xa
 1529 007c 13       		.uleb128 0x13
 1530 007d 01       		.byte	0x1
 1531 007e 03       		.uleb128 0x3
 1532 007f 0E       		.uleb128 0xe
 1533 0080 0B       		.uleb128 0xb
 1534 0081 0B       		.uleb128 0xb
 1535 0082 3A       		.uleb128 0x3a
ARM GAS  /tmp/cctyL78a.s 			page 28


 1536 0083 0B       		.uleb128 0xb
 1537 0084 3B       		.uleb128 0x3b
 1538 0085 05       		.uleb128 0x5
 1539 0086 01       		.uleb128 0x1
 1540 0087 13       		.uleb128 0x13
 1541 0088 00       		.byte	0
 1542 0089 00       		.byte	0
 1543 008a 0B       		.uleb128 0xb
 1544 008b 15       		.uleb128 0x15
 1545 008c 01       		.byte	0x1
 1546 008d 27       		.uleb128 0x27
 1547 008e 19       		.uleb128 0x19
 1548 008f 01       		.uleb128 0x1
 1549 0090 13       		.uleb128 0x13
 1550 0091 00       		.byte	0
 1551 0092 00       		.byte	0
 1552 0093 0C       		.uleb128 0xc
 1553 0094 05       		.uleb128 0x5
 1554 0095 00       		.byte	0
 1555 0096 49       		.uleb128 0x49
 1556 0097 13       		.uleb128 0x13
 1557 0098 00       		.byte	0
 1558 0099 00       		.byte	0
 1559 009a 0D       		.uleb128 0xd
 1560 009b 0F       		.uleb128 0xf
 1561 009c 00       		.byte	0
 1562 009d 0B       		.uleb128 0xb
 1563 009e 0B       		.uleb128 0xb
 1564 009f 00       		.byte	0
 1565 00a0 00       		.byte	0
 1566 00a1 0E       		.uleb128 0xe
 1567 00a2 13       		.uleb128 0x13
 1568 00a3 01       		.byte	0x1
 1569 00a4 03       		.uleb128 0x3
 1570 00a5 0E       		.uleb128 0xe
 1571 00a6 0B       		.uleb128 0xb
 1572 00a7 05       		.uleb128 0x5
 1573 00a8 3A       		.uleb128 0x3a
 1574 00a9 0B       		.uleb128 0xb
 1575 00aa 3B       		.uleb128 0x3b
 1576 00ab 05       		.uleb128 0x5
 1577 00ac 01       		.uleb128 0x1
 1578 00ad 13       		.uleb128 0x13
 1579 00ae 00       		.byte	0
 1580 00af 00       		.byte	0
 1581 00b0 0F       		.uleb128 0xf
 1582 00b1 13       		.uleb128 0x13
 1583 00b2 01       		.byte	0x1
 1584 00b3 0B       		.uleb128 0xb
 1585 00b4 05       		.uleb128 0x5
 1586 00b5 3A       		.uleb128 0x3a
 1587 00b6 0B       		.uleb128 0xb
 1588 00b7 3B       		.uleb128 0x3b
 1589 00b8 05       		.uleb128 0x5
 1590 00b9 01       		.uleb128 0x1
 1591 00ba 13       		.uleb128 0x13
 1592 00bb 00       		.byte	0
ARM GAS  /tmp/cctyL78a.s 			page 29


 1593 00bc 00       		.byte	0
 1594 00bd 10       		.uleb128 0x10
 1595 00be 0D       		.uleb128 0xd
 1596 00bf 00       		.byte	0
 1597 00c0 03       		.uleb128 0x3
 1598 00c1 0E       		.uleb128 0xe
 1599 00c2 3A       		.uleb128 0x3a
 1600 00c3 0B       		.uleb128 0xb
 1601 00c4 3B       		.uleb128 0x3b
 1602 00c5 05       		.uleb128 0x5
 1603 00c6 49       		.uleb128 0x49
 1604 00c7 13       		.uleb128 0x13
 1605 00c8 38       		.uleb128 0x38
 1606 00c9 05       		.uleb128 0x5
 1607 00ca 00       		.byte	0
 1608 00cb 00       		.byte	0
 1609 00cc 11       		.uleb128 0x11
 1610 00cd 0D       		.uleb128 0xd
 1611 00ce 00       		.byte	0
 1612 00cf 03       		.uleb128 0x3
 1613 00d0 08       		.uleb128 0x8
 1614 00d1 3A       		.uleb128 0x3a
 1615 00d2 0B       		.uleb128 0xb
 1616 00d3 3B       		.uleb128 0x3b
 1617 00d4 05       		.uleb128 0x5
 1618 00d5 49       		.uleb128 0x49
 1619 00d6 13       		.uleb128 0x13
 1620 00d7 38       		.uleb128 0x38
 1621 00d8 05       		.uleb128 0x5
 1622 00d9 00       		.byte	0
 1623 00da 00       		.byte	0
 1624 00db 12       		.uleb128 0x12
 1625 00dc 01       		.uleb128 0x1
 1626 00dd 01       		.byte	0x1
 1627 00de 49       		.uleb128 0x49
 1628 00df 13       		.uleb128 0x13
 1629 00e0 01       		.uleb128 0x1
 1630 00e1 13       		.uleb128 0x13
 1631 00e2 00       		.byte	0
 1632 00e3 00       		.byte	0
 1633 00e4 13       		.uleb128 0x13
 1634 00e5 21       		.uleb128 0x21
 1635 00e6 00       		.byte	0
 1636 00e7 49       		.uleb128 0x49
 1637 00e8 13       		.uleb128 0x13
 1638 00e9 2F       		.uleb128 0x2f
 1639 00ea 0B       		.uleb128 0xb
 1640 00eb 00       		.byte	0
 1641 00ec 00       		.byte	0
 1642 00ed 14       		.uleb128 0x14
 1643 00ee 35       		.uleb128 0x35
 1644 00ef 00       		.byte	0
 1645 00f0 49       		.uleb128 0x49
 1646 00f1 13       		.uleb128 0x13
 1647 00f2 00       		.byte	0
 1648 00f3 00       		.byte	0
 1649 00f4 15       		.uleb128 0x15
ARM GAS  /tmp/cctyL78a.s 			page 30


 1650 00f5 21       		.uleb128 0x21
 1651 00f6 00       		.byte	0
 1652 00f7 49       		.uleb128 0x49
 1653 00f8 13       		.uleb128 0x13
 1654 00f9 2F       		.uleb128 0x2f
 1655 00fa 05       		.uleb128 0x5
 1656 00fb 00       		.byte	0
 1657 00fc 00       		.byte	0
 1658 00fd 16       		.uleb128 0x16
 1659 00fe 16       		.uleb128 0x16
 1660 00ff 00       		.byte	0
 1661 0100 03       		.uleb128 0x3
 1662 0101 0E       		.uleb128 0xe
 1663 0102 3A       		.uleb128 0x3a
 1664 0103 0B       		.uleb128 0xb
 1665 0104 3B       		.uleb128 0x3b
 1666 0105 05       		.uleb128 0x5
 1667 0106 49       		.uleb128 0x49
 1668 0107 13       		.uleb128 0x13
 1669 0108 00       		.byte	0
 1670 0109 00       		.byte	0
 1671 010a 17       		.uleb128 0x17
 1672 010b 13       		.uleb128 0x13
 1673 010c 01       		.byte	0x1
 1674 010d 0B       		.uleb128 0xb
 1675 010e 0B       		.uleb128 0xb
 1676 010f 3A       		.uleb128 0x3a
 1677 0110 0B       		.uleb128 0xb
 1678 0111 3B       		.uleb128 0x3b
 1679 0112 05       		.uleb128 0x5
 1680 0113 01       		.uleb128 0x1
 1681 0114 13       		.uleb128 0x13
 1682 0115 00       		.byte	0
 1683 0116 00       		.byte	0
 1684 0117 18       		.uleb128 0x18
 1685 0118 26       		.uleb128 0x26
 1686 0119 00       		.byte	0
 1687 011a 49       		.uleb128 0x49
 1688 011b 13       		.uleb128 0x13
 1689 011c 00       		.byte	0
 1690 011d 00       		.byte	0
 1691 011e 19       		.uleb128 0x19
 1692 011f 0D       		.uleb128 0xd
 1693 0120 00       		.byte	0
 1694 0121 03       		.uleb128 0x3
 1695 0122 08       		.uleb128 0x8
 1696 0123 3A       		.uleb128 0x3a
 1697 0124 0B       		.uleb128 0xb
 1698 0125 3B       		.uleb128 0x3b
 1699 0126 0B       		.uleb128 0xb
 1700 0127 49       		.uleb128 0x49
 1701 0128 13       		.uleb128 0x13
 1702 0129 38       		.uleb128 0x38
 1703 012a 0B       		.uleb128 0xb
 1704 012b 00       		.byte	0
 1705 012c 00       		.byte	0
 1706 012d 1A       		.uleb128 0x1a
ARM GAS  /tmp/cctyL78a.s 			page 31


 1707 012e 13       		.uleb128 0x13
 1708 012f 01       		.byte	0x1
 1709 0130 0B       		.uleb128 0xb
 1710 0131 0B       		.uleb128 0xb
 1711 0132 3A       		.uleb128 0x3a
 1712 0133 0B       		.uleb128 0xb
 1713 0134 3B       		.uleb128 0x3b
 1714 0135 0B       		.uleb128 0xb
 1715 0136 01       		.uleb128 0x1
 1716 0137 13       		.uleb128 0x13
 1717 0138 00       		.byte	0
 1718 0139 00       		.byte	0
 1719 013a 1B       		.uleb128 0x1b
 1720 013b 17       		.uleb128 0x17
 1721 013c 01       		.byte	0x1
 1722 013d 0B       		.uleb128 0xb
 1723 013e 0B       		.uleb128 0xb
 1724 013f 3A       		.uleb128 0x3a
 1725 0140 0B       		.uleb128 0xb
 1726 0141 3B       		.uleb128 0x3b
 1727 0142 0B       		.uleb128 0xb
 1728 0143 01       		.uleb128 0x1
 1729 0144 13       		.uleb128 0x13
 1730 0145 00       		.byte	0
 1731 0146 00       		.byte	0
 1732 0147 1C       		.uleb128 0x1c
 1733 0148 0D       		.uleb128 0xd
 1734 0149 00       		.byte	0
 1735 014a 03       		.uleb128 0x3
 1736 014b 0E       		.uleb128 0xe
 1737 014c 3A       		.uleb128 0x3a
 1738 014d 0B       		.uleb128 0xb
 1739 014e 3B       		.uleb128 0x3b
 1740 014f 05       		.uleb128 0x5
 1741 0150 49       		.uleb128 0x49
 1742 0151 13       		.uleb128 0x13
 1743 0152 00       		.byte	0
 1744 0153 00       		.byte	0
 1745 0154 1D       		.uleb128 0x1d
 1746 0155 2E       		.uleb128 0x2e
 1747 0156 01       		.byte	0x1
 1748 0157 3F       		.uleb128 0x3f
 1749 0158 19       		.uleb128 0x19
 1750 0159 03       		.uleb128 0x3
 1751 015a 0E       		.uleb128 0xe
 1752 015b 3A       		.uleb128 0x3a
 1753 015c 0B       		.uleb128 0xb
 1754 015d 3B       		.uleb128 0x3b
 1755 015e 0B       		.uleb128 0xb
 1756 015f 27       		.uleb128 0x27
 1757 0160 19       		.uleb128 0x19
 1758 0161 11       		.uleb128 0x11
 1759 0162 01       		.uleb128 0x1
 1760 0163 12       		.uleb128 0x12
 1761 0164 06       		.uleb128 0x6
 1762 0165 40       		.uleb128 0x40
 1763 0166 18       		.uleb128 0x18
ARM GAS  /tmp/cctyL78a.s 			page 32


 1764 0167 9742     		.uleb128 0x2117
 1765 0169 19       		.uleb128 0x19
 1766 016a 01       		.uleb128 0x1
 1767 016b 13       		.uleb128 0x13
 1768 016c 00       		.byte	0
 1769 016d 00       		.byte	0
 1770 016e 1E       		.uleb128 0x1e
 1771 016f 05       		.uleb128 0x5
 1772 0170 00       		.byte	0
 1773 0171 03       		.uleb128 0x3
 1774 0172 08       		.uleb128 0x8
 1775 0173 3A       		.uleb128 0x3a
 1776 0174 0B       		.uleb128 0xb
 1777 0175 3B       		.uleb128 0x3b
 1778 0176 0B       		.uleb128 0xb
 1779 0177 49       		.uleb128 0x49
 1780 0178 13       		.uleb128 0x13
 1781 0179 02       		.uleb128 0x2
 1782 017a 18       		.uleb128 0x18
 1783 017b 00       		.byte	0
 1784 017c 00       		.byte	0
 1785 017d 1F       		.uleb128 0x1f
 1786 017e 05       		.uleb128 0x5
 1787 017f 00       		.byte	0
 1788 0180 03       		.uleb128 0x3
 1789 0181 0E       		.uleb128 0xe
 1790 0182 3A       		.uleb128 0x3a
 1791 0183 0B       		.uleb128 0xb
 1792 0184 3B       		.uleb128 0x3b
 1793 0185 0B       		.uleb128 0xb
 1794 0186 49       		.uleb128 0x49
 1795 0187 13       		.uleb128 0x13
 1796 0188 02       		.uleb128 0x2
 1797 0189 18       		.uleb128 0x18
 1798 018a 00       		.byte	0
 1799 018b 00       		.byte	0
 1800 018c 20       		.uleb128 0x20
 1801 018d 34       		.uleb128 0x34
 1802 018e 00       		.byte	0
 1803 018f 03       		.uleb128 0x3
 1804 0190 0E       		.uleb128 0xe
 1805 0191 49       		.uleb128 0x49
 1806 0192 13       		.uleb128 0x13
 1807 0193 34       		.uleb128 0x34
 1808 0194 19       		.uleb128 0x19
 1809 0195 00       		.byte	0
 1810 0196 00       		.byte	0
 1811 0197 21       		.uleb128 0x21
 1812 0198 34       		.uleb128 0x34
 1813 0199 00       		.byte	0
 1814 019a 03       		.uleb128 0x3
 1815 019b 0E       		.uleb128 0xe
 1816 019c 3A       		.uleb128 0x3a
 1817 019d 0B       		.uleb128 0xb
 1818 019e 3B       		.uleb128 0x3b
 1819 019f 05       		.uleb128 0x5
 1820 01a0 49       		.uleb128 0x49
ARM GAS  /tmp/cctyL78a.s 			page 33


 1821 01a1 13       		.uleb128 0x13
 1822 01a2 3F       		.uleb128 0x3f
 1823 01a3 19       		.uleb128 0x19
 1824 01a4 3C       		.uleb128 0x3c
 1825 01a5 19       		.uleb128 0x19
 1826 01a6 00       		.byte	0
 1827 01a7 00       		.byte	0
 1828 01a8 22       		.uleb128 0x22
 1829 01a9 34       		.uleb128 0x34
 1830 01aa 00       		.byte	0
 1831 01ab 03       		.uleb128 0x3
 1832 01ac 08       		.uleb128 0x8
 1833 01ad 3A       		.uleb128 0x3a
 1834 01ae 0B       		.uleb128 0xb
 1835 01af 3B       		.uleb128 0x3b
 1836 01b0 05       		.uleb128 0x5
 1837 01b1 49       		.uleb128 0x49
 1838 01b2 13       		.uleb128 0x13
 1839 01b3 3F       		.uleb128 0x3f
 1840 01b4 19       		.uleb128 0x19
 1841 01b5 3C       		.uleb128 0x3c
 1842 01b6 19       		.uleb128 0x19
 1843 01b7 00       		.byte	0
 1844 01b8 00       		.byte	0
 1845 01b9 00       		.byte	0
 1846              		.section	.debug_aranges,"",%progbits
 1847 0000 1C000000 		.4byte	0x1c
 1848 0004 0200     		.2byte	0x2
 1849 0006 00000000 		.4byte	.Ldebug_info0
 1850 000a 04       		.byte	0x4
 1851 000b 00       		.byte	0
 1852 000c 0000     		.2byte	0
 1853 000e 0000     		.2byte	0
 1854 0010 00000000 		.4byte	.Ltext0
 1855 0014 D4000000 		.4byte	.Letext0-.Ltext0
 1856 0018 00000000 		.4byte	0
 1857 001c 00000000 		.4byte	0
 1858              		.section	.debug_line,"",%progbits
 1859              	.Ldebug_line0:
 1860 0000 5A020000 		.section	.debug_str,"MS",%progbits,1
 1860      02003502 
 1860      00000201 
 1860      FB0E0D00 
 1860      01010101 
 1861              	.LASF47:
 1862 0000 74687265 		.ascii	"threads_list_t\000"
 1862      6164735F 
 1862      6C697374 
 1862      5F7400
 1863              	.LASF86:
 1864 000f 49435052 		.ascii	"ICPR\000"
 1864      00
 1865              	.LASF52:
 1866 0014 72656164 		.ascii	"ready_list_t\000"
 1866      795F6C69 
 1866      73745F74 
 1866      00
ARM GAS  /tmp/cctyL78a.s 			page 34


 1867              	.LASF118:
 1868 0021 77747472 		.ascii	"wttrp\000"
 1868      7000
 1869              	.LASF115:
 1870 0027 7264796D 		.ascii	"rdymsg\000"
 1870      736700
 1871              	.LASF16:
 1872 002e 75696E74 		.ascii	"uint64_t\000"
 1872      36345F74 
 1872      00
 1873              	.LASF5:
 1874 0037 5F5F7569 		.ascii	"__uint8_t\000"
 1874      6E74385F 
 1874      7400
 1875              	.LASF112:
 1876 0041 706F7274 		.ascii	"port_intctx\000"
 1876      5F696E74 
 1876      63747800 
 1877              	.LASF71:
 1878 004d 73797374 		.ascii	"system_debug_t\000"
 1878      656D5F64 
 1878      65627567 
 1878      5F7400
 1879              	.LASF12:
 1880 005c 6C6F6E67 		.ascii	"long long unsigned int\000"
 1880      206C6F6E 
 1880      6720756E 
 1880      7369676E 
 1880      65642069 
 1881              	.LASF116:
 1882 0073 65786974 		.ascii	"exitcode\000"
 1882      636F6465 
 1882      00
 1883              	.LASF78:
 1884 007c 6D61696E 		.ascii	"mainthread\000"
 1884      74687265 
 1884      616400
 1885              	.LASF68:
 1886 0087 76697274 		.ascii	"virtual_timers_list_t\000"
 1886      75616C5F 
 1886      74696D65 
 1886      72735F6C 
 1886      6973745F 
 1887              	.LASF94:
 1888 009d 43505549 		.ascii	"CPUID\000"
 1888      4400
 1889              	.LASF51:
 1890 00a3 63685F74 		.ascii	"ch_threads_queue\000"
 1890      68726561 
 1890      64735F71 
 1890      75657565 
 1890      00
 1891              	.LASF84:
 1892 00b4 49535052 		.ascii	"ISPR\000"
 1892      00
 1893              	.LASF30:
 1894 00b9 705F7072 		.ascii	"p_prio\000"
ARM GAS  /tmp/cctyL78a.s 			page 35


 1894      696F00
 1895              	.LASF133:
 1896 00c0 6E766963 		.ascii	"nvicEnableVector\000"
 1896      456E6162 
 1896      6C655665 
 1896      63746F72 
 1896      00
 1897              	.LASF70:
 1898 00d1 76745F73 		.ascii	"vt_systime\000"
 1898      79737469 
 1898      6D6500
 1899              	.LASF10:
 1900 00dc 6C6F6E67 		.ascii	"long long int\000"
 1900      206C6F6E 
 1900      6720696E 
 1900      7400
 1901              	.LASF1:
 1902 00ea 7369676E 		.ascii	"signed char\000"
 1902      65642063 
 1902      68617200 
 1903              	.LASF45:
 1904 00f6 705F6D70 		.ascii	"p_mpool\000"
 1904      6F6F6C00 
 1905              	.LASF126:
 1906 00fe 6D5F7175 		.ascii	"m_queue\000"
 1906      65756500 
 1907              	.LASF137:
 1908 0106 6E766963 		.ascii	"nvicClearPending\000"
 1908      436C6561 
 1908      7250656E 
 1908      64696E67 
 1908      00
 1909              	.LASF77:
 1910 0117 76746C69 		.ascii	"vtlist\000"
 1910      737400
 1911              	.LASF21:
 1912 011e 74736C69 		.ascii	"tslices_t\000"
 1912      6365735F 
 1912      7400
 1913              	.LASF75:
 1914 0128 63685F73 		.ascii	"ch_system\000"
 1914      79737465 
 1914      6D00
 1915              	.LASF7:
 1916 0132 6C6F6E67 		.ascii	"long int\000"
 1916      20696E74 
 1916      00
 1917              	.LASF106:
 1918 013b 49534152 		.ascii	"ISAR\000"
 1918      00
 1919              	.LASF19:
 1920 0140 74737461 		.ascii	"tstate_t\000"
 1920      74655F74 
 1920      00
 1921              	.LASF32:
 1922 0149 705F6E65 		.ascii	"p_newer\000"
 1922      77657200 
ARM GAS  /tmp/cctyL78a.s 			page 36


 1923              	.LASF123:
 1924 0151 735F7175 		.ascii	"s_queue\000"
 1924      65756500 
 1925              	.LASF103:
 1926 0159 42464152 		.ascii	"BFAR\000"
 1926      00
 1927              	.LASF104:
 1928 015e 41465352 		.ascii	"AFSR\000"
 1928      00
 1929              	.LASF57:
 1930 0163 725F6E65 		.ascii	"r_newer\000"
 1930      77657200 
 1931              	.LASF109:
 1932 016b 72656761 		.ascii	"regarm_t\000"
 1932      726D5F74 
 1932      00
 1933              	.LASF64:
 1934 0174 76745F70 		.ascii	"vt_prev\000"
 1934      72657600 
 1935              	.LASF108:
 1936 017c 5343425F 		.ascii	"SCB_Type\000"
 1936      54797065 
 1936      00
 1937              	.LASF130:
 1938 0185 6D757465 		.ascii	"mutex_t\000"
 1938      785F7400 
 1939              	.LASF79:
 1940 018d 69646C65 		.ascii	"idle_thread_wa\000"
 1940      5F746872 
 1940      6561645F 
 1940      776100
 1941              	.LASF25:
 1942 019c 636E745F 		.ascii	"cnt_t\000"
 1942      7400
 1943              	.LASF0:
 1944 01a2 756E7369 		.ascii	"unsigned int\000"
 1944      676E6564 
 1944      20696E74 
 1944      00
 1945              	.LASF63:
 1946 01af 76745F6E 		.ascii	"vt_next\000"
 1946      65787400 
 1947              	.LASF134:
 1948 01b7 6E766963 		.ascii	"nvicDisableVector\000"
 1948      44697361 
 1948      626C6556 
 1948      6563746F 
 1948      7200
 1949              	.LASF119:
 1950 01c9 77747365 		.ascii	"wtsemp\000"
 1950      6D7000
 1951              	.LASF40:
 1952 01d0 705F6D73 		.ascii	"p_msgqueue\000"
 1952      67717565 
 1952      756500
 1953              	.LASF96:
 1954 01db 56544F52 		.ascii	"VTOR\000"
ARM GAS  /tmp/cctyL78a.s 			page 37


 1954      00
 1955              	.LASF124:
 1956 01e0 735F636E 		.ascii	"s_cnt\000"
 1956      7400
 1957              	.LASF140:
 1958 01e6 2E2E2F43 		.ascii	"../ChibiOS/os/hal/ports/common/ARMCMx/nvic.c\000"
 1958      68696269 
 1958      4F532F6F 
 1958      732F6861 
 1958      6C2F706F 
 1959              	.LASF48:
 1960 0213 63685F74 		.ascii	"ch_thread\000"
 1960      68726561 
 1960      6400
 1961              	.LASF95:
 1962 021d 49435352 		.ascii	"ICSR\000"
 1962      00
 1963              	.LASF23:
 1964 0222 6D73675F 		.ascii	"msg_t\000"
 1964      7400
 1965              	.LASF97:
 1966 0228 41495243 		.ascii	"AIRCR\000"
 1966      5200
 1967              	.LASF101:
 1968 022e 44465352 		.ascii	"DFSR\000"
 1968      00
 1969              	.LASF102:
 1970 0233 4D4D4641 		.ascii	"MMFAR\000"
 1970      5200
 1971              	.LASF74:
 1972 0239 63685F73 		.ascii	"ch_system_t\000"
 1972      79737465 
 1972      6D5F7400 
 1973              	.LASF18:
 1974 0245 746D6F64 		.ascii	"tmode_t\000"
 1974      655F7400 
 1975              	.LASF139:
 1976 024d 474E5520 		.ascii	"GNU C 4.8.4 20140526 (release) [ARM/embedded-4_8-br"
 1976      4320342E 
 1976      382E3420 
 1976      32303134 
 1976      30353236 
 1977 0280 616E6368 		.ascii	"anch revision 211358] -mcpu=cortex-m4 -mno-thumb-in"
 1977      20726576 
 1977      6973696F 
 1977      6E203231 
 1977      31333538 
 1978 02b3 74657277 		.ascii	"terwork -mthumb -ggdb -O0 -fomit-frame-pointer -fal"
 1978      6F726B20 
 1978      2D6D7468 
 1978      756D6220 
 1978      2D676764 
 1979 02e6 69676E2D 		.ascii	"ign-functions=16\000"
 1979      66756E63 
 1979      74696F6E 
 1979      733D3136 
 1979      00
ARM GAS  /tmp/cctyL78a.s 			page 38


 1980              	.LASF53:
 1981 02f7 63685F72 		.ascii	"ch_ready_list\000"
 1981      65616479 
 1981      5F6C6973 
 1981      7400
 1982              	.LASF24:
 1983 0305 6576656E 		.ascii	"eventmask_t\000"
 1983      746D6173 
 1983      6B5F7400 
 1984              	.LASF6:
 1985 0311 5F5F696E 		.ascii	"__int32_t\000"
 1985      7433325F 
 1985      7400
 1986              	.LASF110:
 1987 031b 73746B61 		.ascii	"stkalign_t\000"
 1987      6C69676E 
 1987      5F7400
 1988              	.LASF136:
 1989 0326 68616E64 		.ascii	"handler\000"
 1989      6C657200 
 1990              	.LASF61:
 1991 032e 76697274 		.ascii	"virtual_timer_t\000"
 1991      75616C5F 
 1991      74696D65 
 1991      725F7400 
 1992              	.LASF39:
 1993 033e 705F7761 		.ascii	"p_waiting\000"
 1993      6974696E 
 1993      6700
 1994              	.LASF92:
 1995 0348 73697A65 		.ascii	"sizetype\000"
 1995      74797065 
 1995      00
 1996              	.LASF46:
 1997 0351 74687265 		.ascii	"thread_reference_t\000"
 1997      61645F72 
 1997      65666572 
 1997      656E6365 
 1997      5F7400
 1998              	.LASF69:
 1999 0364 63685F76 		.ascii	"ch_virtual_timers_list\000"
 1999      69727475 
 1999      616C5F74 
 1999      696D6572 
 1999      735F6C69 
 2000              	.LASF99:
 2001 037b 43465352 		.ascii	"CFSR\000"
 2001      00
 2002              	.LASF88:
 2003 0380 49414252 		.ascii	"IABR\000"
 2003      00
 2004              	.LASF33:
 2005 0385 705F6F6C 		.ascii	"p_older\000"
 2005      64657200 
 2006              	.LASF56:
 2007 038d 725F6374 		.ascii	"r_ctx\000"
 2007      7800
ARM GAS  /tmp/cctyL78a.s 			page 39


 2008              	.LASF114:
 2009 0393 746D5F63 		.ascii	"tm_calibration_t\000"
 2009      616C6962 
 2009      72617469 
 2009      6F6E5F74 
 2009      00
 2010              	.LASF82:
 2011 03a4 49434552 		.ascii	"ICER\000"
 2011      00
 2012              	.LASF132:
 2013 03a9 7072696F 		.ascii	"prio\000"
 2013      00
 2014              	.LASF58:
 2015 03ae 725F6F6C 		.ascii	"r_older\000"
 2015      64657200 
 2016              	.LASF11:
 2017 03b6 5F5F7569 		.ascii	"__uint64_t\000"
 2017      6E743634 
 2017      5F7400
 2018              	.LASF20:
 2019 03c1 74726566 		.ascii	"trefs_t\000"
 2019      735F7400 
 2020              	.LASF81:
 2021 03c9 52455345 		.ascii	"RESERVED0\000"
 2021      52564544 
 2021      3000
 2022              	.LASF85:
 2023 03d3 52455345 		.ascii	"RESERVED2\000"
 2023      52564544 
 2023      3200
 2024              	.LASF87:
 2025 03dd 52455345 		.ascii	"RESERVED3\000"
 2025      52564544 
 2025      3300
 2026              	.LASF89:
 2027 03e7 52455345 		.ascii	"RESERVED4\000"
 2027      52564544 
 2027      3400
 2028              	.LASF29:
 2029 03f1 705F7072 		.ascii	"p_prev\000"
 2029      657600
 2030              	.LASF22:
 2031 03f8 74707269 		.ascii	"tprio_t\000"
 2031      6F5F7400 
 2032              	.LASF141:
 2033 0400 2F752F65 		.ascii	"/u/elawton2/p442-submissions/sensortile\000"
 2033      6C617774 
 2033      6F6E322F 
 2033      70343432 
 2033      2D737562 
 2034              	.LASF72:
 2035 0428 63685F73 		.ascii	"ch_system_debug\000"
 2035      79737465 
 2035      6D5F6465 
 2035      62756700 
 2036              	.LASF131:
 2037 0438 5F426F6F 		.ascii	"_Bool\000"
ARM GAS  /tmp/cctyL78a.s 			page 40


 2037      6C00
 2038              	.LASF14:
 2039 043e 696E7433 		.ascii	"int32_t\000"
 2039      325F7400 
 2040              	.LASF2:
 2041 0446 756E7369 		.ascii	"unsigned char\000"
 2041      676E6564 
 2041      20636861 
 2041      7200
 2042              	.LASF98:
 2043 0454 53484353 		.ascii	"SHCSR\000"
 2043      5200
 2044              	.LASF138:
 2045 045a 49544D5F 		.ascii	"ITM_RxBuffer\000"
 2045      52784275 
 2045      66666572 
 2045      00
 2046              	.LASF35:
 2047 0467 705F7374 		.ascii	"p_state\000"
 2047      61746500 
 2048              	.LASF43:
 2049 046f 705F6D74 		.ascii	"p_mtxlist\000"
 2049      786C6973 
 2049      7400
 2050              	.LASF3:
 2051 0479 73686F72 		.ascii	"short int\000"
 2051      7420696E 
 2051      7400
 2052              	.LASF80:
 2053 0483 49534552 		.ascii	"ISER\000"
 2053      00
 2054              	.LASF93:
 2055 0488 4E564943 		.ascii	"NVIC_Type\000"
 2055      5F547970 
 2055      6500
 2056              	.LASF38:
 2057 0492 705F7072 		.ascii	"p_preempt\000"
 2057      65656D70 
 2057      7400
 2058              	.LASF135:
 2059 049c 6E766963 		.ascii	"nvicSetSystemHandlerPriority\000"
 2059      53657453 
 2059      79737465 
 2059      6D48616E 
 2059      646C6572 
 2060              	.LASF55:
 2061 04b9 725F7072 		.ascii	"r_prio\000"
 2061      696F00
 2062              	.LASF121:
 2063 04c0 65776D61 		.ascii	"ewmask\000"
 2063      736B00
 2064              	.LASF28:
 2065 04c7 705F6E65 		.ascii	"p_next\000"
 2065      787400
 2066              	.LASF36:
 2067 04ce 705F666C 		.ascii	"p_flags\000"
 2067      61677300 
ARM GAS  /tmp/cctyL78a.s 			page 41


 2068              	.LASF142:
 2069 04d6 5F5F6675 		.ascii	"__func__\000"
 2069      6E635F5F 
 2069      00
 2070              	.LASF4:
 2071 04df 73686F72 		.ascii	"short unsigned int\000"
 2071      7420756E 
 2071      7369676E 
 2071      65642069 
 2071      6E7400
 2072              	.LASF62:
 2073 04f2 63685F76 		.ascii	"ch_virtual_timer\000"
 2073      69727475 
 2073      616C5F74 
 2073      696D6572 
 2073      00
 2074              	.LASF122:
 2075 0503 63685F73 		.ascii	"ch_semaphore\000"
 2075      656D6170 
 2075      686F7265 
 2075      00
 2076              	.LASF42:
 2077 0510 705F6570 		.ascii	"p_epending\000"
 2077      656E6469 
 2077      6E6700
 2078              	.LASF90:
 2079 051b 52455345 		.ascii	"RESERVED5\000"
 2079      52564544 
 2079      3500
 2080              	.LASF15:
 2081 0525 75696E74 		.ascii	"uint32_t\000"
 2081      33325F74 
 2081      00
 2082              	.LASF120:
 2083 052e 77746D74 		.ascii	"wtmtxp\000"
 2083      787000
 2084              	.LASF54:
 2085 0535 725F7175 		.ascii	"r_queue\000"
 2085      65756500 
 2086              	.LASF65:
 2087 053d 76745F64 		.ascii	"vt_delta\000"
 2087      656C7461 
 2087      00
 2088              	.LASF49:
 2089 0546 63685F74 		.ascii	"ch_threads_list\000"
 2089      68726561 
 2089      64735F6C 
 2089      69737400 
 2090              	.LASF9:
 2091 0556 6C6F6E67 		.ascii	"long unsigned int\000"
 2091      20756E73 
 2091      69676E65 
 2091      6420696E 
 2091      7400
 2092              	.LASF59:
 2093 0568 725F6375 		.ascii	"r_current\000"
 2093      7272656E 
ARM GAS  /tmp/cctyL78a.s 			page 42


 2093      7400
 2094              	.LASF129:
 2095 0572 63686172 		.ascii	"char\000"
 2095      00
 2096              	.LASF27:
 2097 0577 74687265 		.ascii	"thread_t\000"
 2097      61645F74 
 2097      00
 2098              	.LASF128:
 2099 0580 6D5F6E65 		.ascii	"m_next\000"
 2099      787400
 2100              	.LASF26:
 2101 0587 73797374 		.ascii	"systime_t\000"
 2101      696D655F 
 2101      7400
 2102              	.LASF44:
 2103 0591 705F7265 		.ascii	"p_realprio\000"
 2103      616C7072 
 2103      696F00
 2104              	.LASF60:
 2105 059c 76746675 		.ascii	"vtfunc_t\000"
 2105      6E635F74 
 2105      00
 2106              	.LASF8:
 2107 05a5 5F5F7569 		.ascii	"__uint32_t\000"
 2107      6E743332 
 2107      5F7400
 2108              	.LASF73:
 2109 05b0 70616E69 		.ascii	"panic_msg\000"
 2109      635F6D73 
 2109      6700
 2110              	.LASF113:
 2111 05ba 6F666673 		.ascii	"offset\000"
 2111      657400
 2112              	.LASF111:
 2113 05c1 636F6E74 		.ascii	"context\000"
 2113      65787400 
 2114              	.LASF17:
 2115 05c9 7274636E 		.ascii	"rtcnt_t\000"
 2115      745F7400 
 2116              	.LASF67:
 2117 05d1 76745F70 		.ascii	"vt_par\000"
 2117      617200
 2118              	.LASF50:
 2119 05d8 74687265 		.ascii	"threads_queue_t\000"
 2119      6164735F 
 2119      71756575 
 2119      655F7400 
 2120              	.LASF125:
 2121 05e8 63685F6D 		.ascii	"ch_mutex\000"
 2121      75746578 
 2121      00
 2122              	.LASF37:
 2123 05f1 705F7265 		.ascii	"p_refs\000"
 2123      667300
 2124              	.LASF105:
 2125 05f8 4D4D4652 		.ascii	"MMFR\000"
ARM GAS  /tmp/cctyL78a.s 			page 43


 2125      00
 2126              	.LASF76:
 2127 05fd 726C6973 		.ascii	"rlist\000"
 2127      7400
 2128              	.LASF13:
 2129 0603 75696E74 		.ascii	"uint8_t\000"
 2129      385F7400 
 2130              	.LASF83:
 2131 060b 52534552 		.ascii	"RSERVED1\000"
 2131      56454431 
 2131      00
 2132              	.LASF91:
 2133 0614 53544952 		.ascii	"STIR\000"
 2133      00
 2134              	.LASF117:
 2135 0619 77746F62 		.ascii	"wtobjp\000"
 2135      6A7000
 2136              	.LASF34:
 2137 0620 705F6E61 		.ascii	"p_name\000"
 2137      6D6500
 2138              	.LASF41:
 2139 0627 705F6D73 		.ascii	"p_msg\000"
 2139      6700
 2140              	.LASF107:
 2141 062d 43504143 		.ascii	"CPACR\000"
 2141      5200
 2142              	.LASF100:
 2143 0633 48465352 		.ascii	"HFSR\000"
 2143      00
 2144              	.LASF127:
 2145 0638 6D5F6F77 		.ascii	"m_owner\000"
 2145      6E657200 
 2146              	.LASF31:
 2147 0640 705F6374 		.ascii	"p_ctx\000"
 2147      7800
 2148              	.LASF66:
 2149 0646 76745F66 		.ascii	"vt_func\000"
 2149      756E6300 
 2150              		.ident	"GCC: (GNU Tools for ARM Embedded Processors) 4.8.4 20140526 (release) [ARM/embedded-4_8-br
ARM GAS  /tmp/cctyL78a.s 			page 44


DEFINED SYMBOLS
                            *ABS*:00000000 nvic.c
     /tmp/cctyL78a.s:18     .text:00000000 $t
     /tmp/cctyL78a.s:24     .text:00000000 nvicEnableVector
     /tmp/cctyL78a.s:72     .text:0000004c $d
     /tmp/cctyL78a.s:76     .text:00000050 $t
     /tmp/cctyL78a.s:82     .text:00000050 nvicDisableVector
     /tmp/cctyL78a.s:116    .text:00000080 $d
     /tmp/cctyL78a.s:120    .text:00000084 $t
     /tmp/cctyL78a.s:126    .text:00000090 nvicSetSystemHandlerPriority
     /tmp/cctyL78a.s:154    .text:000000ac $d
     /tmp/cctyL78a.s:158    .text:000000b0 $t
     /tmp/cctyL78a.s:164    .text:000000b0 nvicClearPending
     /tmp/cctyL78a.s:191    .text:000000d0 $d
                     .debug_frame:00000010 $d
     /tmp/cctyL78a.s:207    .text:000000d4 $t

NO UNDEFINED SYMBOLS
